2026-03-16 21:07:42,900 INFO vex_extract.pipeline: === Video Event Extractor ===
2026-03-16 21:07:42,900 INFO vex_extract.pipeline: Video: /Users/nic/Developer/spike-air-315-vision-processing/input_data/screen_tracks/cfs_home_loan_sasha.mp4
2026-03-16 21:07:42,900 INFO vex_extract.pipeline: Offset: 0 ms
2026-03-16 21:07:42,900 INFO vex_extract.pipeline: Run ID: 2026-03-16_110742
2026-03-16 21:07:42,900 INFO vex_extract.pipeline: Stop after: prompt
2026-03-16 21:07:42,900 INFO vex_extract.pipeline: Step 1: Normalizing video...
2026-03-16 21:07:42,901 INFO vex_extract.pipeline:   Using cached normalized video: /Users/nic/Developer/spike-air-315-vision-processing/candidates/2026-03-14/tmp/cfs_home_loan_sasha_normalized.mp4
2026-03-16 21:07:42,924 INFO vex_extract.pipeline:   Duration: 549.8s, 1912x1084, 30.0 fps
2026-03-16 21:07:42,924 INFO vex_extract.pipeline: Step 2: Tracking cursor...
2026-03-16 21:07:49,399 INFO vex_extract.cursor:   Cursor: pass 1 — matching 1619 frames at 3.0 FPS against 6 templates x 7 scales at 540p...
2026-03-16 21:07:52,402 INFO vex_extract.cursor:   Cursor: 161/1619 frames (159 detections)
2026-03-16 21:07:54,556 INFO vex_extract.cursor:   Cursor: 322/1619 frames (320 detections)
2026-03-16 21:07:56,738 INFO vex_extract.cursor:   Cursor: 483/1619 frames (481 detections)
2026-03-16 21:07:58,928 INFO vex_extract.cursor:   Cursor: 644/1619 frames (642 detections)
2026-03-16 21:08:01,091 INFO vex_extract.cursor:   Cursor: 805/1619 frames (803 detections)
2026-03-16 21:08:03,309 INFO vex_extract.cursor:   Cursor: 966/1619 frames (964 detections)
2026-03-16 21:08:05,464 INFO vex_extract.cursor:   Cursor: 1127/1619 frames (1125 detections)
2026-03-16 21:08:07,614 INFO vex_extract.cursor:   Cursor: 1288/1619 frames (1286 detections)
2026-03-16 21:08:10,076 INFO vex_extract.cursor:   Cursor: 1449/1619 frames (1447 detections)
2026-03-16 21:08:12,343 INFO vex_extract.cursor:   Cursor: 1610/1619 frames (1608 detections)
2026-03-16 21:08:12,464 INFO vex_extract.cursor:   Cursor: calibrated to scales (0.3, 0.4) from coarse pass
2026-03-16 21:08:12,464 INFO vex_extract.cursor:   Cursor: 73 active regions identified
2026-03-16 21:08:12,556 INFO vex_extract.cursor:   Cursor: pass 2 — 22 frames at 5.0 FPS [3233ms-7600ms]
2026-03-16 21:08:12,649 INFO vex_extract.cursor:   Cursor: 2/22 frames (2 detections)
2026-03-16 21:08:12,676 INFO vex_extract.cursor:   Cursor: 4/22 frames (4 detections)
2026-03-16 21:08:12,702 INFO vex_extract.cursor:   Cursor: 6/22 frames (6 detections)
2026-03-16 21:08:12,729 INFO vex_extract.cursor:   Cursor: 8/22 frames (8 detections)
2026-03-16 21:08:12,755 INFO vex_extract.cursor:   Cursor: 10/22 frames (10 detections)
2026-03-16 21:08:12,781 INFO vex_extract.cursor:   Cursor: 12/22 frames (12 detections)
2026-03-16 21:08:12,807 INFO vex_extract.cursor:   Cursor: 14/22 frames (14 detections)
2026-03-16 21:08:12,834 INFO vex_extract.cursor:   Cursor: 16/22 frames (16 detections)
2026-03-16 21:08:12,860 INFO vex_extract.cursor:   Cursor: 18/22 frames (18 detections)
2026-03-16 21:08:12,887 INFO vex_extract.cursor:   Cursor: 20/22 frames (20 detections)
2026-03-16 21:08:12,975 INFO vex_extract.cursor:   Cursor: pass 2 — 7 frames at 5.0 FPS [8300ms-9667ms]
2026-03-16 21:08:13,054 INFO vex_extract.cursor:   Cursor: 1/7 frames (1 detections)
2026-03-16 21:08:13,067 INFO vex_extract.cursor:   Cursor: 2/7 frames (2 detections)
2026-03-16 21:08:13,080 INFO vex_extract.cursor:   Cursor: 3/7 frames (3 detections)
2026-03-16 21:08:13,093 INFO vex_extract.cursor:   Cursor: 4/7 frames (4 detections)
2026-03-16 21:08:13,106 INFO vex_extract.cursor:   Cursor: 5/7 frames (5 detections)
2026-03-16 21:08:13,120 INFO vex_extract.cursor:   Cursor: 6/7 frames (6 detections)
2026-03-16 21:08:13,204 INFO vex_extract.cursor:   Cursor: pass 2 — 7 frames at 5.0 FPS [11400ms-12767ms]
2026-03-16 21:08:13,284 INFO vex_extract.cursor:   Cursor: 1/7 frames (1 detections)
2026-03-16 21:08:13,297 INFO vex_extract.cursor:   Cursor: 2/7 frames (2 detections)
2026-03-16 21:08:13,310 INFO vex_extract.cursor:   Cursor: 3/7 frames (3 detections)
2026-03-16 21:08:13,323 INFO vex_extract.cursor:   Cursor: 4/7 frames (4 detections)
2026-03-16 21:08:13,337 INFO vex_extract.cursor:   Cursor: 5/7 frames (5 detections)
2026-03-16 21:08:13,350 INFO vex_extract.cursor:   Cursor: 6/7 frames (6 detections)
2026-03-16 21:08:13,498 INFO vex_extract.cursor:   Cursor: pass 2 — 7 frames at 5.0 FPS [28233ms-29567ms]
2026-03-16 21:08:13,578 INFO vex_extract.cursor:   Cursor: 1/7 frames (1 detections)
2026-03-16 21:08:13,592 INFO vex_extract.cursor:   Cursor: 2/7 frames (2 detections)
2026-03-16 21:08:13,605 INFO vex_extract.cursor:   Cursor: 3/7 frames (3 detections)
2026-03-16 21:08:13,618 INFO vex_extract.cursor:   Cursor: 4/7 frames (4 detections)
2026-03-16 21:08:13,631 INFO vex_extract.cursor:   Cursor: 5/7 frames (5 detections)
2026-03-16 21:08:13,645 INFO vex_extract.cursor:   Cursor: 6/7 frames (6 detections)
2026-03-16 21:08:13,822 INFO vex_extract.cursor:   Cursor: pass 2 — 7 frames at 5.0 FPS [36567ms-37900ms]
2026-03-16 21:08:13,903 INFO vex_extract.cursor:   Cursor: 1/7 frames (1 detections)
2026-03-16 21:08:13,917 INFO vex_extract.cursor:   Cursor: 2/7 frames (2 detections)
2026-03-16 21:08:13,930 INFO vex_extract.cursor:   Cursor: 3/7 frames (3 detections)
2026-03-16 21:08:13,943 INFO vex_extract.cursor:   Cursor: 4/7 frames (4 detections)
2026-03-16 21:08:13,956 INFO vex_extract.cursor:   Cursor: 5/7 frames (5 detections)
2026-03-16 21:08:13,969 INFO vex_extract.cursor:   Cursor: 6/7 frames (6 detections)
2026-03-16 21:08:14,178 INFO vex_extract.cursor:   Cursor: pass 2 — 7 frames at 5.0 FPS [44733ms-46100ms]
2026-03-16 21:08:14,258 INFO vex_extract.cursor:   Cursor: 1/7 frames (1 detections)
2026-03-16 21:08:14,272 INFO vex_extract.cursor:   Cursor: 2/7 frames (2 detections)
2026-03-16 21:08:14,285 INFO vex_extract.cursor:   Cursor: 3/7 frames (3 detections)
2026-03-16 21:08:14,298 INFO vex_extract.cursor:   Cursor: 4/7 frames (4 detections)
2026-03-16 21:08:14,311 INFO vex_extract.cursor:   Cursor: 5/7 frames (5 detections)
2026-03-16 21:08:14,324 INFO vex_extract.cursor:   Cursor: 6/7 frames (6 detections)
2026-03-16 21:08:14,550 INFO vex_extract.cursor:   Cursor: pass 2 — 7 frames at 5.0 FPS [47233ms-48600ms]
2026-03-16 21:08:14,629 INFO vex_extract.cursor:   Cursor: 1/7 frames (1 detections)
2026-03-16 21:08:14,642 INFO vex_extract.cursor:   Cursor: 2/7 frames (2 detections)
2026-03-16 21:08:14,655 INFO vex_extract.cursor:   Cursor: 3/7 frames (3 detections)
2026-03-16 21:08:14,669 INFO vex_extract.cursor:   Cursor: 4/7 frames (4 detections)
2026-03-16 21:08:14,681 INFO vex_extract.cursor:   Cursor: 5/7 frames (5 detections)
2026-03-16 21:08:14,695 INFO vex_extract.cursor:   Cursor: 6/7 frames (6 detections)
2026-03-16 21:08:14,939 INFO vex_extract.cursor:   Cursor: pass 2 — 7 frames at 5.0 FPS [53333ms-54700ms]
2026-03-16 21:08:15,019 INFO vex_extract.cursor:   Cursor: 1/7 frames (1 detections)
2026-03-16 21:08:15,032 INFO vex_extract.cursor:   Cursor: 2/7 frames (2 detections)
2026-03-16 21:08:15,045 INFO vex_extract.cursor:   Cursor: 3/7 frames (3 detections)
2026-03-16 21:08:15,058 INFO vex_extract.cursor:   Cursor: 4/7 frames (4 detections)
2026-03-16 21:08:15,071 INFO vex_extract.cursor:   Cursor: 5/7 frames (5 detections)
2026-03-16 21:08:15,084 INFO vex_extract.cursor:   Cursor: 6/7 frames (6 detections)
2026-03-16 21:08:15,364 INFO vex_extract.cursor:   Cursor: pass 2 — 14 frames at 5.0 FPS [55833ms-58600ms]
2026-03-16 21:08:15,444 INFO vex_extract.cursor:   Cursor: 1/14 frames (1 detections)
2026-03-16 21:08:15,458 INFO vex_extract.cursor:   Cursor: 2/14 frames (2 detections)
2026-03-16 21:08:15,471 INFO vex_extract.cursor:   Cursor: 3/14 frames (3 detections)
2026-03-16 21:08:15,485 INFO vex_extract.cursor:   Cursor: 4/14 frames (4 detections)
2026-03-16 21:08:15,498 INFO vex_extract.cursor:   Cursor: 5/14 frames (5 detections)
2026-03-16 21:08:15,512 INFO vex_extract.cursor:   Cursor: 6/14 frames (6 detections)
2026-03-16 21:08:15,525 INFO vex_extract.cursor:   Cursor: 7/14 frames (7 detections)
2026-03-16 21:08:15,538 INFO vex_extract.cursor:   Cursor: 8/14 frames (8 detections)
2026-03-16 21:08:15,551 INFO vex_extract.cursor:   Cursor: 9/14 frames (9 detections)
2026-03-16 21:08:15,564 INFO vex_extract.cursor:   Cursor: 10/14 frames (10 detections)
2026-03-16 21:08:15,577 INFO vex_extract.cursor:   Cursor: 11/14 frames (11 detections)
2026-03-16 21:08:15,590 INFO vex_extract.cursor:   Cursor: 12/14 frames (12 detections)
2026-03-16 21:08:15,603 INFO vex_extract.cursor:   Cursor: 13/14 frames (13 detections)
2026-03-16 21:08:15,949 INFO vex_extract.cursor:   Cursor: pass 2 — 9 frames at 5.0 FPS [75767ms-77433ms]
2026-03-16 21:08:16,027 INFO vex_extract.cursor:   Cursor: 1/9 frames (1 detections)
2026-03-16 21:08:16,040 INFO vex_extract.cursor:   Cursor: 2/9 frames (2 detections)
2026-03-16 21:08:16,054 INFO vex_extract.cursor:   Cursor: 3/9 frames (3 detections)
2026-03-16 21:08:16,067 INFO vex_extract.cursor:   Cursor: 4/9 frames (4 detections)
2026-03-16 21:08:16,080 INFO vex_extract.cursor:   Cursor: 5/9 frames (5 detections)
2026-03-16 21:08:16,093 INFO vex_extract.cursor:   Cursor: 6/9 frames (6 detections)
2026-03-16 21:08:16,106 INFO vex_extract.cursor:   Cursor: 7/9 frames (7 detections)
2026-03-16 21:08:16,120 INFO vex_extract.cursor:   Cursor: 8/9 frames (8 detections)
2026-03-16 21:08:16,706 INFO vex_extract.cursor:   Cursor: pass 2 — 15 frames at 5.0 FPS [121100ms-124100ms]
2026-03-16 21:08:16,788 INFO vex_extract.cursor:   Cursor: 1/15 frames (1 detections)
2026-03-16 21:08:16,802 INFO vex_extract.cursor:   Cursor: 2/15 frames (2 detections)
2026-03-16 21:08:16,816 INFO vex_extract.cursor:   Cursor: 3/15 frames (3 detections)
2026-03-16 21:08:16,830 INFO vex_extract.cursor:   Cursor: 4/15 frames (4 detections)
2026-03-16 21:08:16,843 INFO vex_extract.cursor:   Cursor: 5/15 frames (5 detections)
2026-03-16 21:08:16,856 INFO vex_extract.cursor:   Cursor: 6/15 frames (6 detections)
2026-03-16 21:08:16,869 INFO vex_extract.cursor:   Cursor: 7/15 frames (7 detections)
2026-03-16 21:08:16,883 INFO vex_extract.cursor:   Cursor: 8/15 frames (8 detections)
2026-03-16 21:08:16,897 INFO vex_extract.cursor:   Cursor: 9/15 frames (9 detections)
2026-03-16 21:08:16,910 INFO vex_extract.cursor:   Cursor: 10/15 frames (10 detections)
2026-03-16 21:08:16,923 INFO vex_extract.cursor:   Cursor: 11/15 frames (11 detections)
2026-03-16 21:08:16,937 INFO vex_extract.cursor:   Cursor: 12/15 frames (12 detections)
2026-03-16 21:08:16,950 INFO vex_extract.cursor:   Cursor: 13/15 frames (13 detections)
2026-03-16 21:08:16,963 INFO vex_extract.cursor:   Cursor: 14/15 frames (14 detections)
2026-03-16 21:08:17,542 INFO vex_extract.cursor:   Cursor: pass 2 — 7 frames at 5.0 FPS [124767ms-126100ms]
2026-03-16 21:08:17,624 INFO vex_extract.cursor:   Cursor: 1/7 frames (1 detections)
2026-03-16 21:08:17,637 INFO vex_extract.cursor:   Cursor: 2/7 frames (2 detections)
2026-03-16 21:08:17,651 INFO vex_extract.cursor:   Cursor: 3/7 frames (3 detections)
2026-03-16 21:08:17,664 INFO vex_extract.cursor:   Cursor: 4/7 frames (4 detections)
2026-03-16 21:08:17,678 INFO vex_extract.cursor:   Cursor: 5/7 frames (5 detections)
2026-03-16 21:08:17,691 INFO vex_extract.cursor:   Cursor: 6/7 frames (6 detections)
2026-03-16 21:08:18,284 INFO vex_extract.cursor:   Cursor: pass 2 — 10 frames at 5.0 FPS [126433ms-128433ms]
2026-03-16 21:08:18,365 INFO vex_extract.cursor:   Cursor: 1/10 frames (1 detections)
2026-03-16 21:08:18,378 INFO vex_extract.cursor:   Cursor: 2/10 frames (2 detections)
2026-03-16 21:08:18,391 INFO vex_extract.cursor:   Cursor: 3/10 frames (3 detections)
2026-03-16 21:08:18,405 INFO vex_extract.cursor:   Cursor: 4/10 frames (4 detections)
2026-03-16 21:08:18,419 INFO vex_extract.cursor:   Cursor: 5/10 frames (5 detections)
2026-03-16 21:08:18,432 INFO vex_extract.cursor:   Cursor: 6/10 frames (6 detections)
2026-03-16 21:08:18,445 INFO vex_extract.cursor:   Cursor: 7/10 frames (7 detections)
2026-03-16 21:08:18,459 INFO vex_extract.cursor:   Cursor: 8/10 frames (8 detections)
2026-03-16 21:08:18,473 INFO vex_extract.cursor:   Cursor: 9/10 frames (9 detections)
2026-03-16 21:08:19,095 INFO vex_extract.cursor:   Cursor: pass 2 — 11 frames at 5.0 FPS [130900ms-132933ms]
2026-03-16 21:08:19,174 INFO vex_extract.cursor:   Cursor: 1/11 frames (1 detections)
2026-03-16 21:08:19,188 INFO vex_extract.cursor:   Cursor: 2/11 frames (2 detections)
2026-03-16 21:08:19,201 INFO vex_extract.cursor:   Cursor: 3/11 frames (3 detections)
2026-03-16 21:08:19,215 INFO vex_extract.cursor:   Cursor: 4/11 frames (4 detections)
2026-03-16 21:08:19,229 INFO vex_extract.cursor:   Cursor: 5/11 frames (5 detections)
2026-03-16 21:08:19,242 INFO vex_extract.cursor:   Cursor: 6/11 frames (6 detections)
2026-03-16 21:08:19,255 INFO vex_extract.cursor:   Cursor: 7/11 frames (7 detections)
2026-03-16 21:08:19,269 INFO vex_extract.cursor:   Cursor: 8/11 frames (8 detections)
2026-03-16 21:08:19,282 INFO vex_extract.cursor:   Cursor: 9/11 frames (9 detections)
2026-03-16 21:08:19,296 INFO vex_extract.cursor:   Cursor: 10/11 frames (10 detections)
2026-03-16 21:08:19,962 INFO vex_extract.cursor:   Cursor: pass 2 — 19 frames at 5.0 FPS [133700ms-137433ms]
2026-03-16 21:08:20,042 INFO vex_extract.cursor:   Cursor: 1/19 frames (1 detections)
2026-03-16 21:08:20,056 INFO vex_extract.cursor:   Cursor: 2/19 frames (2 detections)
2026-03-16 21:08:20,069 INFO vex_extract.cursor:   Cursor: 3/19 frames (3 detections)
2026-03-16 21:08:20,082 INFO vex_extract.cursor:   Cursor: 4/19 frames (4 detections)
2026-03-16 21:08:20,096 INFO vex_extract.cursor:   Cursor: 5/19 frames (5 detections)
2026-03-16 21:08:20,109 INFO vex_extract.cursor:   Cursor: 6/19 frames (6 detections)
2026-03-16 21:08:20,123 INFO vex_extract.cursor:   Cursor: 7/19 frames (7 detections)
2026-03-16 21:08:20,136 INFO vex_extract.cursor:   Cursor: 8/19 frames (8 detections)
2026-03-16 21:08:20,149 INFO vex_extract.cursor:   Cursor: 9/19 frames (9 detections)
2026-03-16 21:08:20,163 INFO vex_extract.cursor:   Cursor: 10/19 frames (10 detections)
2026-03-16 21:08:20,177 INFO vex_extract.cursor:   Cursor: 11/19 frames (11 detections)
2026-03-16 21:08:20,190 INFO vex_extract.cursor:   Cursor: 12/19 frames (12 detections)
2026-03-16 21:08:20,203 INFO vex_extract.cursor:   Cursor: 13/19 frames (13 detections)
2026-03-16 21:08:20,217 INFO vex_extract.cursor:   Cursor: 14/19 frames (14 detections)
2026-03-16 21:08:20,231 INFO vex_extract.cursor:   Cursor: 15/19 frames (15 detections)
2026-03-16 21:08:20,244 INFO vex_extract.cursor:   Cursor: 16/19 frames (16 detections)
2026-03-16 21:08:20,258 INFO vex_extract.cursor:   Cursor: 17/19 frames (17 detections)
2026-03-16 21:08:20,272 INFO vex_extract.cursor:   Cursor: 18/19 frames (18 detections)
2026-03-16 21:08:20,953 INFO vex_extract.cursor:   Cursor: pass 2 — 16 frames at 5.0 FPS [137833ms-140900ms]
2026-03-16 21:08:21,033 INFO vex_extract.cursor:   Cursor: 1/16 frames (1 detections)
2026-03-16 21:08:21,047 INFO vex_extract.cursor:   Cursor: 2/16 frames (2 detections)
2026-03-16 21:08:21,060 INFO vex_extract.cursor:   Cursor: 3/16 frames (3 detections)
2026-03-16 21:08:21,074 INFO vex_extract.cursor:   Cursor: 4/16 frames (4 detections)
2026-03-16 21:08:21,087 INFO vex_extract.cursor:   Cursor: 5/16 frames (5 detections)
2026-03-16 21:08:21,101 INFO vex_extract.cursor:   Cursor: 6/16 frames (6 detections)
2026-03-16 21:08:21,114 INFO vex_extract.cursor:   Cursor: 7/16 frames (7 detections)
2026-03-16 21:08:21,128 INFO vex_extract.cursor:   Cursor: 8/16 frames (8 detections)
2026-03-16 21:08:21,141 INFO vex_extract.cursor:   Cursor: 9/16 frames (9 detections)
2026-03-16 21:08:21,154 INFO vex_extract.cursor:   Cursor: 10/16 frames (10 detections)
2026-03-16 21:08:21,167 INFO vex_extract.cursor:   Cursor: 11/16 frames (11 detections)
2026-03-16 21:08:21,180 INFO vex_extract.cursor:   Cursor: 12/16 frames (12 detections)
2026-03-16 21:08:21,194 INFO vex_extract.cursor:   Cursor: 13/16 frames (13 detections)
2026-03-16 21:08:21,207 INFO vex_extract.cursor:   Cursor: 14/16 frames (14 detections)
2026-03-16 21:08:21,220 INFO vex_extract.cursor:   Cursor: 15/16 frames (15 detections)
2026-03-16 21:08:21,884 INFO vex_extract.cursor:   Cursor: pass 2 — 7 frames at 5.0 FPS [141300ms-142667ms]
2026-03-16 21:08:21,963 INFO vex_extract.cursor:   Cursor: 1/7 frames (1 detections)
2026-03-16 21:08:21,976 INFO vex_extract.cursor:   Cursor: 2/7 frames (2 detections)
2026-03-16 21:08:21,989 INFO vex_extract.cursor:   Cursor: 3/7 frames (3 detections)
2026-03-16 21:08:22,081 INFO vex_extract.cursor:   Cursor: 4/7 frames (3 detections)
2026-03-16 21:08:22,159 INFO vex_extract.cursor:   Cursor: 5/7 frames (4 detections)
2026-03-16 21:08:22,173 INFO vex_extract.cursor:   Cursor: 6/7 frames (5 detections)
2026-03-16 21:08:22,864 INFO vex_extract.cursor:   Cursor: pass 2 — 7 frames at 5.0 FPS [148900ms-150267ms]
2026-03-16 21:08:22,943 INFO vex_extract.cursor:   Cursor: 1/7 frames (1 detections)
2026-03-16 21:08:22,956 INFO vex_extract.cursor:   Cursor: 2/7 frames (2 detections)
2026-03-16 21:08:22,969 INFO vex_extract.cursor:   Cursor: 3/7 frames (3 detections)
2026-03-16 21:08:22,982 INFO vex_extract.cursor:   Cursor: 4/7 frames (4 detections)
2026-03-16 21:08:22,995 INFO vex_extract.cursor:   Cursor: 5/7 frames (5 detections)
2026-03-16 21:08:23,008 INFO vex_extract.cursor:   Cursor: 6/7 frames (6 detections)
2026-03-16 21:08:23,715 INFO vex_extract.cursor:   Cursor: pass 2 — 7 frames at 5.0 FPS [152367ms-153733ms]
2026-03-16 21:08:23,794 INFO vex_extract.cursor:   Cursor: 1/7 frames (1 detections)
2026-03-16 21:08:23,807 INFO vex_extract.cursor:   Cursor: 2/7 frames (2 detections)
2026-03-16 21:08:23,820 INFO vex_extract.cursor:   Cursor: 3/7 frames (3 detections)
2026-03-16 21:08:23,834 INFO vex_extract.cursor:   Cursor: 4/7 frames (4 detections)
2026-03-16 21:08:23,847 INFO vex_extract.cursor:   Cursor: 5/7 frames (5 detections)
2026-03-16 21:08:23,860 INFO vex_extract.cursor:   Cursor: 6/7 frames (6 detections)
2026-03-16 21:08:24,596 INFO vex_extract.cursor:   Cursor: pass 2 — 9 frames at 5.0 FPS [160333ms-162033ms]
2026-03-16 21:08:24,676 INFO vex_extract.cursor:   Cursor: 1/9 frames (1 detections)
2026-03-16 21:08:24,689 INFO vex_extract.cursor:   Cursor: 2/9 frames (2 detections)
2026-03-16 21:08:24,702 INFO vex_extract.cursor:   Cursor: 3/9 frames (3 detections)
2026-03-16 21:08:24,715 INFO vex_extract.cursor:   Cursor: 4/9 frames (4 detections)
2026-03-16 21:08:24,728 INFO vex_extract.cursor:   Cursor: 5/9 frames (5 detections)
2026-03-16 21:08:24,742 INFO vex_extract.cursor:   Cursor: 6/9 frames (6 detections)
2026-03-16 21:08:24,755 INFO vex_extract.cursor:   Cursor: 7/9 frames (7 detections)
2026-03-16 21:08:24,768 INFO vex_extract.cursor:   Cursor: 8/9 frames (8 detections)
2026-03-16 21:08:25,560 INFO vex_extract.cursor:   Cursor: pass 2 — 12 frames at 5.0 FPS [174867ms-177267ms]
2026-03-16 21:08:25,638 INFO vex_extract.cursor:   Cursor: 1/12 frames (1 detections)
2026-03-16 21:08:25,652 INFO vex_extract.cursor:   Cursor: 2/12 frames (2 detections)
2026-03-16 21:08:25,665 INFO vex_extract.cursor:   Cursor: 3/12 frames (3 detections)
2026-03-16 21:08:25,679 INFO vex_extract.cursor:   Cursor: 4/12 frames (4 detections)
2026-03-16 21:08:25,692 INFO vex_extract.cursor:   Cursor: 5/12 frames (5 detections)
2026-03-16 21:08:25,705 INFO vex_extract.cursor:   Cursor: 6/12 frames (6 detections)
2026-03-16 21:08:25,719 INFO vex_extract.cursor:   Cursor: 7/12 frames (7 detections)
2026-03-16 21:08:25,732 INFO vex_extract.cursor:   Cursor: 8/12 frames (8 detections)
2026-03-16 21:08:25,745 INFO vex_extract.cursor:   Cursor: 9/12 frames (9 detections)
2026-03-16 21:08:25,758 INFO vex_extract.cursor:   Cursor: 10/12 frames (10 detections)
2026-03-16 21:08:25,771 INFO vex_extract.cursor:   Cursor: 11/12 frames (11 detections)
2026-03-16 21:08:26,572 INFO vex_extract.cursor:   Cursor: pass 2 — 10 frames at 5.0 FPS [178333ms-180367ms]
2026-03-16 21:08:26,652 INFO vex_extract.cursor:   Cursor: 1/10 frames (1 detections)
2026-03-16 21:08:26,665 INFO vex_extract.cursor:   Cursor: 2/10 frames (2 detections)
2026-03-16 21:08:26,679 INFO vex_extract.cursor:   Cursor: 3/10 frames (3 detections)
2026-03-16 21:08:26,692 INFO vex_extract.cursor:   Cursor: 4/10 frames (4 detections)
2026-03-16 21:08:26,705 INFO vex_extract.cursor:   Cursor: 5/10 frames (5 detections)
2026-03-16 21:08:26,719 INFO vex_extract.cursor:   Cursor: 6/10 frames (6 detections)
2026-03-16 21:08:26,732 INFO vex_extract.cursor:   Cursor: 7/10 frames (7 detections)
2026-03-16 21:08:26,745 INFO vex_extract.cursor:   Cursor: 8/10 frames (8 detections)
2026-03-16 21:08:26,759 INFO vex_extract.cursor:   Cursor: 9/10 frames (9 detections)
2026-03-16 21:08:27,588 INFO vex_extract.cursor:   Cursor: pass 2 — 11 frames at 5.0 FPS [185267ms-187300ms]
2026-03-16 21:08:27,668 INFO vex_extract.cursor:   Cursor: 1/11 frames (1 detections)
2026-03-16 21:08:27,681 INFO vex_extract.cursor:   Cursor: 2/11 frames (2 detections)
2026-03-16 21:08:27,695 INFO vex_extract.cursor:   Cursor: 3/11 frames (3 detections)
2026-03-16 21:08:27,708 INFO vex_extract.cursor:   Cursor: 4/11 frames (4 detections)
2026-03-16 21:08:27,721 INFO vex_extract.cursor:   Cursor: 5/11 frames (5 detections)
2026-03-16 21:08:27,734 INFO vex_extract.cursor:   Cursor: 6/11 frames (6 detections)
2026-03-16 21:08:27,747 INFO vex_extract.cursor:   Cursor: 7/11 frames (7 detections)
2026-03-16 21:08:27,760 INFO vex_extract.cursor:   Cursor: 8/11 frames (8 detections)
2026-03-16 21:08:27,773 INFO vex_extract.cursor:   Cursor: 9/11 frames (9 detections)
2026-03-16 21:08:27,786 INFO vex_extract.cursor:   Cursor: 10/11 frames (10 detections)
2026-03-16 21:08:28,614 INFO vex_extract.cursor:   Cursor: pass 2 — 7 frames at 5.0 FPS [188733ms-190067ms]
2026-03-16 21:08:28,695 INFO vex_extract.cursor:   Cursor: 1/7 frames (1 detections)
2026-03-16 21:08:28,708 INFO vex_extract.cursor:   Cursor: 2/7 frames (2 detections)
2026-03-16 21:08:28,721 INFO vex_extract.cursor:   Cursor: 3/7 frames (3 detections)
2026-03-16 21:08:28,735 INFO vex_extract.cursor:   Cursor: 4/7 frames (4 detections)
2026-03-16 21:08:28,748 INFO vex_extract.cursor:   Cursor: 5/7 frames (5 detections)
2026-03-16 21:08:28,762 INFO vex_extract.cursor:   Cursor: 6/7 frames (6 detections)
2026-03-16 21:08:29,614 INFO vex_extract.cursor:   Cursor: pass 2 — 13 frames at 5.0 FPS [190100ms-192500ms]
2026-03-16 21:08:29,693 INFO vex_extract.cursor:   Cursor: 1/13 frames (1 detections)
2026-03-16 21:08:29,706 INFO vex_extract.cursor:   Cursor: 2/13 frames (2 detections)
2026-03-16 21:08:29,720 INFO vex_extract.cursor:   Cursor: 3/13 frames (3 detections)
2026-03-16 21:08:29,733 INFO vex_extract.cursor:   Cursor: 4/13 frames (4 detections)
2026-03-16 21:08:29,747 INFO vex_extract.cursor:   Cursor: 5/13 frames (5 detections)
2026-03-16 21:08:29,760 INFO vex_extract.cursor:   Cursor: 6/13 frames (6 detections)
2026-03-16 21:08:29,774 INFO vex_extract.cursor:   Cursor: 7/13 frames (7 detections)
2026-03-16 21:08:29,787 INFO vex_extract.cursor:   Cursor: 8/13 frames (8 detections)
2026-03-16 21:08:29,800 INFO vex_extract.cursor:   Cursor: 9/13 frames (9 detections)
2026-03-16 21:08:29,814 INFO vex_extract.cursor:   Cursor: 10/13 frames (10 detections)
2026-03-16 21:08:29,827 INFO vex_extract.cursor:   Cursor: 11/13 frames (11 detections)
2026-03-16 21:08:29,840 INFO vex_extract.cursor:   Cursor: 12/13 frames (12 detections)
2026-03-16 21:08:30,716 INFO vex_extract.cursor:   Cursor: pass 2 — 9 frames at 5.0 FPS [195300ms-197000ms]
2026-03-16 21:08:30,796 INFO vex_extract.cursor:   Cursor: 1/9 frames (1 detections)
2026-03-16 21:08:30,810 INFO vex_extract.cursor:   Cursor: 2/9 frames (2 detections)
2026-03-16 21:08:30,823 INFO vex_extract.cursor:   Cursor: 3/9 frames (3 detections)
2026-03-16 21:08:30,836 INFO vex_extract.cursor:   Cursor: 4/9 frames (4 detections)
2026-03-16 21:08:30,850 INFO vex_extract.cursor:   Cursor: 5/9 frames (5 detections)
2026-03-16 21:08:30,863 INFO vex_extract.cursor:   Cursor: 6/9 frames (6 detections)
2026-03-16 21:08:30,877 INFO vex_extract.cursor:   Cursor: 7/9 frames (7 detections)
2026-03-16 21:08:30,890 INFO vex_extract.cursor:   Cursor: 8/9 frames (8 detections)
2026-03-16 21:08:31,769 INFO vex_extract.cursor:   Cursor: pass 2 — 7 frames at 5.0 FPS [197033ms-198367ms]
2026-03-16 21:08:31,848 INFO vex_extract.cursor:   Cursor: 1/7 frames (1 detections)
2026-03-16 21:08:31,862 INFO vex_extract.cursor:   Cursor: 2/7 frames (2 detections)
2026-03-16 21:08:31,875 INFO vex_extract.cursor:   Cursor: 3/7 frames (3 detections)
2026-03-16 21:08:31,888 INFO vex_extract.cursor:   Cursor: 4/7 frames (4 detections)
2026-03-16 21:08:31,902 INFO vex_extract.cursor:   Cursor: 5/7 frames (5 detections)
2026-03-16 21:08:31,915 INFO vex_extract.cursor:   Cursor: 6/7 frames (6 detections)
2026-03-16 21:08:32,817 INFO vex_extract.cursor:   Cursor: pass 2 — 9 frames at 5.0 FPS [201533ms-203233ms]
2026-03-16 21:08:32,896 INFO vex_extract.cursor:   Cursor: 1/9 frames (1 detections)
2026-03-16 21:08:32,910 INFO vex_extract.cursor:   Cursor: 2/9 frames (2 detections)
2026-03-16 21:08:32,923 INFO vex_extract.cursor:   Cursor: 3/9 frames (3 detections)
2026-03-16 21:08:32,936 INFO vex_extract.cursor:   Cursor: 4/9 frames (4 detections)
2026-03-16 21:08:32,949 INFO vex_extract.cursor:   Cursor: 5/9 frames (5 detections)
2026-03-16 21:08:32,962 INFO vex_extract.cursor:   Cursor: 6/9 frames (6 detections)
2026-03-16 21:08:32,975 INFO vex_extract.cursor:   Cursor: 7/9 frames (7 detections)
2026-03-16 21:08:32,989 INFO vex_extract.cursor:   Cursor: 8/9 frames (8 detections)
2026-03-16 21:08:33,947 INFO vex_extract.cursor:   Cursor: pass 2 — 16 frames at 5.0 FPS [206733ms-210133ms]
2026-03-16 21:08:34,027 INFO vex_extract.cursor:   Cursor: 1/16 frames (1 detections)
2026-03-16 21:08:34,040 INFO vex_extract.cursor:   Cursor: 2/16 frames (2 detections)
2026-03-16 21:08:34,053 INFO vex_extract.cursor:   Cursor: 3/16 frames (3 detections)
2026-03-16 21:08:34,066 INFO vex_extract.cursor:   Cursor: 4/16 frames (4 detections)
2026-03-16 21:08:34,080 INFO vex_extract.cursor:   Cursor: 5/16 frames (5 detections)
2026-03-16 21:08:34,093 INFO vex_extract.cursor:   Cursor: 6/16 frames (6 detections)
2026-03-16 21:08:34,106 INFO vex_extract.cursor:   Cursor: 7/16 frames (7 detections)
2026-03-16 21:08:34,119 INFO vex_extract.cursor:   Cursor: 8/16 frames (8 detections)
2026-03-16 21:08:34,132 INFO vex_extract.cursor:   Cursor: 9/16 frames (9 detections)
2026-03-16 21:08:34,146 INFO vex_extract.cursor:   Cursor: 10/16 frames (10 detections)
2026-03-16 21:08:34,159 INFO vex_extract.cursor:   Cursor: 11/16 frames (11 detections)
2026-03-16 21:08:34,172 INFO vex_extract.cursor:   Cursor: 12/16 frames (12 detections)
2026-03-16 21:08:34,186 INFO vex_extract.cursor:   Cursor: 13/16 frames (13 detections)
2026-03-16 21:08:34,199 INFO vex_extract.cursor:   Cursor: 14/16 frames (14 detections)
2026-03-16 21:08:34,212 INFO vex_extract.cursor:   Cursor: 15/16 frames (15 detections)
2026-03-16 21:08:35,208 INFO vex_extract.cursor:   Cursor: pass 2 — 18 frames at 5.0 FPS [210200ms-213933ms]
2026-03-16 21:08:35,289 INFO vex_extract.cursor:   Cursor: 1/18 frames (1 detections)
2026-03-16 21:08:35,302 INFO vex_extract.cursor:   Cursor: 2/18 frames (2 detections)
2026-03-16 21:08:35,315 INFO vex_extract.cursor:   Cursor: 3/18 frames (3 detections)
2026-03-16 21:08:35,328 INFO vex_extract.cursor:   Cursor: 4/18 frames (4 detections)
2026-03-16 21:08:35,341 INFO vex_extract.cursor:   Cursor: 5/18 frames (5 detections)
2026-03-16 21:08:35,355 INFO vex_extract.cursor:   Cursor: 6/18 frames (6 detections)
2026-03-16 21:08:35,368 INFO vex_extract.cursor:   Cursor: 7/18 frames (7 detections)
2026-03-16 21:08:35,381 INFO vex_extract.cursor:   Cursor: 8/18 frames (8 detections)
2026-03-16 21:08:35,394 INFO vex_extract.cursor:   Cursor: 9/18 frames (9 detections)
2026-03-16 21:08:35,407 INFO vex_extract.cursor:   Cursor: 10/18 frames (10 detections)
2026-03-16 21:08:35,421 INFO vex_extract.cursor:   Cursor: 11/18 frames (11 detections)
2026-03-16 21:08:35,434 INFO vex_extract.cursor:   Cursor: 12/18 frames (12 detections)
2026-03-16 21:08:35,447 INFO vex_extract.cursor:   Cursor: 13/18 frames (13 detections)
2026-03-16 21:08:35,461 INFO vex_extract.cursor:   Cursor: 14/18 frames (14 detections)
2026-03-16 21:08:35,474 INFO vex_extract.cursor:   Cursor: 15/18 frames (15 detections)
2026-03-16 21:08:35,487 INFO vex_extract.cursor:   Cursor: 16/18 frames (16 detections)
2026-03-16 21:08:35,501 INFO vex_extract.cursor:   Cursor: 17/18 frames (17 detections)
2026-03-16 21:08:36,490 INFO vex_extract.cursor:   Cursor: pass 2 — 7 frames at 5.0 FPS [214333ms-215700ms]
2026-03-16 21:08:36,572 INFO vex_extract.cursor:   Cursor: 1/7 frames (1 detections)
2026-03-16 21:08:36,585 INFO vex_extract.cursor:   Cursor: 2/7 frames (2 detections)
2026-03-16 21:08:36,598 INFO vex_extract.cursor:   Cursor: 3/7 frames (3 detections)
2026-03-16 21:08:36,611 INFO vex_extract.cursor:   Cursor: 4/7 frames (4 detections)
2026-03-16 21:08:36,625 INFO vex_extract.cursor:   Cursor: 5/7 frames (5 detections)
2026-03-16 21:08:36,638 INFO vex_extract.cursor:   Cursor: 6/7 frames (6 detections)
2026-03-16 21:08:37,683 INFO vex_extract.cursor:   Cursor: pass 2 — 23 frames at 5.0 FPS [216067ms-220867ms]
2026-03-16 21:08:37,777 INFO vex_extract.cursor:   Cursor: 2/23 frames (2 detections)
2026-03-16 21:08:37,804 INFO vex_extract.cursor:   Cursor: 4/23 frames (4 detections)
2026-03-16 21:08:37,831 INFO vex_extract.cursor:   Cursor: 6/23 frames (6 detections)
2026-03-16 21:08:37,858 INFO vex_extract.cursor:   Cursor: 8/23 frames (8 detections)
2026-03-16 21:08:37,884 INFO vex_extract.cursor:   Cursor: 10/23 frames (10 detections)
2026-03-16 21:08:37,911 INFO vex_extract.cursor:   Cursor: 12/23 frames (12 detections)
2026-03-16 21:08:37,938 INFO vex_extract.cursor:   Cursor: 14/23 frames (14 detections)
2026-03-16 21:08:37,965 INFO vex_extract.cursor:   Cursor: 16/23 frames (16 detections)
2026-03-16 21:08:37,992 INFO vex_extract.cursor:   Cursor: 18/23 frames (18 detections)
2026-03-16 21:08:38,019 INFO vex_extract.cursor:   Cursor: 20/23 frames (20 detections)
2026-03-16 21:08:38,045 INFO vex_extract.cursor:   Cursor: 22/23 frames (22 detections)
2026-03-16 21:08:39,066 INFO vex_extract.cursor:   Cursor: pass 2 — 7 frames at 5.0 FPS [224367ms-225733ms]
2026-03-16 21:08:39,146 INFO vex_extract.cursor:   Cursor: 1/7 frames (1 detections)
2026-03-16 21:08:39,160 INFO vex_extract.cursor:   Cursor: 2/7 frames (2 detections)
2026-03-16 21:08:39,173 INFO vex_extract.cursor:   Cursor: 3/7 frames (3 detections)
2026-03-16 21:08:39,187 INFO vex_extract.cursor:   Cursor: 4/7 frames (4 detections)
2026-03-16 21:08:39,200 INFO vex_extract.cursor:   Cursor: 5/7 frames (5 detections)
2026-03-16 21:08:39,213 INFO vex_extract.cursor:   Cursor: 6/7 frames (6 detections)
2026-03-16 21:08:40,319 INFO vex_extract.cursor:   Cursor: pass 2 — 26 frames at 5.0 FPS [228200ms-233700ms]
2026-03-16 21:08:40,413 INFO vex_extract.cursor:   Cursor: 2/26 frames (2 detections)
2026-03-16 21:08:40,440 INFO vex_extract.cursor:   Cursor: 4/26 frames (4 detections)
2026-03-16 21:08:40,467 INFO vex_extract.cursor:   Cursor: 6/26 frames (6 detections)
2026-03-16 21:08:40,494 INFO vex_extract.cursor:   Cursor: 8/26 frames (8 detections)
2026-03-16 21:08:40,520 INFO vex_extract.cursor:   Cursor: 10/26 frames (10 detections)
2026-03-16 21:08:40,547 INFO vex_extract.cursor:   Cursor: 12/26 frames (12 detections)
2026-03-16 21:08:40,574 INFO vex_extract.cursor:   Cursor: 14/26 frames (14 detections)
2026-03-16 21:08:40,601 INFO vex_extract.cursor:   Cursor: 16/26 frames (16 detections)
2026-03-16 21:08:40,628 INFO vex_extract.cursor:   Cursor: 18/26 frames (18 detections)
2026-03-16 21:08:40,654 INFO vex_extract.cursor:   Cursor: 20/26 frames (20 detections)
2026-03-16 21:08:40,681 INFO vex_extract.cursor:   Cursor: 22/26 frames (22 detections)
2026-03-16 21:08:40,701 INFO vex_extract.cursor:   Cursor: 24/26 frames (24 detections)
2026-03-16 21:08:41,812 INFO vex_extract.cursor:   Cursor: pass 2 — 7 frames at 5.0 FPS [237200ms-238533ms]
2026-03-16 21:08:41,892 INFO vex_extract.cursor:   Cursor: 1/7 frames (1 detections)
2026-03-16 21:08:41,905 INFO vex_extract.cursor:   Cursor: 2/7 frames (2 detections)
2026-03-16 21:08:41,918 INFO vex_extract.cursor:   Cursor: 3/7 frames (3 detections)
2026-03-16 21:08:41,932 INFO vex_extract.cursor:   Cursor: 4/7 frames (4 detections)
2026-03-16 21:08:41,945 INFO vex_extract.cursor:   Cursor: 5/7 frames (5 detections)
2026-03-16 21:08:41,958 INFO vex_extract.cursor:   Cursor: 6/7 frames (6 detections)
2026-03-16 21:08:43,085 INFO vex_extract.cursor:   Cursor: pass 2 — 7 frames at 5.0 FPS [243767ms-245100ms]
2026-03-16 21:08:43,164 INFO vex_extract.cursor:   Cursor: 1/7 frames (1 detections)
2026-03-16 21:08:43,178 INFO vex_extract.cursor:   Cursor: 2/7 frames (2 detections)
2026-03-16 21:08:43,191 INFO vex_extract.cursor:   Cursor: 3/7 frames (3 detections)
2026-03-16 21:08:43,204 INFO vex_extract.cursor:   Cursor: 4/7 frames (4 detections)
2026-03-16 21:08:43,217 INFO vex_extract.cursor:   Cursor: 5/7 frames (5 detections)
2026-03-16 21:08:43,230 INFO vex_extract.cursor:   Cursor: 6/7 frames (6 detections)
2026-03-16 21:08:44,477 INFO vex_extract.cursor:   Cursor: pass 2 — 36 frames at 5.0 FPS [248267ms-255833ms]
2026-03-16 21:08:44,584 INFO vex_extract.cursor:   Cursor: 3/36 frames (3 detections)
2026-03-16 21:08:44,624 INFO vex_extract.cursor:   Cursor: 6/36 frames (6 detections)
2026-03-16 21:08:44,664 INFO vex_extract.cursor:   Cursor: 9/36 frames (9 detections)
2026-03-16 21:08:44,703 INFO vex_extract.cursor:   Cursor: 12/36 frames (12 detections)
2026-03-16 21:08:44,744 INFO vex_extract.cursor:   Cursor: 15/36 frames (15 detections)
2026-03-16 21:08:44,783 INFO vex_extract.cursor:   Cursor: 18/36 frames (18 detections)
2026-03-16 21:08:44,823 INFO vex_extract.cursor:   Cursor: 21/36 frames (21 detections)
2026-03-16 21:08:44,863 INFO vex_extract.cursor:   Cursor: 24/36 frames (24 detections)
2026-03-16 21:08:44,903 INFO vex_extract.cursor:   Cursor: 27/36 frames (27 detections)
2026-03-16 21:08:44,943 INFO vex_extract.cursor:   Cursor: 30/36 frames (30 detections)
2026-03-16 21:08:44,983 INFO vex_extract.cursor:   Cursor: 33/36 frames (33 detections)
2026-03-16 21:08:46,232 INFO vex_extract.cursor:   Cursor: pass 2 — 12 frames at 5.0 FPS [258467ms-260867ms]
2026-03-16 21:08:46,312 INFO vex_extract.cursor:   Cursor: 1/12 frames (1 detections)
2026-03-16 21:08:46,326 INFO vex_extract.cursor:   Cursor: 2/12 frames (2 detections)
2026-03-16 21:08:46,340 INFO vex_extract.cursor:   Cursor: 3/12 frames (3 detections)
2026-03-16 21:08:46,353 INFO vex_extract.cursor:   Cursor: 4/12 frames (4 detections)
2026-03-16 21:08:46,367 INFO vex_extract.cursor:   Cursor: 5/12 frames (5 detections)
2026-03-16 21:08:46,380 INFO vex_extract.cursor:   Cursor: 6/12 frames (6 detections)
2026-03-16 21:08:46,393 INFO vex_extract.cursor:   Cursor: 7/12 frames (7 detections)
2026-03-16 21:08:46,406 INFO vex_extract.cursor:   Cursor: 8/12 frames (8 detections)
2026-03-16 21:08:46,420 INFO vex_extract.cursor:   Cursor: 9/12 frames (9 detections)
2026-03-16 21:08:46,433 INFO vex_extract.cursor:   Cursor: 10/12 frames (10 detections)
2026-03-16 21:08:46,447 INFO vex_extract.cursor:   Cursor: 11/12 frames (11 detections)
2026-03-16 21:08:47,698 INFO vex_extract.cursor:   Cursor: pass 2 — 12 frames at 5.0 FPS [261667ms-264000ms]
2026-03-16 21:08:47,778 INFO vex_extract.cursor:   Cursor: 1/12 frames (1 detections)
2026-03-16 21:08:47,791 INFO vex_extract.cursor:   Cursor: 2/12 frames (2 detections)
2026-03-16 21:08:47,804 INFO vex_extract.cursor:   Cursor: 3/12 frames (3 detections)
2026-03-16 21:08:47,817 INFO vex_extract.cursor:   Cursor: 4/12 frames (4 detections)
2026-03-16 21:08:47,831 INFO vex_extract.cursor:   Cursor: 5/12 frames (5 detections)
2026-03-16 21:08:47,844 INFO vex_extract.cursor:   Cursor: 6/12 frames (6 detections)
2026-03-16 21:08:47,857 INFO vex_extract.cursor:   Cursor: 7/12 frames (7 detections)
2026-03-16 21:08:47,870 INFO vex_extract.cursor:   Cursor: 8/12 frames (8 detections)
2026-03-16 21:08:47,883 INFO vex_extract.cursor:   Cursor: 9/12 frames (9 detections)
2026-03-16 21:08:47,897 INFO vex_extract.cursor:   Cursor: 10/12 frames (10 detections)
2026-03-16 21:08:47,910 INFO vex_extract.cursor:   Cursor: 11/12 frames (11 detections)
2026-03-16 21:08:49,404 INFO vex_extract.cursor:   Cursor: pass 2 — 82 frames at 5.0 FPS [264667ms-281000ms]
2026-03-16 21:08:49,579 INFO vex_extract.cursor:   Cursor: 8/82 frames (8 detections)
2026-03-16 21:08:49,684 INFO vex_extract.cursor:   Cursor: 16/82 frames (16 detections)
2026-03-16 21:08:49,791 INFO vex_extract.cursor:   Cursor: 24/82 frames (24 detections)
2026-03-16 21:08:49,896 INFO vex_extract.cursor:   Cursor: 32/82 frames (32 detections)
2026-03-16 21:08:50,001 INFO vex_extract.cursor:   Cursor: 40/82 frames (40 detections)
2026-03-16 21:08:50,107 INFO vex_extract.cursor:   Cursor: 48/82 frames (48 detections)
2026-03-16 21:08:50,213 INFO vex_extract.cursor:   Cursor: 56/82 frames (56 detections)
2026-03-16 21:08:50,320 INFO vex_extract.cursor:   Cursor: 64/82 frames (64 detections)
2026-03-16 21:08:50,426 INFO vex_extract.cursor:   Cursor: 72/82 frames (72 detections)
2026-03-16 21:08:50,532 INFO vex_extract.cursor:   Cursor: 80/82 frames (80 detections)
2026-03-16 21:08:51,965 INFO vex_extract.cursor:   Cursor: pass 2 — 25 frames at 5.0 FPS [281333ms-286333ms]
2026-03-16 21:08:52,058 INFO vex_extract.cursor:   Cursor: 2/25 frames (2 detections)
2026-03-16 21:08:52,084 INFO vex_extract.cursor:   Cursor: 4/25 frames (4 detections)
2026-03-16 21:08:52,111 INFO vex_extract.cursor:   Cursor: 6/25 frames (6 detections)
2026-03-16 21:08:52,217 INFO vex_extract.cursor:   Cursor: 8/25 frames (8 detections)
2026-03-16 21:08:52,243 INFO vex_extract.cursor:   Cursor: 10/25 frames (10 detections)
2026-03-16 21:08:52,269 INFO vex_extract.cursor:   Cursor: 12/25 frames (12 detections)
2026-03-16 21:08:52,297 INFO vex_extract.cursor:   Cursor: 14/25 frames (14 detections)
2026-03-16 21:08:52,323 INFO vex_extract.cursor:   Cursor: 16/25 frames (16 detections)
2026-03-16 21:08:52,350 INFO vex_extract.cursor:   Cursor: 18/25 frames (18 detections)
2026-03-16 21:08:52,377 INFO vex_extract.cursor:   Cursor: 20/25 frames (20 detections)
2026-03-16 21:08:52,404 INFO vex_extract.cursor:   Cursor: 22/25 frames (22 detections)
2026-03-16 21:08:52,431 INFO vex_extract.cursor:   Cursor: 24/25 frames (24 detections)
2026-03-16 21:08:54,043 INFO vex_extract.cursor:   Cursor: pass 2 — 72 frames at 5.0 FPS [289000ms-303333ms]
2026-03-16 21:08:54,202 INFO vex_extract.cursor:   Cursor: 7/72 frames (7 detections)
2026-03-16 21:08:54,295 INFO vex_extract.cursor:   Cursor: 14/72 frames (14 detections)
2026-03-16 21:08:54,388 INFO vex_extract.cursor:   Cursor: 21/72 frames (21 detections)
2026-03-16 21:08:54,482 INFO vex_extract.cursor:   Cursor: 28/72 frames (28 detections)
2026-03-16 21:08:54,576 INFO vex_extract.cursor:   Cursor: 35/72 frames (35 detections)
2026-03-16 21:08:54,669 INFO vex_extract.cursor:   Cursor: 42/72 frames (42 detections)
2026-03-16 21:08:54,762 INFO vex_extract.cursor:   Cursor: 49/72 frames (49 detections)
2026-03-16 21:08:54,856 INFO vex_extract.cursor:   Cursor: 56/72 frames (56 detections)
2026-03-16 21:08:54,950 INFO vex_extract.cursor:   Cursor: 63/72 frames (63 detections)
2026-03-16 21:08:55,043 INFO vex_extract.cursor:   Cursor: 70/72 frames (70 detections)
2026-03-16 21:08:56,552 INFO vex_extract.cursor:   Cursor: pass 2 — 7 frames at 5.0 FPS [305000ms-306333ms]
2026-03-16 21:08:56,632 INFO vex_extract.cursor:   Cursor: 1/7 frames (1 detections)
2026-03-16 21:08:56,646 INFO vex_extract.cursor:   Cursor: 2/7 frames (2 detections)
2026-03-16 21:08:56,659 INFO vex_extract.cursor:   Cursor: 3/7 frames (3 detections)
2026-03-16 21:08:56,672 INFO vex_extract.cursor:   Cursor: 4/7 frames (4 detections)
2026-03-16 21:08:56,686 INFO vex_extract.cursor:   Cursor: 5/7 frames (5 detections)
2026-03-16 21:08:56,699 INFO vex_extract.cursor:   Cursor: 6/7 frames (6 detections)
2026-03-16 21:08:58,350 INFO vex_extract.cursor:   Cursor: pass 2 — 50 frames at 5.0 FPS [308333ms-318333ms]
2026-03-16 21:08:58,482 INFO vex_extract.cursor:   Cursor: 5/50 frames (5 detections)
2026-03-16 21:08:58,549 INFO vex_extract.cursor:   Cursor: 10/50 frames (10 detections)
2026-03-16 21:08:58,615 INFO vex_extract.cursor:   Cursor: 15/50 frames (15 detections)
2026-03-16 21:08:58,681 INFO vex_extract.cursor:   Cursor: 20/50 frames (20 detections)
2026-03-16 21:08:58,747 INFO vex_extract.cursor:   Cursor: 25/50 frames (25 detections)
2026-03-16 21:08:58,814 INFO vex_extract.cursor:   Cursor: 30/50 frames (30 detections)
2026-03-16 21:08:58,882 INFO vex_extract.cursor:   Cursor: 35/50 frames (35 detections)
2026-03-16 21:08:58,949 INFO vex_extract.cursor:   Cursor: 40/50 frames (40 detections)
2026-03-16 21:08:59,018 INFO vex_extract.cursor:   Cursor: 45/50 frames (45 detections)
2026-03-16 21:09:00,677 INFO vex_extract.cursor:   Cursor: pass 2 — 9 frames at 5.0 FPS [323000ms-324667ms]
2026-03-16 21:09:00,758 INFO vex_extract.cursor:   Cursor: 1/9 frames (1 detections)
2026-03-16 21:09:00,771 INFO vex_extract.cursor:   Cursor: 2/9 frames (2 detections)
2026-03-16 21:09:00,785 INFO vex_extract.cursor:   Cursor: 3/9 frames (3 detections)
2026-03-16 21:09:00,797 INFO vex_extract.cursor:   Cursor: 4/9 frames (4 detections)
2026-03-16 21:09:00,811 INFO vex_extract.cursor:   Cursor: 5/9 frames (5 detections)
2026-03-16 21:09:00,824 INFO vex_extract.cursor:   Cursor: 6/9 frames (6 detections)
2026-03-16 21:09:00,838 INFO vex_extract.cursor:   Cursor: 7/9 frames (7 detections)
2026-03-16 21:09:00,851 INFO vex_extract.cursor:   Cursor: 8/9 frames (8 detections)
2026-03-16 21:09:02,488 INFO vex_extract.cursor:   Cursor: pass 2 — 12 frames at 5.0 FPS [326667ms-329000ms]
2026-03-16 21:09:02,568 INFO vex_extract.cursor:   Cursor: 1/12 frames (1 detections)
2026-03-16 21:09:02,582 INFO vex_extract.cursor:   Cursor: 2/12 frames (2 detections)
2026-03-16 21:09:02,596 INFO vex_extract.cursor:   Cursor: 3/12 frames (3 detections)
2026-03-16 21:09:02,609 INFO vex_extract.cursor:   Cursor: 4/12 frames (4 detections)
2026-03-16 21:09:02,623 INFO vex_extract.cursor:   Cursor: 5/12 frames (5 detections)
2026-03-16 21:09:02,636 INFO vex_extract.cursor:   Cursor: 6/12 frames (6 detections)
2026-03-16 21:09:02,650 INFO vex_extract.cursor:   Cursor: 7/12 frames (7 detections)
2026-03-16 21:09:02,663 INFO vex_extract.cursor:   Cursor: 8/12 frames (8 detections)
2026-03-16 21:09:02,676 INFO vex_extract.cursor:   Cursor: 9/12 frames (9 detections)
2026-03-16 21:09:02,690 INFO vex_extract.cursor:   Cursor: 10/12 frames (10 detections)
2026-03-16 21:09:02,703 INFO vex_extract.cursor:   Cursor: 11/12 frames (11 detections)
2026-03-16 21:09:04,361 INFO vex_extract.cursor:   Cursor: pass 2 — 9 frames at 5.0 FPS [329667ms-331333ms]
2026-03-16 21:09:04,441 INFO vex_extract.cursor:   Cursor: 1/9 frames (1 detections)
2026-03-16 21:09:04,455 INFO vex_extract.cursor:   Cursor: 2/9 frames (2 detections)
2026-03-16 21:09:04,468 INFO vex_extract.cursor:   Cursor: 3/9 frames (3 detections)
2026-03-16 21:09:04,481 INFO vex_extract.cursor:   Cursor: 4/9 frames (4 detections)
2026-03-16 21:09:04,495 INFO vex_extract.cursor:   Cursor: 5/9 frames (5 detections)
2026-03-16 21:09:04,509 INFO vex_extract.cursor:   Cursor: 6/9 frames (6 detections)
2026-03-16 21:09:04,522 INFO vex_extract.cursor:   Cursor: 7/9 frames (7 detections)
2026-03-16 21:09:04,535 INFO vex_extract.cursor:   Cursor: 8/9 frames (8 detections)
2026-03-16 21:09:06,188 INFO vex_extract.cursor:   Cursor: pass 2 — 12 frames at 5.0 FPS [332333ms-334667ms]
2026-03-16 21:09:06,268 INFO vex_extract.cursor:   Cursor: 1/12 frames (1 detections)
2026-03-16 21:09:06,282 INFO vex_extract.cursor:   Cursor: 2/12 frames (2 detections)
2026-03-16 21:09:06,295 INFO vex_extract.cursor:   Cursor: 3/12 frames (3 detections)
2026-03-16 21:09:06,309 INFO vex_extract.cursor:   Cursor: 4/12 frames (4 detections)
2026-03-16 21:09:06,322 INFO vex_extract.cursor:   Cursor: 5/12 frames (5 detections)
2026-03-16 21:09:06,336 INFO vex_extract.cursor:   Cursor: 6/12 frames (6 detections)
2026-03-16 21:09:06,349 INFO vex_extract.cursor:   Cursor: 7/12 frames (7 detections)
2026-03-16 21:09:06,362 INFO vex_extract.cursor:   Cursor: 8/12 frames (8 detections)
2026-03-16 21:09:06,375 INFO vex_extract.cursor:   Cursor: 9/12 frames (9 detections)
2026-03-16 21:09:06,388 INFO vex_extract.cursor:   Cursor: 10/12 frames (10 detections)
2026-03-16 21:09:06,402 INFO vex_extract.cursor:   Cursor: 11/12 frames (11 detections)
2026-03-16 21:09:08,251 INFO vex_extract.cursor:   Cursor: pass 2 — 64 frames at 5.0 FPS [337000ms-349667ms]
2026-03-16 21:09:08,397 INFO vex_extract.cursor:   Cursor: 6/64 frames (6 detections)
2026-03-16 21:09:08,477 INFO vex_extract.cursor:   Cursor: 12/64 frames (12 detections)
2026-03-16 21:09:08,556 INFO vex_extract.cursor:   Cursor: 18/64 frames (18 detections)
2026-03-16 21:09:08,636 INFO vex_extract.cursor:   Cursor: 24/64 frames (24 detections)
2026-03-16 21:09:08,717 INFO vex_extract.cursor:   Cursor: 30/64 frames (30 detections)
2026-03-16 21:09:08,796 INFO vex_extract.cursor:   Cursor: 36/64 frames (36 detections)
2026-03-16 21:09:08,877 INFO vex_extract.cursor:   Cursor: 42/64 frames (42 detections)
2026-03-16 21:09:08,956 INFO vex_extract.cursor:   Cursor: 48/64 frames (48 detections)
2026-03-16 21:09:09,036 INFO vex_extract.cursor:   Cursor: 54/64 frames (54 detections)
2026-03-16 21:09:09,116 INFO vex_extract.cursor:   Cursor: 60/64 frames (60 detections)
2026-03-16 21:09:10,979 INFO vex_extract.cursor:   Cursor: pass 2 — 32 frames at 5.0 FPS [350000ms-356333ms]
2026-03-16 21:09:11,085 INFO vex_extract.cursor:   Cursor: 3/32 frames (3 detections)
2026-03-16 21:09:11,126 INFO vex_extract.cursor:   Cursor: 6/32 frames (6 detections)
2026-03-16 21:09:11,165 INFO vex_extract.cursor:   Cursor: 9/32 frames (9 detections)
2026-03-16 21:09:11,204 INFO vex_extract.cursor:   Cursor: 12/32 frames (12 detections)
2026-03-16 21:09:11,243 INFO vex_extract.cursor:   Cursor: 15/32 frames (15 detections)
2026-03-16 21:09:11,283 INFO vex_extract.cursor:   Cursor: 18/32 frames (18 detections)
2026-03-16 21:09:11,323 INFO vex_extract.cursor:   Cursor: 21/32 frames (21 detections)
2026-03-16 21:09:11,363 INFO vex_extract.cursor:   Cursor: 24/32 frames (24 detections)
2026-03-16 21:09:11,403 INFO vex_extract.cursor:   Cursor: 27/32 frames (27 detections)
2026-03-16 21:09:11,443 INFO vex_extract.cursor:   Cursor: 30/32 frames (30 detections)
2026-03-16 21:09:13,241 INFO vex_extract.cursor:   Cursor: pass 2 — 11 frames at 5.0 FPS [358000ms-360000ms]
2026-03-16 21:09:13,322 INFO vex_extract.cursor:   Cursor: 1/11 frames (1 detections)
2026-03-16 21:09:13,335 INFO vex_extract.cursor:   Cursor: 2/11 frames (2 detections)
2026-03-16 21:09:13,349 INFO vex_extract.cursor:   Cursor: 3/11 frames (3 detections)
2026-03-16 21:09:13,362 INFO vex_extract.cursor:   Cursor: 4/11 frames (4 detections)
2026-03-16 21:09:13,375 INFO vex_extract.cursor:   Cursor: 5/11 frames (5 detections)
2026-03-16 21:09:13,389 INFO vex_extract.cursor:   Cursor: 6/11 frames (6 detections)
2026-03-16 21:09:13,402 INFO vex_extract.cursor:   Cursor: 7/11 frames (7 detections)
2026-03-16 21:09:13,416 INFO vex_extract.cursor:   Cursor: 8/11 frames (8 detections)
2026-03-16 21:09:13,429 INFO vex_extract.cursor:   Cursor: 9/11 frames (9 detections)
2026-03-16 21:09:13,443 INFO vex_extract.cursor:   Cursor: 10/11 frames (10 detections)
2026-03-16 21:09:15,297 INFO vex_extract.cursor:   Cursor: pass 2 — 30 frames at 5.0 FPS [360667ms-366667ms]
2026-03-16 21:09:15,403 INFO vex_extract.cursor:   Cursor: 3/30 frames (3 detections)
2026-03-16 21:09:15,443 INFO vex_extract.cursor:   Cursor: 6/30 frames (6 detections)
2026-03-16 21:09:15,482 INFO vex_extract.cursor:   Cursor: 9/30 frames (9 detections)
2026-03-16 21:09:15,522 INFO vex_extract.cursor:   Cursor: 12/30 frames (12 detections)
2026-03-16 21:09:15,562 INFO vex_extract.cursor:   Cursor: 15/30 frames (15 detections)
2026-03-16 21:09:15,601 INFO vex_extract.cursor:   Cursor: 18/30 frames (18 detections)
2026-03-16 21:09:15,641 INFO vex_extract.cursor:   Cursor: 21/30 frames (21 detections)
2026-03-16 21:09:15,681 INFO vex_extract.cursor:   Cursor: 24/30 frames (24 detections)
2026-03-16 21:09:15,721 INFO vex_extract.cursor:   Cursor: 27/30 frames (27 detections)
2026-03-16 21:09:17,686 INFO vex_extract.cursor:   Cursor: pass 2 — 42 frames at 5.0 FPS [367000ms-375333ms]
2026-03-16 21:09:17,883 INFO vex_extract.cursor:   Cursor: 4/42 frames (4 detections)
2026-03-16 21:09:17,936 INFO vex_extract.cursor:   Cursor: 8/42 frames (8 detections)
2026-03-16 21:09:17,989 INFO vex_extract.cursor:   Cursor: 12/42 frames (12 detections)
2026-03-16 21:09:18,042 INFO vex_extract.cursor:   Cursor: 16/42 frames (16 detections)
2026-03-16 21:09:18,096 INFO vex_extract.cursor:   Cursor: 20/42 frames (20 detections)
2026-03-16 21:09:18,149 INFO vex_extract.cursor:   Cursor: 24/42 frames (24 detections)
2026-03-16 21:09:18,203 INFO vex_extract.cursor:   Cursor: 28/42 frames (28 detections)
2026-03-16 21:09:18,256 INFO vex_extract.cursor:   Cursor: 32/42 frames (32 detections)
2026-03-16 21:09:18,310 INFO vex_extract.cursor:   Cursor: 36/42 frames (36 detections)
2026-03-16 21:09:18,364 INFO vex_extract.cursor:   Cursor: 40/42 frames (40 detections)
2026-03-16 21:09:20,422 INFO vex_extract.cursor:   Cursor: pass 2 — 54 frames at 5.0 FPS [375667ms-386333ms]
2026-03-16 21:09:20,555 INFO vex_extract.cursor:   Cursor: 5/54 frames (5 detections)
2026-03-16 21:09:20,622 INFO vex_extract.cursor:   Cursor: 10/54 frames (10 detections)
2026-03-16 21:09:20,688 INFO vex_extract.cursor:   Cursor: 15/54 frames (15 detections)
2026-03-16 21:09:20,755 INFO vex_extract.cursor:   Cursor: 20/54 frames (20 detections)
2026-03-16 21:09:20,823 INFO vex_extract.cursor:   Cursor: 25/54 frames (25 detections)
2026-03-16 21:09:20,890 INFO vex_extract.cursor:   Cursor: 30/54 frames (30 detections)
2026-03-16 21:09:20,958 INFO vex_extract.cursor:   Cursor: 35/54 frames (35 detections)
2026-03-16 21:09:21,025 INFO vex_extract.cursor:   Cursor: 40/54 frames (40 detections)
2026-03-16 21:09:21,092 INFO vex_extract.cursor:   Cursor: 45/54 frames (45 detections)
2026-03-16 21:09:21,160 INFO vex_extract.cursor:   Cursor: 50/54 frames (50 detections)
2026-03-16 21:09:23,195 INFO vex_extract.cursor:   Cursor: pass 2 — 7 frames at 5.0 FPS [387333ms-388667ms]
2026-03-16 21:09:23,274 INFO vex_extract.cursor:   Cursor: 1/7 frames (1 detections)
2026-03-16 21:09:23,287 INFO vex_extract.cursor:   Cursor: 2/7 frames (2 detections)
2026-03-16 21:09:23,301 INFO vex_extract.cursor:   Cursor: 3/7 frames (3 detections)
2026-03-16 21:09:23,314 INFO vex_extract.cursor:   Cursor: 4/7 frames (4 detections)
2026-03-16 21:09:23,328 INFO vex_extract.cursor:   Cursor: 5/7 frames (5 detections)
2026-03-16 21:09:23,341 INFO vex_extract.cursor:   Cursor: 6/7 frames (6 detections)
2026-03-16 21:09:25,340 INFO vex_extract.cursor:   Cursor: pass 2 — 9 frames at 5.0 FPS [389333ms-391000ms]
2026-03-16 21:09:25,420 INFO vex_extract.cursor:   Cursor: 1/9 frames (1 detections)
2026-03-16 21:09:25,433 INFO vex_extract.cursor:   Cursor: 2/9 frames (2 detections)
2026-03-16 21:09:25,447 INFO vex_extract.cursor:   Cursor: 3/9 frames (3 detections)
2026-03-16 21:09:25,460 INFO vex_extract.cursor:   Cursor: 4/9 frames (4 detections)
2026-03-16 21:09:25,473 INFO vex_extract.cursor:   Cursor: 5/9 frames (5 detections)
2026-03-16 21:09:25,486 INFO vex_extract.cursor:   Cursor: 6/9 frames (6 detections)
2026-03-16 21:09:25,499 INFO vex_extract.cursor:   Cursor: 7/9 frames (7 detections)
2026-03-16 21:09:25,513 INFO vex_extract.cursor:   Cursor: 8/9 frames (8 detections)
2026-03-16 21:09:27,534 INFO vex_extract.cursor:   Cursor: pass 2 — 9 frames at 5.0 FPS [392333ms-394000ms]
2026-03-16 21:09:27,614 INFO vex_extract.cursor:   Cursor: 1/9 frames (1 detections)
2026-03-16 21:09:27,628 INFO vex_extract.cursor:   Cursor: 2/9 frames (2 detections)
2026-03-16 21:09:27,642 INFO vex_extract.cursor:   Cursor: 3/9 frames (3 detections)
2026-03-16 21:09:27,655 INFO vex_extract.cursor:   Cursor: 4/9 frames (4 detections)
2026-03-16 21:09:27,669 INFO vex_extract.cursor:   Cursor: 5/9 frames (5 detections)
2026-03-16 21:09:27,682 INFO vex_extract.cursor:   Cursor: 6/9 frames (6 detections)
2026-03-16 21:09:27,695 INFO vex_extract.cursor:   Cursor: 7/9 frames (7 detections)
2026-03-16 21:09:27,708 INFO vex_extract.cursor:   Cursor: 8/9 frames (8 detections)
2026-03-16 21:09:29,737 INFO vex_extract.cursor:   Cursor: pass 2 — 9 frames at 5.0 FPS [395333ms-397000ms]
2026-03-16 21:09:29,818 INFO vex_extract.cursor:   Cursor: 1/9 frames (1 detections)
2026-03-16 21:09:29,831 INFO vex_extract.cursor:   Cursor: 2/9 frames (2 detections)
2026-03-16 21:09:29,845 INFO vex_extract.cursor:   Cursor: 3/9 frames (3 detections)
2026-03-16 21:09:29,857 INFO vex_extract.cursor:   Cursor: 4/9 frames (4 detections)
2026-03-16 21:09:29,870 INFO vex_extract.cursor:   Cursor: 5/9 frames (5 detections)
2026-03-16 21:09:29,884 INFO vex_extract.cursor:   Cursor: 6/9 frames (6 detections)
2026-03-16 21:09:29,897 INFO vex_extract.cursor:   Cursor: 7/9 frames (7 detections)
2026-03-16 21:09:29,910 INFO vex_extract.cursor:   Cursor: 8/9 frames (8 detections)
2026-03-16 21:09:32,113 INFO vex_extract.cursor:   Cursor: pass 2 — 55 frames at 5.0 FPS [398667ms-409667ms]
2026-03-16 21:09:32,246 INFO vex_extract.cursor:   Cursor: 5/55 frames (5 detections)
2026-03-16 21:09:32,312 INFO vex_extract.cursor:   Cursor: 10/55 frames (10 detections)
2026-03-16 21:09:32,378 INFO vex_extract.cursor:   Cursor: 15/55 frames (15 detections)
2026-03-16 21:09:32,445 INFO vex_extract.cursor:   Cursor: 20/55 frames (20 detections)
2026-03-16 21:09:32,505 INFO vex_extract.cursor:   Cursor: 25/55 frames (25 detections)
2026-03-16 21:09:32,572 INFO vex_extract.cursor:   Cursor: 30/55 frames (30 detections)
2026-03-16 21:09:32,639 INFO vex_extract.cursor:   Cursor: 35/55 frames (35 detections)
2026-03-16 21:09:32,705 INFO vex_extract.cursor:   Cursor: 40/55 frames (40 detections)
2026-03-16 21:09:32,771 INFO vex_extract.cursor:   Cursor: 45/55 frames (45 detections)
2026-03-16 21:09:32,838 INFO vex_extract.cursor:   Cursor: 50/55 frames (50 detections)
2026-03-16 21:09:35,027 INFO vex_extract.cursor:   Cursor: pass 2 — 9 frames at 5.0 FPS [410333ms-412000ms]
2026-03-16 21:09:35,107 INFO vex_extract.cursor:   Cursor: 1/9 frames (1 detections)
2026-03-16 21:09:35,121 INFO vex_extract.cursor:   Cursor: 2/9 frames (2 detections)
2026-03-16 21:09:35,134 INFO vex_extract.cursor:   Cursor: 3/9 frames (3 detections)
2026-03-16 21:09:35,148 INFO vex_extract.cursor:   Cursor: 4/9 frames (4 detections)
2026-03-16 21:09:35,161 INFO vex_extract.cursor:   Cursor: 5/9 frames (5 detections)
2026-03-16 21:09:35,175 INFO vex_extract.cursor:   Cursor: 6/9 frames (6 detections)
2026-03-16 21:09:35,188 INFO vex_extract.cursor:   Cursor: 7/9 frames (7 detections)
2026-03-16 21:09:35,202 INFO vex_extract.cursor:   Cursor: 8/9 frames (8 detections)
2026-03-16 21:09:37,410 INFO vex_extract.cursor:   Cursor: pass 2 — 26 frames at 5.0 FPS [412333ms-417667ms]
2026-03-16 21:09:37,503 INFO vex_extract.cursor:   Cursor: 2/26 frames (2 detections)
2026-03-16 21:09:37,530 INFO vex_extract.cursor:   Cursor: 4/26 frames (4 detections)
2026-03-16 21:09:37,557 INFO vex_extract.cursor:   Cursor: 6/26 frames (6 detections)
2026-03-16 21:09:37,583 INFO vex_extract.cursor:   Cursor: 8/26 frames (8 detections)
2026-03-16 21:09:37,610 INFO vex_extract.cursor:   Cursor: 10/26 frames (10 detections)
2026-03-16 21:09:37,638 INFO vex_extract.cursor:   Cursor: 12/26 frames (12 detections)
2026-03-16 21:09:37,664 INFO vex_extract.cursor:   Cursor: 14/26 frames (14 detections)
2026-03-16 21:09:37,692 INFO vex_extract.cursor:   Cursor: 16/26 frames (16 detections)
2026-03-16 21:09:37,718 INFO vex_extract.cursor:   Cursor: 18/26 frames (18 detections)
2026-03-16 21:09:37,745 INFO vex_extract.cursor:   Cursor: 20/26 frames (20 detections)
2026-03-16 21:09:37,772 INFO vex_extract.cursor:   Cursor: 22/26 frames (22 detections)
2026-03-16 21:09:37,799 INFO vex_extract.cursor:   Cursor: 24/26 frames (24 detections)
2026-03-16 21:09:40,041 INFO vex_extract.cursor:   Cursor: pass 2 — 26 frames at 5.0 FPS [418000ms-423333ms]
2026-03-16 21:09:40,134 INFO vex_extract.cursor:   Cursor: 2/26 frames (2 detections)
2026-03-16 21:09:40,161 INFO vex_extract.cursor:   Cursor: 4/26 frames (4 detections)
2026-03-16 21:09:40,188 INFO vex_extract.cursor:   Cursor: 6/26 frames (6 detections)
2026-03-16 21:09:40,214 INFO vex_extract.cursor:   Cursor: 8/26 frames (8 detections)
2026-03-16 21:09:40,241 INFO vex_extract.cursor:   Cursor: 10/26 frames (10 detections)
2026-03-16 21:09:40,267 INFO vex_extract.cursor:   Cursor: 12/26 frames (12 detections)
2026-03-16 21:09:40,294 INFO vex_extract.cursor:   Cursor: 14/26 frames (14 detections)
2026-03-16 21:09:40,321 INFO vex_extract.cursor:   Cursor: 16/26 frames (16 detections)
2026-03-16 21:09:40,347 INFO vex_extract.cursor:   Cursor: 18/26 frames (18 detections)
2026-03-16 21:09:40,373 INFO vex_extract.cursor:   Cursor: 20/26 frames (20 detections)
2026-03-16 21:09:40,400 INFO vex_extract.cursor:   Cursor: 22/26 frames (22 detections)
2026-03-16 21:09:40,426 INFO vex_extract.cursor:   Cursor: 24/26 frames (24 detections)
2026-03-16 21:09:42,645 INFO vex_extract.cursor:   Cursor: pass 2 — 9 frames at 5.0 FPS [423667ms-425333ms]
2026-03-16 21:09:42,726 INFO vex_extract.cursor:   Cursor: 1/9 frames (1 detections)
2026-03-16 21:09:42,739 INFO vex_extract.cursor:   Cursor: 2/9 frames (2 detections)
2026-03-16 21:09:42,752 INFO vex_extract.cursor:   Cursor: 3/9 frames (3 detections)
2026-03-16 21:09:42,766 INFO vex_extract.cursor:   Cursor: 4/9 frames (4 detections)
2026-03-16 21:09:42,779 INFO vex_extract.cursor:   Cursor: 5/9 frames (5 detections)
2026-03-16 21:09:42,792 INFO vex_extract.cursor:   Cursor: 6/9 frames (6 detections)
2026-03-16 21:09:42,806 INFO vex_extract.cursor:   Cursor: 7/9 frames (7 detections)
2026-03-16 21:09:42,819 INFO vex_extract.cursor:   Cursor: 8/9 frames (8 detections)
2026-03-16 21:09:45,247 INFO vex_extract.cursor:   Cursor: pass 2 — 7 frames at 5.0 FPS [485667ms-487000ms]
2026-03-16 21:09:45,327 INFO vex_extract.cursor:   Cursor: 1/7 frames (1 detections)
2026-03-16 21:09:45,340 INFO vex_extract.cursor:   Cursor: 2/7 frames (2 detections)
2026-03-16 21:09:45,353 INFO vex_extract.cursor:   Cursor: 3/7 frames (3 detections)
2026-03-16 21:09:45,367 INFO vex_extract.cursor:   Cursor: 4/7 frames (4 detections)
2026-03-16 21:09:45,381 INFO vex_extract.cursor:   Cursor: 5/7 frames (5 detections)
2026-03-16 21:09:45,394 INFO vex_extract.cursor:   Cursor: 6/7 frames (6 detections)
2026-03-16 21:09:47,860 INFO vex_extract.cursor:   Cursor: pass 2 — 15 frames at 5.0 FPS [488667ms-491667ms]
2026-03-16 21:09:47,942 INFO vex_extract.cursor:   Cursor: 1/15 frames (1 detections)
2026-03-16 21:09:47,956 INFO vex_extract.cursor:   Cursor: 2/15 frames (2 detections)
2026-03-16 21:09:47,970 INFO vex_extract.cursor:   Cursor: 3/15 frames (3 detections)
2026-03-16 21:09:47,983 INFO vex_extract.cursor:   Cursor: 4/15 frames (4 detections)
2026-03-16 21:09:47,996 INFO vex_extract.cursor:   Cursor: 5/15 frames (5 detections)
2026-03-16 21:09:48,010 INFO vex_extract.cursor:   Cursor: 6/15 frames (6 detections)
2026-03-16 21:09:48,023 INFO vex_extract.cursor:   Cursor: 7/15 frames (7 detections)
2026-03-16 21:09:48,036 INFO vex_extract.cursor:   Cursor: 8/15 frames (8 detections)
2026-03-16 21:09:48,049 INFO vex_extract.cursor:   Cursor: 9/15 frames (9 detections)
2026-03-16 21:09:48,063 INFO vex_extract.cursor:   Cursor: 10/15 frames (10 detections)
2026-03-16 21:09:48,076 INFO vex_extract.cursor:   Cursor: 11/15 frames (11 detections)
2026-03-16 21:09:48,090 INFO vex_extract.cursor:   Cursor: 12/15 frames (12 detections)
2026-03-16 21:09:48,103 INFO vex_extract.cursor:   Cursor: 13/15 frames (13 detections)
2026-03-16 21:09:48,116 INFO vex_extract.cursor:   Cursor: 14/15 frames (14 detections)
2026-03-16 21:09:50,615 INFO vex_extract.cursor:   Cursor: pass 2 — 18 frames at 5.0 FPS [492667ms-496333ms]
2026-03-16 21:09:50,694 INFO vex_extract.cursor:   Cursor: 1/18 frames (1 detections)
2026-03-16 21:09:50,707 INFO vex_extract.cursor:   Cursor: 2/18 frames (2 detections)
2026-03-16 21:09:50,721 INFO vex_extract.cursor:   Cursor: 3/18 frames (3 detections)
2026-03-16 21:09:50,734 INFO vex_extract.cursor:   Cursor: 4/18 frames (4 detections)
2026-03-16 21:09:50,747 INFO vex_extract.cursor:   Cursor: 5/18 frames (5 detections)
2026-03-16 21:09:50,761 INFO vex_extract.cursor:   Cursor: 6/18 frames (6 detections)
2026-03-16 21:09:50,774 INFO vex_extract.cursor:   Cursor: 7/18 frames (7 detections)
2026-03-16 21:09:50,787 INFO vex_extract.cursor:   Cursor: 8/18 frames (8 detections)
2026-03-16 21:09:50,800 INFO vex_extract.cursor:   Cursor: 9/18 frames (9 detections)
2026-03-16 21:09:50,814 INFO vex_extract.cursor:   Cursor: 10/18 frames (10 detections)
2026-03-16 21:09:50,827 INFO vex_extract.cursor:   Cursor: 11/18 frames (11 detections)
2026-03-16 21:09:50,840 INFO vex_extract.cursor:   Cursor: 12/18 frames (12 detections)
2026-03-16 21:09:50,853 INFO vex_extract.cursor:   Cursor: 13/18 frames (13 detections)
2026-03-16 21:09:50,867 INFO vex_extract.cursor:   Cursor: 14/18 frames (14 detections)
2026-03-16 21:09:50,880 INFO vex_extract.cursor:   Cursor: 15/18 frames (15 detections)
2026-03-16 21:09:50,893 INFO vex_extract.cursor:   Cursor: 16/18 frames (16 detections)
2026-03-16 21:09:50,906 INFO vex_extract.cursor:   Cursor: 17/18 frames (17 detections)
2026-03-16 21:09:53,413 INFO vex_extract.cursor:   Cursor: pass 2 — 17 frames at 5.0 FPS [497333ms-500667ms]
2026-03-16 21:09:53,492 INFO vex_extract.cursor:   Cursor: 1/17 frames (1 detections)
2026-03-16 21:09:53,506 INFO vex_extract.cursor:   Cursor: 2/17 frames (2 detections)
2026-03-16 21:09:53,519 INFO vex_extract.cursor:   Cursor: 3/17 frames (3 detections)
2026-03-16 21:09:53,532 INFO vex_extract.cursor:   Cursor: 4/17 frames (4 detections)
2026-03-16 21:09:53,546 INFO vex_extract.cursor:   Cursor: 5/17 frames (5 detections)
2026-03-16 21:09:53,559 INFO vex_extract.cursor:   Cursor: 6/17 frames (6 detections)
2026-03-16 21:09:53,572 INFO vex_extract.cursor:   Cursor: 7/17 frames (7 detections)
2026-03-16 21:09:53,585 INFO vex_extract.cursor:   Cursor: 8/17 frames (8 detections)
2026-03-16 21:09:53,598 INFO vex_extract.cursor:   Cursor: 9/17 frames (9 detections)
2026-03-16 21:09:53,612 INFO vex_extract.cursor:   Cursor: 10/17 frames (10 detections)
2026-03-16 21:09:53,625 INFO vex_extract.cursor:   Cursor: 11/17 frames (11 detections)
2026-03-16 21:09:53,638 INFO vex_extract.cursor:   Cursor: 12/17 frames (12 detections)
2026-03-16 21:09:53,652 INFO vex_extract.cursor:   Cursor: 13/17 frames (13 detections)
2026-03-16 21:09:53,665 INFO vex_extract.cursor:   Cursor: 14/17 frames (14 detections)
2026-03-16 21:09:53,679 INFO vex_extract.cursor:   Cursor: 15/17 frames (15 detections)
2026-03-16 21:09:53,692 INFO vex_extract.cursor:   Cursor: 16/17 frames (16 detections)
2026-03-16 21:09:56,234 INFO vex_extract.cursor:   Cursor: pass 2 — 18 frames at 5.0 FPS [503000ms-506667ms]
2026-03-16 21:09:56,314 INFO vex_extract.cursor:   Cursor: 1/18 frames (1 detections)
2026-03-16 21:09:56,327 INFO vex_extract.cursor:   Cursor: 2/18 frames (2 detections)
2026-03-16 21:09:56,341 INFO vex_extract.cursor:   Cursor: 3/18 frames (3 detections)
2026-03-16 21:09:56,354 INFO vex_extract.cursor:   Cursor: 4/18 frames (4 detections)
2026-03-16 21:09:56,367 INFO vex_extract.cursor:   Cursor: 5/18 frames (5 detections)
2026-03-16 21:09:56,381 INFO vex_extract.cursor:   Cursor: 6/18 frames (6 detections)
2026-03-16 21:09:56,394 INFO vex_extract.cursor:   Cursor: 7/18 frames (7 detections)
2026-03-16 21:09:56,408 INFO vex_extract.cursor:   Cursor: 8/18 frames (8 detections)
2026-03-16 21:09:56,421 INFO vex_extract.cursor:   Cursor: 9/18 frames (9 detections)
2026-03-16 21:09:56,435 INFO vex_extract.cursor:   Cursor: 10/18 frames (10 detections)
2026-03-16 21:09:56,447 INFO vex_extract.cursor:   Cursor: 11/18 frames (11 detections)
2026-03-16 21:09:56,460 INFO vex_extract.cursor:   Cursor: 12/18 frames (12 detections)
2026-03-16 21:09:56,474 INFO vex_extract.cursor:   Cursor: 13/18 frames (13 detections)
2026-03-16 21:09:56,487 INFO vex_extract.cursor:   Cursor: 14/18 frames (14 detections)
2026-03-16 21:09:56,500 INFO vex_extract.cursor:   Cursor: 15/18 frames (15 detections)
2026-03-16 21:09:56,513 INFO vex_extract.cursor:   Cursor: 16/18 frames (16 detections)
2026-03-16 21:09:56,527 INFO vex_extract.cursor:   Cursor: 17/18 frames (17 detections)
2026-03-16 21:09:59,136 INFO vex_extract.cursor:   Cursor: pass 2 — 31 frames at 5.0 FPS [507667ms-514067ms]
2026-03-16 21:09:59,243 INFO vex_extract.cursor:   Cursor: 3/31 frames (3 detections)
2026-03-16 21:09:59,282 INFO vex_extract.cursor:   Cursor: 6/31 frames (6 detections)
2026-03-16 21:09:59,322 INFO vex_extract.cursor:   Cursor: 9/31 frames (9 detections)
2026-03-16 21:09:59,363 INFO vex_extract.cursor:   Cursor: 12/31 frames (12 detections)
2026-03-16 21:09:59,403 INFO vex_extract.cursor:   Cursor: 15/31 frames (15 detections)
2026-03-16 21:09:59,444 INFO vex_extract.cursor:   Cursor: 18/31 frames (18 detections)
2026-03-16 21:09:59,484 INFO vex_extract.cursor:   Cursor: 21/31 frames (21 detections)
2026-03-16 21:09:59,524 INFO vex_extract.cursor:   Cursor: 24/31 frames (24 detections)
2026-03-16 21:09:59,565 INFO vex_extract.cursor:   Cursor: 27/31 frames (27 detections)
2026-03-16 21:09:59,606 INFO vex_extract.cursor:   Cursor: 30/31 frames (30 detections)
2026-03-16 21:10:02,279 INFO vex_extract.cursor:   Cursor: pass 2 — 33 frames at 5.0 FPS [515200ms-522233ms]
2026-03-16 21:10:02,386 INFO vex_extract.cursor:   Cursor: 3/33 frames (3 detections)
2026-03-16 21:10:02,427 INFO vex_extract.cursor:   Cursor: 6/33 frames (6 detections)
2026-03-16 21:10:02,467 INFO vex_extract.cursor:   Cursor: 9/33 frames (9 detections)
2026-03-16 21:10:02,507 INFO vex_extract.cursor:   Cursor: 12/33 frames (12 detections)
2026-03-16 21:10:02,548 INFO vex_extract.cursor:   Cursor: 15/33 frames (15 detections)
2026-03-16 21:10:02,588 INFO vex_extract.cursor:   Cursor: 18/33 frames (18 detections)
2026-03-16 21:10:02,629 INFO vex_extract.cursor:   Cursor: 21/33 frames (21 detections)
2026-03-16 21:10:02,669 INFO vex_extract.cursor:   Cursor: 24/33 frames (24 detections)
2026-03-16 21:10:02,710 INFO vex_extract.cursor:   Cursor: 27/33 frames (27 detections)
2026-03-16 21:10:02,750 INFO vex_extract.cursor:   Cursor: 30/33 frames (30 detections)
2026-03-16 21:10:05,472 INFO vex_extract.cursor:   Cursor: pass 2 — 30 frames at 5.0 FPS [522700ms-528700ms]
2026-03-16 21:10:05,578 INFO vex_extract.cursor:   Cursor: 3/30 frames (3 detections)
2026-03-16 21:10:05,618 INFO vex_extract.cursor:   Cursor: 6/30 frames (6 detections)
2026-03-16 21:10:05,657 INFO vex_extract.cursor:   Cursor: 9/30 frames (9 detections)
2026-03-16 21:10:05,697 INFO vex_extract.cursor:   Cursor: 12/30 frames (12 detections)
2026-03-16 21:10:05,736 INFO vex_extract.cursor:   Cursor: 15/30 frames (15 detections)
2026-03-16 21:10:05,776 INFO vex_extract.cursor:   Cursor: 18/30 frames (18 detections)
2026-03-16 21:10:05,816 INFO vex_extract.cursor:   Cursor: 21/30 frames (21 detections)
2026-03-16 21:10:05,857 INFO vex_extract.cursor:   Cursor: 24/30 frames (24 detections)
2026-03-16 21:10:05,898 INFO vex_extract.cursor:   Cursor: 27/30 frames (27 detections)
2026-03-16 21:10:08,595 INFO vex_extract.cursor:   Cursor: pass 2 — 7 frames at 5.0 FPS [532700ms-534067ms]
2026-03-16 21:10:08,676 INFO vex_extract.cursor:   Cursor: 1/7 frames (1 detections)
2026-03-16 21:10:08,690 INFO vex_extract.cursor:   Cursor: 2/7 frames (2 detections)
2026-03-16 21:10:08,703 INFO vex_extract.cursor:   Cursor: 3/7 frames (3 detections)
2026-03-16 21:10:08,717 INFO vex_extract.cursor:   Cursor: 4/7 frames (4 detections)
2026-03-16 21:10:08,731 INFO vex_extract.cursor:   Cursor: 5/7 frames (5 detections)
2026-03-16 21:10:08,744 INFO vex_extract.cursor:   Cursor: 6/7 frames (6 detections)
2026-03-16 21:10:11,446 INFO vex_extract.cursor:   Cursor: pass 2 — 7 frames at 5.0 FPS [541233ms-542600ms]
2026-03-16 21:10:11,526 INFO vex_extract.cursor:   Cursor: 1/7 frames (1 detections)
2026-03-16 21:10:11,539 INFO vex_extract.cursor:   Cursor: 2/7 frames (2 detections)
2026-03-16 21:10:11,553 INFO vex_extract.cursor:   Cursor: 3/7 frames (3 detections)
2026-03-16 21:10:11,567 INFO vex_extract.cursor:   Cursor: 4/7 frames (4 detections)
2026-03-16 21:10:11,581 INFO vex_extract.cursor:   Cursor: 5/7 frames (5 detections)
2026-03-16 21:10:11,594 INFO vex_extract.cursor:   Cursor: 6/7 frames (6 detections)
2026-03-16 21:10:11,611 INFO vex_extract.cursor:   Cursor: merged 2154 detections (2151 detected)
2026-03-16 21:10:11,611 INFO vex_extract.cursor:   Cursor: filtering 46 static detections at (148.0, 148.0) spanning 15133ms
2026-03-16 21:10:11,611 INFO vex_extract.cursor:   Cursor: filtering 20 static detections at (16.0, 760.0) spanning 6600ms
2026-03-16 21:10:11,611 INFO vex_extract.cursor:   Cursor: filtering 19 static detections at (148.0, 148.0) spanning 6467ms
2026-03-16 21:10:11,611 INFO vex_extract.cursor:   Cursor: filtering 13 static detections at (867.0, 379.0) spanning 4267ms
2026-03-16 21:10:11,611 INFO vex_extract.cursor:   Cursor: filtering 50 static detections at (560.0, 393.0) spanning 16767ms
2026-03-16 21:10:11,611 INFO vex_extract.cursor:   Cursor: filtering 131 static detections at (313.0, 54.0) spanning 43333ms
2026-03-16 21:10:11,612 INFO vex_extract.cursor:   Cursor: filtering 21 static detections at (216.0, 64.0) spanning 6633ms
2026-03-16 21:10:11,612 INFO vex_extract.cursor:   Cursor: filtering 22 static detections at (216.0, 64.0) spanning 6967ms
2026-03-16 21:10:11,612 INFO vex_extract.cursor:   Cursor: filtering 41 static detections at (216.0, 64.0) spanning 13267ms
2026-03-16 21:10:11,612 INFO vex_extract.cursor:   Cursor: filtering 14 static detections at (216.0, 64.0) spanning 4500ms
2026-03-16 21:10:11,612 INFO vex_extract.cursor:   Cursor: filtering 12 static detections at (377.0, 126.0) spanning 3200ms
2026-03-16 21:10:11,612 INFO vex_extract.cursor:   Cursor: filtering 10 static detections at (662.0, 319.0) spanning 3133ms
2026-03-16 21:10:11,612 INFO vex_extract.cursor:   Cursor: filtering 10 static detections at (271.0, 977.0) spanning 3100ms
2026-03-16 21:10:11,612 INFO vex_extract.cursor:   Cursor: filtering 15 static detections at (228.0, 995.0) spanning 4833ms
2026-03-16 21:10:11,612 INFO vex_extract.cursor:   Cursor: filtering 11 static detections at (524.0, 271.0) spanning 3033ms
2026-03-16 21:10:11,612 INFO vex_extract.cursor:   Cursor: filtering 15 static detections at (524.0, 353.0) spanning 3800ms
2026-03-16 21:10:11,612 INFO vex_extract.cursor:   Cursor: filtering 14 static detections at (612.0, 251.0) spanning 4333ms
2026-03-16 21:10:11,612 INFO vex_extract.cursor:   Cursor: filtering 99 static detections at (313.0, 56.0) spanning 32667ms
2026-03-16 21:10:11,612 INFO vex_extract.cursor:   Cursor: filtering 30 static detections at (313.0, 56.0) spanning 9667ms
2026-03-16 21:10:11,612 INFO vex_extract.cursor:   Cursor: filtering 45 static detections at (313.0, 56.0) spanning 14667ms
2026-03-16 21:10:11,612 INFO vex_extract.cursor:   Cursor: filtering 18 static detections at (313.0, 54.0) spanning 3533ms
2026-03-16 21:10:11,612 INFO vex_extract.cursor:   Cursor: filtering 31 static detections at (313.0, 54.0) spanning 6300ms
2026-03-16 21:10:11,612 INFO vex_extract.cursor:   Cursor: filtering 33 static detections at (313.0, 54.0) spanning 6867ms
2026-03-16 21:10:11,612 INFO vex_extract.cursor:   Cursor: filtering 15 static detections at (1782.0, 1060.0) spanning 4400ms
2026-03-16 21:10:11,612 INFO vex_extract.cursor:   Cursor: filtering 26 static detections at (1449.0, 708.0) spanning 8200ms
2026-03-16 21:10:11,612 INFO vex_extract.cursor:   Cursor: filtering 24 static detections at (1047.0, 650.0) spanning 7700ms
2026-03-16 21:10:11,618 INFO vex_extract.pipeline:   Cached cursor trajectory: /Users/nic/Developer/spike-air-315-vision-processing/candidates/2026-03-14/tmp/cv/cfs_home_loan_sasha_4c5714dc_cursor/cursor_trajectory.json
2026-03-16 21:10:11,618 INFO vex_extract.pipeline:   2154 cursor detections (1366 detected) in 148.7s
2026-03-16 21:10:11,619 INFO vex_extract.pipeline: Step 3: Computing optical flow...
2026-03-16 21:10:14,977 INFO vex_extract.flow:   Flow: computing across 1099 frame pairs...
2026-03-16 21:10:18,805 INFO vex_extract.pipeline:   Cached flow windows: /Users/nic/Developer/spike-air-315-vision-processing/candidates/2026-03-14/tmp/cv/cfs_home_loan_sasha_bb5a87ef_4c5714dc_flow/flow_windows.json
2026-03-16 21:10:18,805 INFO vex_extract.pipeline:   1098 flow windows in 7.2s
2026-03-16 21:10:18,805 INFO vex_extract.pipeline: Step 4: Creating video segments...
2026-03-16 21:10:18,805 INFO vex_extract.pipeline:   8 segments
2026-03-16 21:10:18,805 INFO vex_extract.pipeline:   Segment 0: cached
2026-03-16 21:10:18,805 INFO vex_extract.pipeline:   Segment 1: cached
2026-03-16 21:10:18,806 INFO vex_extract.pipeline:   Segment 2: cached
2026-03-16 21:10:18,806 INFO vex_extract.pipeline:   Segment 3: cached
2026-03-16 21:10:18,806 INFO vex_extract.pipeline:   Segment 4: cached
2026-03-16 21:10:18,806 INFO vex_extract.pipeline:   Segment 5: cached
2026-03-16 21:10:18,806 INFO vex_extract.pipeline:   Segment 6: cached
2026-03-16 21:10:18,806 INFO vex_extract.pipeline:   Segment 7: cached
2026-03-16 21:10:18,806 INFO vex_extract.pipeline: Step 5: Preparing prompts...
2026-03-16 21:10:18,807 INFO vex_extract.analysis: Segment 0: prompt prepared (11288 chars)
2026-03-16 21:10:18,808 INFO vex_extract.analysis: Segment 1: prompt prepared (10866 chars)
2026-03-16 21:10:18,809 INFO vex_extract.analysis: Segment 2: prompt prepared (11640 chars)
2026-03-16 21:10:18,809 INFO vex_extract.analysis: Segment 3: prompt prepared (13375 chars)
2026-03-16 21:10:18,810 INFO vex_extract.analysis: Segment 4: prompt prepared (14211 chars)
2026-03-16 21:10:18,811 INFO vex_extract.analysis: Segment 5: prompt prepared (14758 chars)
2026-03-16 21:10:18,812 INFO vex_extract.analysis: Segment 6: prompt prepared (10802 chars)
2026-03-16 21:10:18,812 INFO vex_extract.analysis: Segment 7: prompt prepared (10832 chars)
2026-03-16 21:10:18,812 INFO vex_extract.pipeline:   8 prompts prepared
2026-03-16 21:10:18,812 INFO vex_extract.pipeline: Stopped after: prompt
