2026-03-16 20:41:19,051 INFO vex_extract.pipeline: === Video Event Extractor ===
2026-03-16 20:41:19,051 INFO vex_extract.pipeline: Video: /Users/nic/Developer/spike-air-315-vision-processing/input_data/screen_tracks/opportunity_list_ben.mp4
2026-03-16 20:41:19,052 INFO vex_extract.pipeline: Offset: 182908 ms
2026-03-16 20:41:19,052 INFO vex_extract.pipeline: Run ID: 2026-03-16_104119
2026-03-16 20:41:19,052 INFO vex_extract.pipeline: Stop after: prompt
2026-03-16 20:41:19,052 INFO vex_extract.pipeline: Step 1: Normalizing video...
2026-03-16 20:41:19,052 INFO vex_extract.pipeline:   Using cached normalized video: /Users/nic/Developer/spike-air-315-vision-processing/candidates/2026-03-14/tmp/opportunity_list_ben_normalized.mp4
2026-03-16 20:41:19,101 INFO vex_extract.pipeline:   Duration: 463.4s, 1922x1078, 30.0 fps
2026-03-16 20:41:19,102 INFO vex_extract.pipeline: Step 2: Tracking cursor...
2026-03-16 20:41:22,054 INFO vex_extract.cursor:   Cursor: pass 1 — matching 464 frames at 1.0 FPS against 6 templates x 7 scales at 540p...
2026-03-16 20:41:23,037 INFO vex_extract.cursor:   Cursor: 46/464 frames (45 detections)
2026-03-16 20:41:23,692 INFO vex_extract.cursor:   Cursor: 92/464 frames (91 detections)
2026-03-16 20:41:24,414 INFO vex_extract.cursor:   Cursor: 138/464 frames (137 detections)
2026-03-16 20:41:25,212 INFO vex_extract.cursor:   Cursor: 184/464 frames (183 detections)
2026-03-16 20:41:25,971 INFO vex_extract.cursor:   Cursor: 230/464 frames (229 detections)
2026-03-16 20:41:26,656 INFO vex_extract.cursor:   Cursor: 276/464 frames (275 detections)
2026-03-16 20:41:27,407 INFO vex_extract.cursor:   Cursor: 322/464 frames (321 detections)
2026-03-16 20:41:28,111 INFO vex_extract.cursor:   Cursor: 368/464 frames (367 detections)
2026-03-16 20:41:28,853 INFO vex_extract.cursor:   Cursor: 414/464 frames (413 detections)
2026-03-16 20:41:29,513 INFO vex_extract.cursor:   Cursor: 460/464 frames (459 detections)
2026-03-16 20:41:29,588 INFO vex_extract.cursor:   Cursor: calibrated to scales (0.3, 0.4) from coarse pass
2026-03-16 20:41:29,589 INFO vex_extract.cursor:   Cursor: 53 active regions identified
2026-03-16 20:41:29,653 INFO vex_extract.cursor:   Cursor: pass 2 — 10 frames at 5.0 FPS [6500ms-8500ms]
2026-03-16 20:41:29,687 INFO vex_extract.cursor:   Cursor: 1/10 frames (1 detections)
2026-03-16 20:41:29,693 INFO vex_extract.cursor:   Cursor: 2/10 frames (2 detections)
2026-03-16 20:41:29,700 INFO vex_extract.cursor:   Cursor: 3/10 frames (3 detections)
2026-03-16 20:41:29,707 INFO vex_extract.cursor:   Cursor: 4/10 frames (4 detections)
2026-03-16 20:41:29,713 INFO vex_extract.cursor:   Cursor: 5/10 frames (5 detections)
2026-03-16 20:41:29,727 INFO vex_extract.cursor:   Cursor: 6/10 frames (6 detections)
2026-03-16 20:41:29,740 INFO vex_extract.cursor:   Cursor: 7/10 frames (7 detections)
2026-03-16 20:41:29,753 INFO vex_extract.cursor:   Cursor: 8/10 frames (8 detections)
2026-03-16 20:41:29,766 INFO vex_extract.cursor:   Cursor: 9/10 frames (9 detections)
2026-03-16 20:41:29,922 INFO vex_extract.cursor:   Cursor: pass 2 — 10 frames at 5.0 FPS [26500ms-28500ms]
2026-03-16 20:41:29,935 INFO vex_extract.cursor:   Cursor: 1/10 frames (1 detections)
2026-03-16 20:41:29,948 INFO vex_extract.cursor:   Cursor: 2/10 frames (2 detections)
2026-03-16 20:41:29,961 INFO vex_extract.cursor:   Cursor: 3/10 frames (3 detections)
2026-03-16 20:41:29,975 INFO vex_extract.cursor:   Cursor: 4/10 frames (4 detections)
2026-03-16 20:41:29,988 INFO vex_extract.cursor:   Cursor: 5/10 frames (5 detections)
2026-03-16 20:41:30,001 INFO vex_extract.cursor:   Cursor: 6/10 frames (6 detections)
2026-03-16 20:41:30,014 INFO vex_extract.cursor:   Cursor: 7/10 frames (7 detections)
2026-03-16 20:41:30,028 INFO vex_extract.cursor:   Cursor: 8/10 frames (8 detections)
2026-03-16 20:41:30,041 INFO vex_extract.cursor:   Cursor: 9/10 frames (9 detections)
2026-03-16 20:41:30,291 INFO vex_extract.cursor:   Cursor: pass 2 — 16 frames at 5.0 FPS [47500ms-50500ms]
2026-03-16 20:41:30,304 INFO vex_extract.cursor:   Cursor: 1/16 frames (1 detections)
2026-03-16 20:41:30,318 INFO vex_extract.cursor:   Cursor: 2/16 frames (2 detections)
2026-03-16 20:41:30,331 INFO vex_extract.cursor:   Cursor: 3/16 frames (3 detections)
2026-03-16 20:41:30,345 INFO vex_extract.cursor:   Cursor: 4/16 frames (4 detections)
2026-03-16 20:41:30,358 INFO vex_extract.cursor:   Cursor: 5/16 frames (5 detections)
2026-03-16 20:41:30,371 INFO vex_extract.cursor:   Cursor: 6/16 frames (6 detections)
2026-03-16 20:41:30,385 INFO vex_extract.cursor:   Cursor: 7/16 frames (7 detections)
2026-03-16 20:41:30,398 INFO vex_extract.cursor:   Cursor: 8/16 frames (8 detections)
2026-03-16 20:41:30,411 INFO vex_extract.cursor:   Cursor: 9/16 frames (9 detections)
2026-03-16 20:41:30,424 INFO vex_extract.cursor:   Cursor: 10/16 frames (10 detections)
2026-03-16 20:41:30,437 INFO vex_extract.cursor:   Cursor: 11/16 frames (11 detections)
2026-03-16 20:41:30,450 INFO vex_extract.cursor:   Cursor: 12/16 frames (12 detections)
2026-03-16 20:41:30,463 INFO vex_extract.cursor:   Cursor: 13/16 frames (13 detections)
2026-03-16 20:41:30,477 INFO vex_extract.cursor:   Cursor: 14/16 frames (14 detections)
2026-03-16 20:41:30,490 INFO vex_extract.cursor:   Cursor: 15/16 frames (15 detections)
2026-03-16 20:41:30,814 INFO vex_extract.cursor:   Cursor: pass 2 — 33 frames at 5.0 FPS [54500ms-61500ms]
2026-03-16 20:41:30,920 INFO vex_extract.cursor:   Cursor: 3/33 frames (3 detections)
2026-03-16 20:41:30,959 INFO vex_extract.cursor:   Cursor: 6/33 frames (6 detections)
2026-03-16 20:41:30,998 INFO vex_extract.cursor:   Cursor: 9/33 frames (9 detections)
2026-03-16 20:41:31,037 INFO vex_extract.cursor:   Cursor: 12/33 frames (12 detections)
2026-03-16 20:41:31,076 INFO vex_extract.cursor:   Cursor: 15/33 frames (15 detections)
2026-03-16 20:41:31,116 INFO vex_extract.cursor:   Cursor: 18/33 frames (18 detections)
2026-03-16 20:41:31,155 INFO vex_extract.cursor:   Cursor: 21/33 frames (21 detections)
2026-03-16 20:41:31,195 INFO vex_extract.cursor:   Cursor: 24/33 frames (24 detections)
2026-03-16 20:41:31,235 INFO vex_extract.cursor:   Cursor: 27/33 frames (27 detections)
2026-03-16 20:41:31,275 INFO vex_extract.cursor:   Cursor: 30/33 frames (30 detections)
2026-03-16 20:41:31,606 INFO vex_extract.cursor:   Cursor: pass 2 — 15 frames at 5.0 FPS [63500ms-66500ms]
2026-03-16 20:41:31,685 INFO vex_extract.cursor:   Cursor: 1/15 frames (1 detections)
2026-03-16 20:41:31,698 INFO vex_extract.cursor:   Cursor: 2/15 frames (2 detections)
2026-03-16 20:41:31,711 INFO vex_extract.cursor:   Cursor: 3/15 frames (3 detections)
2026-03-16 20:41:31,724 INFO vex_extract.cursor:   Cursor: 4/15 frames (4 detections)
2026-03-16 20:41:31,737 INFO vex_extract.cursor:   Cursor: 5/15 frames (5 detections)
2026-03-16 20:41:31,751 INFO vex_extract.cursor:   Cursor: 6/15 frames (6 detections)
2026-03-16 20:41:31,764 INFO vex_extract.cursor:   Cursor: 7/15 frames (7 detections)
2026-03-16 20:41:31,777 INFO vex_extract.cursor:   Cursor: 8/15 frames (8 detections)
2026-03-16 20:41:31,790 INFO vex_extract.cursor:   Cursor: 9/15 frames (9 detections)
2026-03-16 20:41:31,803 INFO vex_extract.cursor:   Cursor: 10/15 frames (10 detections)
2026-03-16 20:41:31,816 INFO vex_extract.cursor:   Cursor: 11/15 frames (11 detections)
2026-03-16 20:41:31,829 INFO vex_extract.cursor:   Cursor: 12/15 frames (12 detections)
2026-03-16 20:41:31,843 INFO vex_extract.cursor:   Cursor: 13/15 frames (13 detections)
2026-03-16 20:41:31,856 INFO vex_extract.cursor:   Cursor: 14/15 frames (14 detections)
2026-03-16 20:41:32,240 INFO vex_extract.cursor:   Cursor: pass 2 — 36 frames at 5.0 FPS [67500ms-74500ms]
2026-03-16 20:41:32,347 INFO vex_extract.cursor:   Cursor: 3/36 frames (3 detections)
2026-03-16 20:41:32,386 INFO vex_extract.cursor:   Cursor: 6/36 frames (6 detections)
2026-03-16 20:41:32,426 INFO vex_extract.cursor:   Cursor: 9/36 frames (9 detections)
2026-03-16 20:41:32,465 INFO vex_extract.cursor:   Cursor: 12/36 frames (12 detections)
2026-03-16 20:41:32,505 INFO vex_extract.cursor:   Cursor: 15/36 frames (15 detections)
2026-03-16 20:41:32,544 INFO vex_extract.cursor:   Cursor: 18/36 frames (18 detections)
2026-03-16 20:41:32,583 INFO vex_extract.cursor:   Cursor: 21/36 frames (21 detections)
2026-03-16 20:41:32,623 INFO vex_extract.cursor:   Cursor: 24/36 frames (24 detections)
2026-03-16 20:41:32,663 INFO vex_extract.cursor:   Cursor: 27/36 frames (27 detections)
2026-03-16 20:41:32,702 INFO vex_extract.cursor:   Cursor: 30/36 frames (30 detections)
2026-03-16 20:41:32,742 INFO vex_extract.cursor:   Cursor: 33/36 frames (33 detections)
2026-03-16 20:41:33,110 INFO vex_extract.cursor:   Cursor: pass 2 — 11 frames at 5.0 FPS [75500ms-77500ms]
2026-03-16 20:41:33,189 INFO vex_extract.cursor:   Cursor: 1/11 frames (1 detections)
2026-03-16 20:41:33,202 INFO vex_extract.cursor:   Cursor: 2/11 frames (2 detections)
2026-03-16 20:41:33,215 INFO vex_extract.cursor:   Cursor: 3/11 frames (3 detections)
2026-03-16 20:41:33,228 INFO vex_extract.cursor:   Cursor: 4/11 frames (4 detections)
2026-03-16 20:41:33,241 INFO vex_extract.cursor:   Cursor: 5/11 frames (5 detections)
2026-03-16 20:41:33,255 INFO vex_extract.cursor:   Cursor: 6/11 frames (6 detections)
2026-03-16 20:41:33,268 INFO vex_extract.cursor:   Cursor: 7/11 frames (7 detections)
2026-03-16 20:41:33,281 INFO vex_extract.cursor:   Cursor: 8/11 frames (8 detections)
2026-03-16 20:41:33,294 INFO vex_extract.cursor:   Cursor: 9/11 frames (9 detections)
2026-03-16 20:41:33,307 INFO vex_extract.cursor:   Cursor: 10/11 frames (10 detections)
2026-03-16 20:41:33,659 INFO vex_extract.cursor:   Cursor: pass 2 — 11 frames at 5.0 FPS [78500ms-80500ms]
2026-03-16 20:41:33,737 INFO vex_extract.cursor:   Cursor: 1/11 frames (1 detections)
2026-03-16 20:41:33,750 INFO vex_extract.cursor:   Cursor: 2/11 frames (2 detections)
2026-03-16 20:41:33,763 INFO vex_extract.cursor:   Cursor: 3/11 frames (3 detections)
2026-03-16 20:41:33,777 INFO vex_extract.cursor:   Cursor: 4/11 frames (4 detections)
2026-03-16 20:41:33,790 INFO vex_extract.cursor:   Cursor: 5/11 frames (5 detections)
2026-03-16 20:41:33,802 INFO vex_extract.cursor:   Cursor: 6/11 frames (6 detections)
2026-03-16 20:41:33,815 INFO vex_extract.cursor:   Cursor: 7/11 frames (7 detections)
2026-03-16 20:41:33,829 INFO vex_extract.cursor:   Cursor: 8/11 frames (8 detections)
2026-03-16 20:41:33,842 INFO vex_extract.cursor:   Cursor: 9/11 frames (9 detections)
2026-03-16 20:41:33,855 INFO vex_extract.cursor:   Cursor: 10/11 frames (10 detections)
2026-03-16 20:41:34,366 INFO vex_extract.cursor:   Cursor: pass 2 — 56 frames at 5.0 FPS [82500ms-93500ms]
2026-03-16 20:41:34,500 INFO vex_extract.cursor:   Cursor: 5/56 frames (5 detections)
2026-03-16 20:41:34,565 INFO vex_extract.cursor:   Cursor: 10/56 frames (10 detections)
2026-03-16 20:41:34,631 INFO vex_extract.cursor:   Cursor: 15/56 frames (15 detections)
2026-03-16 20:41:34,696 INFO vex_extract.cursor:   Cursor: 20/56 frames (20 detections)
2026-03-16 20:41:34,762 INFO vex_extract.cursor:   Cursor: 25/56 frames (25 detections)
2026-03-16 20:41:34,828 INFO vex_extract.cursor:   Cursor: 30/56 frames (30 detections)
2026-03-16 20:41:34,895 INFO vex_extract.cursor:   Cursor: 35/56 frames (35 detections)
2026-03-16 20:41:34,962 INFO vex_extract.cursor:   Cursor: 40/56 frames (40 detections)
2026-03-16 20:41:35,028 INFO vex_extract.cursor:   Cursor: 45/56 frames (45 detections)
2026-03-16 20:41:35,095 INFO vex_extract.cursor:   Cursor: 50/56 frames (50 detections)
2026-03-16 20:41:35,160 INFO vex_extract.cursor:   Cursor: 55/56 frames (55 detections)
2026-03-16 20:41:35,642 INFO vex_extract.cursor:   Cursor: pass 2 — 31 frames at 5.0 FPS [94500ms-100500ms]
2026-03-16 20:41:35,747 INFO vex_extract.cursor:   Cursor: 3/31 frames (3 detections)
2026-03-16 20:41:35,786 INFO vex_extract.cursor:   Cursor: 6/31 frames (6 detections)
2026-03-16 20:41:35,825 INFO vex_extract.cursor:   Cursor: 9/31 frames (9 detections)
2026-03-16 20:41:35,864 INFO vex_extract.cursor:   Cursor: 12/31 frames (12 detections)
2026-03-16 20:41:35,904 INFO vex_extract.cursor:   Cursor: 15/31 frames (15 detections)
2026-03-16 20:41:35,943 INFO vex_extract.cursor:   Cursor: 18/31 frames (18 detections)
2026-03-16 20:41:35,982 INFO vex_extract.cursor:   Cursor: 21/31 frames (21 detections)
2026-03-16 20:41:36,022 INFO vex_extract.cursor:   Cursor: 24/31 frames (24 detections)
2026-03-16 20:41:36,062 INFO vex_extract.cursor:   Cursor: 27/31 frames (27 detections)
2026-03-16 20:41:36,101 INFO vex_extract.cursor:   Cursor: 30/31 frames (30 detections)
2026-03-16 20:41:36,552 INFO vex_extract.cursor:   Cursor: pass 2 — 10 frames at 5.0 FPS [104500ms-106500ms]
2026-03-16 20:41:36,585 INFO vex_extract.cursor:   Cursor: 1/10 frames (1 detections)
2026-03-16 20:41:36,591 INFO vex_extract.cursor:   Cursor: 2/10 frames (2 detections)
2026-03-16 20:41:36,598 INFO vex_extract.cursor:   Cursor: 3/10 frames (3 detections)
2026-03-16 20:41:36,605 INFO vex_extract.cursor:   Cursor: 4/10 frames (4 detections)
2026-03-16 20:41:36,611 INFO vex_extract.cursor:   Cursor: 5/10 frames (5 detections)
2026-03-16 20:41:36,618 INFO vex_extract.cursor:   Cursor: 6/10 frames (6 detections)
2026-03-16 20:41:36,624 INFO vex_extract.cursor:   Cursor: 7/10 frames (7 detections)
2026-03-16 20:41:36,637 INFO vex_extract.cursor:   Cursor: 8/10 frames (8 detections)
2026-03-16 20:41:36,650 INFO vex_extract.cursor:   Cursor: 9/10 frames (9 detections)
2026-03-16 20:41:37,241 INFO vex_extract.cursor:   Cursor: pass 2 — 47 frames at 5.0 FPS [108500ms-118500ms]
2026-03-16 20:41:37,360 INFO vex_extract.cursor:   Cursor: 4/47 frames (4 detections)
2026-03-16 20:41:37,413 INFO vex_extract.cursor:   Cursor: 8/47 frames (8 detections)
2026-03-16 20:41:37,466 INFO vex_extract.cursor:   Cursor: 12/47 frames (12 detections)
2026-03-16 20:41:37,519 INFO vex_extract.cursor:   Cursor: 16/47 frames (16 detections)
2026-03-16 20:41:37,572 INFO vex_extract.cursor:   Cursor: 20/47 frames (20 detections)
2026-03-16 20:41:37,625 INFO vex_extract.cursor:   Cursor: 24/47 frames (24 detections)
2026-03-16 20:41:37,678 INFO vex_extract.cursor:   Cursor: 28/47 frames (28 detections)
2026-03-16 20:41:37,731 INFO vex_extract.cursor:   Cursor: 32/47 frames (32 detections)
2026-03-16 20:41:37,784 INFO vex_extract.cursor:   Cursor: 36/47 frames (36 detections)
2026-03-16 20:41:37,837 INFO vex_extract.cursor:   Cursor: 40/47 frames (40 detections)
2026-03-16 20:41:37,890 INFO vex_extract.cursor:   Cursor: 44/47 frames (44 detections)
2026-03-16 20:41:38,581 INFO vex_extract.cursor:   Cursor: pass 2 — 53 frames at 5.0 FPS [123500ms-134500ms]
2026-03-16 20:41:38,714 INFO vex_extract.cursor:   Cursor: 5/53 frames (5 detections)
2026-03-16 20:41:38,781 INFO vex_extract.cursor:   Cursor: 10/53 frames (10 detections)
2026-03-16 20:41:38,847 INFO vex_extract.cursor:   Cursor: 15/53 frames (15 detections)
2026-03-16 20:41:38,914 INFO vex_extract.cursor:   Cursor: 20/53 frames (20 detections)
2026-03-16 20:41:38,980 INFO vex_extract.cursor:   Cursor: 25/53 frames (25 detections)
2026-03-16 20:41:39,046 INFO vex_extract.cursor:   Cursor: 30/53 frames (30 detections)
2026-03-16 20:41:39,111 INFO vex_extract.cursor:   Cursor: 35/53 frames (35 detections)
2026-03-16 20:41:39,178 INFO vex_extract.cursor:   Cursor: 40/53 frames (40 detections)
2026-03-16 20:41:39,244 INFO vex_extract.cursor:   Cursor: 45/53 frames (45 detections)
2026-03-16 20:41:39,312 INFO vex_extract.cursor:   Cursor: 50/53 frames (50 detections)
2026-03-16 20:41:39,934 INFO vex_extract.cursor:   Cursor: pass 2 — 16 frames at 5.0 FPS [135500ms-138500ms]
2026-03-16 20:41:40,014 INFO vex_extract.cursor:   Cursor: 1/16 frames (1 detections)
2026-03-16 20:41:40,027 INFO vex_extract.cursor:   Cursor: 2/16 frames (2 detections)
2026-03-16 20:41:40,041 INFO vex_extract.cursor:   Cursor: 3/16 frames (3 detections)
2026-03-16 20:41:40,054 INFO vex_extract.cursor:   Cursor: 4/16 frames (4 detections)
2026-03-16 20:41:40,067 INFO vex_extract.cursor:   Cursor: 5/16 frames (5 detections)
2026-03-16 20:41:40,079 INFO vex_extract.cursor:   Cursor: 6/16 frames (6 detections)
2026-03-16 20:41:40,093 INFO vex_extract.cursor:   Cursor: 7/16 frames (7 detections)
2026-03-16 20:41:40,106 INFO vex_extract.cursor:   Cursor: 8/16 frames (8 detections)
2026-03-16 20:41:40,120 INFO vex_extract.cursor:   Cursor: 9/16 frames (9 detections)
2026-03-16 20:41:40,133 INFO vex_extract.cursor:   Cursor: 10/16 frames (10 detections)
2026-03-16 20:41:40,146 INFO vex_extract.cursor:   Cursor: 11/16 frames (11 detections)
2026-03-16 20:41:40,159 INFO vex_extract.cursor:   Cursor: 12/16 frames (12 detections)
2026-03-16 20:41:40,173 INFO vex_extract.cursor:   Cursor: 13/16 frames (13 detections)
2026-03-16 20:41:40,186 INFO vex_extract.cursor:   Cursor: 14/16 frames (14 detections)
2026-03-16 20:41:40,199 INFO vex_extract.cursor:   Cursor: 15/16 frames (15 detections)
2026-03-16 20:41:40,796 INFO vex_extract.cursor:   Cursor: pass 2 — 11 frames at 5.0 FPS [140500ms-142500ms]
2026-03-16 20:41:40,876 INFO vex_extract.cursor:   Cursor: 1/11 frames (1 detections)
2026-03-16 20:41:40,889 INFO vex_extract.cursor:   Cursor: 2/11 frames (2 detections)
2026-03-16 20:41:40,902 INFO vex_extract.cursor:   Cursor: 3/11 frames (3 detections)
2026-03-16 20:41:40,915 INFO vex_extract.cursor:   Cursor: 4/11 frames (4 detections)
2026-03-16 20:41:40,929 INFO vex_extract.cursor:   Cursor: 5/11 frames (5 detections)
2026-03-16 20:41:40,941 INFO vex_extract.cursor:   Cursor: 6/11 frames (6 detections)
2026-03-16 20:41:40,955 INFO vex_extract.cursor:   Cursor: 7/11 frames (7 detections)
2026-03-16 20:41:40,968 INFO vex_extract.cursor:   Cursor: 8/11 frames (8 detections)
2026-03-16 20:41:40,981 INFO vex_extract.cursor:   Cursor: 9/11 frames (9 detections)
2026-03-16 20:41:40,995 INFO vex_extract.cursor:   Cursor: 10/11 frames (10 detections)
2026-03-16 20:41:41,691 INFO vex_extract.cursor:   Cursor: pass 2 — 36 frames at 5.0 FPS [143500ms-150500ms]
2026-03-16 20:41:41,798 INFO vex_extract.cursor:   Cursor: 3/36 frames (3 detections)
2026-03-16 20:41:41,838 INFO vex_extract.cursor:   Cursor: 6/36 frames (6 detections)
2026-03-16 20:41:41,877 INFO vex_extract.cursor:   Cursor: 9/36 frames (9 detections)
2026-03-16 20:41:41,917 INFO vex_extract.cursor:   Cursor: 12/36 frames (12 detections)
2026-03-16 20:41:41,956 INFO vex_extract.cursor:   Cursor: 15/36 frames (15 detections)
2026-03-16 20:41:41,995 INFO vex_extract.cursor:   Cursor: 18/36 frames (18 detections)
2026-03-16 20:41:42,035 INFO vex_extract.cursor:   Cursor: 21/36 frames (21 detections)
2026-03-16 20:41:42,075 INFO vex_extract.cursor:   Cursor: 24/36 frames (24 detections)
2026-03-16 20:41:42,115 INFO vex_extract.cursor:   Cursor: 27/36 frames (27 detections)
2026-03-16 20:41:42,154 INFO vex_extract.cursor:   Cursor: 30/36 frames (30 detections)
2026-03-16 20:41:42,193 INFO vex_extract.cursor:   Cursor: 33/36 frames (33 detections)
2026-03-16 20:41:42,946 INFO vex_extract.cursor:   Cursor: pass 2 — 36 frames at 5.0 FPS [151500ms-158500ms]
2026-03-16 20:41:42,993 INFO vex_extract.cursor:   Cursor: 3/36 frames (3 detections)
2026-03-16 20:41:43,013 INFO vex_extract.cursor:   Cursor: 6/36 frames (6 detections)
2026-03-16 20:41:43,046 INFO vex_extract.cursor:   Cursor: 9/36 frames (9 detections)
2026-03-16 20:41:43,086 INFO vex_extract.cursor:   Cursor: 12/36 frames (12 detections)
2026-03-16 20:41:43,125 INFO vex_extract.cursor:   Cursor: 15/36 frames (15 detections)
2026-03-16 20:41:43,164 INFO vex_extract.cursor:   Cursor: 18/36 frames (18 detections)
2026-03-16 20:41:43,203 INFO vex_extract.cursor:   Cursor: 21/36 frames (21 detections)
2026-03-16 20:41:43,242 INFO vex_extract.cursor:   Cursor: 24/36 frames (24 detections)
2026-03-16 20:41:43,281 INFO vex_extract.cursor:   Cursor: 27/36 frames (27 detections)
2026-03-16 20:41:43,321 INFO vex_extract.cursor:   Cursor: 30/36 frames (30 detections)
2026-03-16 20:41:43,360 INFO vex_extract.cursor:   Cursor: 33/36 frames (33 detections)
2026-03-16 20:41:44,069 INFO vex_extract.cursor:   Cursor: pass 2 — 11 frames at 5.0 FPS [160500ms-162500ms]
2026-03-16 20:41:44,148 INFO vex_extract.cursor:   Cursor: 1/11 frames (1 detections)
2026-03-16 20:41:44,162 INFO vex_extract.cursor:   Cursor: 2/11 frames (2 detections)
2026-03-16 20:41:44,175 INFO vex_extract.cursor:   Cursor: 3/11 frames (3 detections)
2026-03-16 20:41:44,188 INFO vex_extract.cursor:   Cursor: 4/11 frames (4 detections)
2026-03-16 20:41:44,201 INFO vex_extract.cursor:   Cursor: 5/11 frames (5 detections)
2026-03-16 20:41:44,215 INFO vex_extract.cursor:   Cursor: 6/11 frames (6 detections)
2026-03-16 20:41:44,228 INFO vex_extract.cursor:   Cursor: 7/11 frames (7 detections)
2026-03-16 20:41:44,242 INFO vex_extract.cursor:   Cursor: 8/11 frames (8 detections)
2026-03-16 20:41:44,255 INFO vex_extract.cursor:   Cursor: 9/11 frames (9 detections)
2026-03-16 20:41:44,268 INFO vex_extract.cursor:   Cursor: 10/11 frames (10 detections)
2026-03-16 20:41:44,996 INFO vex_extract.cursor:   Cursor: pass 2 — 21 frames at 5.0 FPS [165500ms-169500ms]
2026-03-16 20:41:45,088 INFO vex_extract.cursor:   Cursor: 2/21 frames (2 detections)
2026-03-16 20:41:45,114 INFO vex_extract.cursor:   Cursor: 4/21 frames (4 detections)
2026-03-16 20:41:45,140 INFO vex_extract.cursor:   Cursor: 6/21 frames (6 detections)
2026-03-16 20:41:45,166 INFO vex_extract.cursor:   Cursor: 8/21 frames (8 detections)
2026-03-16 20:41:45,193 INFO vex_extract.cursor:   Cursor: 10/21 frames (10 detections)
2026-03-16 20:41:45,219 INFO vex_extract.cursor:   Cursor: 12/21 frames (12 detections)
2026-03-16 20:41:45,245 INFO vex_extract.cursor:   Cursor: 14/21 frames (14 detections)
2026-03-16 20:41:45,272 INFO vex_extract.cursor:   Cursor: 16/21 frames (16 detections)
2026-03-16 20:41:45,298 INFO vex_extract.cursor:   Cursor: 18/21 frames (18 detections)
2026-03-16 20:41:45,324 INFO vex_extract.cursor:   Cursor: 20/21 frames (20 detections)
2026-03-16 20:41:46,120 INFO vex_extract.cursor:   Cursor: pass 2 — 36 frames at 5.0 FPS [170500ms-177500ms]
2026-03-16 20:41:46,166 INFO vex_extract.cursor:   Cursor: 3/36 frames (3 detections)
2026-03-16 20:41:46,186 INFO vex_extract.cursor:   Cursor: 6/36 frames (6 detections)
2026-03-16 20:41:46,219 INFO vex_extract.cursor:   Cursor: 9/36 frames (9 detections)
2026-03-16 20:41:46,258 INFO vex_extract.cursor:   Cursor: 12/36 frames (12 detections)
2026-03-16 20:41:46,298 INFO vex_extract.cursor:   Cursor: 15/36 frames (15 detections)
2026-03-16 20:41:46,336 INFO vex_extract.cursor:   Cursor: 18/36 frames (18 detections)
2026-03-16 20:41:46,376 INFO vex_extract.cursor:   Cursor: 21/36 frames (21 detections)
2026-03-16 20:41:46,416 INFO vex_extract.cursor:   Cursor: 24/36 frames (24 detections)
2026-03-16 20:41:46,456 INFO vex_extract.cursor:   Cursor: 27/36 frames (27 detections)
2026-03-16 20:41:46,497 INFO vex_extract.cursor:   Cursor: 30/36 frames (30 detections)
2026-03-16 20:41:46,540 INFO vex_extract.cursor:   Cursor: 33/36 frames (33 detections)
2026-03-16 20:41:47,393 INFO vex_extract.cursor:   Cursor: pass 2 — 36 frames at 5.0 FPS [178500ms-185500ms]
2026-03-16 20:41:47,440 INFO vex_extract.cursor:   Cursor: 3/36 frames (3 detections)
2026-03-16 20:41:47,466 INFO vex_extract.cursor:   Cursor: 6/36 frames (6 detections)
2026-03-16 20:41:47,505 INFO vex_extract.cursor:   Cursor: 9/36 frames (9 detections)
2026-03-16 20:41:47,545 INFO vex_extract.cursor:   Cursor: 12/36 frames (12 detections)
2026-03-16 20:41:47,585 INFO vex_extract.cursor:   Cursor: 15/36 frames (15 detections)
2026-03-16 20:41:47,624 INFO vex_extract.cursor:   Cursor: 18/36 frames (18 detections)
2026-03-16 20:41:47,657 INFO vex_extract.cursor:   Cursor: 21/36 frames (21 detections)
2026-03-16 20:41:47,683 INFO vex_extract.cursor:   Cursor: 24/36 frames (24 detections)
2026-03-16 20:41:47,703 INFO vex_extract.cursor:   Cursor: 27/36 frames (27 detections)
2026-03-16 20:41:47,729 INFO vex_extract.cursor:   Cursor: 30/36 frames (30 detections)
2026-03-16 20:41:47,769 INFO vex_extract.cursor:   Cursor: 33/36 frames (33 detections)
2026-03-16 20:41:48,571 INFO vex_extract.cursor:   Cursor: pass 2 — 11 frames at 5.0 FPS [186500ms-188500ms]
2026-03-16 20:41:48,631 INFO vex_extract.cursor:   Cursor: 1/11 frames (1 detections)
2026-03-16 20:41:48,638 INFO vex_extract.cursor:   Cursor: 2/11 frames (2 detections)
2026-03-16 20:41:48,644 INFO vex_extract.cursor:   Cursor: 3/11 frames (3 detections)
2026-03-16 20:41:48,651 INFO vex_extract.cursor:   Cursor: 4/11 frames (4 detections)
2026-03-16 20:41:48,658 INFO vex_extract.cursor:   Cursor: 5/11 frames (5 detections)
2026-03-16 20:41:48,664 INFO vex_extract.cursor:   Cursor: 6/11 frames (6 detections)
2026-03-16 20:41:48,671 INFO vex_extract.cursor:   Cursor: 7/11 frames (7 detections)
2026-03-16 20:41:48,678 INFO vex_extract.cursor:   Cursor: 8/11 frames (8 detections)
2026-03-16 20:41:48,691 INFO vex_extract.cursor:   Cursor: 9/11 frames (9 detections)
2026-03-16 20:41:48,705 INFO vex_extract.cursor:   Cursor: 10/11 frames (10 detections)
2026-03-16 20:41:49,664 INFO vex_extract.cursor:   Cursor: pass 2 — 60 frames at 5.0 FPS [193500ms-205500ms]
2026-03-16 20:41:49,810 INFO vex_extract.cursor:   Cursor: 6/60 frames (6 detections)
2026-03-16 20:41:49,890 INFO vex_extract.cursor:   Cursor: 12/60 frames (12 detections)
2026-03-16 20:41:49,969 INFO vex_extract.cursor:   Cursor: 18/60 frames (18 detections)
2026-03-16 20:41:50,048 INFO vex_extract.cursor:   Cursor: 24/60 frames (24 detections)
2026-03-16 20:41:50,126 INFO vex_extract.cursor:   Cursor: 30/60 frames (30 detections)
2026-03-16 20:41:50,206 INFO vex_extract.cursor:   Cursor: 36/60 frames (36 detections)
2026-03-16 20:41:50,286 INFO vex_extract.cursor:   Cursor: 42/60 frames (42 detections)
2026-03-16 20:41:50,365 INFO vex_extract.cursor:   Cursor: 48/60 frames (48 detections)
2026-03-16 20:41:50,439 INFO vex_extract.cursor:   Cursor: 54/60 frames (54 detections)
2026-03-16 20:41:51,354 INFO vex_extract.cursor:   Cursor: pass 2 — 15 frames at 5.0 FPS [213500ms-216500ms]
2026-03-16 20:41:51,388 INFO vex_extract.cursor:   Cursor: 1/15 frames (1 detections)
2026-03-16 20:41:51,395 INFO vex_extract.cursor:   Cursor: 2/15 frames (2 detections)
2026-03-16 20:41:51,402 INFO vex_extract.cursor:   Cursor: 3/15 frames (3 detections)
2026-03-16 20:41:51,408 INFO vex_extract.cursor:   Cursor: 4/15 frames (4 detections)
2026-03-16 20:41:51,415 INFO vex_extract.cursor:   Cursor: 5/15 frames (5 detections)
2026-03-16 20:41:51,421 INFO vex_extract.cursor:   Cursor: 6/15 frames (6 detections)
2026-03-16 20:41:51,434 INFO vex_extract.cursor:   Cursor: 7/15 frames (7 detections)
2026-03-16 20:41:51,447 INFO vex_extract.cursor:   Cursor: 8/15 frames (8 detections)
2026-03-16 20:41:51,460 INFO vex_extract.cursor:   Cursor: 9/15 frames (9 detections)
2026-03-16 20:41:51,473 INFO vex_extract.cursor:   Cursor: 10/15 frames (10 detections)
2026-03-16 20:41:51,487 INFO vex_extract.cursor:   Cursor: 11/15 frames (11 detections)
2026-03-16 20:41:51,500 INFO vex_extract.cursor:   Cursor: 12/15 frames (12 detections)
2026-03-16 20:41:51,513 INFO vex_extract.cursor:   Cursor: 13/15 frames (13 detections)
2026-03-16 20:41:51,527 INFO vex_extract.cursor:   Cursor: 14/15 frames (14 detections)
2026-03-16 20:41:52,472 INFO vex_extract.cursor:   Cursor: pass 2 — 24 frames at 5.0 FPS [219500ms-224500ms]
2026-03-16 20:41:52,563 INFO vex_extract.cursor:   Cursor: 2/24 frames (2 detections)
2026-03-16 20:41:52,590 INFO vex_extract.cursor:   Cursor: 4/24 frames (4 detections)
2026-03-16 20:41:52,617 INFO vex_extract.cursor:   Cursor: 6/24 frames (6 detections)
2026-03-16 20:41:52,643 INFO vex_extract.cursor:   Cursor: 8/24 frames (8 detections)
2026-03-16 20:41:52,669 INFO vex_extract.cursor:   Cursor: 10/24 frames (10 detections)
2026-03-16 20:41:52,696 INFO vex_extract.cursor:   Cursor: 12/24 frames (12 detections)
2026-03-16 20:41:52,722 INFO vex_extract.cursor:   Cursor: 14/24 frames (14 detections)
2026-03-16 20:41:52,749 INFO vex_extract.cursor:   Cursor: 16/24 frames (16 detections)
2026-03-16 20:41:52,775 INFO vex_extract.cursor:   Cursor: 18/24 frames (18 detections)
2026-03-16 20:41:52,802 INFO vex_extract.cursor:   Cursor: 20/24 frames (20 detections)
2026-03-16 20:41:52,828 INFO vex_extract.cursor:   Cursor: 22/24 frames (22 detections)
2026-03-16 20:41:53,799 INFO vex_extract.cursor:   Cursor: pass 2 — 19 frames at 5.0 FPS [227500ms-231500ms]
2026-03-16 20:41:53,879 INFO vex_extract.cursor:   Cursor: 1/19 frames (1 detections)
2026-03-16 20:41:53,892 INFO vex_extract.cursor:   Cursor: 2/19 frames (2 detections)
2026-03-16 20:41:53,905 INFO vex_extract.cursor:   Cursor: 3/19 frames (3 detections)
2026-03-16 20:41:53,919 INFO vex_extract.cursor:   Cursor: 4/19 frames (4 detections)
2026-03-16 20:41:53,932 INFO vex_extract.cursor:   Cursor: 5/19 frames (5 detections)
2026-03-16 20:41:53,945 INFO vex_extract.cursor:   Cursor: 6/19 frames (6 detections)
2026-03-16 20:41:53,958 INFO vex_extract.cursor:   Cursor: 7/19 frames (7 detections)
2026-03-16 20:41:53,971 INFO vex_extract.cursor:   Cursor: 8/19 frames (8 detections)
2026-03-16 20:41:53,983 INFO vex_extract.cursor:   Cursor: 9/19 frames (9 detections)
2026-03-16 20:41:53,997 INFO vex_extract.cursor:   Cursor: 10/19 frames (10 detections)
2026-03-16 20:41:54,010 INFO vex_extract.cursor:   Cursor: 11/19 frames (11 detections)
2026-03-16 20:41:54,023 INFO vex_extract.cursor:   Cursor: 12/19 frames (12 detections)
2026-03-16 20:41:54,036 INFO vex_extract.cursor:   Cursor: 13/19 frames (13 detections)
2026-03-16 20:41:54,049 INFO vex_extract.cursor:   Cursor: 14/19 frames (14 detections)
2026-03-16 20:41:54,062 INFO vex_extract.cursor:   Cursor: 15/19 frames (15 detections)
2026-03-16 20:41:54,075 INFO vex_extract.cursor:   Cursor: 16/19 frames (16 detections)
2026-03-16 20:41:54,088 INFO vex_extract.cursor:   Cursor: 17/19 frames (17 detections)
2026-03-16 20:41:54,101 INFO vex_extract.cursor:   Cursor: 18/19 frames (18 detections)
2026-03-16 20:41:55,052 INFO vex_extract.cursor:   Cursor: pass 2 — 10 frames at 5.0 FPS [232500ms-234500ms]
2026-03-16 20:41:55,131 INFO vex_extract.cursor:   Cursor: 1/10 frames (1 detections)
2026-03-16 20:41:55,144 INFO vex_extract.cursor:   Cursor: 2/10 frames (2 detections)
2026-03-16 20:41:55,157 INFO vex_extract.cursor:   Cursor: 3/10 frames (3 detections)
2026-03-16 20:41:55,170 INFO vex_extract.cursor:   Cursor: 4/10 frames (4 detections)
2026-03-16 20:41:55,183 INFO vex_extract.cursor:   Cursor: 5/10 frames (5 detections)
2026-03-16 20:41:55,197 INFO vex_extract.cursor:   Cursor: 6/10 frames (6 detections)
2026-03-16 20:41:55,210 INFO vex_extract.cursor:   Cursor: 7/10 frames (7 detections)
2026-03-16 20:41:55,223 INFO vex_extract.cursor:   Cursor: 8/10 frames (8 detections)
2026-03-16 20:41:55,236 INFO vex_extract.cursor:   Cursor: 9/10 frames (9 detections)
2026-03-16 20:41:56,334 INFO vex_extract.cursor:   Cursor: pass 2 — 52 frames at 5.0 FPS [235500ms-246500ms]
2026-03-16 20:41:56,465 INFO vex_extract.cursor:   Cursor: 5/52 frames (5 detections)
2026-03-16 20:41:56,531 INFO vex_extract.cursor:   Cursor: 10/52 frames (10 detections)
2026-03-16 20:41:56,597 INFO vex_extract.cursor:   Cursor: 15/52 frames (15 detections)
2026-03-16 20:41:56,662 INFO vex_extract.cursor:   Cursor: 20/52 frames (20 detections)
2026-03-16 20:41:56,730 INFO vex_extract.cursor:   Cursor: 25/52 frames (25 detections)
2026-03-16 20:41:56,797 INFO vex_extract.cursor:   Cursor: 30/52 frames (30 detections)
2026-03-16 20:41:56,864 INFO vex_extract.cursor:   Cursor: 35/52 frames (35 detections)
2026-03-16 20:41:56,930 INFO vex_extract.cursor:   Cursor: 40/52 frames (40 detections)
2026-03-16 20:41:56,997 INFO vex_extract.cursor:   Cursor: 45/52 frames (45 detections)
2026-03-16 20:41:57,064 INFO vex_extract.cursor:   Cursor: 50/52 frames (50 detections)
2026-03-16 20:41:58,325 INFO vex_extract.cursor:   Cursor: pass 2 — 78 frames at 5.0 FPS [252500ms-268500ms]
2026-03-16 20:41:58,419 INFO vex_extract.cursor:   Cursor: 7/78 frames (7 detections)
2026-03-16 20:41:58,511 INFO vex_extract.cursor:   Cursor: 14/78 frames (14 detections)
2026-03-16 20:41:58,604 INFO vex_extract.cursor:   Cursor: 21/78 frames (21 detections)
2026-03-16 20:41:58,695 INFO vex_extract.cursor:   Cursor: 28/78 frames (28 detections)
2026-03-16 20:41:58,789 INFO vex_extract.cursor:   Cursor: 35/78 frames (35 detections)
2026-03-16 20:41:58,882 INFO vex_extract.cursor:   Cursor: 42/78 frames (42 detections)
2026-03-16 20:41:58,975 INFO vex_extract.cursor:   Cursor: 49/78 frames (49 detections)
2026-03-16 20:41:59,068 INFO vex_extract.cursor:   Cursor: 56/78 frames (56 detections)
2026-03-16 20:41:59,160 INFO vex_extract.cursor:   Cursor: 63/78 frames (63 detections)
2026-03-16 20:41:59,251 INFO vex_extract.cursor:   Cursor: 70/78 frames (70 detections)
2026-03-16 20:41:59,345 INFO vex_extract.cursor:   Cursor: 77/78 frames (77 detections)
2026-03-16 20:42:00,495 INFO vex_extract.cursor:   Cursor: pass 2 — 21 frames at 5.0 FPS [272500ms-276500ms]
2026-03-16 20:42:00,588 INFO vex_extract.cursor:   Cursor: 2/21 frames (2 detections)
2026-03-16 20:42:00,615 INFO vex_extract.cursor:   Cursor: 4/21 frames (4 detections)
2026-03-16 20:42:00,641 INFO vex_extract.cursor:   Cursor: 6/21 frames (6 detections)
2026-03-16 20:42:00,668 INFO vex_extract.cursor:   Cursor: 8/21 frames (8 detections)
2026-03-16 20:42:00,695 INFO vex_extract.cursor:   Cursor: 10/21 frames (10 detections)
2026-03-16 20:42:00,721 INFO vex_extract.cursor:   Cursor: 12/21 frames (12 detections)
2026-03-16 20:42:00,748 INFO vex_extract.cursor:   Cursor: 14/21 frames (14 detections)
2026-03-16 20:42:00,775 INFO vex_extract.cursor:   Cursor: 16/21 frames (16 detections)
2026-03-16 20:42:00,801 INFO vex_extract.cursor:   Cursor: 18/21 frames (18 detections)
2026-03-16 20:42:00,828 INFO vex_extract.cursor:   Cursor: 20/21 frames (20 detections)
2026-03-16 20:42:01,965 INFO vex_extract.cursor:   Cursor: pass 2 — 11 frames at 5.0 FPS [279500ms-281500ms]
2026-03-16 20:42:02,046 INFO vex_extract.cursor:   Cursor: 1/11 frames (1 detections)
2026-03-16 20:42:02,060 INFO vex_extract.cursor:   Cursor: 2/11 frames (2 detections)
2026-03-16 20:42:02,073 INFO vex_extract.cursor:   Cursor: 3/11 frames (3 detections)
2026-03-16 20:42:02,087 INFO vex_extract.cursor:   Cursor: 4/11 frames (4 detections)
2026-03-16 20:42:02,100 INFO vex_extract.cursor:   Cursor: 5/11 frames (5 detections)
2026-03-16 20:42:02,113 INFO vex_extract.cursor:   Cursor: 6/11 frames (6 detections)
2026-03-16 20:42:02,126 INFO vex_extract.cursor:   Cursor: 7/11 frames (7 detections)
2026-03-16 20:42:02,139 INFO vex_extract.cursor:   Cursor: 8/11 frames (8 detections)
2026-03-16 20:42:02,152 INFO vex_extract.cursor:   Cursor: 9/11 frames (9 detections)
2026-03-16 20:42:02,165 INFO vex_extract.cursor:   Cursor: 10/11 frames (10 detections)
2026-03-16 20:42:03,395 INFO vex_extract.cursor:   Cursor: pass 2 — 31 frames at 5.0 FPS [286500ms-292500ms]
2026-03-16 20:42:03,469 INFO vex_extract.cursor:   Cursor: 3/31 frames (3 detections)
2026-03-16 20:42:03,488 INFO vex_extract.cursor:   Cursor: 6/31 frames (6 detections)
2026-03-16 20:42:03,508 INFO vex_extract.cursor:   Cursor: 9/31 frames (9 detections)
2026-03-16 20:42:03,528 INFO vex_extract.cursor:   Cursor: 12/31 frames (12 detections)
2026-03-16 20:42:03,548 INFO vex_extract.cursor:   Cursor: 15/31 frames (15 detections)
2026-03-16 20:42:03,581 INFO vex_extract.cursor:   Cursor: 18/31 frames (18 detections)
2026-03-16 20:42:03,620 INFO vex_extract.cursor:   Cursor: 21/31 frames (21 detections)
2026-03-16 20:42:03,659 INFO vex_extract.cursor:   Cursor: 24/31 frames (24 detections)
2026-03-16 20:42:03,699 INFO vex_extract.cursor:   Cursor: 27/31 frames (27 detections)
2026-03-16 20:42:03,739 INFO vex_extract.cursor:   Cursor: 30/31 frames (30 detections)
2026-03-16 20:42:05,020 INFO vex_extract.cursor:   Cursor: pass 2 — 36 frames at 5.0 FPS [294500ms-301500ms]
2026-03-16 20:42:05,125 INFO vex_extract.cursor:   Cursor: 3/36 frames (3 detections)
2026-03-16 20:42:05,165 INFO vex_extract.cursor:   Cursor: 6/36 frames (6 detections)
2026-03-16 20:42:05,205 INFO vex_extract.cursor:   Cursor: 9/36 frames (9 detections)
2026-03-16 20:42:05,245 INFO vex_extract.cursor:   Cursor: 12/36 frames (12 detections)
2026-03-16 20:42:05,285 INFO vex_extract.cursor:   Cursor: 15/36 frames (15 detections)
2026-03-16 20:42:05,325 INFO vex_extract.cursor:   Cursor: 18/36 frames (18 detections)
2026-03-16 20:42:05,364 INFO vex_extract.cursor:   Cursor: 21/36 frames (21 detections)
2026-03-16 20:42:05,404 INFO vex_extract.cursor:   Cursor: 24/36 frames (24 detections)
2026-03-16 20:42:05,443 INFO vex_extract.cursor:   Cursor: 27/36 frames (27 detections)
2026-03-16 20:42:05,483 INFO vex_extract.cursor:   Cursor: 30/36 frames (30 detections)
2026-03-16 20:42:05,524 INFO vex_extract.cursor:   Cursor: 33/36 frames (33 detections)
2026-03-16 20:42:06,868 INFO vex_extract.cursor:   Cursor: pass 2 — 41 frames at 5.0 FPS [302500ms-310500ms]
2026-03-16 20:42:06,986 INFO vex_extract.cursor:   Cursor: 4/41 frames (4 detections)
2026-03-16 20:42:07,039 INFO vex_extract.cursor:   Cursor: 8/41 frames (8 detections)
2026-03-16 20:42:07,092 INFO vex_extract.cursor:   Cursor: 12/41 frames (12 detections)
2026-03-16 20:42:07,145 INFO vex_extract.cursor:   Cursor: 16/41 frames (16 detections)
2026-03-16 20:42:07,198 INFO vex_extract.cursor:   Cursor: 20/41 frames (20 detections)
2026-03-16 20:42:07,251 INFO vex_extract.cursor:   Cursor: 24/41 frames (24 detections)
2026-03-16 20:42:07,305 INFO vex_extract.cursor:   Cursor: 28/41 frames (28 detections)
2026-03-16 20:42:07,358 INFO vex_extract.cursor:   Cursor: 32/41 frames (32 detections)
2026-03-16 20:42:07,412 INFO vex_extract.cursor:   Cursor: 36/41 frames (36 detections)
2026-03-16 20:42:07,464 INFO vex_extract.cursor:   Cursor: 40/41 frames (40 detections)
2026-03-16 20:42:08,740 INFO vex_extract.cursor:   Cursor: pass 2 — 16 frames at 5.0 FPS [311500ms-314500ms]
2026-03-16 20:42:08,820 INFO vex_extract.cursor:   Cursor: 1/16 frames (1 detections)
2026-03-16 20:42:08,833 INFO vex_extract.cursor:   Cursor: 2/16 frames (2 detections)
2026-03-16 20:42:08,846 INFO vex_extract.cursor:   Cursor: 3/16 frames (3 detections)
2026-03-16 20:42:08,859 INFO vex_extract.cursor:   Cursor: 4/16 frames (4 detections)
2026-03-16 20:42:08,872 INFO vex_extract.cursor:   Cursor: 5/16 frames (5 detections)
2026-03-16 20:42:08,886 INFO vex_extract.cursor:   Cursor: 6/16 frames (6 detections)
2026-03-16 20:42:08,899 INFO vex_extract.cursor:   Cursor: 7/16 frames (7 detections)
2026-03-16 20:42:08,912 INFO vex_extract.cursor:   Cursor: 8/16 frames (8 detections)
2026-03-16 20:42:08,925 INFO vex_extract.cursor:   Cursor: 9/16 frames (9 detections)
2026-03-16 20:42:08,938 INFO vex_extract.cursor:   Cursor: 10/16 frames (10 detections)
2026-03-16 20:42:08,952 INFO vex_extract.cursor:   Cursor: 11/16 frames (11 detections)
2026-03-16 20:42:08,965 INFO vex_extract.cursor:   Cursor: 12/16 frames (12 detections)
2026-03-16 20:42:08,978 INFO vex_extract.cursor:   Cursor: 13/16 frames (13 detections)
2026-03-16 20:42:08,991 INFO vex_extract.cursor:   Cursor: 14/16 frames (14 detections)
2026-03-16 20:42:09,005 INFO vex_extract.cursor:   Cursor: 15/16 frames (15 detections)
2026-03-16 20:42:10,350 INFO vex_extract.cursor:   Cursor: pass 2 — 31 frames at 5.0 FPS [316500ms-322500ms]
2026-03-16 20:42:10,455 INFO vex_extract.cursor:   Cursor: 3/31 frames (3 detections)
2026-03-16 20:42:10,495 INFO vex_extract.cursor:   Cursor: 6/31 frames (6 detections)
2026-03-16 20:42:10,534 INFO vex_extract.cursor:   Cursor: 9/31 frames (9 detections)
2026-03-16 20:42:10,574 INFO vex_extract.cursor:   Cursor: 12/31 frames (12 detections)
2026-03-16 20:42:10,614 INFO vex_extract.cursor:   Cursor: 15/31 frames (15 detections)
2026-03-16 20:42:10,654 INFO vex_extract.cursor:   Cursor: 18/31 frames (18 detections)
2026-03-16 20:42:10,693 INFO vex_extract.cursor:   Cursor: 21/31 frames (21 detections)
2026-03-16 20:42:10,733 INFO vex_extract.cursor:   Cursor: 24/31 frames (24 detections)
2026-03-16 20:42:10,773 INFO vex_extract.cursor:   Cursor: 27/31 frames (27 detections)
2026-03-16 20:42:10,812 INFO vex_extract.cursor:   Cursor: 30/31 frames (30 detections)
2026-03-16 20:42:12,143 INFO vex_extract.cursor:   Cursor: pass 2 — 16 frames at 5.0 FPS [323500ms-326500ms]
2026-03-16 20:42:12,223 INFO vex_extract.cursor:   Cursor: 1/16 frames (1 detections)
2026-03-16 20:42:12,236 INFO vex_extract.cursor:   Cursor: 2/16 frames (2 detections)
2026-03-16 20:42:12,249 INFO vex_extract.cursor:   Cursor: 3/16 frames (3 detections)
2026-03-16 20:42:12,263 INFO vex_extract.cursor:   Cursor: 4/16 frames (4 detections)
2026-03-16 20:42:12,276 INFO vex_extract.cursor:   Cursor: 5/16 frames (5 detections)
2026-03-16 20:42:12,290 INFO vex_extract.cursor:   Cursor: 6/16 frames (6 detections)
2026-03-16 20:42:12,303 INFO vex_extract.cursor:   Cursor: 7/16 frames (7 detections)
2026-03-16 20:42:12,316 INFO vex_extract.cursor:   Cursor: 8/16 frames (8 detections)
2026-03-16 20:42:12,329 INFO vex_extract.cursor:   Cursor: 9/16 frames (9 detections)
2026-03-16 20:42:12,343 INFO vex_extract.cursor:   Cursor: 10/16 frames (10 detections)
2026-03-16 20:42:12,356 INFO vex_extract.cursor:   Cursor: 11/16 frames (11 detections)
2026-03-16 20:42:12,370 INFO vex_extract.cursor:   Cursor: 12/16 frames (12 detections)
2026-03-16 20:42:12,383 INFO vex_extract.cursor:   Cursor: 13/16 frames (13 detections)
2026-03-16 20:42:12,396 INFO vex_extract.cursor:   Cursor: 14/16 frames (14 detections)
2026-03-16 20:42:12,409 INFO vex_extract.cursor:   Cursor: 15/16 frames (15 detections)
2026-03-16 20:42:13,904 INFO vex_extract.cursor:   Cursor: pass 2 — 61 frames at 5.0 FPS [327500ms-339500ms]
2026-03-16 20:42:14,050 INFO vex_extract.cursor:   Cursor: 6/61 frames (6 detections)
2026-03-16 20:42:14,128 INFO vex_extract.cursor:   Cursor: 12/61 frames (12 detections)
2026-03-16 20:42:14,207 INFO vex_extract.cursor:   Cursor: 18/61 frames (18 detections)
2026-03-16 20:42:14,286 INFO vex_extract.cursor:   Cursor: 24/61 frames (24 detections)
2026-03-16 20:42:14,365 INFO vex_extract.cursor:   Cursor: 30/61 frames (30 detections)
2026-03-16 20:42:14,444 INFO vex_extract.cursor:   Cursor: 36/61 frames (36 detections)
2026-03-16 20:42:14,523 INFO vex_extract.cursor:   Cursor: 42/61 frames (42 detections)
2026-03-16 20:42:14,603 INFO vex_extract.cursor:   Cursor: 48/61 frames (48 detections)
2026-03-16 20:42:14,683 INFO vex_extract.cursor:   Cursor: 54/61 frames (54 detections)
2026-03-16 20:42:14,762 INFO vex_extract.cursor:   Cursor: 60/61 frames (60 detections)
2026-03-16 20:42:16,179 INFO vex_extract.cursor:   Cursor: pass 2 — 21 frames at 5.0 FPS [343500ms-347500ms]
2026-03-16 20:42:16,271 INFO vex_extract.cursor:   Cursor: 2/21 frames (2 detections)
2026-03-16 20:42:16,298 INFO vex_extract.cursor:   Cursor: 4/21 frames (4 detections)
2026-03-16 20:42:16,325 INFO vex_extract.cursor:   Cursor: 6/21 frames (6 detections)
2026-03-16 20:42:16,351 INFO vex_extract.cursor:   Cursor: 8/21 frames (8 detections)
2026-03-16 20:42:16,377 INFO vex_extract.cursor:   Cursor: 10/21 frames (10 detections)
2026-03-16 20:42:16,404 INFO vex_extract.cursor:   Cursor: 12/21 frames (12 detections)
2026-03-16 20:42:16,430 INFO vex_extract.cursor:   Cursor: 14/21 frames (14 detections)
2026-03-16 20:42:16,456 INFO vex_extract.cursor:   Cursor: 16/21 frames (16 detections)
2026-03-16 20:42:16,483 INFO vex_extract.cursor:   Cursor: 18/21 frames (18 detections)
2026-03-16 20:42:16,509 INFO vex_extract.cursor:   Cursor: 20/21 frames (20 detections)
2026-03-16 20:42:17,947 INFO vex_extract.cursor:   Cursor: pass 2 — 16 frames at 5.0 FPS [352500ms-355500ms]
2026-03-16 20:42:17,980 INFO vex_extract.cursor:   Cursor: 1/16 frames (1 detections)
2026-03-16 20:42:17,986 INFO vex_extract.cursor:   Cursor: 2/16 frames (2 detections)
2026-03-16 20:42:17,993 INFO vex_extract.cursor:   Cursor: 3/16 frames (3 detections)
2026-03-16 20:42:18,000 INFO vex_extract.cursor:   Cursor: 4/16 frames (4 detections)
2026-03-16 20:42:18,013 INFO vex_extract.cursor:   Cursor: 5/16 frames (5 detections)
2026-03-16 20:42:18,026 INFO vex_extract.cursor:   Cursor: 6/16 frames (6 detections)
2026-03-16 20:42:18,039 INFO vex_extract.cursor:   Cursor: 7/16 frames (7 detections)
2026-03-16 20:42:18,051 INFO vex_extract.cursor:   Cursor: 8/16 frames (8 detections)
2026-03-16 20:42:18,064 INFO vex_extract.cursor:   Cursor: 9/16 frames (9 detections)
2026-03-16 20:42:18,078 INFO vex_extract.cursor:   Cursor: 10/16 frames (10 detections)
2026-03-16 20:42:18,091 INFO vex_extract.cursor:   Cursor: 11/16 frames (11 detections)
2026-03-16 20:42:18,104 INFO vex_extract.cursor:   Cursor: 12/16 frames (12 detections)
2026-03-16 20:42:18,117 INFO vex_extract.cursor:   Cursor: 13/16 frames (13 detections)
2026-03-16 20:42:18,130 INFO vex_extract.cursor:   Cursor: 14/16 frames (14 detections)
2026-03-16 20:42:18,143 INFO vex_extract.cursor:   Cursor: 15/16 frames (15 detections)
2026-03-16 20:42:19,607 INFO vex_extract.cursor:   Cursor: pass 2 — 16 frames at 5.0 FPS [360500ms-363500ms]
2026-03-16 20:42:19,686 INFO vex_extract.cursor:   Cursor: 1/16 frames (1 detections)
2026-03-16 20:42:19,700 INFO vex_extract.cursor:   Cursor: 2/16 frames (2 detections)
2026-03-16 20:42:19,713 INFO vex_extract.cursor:   Cursor: 3/16 frames (3 detections)
2026-03-16 20:42:19,726 INFO vex_extract.cursor:   Cursor: 4/16 frames (4 detections)
2026-03-16 20:42:19,740 INFO vex_extract.cursor:   Cursor: 5/16 frames (5 detections)
2026-03-16 20:42:19,753 INFO vex_extract.cursor:   Cursor: 6/16 frames (6 detections)
2026-03-16 20:42:19,766 INFO vex_extract.cursor:   Cursor: 7/16 frames (7 detections)
2026-03-16 20:42:19,779 INFO vex_extract.cursor:   Cursor: 8/16 frames (8 detections)
2026-03-16 20:42:19,793 INFO vex_extract.cursor:   Cursor: 9/16 frames (9 detections)
2026-03-16 20:42:19,806 INFO vex_extract.cursor:   Cursor: 10/16 frames (10 detections)
2026-03-16 20:42:19,819 INFO vex_extract.cursor:   Cursor: 11/16 frames (11 detections)
2026-03-16 20:42:19,832 INFO vex_extract.cursor:   Cursor: 12/16 frames (12 detections)
2026-03-16 20:42:19,846 INFO vex_extract.cursor:   Cursor: 13/16 frames (13 detections)
2026-03-16 20:42:19,859 INFO vex_extract.cursor:   Cursor: 14/16 frames (14 detections)
2026-03-16 20:42:19,872 INFO vex_extract.cursor:   Cursor: 15/16 frames (15 detections)
2026-03-16 20:42:21,389 INFO vex_extract.cursor:   Cursor: pass 2 — 21 frames at 5.0 FPS [370500ms-374500ms]
2026-03-16 20:42:21,482 INFO vex_extract.cursor:   Cursor: 2/21 frames (2 detections)
2026-03-16 20:42:21,508 INFO vex_extract.cursor:   Cursor: 4/21 frames (4 detections)
2026-03-16 20:42:21,534 INFO vex_extract.cursor:   Cursor: 6/21 frames (6 detections)
2026-03-16 20:42:21,560 INFO vex_extract.cursor:   Cursor: 8/21 frames (8 detections)
2026-03-16 20:42:21,586 INFO vex_extract.cursor:   Cursor: 10/21 frames (10 detections)
2026-03-16 20:42:21,612 INFO vex_extract.cursor:   Cursor: 12/21 frames (12 detections)
2026-03-16 20:42:21,639 INFO vex_extract.cursor:   Cursor: 14/21 frames (14 detections)
2026-03-16 20:42:21,665 INFO vex_extract.cursor:   Cursor: 16/21 frames (16 detections)
2026-03-16 20:42:21,691 INFO vex_extract.cursor:   Cursor: 18/21 frames (18 detections)
2026-03-16 20:42:21,717 INFO vex_extract.cursor:   Cursor: 20/21 frames (20 detections)
2026-03-16 20:42:23,387 INFO vex_extract.cursor:   Cursor: pass 2 — 61 frames at 5.0 FPS [377500ms-389500ms]
2026-03-16 20:42:23,452 INFO vex_extract.cursor:   Cursor: 6/61 frames (6 detections)
2026-03-16 20:42:23,531 INFO vex_extract.cursor:   Cursor: 12/61 frames (12 detections)
2026-03-16 20:42:23,610 INFO vex_extract.cursor:   Cursor: 18/61 frames (18 detections)
2026-03-16 20:42:23,689 INFO vex_extract.cursor:   Cursor: 24/61 frames (24 detections)
2026-03-16 20:42:23,767 INFO vex_extract.cursor:   Cursor: 30/61 frames (30 detections)
2026-03-16 20:42:23,846 INFO vex_extract.cursor:   Cursor: 36/61 frames (36 detections)
2026-03-16 20:42:23,924 INFO vex_extract.cursor:   Cursor: 42/61 frames (42 detections)
2026-03-16 20:42:24,003 INFO vex_extract.cursor:   Cursor: 48/61 frames (48 detections)
2026-03-16 20:42:24,081 INFO vex_extract.cursor:   Cursor: 54/61 frames (54 detections)
2026-03-16 20:42:24,159 INFO vex_extract.cursor:   Cursor: 60/61 frames (60 detections)
2026-03-16 20:42:25,734 INFO vex_extract.cursor:   Cursor: pass 2 — 16 frames at 5.0 FPS [390500ms-393500ms]
2026-03-16 20:42:25,814 INFO vex_extract.cursor:   Cursor: 1/16 frames (1 detections)
2026-03-16 20:42:25,827 INFO vex_extract.cursor:   Cursor: 2/16 frames (2 detections)
2026-03-16 20:42:25,840 INFO vex_extract.cursor:   Cursor: 3/16 frames (3 detections)
2026-03-16 20:42:25,854 INFO vex_extract.cursor:   Cursor: 4/16 frames (4 detections)
2026-03-16 20:42:25,867 INFO vex_extract.cursor:   Cursor: 5/16 frames (5 detections)
2026-03-16 20:42:25,880 INFO vex_extract.cursor:   Cursor: 6/16 frames (6 detections)
2026-03-16 20:42:25,894 INFO vex_extract.cursor:   Cursor: 7/16 frames (7 detections)
2026-03-16 20:42:25,907 INFO vex_extract.cursor:   Cursor: 8/16 frames (8 detections)
2026-03-16 20:42:25,920 INFO vex_extract.cursor:   Cursor: 9/16 frames (9 detections)
2026-03-16 20:42:25,933 INFO vex_extract.cursor:   Cursor: 10/16 frames (10 detections)
2026-03-16 20:42:25,946 INFO vex_extract.cursor:   Cursor: 11/16 frames (11 detections)
2026-03-16 20:42:25,960 INFO vex_extract.cursor:   Cursor: 12/16 frames (12 detections)
2026-03-16 20:42:25,973 INFO vex_extract.cursor:   Cursor: 13/16 frames (13 detections)
2026-03-16 20:42:25,986 INFO vex_extract.cursor:   Cursor: 14/16 frames (14 detections)
2026-03-16 20:42:26,000 INFO vex_extract.cursor:   Cursor: 15/16 frames (15 detections)
2026-03-16 20:42:27,605 INFO vex_extract.cursor:   Cursor: pass 2 — 16 frames at 5.0 FPS [396500ms-399500ms]
2026-03-16 20:42:27,639 INFO vex_extract.cursor:   Cursor: 1/16 frames (1 detections)
2026-03-16 20:42:27,645 INFO vex_extract.cursor:   Cursor: 2/16 frames (2 detections)
2026-03-16 20:42:27,652 INFO vex_extract.cursor:   Cursor: 3/16 frames (3 detections)
2026-03-16 20:42:27,658 INFO vex_extract.cursor:   Cursor: 4/16 frames (4 detections)
2026-03-16 20:42:27,665 INFO vex_extract.cursor:   Cursor: 5/16 frames (5 detections)
2026-03-16 20:42:27,671 INFO vex_extract.cursor:   Cursor: 6/16 frames (6 detections)
2026-03-16 20:42:27,684 INFO vex_extract.cursor:   Cursor: 7/16 frames (7 detections)
2026-03-16 20:42:27,698 INFO vex_extract.cursor:   Cursor: 8/16 frames (8 detections)
2026-03-16 20:42:27,711 INFO vex_extract.cursor:   Cursor: 9/16 frames (9 detections)
2026-03-16 20:42:27,724 INFO vex_extract.cursor:   Cursor: 10/16 frames (10 detections)
2026-03-16 20:42:27,737 INFO vex_extract.cursor:   Cursor: 11/16 frames (11 detections)
2026-03-16 20:42:27,750 INFO vex_extract.cursor:   Cursor: 12/16 frames (12 detections)
2026-03-16 20:42:27,764 INFO vex_extract.cursor:   Cursor: 13/16 frames (13 detections)
2026-03-16 20:42:27,776 INFO vex_extract.cursor:   Cursor: 14/16 frames (14 detections)
2026-03-16 20:42:27,790 INFO vex_extract.cursor:   Cursor: 15/16 frames (15 detections)
2026-03-16 20:42:29,425 INFO vex_extract.cursor:   Cursor: pass 2 — 21 frames at 5.0 FPS [400500ms-404500ms]
2026-03-16 20:42:29,517 INFO vex_extract.cursor:   Cursor: 2/21 frames (2 detections)
2026-03-16 20:42:29,544 INFO vex_extract.cursor:   Cursor: 4/21 frames (4 detections)
2026-03-16 20:42:29,570 INFO vex_extract.cursor:   Cursor: 6/21 frames (6 detections)
2026-03-16 20:42:29,596 INFO vex_extract.cursor:   Cursor: 8/21 frames (8 detections)
2026-03-16 20:42:29,622 INFO vex_extract.cursor:   Cursor: 10/21 frames (10 detections)
2026-03-16 20:42:29,649 INFO vex_extract.cursor:   Cursor: 12/21 frames (12 detections)
2026-03-16 20:42:29,676 INFO vex_extract.cursor:   Cursor: 14/21 frames (14 detections)
2026-03-16 20:42:29,702 INFO vex_extract.cursor:   Cursor: 16/21 frames (16 detections)
2026-03-16 20:42:29,728 INFO vex_extract.cursor:   Cursor: 18/21 frames (18 detections)
2026-03-16 20:42:29,755 INFO vex_extract.cursor:   Cursor: 20/21 frames (20 detections)
2026-03-16 20:42:31,431 INFO vex_extract.cursor:   Cursor: pass 2 — 25 frames at 5.0 FPS [407500ms-412500ms]
2026-03-16 20:42:31,523 INFO vex_extract.cursor:   Cursor: 2/25 frames (2 detections)
2026-03-16 20:42:31,550 INFO vex_extract.cursor:   Cursor: 4/25 frames (4 detections)
2026-03-16 20:42:31,575 INFO vex_extract.cursor:   Cursor: 6/25 frames (6 detections)
2026-03-16 20:42:31,601 INFO vex_extract.cursor:   Cursor: 8/25 frames (8 detections)
2026-03-16 20:42:31,627 INFO vex_extract.cursor:   Cursor: 10/25 frames (10 detections)
2026-03-16 20:42:31,654 INFO vex_extract.cursor:   Cursor: 12/25 frames (12 detections)
2026-03-16 20:42:31,680 INFO vex_extract.cursor:   Cursor: 14/25 frames (14 detections)
2026-03-16 20:42:31,706 INFO vex_extract.cursor:   Cursor: 16/25 frames (16 detections)
2026-03-16 20:42:31,732 INFO vex_extract.cursor:   Cursor: 18/25 frames (18 detections)
2026-03-16 20:42:31,758 INFO vex_extract.cursor:   Cursor: 20/25 frames (20 detections)
2026-03-16 20:42:31,785 INFO vex_extract.cursor:   Cursor: 22/25 frames (22 detections)
2026-03-16 20:42:31,812 INFO vex_extract.cursor:   Cursor: 24/25 frames (24 detections)
2026-03-16 20:42:33,606 INFO vex_extract.cursor:   Cursor: pass 2 — 49 frames at 5.0 FPS [419500ms-429500ms]
2026-03-16 20:42:33,725 INFO vex_extract.cursor:   Cursor: 4/49 frames (4 detections)
2026-03-16 20:42:33,777 INFO vex_extract.cursor:   Cursor: 8/49 frames (8 detections)
2026-03-16 20:42:33,831 INFO vex_extract.cursor:   Cursor: 12/49 frames (12 detections)
2026-03-16 20:42:33,884 INFO vex_extract.cursor:   Cursor: 16/49 frames (16 detections)
2026-03-16 20:42:33,937 INFO vex_extract.cursor:   Cursor: 20/49 frames (20 detections)
2026-03-16 20:42:33,990 INFO vex_extract.cursor:   Cursor: 24/49 frames (24 detections)
2026-03-16 20:42:34,042 INFO vex_extract.cursor:   Cursor: 28/49 frames (28 detections)
2026-03-16 20:42:34,095 INFO vex_extract.cursor:   Cursor: 32/49 frames (32 detections)
2026-03-16 20:42:34,148 INFO vex_extract.cursor:   Cursor: 36/49 frames (36 detections)
2026-03-16 20:42:34,201 INFO vex_extract.cursor:   Cursor: 40/49 frames (40 detections)
2026-03-16 20:42:34,254 INFO vex_extract.cursor:   Cursor: 44/49 frames (44 detections)
2026-03-16 20:42:34,308 INFO vex_extract.cursor:   Cursor: 48/49 frames (48 detections)
2026-03-16 20:42:36,081 INFO vex_extract.cursor:   Cursor: pass 2 — 25 frames at 5.0 FPS [434500ms-439500ms]
2026-03-16 20:42:36,175 INFO vex_extract.cursor:   Cursor: 2/25 frames (2 detections)
2026-03-16 20:42:36,202 INFO vex_extract.cursor:   Cursor: 4/25 frames (4 detections)
2026-03-16 20:42:36,228 INFO vex_extract.cursor:   Cursor: 6/25 frames (6 detections)
2026-03-16 20:42:36,255 INFO vex_extract.cursor:   Cursor: 8/25 frames (8 detections)
2026-03-16 20:42:36,281 INFO vex_extract.cursor:   Cursor: 10/25 frames (10 detections)
2026-03-16 20:42:36,308 INFO vex_extract.cursor:   Cursor: 12/25 frames (12 detections)
2026-03-16 20:42:36,334 INFO vex_extract.cursor:   Cursor: 14/25 frames (14 detections)
2026-03-16 20:42:36,361 INFO vex_extract.cursor:   Cursor: 16/25 frames (16 detections)
2026-03-16 20:42:36,387 INFO vex_extract.cursor:   Cursor: 18/25 frames (18 detections)
2026-03-16 20:42:36,413 INFO vex_extract.cursor:   Cursor: 20/25 frames (20 detections)
2026-03-16 20:42:36,439 INFO vex_extract.cursor:   Cursor: 22/25 frames (22 detections)
2026-03-16 20:42:36,465 INFO vex_extract.cursor:   Cursor: 24/25 frames (24 detections)
2026-03-16 20:42:38,254 INFO vex_extract.cursor:   Cursor: pass 2 — 20 frames at 5.0 FPS [442500ms-446500ms]
2026-03-16 20:42:38,281 INFO vex_extract.cursor:   Cursor: 2/20 frames (2 detections)
2026-03-16 20:42:38,307 INFO vex_extract.cursor:   Cursor: 4/20 frames (4 detections)
2026-03-16 20:42:38,334 INFO vex_extract.cursor:   Cursor: 6/20 frames (6 detections)
2026-03-16 20:42:38,360 INFO vex_extract.cursor:   Cursor: 8/20 frames (8 detections)
2026-03-16 20:42:38,387 INFO vex_extract.cursor:   Cursor: 10/20 frames (10 detections)
2026-03-16 20:42:38,414 INFO vex_extract.cursor:   Cursor: 12/20 frames (12 detections)
2026-03-16 20:42:38,440 INFO vex_extract.cursor:   Cursor: 14/20 frames (14 detections)
2026-03-16 20:42:38,466 INFO vex_extract.cursor:   Cursor: 16/20 frames (16 detections)
2026-03-16 20:42:38,492 INFO vex_extract.cursor:   Cursor: 18/20 frames (18 detections)
2026-03-16 20:42:40,315 INFO vex_extract.cursor:   Cursor: pass 2 — 20 frames at 5.0 FPS [448500ms-452500ms]
2026-03-16 20:42:40,408 INFO vex_extract.cursor:   Cursor: 2/20 frames (2 detections)
2026-03-16 20:42:40,434 INFO vex_extract.cursor:   Cursor: 4/20 frames (4 detections)
2026-03-16 20:42:40,460 INFO vex_extract.cursor:   Cursor: 6/20 frames (6 detections)
2026-03-16 20:42:40,486 INFO vex_extract.cursor:   Cursor: 8/20 frames (8 detections)
2026-03-16 20:42:40,512 INFO vex_extract.cursor:   Cursor: 10/20 frames (10 detections)
2026-03-16 20:42:40,539 INFO vex_extract.cursor:   Cursor: 12/20 frames (12 detections)
2026-03-16 20:42:40,566 INFO vex_extract.cursor:   Cursor: 14/20 frames (14 detections)
2026-03-16 20:42:40,591 INFO vex_extract.cursor:   Cursor: 16/20 frames (16 detections)
2026-03-16 20:42:40,618 INFO vex_extract.cursor:   Cursor: 18/20 frames (18 detections)
2026-03-16 20:42:42,433 INFO vex_extract.cursor:   Cursor: pass 2 — 10 frames at 5.0 FPS [453500ms-455500ms]
2026-03-16 20:42:42,466 INFO vex_extract.cursor:   Cursor: 1/10 frames (1 detections)
2026-03-16 20:42:42,473 INFO vex_extract.cursor:   Cursor: 2/10 frames (2 detections)
2026-03-16 20:42:42,479 INFO vex_extract.cursor:   Cursor: 3/10 frames (3 detections)
2026-03-16 20:42:42,492 INFO vex_extract.cursor:   Cursor: 4/10 frames (4 detections)
2026-03-16 20:42:42,499 INFO vex_extract.cursor:   Cursor: 5/10 frames (5 detections)
2026-03-16 20:42:42,505 INFO vex_extract.cursor:   Cursor: 6/10 frames (6 detections)
2026-03-16 20:42:42,512 INFO vex_extract.cursor:   Cursor: 7/10 frames (7 detections)
2026-03-16 20:42:42,518 INFO vex_extract.cursor:   Cursor: 8/10 frames (8 detections)
2026-03-16 20:42:42,525 INFO vex_extract.cursor:   Cursor: 9/10 frames (9 detections)
2026-03-16 20:42:44,344 INFO vex_extract.cursor:   Cursor: pass 2 — 9 frames at 5.0 FPS [461500ms-463500ms]
2026-03-16 20:42:44,424 INFO vex_extract.cursor:   Cursor: 1/9 frames (1 detections)
2026-03-16 20:42:44,437 INFO vex_extract.cursor:   Cursor: 2/9 frames (2 detections)
2026-03-16 20:42:44,450 INFO vex_extract.cursor:   Cursor: 3/9 frames (3 detections)
2026-03-16 20:42:44,464 INFO vex_extract.cursor:   Cursor: 4/9 frames (4 detections)
2026-03-16 20:42:44,477 INFO vex_extract.cursor:   Cursor: 5/9 frames (5 detections)
2026-03-16 20:42:44,483 INFO vex_extract.cursor:   Cursor: 6/9 frames (6 detections)
2026-03-16 20:42:44,490 INFO vex_extract.cursor:   Cursor: 7/9 frames (7 detections)
2026-03-16 20:42:44,503 INFO vex_extract.cursor:   Cursor: 8/9 frames (8 detections)
2026-03-16 20:42:44,510 INFO vex_extract.cursor:   Cursor: merged 1604 detections (1603 detected)
2026-03-16 20:42:44,510 INFO vex_extract.cursor:   Cursor: filtering 4 static detections at (1178.0, 894.0) spanning 3000ms
2026-03-16 20:42:44,510 INFO vex_extract.cursor:   Cursor: filtering 22 static detections at (1263.0, 838.0) spanning 18133ms
2026-03-16 20:42:44,510 INFO vex_extract.cursor:   Cursor: filtering 20 static detections at (1257.0, 808.0) spanning 16100ms
2026-03-16 20:42:44,510 INFO vex_extract.cursor:   Cursor: filtering 9 static detections at (1268.0, 949.0) spanning 4300ms
2026-03-16 20:42:44,510 INFO vex_extract.cursor:   Cursor: filtering 20 static detections at (1535.0, 1019.0) spanning 4100ms
2026-03-16 20:42:44,510 INFO vex_extract.cursor:   Cursor: filtering 7 static detections at (637.0, 266.0) spanning 3933ms
2026-03-16 20:42:44,510 INFO vex_extract.cursor:   Cursor: filtering 21 static detections at (1875.0, 760.0) spanning 4267ms
2026-03-16 20:42:44,510 INFO vex_extract.cursor:   Cursor: filtering 5 static detections at (1839.0, 774.0) spanning 4000ms
2026-03-16 20:42:44,510 INFO vex_extract.cursor:   Cursor: filtering 29 static detections at (1169.0, 281.0) spanning 5600ms
2026-03-16 20:42:44,510 INFO vex_extract.cursor:   Cursor: filtering 16 static detections at (215.0, 806.0) spanning 3000ms
2026-03-16 20:42:44,510 INFO vex_extract.cursor:   Cursor: filtering 5 static detections at (1176.0, 412.0) spanning 4000ms
2026-03-16 20:42:44,510 INFO vex_extract.cursor:   Cursor: filtering 23 static detections at (1856.0, 800.0) spanning 4400ms
2026-03-16 20:42:44,511 INFO vex_extract.cursor:   Cursor: filtering 8 static detections at (731.0, 343.0) spanning 7000ms
2026-03-16 20:42:44,511 INFO vex_extract.cursor:   Cursor: filtering 10 static detections at (571.0, 25.0) spanning 3767ms
2026-03-16 20:42:44,511 INFO vex_extract.cursor:   Cursor: filtering 21 static detections at (18.0, 103.0) spanning 4300ms
2026-03-16 20:42:44,511 INFO vex_extract.cursor:   Cursor: filtering 7 static detections at (820.0, 397.0) spanning 5500ms
2026-03-16 20:42:44,511 INFO vex_extract.cursor:   Cursor: filtering 8 static detections at (1621.0, 1049.0) spanning 4100ms
2026-03-16 20:42:44,511 INFO vex_extract.cursor:   Cursor: filtering 16 static detections at (722.0, 419.0) spanning 3000ms
2026-03-16 20:42:44,511 INFO vex_extract.cursor:   Cursor: filtering 16 static detections at (1096.0, 149.0) spanning 3000ms
2026-03-16 20:42:44,511 INFO vex_extract.cursor:   Cursor: filtering 21 static detections at (409.0, 1040.0) spanning 4000ms
2026-03-16 20:42:44,511 INFO vex_extract.cursor:   Cursor: filtering 4 static detections at (378.0, 129.0) spanning 3000ms
2026-03-16 20:42:44,511 INFO vex_extract.cursor:   Cursor: filtering 5 static detections at (818.0, 413.0) spanning 4000ms
2026-03-16 20:42:44,511 INFO vex_extract.cursor:   Cursor: filtering 11 static detections at (64.0, 828.0) spanning 5500ms
2026-03-16 20:42:44,511 INFO vex_extract.cursor:   Cursor: filtering 13 static detections at (378.0, 1044.0) spanning 7500ms
2026-03-16 20:42:44,511 INFO vex_extract.cursor:   Cursor: filtering 7 static detections at (1735.0, 762.0) spanning 6000ms
2026-03-16 20:42:44,511 INFO vex_extract.cursor:   Cursor: filtering 22 static detections at (89.0, 814.0) spanning 4367ms
2026-03-16 20:42:44,511 INFO vex_extract.cursor:   Cursor: filtering 5 static detections at (1687.0, 742.0) spanning 4000ms
2026-03-16 20:42:44,511 INFO vex_extract.cursor:   Cursor: filtering 8 static detections at (711.0, 553.0) spanning 3333ms
2026-03-16 20:42:44,516 INFO vex_extract.pipeline:   Cached cursor trajectory: /Users/nic/Developer/spike-air-315-vision-processing/candidates/2026-03-14/tmp/cv/opportunity_list_ben_7476a342_cursor/cursor_trajectory.json
2026-03-16 20:42:44,516 INFO vex_extract.pipeline:   1604 cursor detections (1240 detected) in 85.4s
2026-03-16 20:42:44,516 INFO vex_extract.pipeline: Step 3: Computing optical flow...
2026-03-16 20:42:46,869 INFO vex_extract.flow:   Flow: computing across 926 frame pairs...
2026-03-16 20:42:49,929 INFO vex_extract.pipeline:   Cached flow windows: /Users/nic/Developer/spike-air-315-vision-processing/candidates/2026-03-14/tmp/cv/opportunity_list_ben_bb5a87ef_7476a342_flow/flow_windows.json
2026-03-16 20:42:49,929 INFO vex_extract.pipeline:   925 flow windows in 5.4s
2026-03-16 20:42:49,930 INFO vex_extract.pipeline: Step 4: Creating video segments...
2026-03-16 20:42:49,930 INFO vex_extract.pipeline:   7 segments
2026-03-16 20:42:49,930 INFO vex_extract.pipeline:   Segment 0: cached
2026-03-16 20:42:49,930 INFO vex_extract.pipeline:   Segment 1: cached
2026-03-16 20:42:49,930 INFO vex_extract.pipeline:   Segment 2: cached
2026-03-16 20:42:49,930 INFO vex_extract.pipeline:   Segment 3: cached
2026-03-16 20:42:49,930 INFO vex_extract.pipeline:   Segment 4: cached
2026-03-16 20:42:49,930 INFO vex_extract.pipeline:   Segment 5: cached
2026-03-16 20:42:49,930 INFO vex_extract.pipeline:   Segment 6: cached
2026-03-16 20:42:49,930 INFO vex_extract.pipeline: Step 5: Preparing prompts...
2026-03-16 20:42:49,931 INFO vex_extract.analysis: Segment 0: prompt prepared (10881 chars)
2026-03-16 20:42:49,931 INFO vex_extract.analysis: Segment 1: prompt prepared (12267 chars)
2026-03-16 20:42:49,932 INFO vex_extract.analysis: Segment 2: prompt prepared (11813 chars)
2026-03-16 20:42:49,933 INFO vex_extract.analysis: Segment 3: prompt prepared (11510 chars)
2026-03-16 20:42:49,934 INFO vex_extract.analysis: Segment 4: prompt prepared (12161 chars)
2026-03-16 20:42:49,934 INFO vex_extract.analysis: Segment 5: prompt prepared (11563 chars)
2026-03-16 20:42:49,935 INFO vex_extract.analysis: Segment 6: prompt prepared (11236 chars)
2026-03-16 20:42:49,935 INFO vex_extract.pipeline:   7 prompts prepared
2026-03-16 20:42:49,935 INFO vex_extract.pipeline: Stopped after: prompt
