2026-03-16 20:23:10,603 INFO vex_extract.pipeline: === Video Event Extractor ===
2026-03-16 20:23:10,603 INFO vex_extract.pipeline: Video: /Users/nic/Developer/spike-air-315-vision-processing/input_data/screen_tracks/opportunity_list_ben.mp4
2026-03-16 20:23:10,603 INFO vex_extract.pipeline: Offset: 182908 ms
2026-03-16 20:23:10,603 INFO vex_extract.pipeline: Run ID: 2026-03-16_102310
2026-03-16 20:23:10,603 INFO vex_extract.pipeline: Stop after: prompt
2026-03-16 20:23:10,603 INFO vex_extract.pipeline: Step 1: Normalizing video...
2026-03-16 20:23:10,603 INFO vex_extract.pipeline:   Using cached normalized video: /Users/nic/Developer/spike-air-315-vision-processing/candidates/2026-03-14/tmp/opportunity_list_ben_normalized.mp4
2026-03-16 20:23:10,654 INFO vex_extract.pipeline:   Duration: 463.4s, 1922x1078, 30.0 fps
2026-03-16 20:23:10,654 INFO vex_extract.pipeline: Step 2: Tracking cursor...
2026-03-16 20:23:14,936 INFO vex_extract.cursor:   Cursor: pass 1 — matching 927 frames at 2.0 FPS against 6 templates x 7 scales at 540p...
2026-03-16 20:23:16,638 INFO vex_extract.cursor:   Cursor: 92/927 frames (91 detections)
2026-03-16 20:23:17,951 INFO vex_extract.cursor:   Cursor: 184/927 frames (183 detections)
2026-03-16 20:23:19,326 INFO vex_extract.cursor:   Cursor: 276/927 frames (275 detections)
2026-03-16 20:23:20,871 INFO vex_extract.cursor:   Cursor: 368/927 frames (367 detections)
2026-03-16 20:23:22,386 INFO vex_extract.cursor:   Cursor: 460/927 frames (459 detections)
2026-03-16 20:23:23,925 INFO vex_extract.cursor:   Cursor: 552/927 frames (551 detections)
2026-03-16 20:23:25,395 INFO vex_extract.cursor:   Cursor: 644/927 frames (643 detections)
2026-03-16 20:23:26,811 INFO vex_extract.cursor:   Cursor: 736/927 frames (735 detections)
2026-03-16 20:23:28,252 INFO vex_extract.cursor:   Cursor: 828/927 frames (827 detections)
2026-03-16 20:23:29,549 INFO vex_extract.cursor:   Cursor: 920/927 frames (919 detections)
2026-03-16 20:23:29,672 INFO vex_extract.cursor:   Cursor: calibrated to scales (0.3, 0.4) from coarse pass
2026-03-16 20:23:29,672 INFO vex_extract.cursor:   Cursor: 67 active regions identified
2026-03-16 20:23:29,725 INFO vex_extract.cursor:   Cursor: pass 2 — 6 frames at 4.0 FPS [6500ms-8000ms]
2026-03-16 20:23:29,758 INFO vex_extract.cursor:   Cursor: 1/6 frames (1 detections)
2026-03-16 20:23:29,765 INFO vex_extract.cursor:   Cursor: 2/6 frames (2 detections)
2026-03-16 20:23:29,771 INFO vex_extract.cursor:   Cursor: 3/6 frames (3 detections)
2026-03-16 20:23:29,778 INFO vex_extract.cursor:   Cursor: 4/6 frames (4 detections)
2026-03-16 20:23:29,791 INFO vex_extract.cursor:   Cursor: 5/6 frames (5 detections)
2026-03-16 20:23:29,939 INFO vex_extract.cursor:   Cursor: pass 2 — 6 frames at 4.0 FPS [27000ms-28500ms]
2026-03-16 20:23:29,952 INFO vex_extract.cursor:   Cursor: 1/6 frames (1 detections)
2026-03-16 20:23:29,966 INFO vex_extract.cursor:   Cursor: 2/6 frames (2 detections)
2026-03-16 20:23:29,979 INFO vex_extract.cursor:   Cursor: 3/6 frames (3 detections)
2026-03-16 20:23:29,992 INFO vex_extract.cursor:   Cursor: 4/6 frames (4 detections)
2026-03-16 20:23:30,005 INFO vex_extract.cursor:   Cursor: 5/6 frames (5 detections)
2026-03-16 20:23:30,245 INFO vex_extract.cursor:   Cursor: pass 2 — 12 frames at 4.0 FPS [47500ms-50500ms]
2026-03-16 20:23:30,258 INFO vex_extract.cursor:   Cursor: 1/12 frames (1 detections)
2026-03-16 20:23:30,272 INFO vex_extract.cursor:   Cursor: 2/12 frames (2 detections)
2026-03-16 20:23:30,285 INFO vex_extract.cursor:   Cursor: 3/12 frames (3 detections)
2026-03-16 20:23:30,299 INFO vex_extract.cursor:   Cursor: 4/12 frames (4 detections)
2026-03-16 20:23:30,312 INFO vex_extract.cursor:   Cursor: 5/12 frames (5 detections)
2026-03-16 20:23:30,325 INFO vex_extract.cursor:   Cursor: 6/12 frames (6 detections)
2026-03-16 20:23:30,338 INFO vex_extract.cursor:   Cursor: 7/12 frames (7 detections)
2026-03-16 20:23:30,351 INFO vex_extract.cursor:   Cursor: 8/12 frames (8 detections)
2026-03-16 20:23:30,365 INFO vex_extract.cursor:   Cursor: 9/12 frames (9 detections)
2026-03-16 20:23:30,378 INFO vex_extract.cursor:   Cursor: 10/12 frames (10 detections)
2026-03-16 20:23:30,391 INFO vex_extract.cursor:   Cursor: 11/12 frames (11 detections)
2026-03-16 20:23:30,662 INFO vex_extract.cursor:   Cursor: pass 2 — 14 frames at 4.0 FPS [54500ms-58000ms]
2026-03-16 20:23:30,741 INFO vex_extract.cursor:   Cursor: 1/14 frames (1 detections)
2026-03-16 20:23:30,755 INFO vex_extract.cursor:   Cursor: 2/14 frames (2 detections)
2026-03-16 20:23:30,768 INFO vex_extract.cursor:   Cursor: 3/14 frames (3 detections)
2026-03-16 20:23:30,781 INFO vex_extract.cursor:   Cursor: 4/14 frames (4 detections)
2026-03-16 20:23:30,794 INFO vex_extract.cursor:   Cursor: 5/14 frames (5 detections)
2026-03-16 20:23:30,808 INFO vex_extract.cursor:   Cursor: 6/14 frames (6 detections)
2026-03-16 20:23:30,821 INFO vex_extract.cursor:   Cursor: 7/14 frames (7 detections)
2026-03-16 20:23:30,834 INFO vex_extract.cursor:   Cursor: 8/14 frames (8 detections)
2026-03-16 20:23:30,847 INFO vex_extract.cursor:   Cursor: 9/14 frames (9 detections)
2026-03-16 20:23:30,859 INFO vex_extract.cursor:   Cursor: 10/14 frames (10 detections)
2026-03-16 20:23:30,873 INFO vex_extract.cursor:   Cursor: 11/14 frames (11 detections)
2026-03-16 20:23:30,886 INFO vex_extract.cursor:   Cursor: 12/14 frames (12 detections)
2026-03-16 20:23:30,899 INFO vex_extract.cursor:   Cursor: 13/14 frames (13 detections)
2026-03-16 20:23:31,175 INFO vex_extract.cursor:   Cursor: pass 2 — 10 frames at 4.0 FPS [59000ms-61500ms]
2026-03-16 20:23:31,254 INFO vex_extract.cursor:   Cursor: 1/10 frames (1 detections)
2026-03-16 20:23:31,268 INFO vex_extract.cursor:   Cursor: 2/10 frames (2 detections)
2026-03-16 20:23:31,281 INFO vex_extract.cursor:   Cursor: 3/10 frames (3 detections)
2026-03-16 20:23:31,294 INFO vex_extract.cursor:   Cursor: 4/10 frames (4 detections)
2026-03-16 20:23:31,307 INFO vex_extract.cursor:   Cursor: 5/10 frames (5 detections)
2026-03-16 20:23:31,321 INFO vex_extract.cursor:   Cursor: 6/10 frames (6 detections)
2026-03-16 20:23:31,333 INFO vex_extract.cursor:   Cursor: 7/10 frames (7 detections)
2026-03-16 20:23:31,346 INFO vex_extract.cursor:   Cursor: 8/10 frames (8 detections)
2026-03-16 20:23:31,360 INFO vex_extract.cursor:   Cursor: 9/10 frames (9 detections)
2026-03-16 20:23:31,650 INFO vex_extract.cursor:   Cursor: pass 2 — 8 frames at 4.0 FPS [64000ms-66000ms]
2026-03-16 20:23:31,730 INFO vex_extract.cursor:   Cursor: 1/8 frames (1 detections)
2026-03-16 20:23:31,743 INFO vex_extract.cursor:   Cursor: 2/8 frames (2 detections)
2026-03-16 20:23:31,756 INFO vex_extract.cursor:   Cursor: 3/8 frames (3 detections)
2026-03-16 20:23:31,769 INFO vex_extract.cursor:   Cursor: 4/8 frames (4 detections)
2026-03-16 20:23:31,782 INFO vex_extract.cursor:   Cursor: 5/8 frames (5 detections)
2026-03-16 20:23:31,795 INFO vex_extract.cursor:   Cursor: 6/8 frames (6 detections)
2026-03-16 20:23:31,808 INFO vex_extract.cursor:   Cursor: 7/8 frames (7 detections)
2026-03-16 20:23:32,212 INFO vex_extract.cursor:   Cursor: pass 2 — 36 frames at 4.0 FPS [67500ms-77000ms]
2026-03-16 20:23:32,318 INFO vex_extract.cursor:   Cursor: 3/36 frames (3 detections)
2026-03-16 20:23:32,357 INFO vex_extract.cursor:   Cursor: 6/36 frames (6 detections)
2026-03-16 20:23:32,396 INFO vex_extract.cursor:   Cursor: 9/36 frames (9 detections)
2026-03-16 20:23:32,436 INFO vex_extract.cursor:   Cursor: 12/36 frames (12 detections)
2026-03-16 20:23:32,475 INFO vex_extract.cursor:   Cursor: 15/36 frames (15 detections)
2026-03-16 20:23:32,514 INFO vex_extract.cursor:   Cursor: 18/36 frames (18 detections)
2026-03-16 20:23:32,554 INFO vex_extract.cursor:   Cursor: 21/36 frames (21 detections)
2026-03-16 20:23:32,594 INFO vex_extract.cursor:   Cursor: 24/36 frames (24 detections)
2026-03-16 20:23:32,633 INFO vex_extract.cursor:   Cursor: 27/36 frames (27 detections)
2026-03-16 20:23:32,673 INFO vex_extract.cursor:   Cursor: 30/36 frames (30 detections)
2026-03-16 20:23:32,713 INFO vex_extract.cursor:   Cursor: 33/36 frames (33 detections)
2026-03-16 20:23:33,084 INFO vex_extract.cursor:   Cursor: pass 2 — 6 frames at 4.0 FPS [78500ms-80000ms]
2026-03-16 20:23:33,163 INFO vex_extract.cursor:   Cursor: 1/6 frames (1 detections)
2026-03-16 20:23:33,176 INFO vex_extract.cursor:   Cursor: 2/6 frames (2 detections)
2026-03-16 20:23:33,190 INFO vex_extract.cursor:   Cursor: 3/6 frames (3 detections)
2026-03-16 20:23:33,203 INFO vex_extract.cursor:   Cursor: 4/6 frames (4 detections)
2026-03-16 20:23:33,216 INFO vex_extract.cursor:   Cursor: 5/6 frames (5 detections)
2026-03-16 20:23:33,700 INFO vex_extract.cursor:   Cursor: pass 2 — 40 frames at 4.0 FPS [82500ms-93000ms]
2026-03-16 20:23:33,818 INFO vex_extract.cursor:   Cursor: 4/40 frames (4 detections)
2026-03-16 20:23:33,871 INFO vex_extract.cursor:   Cursor: 8/40 frames (8 detections)
2026-03-16 20:23:33,924 INFO vex_extract.cursor:   Cursor: 12/40 frames (12 detections)
2026-03-16 20:23:33,977 INFO vex_extract.cursor:   Cursor: 16/40 frames (16 detections)
2026-03-16 20:23:34,030 INFO vex_extract.cursor:   Cursor: 20/40 frames (20 detections)
2026-03-16 20:23:34,082 INFO vex_extract.cursor:   Cursor: 24/40 frames (24 detections)
2026-03-16 20:23:34,136 INFO vex_extract.cursor:   Cursor: 28/40 frames (28 detections)
2026-03-16 20:23:34,189 INFO vex_extract.cursor:   Cursor: 32/40 frames (32 detections)
2026-03-16 20:23:34,243 INFO vex_extract.cursor:   Cursor: 36/40 frames (36 detections)
2026-03-16 20:23:34,747 INFO vex_extract.cursor:   Cursor: pass 2 — 21 frames at 4.0 FPS [95000ms-100500ms]
2026-03-16 20:23:34,840 INFO vex_extract.cursor:   Cursor: 2/21 frames (2 detections)
2026-03-16 20:23:34,867 INFO vex_extract.cursor:   Cursor: 4/21 frames (4 detections)
2026-03-16 20:23:34,893 INFO vex_extract.cursor:   Cursor: 6/21 frames (6 detections)
2026-03-16 20:23:34,920 INFO vex_extract.cursor:   Cursor: 8/21 frames (8 detections)
2026-03-16 20:23:34,947 INFO vex_extract.cursor:   Cursor: 10/21 frames (10 detections)
2026-03-16 20:23:34,972 INFO vex_extract.cursor:   Cursor: 12/21 frames (12 detections)
2026-03-16 20:23:34,998 INFO vex_extract.cursor:   Cursor: 14/21 frames (14 detections)
2026-03-16 20:23:35,024 INFO vex_extract.cursor:   Cursor: 16/21 frames (16 detections)
2026-03-16 20:23:35,050 INFO vex_extract.cursor:   Cursor: 18/21 frames (18 detections)
2026-03-16 20:23:35,077 INFO vex_extract.cursor:   Cursor: 20/21 frames (20 detections)
2026-03-16 20:23:35,583 INFO vex_extract.cursor:   Cursor: pass 2 — 23 frames at 4.0 FPS [104500ms-110500ms]
2026-03-16 20:23:35,623 INFO vex_extract.cursor:   Cursor: 2/23 frames (2 detections)
2026-03-16 20:23:35,636 INFO vex_extract.cursor:   Cursor: 4/23 frames (4 detections)
2026-03-16 20:23:35,649 INFO vex_extract.cursor:   Cursor: 6/23 frames (6 detections)
2026-03-16 20:23:35,675 INFO vex_extract.cursor:   Cursor: 8/23 frames (8 detections)
2026-03-16 20:23:35,702 INFO vex_extract.cursor:   Cursor: 10/23 frames (10 detections)
2026-03-16 20:23:35,728 INFO vex_extract.cursor:   Cursor: 12/23 frames (12 detections)
2026-03-16 20:23:35,754 INFO vex_extract.cursor:   Cursor: 14/23 frames (14 detections)
2026-03-16 20:23:35,780 INFO vex_extract.cursor:   Cursor: 16/23 frames (16 detections)
2026-03-16 20:23:35,807 INFO vex_extract.cursor:   Cursor: 18/23 frames (18 detections)
2026-03-16 20:23:35,833 INFO vex_extract.cursor:   Cursor: 20/23 frames (20 detections)
2026-03-16 20:23:35,859 INFO vex_extract.cursor:   Cursor: 22/23 frames (22 detections)
2026-03-16 20:23:36,377 INFO vex_extract.cursor:   Cursor: pass 2 — 17 frames at 4.0 FPS [111500ms-116000ms]
2026-03-16 20:23:36,457 INFO vex_extract.cursor:   Cursor: 1/17 frames (1 detections)
2026-03-16 20:23:36,470 INFO vex_extract.cursor:   Cursor: 2/17 frames (2 detections)
2026-03-16 20:23:36,484 INFO vex_extract.cursor:   Cursor: 3/17 frames (3 detections)
2026-03-16 20:23:36,497 INFO vex_extract.cursor:   Cursor: 4/17 frames (4 detections)
2026-03-16 20:23:36,511 INFO vex_extract.cursor:   Cursor: 5/17 frames (5 detections)
2026-03-16 20:23:36,524 INFO vex_extract.cursor:   Cursor: 6/17 frames (6 detections)
2026-03-16 20:23:36,537 INFO vex_extract.cursor:   Cursor: 7/17 frames (7 detections)
2026-03-16 20:23:36,550 INFO vex_extract.cursor:   Cursor: 8/17 frames (8 detections)
2026-03-16 20:23:36,563 INFO vex_extract.cursor:   Cursor: 9/17 frames (9 detections)
2026-03-16 20:23:36,577 INFO vex_extract.cursor:   Cursor: 10/17 frames (10 detections)
2026-03-16 20:23:36,590 INFO vex_extract.cursor:   Cursor: 11/17 frames (11 detections)
2026-03-16 20:23:36,603 INFO vex_extract.cursor:   Cursor: 12/17 frames (12 detections)
2026-03-16 20:23:36,617 INFO vex_extract.cursor:   Cursor: 13/17 frames (13 detections)
2026-03-16 20:23:36,630 INFO vex_extract.cursor:   Cursor: 14/17 frames (14 detections)
2026-03-16 20:23:36,643 INFO vex_extract.cursor:   Cursor: 15/17 frames (15 detections)
2026-03-16 20:23:36,656 INFO vex_extract.cursor:   Cursor: 16/17 frames (16 detections)
2026-03-16 20:23:37,160 INFO vex_extract.cursor:   Cursor: pass 2 — 8 frames at 4.0 FPS [116500ms-118500ms]
2026-03-16 20:23:37,239 INFO vex_extract.cursor:   Cursor: 1/8 frames (1 detections)
2026-03-16 20:23:37,253 INFO vex_extract.cursor:   Cursor: 2/8 frames (2 detections)
2026-03-16 20:23:37,267 INFO vex_extract.cursor:   Cursor: 3/8 frames (3 detections)
2026-03-16 20:23:37,280 INFO vex_extract.cursor:   Cursor: 4/8 frames (4 detections)
2026-03-16 20:23:37,294 INFO vex_extract.cursor:   Cursor: 5/8 frames (5 detections)
2026-03-16 20:23:37,307 INFO vex_extract.cursor:   Cursor: 6/8 frames (6 detections)
2026-03-16 20:23:37,320 INFO vex_extract.cursor:   Cursor: 7/8 frames (7 detections)
2026-03-16 20:23:37,979 INFO vex_extract.cursor:   Cursor: pass 2 — 44 frames at 4.0 FPS [124000ms-135500ms]
2026-03-16 20:23:38,098 INFO vex_extract.cursor:   Cursor: 4/44 frames (4 detections)
2026-03-16 20:23:38,152 INFO vex_extract.cursor:   Cursor: 8/44 frames (8 detections)
2026-03-16 20:23:38,205 INFO vex_extract.cursor:   Cursor: 12/44 frames (12 detections)
2026-03-16 20:23:38,258 INFO vex_extract.cursor:   Cursor: 16/44 frames (16 detections)
2026-03-16 20:23:38,311 INFO vex_extract.cursor:   Cursor: 20/44 frames (20 detections)
2026-03-16 20:23:38,364 INFO vex_extract.cursor:   Cursor: 24/44 frames (24 detections)
2026-03-16 20:23:38,417 INFO vex_extract.cursor:   Cursor: 28/44 frames (28 detections)
2026-03-16 20:23:38,471 INFO vex_extract.cursor:   Cursor: 32/44 frames (32 detections)
2026-03-16 20:23:38,525 INFO vex_extract.cursor:   Cursor: 36/44 frames (36 detections)
2026-03-16 20:23:38,579 INFO vex_extract.cursor:   Cursor: 40/44 frames (40 detections)
2026-03-16 20:23:39,205 INFO vex_extract.cursor:   Cursor: pass 2 — 10 frames at 4.0 FPS [136000ms-138500ms]
2026-03-16 20:23:39,285 INFO vex_extract.cursor:   Cursor: 1/10 frames (1 detections)
2026-03-16 20:23:39,299 INFO vex_extract.cursor:   Cursor: 2/10 frames (2 detections)
2026-03-16 20:23:39,312 INFO vex_extract.cursor:   Cursor: 3/10 frames (3 detections)
2026-03-16 20:23:39,325 INFO vex_extract.cursor:   Cursor: 4/10 frames (4 detections)
2026-03-16 20:23:39,339 INFO vex_extract.cursor:   Cursor: 5/10 frames (5 detections)
2026-03-16 20:23:39,352 INFO vex_extract.cursor:   Cursor: 6/10 frames (6 detections)
2026-03-16 20:23:39,366 INFO vex_extract.cursor:   Cursor: 7/10 frames (7 detections)
2026-03-16 20:23:39,379 INFO vex_extract.cursor:   Cursor: 8/10 frames (8 detections)
2026-03-16 20:23:39,392 INFO vex_extract.cursor:   Cursor: 9/10 frames (9 detections)
2026-03-16 20:23:39,988 INFO vex_extract.cursor:   Cursor: pass 2 — 6 frames at 4.0 FPS [140500ms-142000ms]
2026-03-16 20:23:40,068 INFO vex_extract.cursor:   Cursor: 1/6 frames (1 detections)
2026-03-16 20:23:40,082 INFO vex_extract.cursor:   Cursor: 2/6 frames (2 detections)
2026-03-16 20:23:40,095 INFO vex_extract.cursor:   Cursor: 3/6 frames (3 detections)
2026-03-16 20:23:40,108 INFO vex_extract.cursor:   Cursor: 4/6 frames (4 detections)
2026-03-16 20:23:40,121 INFO vex_extract.cursor:   Cursor: 5/6 frames (5 detections)
2026-03-16 20:23:40,749 INFO vex_extract.cursor:   Cursor: pass 2 — 12 frames at 4.0 FPS [144000ms-147000ms]
2026-03-16 20:23:40,829 INFO vex_extract.cursor:   Cursor: 1/12 frames (1 detections)
2026-03-16 20:23:40,842 INFO vex_extract.cursor:   Cursor: 2/12 frames (2 detections)
2026-03-16 20:23:40,856 INFO vex_extract.cursor:   Cursor: 3/12 frames (3 detections)
2026-03-16 20:23:40,869 INFO vex_extract.cursor:   Cursor: 4/12 frames (4 detections)
2026-03-16 20:23:40,883 INFO vex_extract.cursor:   Cursor: 5/12 frames (5 detections)
2026-03-16 20:23:40,895 INFO vex_extract.cursor:   Cursor: 6/12 frames (6 detections)
2026-03-16 20:23:40,909 INFO vex_extract.cursor:   Cursor: 7/12 frames (7 detections)
2026-03-16 20:23:40,922 INFO vex_extract.cursor:   Cursor: 8/12 frames (8 detections)
2026-03-16 20:23:40,935 INFO vex_extract.cursor:   Cursor: 9/12 frames (9 detections)
2026-03-16 20:23:40,948 INFO vex_extract.cursor:   Cursor: 10/12 frames (10 detections)
2026-03-16 20:23:40,961 INFO vex_extract.cursor:   Cursor: 11/12 frames (11 detections)
2026-03-16 20:23:41,598 INFO vex_extract.cursor:   Cursor: pass 2 — 10 frames at 4.0 FPS [147500ms-150000ms]
2026-03-16 20:23:41,632 INFO vex_extract.cursor:   Cursor: 1/10 frames (1 detections)
2026-03-16 20:23:41,639 INFO vex_extract.cursor:   Cursor: 2/10 frames (2 detections)
2026-03-16 20:23:41,646 INFO vex_extract.cursor:   Cursor: 3/10 frames (3 detections)
2026-03-16 20:23:41,659 INFO vex_extract.cursor:   Cursor: 4/10 frames (4 detections)
2026-03-16 20:23:41,673 INFO vex_extract.cursor:   Cursor: 5/10 frames (5 detections)
2026-03-16 20:23:41,686 INFO vex_extract.cursor:   Cursor: 6/10 frames (6 detections)
2026-03-16 20:23:41,693 INFO vex_extract.cursor:   Cursor: 7/10 frames (7 detections)
2026-03-16 20:23:41,699 INFO vex_extract.cursor:   Cursor: 8/10 frames (8 detections)
2026-03-16 20:23:41,706 INFO vex_extract.cursor:   Cursor: 9/10 frames (9 detections)
2026-03-16 20:23:42,377 INFO vex_extract.cursor:   Cursor: pass 2 — 16 frames at 4.0 FPS [152000ms-156000ms]
2026-03-16 20:23:42,410 INFO vex_extract.cursor:   Cursor: 1/16 frames (1 detections)
2026-03-16 20:23:42,416 INFO vex_extract.cursor:   Cursor: 2/16 frames (2 detections)
2026-03-16 20:23:42,423 INFO vex_extract.cursor:   Cursor: 3/16 frames (3 detections)
2026-03-16 20:23:42,429 INFO vex_extract.cursor:   Cursor: 4/16 frames (4 detections)
2026-03-16 20:23:42,436 INFO vex_extract.cursor:   Cursor: 5/16 frames (5 detections)
2026-03-16 20:23:42,450 INFO vex_extract.cursor:   Cursor: 6/16 frames (6 detections)
2026-03-16 20:23:42,462 INFO vex_extract.cursor:   Cursor: 7/16 frames (7 detections)
2026-03-16 20:23:42,476 INFO vex_extract.cursor:   Cursor: 8/16 frames (8 detections)
2026-03-16 20:23:42,489 INFO vex_extract.cursor:   Cursor: 9/16 frames (9 detections)
2026-03-16 20:23:42,502 INFO vex_extract.cursor:   Cursor: 10/16 frames (10 detections)
2026-03-16 20:23:42,516 INFO vex_extract.cursor:   Cursor: 11/16 frames (11 detections)
2026-03-16 20:23:42,529 INFO vex_extract.cursor:   Cursor: 12/16 frames (12 detections)
2026-03-16 20:23:42,542 INFO vex_extract.cursor:   Cursor: 13/16 frames (13 detections)
2026-03-16 20:23:42,555 INFO vex_extract.cursor:   Cursor: 14/16 frames (14 detections)
2026-03-16 20:23:42,568 INFO vex_extract.cursor:   Cursor: 15/16 frames (15 detections)
2026-03-16 20:23:43,230 INFO vex_extract.cursor:   Cursor: pass 2 — 6 frames at 4.0 FPS [157000ms-158500ms]
2026-03-16 20:23:43,310 INFO vex_extract.cursor:   Cursor: 1/6 frames (1 detections)
2026-03-16 20:23:43,323 INFO vex_extract.cursor:   Cursor: 2/6 frames (2 detections)
2026-03-16 20:23:43,336 INFO vex_extract.cursor:   Cursor: 3/6 frames (3 detections)
2026-03-16 20:23:43,350 INFO vex_extract.cursor:   Cursor: 4/6 frames (4 detections)
2026-03-16 20:23:43,363 INFO vex_extract.cursor:   Cursor: 5/6 frames (5 detections)
2026-03-16 20:23:44,037 INFO vex_extract.cursor:   Cursor: pass 2 — 6 frames at 4.0 FPS [160500ms-162000ms]
2026-03-16 20:23:44,117 INFO vex_extract.cursor:   Cursor: 1/6 frames (1 detections)
2026-03-16 20:23:44,130 INFO vex_extract.cursor:   Cursor: 2/6 frames (2 detections)
2026-03-16 20:23:44,143 INFO vex_extract.cursor:   Cursor: 3/6 frames (3 detections)
2026-03-16 20:23:44,157 INFO vex_extract.cursor:   Cursor: 4/6 frames (4 detections)
2026-03-16 20:23:44,170 INFO vex_extract.cursor:   Cursor: 5/6 frames (5 detections)
2026-03-16 20:23:44,890 INFO vex_extract.cursor:   Cursor: pass 2 — 14 frames at 4.0 FPS [165500ms-169000ms]
2026-03-16 20:23:44,969 INFO vex_extract.cursor:   Cursor: 1/14 frames (1 detections)
2026-03-16 20:23:44,982 INFO vex_extract.cursor:   Cursor: 2/14 frames (2 detections)
2026-03-16 20:23:44,996 INFO vex_extract.cursor:   Cursor: 3/14 frames (3 detections)
2026-03-16 20:23:45,009 INFO vex_extract.cursor:   Cursor: 4/14 frames (4 detections)
2026-03-16 20:23:45,022 INFO vex_extract.cursor:   Cursor: 5/14 frames (5 detections)
2026-03-16 20:23:45,036 INFO vex_extract.cursor:   Cursor: 6/14 frames (6 detections)
2026-03-16 20:23:45,049 INFO vex_extract.cursor:   Cursor: 7/14 frames (7 detections)
2026-03-16 20:23:45,062 INFO vex_extract.cursor:   Cursor: 8/14 frames (8 detections)
2026-03-16 20:23:45,076 INFO vex_extract.cursor:   Cursor: 9/14 frames (9 detections)
2026-03-16 20:23:45,089 INFO vex_extract.cursor:   Cursor: 10/14 frames (10 detections)
2026-03-16 20:23:45,103 INFO vex_extract.cursor:   Cursor: 11/14 frames (11 detections)
2026-03-16 20:23:45,116 INFO vex_extract.cursor:   Cursor: 12/14 frames (12 detections)
2026-03-16 20:23:45,129 INFO vex_extract.cursor:   Cursor: 13/14 frames (13 detections)
2026-03-16 20:23:45,913 INFO vex_extract.cursor:   Cursor: pass 2 — 25 frames at 4.0 FPS [171000ms-177500ms]
2026-03-16 20:23:45,954 INFO vex_extract.cursor:   Cursor: 2/25 frames (2 detections)
2026-03-16 20:23:45,967 INFO vex_extract.cursor:   Cursor: 4/25 frames (4 detections)
2026-03-16 20:23:45,994 INFO vex_extract.cursor:   Cursor: 6/25 frames (6 detections)
2026-03-16 20:23:46,020 INFO vex_extract.cursor:   Cursor: 8/25 frames (8 detections)
2026-03-16 20:23:46,047 INFO vex_extract.cursor:   Cursor: 10/25 frames (10 detections)
2026-03-16 20:23:46,073 INFO vex_extract.cursor:   Cursor: 12/25 frames (12 detections)
2026-03-16 20:23:46,100 INFO vex_extract.cursor:   Cursor: 14/25 frames (14 detections)
2026-03-16 20:23:46,126 INFO vex_extract.cursor:   Cursor: 16/25 frames (16 detections)
2026-03-16 20:23:46,152 INFO vex_extract.cursor:   Cursor: 18/25 frames (18 detections)
2026-03-16 20:23:46,179 INFO vex_extract.cursor:   Cursor: 20/25 frames (20 detections)
2026-03-16 20:23:46,205 INFO vex_extract.cursor:   Cursor: 22/25 frames (22 detections)
2026-03-16 20:23:46,231 INFO vex_extract.cursor:   Cursor: 24/25 frames (24 detections)
2026-03-16 20:23:47,042 INFO vex_extract.cursor:   Cursor: pass 2 — 25 frames at 4.0 FPS [178500ms-185000ms]
2026-03-16 20:23:47,082 INFO vex_extract.cursor:   Cursor: 2/25 frames (2 detections)
2026-03-16 20:23:47,095 INFO vex_extract.cursor:   Cursor: 4/25 frames (4 detections)
2026-03-16 20:23:47,122 INFO vex_extract.cursor:   Cursor: 6/25 frames (6 detections)
2026-03-16 20:23:47,148 INFO vex_extract.cursor:   Cursor: 8/25 frames (8 detections)
2026-03-16 20:23:47,174 INFO vex_extract.cursor:   Cursor: 10/25 frames (10 detections)
2026-03-16 20:23:47,201 INFO vex_extract.cursor:   Cursor: 12/25 frames (12 detections)
2026-03-16 20:23:47,227 INFO vex_extract.cursor:   Cursor: 14/25 frames (14 detections)
2026-03-16 20:23:47,247 INFO vex_extract.cursor:   Cursor: 16/25 frames (16 detections)
2026-03-16 20:23:47,267 INFO vex_extract.cursor:   Cursor: 18/25 frames (18 detections)
2026-03-16 20:23:47,280 INFO vex_extract.cursor:   Cursor: 20/25 frames (20 detections)
2026-03-16 20:23:47,293 INFO vex_extract.cursor:   Cursor: 22/25 frames (22 detections)
2026-03-16 20:23:47,320 INFO vex_extract.cursor:   Cursor: 24/25 frames (24 detections)
2026-03-16 20:23:48,099 INFO vex_extract.cursor:   Cursor: pass 2 — 6 frames at 4.0 FPS [187000ms-188500ms]
2026-03-16 20:23:48,158 INFO vex_extract.cursor:   Cursor: 1/6 frames (1 detections)
2026-03-16 20:23:48,165 INFO vex_extract.cursor:   Cursor: 2/6 frames (2 detections)
2026-03-16 20:23:48,172 INFO vex_extract.cursor:   Cursor: 3/6 frames (3 detections)
2026-03-16 20:23:48,179 INFO vex_extract.cursor:   Cursor: 4/6 frames (4 detections)
2026-03-16 20:23:48,192 INFO vex_extract.cursor:   Cursor: 5/6 frames (5 detections)
2026-03-16 20:23:49,133 INFO vex_extract.cursor:   Cursor: pass 2 — 42 frames at 4.0 FPS [194000ms-205000ms]
2026-03-16 20:23:49,256 INFO vex_extract.cursor:   Cursor: 4/42 frames (4 detections)
2026-03-16 20:23:49,310 INFO vex_extract.cursor:   Cursor: 8/42 frames (8 detections)
2026-03-16 20:23:49,363 INFO vex_extract.cursor:   Cursor: 12/42 frames (12 detections)
2026-03-16 20:23:49,416 INFO vex_extract.cursor:   Cursor: 16/42 frames (16 detections)
2026-03-16 20:23:49,469 INFO vex_extract.cursor:   Cursor: 20/42 frames (20 detections)
2026-03-16 20:23:49,523 INFO vex_extract.cursor:   Cursor: 24/42 frames (24 detections)
2026-03-16 20:23:49,577 INFO vex_extract.cursor:   Cursor: 28/42 frames (28 detections)
2026-03-16 20:23:49,631 INFO vex_extract.cursor:   Cursor: 32/42 frames (32 detections)
2026-03-16 20:23:49,684 INFO vex_extract.cursor:   Cursor: 36/42 frames (36 detections)
2026-03-16 20:23:49,725 INFO vex_extract.cursor:   Cursor: 40/42 frames (40 detections)
2026-03-16 20:23:50,618 INFO vex_extract.cursor:   Cursor: pass 2 — 10 frames at 4.0 FPS [214000ms-216500ms]
2026-03-16 20:23:50,652 INFO vex_extract.cursor:   Cursor: 1/10 frames (1 detections)
2026-03-16 20:23:50,658 INFO vex_extract.cursor:   Cursor: 2/10 frames (2 detections)
2026-03-16 20:23:50,665 INFO vex_extract.cursor:   Cursor: 3/10 frames (3 detections)
2026-03-16 20:23:50,678 INFO vex_extract.cursor:   Cursor: 4/10 frames (4 detections)
2026-03-16 20:23:50,691 INFO vex_extract.cursor:   Cursor: 5/10 frames (5 detections)
2026-03-16 20:23:50,704 INFO vex_extract.cursor:   Cursor: 6/10 frames (6 detections)
2026-03-16 20:23:50,718 INFO vex_extract.cursor:   Cursor: 7/10 frames (7 detections)
2026-03-16 20:23:50,731 INFO vex_extract.cursor:   Cursor: 8/10 frames (8 detections)
2026-03-16 20:23:50,744 INFO vex_extract.cursor:   Cursor: 9/10 frames (9 detections)
2026-03-16 20:23:51,702 INFO vex_extract.cursor:   Cursor: pass 2 — 21 frames at 4.0 FPS [220000ms-225500ms]
2026-03-16 20:23:51,796 INFO vex_extract.cursor:   Cursor: 2/21 frames (2 detections)
2026-03-16 20:23:51,822 INFO vex_extract.cursor:   Cursor: 4/21 frames (4 detections)
2026-03-16 20:23:51,849 INFO vex_extract.cursor:   Cursor: 6/21 frames (6 detections)
2026-03-16 20:23:51,876 INFO vex_extract.cursor:   Cursor: 8/21 frames (8 detections)
2026-03-16 20:23:51,903 INFO vex_extract.cursor:   Cursor: 10/21 frames (10 detections)
2026-03-16 20:23:51,929 INFO vex_extract.cursor:   Cursor: 12/21 frames (12 detections)
2026-03-16 20:23:51,955 INFO vex_extract.cursor:   Cursor: 14/21 frames (14 detections)
2026-03-16 20:23:51,982 INFO vex_extract.cursor:   Cursor: 16/21 frames (16 detections)
2026-03-16 20:23:52,009 INFO vex_extract.cursor:   Cursor: 18/21 frames (18 detections)
2026-03-16 20:23:52,035 INFO vex_extract.cursor:   Cursor: 20/21 frames (20 detections)
2026-03-16 20:23:52,988 INFO vex_extract.cursor:   Cursor: pass 2 — 12 frames at 4.0 FPS [228000ms-231000ms]
2026-03-16 20:23:53,067 INFO vex_extract.cursor:   Cursor: 1/12 frames (1 detections)
2026-03-16 20:23:53,080 INFO vex_extract.cursor:   Cursor: 2/12 frames (2 detections)
2026-03-16 20:23:53,093 INFO vex_extract.cursor:   Cursor: 3/12 frames (3 detections)
2026-03-16 20:23:53,107 INFO vex_extract.cursor:   Cursor: 4/12 frames (4 detections)
2026-03-16 20:23:53,120 INFO vex_extract.cursor:   Cursor: 5/12 frames (5 detections)
2026-03-16 20:23:53,133 INFO vex_extract.cursor:   Cursor: 6/12 frames (6 detections)
2026-03-16 20:23:53,147 INFO vex_extract.cursor:   Cursor: 7/12 frames (7 detections)
2026-03-16 20:23:53,160 INFO vex_extract.cursor:   Cursor: 8/12 frames (8 detections)
2026-03-16 20:23:53,174 INFO vex_extract.cursor:   Cursor: 9/12 frames (9 detections)
2026-03-16 20:23:53,187 INFO vex_extract.cursor:   Cursor: 10/12 frames (10 detections)
2026-03-16 20:23:53,200 INFO vex_extract.cursor:   Cursor: 11/12 frames (11 detections)
2026-03-16 20:23:54,154 INFO vex_extract.cursor:   Cursor: pass 2 — 6 frames at 4.0 FPS [232500ms-234000ms]
2026-03-16 20:23:54,235 INFO vex_extract.cursor:   Cursor: 1/6 frames (1 detections)
2026-03-16 20:23:54,248 INFO vex_extract.cursor:   Cursor: 2/6 frames (2 detections)
2026-03-16 20:23:54,261 INFO vex_extract.cursor:   Cursor: 3/6 frames (3 detections)
2026-03-16 20:23:54,275 INFO vex_extract.cursor:   Cursor: 4/6 frames (4 detections)
2026-03-16 20:23:54,287 INFO vex_extract.cursor:   Cursor: 5/6 frames (5 detections)
2026-03-16 20:23:55,357 INFO vex_extract.cursor:   Cursor: pass 2 — 31 frames at 4.0 FPS [235500ms-243500ms]
2026-03-16 20:23:55,467 INFO vex_extract.cursor:   Cursor: 3/31 frames (3 detections)
2026-03-16 20:23:55,507 INFO vex_extract.cursor:   Cursor: 6/31 frames (6 detections)
2026-03-16 20:23:55,546 INFO vex_extract.cursor:   Cursor: 9/31 frames (9 detections)
2026-03-16 20:23:55,586 INFO vex_extract.cursor:   Cursor: 12/31 frames (12 detections)
2026-03-16 20:23:55,627 INFO vex_extract.cursor:   Cursor: 15/31 frames (15 detections)
2026-03-16 20:23:55,667 INFO vex_extract.cursor:   Cursor: 18/31 frames (18 detections)
2026-03-16 20:23:55,706 INFO vex_extract.cursor:   Cursor: 21/31 frames (21 detections)
2026-03-16 20:23:55,747 INFO vex_extract.cursor:   Cursor: 24/31 frames (24 detections)
2026-03-16 20:23:55,786 INFO vex_extract.cursor:   Cursor: 27/31 frames (27 detections)
2026-03-16 20:23:55,826 INFO vex_extract.cursor:   Cursor: 30/31 frames (30 detections)
2026-03-16 20:23:56,833 INFO vex_extract.cursor:   Cursor: pass 2 — 8 frames at 4.0 FPS [244000ms-246000ms]
2026-03-16 20:23:56,913 INFO vex_extract.cursor:   Cursor: 1/8 frames (1 detections)
2026-03-16 20:23:56,926 INFO vex_extract.cursor:   Cursor: 2/8 frames (2 detections)
2026-03-16 20:23:56,939 INFO vex_extract.cursor:   Cursor: 3/8 frames (3 detections)
2026-03-16 20:23:56,953 INFO vex_extract.cursor:   Cursor: 4/8 frames (4 detections)
2026-03-16 20:23:56,966 INFO vex_extract.cursor:   Cursor: 5/8 frames (5 detections)
2026-03-16 20:23:56,979 INFO vex_extract.cursor:   Cursor: 6/8 frames (6 detections)
2026-03-16 20:23:56,992 INFO vex_extract.cursor:   Cursor: 7/8 frames (7 detections)
2026-03-16 20:23:58,046 INFO vex_extract.cursor:   Cursor: pass 2 — 12 frames at 4.0 FPS [252500ms-255500ms]
2026-03-16 20:23:58,060 INFO vex_extract.cursor:   Cursor: 1/12 frames (1 detections)
2026-03-16 20:23:58,074 INFO vex_extract.cursor:   Cursor: 2/12 frames (2 detections)
2026-03-16 20:23:58,088 INFO vex_extract.cursor:   Cursor: 3/12 frames (3 detections)
2026-03-16 20:23:58,103 INFO vex_extract.cursor:   Cursor: 4/12 frames (4 detections)
2026-03-16 20:23:58,116 INFO vex_extract.cursor:   Cursor: 5/12 frames (5 detections)
2026-03-16 20:23:58,130 INFO vex_extract.cursor:   Cursor: 6/12 frames (6 detections)
2026-03-16 20:23:58,144 INFO vex_extract.cursor:   Cursor: 7/12 frames (7 detections)
2026-03-16 20:23:58,157 INFO vex_extract.cursor:   Cursor: 8/12 frames (8 detections)
2026-03-16 20:23:58,171 INFO vex_extract.cursor:   Cursor: 9/12 frames (9 detections)
2026-03-16 20:23:58,184 INFO vex_extract.cursor:   Cursor: 10/12 frames (10 detections)
2026-03-16 20:23:58,197 INFO vex_extract.cursor:   Cursor: 11/12 frames (11 detections)
2026-03-16 20:23:59,269 INFO vex_extract.cursor:   Cursor: pass 2 — 6 frames at 4.0 FPS [256000ms-257500ms]
2026-03-16 20:23:59,354 INFO vex_extract.cursor:   Cursor: 1/6 frames (1 detections)
2026-03-16 20:23:59,367 INFO vex_extract.cursor:   Cursor: 2/6 frames (2 detections)
2026-03-16 20:23:59,381 INFO vex_extract.cursor:   Cursor: 3/6 frames (3 detections)
2026-03-16 20:23:59,395 INFO vex_extract.cursor:   Cursor: 4/6 frames (4 detections)
2026-03-16 20:23:59,408 INFO vex_extract.cursor:   Cursor: 5/6 frames (5 detections)
2026-03-16 20:24:00,491 INFO vex_extract.cursor:   Cursor: pass 2 — 6 frames at 4.0 FPS [258000ms-259500ms]
2026-03-16 20:24:00,576 INFO vex_extract.cursor:   Cursor: 1/6 frames (1 detections)
2026-03-16 20:24:00,590 INFO vex_extract.cursor:   Cursor: 2/6 frames (2 detections)
2026-03-16 20:24:00,603 INFO vex_extract.cursor:   Cursor: 3/6 frames (3 detections)
2026-03-16 20:24:00,617 INFO vex_extract.cursor:   Cursor: 4/6 frames (4 detections)
2026-03-16 20:24:00,630 INFO vex_extract.cursor:   Cursor: 5/6 frames (5 detections)
2026-03-16 20:24:01,758 INFO vex_extract.cursor:   Cursor: pass 2 — 16 frames at 4.0 FPS [260000ms-264000ms]
2026-03-16 20:24:01,842 INFO vex_extract.cursor:   Cursor: 1/16 frames (1 detections)
2026-03-16 20:24:01,855 INFO vex_extract.cursor:   Cursor: 2/16 frames (2 detections)
2026-03-16 20:24:01,869 INFO vex_extract.cursor:   Cursor: 3/16 frames (3 detections)
2026-03-16 20:24:01,882 INFO vex_extract.cursor:   Cursor: 4/16 frames (4 detections)
2026-03-16 20:24:01,896 INFO vex_extract.cursor:   Cursor: 5/16 frames (5 detections)
2026-03-16 20:24:01,909 INFO vex_extract.cursor:   Cursor: 6/16 frames (6 detections)
2026-03-16 20:24:01,922 INFO vex_extract.cursor:   Cursor: 7/16 frames (7 detections)
2026-03-16 20:24:01,935 INFO vex_extract.cursor:   Cursor: 8/16 frames (8 detections)
2026-03-16 20:24:01,949 INFO vex_extract.cursor:   Cursor: 9/16 frames (9 detections)
2026-03-16 20:24:01,962 INFO vex_extract.cursor:   Cursor: 10/16 frames (10 detections)
2026-03-16 20:24:01,975 INFO vex_extract.cursor:   Cursor: 11/16 frames (11 detections)
2026-03-16 20:24:01,989 INFO vex_extract.cursor:   Cursor: 12/16 frames (12 detections)
2026-03-16 20:24:02,002 INFO vex_extract.cursor:   Cursor: 13/16 frames (13 detections)
2026-03-16 20:24:02,016 INFO vex_extract.cursor:   Cursor: 14/16 frames (14 detections)
2026-03-16 20:24:02,029 INFO vex_extract.cursor:   Cursor: 15/16 frames (15 detections)
2026-03-16 20:24:03,126 INFO vex_extract.cursor:   Cursor: pass 2 — 6 frames at 4.0 FPS [266500ms-268000ms]
2026-03-16 20:24:03,210 INFO vex_extract.cursor:   Cursor: 1/6 frames (1 detections)
2026-03-16 20:24:03,225 INFO vex_extract.cursor:   Cursor: 2/6 frames (2 detections)
2026-03-16 20:24:03,238 INFO vex_extract.cursor:   Cursor: 3/6 frames (3 detections)
2026-03-16 20:24:03,252 INFO vex_extract.cursor:   Cursor: 4/6 frames (4 detections)
2026-03-16 20:24:03,266 INFO vex_extract.cursor:   Cursor: 5/6 frames (5 detections)
2026-03-16 20:24:04,428 INFO vex_extract.cursor:   Cursor: pass 2 — 10 frames at 4.0 FPS [274500ms-277000ms]
2026-03-16 20:24:04,512 INFO vex_extract.cursor:   Cursor: 1/10 frames (1 detections)
2026-03-16 20:24:04,526 INFO vex_extract.cursor:   Cursor: 2/10 frames (2 detections)
2026-03-16 20:24:04,540 INFO vex_extract.cursor:   Cursor: 3/10 frames (3 detections)
2026-03-16 20:24:04,553 INFO vex_extract.cursor:   Cursor: 4/10 frames (4 detections)
2026-03-16 20:24:04,566 INFO vex_extract.cursor:   Cursor: 5/10 frames (5 detections)
2026-03-16 20:24:04,580 INFO vex_extract.cursor:   Cursor: 6/10 frames (6 detections)
2026-03-16 20:24:04,593 INFO vex_extract.cursor:   Cursor: 7/10 frames (7 detections)
2026-03-16 20:24:04,607 INFO vex_extract.cursor:   Cursor: 8/10 frames (8 detections)
2026-03-16 20:24:04,620 INFO vex_extract.cursor:   Cursor: 9/10 frames (9 detections)
2026-03-16 20:24:05,779 INFO vex_extract.cursor:   Cursor: pass 2 — 8 frames at 4.0 FPS [279500ms-281500ms]
2026-03-16 20:24:05,866 INFO vex_extract.cursor:   Cursor: 1/8 frames (1 detections)
2026-03-16 20:24:05,879 INFO vex_extract.cursor:   Cursor: 2/8 frames (2 detections)
2026-03-16 20:24:05,893 INFO vex_extract.cursor:   Cursor: 3/8 frames (3 detections)
2026-03-16 20:24:05,906 INFO vex_extract.cursor:   Cursor: 4/8 frames (4 detections)
2026-03-16 20:24:05,920 INFO vex_extract.cursor:   Cursor: 5/8 frames (5 detections)
2026-03-16 20:24:05,934 INFO vex_extract.cursor:   Cursor: 6/8 frames (6 detections)
2026-03-16 20:24:05,947 INFO vex_extract.cursor:   Cursor: 7/8 frames (7 detections)
2026-03-16 20:24:07,208 INFO vex_extract.cursor:   Cursor: pass 2 — 25 frames at 4.0 FPS [285500ms-292000ms]
2026-03-16 20:24:07,277 INFO vex_extract.cursor:   Cursor: 2/25 frames (2 detections)
2026-03-16 20:24:07,291 INFO vex_extract.cursor:   Cursor: 4/25 frames (4 detections)
2026-03-16 20:24:07,305 INFO vex_extract.cursor:   Cursor: 6/25 frames (6 detections)
2026-03-16 20:24:07,318 INFO vex_extract.cursor:   Cursor: 8/25 frames (8 detections)
2026-03-16 20:24:07,331 INFO vex_extract.cursor:   Cursor: 10/25 frames (10 detections)
2026-03-16 20:24:07,344 INFO vex_extract.cursor:   Cursor: 12/25 frames (12 detections)
2026-03-16 20:24:07,358 INFO vex_extract.cursor:   Cursor: 14/25 frames (14 detections)
2026-03-16 20:24:07,371 INFO vex_extract.cursor:   Cursor: 16/25 frames (16 detections)
2026-03-16 20:24:07,397 INFO vex_extract.cursor:   Cursor: 18/25 frames (18 detections)
2026-03-16 20:24:07,425 INFO vex_extract.cursor:   Cursor: 20/25 frames (20 detections)
2026-03-16 20:24:07,450 INFO vex_extract.cursor:   Cursor: 22/25 frames (22 detections)
2026-03-16 20:24:07,477 INFO vex_extract.cursor:   Cursor: 24/25 frames (24 detections)
2026-03-16 20:24:08,690 INFO vex_extract.cursor:   Cursor: pass 2 — 8 frames at 4.0 FPS [295000ms-297000ms]
2026-03-16 20:24:08,776 INFO vex_extract.cursor:   Cursor: 1/8 frames (1 detections)
2026-03-16 20:24:08,789 INFO vex_extract.cursor:   Cursor: 2/8 frames (2 detections)
2026-03-16 20:24:08,803 INFO vex_extract.cursor:   Cursor: 3/8 frames (3 detections)
2026-03-16 20:24:08,816 INFO vex_extract.cursor:   Cursor: 4/8 frames (4 detections)
2026-03-16 20:24:08,829 INFO vex_extract.cursor:   Cursor: 5/8 frames (5 detections)
2026-03-16 20:24:08,843 INFO vex_extract.cursor:   Cursor: 6/8 frames (6 detections)
2026-03-16 20:24:08,857 INFO vex_extract.cursor:   Cursor: 7/8 frames (7 detections)
2026-03-16 20:24:10,086 INFO vex_extract.cursor:   Cursor: pass 2 — 6 frames at 4.0 FPS [297500ms-299000ms]
2026-03-16 20:24:10,171 INFO vex_extract.cursor:   Cursor: 1/6 frames (1 detections)
2026-03-16 20:24:10,185 INFO vex_extract.cursor:   Cursor: 2/6 frames (2 detections)
2026-03-16 20:24:10,199 INFO vex_extract.cursor:   Cursor: 3/6 frames (3 detections)
2026-03-16 20:24:10,212 INFO vex_extract.cursor:   Cursor: 4/6 frames (4 detections)
2026-03-16 20:24:10,226 INFO vex_extract.cursor:   Cursor: 5/6 frames (5 detections)
2026-03-16 20:24:11,465 INFO vex_extract.cursor:   Cursor: pass 2 — 6 frames at 4.0 FPS [299500ms-301000ms]
2026-03-16 20:24:11,550 INFO vex_extract.cursor:   Cursor: 1/6 frames (1 detections)
2026-03-16 20:24:11,564 INFO vex_extract.cursor:   Cursor: 2/6 frames (2 detections)
2026-03-16 20:24:11,578 INFO vex_extract.cursor:   Cursor: 3/6 frames (3 detections)
2026-03-16 20:24:11,591 INFO vex_extract.cursor:   Cursor: 4/6 frames (4 detections)
2026-03-16 20:24:11,604 INFO vex_extract.cursor:   Cursor: 5/6 frames (5 detections)
2026-03-16 20:24:12,899 INFO vex_extract.cursor:   Cursor: pass 2 — 17 frames at 4.0 FPS [302500ms-307000ms]
2026-03-16 20:24:12,983 INFO vex_extract.cursor:   Cursor: 1/17 frames (1 detections)
2026-03-16 20:24:12,996 INFO vex_extract.cursor:   Cursor: 2/17 frames (2 detections)
2026-03-16 20:24:13,010 INFO vex_extract.cursor:   Cursor: 3/17 frames (3 detections)
2026-03-16 20:24:13,023 INFO vex_extract.cursor:   Cursor: 4/17 frames (4 detections)
2026-03-16 20:24:13,037 INFO vex_extract.cursor:   Cursor: 5/17 frames (5 detections)
2026-03-16 20:24:13,050 INFO vex_extract.cursor:   Cursor: 6/17 frames (6 detections)
2026-03-16 20:24:13,063 INFO vex_extract.cursor:   Cursor: 7/17 frames (7 detections)
2026-03-16 20:24:13,077 INFO vex_extract.cursor:   Cursor: 8/17 frames (8 detections)
2026-03-16 20:24:13,089 INFO vex_extract.cursor:   Cursor: 9/17 frames (9 detections)
2026-03-16 20:24:13,103 INFO vex_extract.cursor:   Cursor: 10/17 frames (10 detections)
2026-03-16 20:24:13,116 INFO vex_extract.cursor:   Cursor: 11/17 frames (11 detections)
2026-03-16 20:24:13,130 INFO vex_extract.cursor:   Cursor: 12/17 frames (12 detections)
2026-03-16 20:24:13,143 INFO vex_extract.cursor:   Cursor: 13/17 frames (13 detections)
2026-03-16 20:24:13,156 INFO vex_extract.cursor:   Cursor: 14/17 frames (14 detections)
2026-03-16 20:24:13,169 INFO vex_extract.cursor:   Cursor: 15/17 frames (15 detections)
2026-03-16 20:24:13,183 INFO vex_extract.cursor:   Cursor: 16/17 frames (16 detections)
2026-03-16 20:24:14,457 INFO vex_extract.cursor:   Cursor: pass 2 — 10 frames at 4.0 FPS [307500ms-310000ms]
2026-03-16 20:24:14,542 INFO vex_extract.cursor:   Cursor: 1/10 frames (1 detections)
2026-03-16 20:24:14,556 INFO vex_extract.cursor:   Cursor: 2/10 frames (2 detections)
2026-03-16 20:24:14,569 INFO vex_extract.cursor:   Cursor: 3/10 frames (3 detections)
2026-03-16 20:24:14,583 INFO vex_extract.cursor:   Cursor: 4/10 frames (4 detections)
2026-03-16 20:24:14,597 INFO vex_extract.cursor:   Cursor: 5/10 frames (5 detections)
2026-03-16 20:24:14,610 INFO vex_extract.cursor:   Cursor: 6/10 frames (6 detections)
2026-03-16 20:24:14,624 INFO vex_extract.cursor:   Cursor: 7/10 frames (7 detections)
2026-03-16 20:24:14,637 INFO vex_extract.cursor:   Cursor: 8/10 frames (8 detections)
2026-03-16 20:24:14,651 INFO vex_extract.cursor:   Cursor: 9/10 frames (9 detections)
2026-03-16 20:24:15,940 INFO vex_extract.cursor:   Cursor: pass 2 — 8 frames at 4.0 FPS [312000ms-314000ms]
2026-03-16 20:24:16,025 INFO vex_extract.cursor:   Cursor: 1/8 frames (1 detections)
2026-03-16 20:24:16,038 INFO vex_extract.cursor:   Cursor: 2/8 frames (2 detections)
2026-03-16 20:24:16,052 INFO vex_extract.cursor:   Cursor: 3/8 frames (3 detections)
2026-03-16 20:24:16,065 INFO vex_extract.cursor:   Cursor: 4/8 frames (4 detections)
2026-03-16 20:24:16,078 INFO vex_extract.cursor:   Cursor: 5/8 frames (5 detections)
2026-03-16 20:24:16,091 INFO vex_extract.cursor:   Cursor: 6/8 frames (6 detections)
2026-03-16 20:24:16,105 INFO vex_extract.cursor:   Cursor: 7/8 frames (7 detections)
2026-03-16 20:24:17,458 INFO vex_extract.cursor:   Cursor: pass 2 — 21 frames at 4.0 FPS [316500ms-322000ms]
2026-03-16 20:24:17,557 INFO vex_extract.cursor:   Cursor: 2/21 frames (2 detections)
2026-03-16 20:24:17,583 INFO vex_extract.cursor:   Cursor: 4/21 frames (4 detections)
2026-03-16 20:24:17,611 INFO vex_extract.cursor:   Cursor: 6/21 frames (6 detections)
2026-03-16 20:24:17,637 INFO vex_extract.cursor:   Cursor: 8/21 frames (8 detections)
2026-03-16 20:24:17,664 INFO vex_extract.cursor:   Cursor: 10/21 frames (10 detections)
2026-03-16 20:24:17,690 INFO vex_extract.cursor:   Cursor: 12/21 frames (12 detections)
2026-03-16 20:24:17,716 INFO vex_extract.cursor:   Cursor: 14/21 frames (14 detections)
2026-03-16 20:24:17,743 INFO vex_extract.cursor:   Cursor: 16/21 frames (16 detections)
2026-03-16 20:24:17,769 INFO vex_extract.cursor:   Cursor: 18/21 frames (18 detections)
2026-03-16 20:24:17,796 INFO vex_extract.cursor:   Cursor: 20/21 frames (20 detections)
2026-03-16 20:24:19,133 INFO vex_extract.cursor:   Cursor: pass 2 — 10 frames at 4.0 FPS [323500ms-326000ms]
2026-03-16 20:24:19,215 INFO vex_extract.cursor:   Cursor: 1/10 frames (1 detections)
2026-03-16 20:24:19,228 INFO vex_extract.cursor:   Cursor: 2/10 frames (2 detections)
2026-03-16 20:24:19,241 INFO vex_extract.cursor:   Cursor: 3/10 frames (3 detections)
2026-03-16 20:24:19,255 INFO vex_extract.cursor:   Cursor: 4/10 frames (4 detections)
2026-03-16 20:24:19,268 INFO vex_extract.cursor:   Cursor: 5/10 frames (5 detections)
2026-03-16 20:24:19,282 INFO vex_extract.cursor:   Cursor: 6/10 frames (6 detections)
2026-03-16 20:24:19,295 INFO vex_extract.cursor:   Cursor: 7/10 frames (7 detections)
2026-03-16 20:24:19,308 INFO vex_extract.cursor:   Cursor: 8/10 frames (8 detections)
2026-03-16 20:24:19,321 INFO vex_extract.cursor:   Cursor: 9/10 frames (9 detections)
2026-03-16 20:24:20,749 INFO vex_extract.cursor:   Cursor: pass 2 — 27 frames at 4.0 FPS [328000ms-335000ms]
2026-03-16 20:24:20,844 INFO vex_extract.cursor:   Cursor: 2/27 frames (2 detections)
2026-03-16 20:24:20,871 INFO vex_extract.cursor:   Cursor: 4/27 frames (4 detections)
2026-03-16 20:24:20,898 INFO vex_extract.cursor:   Cursor: 6/27 frames (6 detections)
2026-03-16 20:24:20,925 INFO vex_extract.cursor:   Cursor: 8/27 frames (8 detections)
2026-03-16 20:24:20,952 INFO vex_extract.cursor:   Cursor: 10/27 frames (10 detections)
2026-03-16 20:24:20,979 INFO vex_extract.cursor:   Cursor: 12/27 frames (12 detections)
2026-03-16 20:24:21,006 INFO vex_extract.cursor:   Cursor: 14/27 frames (14 detections)
2026-03-16 20:24:21,033 INFO vex_extract.cursor:   Cursor: 16/27 frames (16 detections)
2026-03-16 20:24:21,060 INFO vex_extract.cursor:   Cursor: 18/27 frames (18 detections)
2026-03-16 20:24:21,087 INFO vex_extract.cursor:   Cursor: 20/27 frames (20 detections)
2026-03-16 20:24:21,113 INFO vex_extract.cursor:   Cursor: 22/27 frames (22 detections)
2026-03-16 20:24:21,141 INFO vex_extract.cursor:   Cursor: 24/27 frames (24 detections)
2026-03-16 20:24:21,167 INFO vex_extract.cursor:   Cursor: 26/27 frames (26 detections)
2026-03-16 20:24:22,556 INFO vex_extract.cursor:   Cursor: pass 2 — 12 frames at 4.0 FPS [336000ms-339000ms]
2026-03-16 20:24:22,570 INFO vex_extract.cursor:   Cursor: 1/12 frames (1 detections)
2026-03-16 20:24:22,583 INFO vex_extract.cursor:   Cursor: 2/12 frames (2 detections)
2026-03-16 20:24:22,596 INFO vex_extract.cursor:   Cursor: 3/12 frames (3 detections)
2026-03-16 20:24:22,609 INFO vex_extract.cursor:   Cursor: 4/12 frames (4 detections)
2026-03-16 20:24:22,622 INFO vex_extract.cursor:   Cursor: 5/12 frames (5 detections)
2026-03-16 20:24:22,635 INFO vex_extract.cursor:   Cursor: 6/12 frames (6 detections)
2026-03-16 20:24:22,649 INFO vex_extract.cursor:   Cursor: 7/12 frames (7 detections)
2026-03-16 20:24:22,663 INFO vex_extract.cursor:   Cursor: 8/12 frames (8 detections)
2026-03-16 20:24:22,676 INFO vex_extract.cursor:   Cursor: 9/12 frames (9 detections)
2026-03-16 20:24:22,689 INFO vex_extract.cursor:   Cursor: 10/12 frames (10 detections)
2026-03-16 20:24:22,702 INFO vex_extract.cursor:   Cursor: 11/12 frames (11 detections)
2026-03-16 20:24:24,146 INFO vex_extract.cursor:   Cursor: pass 2 — 17 frames at 4.0 FPS [342500ms-347000ms]
2026-03-16 20:24:24,226 INFO vex_extract.cursor:   Cursor: 1/17 frames (1 detections)
2026-03-16 20:24:24,239 INFO vex_extract.cursor:   Cursor: 2/17 frames (2 detections)
2026-03-16 20:24:24,252 INFO vex_extract.cursor:   Cursor: 3/17 frames (3 detections)
2026-03-16 20:24:24,266 INFO vex_extract.cursor:   Cursor: 4/17 frames (4 detections)
2026-03-16 20:24:24,279 INFO vex_extract.cursor:   Cursor: 5/17 frames (5 detections)
2026-03-16 20:24:24,292 INFO vex_extract.cursor:   Cursor: 6/17 frames (6 detections)
2026-03-16 20:24:24,306 INFO vex_extract.cursor:   Cursor: 7/17 frames (7 detections)
2026-03-16 20:24:24,319 INFO vex_extract.cursor:   Cursor: 8/17 frames (8 detections)
2026-03-16 20:24:24,332 INFO vex_extract.cursor:   Cursor: 9/17 frames (9 detections)
2026-03-16 20:24:24,345 INFO vex_extract.cursor:   Cursor: 10/17 frames (10 detections)
2026-03-16 20:24:24,359 INFO vex_extract.cursor:   Cursor: 11/17 frames (11 detections)
2026-03-16 20:24:24,372 INFO vex_extract.cursor:   Cursor: 12/17 frames (12 detections)
2026-03-16 20:24:24,385 INFO vex_extract.cursor:   Cursor: 13/17 frames (13 detections)
2026-03-16 20:24:24,398 INFO vex_extract.cursor:   Cursor: 14/17 frames (14 detections)
2026-03-16 20:24:24,411 INFO vex_extract.cursor:   Cursor: 15/17 frames (15 detections)
2026-03-16 20:24:24,425 INFO vex_extract.cursor:   Cursor: 16/17 frames (16 detections)
2026-03-16 20:24:25,882 INFO vex_extract.cursor:   Cursor: pass 2 — 10 frames at 4.0 FPS [352500ms-355000ms]
2026-03-16 20:24:25,915 INFO vex_extract.cursor:   Cursor: 1/10 frames (1 detections)
2026-03-16 20:24:25,922 INFO vex_extract.cursor:   Cursor: 2/10 frames (2 detections)
2026-03-16 20:24:25,929 INFO vex_extract.cursor:   Cursor: 3/10 frames (3 detections)
2026-03-16 20:24:25,942 INFO vex_extract.cursor:   Cursor: 4/10 frames (4 detections)
2026-03-16 20:24:25,955 INFO vex_extract.cursor:   Cursor: 5/10 frames (5 detections)
2026-03-16 20:24:25,968 INFO vex_extract.cursor:   Cursor: 6/10 frames (6 detections)
2026-03-16 20:24:25,981 INFO vex_extract.cursor:   Cursor: 7/10 frames (7 detections)
2026-03-16 20:24:25,995 INFO vex_extract.cursor:   Cursor: 8/10 frames (8 detections)
2026-03-16 20:24:26,008 INFO vex_extract.cursor:   Cursor: 9/10 frames (9 detections)
2026-03-16 20:24:27,494 INFO vex_extract.cursor:   Cursor: pass 2 — 8 frames at 4.0 FPS [361000ms-363000ms]
2026-03-16 20:24:27,578 INFO vex_extract.cursor:   Cursor: 1/8 frames (1 detections)
2026-03-16 20:24:27,591 INFO vex_extract.cursor:   Cursor: 2/8 frames (2 detections)
2026-03-16 20:24:27,604 INFO vex_extract.cursor:   Cursor: 3/8 frames (3 detections)
2026-03-16 20:24:27,618 INFO vex_extract.cursor:   Cursor: 4/8 frames (4 detections)
2026-03-16 20:24:27,631 INFO vex_extract.cursor:   Cursor: 5/8 frames (5 detections)
2026-03-16 20:24:27,645 INFO vex_extract.cursor:   Cursor: 6/8 frames (6 detections)
2026-03-16 20:24:27,658 INFO vex_extract.cursor:   Cursor: 7/8 frames (7 detections)
2026-03-16 20:24:29,198 INFO vex_extract.cursor:   Cursor: pass 2 — 14 frames at 4.0 FPS [371000ms-374500ms]
2026-03-16 20:24:29,278 INFO vex_extract.cursor:   Cursor: 1/14 frames (1 detections)
2026-03-16 20:24:29,291 INFO vex_extract.cursor:   Cursor: 2/14 frames (2 detections)
2026-03-16 20:24:29,305 INFO vex_extract.cursor:   Cursor: 3/14 frames (3 detections)
2026-03-16 20:24:29,318 INFO vex_extract.cursor:   Cursor: 4/14 frames (4 detections)
2026-03-16 20:24:29,331 INFO vex_extract.cursor:   Cursor: 5/14 frames (5 detections)
2026-03-16 20:24:29,344 INFO vex_extract.cursor:   Cursor: 6/14 frames (6 detections)
2026-03-16 20:24:29,358 INFO vex_extract.cursor:   Cursor: 7/14 frames (7 detections)
2026-03-16 20:24:29,372 INFO vex_extract.cursor:   Cursor: 8/14 frames (8 detections)
2026-03-16 20:24:29,385 INFO vex_extract.cursor:   Cursor: 9/14 frames (9 detections)
2026-03-16 20:24:29,398 INFO vex_extract.cursor:   Cursor: 10/14 frames (10 detections)
2026-03-16 20:24:29,411 INFO vex_extract.cursor:   Cursor: 11/14 frames (11 detections)
2026-03-16 20:24:29,425 INFO vex_extract.cursor:   Cursor: 12/14 frames (12 detections)
2026-03-16 20:24:29,437 INFO vex_extract.cursor:   Cursor: 13/14 frames (13 detections)
2026-03-16 20:24:31,112 INFO vex_extract.cursor:   Cursor: pass 2 — 44 frames at 4.0 FPS [377500ms-389000ms]
2026-03-16 20:24:31,166 INFO vex_extract.cursor:   Cursor: 4/44 frames (4 detections)
2026-03-16 20:24:31,219 INFO vex_extract.cursor:   Cursor: 8/44 frames (8 detections)
2026-03-16 20:24:31,273 INFO vex_extract.cursor:   Cursor: 12/44 frames (12 detections)
2026-03-16 20:24:31,326 INFO vex_extract.cursor:   Cursor: 16/44 frames (16 detections)
2026-03-16 20:24:31,378 INFO vex_extract.cursor:   Cursor: 20/44 frames (20 detections)
2026-03-16 20:24:31,430 INFO vex_extract.cursor:   Cursor: 24/44 frames (24 detections)
2026-03-16 20:24:31,483 INFO vex_extract.cursor:   Cursor: 28/44 frames (28 detections)
2026-03-16 20:24:31,537 INFO vex_extract.cursor:   Cursor: 32/44 frames (32 detections)
2026-03-16 20:24:31,589 INFO vex_extract.cursor:   Cursor: 36/44 frames (36 detections)
2026-03-16 20:24:31,643 INFO vex_extract.cursor:   Cursor: 40/44 frames (40 detections)
2026-03-16 20:24:33,290 INFO vex_extract.cursor:   Cursor: pass 2 — 10 frames at 4.0 FPS [391000ms-393500ms]
2026-03-16 20:24:33,371 INFO vex_extract.cursor:   Cursor: 1/10 frames (1 detections)
2026-03-16 20:24:33,384 INFO vex_extract.cursor:   Cursor: 2/10 frames (2 detections)
2026-03-16 20:24:33,398 INFO vex_extract.cursor:   Cursor: 3/10 frames (3 detections)
2026-03-16 20:24:33,411 INFO vex_extract.cursor:   Cursor: 4/10 frames (4 detections)
2026-03-16 20:24:33,424 INFO vex_extract.cursor:   Cursor: 5/10 frames (5 detections)
2026-03-16 20:24:33,437 INFO vex_extract.cursor:   Cursor: 6/10 frames (6 detections)
2026-03-16 20:24:33,450 INFO vex_extract.cursor:   Cursor: 7/10 frames (7 detections)
2026-03-16 20:24:33,463 INFO vex_extract.cursor:   Cursor: 8/10 frames (8 detections)
2026-03-16 20:24:33,477 INFO vex_extract.cursor:   Cursor: 9/10 frames (9 detections)
2026-03-16 20:24:35,106 INFO vex_extract.cursor:   Cursor: pass 2 — 10 frames at 4.0 FPS [396500ms-399000ms]
2026-03-16 20:24:35,140 INFO vex_extract.cursor:   Cursor: 1/10 frames (1 detections)
2026-03-16 20:24:35,146 INFO vex_extract.cursor:   Cursor: 2/10 frames (2 detections)
2026-03-16 20:24:35,153 INFO vex_extract.cursor:   Cursor: 3/10 frames (3 detections)
2026-03-16 20:24:35,160 INFO vex_extract.cursor:   Cursor: 4/10 frames (4 detections)
2026-03-16 20:24:35,167 INFO vex_extract.cursor:   Cursor: 5/10 frames (5 detections)
2026-03-16 20:24:35,180 INFO vex_extract.cursor:   Cursor: 6/10 frames (6 detections)
2026-03-16 20:24:35,193 INFO vex_extract.cursor:   Cursor: 7/10 frames (7 detections)
2026-03-16 20:24:35,206 INFO vex_extract.cursor:   Cursor: 8/10 frames (8 detections)
2026-03-16 20:24:35,219 INFO vex_extract.cursor:   Cursor: 9/10 frames (9 detections)
2026-03-16 20:24:36,877 INFO vex_extract.cursor:   Cursor: pass 2 — 12 frames at 4.0 FPS [401000ms-404000ms]
2026-03-16 20:24:36,957 INFO vex_extract.cursor:   Cursor: 1/12 frames (1 detections)
2026-03-16 20:24:36,970 INFO vex_extract.cursor:   Cursor: 2/12 frames (2 detections)
2026-03-16 20:24:36,983 INFO vex_extract.cursor:   Cursor: 3/12 frames (3 detections)
2026-03-16 20:24:36,996 INFO vex_extract.cursor:   Cursor: 4/12 frames (4 detections)
2026-03-16 20:24:37,009 INFO vex_extract.cursor:   Cursor: 5/12 frames (5 detections)
2026-03-16 20:24:37,022 INFO vex_extract.cursor:   Cursor: 6/12 frames (6 detections)
2026-03-16 20:24:37,035 INFO vex_extract.cursor:   Cursor: 7/12 frames (7 detections)
2026-03-16 20:24:37,048 INFO vex_extract.cursor:   Cursor: 8/12 frames (8 detections)
2026-03-16 20:24:37,061 INFO vex_extract.cursor:   Cursor: 9/12 frames (9 detections)
2026-03-16 20:24:37,075 INFO vex_extract.cursor:   Cursor: 10/12 frames (10 detections)
2026-03-16 20:24:37,087 INFO vex_extract.cursor:   Cursor: 11/12 frames (11 detections)
2026-03-16 20:24:38,742 INFO vex_extract.cursor:   Cursor: pass 2 — 8 frames at 4.0 FPS [405500ms-407500ms]
2026-03-16 20:24:38,822 INFO vex_extract.cursor:   Cursor: 1/8 frames (1 detections)
2026-03-16 20:24:38,835 INFO vex_extract.cursor:   Cursor: 2/8 frames (2 detections)
2026-03-16 20:24:38,849 INFO vex_extract.cursor:   Cursor: 3/8 frames (3 detections)
2026-03-16 20:24:38,862 INFO vex_extract.cursor:   Cursor: 4/8 frames (4 detections)
2026-03-16 20:24:38,875 INFO vex_extract.cursor:   Cursor: 5/8 frames (5 detections)
2026-03-16 20:24:38,889 INFO vex_extract.cursor:   Cursor: 6/8 frames (6 detections)
2026-03-16 20:24:38,902 INFO vex_extract.cursor:   Cursor: 7/8 frames (7 detections)
2026-03-16 20:24:40,605 INFO vex_extract.cursor:   Cursor: pass 2 — 17 frames at 4.0 FPS [408000ms-412500ms]
2026-03-16 20:24:40,687 INFO vex_extract.cursor:   Cursor: 1/17 frames (1 detections)
2026-03-16 20:24:40,700 INFO vex_extract.cursor:   Cursor: 2/17 frames (2 detections)
2026-03-16 20:24:40,713 INFO vex_extract.cursor:   Cursor: 3/17 frames (3 detections)
2026-03-16 20:24:40,727 INFO vex_extract.cursor:   Cursor: 4/17 frames (4 detections)
2026-03-16 20:24:40,740 INFO vex_extract.cursor:   Cursor: 5/17 frames (5 detections)
2026-03-16 20:24:40,753 INFO vex_extract.cursor:   Cursor: 6/17 frames (6 detections)
2026-03-16 20:24:40,766 INFO vex_extract.cursor:   Cursor: 7/17 frames (7 detections)
2026-03-16 20:24:40,780 INFO vex_extract.cursor:   Cursor: 8/17 frames (8 detections)
2026-03-16 20:24:40,793 INFO vex_extract.cursor:   Cursor: 9/17 frames (9 detections)
2026-03-16 20:24:40,806 INFO vex_extract.cursor:   Cursor: 10/17 frames (10 detections)
2026-03-16 20:24:40,819 INFO vex_extract.cursor:   Cursor: 11/17 frames (11 detections)
2026-03-16 20:24:40,833 INFO vex_extract.cursor:   Cursor: 12/17 frames (12 detections)
2026-03-16 20:24:40,846 INFO vex_extract.cursor:   Cursor: 13/17 frames (13 detections)
2026-03-16 20:24:40,860 INFO vex_extract.cursor:   Cursor: 14/17 frames (14 detections)
2026-03-16 20:24:40,873 INFO vex_extract.cursor:   Cursor: 15/17 frames (15 detections)
2026-03-16 20:24:40,887 INFO vex_extract.cursor:   Cursor: 16/17 frames (16 detections)
2026-03-16 20:24:42,681 INFO vex_extract.cursor:   Cursor: pass 2 — 34 frames at 4.0 FPS [420000ms-429000ms]
2026-03-16 20:24:42,787 INFO vex_extract.cursor:   Cursor: 3/34 frames (3 detections)
2026-03-16 20:24:42,827 INFO vex_extract.cursor:   Cursor: 6/34 frames (6 detections)
2026-03-16 20:24:42,867 INFO vex_extract.cursor:   Cursor: 9/34 frames (9 detections)
2026-03-16 20:24:42,907 INFO vex_extract.cursor:   Cursor: 12/34 frames (12 detections)
2026-03-16 20:24:42,947 INFO vex_extract.cursor:   Cursor: 15/34 frames (15 detections)
2026-03-16 20:24:42,986 INFO vex_extract.cursor:   Cursor: 18/34 frames (18 detections)
2026-03-16 20:24:43,026 INFO vex_extract.cursor:   Cursor: 21/34 frames (21 detections)
2026-03-16 20:24:43,066 INFO vex_extract.cursor:   Cursor: 24/34 frames (24 detections)
2026-03-16 20:24:43,107 INFO vex_extract.cursor:   Cursor: 27/34 frames (27 detections)
2026-03-16 20:24:43,147 INFO vex_extract.cursor:   Cursor: 30/34 frames (30 detections)
2026-03-16 20:24:43,187 INFO vex_extract.cursor:   Cursor: 33/34 frames (33 detections)
2026-03-16 20:24:44,934 INFO vex_extract.cursor:   Cursor: pass 2 — 8 frames at 4.0 FPS [430500ms-432500ms]
2026-03-16 20:24:45,013 INFO vex_extract.cursor:   Cursor: 1/8 frames (1 detections)
2026-03-16 20:24:45,027 INFO vex_extract.cursor:   Cursor: 2/8 frames (2 detections)
2026-03-16 20:24:45,040 INFO vex_extract.cursor:   Cursor: 3/8 frames (3 detections)
2026-03-16 20:24:45,053 INFO vex_extract.cursor:   Cursor: 4/8 frames (4 detections)
2026-03-16 20:24:45,066 INFO vex_extract.cursor:   Cursor: 5/8 frames (5 detections)
2026-03-16 20:24:45,080 INFO vex_extract.cursor:   Cursor: 6/8 frames (6 detections)
2026-03-16 20:24:45,093 INFO vex_extract.cursor:   Cursor: 7/8 frames (7 detections)
2026-03-16 20:24:46,886 INFO vex_extract.cursor:   Cursor: pass 2 — 17 frames at 4.0 FPS [434500ms-439000ms]
2026-03-16 20:24:46,967 INFO vex_extract.cursor:   Cursor: 1/17 frames (1 detections)
2026-03-16 20:24:46,981 INFO vex_extract.cursor:   Cursor: 2/17 frames (2 detections)
2026-03-16 20:24:46,994 INFO vex_extract.cursor:   Cursor: 3/17 frames (3 detections)
2026-03-16 20:24:47,007 INFO vex_extract.cursor:   Cursor: 4/17 frames (4 detections)
2026-03-16 20:24:47,021 INFO vex_extract.cursor:   Cursor: 5/17 frames (5 detections)
2026-03-16 20:24:47,034 INFO vex_extract.cursor:   Cursor: 6/17 frames (6 detections)
2026-03-16 20:24:47,048 INFO vex_extract.cursor:   Cursor: 7/17 frames (7 detections)
2026-03-16 20:24:47,061 INFO vex_extract.cursor:   Cursor: 8/17 frames (8 detections)
2026-03-16 20:24:47,075 INFO vex_extract.cursor:   Cursor: 9/17 frames (9 detections)
2026-03-16 20:24:47,088 INFO vex_extract.cursor:   Cursor: 10/17 frames (10 detections)
2026-03-16 20:24:47,101 INFO vex_extract.cursor:   Cursor: 11/17 frames (11 detections)
2026-03-16 20:24:47,114 INFO vex_extract.cursor:   Cursor: 12/17 frames (12 detections)
2026-03-16 20:24:47,127 INFO vex_extract.cursor:   Cursor: 13/17 frames (13 detections)
2026-03-16 20:24:47,140 INFO vex_extract.cursor:   Cursor: 14/17 frames (14 detections)
2026-03-16 20:24:47,154 INFO vex_extract.cursor:   Cursor: 15/17 frames (15 detections)
2026-03-16 20:24:47,167 INFO vex_extract.cursor:   Cursor: 16/17 frames (16 detections)
2026-03-16 20:24:48,984 INFO vex_extract.cursor:   Cursor: pass 2 — 16 frames at 4.0 FPS [442500ms-446500ms]
2026-03-16 20:24:48,997 INFO vex_extract.cursor:   Cursor: 1/16 frames (1 detections)
2026-03-16 20:24:49,010 INFO vex_extract.cursor:   Cursor: 2/16 frames (2 detections)
2026-03-16 20:24:49,023 INFO vex_extract.cursor:   Cursor: 3/16 frames (3 detections)
2026-03-16 20:24:49,036 INFO vex_extract.cursor:   Cursor: 4/16 frames (4 detections)
2026-03-16 20:24:49,050 INFO vex_extract.cursor:   Cursor: 5/16 frames (5 detections)
2026-03-16 20:24:49,063 INFO vex_extract.cursor:   Cursor: 6/16 frames (6 detections)
2026-03-16 20:24:49,076 INFO vex_extract.cursor:   Cursor: 7/16 frames (7 detections)
2026-03-16 20:24:49,090 INFO vex_extract.cursor:   Cursor: 8/16 frames (8 detections)
2026-03-16 20:24:49,103 INFO vex_extract.cursor:   Cursor: 9/16 frames (9 detections)
2026-03-16 20:24:49,117 INFO vex_extract.cursor:   Cursor: 10/16 frames (10 detections)
2026-03-16 20:24:49,130 INFO vex_extract.cursor:   Cursor: 11/16 frames (11 detections)
2026-03-16 20:24:49,144 INFO vex_extract.cursor:   Cursor: 12/16 frames (12 detections)
2026-03-16 20:24:49,157 INFO vex_extract.cursor:   Cursor: 13/16 frames (13 detections)
2026-03-16 20:24:49,170 INFO vex_extract.cursor:   Cursor: 14/16 frames (14 detections)
2026-03-16 20:24:49,183 INFO vex_extract.cursor:   Cursor: 15/16 frames (15 detections)
2026-03-16 20:24:51,023 INFO vex_extract.cursor:   Cursor: pass 2 — 14 frames at 4.0 FPS [448500ms-452000ms]
2026-03-16 20:24:51,102 INFO vex_extract.cursor:   Cursor: 1/14 frames (1 detections)
2026-03-16 20:24:51,115 INFO vex_extract.cursor:   Cursor: 2/14 frames (2 detections)
2026-03-16 20:24:51,129 INFO vex_extract.cursor:   Cursor: 3/14 frames (3 detections)
2026-03-16 20:24:51,142 INFO vex_extract.cursor:   Cursor: 4/14 frames (4 detections)
2026-03-16 20:24:51,155 INFO vex_extract.cursor:   Cursor: 5/14 frames (5 detections)
2026-03-16 20:24:51,168 INFO vex_extract.cursor:   Cursor: 6/14 frames (6 detections)
2026-03-16 20:24:51,182 INFO vex_extract.cursor:   Cursor: 7/14 frames (7 detections)
2026-03-16 20:24:51,194 INFO vex_extract.cursor:   Cursor: 8/14 frames (8 detections)
2026-03-16 20:24:51,207 INFO vex_extract.cursor:   Cursor: 9/14 frames (9 detections)
2026-03-16 20:24:51,220 INFO vex_extract.cursor:   Cursor: 10/14 frames (10 detections)
2026-03-16 20:24:51,234 INFO vex_extract.cursor:   Cursor: 11/14 frames (11 detections)
2026-03-16 20:24:51,247 INFO vex_extract.cursor:   Cursor: 12/14 frames (12 detections)
2026-03-16 20:24:51,261 INFO vex_extract.cursor:   Cursor: 13/14 frames (13 detections)
2026-03-16 20:24:53,094 INFO vex_extract.cursor:   Cursor: pass 2 — 6 frames at 4.0 FPS [453500ms-455000ms]
2026-03-16 20:24:53,127 INFO vex_extract.cursor:   Cursor: 1/6 frames (1 detections)
2026-03-16 20:24:53,134 INFO vex_extract.cursor:   Cursor: 2/6 frames (2 detections)
2026-03-16 20:24:53,141 INFO vex_extract.cursor:   Cursor: 3/6 frames (3 detections)
2026-03-16 20:24:53,147 INFO vex_extract.cursor:   Cursor: 4/6 frames (4 detections)
2026-03-16 20:24:53,154 INFO vex_extract.cursor:   Cursor: 5/6 frames (5 detections)
2026-03-16 20:24:55,008 INFO vex_extract.cursor:   Cursor: pass 2 — 6 frames at 4.0 FPS [462000ms-463500ms]
2026-03-16 20:24:55,087 INFO vex_extract.cursor:   Cursor: 1/6 frames (1 detections)
2026-03-16 20:24:55,100 INFO vex_extract.cursor:   Cursor: 2/6 frames (2 detections)
2026-03-16 20:24:55,107 INFO vex_extract.cursor:   Cursor: 3/6 frames (3 detections)
2026-03-16 20:24:55,113 INFO vex_extract.cursor:   Cursor: 4/6 frames (4 detections)
2026-03-16 20:24:55,120 INFO vex_extract.cursor:   Cursor: 5/6 frames (5 detections)
2026-03-16 20:24:55,128 INFO vex_extract.cursor:   Cursor: merged 1339 detections (1338 detected)
2026-03-16 20:24:55,128 INFO vex_extract.cursor:   Cursor: filtering 7 static detections at (1178.0, 894.0) spanning 3000ms
2026-03-16 20:24:55,128 INFO vex_extract.cursor:   Cursor: filtering 38 static detections at (1263.0, 838.0) spanning 18500ms
2026-03-16 20:24:55,128 INFO vex_extract.cursor:   Cursor: filtering 35 static detections at (1257.0, 808.0) spanning 16533ms
2026-03-16 20:24:55,128 INFO vex_extract.cursor:   Cursor: filtering 11 static detections at (1268.0, 949.0) spanning 4367ms
2026-03-16 20:24:55,128 INFO vex_extract.cursor:   Cursor: filtering 10 static detections at (637.0, 266.0) spanning 4033ms
2026-03-16 20:24:55,128 INFO vex_extract.cursor:   Cursor: filtering 10 static detections at (1839.0, 774.0) spanning 4500ms
2026-03-16 20:24:55,128 INFO vex_extract.cursor:   Cursor: filtering 10 static detections at (1176.0, 412.0) spanning 4500ms
2026-03-16 20:24:55,128 INFO vex_extract.cursor:   Cursor: filtering 18 static detections at (1856.0, 800.0) spanning 4533ms
2026-03-16 20:24:55,128 INFO vex_extract.cursor:   Cursor: filtering 17 static detections at (731.0, 343.0) spanning 8000ms
2026-03-16 20:24:55,128 INFO vex_extract.cursor:   Cursor: filtering 15 static detections at (18.0, 103.0) spanning 3967ms
2026-03-16 20:24:55,128 INFO vex_extract.cursor:   Cursor: filtering 13 static detections at (820.0, 397.0) spanning 6000ms
2026-03-16 20:24:55,128 INFO vex_extract.cursor:   Cursor: filtering 12 static detections at (302.0, 712.0) spanning 5500ms
2026-03-16 20:24:55,128 INFO vex_extract.cursor:   Cursor: filtering 16 static detections at (722.0, 419.0) spanning 4000ms
2026-03-16 20:24:55,128 INFO vex_extract.cursor:   Cursor: filtering 18 static detections at (766.0, 553.0) spanning 5300ms
2026-03-16 20:24:55,128 INFO vex_extract.cursor:   Cursor: filtering 9 static detections at (378.0, 129.0) spanning 3600ms
2026-03-16 20:24:55,128 INFO vex_extract.cursor:   Cursor: filtering 10 static detections at (818.0, 413.0) spanning 4500ms
2026-03-16 20:24:55,129 INFO vex_extract.cursor:   Cursor: filtering 14 static detections at (64.0, 828.0) spanning 6033ms
2026-03-16 20:24:55,129 INFO vex_extract.cursor:   Cursor: filtering 18 static detections at (378.0, 1044.0) spanning 8167ms
2026-03-16 20:24:55,129 INFO vex_extract.cursor:   Cursor: filtering 17 static detections at (1735.0, 762.0) spanning 7533ms
2026-03-16 20:24:55,129 INFO vex_extract.cursor:   Cursor: filtering 9 static detections at (898.0, 325.0) spanning 3533ms
2026-03-16 20:24:55,129 INFO vex_extract.cursor:   Cursor: filtering 7 static detections at (709.0, 551.0) spanning 3000ms
2026-03-16 20:24:55,129 INFO vex_extract.cursor:   Cursor: filtering 8 static detections at (711.0, 553.0) spanning 3267ms
2026-03-16 20:24:55,133 INFO vex_extract.pipeline:   Cached cursor trajectory: /Users/nic/Developer/spike-air-315-vision-processing/candidates/2026-03-14/tmp/cv/opportunity_list_ben_f0ebba1b_cursor/cursor_trajectory.json
2026-03-16 20:24:55,133 INFO vex_extract.pipeline:   1339 cursor detections (1016 detected) in 104.5s
2026-03-16 20:24:55,133 INFO vex_extract.pipeline: Step 3: Computing optical flow...
2026-03-16 20:24:57,556 INFO vex_extract.flow:   Flow: computing across 926 frame pairs...
2026-03-16 20:25:00,656 INFO vex_extract.pipeline:   Cached flow windows: /Users/nic/Developer/spike-air-315-vision-processing/candidates/2026-03-14/tmp/cv/opportunity_list_ben_bb5a87ef_f0ebba1b_flow/flow_windows.json
2026-03-16 20:25:00,657 INFO vex_extract.pipeline:   925 flow windows in 5.5s
2026-03-16 20:25:00,657 INFO vex_extract.pipeline: Step 4: Creating video segments...
2026-03-16 20:25:00,657 INFO vex_extract.pipeline:   7 segments
2026-03-16 20:25:00,657 INFO vex_extract.pipeline:   Segment 0: cached
2026-03-16 20:25:00,657 INFO vex_extract.pipeline:   Segment 1: cached
2026-03-16 20:25:00,657 INFO vex_extract.pipeline:   Segment 2: cached
2026-03-16 20:25:00,657 INFO vex_extract.pipeline:   Segment 3: cached
2026-03-16 20:25:00,657 INFO vex_extract.pipeline:   Segment 4: cached
2026-03-16 20:25:00,657 INFO vex_extract.pipeline:   Segment 5: cached
2026-03-16 20:25:00,657 INFO vex_extract.pipeline:   Segment 6: cached
2026-03-16 20:25:00,657 INFO vex_extract.pipeline: Step 5: Preparing prompts...
2026-03-16 20:25:00,658 INFO vex_extract.analysis: Segment 0: prompt prepared (10948 chars)
2026-03-16 20:25:00,659 INFO vex_extract.analysis: Segment 1: prompt prepared (11494 chars)
2026-03-16 20:25:00,659 INFO vex_extract.analysis: Segment 2: prompt prepared (11716 chars)
2026-03-16 20:25:00,660 INFO vex_extract.analysis: Segment 3: prompt prepared (11419 chars)
2026-03-16 20:25:00,661 INFO vex_extract.analysis: Segment 4: prompt prepared (11664 chars)
2026-03-16 20:25:00,661 INFO vex_extract.analysis: Segment 5: prompt prepared (11157 chars)
2026-03-16 20:25:00,662 INFO vex_extract.analysis: Segment 6: prompt prepared (11303 chars)
2026-03-16 20:25:00,662 INFO vex_extract.pipeline:   7 prompts prepared
2026-03-16 20:25:00,662 INFO vex_extract.pipeline: Stopped after: prompt
