2026-03-16 20:30:10,388 INFO vex_extract.pipeline: === Video Event Extractor ===
2026-03-16 20:30:10,388 INFO vex_extract.pipeline: Video: /Users/nic/Developer/spike-air-315-vision-processing/input_data/screen_tracks/ask_create_study_brandon.mp4
2026-03-16 20:30:10,388 INFO vex_extract.pipeline: Offset: 484088 ms
2026-03-16 20:30:10,388 INFO vex_extract.pipeline: Run ID: 2026-03-16_103010
2026-03-16 20:30:10,388 INFO vex_extract.pipeline: Stop after: prompt
2026-03-16 20:30:10,388 INFO vex_extract.pipeline: Step 1: Normalizing video...
2026-03-16 20:30:10,388 INFO vex_extract.pipeline:   Using cached normalized video: /Users/nic/Developer/spike-air-315-vision-processing/candidates/2026-03-14/tmp/ask_create_study_brandon_normalized.mp4
2026-03-16 20:30:10,416 INFO vex_extract.pipeline:   Duration: 443.4s, 1816x1142, 30.0 fps
2026-03-16 20:30:10,416 INFO vex_extract.pipeline: Step 2: Tracking cursor...
2026-03-16 20:30:14,577 INFO vex_extract.cursor:   Cursor: pass 1 — matching 887 frames at 2.0 FPS against 6 templates x 7 scales at 540p...
2026-03-16 20:30:16,519 INFO vex_extract.cursor:   Cursor: 88/887 frames (88 detections)
2026-03-16 20:30:18,208 INFO vex_extract.cursor:   Cursor: 176/887 frames (176 detections)
2026-03-16 20:30:19,892 INFO vex_extract.cursor:   Cursor: 264/887 frames (264 detections)
2026-03-16 20:30:21,588 INFO vex_extract.cursor:   Cursor: 352/887 frames (352 detections)
2026-03-16 20:30:23,282 INFO vex_extract.cursor:   Cursor: 440/887 frames (440 detections)
2026-03-16 20:30:24,975 INFO vex_extract.cursor:   Cursor: 528/887 frames (528 detections)
2026-03-16 20:30:26,674 INFO vex_extract.cursor:   Cursor: 616/887 frames (616 detections)
2026-03-16 20:30:28,368 INFO vex_extract.cursor:   Cursor: 704/887 frames (704 detections)
2026-03-16 20:30:30,051 INFO vex_extract.cursor:   Cursor: 792/887 frames (792 detections)
2026-03-16 20:30:31,749 INFO vex_extract.cursor:   Cursor: 880/887 frames (880 detections)
2026-03-16 20:30:31,883 INFO vex_extract.cursor:   Cursor: calibrated to scales (0.3, 0.4, 0.5) from coarse pass
2026-03-16 20:30:31,883 INFO vex_extract.cursor:   Cursor: 4 active regions identified
2026-03-16 20:30:31,924 INFO vex_extract.cursor:   Cursor: pass 2 — 6 frames at 4.0 FPS [1000ms-2500ms]
2026-03-16 20:30:32,038 INFO vex_extract.cursor:   Cursor: 1/6 frames (1 detections)
2026-03-16 20:30:32,057 INFO vex_extract.cursor:   Cursor: 2/6 frames (2 detections)
2026-03-16 20:30:32,077 INFO vex_extract.cursor:   Cursor: 3/6 frames (3 detections)
2026-03-16 20:30:32,096 INFO vex_extract.cursor:   Cursor: 4/6 frames (4 detections)
2026-03-16 20:30:32,116 INFO vex_extract.cursor:   Cursor: 5/6 frames (5 detections)
2026-03-16 20:30:32,575 INFO vex_extract.cursor:   Cursor: pass 2 — 8 frames at 4.0 FPS [107000ms-109000ms]
2026-03-16 20:30:32,690 INFO vex_extract.cursor:   Cursor: 1/8 frames (1 detections)
2026-03-16 20:30:32,703 INFO vex_extract.cursor:   Cursor: 2/8 frames (2 detections)
2026-03-16 20:30:32,716 INFO vex_extract.cursor:   Cursor: 3/8 frames (3 detections)
2026-03-16 20:30:32,730 INFO vex_extract.cursor:   Cursor: 4/8 frames (4 detections)
2026-03-16 20:30:32,742 INFO vex_extract.cursor:   Cursor: 5/8 frames (5 detections)
2026-03-16 20:30:32,754 INFO vex_extract.cursor:   Cursor: 6/8 frames (6 detections)
2026-03-16 20:30:32,767 INFO vex_extract.cursor:   Cursor: 7/8 frames (7 detections)
2026-03-16 20:30:33,274 INFO vex_extract.cursor:   Cursor: pass 2 — 8 frames at 4.0 FPS [121500ms-123500ms]
2026-03-16 20:30:33,388 INFO vex_extract.cursor:   Cursor: 1/8 frames (1 detections)
2026-03-16 20:30:33,401 INFO vex_extract.cursor:   Cursor: 2/8 frames (2 detections)
2026-03-16 20:30:33,413 INFO vex_extract.cursor:   Cursor: 3/8 frames (3 detections)
2026-03-16 20:30:33,426 INFO vex_extract.cursor:   Cursor: 4/8 frames (4 detections)
2026-03-16 20:30:33,439 INFO vex_extract.cursor:   Cursor: 5/8 frames (5 detections)
2026-03-16 20:30:33,452 INFO vex_extract.cursor:   Cursor: 6/8 frames (6 detections)
2026-03-16 20:30:33,465 INFO vex_extract.cursor:   Cursor: 7/8 frames (7 detections)
2026-03-16 20:30:34,868 INFO vex_extract.cursor:   Cursor: pass 2 — 8 frames at 4.0 FPS [371500ms-373500ms]
2026-03-16 20:30:34,984 INFO vex_extract.cursor:   Cursor: 1/8 frames (1 detections)
2026-03-16 20:30:34,997 INFO vex_extract.cursor:   Cursor: 2/8 frames (2 detections)
2026-03-16 20:30:35,009 INFO vex_extract.cursor:   Cursor: 3/8 frames (3 detections)
2026-03-16 20:30:35,022 INFO vex_extract.cursor:   Cursor: 4/8 frames (4 detections)
2026-03-16 20:30:35,035 INFO vex_extract.cursor:   Cursor: 5/8 frames (5 detections)
2026-03-16 20:30:35,047 INFO vex_extract.cursor:   Cursor: 6/8 frames (6 detections)
2026-03-16 20:30:35,060 INFO vex_extract.cursor:   Cursor: 7/8 frames (7 detections)
2026-03-16 20:30:35,073 INFO vex_extract.cursor:   Cursor: merged 898 detections (898 detected)
2026-03-16 20:30:35,073 INFO vex_extract.cursor:   Cursor: filtering 210 static detections at (1392.0, 65.0) spanning 104433ms
2026-03-16 20:30:35,073 INFO vex_extract.cursor:   Cursor: filtering 24 static detections at (1392.0, 65.0) spanning 11500ms
2026-03-16 20:30:35,073 INFO vex_extract.cursor:   Cursor: filtering 495 static detections at (1392.0, 65.0) spanning 247000ms
2026-03-16 20:30:35,074 INFO vex_extract.cursor:   Cursor: filtering 139 static detections at (1392.0, 65.0) spanning 69000ms
2026-03-16 20:30:35,076 INFO vex_extract.pipeline:   Cached cursor trajectory: /Users/nic/Developer/spike-air-315-vision-processing/candidates/2026-03-14/tmp/cv/ask_create_study_brandon_f0ebba1b_cursor/cursor_trajectory.json
2026-03-16 20:30:35,076 INFO vex_extract.pipeline:   898 cursor detections (30 detected) in 24.7s
2026-03-16 20:30:35,076 INFO vex_extract.pipeline: Step 3: Computing optical flow...
2026-03-16 20:30:37,280 INFO vex_extract.flow:   Flow: computing across 886 frame pairs...
2026-03-16 20:30:40,034 INFO vex_extract.pipeline:   Cached flow windows: /Users/nic/Developer/spike-air-315-vision-processing/candidates/2026-03-14/tmp/cv/ask_create_study_brandon_bb5a87ef_f0ebba1b_flow/flow_windows.json
2026-03-16 20:30:40,034 INFO vex_extract.pipeline:   885 flow windows in 5.0s
2026-03-16 20:30:40,034 INFO vex_extract.pipeline: Step 4: Creating video segments...
2026-03-16 20:30:40,034 INFO vex_extract.pipeline:   6 segments
2026-03-16 20:30:40,034 INFO vex_extract.pipeline:   Segment 0: cached
2026-03-16 20:30:40,034 INFO vex_extract.pipeline:   Segment 1: cached
2026-03-16 20:30:40,034 INFO vex_extract.pipeline:   Segment 2: cached
2026-03-16 20:30:40,034 INFO vex_extract.pipeline:   Segment 3: cached
2026-03-16 20:30:40,034 INFO vex_extract.pipeline:   Segment 4: cached
2026-03-16 20:30:40,034 INFO vex_extract.pipeline:   Segment 5: cached
2026-03-16 20:30:40,034 INFO vex_extract.pipeline: Step 5: Preparing prompts...
2026-03-16 20:30:40,035 INFO vex_extract.analysis: Segment 0: prompt prepared (9325 chars)
2026-03-16 20:30:40,035 INFO vex_extract.analysis: Segment 1: prompt prepared (9654 chars)
2026-03-16 20:30:40,036 INFO vex_extract.analysis: Segment 2: prompt prepared (9050 chars)
2026-03-16 20:30:40,036 INFO vex_extract.analysis: Segment 3: prompt prepared (9005 chars)
2026-03-16 20:30:40,037 INFO vex_extract.analysis: Segment 4: prompt prepared (9821 chars)
2026-03-16 20:30:40,037 INFO vex_extract.analysis: Segment 5: prompt prepared (9901 chars)
2026-03-16 20:30:40,037 INFO vex_extract.pipeline:   6 prompts prepared
2026-03-16 20:30:40,037 INFO vex_extract.pipeline: Stopped after: prompt
