2026-03-16 20:10:26,527 INFO vex_extract.pipeline: === Video Event Extractor ===
2026-03-16 20:10:26,527 INFO vex_extract.pipeline: Video: /Users/nic/Developer/spike-air-315-vision-processing/input_data/screen_tracks/travel_expert_veronika.webm
2026-03-16 20:10:26,527 INFO vex_extract.pipeline: Offset: 33442 ms
2026-03-16 20:10:26,527 INFO vex_extract.pipeline: Run ID: 2026-03-16_101026
2026-03-16 20:10:26,527 INFO vex_extract.pipeline: Stop after: prompt
2026-03-16 20:10:26,527 INFO vex_extract.pipeline: Step 1: Normalizing video...
2026-03-16 20:10:26,527 INFO vex_extract.pipeline:   Using cached normalized video: /Users/nic/Developer/spike-air-315-vision-processing/candidates/2026-03-14/tmp/travel_expert_veronika_normalized.mp4
2026-03-16 20:10:26,595 INFO vex_extract.pipeline:   Duration: 314.9s, 1916x1082, 59.9 fps
2026-03-16 20:10:26,596 INFO vex_extract.pipeline: Step 2: Tracking cursor...
2026-03-16 20:10:28,525 INFO vex_extract.cursor:   Cursor: pass 1 — matching 514 frames at 2.0 FPS against 6 templates x 7 scales at 540p...
2026-03-16 20:10:29,746 INFO vex_extract.cursor:   Cursor: 51/514 frames (51 detections)
2026-03-16 20:10:30,765 INFO vex_extract.cursor:   Cursor: 102/514 frames (102 detections)
2026-03-16 20:10:31,477 INFO vex_extract.cursor:   Cursor: 153/514 frames (153 detections)
2026-03-16 20:10:32,475 INFO vex_extract.cursor:   Cursor: 204/514 frames (204 detections)
2026-03-16 20:10:33,216 INFO vex_extract.cursor:   Cursor: 255/514 frames (255 detections)
2026-03-16 20:10:33,963 INFO vex_extract.cursor:   Cursor: 306/514 frames (306 detections)
2026-03-16 20:10:34,761 INFO vex_extract.cursor:   Cursor: 357/514 frames (357 detections)
2026-03-16 20:10:35,652 INFO vex_extract.cursor:   Cursor: 408/514 frames (408 detections)
2026-03-16 20:10:37,541 INFO vex_extract.cursor:   Cursor: 459/514 frames (456 detections)
2026-03-16 20:10:38,206 INFO vex_extract.cursor:   Cursor: 510/514 frames (507 detections)
2026-03-16 20:10:38,259 INFO vex_extract.cursor:   Cursor: calibrated to scales (0.3, 0.4) from coarse pass
2026-03-16 20:10:38,260 INFO vex_extract.cursor:   Cursor: 55 active regions identified
2026-03-16 20:10:38,315 INFO vex_extract.cursor:   Cursor: pass 2 — 14 frames at 4.0 FPS [568ms-4170ms]
2026-03-16 20:10:38,393 INFO vex_extract.cursor:   Cursor: 1/14 frames (1 detections)
2026-03-16 20:10:38,407 INFO vex_extract.cursor:   Cursor: 2/14 frames (2 detections)
2026-03-16 20:10:38,419 INFO vex_extract.cursor:   Cursor: 3/14 frames (3 detections)
2026-03-16 20:10:38,432 INFO vex_extract.cursor:   Cursor: 4/14 frames (4 detections)
2026-03-16 20:10:38,446 INFO vex_extract.cursor:   Cursor: 5/14 frames (5 detections)
2026-03-16 20:10:38,459 INFO vex_extract.cursor:   Cursor: 6/14 frames (6 detections)
2026-03-16 20:10:38,472 INFO vex_extract.cursor:   Cursor: 7/14 frames (7 detections)
2026-03-16 20:10:38,485 INFO vex_extract.cursor:   Cursor: 8/14 frames (8 detections)
2026-03-16 20:10:38,498 INFO vex_extract.cursor:   Cursor: 9/14 frames (9 detections)
2026-03-16 20:10:38,511 INFO vex_extract.cursor:   Cursor: 10/14 frames (10 detections)
2026-03-16 20:10:38,524 INFO vex_extract.cursor:   Cursor: 11/14 frames (11 detections)
2026-03-16 20:10:38,537 INFO vex_extract.cursor:   Cursor: 12/14 frames (12 detections)
2026-03-16 20:10:38,550 INFO vex_extract.cursor:   Cursor: 13/14 frames (13 detections)
2026-03-16 20:10:38,690 INFO vex_extract.cursor:   Cursor: pass 2 — 34 frames at 4.0 FPS [4772ms-13763ms]
2026-03-16 20:10:38,796 INFO vex_extract.cursor:   Cursor: 3/34 frames (3 detections)
2026-03-16 20:10:38,834 INFO vex_extract.cursor:   Cursor: 6/34 frames (6 detections)
2026-03-16 20:10:38,873 INFO vex_extract.cursor:   Cursor: 9/34 frames (9 detections)
2026-03-16 20:10:38,913 INFO vex_extract.cursor:   Cursor: 12/34 frames (12 detections)
2026-03-16 20:10:38,951 INFO vex_extract.cursor:   Cursor: 15/34 frames (15 detections)
2026-03-16 20:10:38,990 INFO vex_extract.cursor:   Cursor: 18/34 frames (18 detections)
2026-03-16 20:10:39,030 INFO vex_extract.cursor:   Cursor: 21/34 frames (21 detections)
2026-03-16 20:10:39,069 INFO vex_extract.cursor:   Cursor: 24/34 frames (24 detections)
2026-03-16 20:10:39,109 INFO vex_extract.cursor:   Cursor: 27/34 frames (27 detections)
2026-03-16 20:10:39,149 INFO vex_extract.cursor:   Cursor: 30/34 frames (30 detections)
2026-03-16 20:10:39,188 INFO vex_extract.cursor:   Cursor: 33/34 frames (33 detections)
2026-03-16 20:10:39,282 INFO vex_extract.cursor:   Cursor: pass 2 — 14 frames at 4.0 FPS [13831ms-17500ms]
2026-03-16 20:10:39,361 INFO vex_extract.cursor:   Cursor: 1/14 frames (1 detections)
2026-03-16 20:10:39,374 INFO vex_extract.cursor:   Cursor: 2/14 frames (2 detections)
2026-03-16 20:10:39,387 INFO vex_extract.cursor:   Cursor: 3/14 frames (3 detections)
2026-03-16 20:10:39,400 INFO vex_extract.cursor:   Cursor: 4/14 frames (4 detections)
2026-03-16 20:10:39,413 INFO vex_extract.cursor:   Cursor: 5/14 frames (5 detections)
2026-03-16 20:10:39,426 INFO vex_extract.cursor:   Cursor: 6/14 frames (6 detections)
2026-03-16 20:10:39,439 INFO vex_extract.cursor:   Cursor: 7/14 frames (7 detections)
2026-03-16 20:10:39,452 INFO vex_extract.cursor:   Cursor: 8/14 frames (8 detections)
2026-03-16 20:10:39,465 INFO vex_extract.cursor:   Cursor: 9/14 frames (9 detections)
2026-03-16 20:10:39,478 INFO vex_extract.cursor:   Cursor: 10/14 frames (10 detections)
2026-03-16 20:10:39,491 INFO vex_extract.cursor:   Cursor: 11/14 frames (11 detections)
2026-03-16 20:10:39,504 INFO vex_extract.cursor:   Cursor: 12/14 frames (12 detections)
2026-03-16 20:10:39,518 INFO vex_extract.cursor:   Cursor: 13/14 frames (13 detections)
2026-03-16 20:10:39,616 INFO vex_extract.cursor:   Cursor: pass 2 — 12 frames at 4.0 FPS [18636ms-21771ms]
2026-03-16 20:10:39,696 INFO vex_extract.cursor:   Cursor: 1/12 frames (1 detections)
2026-03-16 20:10:39,709 INFO vex_extract.cursor:   Cursor: 2/12 frames (2 detections)
2026-03-16 20:10:39,722 INFO vex_extract.cursor:   Cursor: 3/12 frames (3 detections)
2026-03-16 20:10:39,735 INFO vex_extract.cursor:   Cursor: 4/12 frames (4 detections)
2026-03-16 20:10:39,749 INFO vex_extract.cursor:   Cursor: 5/12 frames (5 detections)
2026-03-16 20:10:39,762 INFO vex_extract.cursor:   Cursor: 6/12 frames (6 detections)
2026-03-16 20:10:39,775 INFO vex_extract.cursor:   Cursor: 7/12 frames (7 detections)
2026-03-16 20:10:39,788 INFO vex_extract.cursor:   Cursor: 8/12 frames (8 detections)
2026-03-16 20:10:39,801 INFO vex_extract.cursor:   Cursor: 9/12 frames (9 detections)
2026-03-16 20:10:39,815 INFO vex_extract.cursor:   Cursor: 10/12 frames (10 detections)
2026-03-16 20:10:39,828 INFO vex_extract.cursor:   Cursor: 11/12 frames (11 detections)
2026-03-16 20:10:39,973 INFO vex_extract.cursor:   Cursor: pass 2 — 24 frames at 4.0 FPS [21839ms-28161ms]
2026-03-16 20:10:40,067 INFO vex_extract.cursor:   Cursor: 2/24 frames (2 detections)
2026-03-16 20:10:40,093 INFO vex_extract.cursor:   Cursor: 4/24 frames (4 detections)
2026-03-16 20:10:40,119 INFO vex_extract.cursor:   Cursor: 6/24 frames (6 detections)
2026-03-16 20:10:40,145 INFO vex_extract.cursor:   Cursor: 8/24 frames (8 detections)
2026-03-16 20:10:40,171 INFO vex_extract.cursor:   Cursor: 10/24 frames (10 detections)
2026-03-16 20:10:40,197 INFO vex_extract.cursor:   Cursor: 12/24 frames (12 detections)
2026-03-16 20:10:40,223 INFO vex_extract.cursor:   Cursor: 14/24 frames (14 detections)
2026-03-16 20:10:40,249 INFO vex_extract.cursor:   Cursor: 16/24 frames (16 detections)
2026-03-16 20:10:40,275 INFO vex_extract.cursor:   Cursor: 18/24 frames (18 detections)
2026-03-16 20:10:40,301 INFO vex_extract.cursor:   Cursor: 20/24 frames (20 detections)
2026-03-16 20:10:40,327 INFO vex_extract.cursor:   Cursor: 22/24 frames (22 detections)
2026-03-16 20:10:40,450 INFO vex_extract.cursor:   Cursor: pass 2 — 8 frames at 4.0 FPS [28763ms-30830ms]
2026-03-16 20:10:40,530 INFO vex_extract.cursor:   Cursor: 1/8 frames (1 detections)
2026-03-16 20:10:40,543 INFO vex_extract.cursor:   Cursor: 2/8 frames (2 detections)
2026-03-16 20:10:40,556 INFO vex_extract.cursor:   Cursor: 3/8 frames (3 detections)
2026-03-16 20:10:40,569 INFO vex_extract.cursor:   Cursor: 4/8 frames (4 detections)
2026-03-16 20:10:40,582 INFO vex_extract.cursor:   Cursor: 5/8 frames (5 detections)
2026-03-16 20:10:40,595 INFO vex_extract.cursor:   Cursor: 6/8 frames (6 detections)
2026-03-16 20:10:40,608 INFO vex_extract.cursor:   Cursor: 7/8 frames (7 detections)
2026-03-16 20:10:40,732 INFO vex_extract.cursor:   Cursor: pass 2 — 12 frames at 4.0 FPS [30898ms-34034ms]
2026-03-16 20:10:40,811 INFO vex_extract.cursor:   Cursor: 1/12 frames (1 detections)
2026-03-16 20:10:40,825 INFO vex_extract.cursor:   Cursor: 2/12 frames (2 detections)
2026-03-16 20:10:40,838 INFO vex_extract.cursor:   Cursor: 3/12 frames (3 detections)
2026-03-16 20:10:40,852 INFO vex_extract.cursor:   Cursor: 4/12 frames (4 detections)
2026-03-16 20:10:40,865 INFO vex_extract.cursor:   Cursor: 5/12 frames (5 detections)
2026-03-16 20:10:40,878 INFO vex_extract.cursor:   Cursor: 6/12 frames (6 detections)
2026-03-16 20:10:40,891 INFO vex_extract.cursor:   Cursor: 7/12 frames (7 detections)
2026-03-16 20:10:40,905 INFO vex_extract.cursor:   Cursor: 8/12 frames (8 detections)
2026-03-16 20:10:40,918 INFO vex_extract.cursor:   Cursor: 9/12 frames (9 detections)
2026-03-16 20:10:40,931 INFO vex_extract.cursor:   Cursor: 10/12 frames (10 detections)
2026-03-16 20:10:40,944 INFO vex_extract.cursor:   Cursor: 11/12 frames (11 detections)
2026-03-16 20:10:41,116 INFO vex_extract.cursor:   Cursor: pass 2 — 23 frames at 4.0 FPS [34618ms-41958ms]
2026-03-16 20:10:41,209 INFO vex_extract.cursor:   Cursor: 2/23 frames (2 detections)
2026-03-16 20:10:41,235 INFO vex_extract.cursor:   Cursor: 4/23 frames (4 detections)
2026-03-16 20:10:41,261 INFO vex_extract.cursor:   Cursor: 6/23 frames (6 detections)
2026-03-16 20:10:41,288 INFO vex_extract.cursor:   Cursor: 8/23 frames (8 detections)
2026-03-16 20:10:41,314 INFO vex_extract.cursor:   Cursor: 10/23 frames (10 detections)
2026-03-16 20:10:41,340 INFO vex_extract.cursor:   Cursor: 12/23 frames (12 detections)
2026-03-16 20:10:41,367 INFO vex_extract.cursor:   Cursor: 14/23 frames (14 detections)
2026-03-16 20:10:41,393 INFO vex_extract.cursor:   Cursor: 16/23 frames (16 detections)
2026-03-16 20:10:41,420 INFO vex_extract.cursor:   Cursor: 18/23 frames (18 detections)
2026-03-16 20:10:41,446 INFO vex_extract.cursor:   Cursor: 20/23 frames (20 detections)
2026-03-16 20:10:41,473 INFO vex_extract.cursor:   Cursor: 22/23 frames (22 detections)
2026-03-16 20:10:41,655 INFO vex_extract.cursor:   Cursor: pass 2 — 23 frames at 4.0 FPS [42026ms-48998ms]
2026-03-16 20:10:41,748 INFO vex_extract.cursor:   Cursor: 2/23 frames (2 detections)
2026-03-16 20:10:41,774 INFO vex_extract.cursor:   Cursor: 4/23 frames (4 detections)
2026-03-16 20:10:41,801 INFO vex_extract.cursor:   Cursor: 6/23 frames (6 detections)
2026-03-16 20:10:41,827 INFO vex_extract.cursor:   Cursor: 8/23 frames (8 detections)
2026-03-16 20:10:41,853 INFO vex_extract.cursor:   Cursor: 10/23 frames (10 detections)
2026-03-16 20:10:41,879 INFO vex_extract.cursor:   Cursor: 12/23 frames (12 detections)
2026-03-16 20:10:41,905 INFO vex_extract.cursor:   Cursor: 14/23 frames (14 detections)
2026-03-16 20:10:41,932 INFO vex_extract.cursor:   Cursor: 16/23 frames (16 detections)
2026-03-16 20:10:41,958 INFO vex_extract.cursor:   Cursor: 18/23 frames (18 detections)
2026-03-16 20:10:41,984 INFO vex_extract.cursor:   Cursor: 20/23 frames (20 detections)
2026-03-16 20:10:42,011 INFO vex_extract.cursor:   Cursor: 22/23 frames (22 detections)
2026-03-16 20:10:42,154 INFO vex_extract.cursor:   Cursor: pass 2 — 6 frames at 4.0 FPS [49600ms-51151ms]
2026-03-16 20:10:42,233 INFO vex_extract.cursor:   Cursor: 1/6 frames (1 detections)
2026-03-16 20:10:42,246 INFO vex_extract.cursor:   Cursor: 2/6 frames (2 detections)
2026-03-16 20:10:42,259 INFO vex_extract.cursor:   Cursor: 3/6 frames (3 detections)
2026-03-16 20:10:42,272 INFO vex_extract.cursor:   Cursor: 4/6 frames (4 detections)
2026-03-16 20:10:42,285 INFO vex_extract.cursor:   Cursor: 5/6 frames (5 detections)
2026-03-16 20:10:42,465 INFO vex_extract.cursor:   Cursor: pass 2 — 15 frames at 4.0 FPS [51719ms-55889ms]
2026-03-16 20:10:42,545 INFO vex_extract.cursor:   Cursor: 1/15 frames (1 detections)
2026-03-16 20:10:42,558 INFO vex_extract.cursor:   Cursor: 2/15 frames (2 detections)
2026-03-16 20:10:42,571 INFO vex_extract.cursor:   Cursor: 3/15 frames (3 detections)
2026-03-16 20:10:42,584 INFO vex_extract.cursor:   Cursor: 4/15 frames (4 detections)
2026-03-16 20:10:42,597 INFO vex_extract.cursor:   Cursor: 5/15 frames (5 detections)
2026-03-16 20:10:42,610 INFO vex_extract.cursor:   Cursor: 6/15 frames (6 detections)
2026-03-16 20:10:42,623 INFO vex_extract.cursor:   Cursor: 7/15 frames (7 detections)
2026-03-16 20:10:42,636 INFO vex_extract.cursor:   Cursor: 8/15 frames (8 detections)
2026-03-16 20:10:42,650 INFO vex_extract.cursor:   Cursor: 9/15 frames (9 detections)
2026-03-16 20:10:42,663 INFO vex_extract.cursor:   Cursor: 10/15 frames (10 detections)
2026-03-16 20:10:42,676 INFO vex_extract.cursor:   Cursor: 11/15 frames (11 detections)
2026-03-16 20:10:42,689 INFO vex_extract.cursor:   Cursor: 12/15 frames (12 detections)
2026-03-16 20:10:42,702 INFO vex_extract.cursor:   Cursor: 13/15 frames (13 detections)
2026-03-16 20:10:42,716 INFO vex_extract.cursor:   Cursor: 14/15 frames (14 detections)
2026-03-16 20:10:42,872 INFO vex_extract.cursor:   Cursor: pass 2 — 6 frames at 4.0 FPS [57508ms-59042ms]
2026-03-16 20:10:42,951 INFO vex_extract.cursor:   Cursor: 1/6 frames (1 detections)
2026-03-16 20:10:42,964 INFO vex_extract.cursor:   Cursor: 2/6 frames (2 detections)
2026-03-16 20:10:42,977 INFO vex_extract.cursor:   Cursor: 3/6 frames (3 detections)
2026-03-16 20:10:42,990 INFO vex_extract.cursor:   Cursor: 4/6 frames (4 detections)
2026-03-16 20:10:43,002 INFO vex_extract.cursor:   Cursor: 5/6 frames (5 detections)
2026-03-16 20:10:43,177 INFO vex_extract.cursor:   Cursor: pass 2 — 8 frames at 4.0 FPS [63347ms-65398ms]
2026-03-16 20:10:43,256 INFO vex_extract.cursor:   Cursor: 1/8 frames (1 detections)
2026-03-16 20:10:43,270 INFO vex_extract.cursor:   Cursor: 2/8 frames (2 detections)
2026-03-16 20:10:43,283 INFO vex_extract.cursor:   Cursor: 3/8 frames (3 detections)
2026-03-16 20:10:43,296 INFO vex_extract.cursor:   Cursor: 4/8 frames (4 detections)
2026-03-16 20:10:43,310 INFO vex_extract.cursor:   Cursor: 5/8 frames (5 detections)
2026-03-16 20:10:43,323 INFO vex_extract.cursor:   Cursor: 6/8 frames (6 detections)
2026-03-16 20:10:43,336 INFO vex_extract.cursor:   Cursor: 7/8 frames (7 detections)
2026-03-16 20:10:43,511 INFO vex_extract.cursor:   Cursor: pass 2 — 7 frames at 4.0 FPS [67068ms-69819ms]
2026-03-16 20:10:43,591 INFO vex_extract.cursor:   Cursor: 1/7 frames (1 detections)
2026-03-16 20:10:43,604 INFO vex_extract.cursor:   Cursor: 2/7 frames (2 detections)
2026-03-16 20:10:43,617 INFO vex_extract.cursor:   Cursor: 3/7 frames (3 detections)
2026-03-16 20:10:43,630 INFO vex_extract.cursor:   Cursor: 4/7 frames (4 detections)
2026-03-16 20:10:43,643 INFO vex_extract.cursor:   Cursor: 5/7 frames (5 detections)
2026-03-16 20:10:43,656 INFO vex_extract.cursor:   Cursor: 6/7 frames (6 detections)
2026-03-16 20:10:43,834 INFO vex_extract.cursor:   Cursor: pass 2 — 5 frames at 4.0 FPS [70354ms-72005ms]
2026-03-16 20:10:43,913 INFO vex_extract.cursor:   Cursor: 1/5 frames (1 detections)
2026-03-16 20:10:43,926 INFO vex_extract.cursor:   Cursor: 2/5 frames (2 detections)
2026-03-16 20:10:44,018 INFO vex_extract.cursor:   Cursor: 3/5 frames (3 detections)
2026-03-16 20:10:44,031 INFO vex_extract.cursor:   Cursor: 4/5 frames (4 detections)
2026-03-16 20:10:44,232 INFO vex_extract.cursor:   Cursor: pass 2 — 11 frames at 4.0 FPS [72189ms-75308ms]
2026-03-16 20:10:44,312 INFO vex_extract.cursor:   Cursor: 1/11 frames (1 detections)
2026-03-16 20:10:44,325 INFO vex_extract.cursor:   Cursor: 2/11 frames (2 detections)
2026-03-16 20:10:44,338 INFO vex_extract.cursor:   Cursor: 3/11 frames (3 detections)
2026-03-16 20:10:44,351 INFO vex_extract.cursor:   Cursor: 4/11 frames (4 detections)
2026-03-16 20:10:44,365 INFO vex_extract.cursor:   Cursor: 5/11 frames (5 detections)
2026-03-16 20:10:44,378 INFO vex_extract.cursor:   Cursor: 6/11 frames (6 detections)
2026-03-16 20:10:44,391 INFO vex_extract.cursor:   Cursor: 7/11 frames (7 detections)
2026-03-16 20:10:44,404 INFO vex_extract.cursor:   Cursor: 8/11 frames (8 detections)
2026-03-16 20:10:44,417 INFO vex_extract.cursor:   Cursor: 9/11 frames (9 detections)
2026-03-16 20:10:44,430 INFO vex_extract.cursor:   Cursor: 10/11 frames (10 detections)
2026-03-16 20:10:44,623 INFO vex_extract.cursor:   Cursor: pass 2 — 6 frames at 4.0 FPS [77511ms-79045ms]
2026-03-16 20:10:44,703 INFO vex_extract.cursor:   Cursor: 1/6 frames (1 detections)
2026-03-16 20:10:44,715 INFO vex_extract.cursor:   Cursor: 2/6 frames (2 detections)
2026-03-16 20:10:44,729 INFO vex_extract.cursor:   Cursor: 3/6 frames (3 detections)
2026-03-16 20:10:44,742 INFO vex_extract.cursor:   Cursor: 4/6 frames (4 detections)
2026-03-16 20:10:44,756 INFO vex_extract.cursor:   Cursor: 5/6 frames (5 detections)
2026-03-16 20:10:45,005 INFO vex_extract.cursor:   Cursor: pass 2 — 22 frames at 4.0 FPS [79113ms-84901ms]
2026-03-16 20:10:45,097 INFO vex_extract.cursor:   Cursor: 2/22 frames (2 detections)
2026-03-16 20:10:45,124 INFO vex_extract.cursor:   Cursor: 4/22 frames (4 detections)
2026-03-16 20:10:45,150 INFO vex_extract.cursor:   Cursor: 6/22 frames (6 detections)
2026-03-16 20:10:45,176 INFO vex_extract.cursor:   Cursor: 8/22 frames (8 detections)
2026-03-16 20:10:45,202 INFO vex_extract.cursor:   Cursor: 10/22 frames (10 detections)
2026-03-16 20:10:45,228 INFO vex_extract.cursor:   Cursor: 12/22 frames (12 detections)
2026-03-16 20:10:45,255 INFO vex_extract.cursor:   Cursor: 14/22 frames (14 detections)
2026-03-16 20:10:45,281 INFO vex_extract.cursor:   Cursor: 16/22 frames (16 detections)
2026-03-16 20:10:45,307 INFO vex_extract.cursor:   Cursor: 18/22 frames (18 detections)
2026-03-16 20:10:45,333 INFO vex_extract.cursor:   Cursor: 20/22 frames (20 detections)
2026-03-16 20:10:45,611 INFO vex_extract.cursor:   Cursor: pass 2 — 24 frames at 4.0 FPS [84969ms-91274ms]
2026-03-16 20:10:45,704 INFO vex_extract.cursor:   Cursor: 2/24 frames (2 detections)
2026-03-16 20:10:45,730 INFO vex_extract.cursor:   Cursor: 4/24 frames (4 detections)
2026-03-16 20:10:45,757 INFO vex_extract.cursor:   Cursor: 6/24 frames (6 detections)
2026-03-16 20:10:45,783 INFO vex_extract.cursor:   Cursor: 8/24 frames (8 detections)
2026-03-16 20:10:45,808 INFO vex_extract.cursor:   Cursor: 10/24 frames (10 detections)
2026-03-16 20:10:45,834 INFO vex_extract.cursor:   Cursor: 12/24 frames (12 detections)
2026-03-16 20:10:45,860 INFO vex_extract.cursor:   Cursor: 14/24 frames (14 detections)
2026-03-16 20:10:45,887 INFO vex_extract.cursor:   Cursor: 16/24 frames (16 detections)
2026-03-16 20:10:45,912 INFO vex_extract.cursor:   Cursor: 18/24 frames (18 detections)
2026-03-16 20:10:45,938 INFO vex_extract.cursor:   Cursor: 20/24 frames (20 detections)
2026-03-16 20:10:45,965 INFO vex_extract.cursor:   Cursor: 22/24 frames (22 detections)
2026-03-16 20:10:46,314 INFO vex_extract.cursor:   Cursor: pass 2 — 41 frames at 4.0 FPS [92793ms-104704ms]
2026-03-16 20:10:46,433 INFO vex_extract.cursor:   Cursor: 4/41 frames (4 detections)
2026-03-16 20:10:46,485 INFO vex_extract.cursor:   Cursor: 8/41 frames (8 detections)
2026-03-16 20:10:46,539 INFO vex_extract.cursor:   Cursor: 12/41 frames (12 detections)
2026-03-16 20:10:46,592 INFO vex_extract.cursor:   Cursor: 16/41 frames (16 detections)
2026-03-16 20:10:46,645 INFO vex_extract.cursor:   Cursor: 20/41 frames (20 detections)
2026-03-16 20:10:46,697 INFO vex_extract.cursor:   Cursor: 24/41 frames (24 detections)
2026-03-16 20:10:46,750 INFO vex_extract.cursor:   Cursor: 28/41 frames (28 detections)
2026-03-16 20:10:46,804 INFO vex_extract.cursor:   Cursor: 32/41 frames (32 detections)
2026-03-16 20:10:46,857 INFO vex_extract.cursor:   Cursor: 36/41 frames (36 detections)
2026-03-16 20:10:46,910 INFO vex_extract.cursor:   Cursor: 40/41 frames (40 detections)
2026-03-16 20:10:47,203 INFO vex_extract.cursor:   Cursor: pass 2 — 20 frames at 4.0 FPS [104772ms-109993ms]
2026-03-16 20:10:47,297 INFO vex_extract.cursor:   Cursor: 2/20 frames (2 detections)
2026-03-16 20:10:47,324 INFO vex_extract.cursor:   Cursor: 4/20 frames (4 detections)
2026-03-16 20:10:47,351 INFO vex_extract.cursor:   Cursor: 6/20 frames (6 detections)
2026-03-16 20:10:47,377 INFO vex_extract.cursor:   Cursor: 8/20 frames (8 detections)
2026-03-16 20:10:47,403 INFO vex_extract.cursor:   Cursor: 10/20 frames (10 detections)
2026-03-16 20:10:47,430 INFO vex_extract.cursor:   Cursor: 12/20 frames (12 detections)
2026-03-16 20:10:47,456 INFO vex_extract.cursor:   Cursor: 14/20 frames (14 detections)
2026-03-16 20:10:47,482 INFO vex_extract.cursor:   Cursor: 16/20 frames (16 detections)
2026-03-16 20:10:47,508 INFO vex_extract.cursor:   Cursor: 18/20 frames (18 detections)
2026-03-16 20:10:47,813 INFO vex_extract.cursor:   Cursor: pass 2 — 15 frames at 4.0 FPS [110060ms-116916ms]
2026-03-16 20:10:47,893 INFO vex_extract.cursor:   Cursor: 1/15 frames (1 detections)
2026-03-16 20:10:47,906 INFO vex_extract.cursor:   Cursor: 2/15 frames (2 detections)
2026-03-16 20:10:47,919 INFO vex_extract.cursor:   Cursor: 3/15 frames (3 detections)
2026-03-16 20:10:47,933 INFO vex_extract.cursor:   Cursor: 4/15 frames (4 detections)
2026-03-16 20:10:47,946 INFO vex_extract.cursor:   Cursor: 5/15 frames (5 detections)
2026-03-16 20:10:47,959 INFO vex_extract.cursor:   Cursor: 6/15 frames (6 detections)
2026-03-16 20:10:47,972 INFO vex_extract.cursor:   Cursor: 7/15 frames (7 detections)
2026-03-16 20:10:47,985 INFO vex_extract.cursor:   Cursor: 8/15 frames (8 detections)
2026-03-16 20:10:47,998 INFO vex_extract.cursor:   Cursor: 9/15 frames (9 detections)
2026-03-16 20:10:48,012 INFO vex_extract.cursor:   Cursor: 10/15 frames (10 detections)
2026-03-16 20:10:48,025 INFO vex_extract.cursor:   Cursor: 11/15 frames (11 detections)
2026-03-16 20:10:48,038 INFO vex_extract.cursor:   Cursor: 12/15 frames (12 detections)
2026-03-16 20:10:48,051 INFO vex_extract.cursor:   Cursor: 13/15 frames (13 detections)
2026-03-16 20:10:48,064 INFO vex_extract.cursor:   Cursor: 14/15 frames (14 detections)
2026-03-16 20:10:48,336 INFO vex_extract.cursor:   Cursor: pass 2 — 3 frames at 4.0 FPS [121939ms-124941ms]
2026-03-16 20:10:48,414 INFO vex_extract.cursor:   Cursor: 1/3 frames (1 detections)
2026-03-16 20:10:48,428 INFO vex_extract.cursor:   Cursor: 2/3 frames (2 detections)
2026-03-16 20:10:48,705 INFO vex_extract.cursor:   Cursor: pass 2 — 5 frames at 4.0 FPS [125943ms-130947ms]
2026-03-16 20:10:48,784 INFO vex_extract.cursor:   Cursor: 1/5 frames (1 detections)
2026-03-16 20:10:48,797 INFO vex_extract.cursor:   Cursor: 2/5 frames (2 detections)
2026-03-16 20:10:48,810 INFO vex_extract.cursor:   Cursor: 3/5 frames (3 detections)
2026-03-16 20:10:48,823 INFO vex_extract.cursor:   Cursor: 4/5 frames (4 detections)
2026-03-16 20:10:49,112 INFO vex_extract.cursor:   Cursor: pass 2 — 8 frames at 4.0 FPS [131966ms-139973ms]
2026-03-16 20:10:49,191 INFO vex_extract.cursor:   Cursor: 1/8 frames (1 detections)
2026-03-16 20:10:49,205 INFO vex_extract.cursor:   Cursor: 2/8 frames (2 detections)
2026-03-16 20:10:49,218 INFO vex_extract.cursor:   Cursor: 3/8 frames (3 detections)
2026-03-16 20:10:49,231 INFO vex_extract.cursor:   Cursor: 4/8 frames (4 detections)
2026-03-16 20:10:49,244 INFO vex_extract.cursor:   Cursor: 5/8 frames (5 detections)
2026-03-16 20:10:49,258 INFO vex_extract.cursor:   Cursor: 6/8 frames (6 detections)
2026-03-16 20:10:49,271 INFO vex_extract.cursor:   Cursor: 7/8 frames (7 detections)
2026-03-16 20:10:49,568 INFO vex_extract.cursor:   Cursor: pass 2 — 7 frames at 4.0 FPS [144862ms-147614ms]
2026-03-16 20:10:49,648 INFO vex_extract.cursor:   Cursor: 1/7 frames (1 detections)
2026-03-16 20:10:49,662 INFO vex_extract.cursor:   Cursor: 2/7 frames (2 detections)
2026-03-16 20:10:49,675 INFO vex_extract.cursor:   Cursor: 3/7 frames (3 detections)
2026-03-16 20:10:49,688 INFO vex_extract.cursor:   Cursor: 4/7 frames (4 detections)
2026-03-16 20:10:49,701 INFO vex_extract.cursor:   Cursor: 5/7 frames (5 detections)
2026-03-16 20:10:49,714 INFO vex_extract.cursor:   Cursor: 6/7 frames (6 detections)
2026-03-16 20:10:50,016 INFO vex_extract.cursor:   Cursor: pass 2 — 5 frames at 4.0 FPS [148849ms-150483ms]
2026-03-16 20:10:50,096 INFO vex_extract.cursor:   Cursor: 1/5 frames (1 detections)
2026-03-16 20:10:50,109 INFO vex_extract.cursor:   Cursor: 2/5 frames (2 detections)
2026-03-16 20:10:50,123 INFO vex_extract.cursor:   Cursor: 3/5 frames (3 detections)
2026-03-16 20:10:50,137 INFO vex_extract.cursor:   Cursor: 4/5 frames (4 detections)
2026-03-16 20:10:50,448 INFO vex_extract.cursor:   Cursor: pass 2 — 7 frames at 4.0 FPS [154738ms-156923ms]
2026-03-16 20:10:50,527 INFO vex_extract.cursor:   Cursor: 1/7 frames (1 detections)
2026-03-16 20:10:50,540 INFO vex_extract.cursor:   Cursor: 2/7 frames (2 detections)
2026-03-16 20:10:50,554 INFO vex_extract.cursor:   Cursor: 3/7 frames (3 detections)
2026-03-16 20:10:50,567 INFO vex_extract.cursor:   Cursor: 4/7 frames (4 detections)
2026-03-16 20:10:50,580 INFO vex_extract.cursor:   Cursor: 5/7 frames (5 detections)
2026-03-16 20:10:50,593 INFO vex_extract.cursor:   Cursor: 6/7 frames (6 detections)
2026-03-16 20:10:50,953 INFO vex_extract.cursor:   Cursor: pass 2 — 18 frames at 4.0 FPS [158008ms-163763ms]
2026-03-16 20:10:51,032 INFO vex_extract.cursor:   Cursor: 1/18 frames (1 detections)
2026-03-16 20:10:51,046 INFO vex_extract.cursor:   Cursor: 2/18 frames (2 detections)
2026-03-16 20:10:51,059 INFO vex_extract.cursor:   Cursor: 3/18 frames (3 detections)
2026-03-16 20:10:51,072 INFO vex_extract.cursor:   Cursor: 4/18 frames (4 detections)
2026-03-16 20:10:51,085 INFO vex_extract.cursor:   Cursor: 5/18 frames (5 detections)
2026-03-16 20:10:51,098 INFO vex_extract.cursor:   Cursor: 6/18 frames (6 detections)
2026-03-16 20:10:51,111 INFO vex_extract.cursor:   Cursor: 7/18 frames (7 detections)
2026-03-16 20:10:51,125 INFO vex_extract.cursor:   Cursor: 8/18 frames (8 detections)
2026-03-16 20:10:51,138 INFO vex_extract.cursor:   Cursor: 9/18 frames (9 detections)
2026-03-16 20:10:51,151 INFO vex_extract.cursor:   Cursor: 10/18 frames (10 detections)
2026-03-16 20:10:51,164 INFO vex_extract.cursor:   Cursor: 11/18 frames (11 detections)
2026-03-16 20:10:51,177 INFO vex_extract.cursor:   Cursor: 12/18 frames (12 detections)
2026-03-16 20:10:51,191 INFO vex_extract.cursor:   Cursor: 13/18 frames (13 detections)
2026-03-16 20:10:51,204 INFO vex_extract.cursor:   Cursor: 14/18 frames (14 detections)
2026-03-16 20:10:51,217 INFO vex_extract.cursor:   Cursor: 15/18 frames (15 detections)
2026-03-16 20:10:51,230 INFO vex_extract.cursor:   Cursor: 16/18 frames (16 detections)
2026-03-16 20:10:51,243 INFO vex_extract.cursor:   Cursor: 17/18 frames (17 detections)
2026-03-16 20:10:51,570 INFO vex_extract.cursor:   Cursor: pass 2 — 6 frames at 4.0 FPS [163831ms-165365ms]
2026-03-16 20:10:51,650 INFO vex_extract.cursor:   Cursor: 1/6 frames (1 detections)
2026-03-16 20:10:51,663 INFO vex_extract.cursor:   Cursor: 2/6 frames (2 detections)
2026-03-16 20:10:51,677 INFO vex_extract.cursor:   Cursor: 3/6 frames (3 detections)
2026-03-16 20:10:51,690 INFO vex_extract.cursor:   Cursor: 4/6 frames (4 detections)
2026-03-16 20:10:51,703 INFO vex_extract.cursor:   Cursor: 5/6 frames (5 detections)
2026-03-16 20:10:52,055 INFO vex_extract.cursor:   Cursor: pass 2 — 11 frames at 4.0 FPS [165432ms-168568ms]
2026-03-16 20:10:52,134 INFO vex_extract.cursor:   Cursor: 1/11 frames (1 detections)
2026-03-16 20:10:52,147 INFO vex_extract.cursor:   Cursor: 2/11 frames (2 detections)
2026-03-16 20:10:52,161 INFO vex_extract.cursor:   Cursor: 3/11 frames (3 detections)
2026-03-16 20:10:52,174 INFO vex_extract.cursor:   Cursor: 4/11 frames (4 detections)
2026-03-16 20:10:52,187 INFO vex_extract.cursor:   Cursor: 5/11 frames (5 detections)
2026-03-16 20:10:52,200 INFO vex_extract.cursor:   Cursor: 6/11 frames (6 detections)
2026-03-16 20:10:52,213 INFO vex_extract.cursor:   Cursor: 7/11 frames (7 detections)
2026-03-16 20:10:52,227 INFO vex_extract.cursor:   Cursor: 8/11 frames (8 detections)
2026-03-16 20:10:52,240 INFO vex_extract.cursor:   Cursor: 9/11 frames (9 detections)
2026-03-16 20:10:52,253 INFO vex_extract.cursor:   Cursor: 10/11 frames (10 detections)
2026-03-16 20:10:52,597 INFO vex_extract.cursor:   Cursor: pass 2 — 7 frames at 4.0 FPS [169170ms-171237ms]
2026-03-16 20:10:52,677 INFO vex_extract.cursor:   Cursor: 1/7 frames (1 detections)
2026-03-16 20:10:52,690 INFO vex_extract.cursor:   Cursor: 2/7 frames (2 detections)
2026-03-16 20:10:52,703 INFO vex_extract.cursor:   Cursor: 3/7 frames (3 detections)
2026-03-16 20:10:52,717 INFO vex_extract.cursor:   Cursor: 4/7 frames (4 detections)
2026-03-16 20:10:52,730 INFO vex_extract.cursor:   Cursor: 5/7 frames (5 detections)
2026-03-16 20:10:52,743 INFO vex_extract.cursor:   Cursor: 6/7 frames (6 detections)
2026-03-16 20:10:53,102 INFO vex_extract.cursor:   Cursor: pass 2 — 10 frames at 4.0 FPS [171839ms-174440ms]
2026-03-16 20:10:53,183 INFO vex_extract.cursor:   Cursor: 1/10 frames (1 detections)
2026-03-16 20:10:53,196 INFO vex_extract.cursor:   Cursor: 2/10 frames (2 detections)
2026-03-16 20:10:53,209 INFO vex_extract.cursor:   Cursor: 3/10 frames (3 detections)
2026-03-16 20:10:53,222 INFO vex_extract.cursor:   Cursor: 4/10 frames (4 detections)
2026-03-16 20:10:53,236 INFO vex_extract.cursor:   Cursor: 5/10 frames (5 detections)
2026-03-16 20:10:53,249 INFO vex_extract.cursor:   Cursor: 6/10 frames (6 detections)
2026-03-16 20:10:53,262 INFO vex_extract.cursor:   Cursor: 7/10 frames (7 detections)
2026-03-16 20:10:53,276 INFO vex_extract.cursor:   Cursor: 8/10 frames (8 detections)
2026-03-16 20:10:53,289 INFO vex_extract.cursor:   Cursor: 9/10 frames (9 detections)
2026-03-16 20:10:53,660 INFO vex_extract.cursor:   Cursor: pass 2 — 6 frames at 4.0 FPS [177178ms-178711ms]
2026-03-16 20:10:53,741 INFO vex_extract.cursor:   Cursor: 1/6 frames (1 detections)
2026-03-16 20:10:53,754 INFO vex_extract.cursor:   Cursor: 2/6 frames (2 detections)
2026-03-16 20:10:53,767 INFO vex_extract.cursor:   Cursor: 3/6 frames (3 detections)
2026-03-16 20:10:53,780 INFO vex_extract.cursor:   Cursor: 4/6 frames (4 detections)
2026-03-16 20:10:53,794 INFO vex_extract.cursor:   Cursor: 5/6 frames (5 detections)
2026-03-16 20:10:54,198 INFO vex_extract.cursor:   Cursor: pass 2 — 8 frames at 4.0 FPS [188822ms-190907ms]
2026-03-16 20:10:54,278 INFO vex_extract.cursor:   Cursor: 1/8 frames (1 detections)
2026-03-16 20:10:54,291 INFO vex_extract.cursor:   Cursor: 2/8 frames (2 detections)
2026-03-16 20:10:54,304 INFO vex_extract.cursor:   Cursor: 3/8 frames (3 detections)
2026-03-16 20:10:54,318 INFO vex_extract.cursor:   Cursor: 4/8 frames (4 detections)
2026-03-16 20:10:54,331 INFO vex_extract.cursor:   Cursor: 5/8 frames (5 detections)
2026-03-16 20:10:54,345 INFO vex_extract.cursor:   Cursor: 6/8 frames (6 detections)
2026-03-16 20:10:54,358 INFO vex_extract.cursor:   Cursor: 7/8 frames (7 detections)
2026-03-16 20:10:54,804 INFO vex_extract.cursor:   Cursor: pass 2 — 18 frames at 4.0 FPS [191425ms-196129ms]
2026-03-16 20:10:54,882 INFO vex_extract.cursor:   Cursor: 1/18 frames (1 detections)
2026-03-16 20:10:54,896 INFO vex_extract.cursor:   Cursor: 2/18 frames (2 detections)
2026-03-16 20:10:54,909 INFO vex_extract.cursor:   Cursor: 3/18 frames (3 detections)
2026-03-16 20:10:54,922 INFO vex_extract.cursor:   Cursor: 4/18 frames (4 detections)
2026-03-16 20:10:54,935 INFO vex_extract.cursor:   Cursor: 5/18 frames (5 detections)
2026-03-16 20:10:54,949 INFO vex_extract.cursor:   Cursor: 6/18 frames (6 detections)
2026-03-16 20:10:54,962 INFO vex_extract.cursor:   Cursor: 7/18 frames (7 detections)
2026-03-16 20:10:54,975 INFO vex_extract.cursor:   Cursor: 8/18 frames (8 detections)
2026-03-16 20:10:54,989 INFO vex_extract.cursor:   Cursor: 9/18 frames (9 detections)
2026-03-16 20:10:55,002 INFO vex_extract.cursor:   Cursor: 10/18 frames (10 detections)
2026-03-16 20:10:55,015 INFO vex_extract.cursor:   Cursor: 11/18 frames (11 detections)
2026-03-16 20:10:55,029 INFO vex_extract.cursor:   Cursor: 12/18 frames (12 detections)
2026-03-16 20:10:55,042 INFO vex_extract.cursor:   Cursor: 13/18 frames (13 detections)
2026-03-16 20:10:55,056 INFO vex_extract.cursor:   Cursor: 14/18 frames (14 detections)
2026-03-16 20:10:55,069 INFO vex_extract.cursor:   Cursor: 15/18 frames (15 detections)
2026-03-16 20:10:55,081 INFO vex_extract.cursor:   Cursor: 16/18 frames (16 detections)
2026-03-16 20:10:55,095 INFO vex_extract.cursor:   Cursor: 17/18 frames (17 detections)
2026-03-16 20:10:55,521 INFO vex_extract.cursor:   Cursor: pass 2 — 6 frames at 4.0 FPS [198866ms-200366ms]
2026-03-16 20:10:55,601 INFO vex_extract.cursor:   Cursor: 1/6 frames (1 detections)
2026-03-16 20:10:55,614 INFO vex_extract.cursor:   Cursor: 2/6 frames (2 detections)
2026-03-16 20:10:55,627 INFO vex_extract.cursor:   Cursor: 3/6 frames (3 detections)
2026-03-16 20:10:55,641 INFO vex_extract.cursor:   Cursor: 4/6 frames (4 detections)
2026-03-16 20:10:55,654 INFO vex_extract.cursor:   Cursor: 5/6 frames (5 detections)
2026-03-16 20:10:56,151 INFO vex_extract.cursor:   Cursor: pass 2 — 23 frames at 4.0 FPS [200434ms-206773ms]
2026-03-16 20:10:56,244 INFO vex_extract.cursor:   Cursor: 2/23 frames (2 detections)
2026-03-16 20:10:56,270 INFO vex_extract.cursor:   Cursor: 4/23 frames (4 detections)
2026-03-16 20:10:56,297 INFO vex_extract.cursor:   Cursor: 6/23 frames (6 detections)
2026-03-16 20:10:56,323 INFO vex_extract.cursor:   Cursor: 8/23 frames (8 detections)
2026-03-16 20:10:56,351 INFO vex_extract.cursor:   Cursor: 10/23 frames (10 detections)
2026-03-16 20:10:56,378 INFO vex_extract.cursor:   Cursor: 12/23 frames (12 detections)
2026-03-16 20:10:56,405 INFO vex_extract.cursor:   Cursor: 14/23 frames (14 detections)
2026-03-16 20:10:56,431 INFO vex_extract.cursor:   Cursor: 16/23 frames (16 detections)
2026-03-16 20:10:56,458 INFO vex_extract.cursor:   Cursor: 18/23 frames (18 detections)
2026-03-16 20:10:56,485 INFO vex_extract.cursor:   Cursor: 20/23 frames (20 detections)
2026-03-16 20:10:56,511 INFO vex_extract.cursor:   Cursor: 22/23 frames (22 detections)
2026-03-16 20:10:57,004 INFO vex_extract.cursor:   Cursor: pass 2 — 12 frames at 4.0 FPS [206824ms-209943ms]
2026-03-16 20:10:57,084 INFO vex_extract.cursor:   Cursor: 1/12 frames (1 detections)
2026-03-16 20:10:57,097 INFO vex_extract.cursor:   Cursor: 2/12 frames (2 detections)
2026-03-16 20:10:57,111 INFO vex_extract.cursor:   Cursor: 3/12 frames (3 detections)
2026-03-16 20:10:57,124 INFO vex_extract.cursor:   Cursor: 4/12 frames (4 detections)
2026-03-16 20:10:57,137 INFO vex_extract.cursor:   Cursor: 5/12 frames (5 detections)
2026-03-16 20:10:57,151 INFO vex_extract.cursor:   Cursor: 6/12 frames (6 detections)
2026-03-16 20:10:57,165 INFO vex_extract.cursor:   Cursor: 7/12 frames (7 detections)
2026-03-16 20:10:57,178 INFO vex_extract.cursor:   Cursor: 8/12 frames (8 detections)
2026-03-16 20:10:57,191 INFO vex_extract.cursor:   Cursor: 9/12 frames (9 detections)
2026-03-16 20:10:57,205 INFO vex_extract.cursor:   Cursor: 10/12 frames (10 detections)
2026-03-16 20:10:57,218 INFO vex_extract.cursor:   Cursor: 11/12 frames (11 detections)
2026-03-16 20:10:57,758 INFO vex_extract.cursor:   Cursor: pass 2 — 14 frames at 4.0 FPS [211145ms-214797ms]
2026-03-16 20:10:57,838 INFO vex_extract.cursor:   Cursor: 1/14 frames (1 detections)
2026-03-16 20:10:57,851 INFO vex_extract.cursor:   Cursor: 2/14 frames (2 detections)
2026-03-16 20:10:57,864 INFO vex_extract.cursor:   Cursor: 3/14 frames (3 detections)
2026-03-16 20:10:57,877 INFO vex_extract.cursor:   Cursor: 4/14 frames (4 detections)
2026-03-16 20:10:57,891 INFO vex_extract.cursor:   Cursor: 5/14 frames (5 detections)
2026-03-16 20:10:57,904 INFO vex_extract.cursor:   Cursor: 6/14 frames (6 detections)
2026-03-16 20:10:57,918 INFO vex_extract.cursor:   Cursor: 7/14 frames (7 detections)
2026-03-16 20:10:57,931 INFO vex_extract.cursor:   Cursor: 8/14 frames (8 detections)
2026-03-16 20:10:57,944 INFO vex_extract.cursor:   Cursor: 9/14 frames (9 detections)
2026-03-16 20:10:57,957 INFO vex_extract.cursor:   Cursor: 10/14 frames (10 detections)
2026-03-16 20:10:57,970 INFO vex_extract.cursor:   Cursor: 11/14 frames (11 detections)
2026-03-16 20:10:57,984 INFO vex_extract.cursor:   Cursor: 12/14 frames (12 detections)
2026-03-16 20:10:57,997 INFO vex_extract.cursor:   Cursor: 13/14 frames (13 detections)
2026-03-16 20:10:58,567 INFO vex_extract.cursor:   Cursor: pass 2 — 6 frames at 4.0 FPS [230064ms-231581ms]
2026-03-16 20:10:58,647 INFO vex_extract.cursor:   Cursor: 1/6 frames (1 detections)
2026-03-16 20:10:58,661 INFO vex_extract.cursor:   Cursor: 2/6 frames (2 detections)
2026-03-16 20:10:58,675 INFO vex_extract.cursor:   Cursor: 3/6 frames (3 detections)
2026-03-16 20:10:58,688 INFO vex_extract.cursor:   Cursor: 4/6 frames (4 detections)
2026-03-16 20:10:58,702 INFO vex_extract.cursor:   Cursor: 5/6 frames (5 detections)
2026-03-16 20:10:59,311 INFO vex_extract.cursor:   Cursor: pass 2 — 12 frames at 4.0 FPS [231615ms-235902ms]
2026-03-16 20:10:59,391 INFO vex_extract.cursor:   Cursor: 1/12 frames (1 detections)
2026-03-16 20:10:59,404 INFO vex_extract.cursor:   Cursor: 2/12 frames (2 detections)
2026-03-16 20:10:59,421 INFO vex_extract.cursor:   Cursor: 3/12 frames (3 detections)
2026-03-16 20:10:59,439 INFO vex_extract.cursor:   Cursor: 4/12 frames (4 detections)
2026-03-16 20:10:59,453 INFO vex_extract.cursor:   Cursor: 5/12 frames (5 detections)
2026-03-16 20:10:59,544 INFO vex_extract.cursor:   Cursor: 6/12 frames (6 detections)
2026-03-16 20:10:59,558 INFO vex_extract.cursor:   Cursor: 7/12 frames (7 detections)
2026-03-16 20:10:59,571 INFO vex_extract.cursor:   Cursor: 8/12 frames (8 detections)
2026-03-16 20:10:59,584 INFO vex_extract.cursor:   Cursor: 9/12 frames (9 detections)
2026-03-16 20:10:59,598 INFO vex_extract.cursor:   Cursor: 10/12 frames (10 detections)
2026-03-16 20:10:59,611 INFO vex_extract.cursor:   Cursor: 11/12 frames (11 detections)
2026-03-16 20:11:00,198 INFO vex_extract.cursor:   Cursor: pass 2 — 7 frames at 4.0 FPS [236637ms-238771ms]
2026-03-16 20:11:00,278 INFO vex_extract.cursor:   Cursor: 1/7 frames (1 detections)
2026-03-16 20:11:00,291 INFO vex_extract.cursor:   Cursor: 2/7 frames (2 detections)
2026-03-16 20:11:00,304 INFO vex_extract.cursor:   Cursor: 3/7 frames (3 detections)
2026-03-16 20:11:00,317 INFO vex_extract.cursor:   Cursor: 4/7 frames (4 detections)
2026-03-16 20:11:00,330 INFO vex_extract.cursor:   Cursor: 5/7 frames (5 detections)
2026-03-16 20:11:00,343 INFO vex_extract.cursor:   Cursor: 6/7 frames (6 detections)
2026-03-16 20:11:00,991 INFO vex_extract.cursor:   Cursor: pass 2 — 7 frames at 4.0 FPS [249984ms-253486ms]
2026-03-16 20:11:01,068 INFO vex_extract.cursor:   Cursor: 1/7 frames (1 detections)
2026-03-16 20:11:01,082 INFO vex_extract.cursor:   Cursor: 2/7 frames (2 detections)
2026-03-16 20:11:01,095 INFO vex_extract.cursor:   Cursor: 3/7 frames (3 detections)
2026-03-16 20:11:01,109 INFO vex_extract.cursor:   Cursor: 4/7 frames (4 detections)
2026-03-16 20:11:01,122 INFO vex_extract.cursor:   Cursor: 5/7 frames (5 detections)
2026-03-16 20:11:01,136 INFO vex_extract.cursor:   Cursor: 6/7 frames (6 detections)
2026-03-16 20:11:01,801 INFO vex_extract.cursor:   Cursor: pass 2 — 10 frames at 4.0 FPS [254505ms-259342ms]
2026-03-16 20:11:01,880 INFO vex_extract.cursor:   Cursor: 1/10 frames (1 detections)
2026-03-16 20:11:01,893 INFO vex_extract.cursor:   Cursor: 2/10 frames (2 detections)
2026-03-16 20:11:01,983 INFO vex_extract.cursor:   Cursor: 3/10 frames (2 detections)
2026-03-16 20:11:02,061 INFO vex_extract.cursor:   Cursor: 4/10 frames (2 detections)
2026-03-16 20:11:02,139 INFO vex_extract.cursor:   Cursor: 5/10 frames (3 detections)
2026-03-16 20:11:02,152 INFO vex_extract.cursor:   Cursor: 6/10 frames (4 detections)
2026-03-16 20:11:02,165 INFO vex_extract.cursor:   Cursor: 7/10 frames (5 detections)
2026-03-16 20:11:02,179 INFO vex_extract.cursor:   Cursor: 8/10 frames (6 detections)
2026-03-16 20:11:02,192 INFO vex_extract.cursor:   Cursor: 9/10 frames (7 detections)
2026-03-16 20:11:02,880 INFO vex_extract.cursor:   Cursor: pass 2 — 8 frames at 4.0 FPS [259410ms-265481ms]
2026-03-16 20:11:02,961 INFO vex_extract.cursor:   Cursor: 1/8 frames (1 detections)
2026-03-16 20:11:02,974 INFO vex_extract.cursor:   Cursor: 2/8 frames (2 detections)
2026-03-16 20:11:02,988 INFO vex_extract.cursor:   Cursor: 3/8 frames (3 detections)
2026-03-16 20:11:03,002 INFO vex_extract.cursor:   Cursor: 4/8 frames (4 detections)
2026-03-16 20:11:03,015 INFO vex_extract.cursor:   Cursor: 5/8 frames (5 detections)
2026-03-16 20:11:03,028 INFO vex_extract.cursor:   Cursor: 6/8 frames (6 detections)
2026-03-16 20:11:03,042 INFO vex_extract.cursor:   Cursor: 7/8 frames (7 detections)
2026-03-16 20:11:03,782 INFO vex_extract.cursor:   Cursor: pass 2 — 25 frames at 4.0 FPS [265499ms-277710ms]
2026-03-16 20:11:03,875 INFO vex_extract.cursor:   Cursor: 2/25 frames (2 detections)
2026-03-16 20:11:03,902 INFO vex_extract.cursor:   Cursor: 4/25 frames (4 detections)
2026-03-16 20:11:03,930 INFO vex_extract.cursor:   Cursor: 6/25 frames (6 detections)
2026-03-16 20:11:03,956 INFO vex_extract.cursor:   Cursor: 8/25 frames (8 detections)
2026-03-16 20:11:03,983 INFO vex_extract.cursor:   Cursor: 10/25 frames (10 detections)
2026-03-16 20:11:04,010 INFO vex_extract.cursor:   Cursor: 12/25 frames (12 detections)
2026-03-16 20:11:04,036 INFO vex_extract.cursor:   Cursor: 14/25 frames (14 detections)
2026-03-16 20:11:04,063 INFO vex_extract.cursor:   Cursor: 16/25 frames (16 detections)
2026-03-16 20:11:04,089 INFO vex_extract.cursor:   Cursor: 18/25 frames (18 detections)
2026-03-16 20:11:04,117 INFO vex_extract.cursor:   Cursor: 20/25 frames (20 detections)
2026-03-16 20:11:04,143 INFO vex_extract.cursor:   Cursor: 22/25 frames (22 detections)
2026-03-16 20:11:04,170 INFO vex_extract.cursor:   Cursor: 24/25 frames (24 detections)
2026-03-16 20:11:04,853 INFO vex_extract.cursor:   Cursor: pass 2 — 4 frames at 4.0 FPS [278712ms-280613ms]
2026-03-16 20:11:04,932 INFO vex_extract.cursor:   Cursor: 1/4 frames (1 detections)
2026-03-16 20:11:04,946 INFO vex_extract.cursor:   Cursor: 2/4 frames (2 detections)
2026-03-16 20:11:04,959 INFO vex_extract.cursor:   Cursor: 3/4 frames (3 detections)
2026-03-16 20:11:05,709 INFO vex_extract.cursor:   Cursor: pass 2 — 2 frames at 4.0 FPS [281715ms-283249ms]
2026-03-16 20:11:05,788 INFO vex_extract.cursor:   Cursor: 1/2 frames (1 detections)
2026-03-16 20:11:06,503 INFO vex_extract.cursor:   Cursor: pass 2 — 12 frames at 4.0 FPS [283550ms-288705ms]
2026-03-16 20:11:06,582 INFO vex_extract.cursor:   Cursor: 1/12 frames (1 detections)
2026-03-16 20:11:06,595 INFO vex_extract.cursor:   Cursor: 2/12 frames (2 detections)
2026-03-16 20:11:06,608 INFO vex_extract.cursor:   Cursor: 3/12 frames (3 detections)
2026-03-16 20:11:06,622 INFO vex_extract.cursor:   Cursor: 4/12 frames (4 detections)
2026-03-16 20:11:06,635 INFO vex_extract.cursor:   Cursor: 5/12 frames (5 detections)
2026-03-16 20:11:06,648 INFO vex_extract.cursor:   Cursor: 6/12 frames (6 detections)
2026-03-16 20:11:06,661 INFO vex_extract.cursor:   Cursor: 7/12 frames (7 detections)
2026-03-16 20:11:06,674 INFO vex_extract.cursor:   Cursor: 8/12 frames (8 detections)
2026-03-16 20:11:06,687 INFO vex_extract.cursor:   Cursor: 9/12 frames (9 detections)
2026-03-16 20:11:06,700 INFO vex_extract.cursor:   Cursor: 10/12 frames (10 detections)
2026-03-16 20:11:06,714 INFO vex_extract.cursor:   Cursor: 11/12 frames (11 detections)
2026-03-16 20:11:07,466 INFO vex_extract.cursor:   Cursor: pass 2 — 12 frames at 4.0 FPS [293227ms-297163ms]
2026-03-16 20:11:07,547 INFO vex_extract.cursor:   Cursor: 1/12 frames (1 detections)
2026-03-16 20:11:07,560 INFO vex_extract.cursor:   Cursor: 2/12 frames (2 detections)
2026-03-16 20:11:07,573 INFO vex_extract.cursor:   Cursor: 3/12 frames (3 detections)
2026-03-16 20:11:07,587 INFO vex_extract.cursor:   Cursor: 4/12 frames (4 detections)
2026-03-16 20:11:07,600 INFO vex_extract.cursor:   Cursor: 5/12 frames (5 detections)
2026-03-16 20:11:07,613 INFO vex_extract.cursor:   Cursor: 6/12 frames (6 detections)
2026-03-16 20:11:07,627 INFO vex_extract.cursor:   Cursor: 7/12 frames (7 detections)
2026-03-16 20:11:07,640 INFO vex_extract.cursor:   Cursor: 8/12 frames (8 detections)
2026-03-16 20:11:07,653 INFO vex_extract.cursor:   Cursor: 9/12 frames (9 detections)
2026-03-16 20:11:07,667 INFO vex_extract.cursor:   Cursor: 10/12 frames (10 detections)
2026-03-16 20:11:07,680 INFO vex_extract.cursor:   Cursor: 11/12 frames (11 detections)
2026-03-16 20:11:08,435 INFO vex_extract.cursor:   Cursor: pass 2 — 9 frames at 4.0 FPS [298432ms-302652ms]
2026-03-16 20:11:08,516 INFO vex_extract.cursor:   Cursor: 1/9 frames (1 detections)
2026-03-16 20:11:08,529 INFO vex_extract.cursor:   Cursor: 2/9 frames (2 detections)
2026-03-16 20:11:08,543 INFO vex_extract.cursor:   Cursor: 3/9 frames (3 detections)
2026-03-16 20:11:08,556 INFO vex_extract.cursor:   Cursor: 4/9 frames (4 detections)
2026-03-16 20:11:08,569 INFO vex_extract.cursor:   Cursor: 5/9 frames (5 detections)
2026-03-16 20:11:08,582 INFO vex_extract.cursor:   Cursor: 6/9 frames (6 detections)
2026-03-16 20:11:08,596 INFO vex_extract.cursor:   Cursor: 7/9 frames (7 detections)
2026-03-16 20:11:08,609 INFO vex_extract.cursor:   Cursor: 8/9 frames (8 detections)
2026-03-16 20:11:09,371 INFO vex_extract.cursor:   Cursor: pass 2 — 7 frames at 4.0 FPS [302653ms-306923ms]
2026-03-16 20:11:09,450 INFO vex_extract.cursor:   Cursor: 1/7 frames (1 detections)
2026-03-16 20:11:09,463 INFO vex_extract.cursor:   Cursor: 2/7 frames (2 detections)
2026-03-16 20:11:09,476 INFO vex_extract.cursor:   Cursor: 3/7 frames (3 detections)
2026-03-16 20:11:09,490 INFO vex_extract.cursor:   Cursor: 4/7 frames (4 detections)
2026-03-16 20:11:09,503 INFO vex_extract.cursor:   Cursor: 5/7 frames (5 detections)
2026-03-16 20:11:09,517 INFO vex_extract.cursor:   Cursor: 6/7 frames (6 detections)
2026-03-16 20:11:10,295 INFO vex_extract.cursor:   Cursor: pass 2 — 8 frames at 4.0 FPS [307007ms-309075ms]
2026-03-16 20:11:10,374 INFO vex_extract.cursor:   Cursor: 1/8 frames (1 detections)
2026-03-16 20:11:10,387 INFO vex_extract.cursor:   Cursor: 2/8 frames (2 detections)
2026-03-16 20:11:10,401 INFO vex_extract.cursor:   Cursor: 3/8 frames (3 detections)
2026-03-16 20:11:10,414 INFO vex_extract.cursor:   Cursor: 4/8 frames (4 detections)
2026-03-16 20:11:10,428 INFO vex_extract.cursor:   Cursor: 5/8 frames (5 detections)
2026-03-16 20:11:10,441 INFO vex_extract.cursor:   Cursor: 6/8 frames (6 detections)
2026-03-16 20:11:10,454 INFO vex_extract.cursor:   Cursor: 7/8 frames (7 detections)
2026-03-16 20:11:11,242 INFO vex_extract.cursor:   Cursor: pass 2 — 12 frames at 4.0 FPS [309143ms-312278ms]
2026-03-16 20:11:11,322 INFO vex_extract.cursor:   Cursor: 1/12 frames (1 detections)
2026-03-16 20:11:11,336 INFO vex_extract.cursor:   Cursor: 2/12 frames (2 detections)
2026-03-16 20:11:11,349 INFO vex_extract.cursor:   Cursor: 3/12 frames (3 detections)
2026-03-16 20:11:11,362 INFO vex_extract.cursor:   Cursor: 4/12 frames (4 detections)
2026-03-16 20:11:11,375 INFO vex_extract.cursor:   Cursor: 5/12 frames (5 detections)
2026-03-16 20:11:11,389 INFO vex_extract.cursor:   Cursor: 6/12 frames (6 detections)
2026-03-16 20:11:11,402 INFO vex_extract.cursor:   Cursor: 7/12 frames (7 detections)
2026-03-16 20:11:11,416 INFO vex_extract.cursor:   Cursor: 8/12 frames (8 detections)
2026-03-16 20:11:11,429 INFO vex_extract.cursor:   Cursor: 9/12 frames (9 detections)
2026-03-16 20:11:11,442 INFO vex_extract.cursor:   Cursor: 10/12 frames (10 detections)
2026-03-16 20:11:11,455 INFO vex_extract.cursor:   Cursor: 11/12 frames (11 detections)
2026-03-16 20:11:11,470 INFO vex_extract.cursor:   Cursor: merged 856 detections (854 detected)
2026-03-16 20:11:11,470 INFO vex_extract.cursor:   Cursor: filtering 14 static detections at (585.0, 338.0) spanning 3470ms
2026-03-16 20:11:11,470 INFO vex_extract.cursor:   Cursor: filtering 15 static detections at (585.0, 338.0) spanning 3720ms
2026-03-16 20:11:11,470 INFO vex_extract.cursor:   Cursor: filtering 8 static detections at (1106.0, 583.0) spanning 3120ms
2026-03-16 20:11:11,470 INFO vex_extract.cursor:   Cursor: filtering 9 static detections at (1714.0, 997.0) spanning 4238ms
2026-03-16 20:11:11,470 INFO vex_extract.cursor:   Cursor: filtering 22 static detections at (515.0, 338.0) spanning 5589ms
2026-03-16 20:11:11,470 INFO vex_extract.cursor:   Cursor: filtering 22 static detections at (1154.0, 366.0) spanning 6690ms
2026-03-16 20:11:11,470 INFO vex_extract.cursor:   Cursor: filtering 5 static detections at (988.0, 246.0) spanning 4021ms
2026-03-16 20:11:11,470 INFO vex_extract.cursor:   Cursor: filtering 5 static detections at (351.0, 1022.0) spanning 4004ms
2026-03-16 20:11:11,470 INFO vex_extract.cursor:   Cursor: filtering 8 static detections at (351.0, 1022.0) spanning 7007ms
2026-03-16 20:11:11,470 INFO vex_extract.cursor:   Cursor: filtering 8 static detections at (1305.0, 973.0) spanning 4054ms
2026-03-16 20:11:11,470 INFO vex_extract.cursor:   Cursor: filtering 19 static detections at (1514.0, 342.0) spanning 9510ms
2026-03-16 20:11:11,470 INFO vex_extract.cursor:   Cursor: filtering 28 static detections at (1512.0, 188.0) spanning 15249ms
2026-03-16 20:11:11,470 INFO vex_extract.cursor:   Cursor: filtering 16 static detections at (1533.0, 979.0) spanning 10494ms
2026-03-16 20:11:11,470 INFO vex_extract.cursor:   Cursor: filtering 4 static detections at (793.0, 281.0) spanning 3003ms
2026-03-16 20:11:11,470 INFO vex_extract.cursor:   Cursor: filtering 6 static detections at (1252.0, 328.0) spanning 4504ms
2026-03-16 20:11:11,473 INFO vex_extract.pipeline:   Cached cursor trajectory: /Users/nic/Developer/spike-air-315-vision-processing/candidates/2026-03-14/tmp/cv/travel_expert_veronika_f0ebba1b_cursor/cursor_trajectory.json
2026-03-16 20:11:11,473 INFO vex_extract.pipeline:   856 cursor detections (665 detected) in 44.9s
2026-03-16 20:11:11,473 INFO vex_extract.pipeline: Step 3: Computing optical flow...
2026-03-16 20:11:12,481 INFO vex_extract.flow:   Flow: computing across 513 frame pairs...
2026-03-16 20:11:14,181 INFO vex_extract.pipeline:   Cached flow windows: /Users/nic/Developer/spike-air-315-vision-processing/candidates/2026-03-14/tmp/cv/travel_expert_veronika_bb5a87ef_f0ebba1b_flow/flow_windows.json
2026-03-16 20:11:14,181 INFO vex_extract.pipeline:   405 flow windows in 2.7s
2026-03-16 20:11:14,182 INFO vex_extract.pipeline: Step 4: Creating video segments...
2026-03-16 20:11:14,182 INFO vex_extract.pipeline:   5 segments
2026-03-16 20:11:14,182 INFO vex_extract.pipeline:   Segment 0: cached
2026-03-16 20:11:14,182 INFO vex_extract.pipeline:   Segment 1: cached
2026-03-16 20:11:14,182 INFO vex_extract.pipeline:   Segment 2: cached
2026-03-16 20:11:14,182 INFO vex_extract.pipeline:   Segment 3: cached
2026-03-16 20:11:14,182 INFO vex_extract.pipeline:   Segment 4: cached
2026-03-16 20:11:14,182 INFO vex_extract.pipeline: Step 5: Preparing prompts...
2026-03-16 20:11:14,183 INFO vex_extract.analysis: Segment 0: prompt prepared (12599 chars)
2026-03-16 20:11:14,184 INFO vex_extract.analysis: Segment 1: prompt prepared (11295 chars)
2026-03-16 20:11:14,185 INFO vex_extract.analysis: Segment 2: prompt prepared (10428 chars)
2026-03-16 20:11:14,185 INFO vex_extract.analysis: Segment 3: prompt prepared (10782 chars)
2026-03-16 20:11:14,186 INFO vex_extract.analysis: Segment 4: prompt prepared (11585 chars)
2026-03-16 20:11:14,186 INFO vex_extract.pipeline:   5 prompts prepared
2026-03-16 20:11:14,186 INFO vex_extract.pipeline: Stopped after: prompt
