2026-03-16 21:06:53,581 INFO vex_extract.pipeline: === Video Event Extractor ===
2026-03-16 21:06:53,581 INFO vex_extract.pipeline: Video: /Users/nic/Developer/spike-air-315-vision-processing/input_data/screen_tracks/cfs_home_loan_serene.mp4
2026-03-16 21:06:53,581 INFO vex_extract.pipeline: Offset: 0 ms
2026-03-16 21:06:53,581 INFO vex_extract.pipeline: Run ID: 2026-03-16_110653
2026-03-16 21:06:53,581 INFO vex_extract.pipeline: Stop after: prompt
2026-03-16 21:06:53,581 INFO vex_extract.pipeline: Step 1: Normalizing video...
2026-03-16 21:06:53,581 INFO vex_extract.pipeline:   Using cached normalized video: /Users/nic/Developer/spike-air-315-vision-processing/candidates/2026-03-14/tmp/cfs_home_loan_serene_normalized.mp4
2026-03-16 21:06:53,605 INFO vex_extract.pipeline:   Duration: 239.9s, 978x2120, 30.0 fps
2026-03-16 21:06:53,605 INFO vex_extract.pipeline: Step 2: Tracking cursor...
2026-03-16 21:06:58,876 INFO vex_extract.cursor:   Cursor: pass 1 — matching 700 frames at 3.0 FPS against 6 templates x 7 scales at 540p...
2026-03-16 21:06:59,249 INFO vex_extract.cursor:   Cursor: 70/700 frames (69 detections)
2026-03-16 21:06:59,485 INFO vex_extract.cursor:   Cursor: 140/700 frames (139 detections)
2026-03-16 21:06:59,723 INFO vex_extract.cursor:   Cursor: 210/700 frames (209 detections)
2026-03-16 21:06:59,969 INFO vex_extract.cursor:   Cursor: 280/700 frames (279 detections)
2026-03-16 21:07:00,226 INFO vex_extract.cursor:   Cursor: 350/700 frames (349 detections)
2026-03-16 21:07:00,492 INFO vex_extract.cursor:   Cursor: 420/700 frames (419 detections)
2026-03-16 21:07:00,738 INFO vex_extract.cursor:   Cursor: 490/700 frames (489 detections)
2026-03-16 21:07:00,979 INFO vex_extract.cursor:   Cursor: 560/700 frames (559 detections)
2026-03-16 21:07:01,216 INFO vex_extract.cursor:   Cursor: 630/700 frames (629 detections)
2026-03-16 21:07:01,458 INFO vex_extract.cursor:   Cursor: calibrated to scales (0.3, 0.4) from coarse pass
2026-03-16 21:07:01,458 INFO vex_extract.cursor:   Cursor: 52 active regions identified
2026-03-16 21:07:01,522 INFO vex_extract.cursor:   Cursor: pass 2 — 8 frames at 5.0 FPS [0ms-1500ms]
2026-03-16 21:07:01,542 INFO vex_extract.cursor:   Cursor: 1/8 frames (0 detections)
2026-03-16 21:07:01,562 INFO vex_extract.cursor:   Cursor: 2/8 frames (0 detections)
2026-03-16 21:07:01,581 INFO vex_extract.cursor:   Cursor: 3/8 frames (1 detections)
2026-03-16 21:07:01,585 INFO vex_extract.cursor:   Cursor: 4/8 frames (2 detections)
2026-03-16 21:07:01,588 INFO vex_extract.cursor:   Cursor: 5/8 frames (3 detections)
2026-03-16 21:07:01,592 INFO vex_extract.cursor:   Cursor: 6/8 frames (4 detections)
2026-03-16 21:07:01,595 INFO vex_extract.cursor:   Cursor: 7/8 frames (5 detections)
2026-03-16 21:07:01,716 INFO vex_extract.cursor:   Cursor: pass 2 — 14 frames at 5.0 FPS [2567ms-5267ms]
2026-03-16 21:07:01,736 INFO vex_extract.cursor:   Cursor: 1/14 frames (1 detections)
2026-03-16 21:07:01,740 INFO vex_extract.cursor:   Cursor: 2/14 frames (2 detections)
2026-03-16 21:07:01,743 INFO vex_extract.cursor:   Cursor: 3/14 frames (3 detections)
2026-03-16 21:07:01,746 INFO vex_extract.cursor:   Cursor: 4/14 frames (4 detections)
2026-03-16 21:07:01,750 INFO vex_extract.cursor:   Cursor: 5/14 frames (5 detections)
2026-03-16 21:07:01,753 INFO vex_extract.cursor:   Cursor: 6/14 frames (6 detections)
2026-03-16 21:07:01,756 INFO vex_extract.cursor:   Cursor: 7/14 frames (7 detections)
2026-03-16 21:07:01,759 INFO vex_extract.cursor:   Cursor: 8/14 frames (8 detections)
2026-03-16 21:07:01,763 INFO vex_extract.cursor:   Cursor: 9/14 frames (9 detections)
2026-03-16 21:07:01,766 INFO vex_extract.cursor:   Cursor: 10/14 frames (10 detections)
2026-03-16 21:07:01,770 INFO vex_extract.cursor:   Cursor: 11/14 frames (11 detections)
2026-03-16 21:07:01,773 INFO vex_extract.cursor:   Cursor: 12/14 frames (12 detections)
2026-03-16 21:07:01,777 INFO vex_extract.cursor:   Cursor: 13/14 frames (13 detections)
2026-03-16 21:07:01,864 INFO vex_extract.cursor:   Cursor: pass 2 — 7 frames at 5.0 FPS [7600ms-8933ms]
2026-03-16 21:07:01,884 INFO vex_extract.cursor:   Cursor: 1/7 frames (1 detections)
2026-03-16 21:07:01,887 INFO vex_extract.cursor:   Cursor: 2/7 frames (2 detections)
2026-03-16 21:07:01,891 INFO vex_extract.cursor:   Cursor: 3/7 frames (3 detections)
2026-03-16 21:07:01,894 INFO vex_extract.cursor:   Cursor: 4/7 frames (4 detections)
2026-03-16 21:07:01,897 INFO vex_extract.cursor:   Cursor: 5/7 frames (5 detections)
2026-03-16 21:07:01,901 INFO vex_extract.cursor:   Cursor: 6/7 frames (6 detections)
2026-03-16 21:07:02,102 INFO vex_extract.cursor:   Cursor: pass 2 — 20 frames at 5.0 FPS [12433ms-16567ms]
2026-03-16 21:07:02,126 INFO vex_extract.cursor:   Cursor: 2/20 frames (2 detections)
2026-03-16 21:07:02,133 INFO vex_extract.cursor:   Cursor: 4/20 frames (4 detections)
2026-03-16 21:07:02,139 INFO vex_extract.cursor:   Cursor: 6/20 frames (6 detections)
2026-03-16 21:07:02,146 INFO vex_extract.cursor:   Cursor: 8/20 frames (8 detections)
2026-03-16 21:07:02,153 INFO vex_extract.cursor:   Cursor: 10/20 frames (10 detections)
2026-03-16 21:07:02,160 INFO vex_extract.cursor:   Cursor: 12/20 frames (12 detections)
2026-03-16 21:07:02,166 INFO vex_extract.cursor:   Cursor: 14/20 frames (14 detections)
2026-03-16 21:07:02,173 INFO vex_extract.cursor:   Cursor: 16/20 frames (16 detections)
2026-03-16 21:07:02,180 INFO vex_extract.cursor:   Cursor: 18/20 frames (18 detections)
2026-03-16 21:07:02,339 INFO vex_extract.cursor:   Cursor: pass 2 — 10 frames at 5.0 FPS [16567ms-18567ms]
2026-03-16 21:07:02,359 INFO vex_extract.cursor:   Cursor: 1/10 frames (1 detections)
2026-03-16 21:07:02,362 INFO vex_extract.cursor:   Cursor: 2/10 frames (2 detections)
2026-03-16 21:07:02,366 INFO vex_extract.cursor:   Cursor: 3/10 frames (3 detections)
2026-03-16 21:07:02,369 INFO vex_extract.cursor:   Cursor: 4/10 frames (4 detections)
2026-03-16 21:07:02,372 INFO vex_extract.cursor:   Cursor: 5/10 frames (5 detections)
2026-03-16 21:07:02,376 INFO vex_extract.cursor:   Cursor: 6/10 frames (6 detections)
2026-03-16 21:07:02,379 INFO vex_extract.cursor:   Cursor: 7/10 frames (7 detections)
2026-03-16 21:07:02,383 INFO vex_extract.cursor:   Cursor: 8/10 frames (8 detections)
2026-03-16 21:07:02,386 INFO vex_extract.cursor:   Cursor: 9/10 frames (9 detections)
2026-03-16 21:07:02,563 INFO vex_extract.cursor:   Cursor: pass 2 — 9 frames at 5.0 FPS [23567ms-25233ms]
2026-03-16 21:07:02,582 INFO vex_extract.cursor:   Cursor: 1/9 frames (1 detections)
2026-03-16 21:07:02,586 INFO vex_extract.cursor:   Cursor: 2/9 frames (2 detections)
2026-03-16 21:07:02,589 INFO vex_extract.cursor:   Cursor: 3/9 frames (3 detections)
2026-03-16 21:07:02,593 INFO vex_extract.cursor:   Cursor: 4/9 frames (4 detections)
2026-03-16 21:07:02,596 INFO vex_extract.cursor:   Cursor: 5/9 frames (5 detections)
2026-03-16 21:07:02,599 INFO vex_extract.cursor:   Cursor: 6/9 frames (6 detections)
2026-03-16 21:07:02,603 INFO vex_extract.cursor:   Cursor: 7/9 frames (7 detections)
2026-03-16 21:07:02,606 INFO vex_extract.cursor:   Cursor: 8/9 frames (8 detections)
2026-03-16 21:07:02,815 INFO vex_extract.cursor:   Cursor: pass 2 — 10 frames at 5.0 FPS [27233ms-29233ms]
2026-03-16 21:07:02,835 INFO vex_extract.cursor:   Cursor: 1/10 frames (1 detections)
2026-03-16 21:07:02,838 INFO vex_extract.cursor:   Cursor: 2/10 frames (2 detections)
2026-03-16 21:07:02,841 INFO vex_extract.cursor:   Cursor: 3/10 frames (3 detections)
2026-03-16 21:07:02,845 INFO vex_extract.cursor:   Cursor: 4/10 frames (4 detections)
2026-03-16 21:07:02,848 INFO vex_extract.cursor:   Cursor: 5/10 frames (5 detections)
2026-03-16 21:07:02,852 INFO vex_extract.cursor:   Cursor: 6/10 frames (6 detections)
2026-03-16 21:07:02,855 INFO vex_extract.cursor:   Cursor: 7/10 frames (7 detections)
2026-03-16 21:07:02,858 INFO vex_extract.cursor:   Cursor: 8/10 frames (8 detections)
2026-03-16 21:07:02,862 INFO vex_extract.cursor:   Cursor: 9/10 frames (9 detections)
2026-03-16 21:07:03,130 INFO vex_extract.cursor:   Cursor: pass 2 — 17 frames at 5.0 FPS [29900ms-33300ms]
2026-03-16 21:07:03,150 INFO vex_extract.cursor:   Cursor: 1/17 frames (1 detections)
2026-03-16 21:07:03,153 INFO vex_extract.cursor:   Cursor: 2/17 frames (2 detections)
2026-03-16 21:07:03,157 INFO vex_extract.cursor:   Cursor: 3/17 frames (3 detections)
2026-03-16 21:07:03,160 INFO vex_extract.cursor:   Cursor: 4/17 frames (4 detections)
2026-03-16 21:07:03,163 INFO vex_extract.cursor:   Cursor: 5/17 frames (5 detections)
2026-03-16 21:07:03,167 INFO vex_extract.cursor:   Cursor: 6/17 frames (6 detections)
2026-03-16 21:07:03,170 INFO vex_extract.cursor:   Cursor: 7/17 frames (7 detections)
2026-03-16 21:07:03,173 INFO vex_extract.cursor:   Cursor: 8/17 frames (8 detections)
2026-03-16 21:07:03,177 INFO vex_extract.cursor:   Cursor: 9/17 frames (9 detections)
2026-03-16 21:07:03,180 INFO vex_extract.cursor:   Cursor: 10/17 frames (10 detections)
2026-03-16 21:07:03,183 INFO vex_extract.cursor:   Cursor: 11/17 frames (11 detections)
2026-03-16 21:07:03,187 INFO vex_extract.cursor:   Cursor: 12/17 frames (12 detections)
2026-03-16 21:07:03,190 INFO vex_extract.cursor:   Cursor: 13/17 frames (13 detections)
2026-03-16 21:07:03,193 INFO vex_extract.cursor:   Cursor: 14/17 frames (14 detections)
2026-03-16 21:07:03,197 INFO vex_extract.cursor:   Cursor: 15/17 frames (15 detections)
2026-03-16 21:07:03,200 INFO vex_extract.cursor:   Cursor: 16/17 frames (16 detections)
2026-03-16 21:07:03,490 INFO vex_extract.cursor:   Cursor: pass 2 — 16 frames at 5.0 FPS [34400ms-37567ms]
2026-03-16 21:07:03,510 INFO vex_extract.cursor:   Cursor: 1/16 frames (1 detections)
2026-03-16 21:07:03,513 INFO vex_extract.cursor:   Cursor: 2/16 frames (2 detections)
2026-03-16 21:07:03,517 INFO vex_extract.cursor:   Cursor: 3/16 frames (3 detections)
2026-03-16 21:07:03,520 INFO vex_extract.cursor:   Cursor: 4/16 frames (4 detections)
2026-03-16 21:07:03,524 INFO vex_extract.cursor:   Cursor: 5/16 frames (5 detections)
2026-03-16 21:07:03,527 INFO vex_extract.cursor:   Cursor: 6/16 frames (6 detections)
2026-03-16 21:07:03,530 INFO vex_extract.cursor:   Cursor: 7/16 frames (7 detections)
2026-03-16 21:07:03,534 INFO vex_extract.cursor:   Cursor: 8/16 frames (8 detections)
2026-03-16 21:07:03,537 INFO vex_extract.cursor:   Cursor: 9/16 frames (9 detections)
2026-03-16 21:07:03,541 INFO vex_extract.cursor:   Cursor: 10/16 frames (10 detections)
2026-03-16 21:07:03,544 INFO vex_extract.cursor:   Cursor: 11/16 frames (11 detections)
2026-03-16 21:07:03,547 INFO vex_extract.cursor:   Cursor: 12/16 frames (12 detections)
2026-03-16 21:07:03,550 INFO vex_extract.cursor:   Cursor: 13/16 frames (13 detections)
2026-03-16 21:07:03,554 INFO vex_extract.cursor:   Cursor: 14/16 frames (14 detections)
2026-03-16 21:07:03,557 INFO vex_extract.cursor:   Cursor: 15/16 frames (15 detections)
2026-03-16 21:07:03,844 INFO vex_extract.cursor:   Cursor: pass 2 — 12 frames at 5.0 FPS [38333ms-40733ms]
2026-03-16 21:07:03,864 INFO vex_extract.cursor:   Cursor: 1/12 frames (1 detections)
2026-03-16 21:07:03,868 INFO vex_extract.cursor:   Cursor: 2/12 frames (2 detections)
2026-03-16 21:07:03,871 INFO vex_extract.cursor:   Cursor: 3/12 frames (3 detections)
2026-03-16 21:07:03,875 INFO vex_extract.cursor:   Cursor: 4/12 frames (4 detections)
2026-03-16 21:07:03,878 INFO vex_extract.cursor:   Cursor: 5/12 frames (5 detections)
2026-03-16 21:07:03,881 INFO vex_extract.cursor:   Cursor: 6/12 frames (6 detections)
2026-03-16 21:07:03,885 INFO vex_extract.cursor:   Cursor: 7/12 frames (7 detections)
2026-03-16 21:07:03,888 INFO vex_extract.cursor:   Cursor: 8/12 frames (8 detections)
2026-03-16 21:07:03,891 INFO vex_extract.cursor:   Cursor: 9/12 frames (9 detections)
2026-03-16 21:07:03,895 INFO vex_extract.cursor:   Cursor: 10/12 frames (10 detections)
2026-03-16 21:07:03,898 INFO vex_extract.cursor:   Cursor: 11/12 frames (11 detections)
2026-03-16 21:07:04,332 INFO vex_extract.cursor:   Cursor: pass 2 — 30 frames at 5.0 FPS [40833ms-46833ms]
2026-03-16 21:07:04,358 INFO vex_extract.cursor:   Cursor: 3/30 frames (3 detections)
2026-03-16 21:07:04,369 INFO vex_extract.cursor:   Cursor: 6/30 frames (6 detections)
2026-03-16 21:07:04,379 INFO vex_extract.cursor:   Cursor: 9/30 frames (9 detections)
2026-03-16 21:07:04,389 INFO vex_extract.cursor:   Cursor: 12/30 frames (12 detections)
2026-03-16 21:07:04,399 INFO vex_extract.cursor:   Cursor: 15/30 frames (15 detections)
2026-03-16 21:07:04,409 INFO vex_extract.cursor:   Cursor: 18/30 frames (18 detections)
2026-03-16 21:07:04,419 INFO vex_extract.cursor:   Cursor: 21/30 frames (21 detections)
2026-03-16 21:07:04,429 INFO vex_extract.cursor:   Cursor: 24/30 frames (24 detections)
2026-03-16 21:07:04,440 INFO vex_extract.cursor:   Cursor: 27/30 frames (27 detections)
2026-03-16 21:07:04,831 INFO vex_extract.cursor:   Cursor: pass 2 — 18 frames at 5.0 FPS [47600ms-51100ms]
2026-03-16 21:07:04,851 INFO vex_extract.cursor:   Cursor: 1/18 frames (1 detections)
2026-03-16 21:07:04,855 INFO vex_extract.cursor:   Cursor: 2/18 frames (2 detections)
2026-03-16 21:07:04,858 INFO vex_extract.cursor:   Cursor: 3/18 frames (3 detections)
2026-03-16 21:07:04,861 INFO vex_extract.cursor:   Cursor: 4/18 frames (4 detections)
2026-03-16 21:07:04,865 INFO vex_extract.cursor:   Cursor: 5/18 frames (5 detections)
2026-03-16 21:07:04,868 INFO vex_extract.cursor:   Cursor: 6/18 frames (6 detections)
2026-03-16 21:07:04,872 INFO vex_extract.cursor:   Cursor: 7/18 frames (7 detections)
2026-03-16 21:07:04,875 INFO vex_extract.cursor:   Cursor: 8/18 frames (8 detections)
2026-03-16 21:07:04,878 INFO vex_extract.cursor:   Cursor: 9/18 frames (9 detections)
2026-03-16 21:07:04,882 INFO vex_extract.cursor:   Cursor: 10/18 frames (10 detections)
2026-03-16 21:07:04,885 INFO vex_extract.cursor:   Cursor: 11/18 frames (11 detections)
2026-03-16 21:07:04,889 INFO vex_extract.cursor:   Cursor: 12/18 frames (12 detections)
2026-03-16 21:07:04,892 INFO vex_extract.cursor:   Cursor: 13/18 frames (13 detections)
2026-03-16 21:07:04,895 INFO vex_extract.cursor:   Cursor: 14/18 frames (14 detections)
2026-03-16 21:07:04,898 INFO vex_extract.cursor:   Cursor: 15/18 frames (15 detections)
2026-03-16 21:07:04,902 INFO vex_extract.cursor:   Cursor: 16/18 frames (16 detections)
2026-03-16 21:07:04,905 INFO vex_extract.cursor:   Cursor: 17/18 frames (17 detections)
2026-03-16 21:07:05,283 INFO vex_extract.cursor:   Cursor: pass 2 — 15 frames at 5.0 FPS [51200ms-54333ms]
2026-03-16 21:07:05,303 INFO vex_extract.cursor:   Cursor: 1/15 frames (1 detections)
2026-03-16 21:07:05,307 INFO vex_extract.cursor:   Cursor: 2/15 frames (2 detections)
2026-03-16 21:07:05,310 INFO vex_extract.cursor:   Cursor: 3/15 frames (3 detections)
2026-03-16 21:07:05,314 INFO vex_extract.cursor:   Cursor: 4/15 frames (4 detections)
2026-03-16 21:07:05,317 INFO vex_extract.cursor:   Cursor: 5/15 frames (5 detections)
2026-03-16 21:07:05,320 INFO vex_extract.cursor:   Cursor: 6/15 frames (6 detections)
2026-03-16 21:07:05,324 INFO vex_extract.cursor:   Cursor: 7/15 frames (7 detections)
2026-03-16 21:07:05,327 INFO vex_extract.cursor:   Cursor: 8/15 frames (8 detections)
2026-03-16 21:07:05,331 INFO vex_extract.cursor:   Cursor: 9/15 frames (9 detections)
2026-03-16 21:07:05,334 INFO vex_extract.cursor:   Cursor: 10/15 frames (10 detections)
2026-03-16 21:07:05,337 INFO vex_extract.cursor:   Cursor: 11/15 frames (11 detections)
2026-03-16 21:07:05,341 INFO vex_extract.cursor:   Cursor: 12/15 frames (12 detections)
2026-03-16 21:07:05,344 INFO vex_extract.cursor:   Cursor: 13/15 frames (13 detections)
2026-03-16 21:07:05,347 INFO vex_extract.cursor:   Cursor: 14/15 frames (14 detections)
2026-03-16 21:07:05,688 INFO vex_extract.cursor:   Cursor: pass 2 — 7 frames at 5.0 FPS [54733ms-56100ms]
2026-03-16 21:07:05,708 INFO vex_extract.cursor:   Cursor: 1/7 frames (1 detections)
2026-03-16 21:07:05,711 INFO vex_extract.cursor:   Cursor: 2/7 frames (2 detections)
2026-03-16 21:07:05,715 INFO vex_extract.cursor:   Cursor: 3/7 frames (3 detections)
2026-03-16 21:07:05,719 INFO vex_extract.cursor:   Cursor: 4/7 frames (4 detections)
2026-03-16 21:07:05,720 INFO vex_extract.cursor:   Cursor: 5/7 frames (5 detections)
2026-03-16 21:07:05,722 INFO vex_extract.cursor:   Cursor: 6/7 frames (6 detections)
2026-03-16 21:07:06,087 INFO vex_extract.cursor:   Cursor: pass 2 — 10 frames at 5.0 FPS [56533ms-58600ms]
2026-03-16 21:07:06,101 INFO vex_extract.cursor:   Cursor: 1/10 frames (1 detections)
2026-03-16 21:07:06,103 INFO vex_extract.cursor:   Cursor: 2/10 frames (2 detections)
2026-03-16 21:07:06,105 INFO vex_extract.cursor:   Cursor: 3/10 frames (3 detections)
2026-03-16 21:07:06,107 INFO vex_extract.cursor:   Cursor: 4/10 frames (4 detections)
2026-03-16 21:07:06,110 INFO vex_extract.cursor:   Cursor: 5/10 frames (5 detections)
2026-03-16 21:07:06,113 INFO vex_extract.cursor:   Cursor: 6/10 frames (6 detections)
2026-03-16 21:07:06,117 INFO vex_extract.cursor:   Cursor: 7/10 frames (7 detections)
2026-03-16 21:07:06,120 INFO vex_extract.cursor:   Cursor: 8/10 frames (8 detections)
2026-03-16 21:07:06,123 INFO vex_extract.cursor:   Cursor: 9/10 frames (9 detections)
2026-03-16 21:07:06,481 INFO vex_extract.cursor:   Cursor: pass 2 — 7 frames at 5.0 FPS [59733ms-61100ms]
2026-03-16 21:07:06,501 INFO vex_extract.cursor:   Cursor: 1/7 frames (1 detections)
2026-03-16 21:07:06,505 INFO vex_extract.cursor:   Cursor: 2/7 frames (2 detections)
2026-03-16 21:07:06,509 INFO vex_extract.cursor:   Cursor: 3/7 frames (3 detections)
2026-03-16 21:07:06,512 INFO vex_extract.cursor:   Cursor: 4/7 frames (4 detections)
2026-03-16 21:07:06,515 INFO vex_extract.cursor:   Cursor: 5/7 frames (5 detections)
2026-03-16 21:07:06,519 INFO vex_extract.cursor:   Cursor: 6/7 frames (6 detections)
2026-03-16 21:07:06,907 INFO vex_extract.cursor:   Cursor: pass 2 — 10 frames at 5.0 FPS [62233ms-64333ms]
2026-03-16 21:07:06,927 INFO vex_extract.cursor:   Cursor: 1/10 frames (1 detections)
2026-03-16 21:07:06,931 INFO vex_extract.cursor:   Cursor: 2/10 frames (2 detections)
2026-03-16 21:07:06,934 INFO vex_extract.cursor:   Cursor: 3/10 frames (3 detections)
2026-03-16 21:07:06,937 INFO vex_extract.cursor:   Cursor: 4/10 frames (4 detections)
2026-03-16 21:07:06,941 INFO vex_extract.cursor:   Cursor: 5/10 frames (5 detections)
2026-03-16 21:07:06,944 INFO vex_extract.cursor:   Cursor: 6/10 frames (6 detections)
2026-03-16 21:07:06,947 INFO vex_extract.cursor:   Cursor: 7/10 frames (7 detections)
2026-03-16 21:07:06,951 INFO vex_extract.cursor:   Cursor: 8/10 frames (8 detections)
2026-03-16 21:07:06,954 INFO vex_extract.cursor:   Cursor: 9/10 frames (9 detections)
2026-03-16 21:07:07,489 INFO vex_extract.cursor:   Cursor: pass 2 — 29 frames at 5.0 FPS [65433ms-71100ms]
2026-03-16 21:07:07,512 INFO vex_extract.cursor:   Cursor: 2/29 frames (2 detections)
2026-03-16 21:07:07,519 INFO vex_extract.cursor:   Cursor: 4/29 frames (4 detections)
2026-03-16 21:07:07,526 INFO vex_extract.cursor:   Cursor: 6/29 frames (6 detections)
2026-03-16 21:07:07,532 INFO vex_extract.cursor:   Cursor: 8/29 frames (8 detections)
2026-03-16 21:07:07,539 INFO vex_extract.cursor:   Cursor: 10/29 frames (10 detections)
2026-03-16 21:07:07,546 INFO vex_extract.cursor:   Cursor: 12/29 frames (12 detections)
2026-03-16 21:07:07,552 INFO vex_extract.cursor:   Cursor: 14/29 frames (14 detections)
2026-03-16 21:07:07,559 INFO vex_extract.cursor:   Cursor: 16/29 frames (16 detections)
2026-03-16 21:07:07,566 INFO vex_extract.cursor:   Cursor: 18/29 frames (18 detections)
2026-03-16 21:07:07,573 INFO vex_extract.cursor:   Cursor: 20/29 frames (20 detections)
2026-03-16 21:07:07,579 INFO vex_extract.cursor:   Cursor: 22/29 frames (22 detections)
2026-03-16 21:07:07,586 INFO vex_extract.cursor:   Cursor: 24/29 frames (24 detections)
2026-03-16 21:07:07,593 INFO vex_extract.cursor:   Cursor: 26/29 frames (26 detections)
2026-03-16 21:07:07,600 INFO vex_extract.cursor:   Cursor: 28/29 frames (28 detections)
2026-03-16 21:07:08,275 INFO vex_extract.cursor:   Cursor: pass 2 — 44 frames at 5.0 FPS [75433ms-84100ms]
2026-03-16 21:07:08,306 INFO vex_extract.cursor:   Cursor: 4/44 frames (4 detections)
2026-03-16 21:07:08,319 INFO vex_extract.cursor:   Cursor: 8/44 frames (8 detections)
2026-03-16 21:07:08,333 INFO vex_extract.cursor:   Cursor: 12/44 frames (12 detections)
2026-03-16 21:07:08,346 INFO vex_extract.cursor:   Cursor: 16/44 frames (16 detections)
2026-03-16 21:07:08,360 INFO vex_extract.cursor:   Cursor: 20/44 frames (20 detections)
2026-03-16 21:07:08,373 INFO vex_extract.cursor:   Cursor: 24/44 frames (24 detections)
2026-03-16 21:07:08,387 INFO vex_extract.cursor:   Cursor: 28/44 frames (28 detections)
2026-03-16 21:07:08,400 INFO vex_extract.cursor:   Cursor: 32/44 frames (32 detections)
2026-03-16 21:07:08,413 INFO vex_extract.cursor:   Cursor: 36/44 frames (36 detections)
2026-03-16 21:07:08,427 INFO vex_extract.cursor:   Cursor: 40/44 frames (40 detections)
2026-03-16 21:07:08,953 INFO vex_extract.cursor:   Cursor: pass 2 — 14 frames at 5.0 FPS [87767ms-90433ms]
2026-03-16 21:07:08,973 INFO vex_extract.cursor:   Cursor: 1/14 frames (1 detections)
2026-03-16 21:07:08,977 INFO vex_extract.cursor:   Cursor: 2/14 frames (2 detections)
2026-03-16 21:07:08,980 INFO vex_extract.cursor:   Cursor: 3/14 frames (3 detections)
2026-03-16 21:07:08,984 INFO vex_extract.cursor:   Cursor: 4/14 frames (4 detections)
2026-03-16 21:07:08,987 INFO vex_extract.cursor:   Cursor: 5/14 frames (5 detections)
2026-03-16 21:07:08,991 INFO vex_extract.cursor:   Cursor: 6/14 frames (6 detections)
2026-03-16 21:07:08,994 INFO vex_extract.cursor:   Cursor: 7/14 frames (7 detections)
2026-03-16 21:07:08,997 INFO vex_extract.cursor:   Cursor: 8/14 frames (8 detections)
2026-03-16 21:07:09,001 INFO vex_extract.cursor:   Cursor: 9/14 frames (9 detections)
2026-03-16 21:07:09,004 INFO vex_extract.cursor:   Cursor: 10/14 frames (10 detections)
2026-03-16 21:07:09,008 INFO vex_extract.cursor:   Cursor: 11/14 frames (11 detections)
2026-03-16 21:07:09,011 INFO vex_extract.cursor:   Cursor: 12/14 frames (12 detections)
2026-03-16 21:07:09,014 INFO vex_extract.cursor:   Cursor: 13/14 frames (13 detections)
2026-03-16 21:07:09,498 INFO vex_extract.cursor:   Cursor: pass 2 — 7 frames at 5.0 FPS [91433ms-92767ms]
2026-03-16 21:07:09,518 INFO vex_extract.cursor:   Cursor: 1/7 frames (1 detections)
2026-03-16 21:07:09,522 INFO vex_extract.cursor:   Cursor: 2/7 frames (2 detections)
2026-03-16 21:07:09,525 INFO vex_extract.cursor:   Cursor: 3/7 frames (3 detections)
2026-03-16 21:07:09,528 INFO vex_extract.cursor:   Cursor: 4/7 frames (4 detections)
2026-03-16 21:07:09,532 INFO vex_extract.cursor:   Cursor: 5/7 frames (5 detections)
2026-03-16 21:07:09,535 INFO vex_extract.cursor:   Cursor: 6/7 frames (6 detections)
2026-03-16 21:07:10,049 INFO vex_extract.cursor:   Cursor: pass 2 — 9 frames at 5.0 FPS [95100ms-96767ms]
2026-03-16 21:07:10,069 INFO vex_extract.cursor:   Cursor: 1/9 frames (1 detections)
2026-03-16 21:07:10,073 INFO vex_extract.cursor:   Cursor: 2/9 frames (2 detections)
2026-03-16 21:07:10,076 INFO vex_extract.cursor:   Cursor: 3/9 frames (3 detections)
2026-03-16 21:07:10,080 INFO vex_extract.cursor:   Cursor: 4/9 frames (4 detections)
2026-03-16 21:07:10,083 INFO vex_extract.cursor:   Cursor: 5/9 frames (5 detections)
2026-03-16 21:07:10,087 INFO vex_extract.cursor:   Cursor: 6/9 frames (6 detections)
2026-03-16 21:07:10,090 INFO vex_extract.cursor:   Cursor: 7/9 frames (7 detections)
2026-03-16 21:07:10,093 INFO vex_extract.cursor:   Cursor: 8/9 frames (8 detections)
2026-03-16 21:07:10,606 INFO vex_extract.cursor:   Cursor: pass 2 — 7 frames at 5.0 FPS [97767ms-99100ms]
2026-03-16 21:07:10,626 INFO vex_extract.cursor:   Cursor: 1/7 frames (1 detections)
2026-03-16 21:07:10,629 INFO vex_extract.cursor:   Cursor: 2/7 frames (2 detections)
2026-03-16 21:07:10,633 INFO vex_extract.cursor:   Cursor: 3/7 frames (3 detections)
2026-03-16 21:07:10,636 INFO vex_extract.cursor:   Cursor: 4/7 frames (4 detections)
2026-03-16 21:07:10,640 INFO vex_extract.cursor:   Cursor: 5/7 frames (5 detections)
2026-03-16 21:07:10,643 INFO vex_extract.cursor:   Cursor: 6/7 frames (6 detections)
2026-03-16 21:07:11,195 INFO vex_extract.cursor:   Cursor: pass 2 — 11 frames at 5.0 FPS [101433ms-103767ms]
2026-03-16 21:07:11,215 INFO vex_extract.cursor:   Cursor: 1/11 frames (1 detections)
2026-03-16 21:07:11,218 INFO vex_extract.cursor:   Cursor: 2/11 frames (2 detections)
2026-03-16 21:07:11,222 INFO vex_extract.cursor:   Cursor: 3/11 frames (3 detections)
2026-03-16 21:07:11,225 INFO vex_extract.cursor:   Cursor: 4/11 frames (4 detections)
2026-03-16 21:07:11,229 INFO vex_extract.cursor:   Cursor: 5/11 frames (5 detections)
2026-03-16 21:07:11,232 INFO vex_extract.cursor:   Cursor: 6/11 frames (6 detections)
2026-03-16 21:07:11,235 INFO vex_extract.cursor:   Cursor: 7/11 frames (7 detections)
2026-03-16 21:07:11,239 INFO vex_extract.cursor:   Cursor: 8/11 frames (8 detections)
2026-03-16 21:07:11,242 INFO vex_extract.cursor:   Cursor: 9/11 frames (9 detections)
2026-03-16 21:07:11,246 INFO vex_extract.cursor:   Cursor: 10/11 frames (10 detections)
2026-03-16 21:07:11,796 INFO vex_extract.cursor:   Cursor: pass 2 — 7 frames at 5.0 FPS [108433ms-109767ms]
2026-03-16 21:07:11,816 INFO vex_extract.cursor:   Cursor: 1/7 frames (1 detections)
2026-03-16 21:07:11,820 INFO vex_extract.cursor:   Cursor: 2/7 frames (2 detections)
2026-03-16 21:07:11,823 INFO vex_extract.cursor:   Cursor: 3/7 frames (3 detections)
2026-03-16 21:07:11,827 INFO vex_extract.cursor:   Cursor: 4/7 frames (4 detections)
2026-03-16 21:07:11,830 INFO vex_extract.cursor:   Cursor: 5/7 frames (5 detections)
2026-03-16 21:07:11,833 INFO vex_extract.cursor:   Cursor: 6/7 frames (6 detections)
2026-03-16 21:07:12,569 INFO vex_extract.cursor:   Cursor: pass 2 — 30 frames at 5.0 FPS [113100ms-119433ms]
2026-03-16 21:07:12,596 INFO vex_extract.cursor:   Cursor: 3/30 frames (3 detections)
2026-03-16 21:07:12,606 INFO vex_extract.cursor:   Cursor: 6/30 frames (6 detections)
2026-03-16 21:07:12,616 INFO vex_extract.cursor:   Cursor: 9/30 frames (9 detections)
2026-03-16 21:07:12,627 INFO vex_extract.cursor:   Cursor: 12/30 frames (12 detections)
2026-03-16 21:07:12,637 INFO vex_extract.cursor:   Cursor: 15/30 frames (15 detections)
2026-03-16 21:07:12,647 INFO vex_extract.cursor:   Cursor: 18/30 frames (18 detections)
2026-03-16 21:07:12,657 INFO vex_extract.cursor:   Cursor: 21/30 frames (21 detections)
2026-03-16 21:07:12,667 INFO vex_extract.cursor:   Cursor: 24/30 frames (24 detections)
2026-03-16 21:07:12,677 INFO vex_extract.cursor:   Cursor: 27/30 frames (27 detections)
2026-03-16 21:07:13,503 INFO vex_extract.cursor:   Cursor: pass 2 — 37 frames at 5.0 FPS [122433ms-130200ms]
2026-03-16 21:07:13,529 INFO vex_extract.cursor:   Cursor: 3/37 frames (3 detections)
2026-03-16 21:07:13,539 INFO vex_extract.cursor:   Cursor: 6/37 frames (6 detections)
2026-03-16 21:07:13,548 INFO vex_extract.cursor:   Cursor: 9/37 frames (9 detections)
2026-03-16 21:07:13,558 INFO vex_extract.cursor:   Cursor: 12/37 frames (12 detections)
2026-03-16 21:07:13,568 INFO vex_extract.cursor:   Cursor: 15/37 frames (15 detections)
2026-03-16 21:07:13,578 INFO vex_extract.cursor:   Cursor: 18/37 frames (18 detections)
2026-03-16 21:07:13,589 INFO vex_extract.cursor:   Cursor: 21/37 frames (21 detections)
2026-03-16 21:07:13,598 INFO vex_extract.cursor:   Cursor: 24/37 frames (24 detections)
2026-03-16 21:07:13,608 INFO vex_extract.cursor:   Cursor: 27/37 frames (27 detections)
2026-03-16 21:07:13,618 INFO vex_extract.cursor:   Cursor: 30/37 frames (30 detections)
2026-03-16 21:07:13,629 INFO vex_extract.cursor:   Cursor: 33/37 frames (33 detections)
2026-03-16 21:07:13,639 INFO vex_extract.cursor:   Cursor: 36/37 frames (36 detections)
2026-03-16 21:07:14,305 INFO vex_extract.cursor:   Cursor: pass 2 — 9 frames at 5.0 FPS [131600ms-133300ms]
2026-03-16 21:07:14,325 INFO vex_extract.cursor:   Cursor: 1/9 frames (1 detections)
2026-03-16 21:07:14,329 INFO vex_extract.cursor:   Cursor: 2/9 frames (2 detections)
2026-03-16 21:07:14,332 INFO vex_extract.cursor:   Cursor: 3/9 frames (3 detections)
2026-03-16 21:07:14,335 INFO vex_extract.cursor:   Cursor: 4/9 frames (4 detections)
2026-03-16 21:07:14,339 INFO vex_extract.cursor:   Cursor: 5/9 frames (5 detections)
2026-03-16 21:07:14,342 INFO vex_extract.cursor:   Cursor: 6/9 frames (6 detections)
2026-03-16 21:07:14,345 INFO vex_extract.cursor:   Cursor: 7/9 frames (7 detections)
2026-03-16 21:07:14,349 INFO vex_extract.cursor:   Cursor: 8/9 frames (8 detections)
2026-03-16 21:07:15,047 INFO vex_extract.cursor:   Cursor: pass 2 — 12 frames at 5.0 FPS [133333ms-135733ms]
2026-03-16 21:07:15,067 INFO vex_extract.cursor:   Cursor: 1/12 frames (1 detections)
2026-03-16 21:07:15,071 INFO vex_extract.cursor:   Cursor: 2/12 frames (2 detections)
2026-03-16 21:07:15,074 INFO vex_extract.cursor:   Cursor: 3/12 frames (3 detections)
2026-03-16 21:07:15,078 INFO vex_extract.cursor:   Cursor: 4/12 frames (4 detections)
2026-03-16 21:07:15,081 INFO vex_extract.cursor:   Cursor: 5/12 frames (5 detections)
2026-03-16 21:07:15,084 INFO vex_extract.cursor:   Cursor: 6/12 frames (6 detections)
2026-03-16 21:07:15,088 INFO vex_extract.cursor:   Cursor: 7/12 frames (7 detections)
2026-03-16 21:07:15,091 INFO vex_extract.cursor:   Cursor: 8/12 frames (8 detections)
2026-03-16 21:07:15,095 INFO vex_extract.cursor:   Cursor: 9/12 frames (9 detections)
2026-03-16 21:07:15,098 INFO vex_extract.cursor:   Cursor: 10/12 frames (10 detections)
2026-03-16 21:07:15,101 INFO vex_extract.cursor:   Cursor: 11/12 frames (11 detections)
2026-03-16 21:07:15,833 INFO vex_extract.cursor:   Cursor: pass 2 — 14 frames at 5.0 FPS [136433ms-139200ms]
2026-03-16 21:07:15,853 INFO vex_extract.cursor:   Cursor: 1/14 frames (1 detections)
2026-03-16 21:07:15,856 INFO vex_extract.cursor:   Cursor: 2/14 frames (2 detections)
2026-03-16 21:07:15,860 INFO vex_extract.cursor:   Cursor: 3/14 frames (3 detections)
2026-03-16 21:07:15,863 INFO vex_extract.cursor:   Cursor: 4/14 frames (4 detections)
2026-03-16 21:07:15,866 INFO vex_extract.cursor:   Cursor: 5/14 frames (5 detections)
2026-03-16 21:07:15,870 INFO vex_extract.cursor:   Cursor: 6/14 frames (6 detections)
2026-03-16 21:07:15,873 INFO vex_extract.cursor:   Cursor: 7/14 frames (7 detections)
2026-03-16 21:07:15,876 INFO vex_extract.cursor:   Cursor: 8/14 frames (8 detections)
2026-03-16 21:07:15,880 INFO vex_extract.cursor:   Cursor: 9/14 frames (9 detections)
2026-03-16 21:07:15,883 INFO vex_extract.cursor:   Cursor: 10/14 frames (10 detections)
2026-03-16 21:07:15,886 INFO vex_extract.cursor:   Cursor: 11/14 frames (11 detections)
2026-03-16 21:07:15,890 INFO vex_extract.cursor:   Cursor: 12/14 frames (12 detections)
2026-03-16 21:07:15,893 INFO vex_extract.cursor:   Cursor: 13/14 frames (13 detections)
2026-03-16 21:07:16,890 INFO vex_extract.cursor:   Cursor: pass 2 — 47 frames at 5.0 FPS [140933ms-150267ms]
2026-03-16 21:07:16,920 INFO vex_extract.cursor:   Cursor: 4/47 frames (4 detections)
2026-03-16 21:07:16,934 INFO vex_extract.cursor:   Cursor: 8/47 frames (8 detections)
2026-03-16 21:07:16,947 INFO vex_extract.cursor:   Cursor: 12/47 frames (12 detections)
2026-03-16 21:07:16,961 INFO vex_extract.cursor:   Cursor: 16/47 frames (16 detections)
2026-03-16 21:07:16,974 INFO vex_extract.cursor:   Cursor: 20/47 frames (20 detections)
2026-03-16 21:07:16,988 INFO vex_extract.cursor:   Cursor: 24/47 frames (24 detections)
2026-03-16 21:07:17,001 INFO vex_extract.cursor:   Cursor: 28/47 frames (28 detections)
2026-03-16 21:07:17,015 INFO vex_extract.cursor:   Cursor: 32/47 frames (32 detections)
2026-03-16 21:07:17,028 INFO vex_extract.cursor:   Cursor: 36/47 frames (36 detections)
2026-03-16 21:07:17,042 INFO vex_extract.cursor:   Cursor: 40/47 frames (40 detections)
2026-03-16 21:07:17,055 INFO vex_extract.cursor:   Cursor: 44/47 frames (44 detections)
2026-03-16 21:07:17,828 INFO vex_extract.cursor:   Cursor: pass 2 — 7 frames at 5.0 FPS [150300ms-151667ms]
2026-03-16 21:07:17,848 INFO vex_extract.cursor:   Cursor: 1/7 frames (1 detections)
2026-03-16 21:07:17,852 INFO vex_extract.cursor:   Cursor: 2/7 frames (2 detections)
2026-03-16 21:07:17,855 INFO vex_extract.cursor:   Cursor: 3/7 frames (3 detections)
2026-03-16 21:07:17,859 INFO vex_extract.cursor:   Cursor: 4/7 frames (4 detections)
2026-03-16 21:07:17,862 INFO vex_extract.cursor:   Cursor: 5/7 frames (5 detections)
2026-03-16 21:07:17,866 INFO vex_extract.cursor:   Cursor: 6/7 frames (6 detections)
2026-03-16 21:07:18,752 INFO vex_extract.cursor:   Cursor: pass 2 — 23 frames at 5.0 FPS [151700ms-156167ms]
2026-03-16 21:07:18,776 INFO vex_extract.cursor:   Cursor: 2/23 frames (2 detections)
2026-03-16 21:07:18,783 INFO vex_extract.cursor:   Cursor: 4/23 frames (4 detections)
2026-03-16 21:07:18,790 INFO vex_extract.cursor:   Cursor: 6/23 frames (6 detections)
2026-03-16 21:07:18,797 INFO vex_extract.cursor:   Cursor: 8/23 frames (8 detections)
2026-03-16 21:07:18,804 INFO vex_extract.cursor:   Cursor: 10/23 frames (10 detections)
2026-03-16 21:07:18,811 INFO vex_extract.cursor:   Cursor: 12/23 frames (12 detections)
2026-03-16 21:07:18,818 INFO vex_extract.cursor:   Cursor: 14/23 frames (14 detections)
2026-03-16 21:07:18,825 INFO vex_extract.cursor:   Cursor: 16/23 frames (16 detections)
2026-03-16 21:07:18,831 INFO vex_extract.cursor:   Cursor: 18/23 frames (18 detections)
2026-03-16 21:07:18,838 INFO vex_extract.cursor:   Cursor: 20/23 frames (20 detections)
2026-03-16 21:07:18,845 INFO vex_extract.cursor:   Cursor: 22/23 frames (22 detections)
2026-03-16 21:07:19,756 INFO vex_extract.cursor:   Cursor: pass 2 — 21 frames at 5.0 FPS [156867ms-161000ms]
2026-03-16 21:07:19,779 INFO vex_extract.cursor:   Cursor: 2/21 frames (2 detections)
2026-03-16 21:07:19,786 INFO vex_extract.cursor:   Cursor: 4/21 frames (4 detections)
2026-03-16 21:07:19,793 INFO vex_extract.cursor:   Cursor: 6/21 frames (6 detections)
2026-03-16 21:07:19,800 INFO vex_extract.cursor:   Cursor: 8/21 frames (8 detections)
2026-03-16 21:07:19,807 INFO vex_extract.cursor:   Cursor: 10/21 frames (10 detections)
2026-03-16 21:07:19,814 INFO vex_extract.cursor:   Cursor: 12/21 frames (12 detections)
2026-03-16 21:07:19,820 INFO vex_extract.cursor:   Cursor: 14/21 frames (14 detections)
2026-03-16 21:07:19,827 INFO vex_extract.cursor:   Cursor: 16/21 frames (16 detections)
2026-03-16 21:07:19,834 INFO vex_extract.cursor:   Cursor: 18/21 frames (18 detections)
2026-03-16 21:07:19,841 INFO vex_extract.cursor:   Cursor: 20/21 frames (20 detections)
2026-03-16 21:07:20,698 INFO vex_extract.cursor:   Cursor: pass 2 — 7 frames at 5.0 FPS [162400ms-163767ms]
2026-03-16 21:07:20,718 INFO vex_extract.cursor:   Cursor: 1/7 frames (1 detections)
2026-03-16 21:07:20,722 INFO vex_extract.cursor:   Cursor: 2/7 frames (2 detections)
2026-03-16 21:07:20,725 INFO vex_extract.cursor:   Cursor: 3/7 frames (3 detections)
2026-03-16 21:07:20,728 INFO vex_extract.cursor:   Cursor: 4/7 frames (4 detections)
2026-03-16 21:07:20,732 INFO vex_extract.cursor:   Cursor: 5/7 frames (5 detections)
2026-03-16 21:07:20,735 INFO vex_extract.cursor:   Cursor: 6/7 frames (6 detections)
2026-03-16 21:07:21,602 INFO vex_extract.cursor:   Cursor: pass 2 — 7 frames at 5.0 FPS [164500ms-165833ms]
2026-03-16 21:07:21,623 INFO vex_extract.cursor:   Cursor: 1/7 frames (1 detections)
2026-03-16 21:07:21,626 INFO vex_extract.cursor:   Cursor: 2/7 frames (2 detections)
2026-03-16 21:07:21,630 INFO vex_extract.cursor:   Cursor: 3/7 frames (3 detections)
2026-03-16 21:07:21,633 INFO vex_extract.cursor:   Cursor: 4/7 frames (4 detections)
2026-03-16 21:07:21,636 INFO vex_extract.cursor:   Cursor: 5/7 frames (5 detections)
2026-03-16 21:07:21,640 INFO vex_extract.cursor:   Cursor: 6/7 frames (6 detections)
2026-03-16 21:07:22,520 INFO vex_extract.cursor:   Cursor: pass 2 — 7 frames at 5.0 FPS [166900ms-168267ms]
2026-03-16 21:07:22,540 INFO vex_extract.cursor:   Cursor: 1/7 frames (1 detections)
2026-03-16 21:07:22,544 INFO vex_extract.cursor:   Cursor: 2/7 frames (2 detections)
2026-03-16 21:07:22,547 INFO vex_extract.cursor:   Cursor: 3/7 frames (3 detections)
2026-03-16 21:07:22,551 INFO vex_extract.cursor:   Cursor: 4/7 frames (4 detections)
2026-03-16 21:07:22,554 INFO vex_extract.cursor:   Cursor: 5/7 frames (5 detections)
2026-03-16 21:07:22,557 INFO vex_extract.cursor:   Cursor: 6/7 frames (6 detections)
2026-03-16 21:07:23,447 INFO vex_extract.cursor:   Cursor: pass 2 — 7 frames at 5.0 FPS [169000ms-170333ms]
2026-03-16 21:07:23,468 INFO vex_extract.cursor:   Cursor: 1/7 frames (1 detections)
2026-03-16 21:07:23,471 INFO vex_extract.cursor:   Cursor: 2/7 frames (2 detections)
2026-03-16 21:07:23,475 INFO vex_extract.cursor:   Cursor: 3/7 frames (3 detections)
2026-03-16 21:07:23,478 INFO vex_extract.cursor:   Cursor: 4/7 frames (4 detections)
2026-03-16 21:07:23,481 INFO vex_extract.cursor:   Cursor: 5/7 frames (5 detections)
2026-03-16 21:07:23,485 INFO vex_extract.cursor:   Cursor: 6/7 frames (6 detections)
2026-03-16 21:07:24,458 INFO vex_extract.cursor:   Cursor: pass 2 — 16 frames at 5.0 FPS [172433ms-175533ms]
2026-03-16 21:07:24,479 INFO vex_extract.cursor:   Cursor: 1/16 frames (1 detections)
2026-03-16 21:07:24,482 INFO vex_extract.cursor:   Cursor: 2/16 frames (2 detections)
2026-03-16 21:07:24,486 INFO vex_extract.cursor:   Cursor: 3/16 frames (3 detections)
2026-03-16 21:07:24,489 INFO vex_extract.cursor:   Cursor: 4/16 frames (4 detections)
2026-03-16 21:07:24,492 INFO vex_extract.cursor:   Cursor: 5/16 frames (5 detections)
2026-03-16 21:07:24,496 INFO vex_extract.cursor:   Cursor: 6/16 frames (6 detections)
2026-03-16 21:07:24,499 INFO vex_extract.cursor:   Cursor: 7/16 frames (7 detections)
2026-03-16 21:07:24,503 INFO vex_extract.cursor:   Cursor: 8/16 frames (8 detections)
2026-03-16 21:07:24,506 INFO vex_extract.cursor:   Cursor: 9/16 frames (9 detections)
2026-03-16 21:07:24,509 INFO vex_extract.cursor:   Cursor: 10/16 frames (10 detections)
2026-03-16 21:07:24,513 INFO vex_extract.cursor:   Cursor: 11/16 frames (11 detections)
2026-03-16 21:07:24,516 INFO vex_extract.cursor:   Cursor: 12/16 frames (12 detections)
2026-03-16 21:07:24,520 INFO vex_extract.cursor:   Cursor: 13/16 frames (13 detections)
2026-03-16 21:07:24,523 INFO vex_extract.cursor:   Cursor: 14/16 frames (14 detections)
2026-03-16 21:07:24,526 INFO vex_extract.cursor:   Cursor: 15/16 frames (15 detections)
2026-03-16 21:07:25,563 INFO vex_extract.cursor:   Cursor: pass 2 — 21 frames at 5.0 FPS [177300ms-181400ms]
2026-03-16 21:07:25,587 INFO vex_extract.cursor:   Cursor: 2/21 frames (2 detections)
2026-03-16 21:07:25,594 INFO vex_extract.cursor:   Cursor: 4/21 frames (4 detections)
2026-03-16 21:07:25,601 INFO vex_extract.cursor:   Cursor: 6/21 frames (6 detections)
2026-03-16 21:07:25,607 INFO vex_extract.cursor:   Cursor: 8/21 frames (8 detections)
2026-03-16 21:07:25,614 INFO vex_extract.cursor:   Cursor: 10/21 frames (10 detections)
2026-03-16 21:07:25,621 INFO vex_extract.cursor:   Cursor: 12/21 frames (12 detections)
2026-03-16 21:07:25,628 INFO vex_extract.cursor:   Cursor: 14/21 frames (14 detections)
2026-03-16 21:07:25,634 INFO vex_extract.cursor:   Cursor: 16/21 frames (16 detections)
2026-03-16 21:07:25,641 INFO vex_extract.cursor:   Cursor: 18/21 frames (18 detections)
2026-03-16 21:07:25,648 INFO vex_extract.cursor:   Cursor: 20/21 frames (20 detections)
2026-03-16 21:07:26,681 INFO vex_extract.cursor:   Cursor: pass 2 — 16 frames at 5.0 FPS [185267ms-188333ms]
2026-03-16 21:07:26,701 INFO vex_extract.cursor:   Cursor: 1/16 frames (1 detections)
2026-03-16 21:07:26,705 INFO vex_extract.cursor:   Cursor: 2/16 frames (2 detections)
2026-03-16 21:07:26,708 INFO vex_extract.cursor:   Cursor: 3/16 frames (3 detections)
2026-03-16 21:07:26,711 INFO vex_extract.cursor:   Cursor: 4/16 frames (4 detections)
2026-03-16 21:07:26,715 INFO vex_extract.cursor:   Cursor: 5/16 frames (5 detections)
2026-03-16 21:07:26,718 INFO vex_extract.cursor:   Cursor: 6/16 frames (6 detections)
2026-03-16 21:07:26,722 INFO vex_extract.cursor:   Cursor: 7/16 frames (7 detections)
2026-03-16 21:07:26,725 INFO vex_extract.cursor:   Cursor: 8/16 frames (8 detections)
2026-03-16 21:07:26,728 INFO vex_extract.cursor:   Cursor: 9/16 frames (9 detections)
2026-03-16 21:07:26,732 INFO vex_extract.cursor:   Cursor: 10/16 frames (10 detections)
2026-03-16 21:07:26,735 INFO vex_extract.cursor:   Cursor: 11/16 frames (11 detections)
2026-03-16 21:07:26,738 INFO vex_extract.cursor:   Cursor: 12/16 frames (12 detections)
2026-03-16 21:07:26,742 INFO vex_extract.cursor:   Cursor: 13/16 frames (13 detections)
2026-03-16 21:07:26,745 INFO vex_extract.cursor:   Cursor: 14/16 frames (14 detections)
2026-03-16 21:07:26,748 INFO vex_extract.cursor:   Cursor: 15/16 frames (15 detections)
2026-03-16 21:07:27,732 INFO vex_extract.cursor:   Cursor: pass 2 — 7 frames at 5.0 FPS [189067ms-190400ms]
2026-03-16 21:07:27,752 INFO vex_extract.cursor:   Cursor: 1/7 frames (1 detections)
2026-03-16 21:07:27,756 INFO vex_extract.cursor:   Cursor: 2/7 frames (2 detections)
2026-03-16 21:07:27,759 INFO vex_extract.cursor:   Cursor: 3/7 frames (3 detections)
2026-03-16 21:07:27,763 INFO vex_extract.cursor:   Cursor: 4/7 frames (4 detections)
2026-03-16 21:07:27,766 INFO vex_extract.cursor:   Cursor: 5/7 frames (5 detections)
2026-03-16 21:07:27,769 INFO vex_extract.cursor:   Cursor: 6/7 frames (6 detections)
2026-03-16 21:07:28,760 INFO vex_extract.cursor:   Cursor: pass 2 — 7 frames at 5.0 FPS [190433ms-191800ms]
2026-03-16 21:07:28,780 INFO vex_extract.cursor:   Cursor: 1/7 frames (1 detections)
2026-03-16 21:07:28,783 INFO vex_extract.cursor:   Cursor: 2/7 frames (2 detections)
2026-03-16 21:07:28,787 INFO vex_extract.cursor:   Cursor: 3/7 frames (3 detections)
2026-03-16 21:07:28,790 INFO vex_extract.cursor:   Cursor: 4/7 frames (4 detections)
2026-03-16 21:07:28,794 INFO vex_extract.cursor:   Cursor: 5/7 frames (5 detections)
2026-03-16 21:07:28,797 INFO vex_extract.cursor:   Cursor: 6/7 frames (6 detections)
2026-03-16 21:07:29,900 INFO vex_extract.cursor:   Cursor: pass 2 — 21 frames at 5.0 FPS [192200ms-196300ms]
2026-03-16 21:07:29,923 INFO vex_extract.cursor:   Cursor: 2/21 frames (2 detections)
2026-03-16 21:07:29,930 INFO vex_extract.cursor:   Cursor: 4/21 frames (4 detections)
2026-03-16 21:07:29,937 INFO vex_extract.cursor:   Cursor: 6/21 frames (6 detections)
2026-03-16 21:07:29,943 INFO vex_extract.cursor:   Cursor: 8/21 frames (8 detections)
2026-03-16 21:07:29,950 INFO vex_extract.cursor:   Cursor: 10/21 frames (10 detections)
2026-03-16 21:07:29,957 INFO vex_extract.cursor:   Cursor: 12/21 frames (12 detections)
2026-03-16 21:07:29,963 INFO vex_extract.cursor:   Cursor: 14/21 frames (14 detections)
2026-03-16 21:07:29,970 INFO vex_extract.cursor:   Cursor: 16/21 frames (16 detections)
2026-03-16 21:07:29,976 INFO vex_extract.cursor:   Cursor: 18/21 frames (18 detections)
2026-03-16 21:07:29,983 INFO vex_extract.cursor:   Cursor: 20/21 frames (20 detections)
2026-03-16 21:07:31,087 INFO vex_extract.cursor:   Cursor: pass 2 — 18 frames at 5.0 FPS [198067ms-201500ms]
2026-03-16 21:07:31,107 INFO vex_extract.cursor:   Cursor: 1/18 frames (1 detections)
2026-03-16 21:07:31,111 INFO vex_extract.cursor:   Cursor: 2/18 frames (2 detections)
2026-03-16 21:07:31,114 INFO vex_extract.cursor:   Cursor: 3/18 frames (3 detections)
2026-03-16 21:07:31,117 INFO vex_extract.cursor:   Cursor: 4/18 frames (4 detections)
2026-03-16 21:07:31,121 INFO vex_extract.cursor:   Cursor: 5/18 frames (5 detections)
2026-03-16 21:07:31,124 INFO vex_extract.cursor:   Cursor: 6/18 frames (6 detections)
2026-03-16 21:07:31,128 INFO vex_extract.cursor:   Cursor: 7/18 frames (7 detections)
2026-03-16 21:07:31,131 INFO vex_extract.cursor:   Cursor: 8/18 frames (8 detections)
2026-03-16 21:07:31,135 INFO vex_extract.cursor:   Cursor: 9/18 frames (9 detections)
2026-03-16 21:07:31,138 INFO vex_extract.cursor:   Cursor: 10/18 frames (10 detections)
2026-03-16 21:07:31,141 INFO vex_extract.cursor:   Cursor: 11/18 frames (11 detections)
2026-03-16 21:07:31,145 INFO vex_extract.cursor:   Cursor: 12/18 frames (12 detections)
2026-03-16 21:07:31,148 INFO vex_extract.cursor:   Cursor: 13/18 frames (13 detections)
2026-03-16 21:07:31,151 INFO vex_extract.cursor:   Cursor: 14/18 frames (14 detections)
2026-03-16 21:07:31,155 INFO vex_extract.cursor:   Cursor: 15/18 frames (15 detections)
2026-03-16 21:07:31,158 INFO vex_extract.cursor:   Cursor: 16/18 frames (16 detections)
2026-03-16 21:07:31,162 INFO vex_extract.cursor:   Cursor: 17/18 frames (17 detections)
2026-03-16 21:07:32,230 INFO vex_extract.cursor:   Cursor: pass 2 — 10 frames at 5.0 FPS [203933ms-206000ms]
2026-03-16 21:07:32,250 INFO vex_extract.cursor:   Cursor: 1/10 frames (1 detections)
2026-03-16 21:07:32,254 INFO vex_extract.cursor:   Cursor: 2/10 frames (2 detections)
2026-03-16 21:07:32,257 INFO vex_extract.cursor:   Cursor: 3/10 frames (3 detections)
2026-03-16 21:07:32,260 INFO vex_extract.cursor:   Cursor: 4/10 frames (4 detections)
2026-03-16 21:07:32,264 INFO vex_extract.cursor:   Cursor: 5/10 frames (5 detections)
2026-03-16 21:07:32,267 INFO vex_extract.cursor:   Cursor: 6/10 frames (6 detections)
2026-03-16 21:07:32,271 INFO vex_extract.cursor:   Cursor: 7/10 frames (7 detections)
2026-03-16 21:07:32,274 INFO vex_extract.cursor:   Cursor: 8/10 frames (8 detections)
2026-03-16 21:07:32,277 INFO vex_extract.cursor:   Cursor: 9/10 frames (9 detections)
2026-03-16 21:07:33,581 INFO vex_extract.cursor:   Cursor: pass 2 — 41 frames at 5.0 FPS [206733ms-215333ms]
2026-03-16 21:07:33,611 INFO vex_extract.cursor:   Cursor: 4/41 frames (4 detections)
2026-03-16 21:07:33,625 INFO vex_extract.cursor:   Cursor: 8/41 frames (8 detections)
2026-03-16 21:07:33,638 INFO vex_extract.cursor:   Cursor: 12/41 frames (12 detections)
2026-03-16 21:07:33,652 INFO vex_extract.cursor:   Cursor: 16/41 frames (16 detections)
2026-03-16 21:07:33,665 INFO vex_extract.cursor:   Cursor: 20/41 frames (20 detections)
2026-03-16 21:07:33,678 INFO vex_extract.cursor:   Cursor: 24/41 frames (24 detections)
2026-03-16 21:07:33,692 INFO vex_extract.cursor:   Cursor: 28/41 frames (28 detections)
2026-03-16 21:07:33,705 INFO vex_extract.cursor:   Cursor: 32/41 frames (32 detections)
2026-03-16 21:07:33,718 INFO vex_extract.cursor:   Cursor: 36/41 frames (36 detections)
2026-03-16 21:07:33,732 INFO vex_extract.cursor:   Cursor: 40/41 frames (40 detections)
2026-03-16 21:07:34,955 INFO vex_extract.cursor:   Cursor: pass 2 — 20 frames at 5.0 FPS [216767ms-220867ms]
2026-03-16 21:07:34,978 INFO vex_extract.cursor:   Cursor: 2/20 frames (2 detections)
2026-03-16 21:07:34,985 INFO vex_extract.cursor:   Cursor: 4/20 frames (4 detections)
2026-03-16 21:07:34,992 INFO vex_extract.cursor:   Cursor: 6/20 frames (6 detections)
2026-03-16 21:07:34,999 INFO vex_extract.cursor:   Cursor: 8/20 frames (8 detections)
2026-03-16 21:07:35,006 INFO vex_extract.cursor:   Cursor: 10/20 frames (10 detections)
2026-03-16 21:07:35,013 INFO vex_extract.cursor:   Cursor: 12/20 frames (12 detections)
2026-03-16 21:07:35,019 INFO vex_extract.cursor:   Cursor: 14/20 frames (14 detections)
2026-03-16 21:07:35,026 INFO vex_extract.cursor:   Cursor: 16/20 frames (16 detections)
2026-03-16 21:07:35,033 INFO vex_extract.cursor:   Cursor: 18/20 frames (18 detections)
2026-03-16 21:07:36,223 INFO vex_extract.cursor:   Cursor: pass 2 — 9 frames at 5.0 FPS [222300ms-223967ms]
2026-03-16 21:07:36,243 INFO vex_extract.cursor:   Cursor: 1/9 frames (1 detections)
2026-03-16 21:07:36,247 INFO vex_extract.cursor:   Cursor: 2/9 frames (2 detections)
2026-03-16 21:07:36,250 INFO vex_extract.cursor:   Cursor: 3/9 frames (3 detections)
2026-03-16 21:07:36,254 INFO vex_extract.cursor:   Cursor: 4/9 frames (4 detections)
2026-03-16 21:07:36,257 INFO vex_extract.cursor:   Cursor: 5/9 frames (5 detections)
2026-03-16 21:07:36,261 INFO vex_extract.cursor:   Cursor: 6/9 frames (6 detections)
2026-03-16 21:07:36,264 INFO vex_extract.cursor:   Cursor: 7/9 frames (7 detections)
2026-03-16 21:07:36,267 INFO vex_extract.cursor:   Cursor: 8/9 frames (8 detections)
2026-03-16 21:07:37,490 INFO vex_extract.cursor:   Cursor: pass 2 — 12 frames at 5.0 FPS [224733ms-227100ms]
2026-03-16 21:07:37,509 INFO vex_extract.cursor:   Cursor: 1/12 frames (1 detections)
2026-03-16 21:07:37,513 INFO vex_extract.cursor:   Cursor: 2/12 frames (2 detections)
2026-03-16 21:07:37,516 INFO vex_extract.cursor:   Cursor: 3/12 frames (3 detections)
2026-03-16 21:07:37,520 INFO vex_extract.cursor:   Cursor: 4/12 frames (4 detections)
2026-03-16 21:07:37,523 INFO vex_extract.cursor:   Cursor: 5/12 frames (5 detections)
2026-03-16 21:07:37,526 INFO vex_extract.cursor:   Cursor: 6/12 frames (6 detections)
2026-03-16 21:07:37,530 INFO vex_extract.cursor:   Cursor: 7/12 frames (7 detections)
2026-03-16 21:07:37,533 INFO vex_extract.cursor:   Cursor: 8/12 frames (8 detections)
2026-03-16 21:07:37,537 INFO vex_extract.cursor:   Cursor: 9/12 frames (9 detections)
2026-03-16 21:07:37,540 INFO vex_extract.cursor:   Cursor: 10/12 frames (10 detections)
2026-03-16 21:07:37,544 INFO vex_extract.cursor:   Cursor: 11/12 frames (11 detections)
2026-03-16 21:07:38,898 INFO vex_extract.cursor:   Cursor: pass 2 — 28 frames at 5.0 FPS [229233ms-235067ms]
2026-03-16 21:07:38,921 INFO vex_extract.cursor:   Cursor: 2/28 frames (2 detections)
2026-03-16 21:07:38,928 INFO vex_extract.cursor:   Cursor: 4/28 frames (4 detections)
2026-03-16 21:07:38,935 INFO vex_extract.cursor:   Cursor: 6/28 frames (6 detections)
2026-03-16 21:07:38,941 INFO vex_extract.cursor:   Cursor: 8/28 frames (8 detections)
2026-03-16 21:07:38,948 INFO vex_extract.cursor:   Cursor: 10/28 frames (10 detections)
2026-03-16 21:07:38,955 INFO vex_extract.cursor:   Cursor: 12/28 frames (12 detections)
2026-03-16 21:07:38,962 INFO vex_extract.cursor:   Cursor: 14/28 frames (14 detections)
2026-03-16 21:07:38,968 INFO vex_extract.cursor:   Cursor: 16/28 frames (16 detections)
2026-03-16 21:07:38,975 INFO vex_extract.cursor:   Cursor: 18/28 frames (18 detections)
2026-03-16 21:07:38,982 INFO vex_extract.cursor:   Cursor: 20/28 frames (20 detections)
2026-03-16 21:07:38,989 INFO vex_extract.cursor:   Cursor: 22/28 frames (22 detections)
2026-03-16 21:07:38,995 INFO vex_extract.cursor:   Cursor: 24/28 frames (24 detections)
2026-03-16 21:07:39,002 INFO vex_extract.cursor:   Cursor: 26/28 frames (26 detections)
2026-03-16 21:07:40,266 INFO vex_extract.cursor:   Cursor: pass 2 — 8 frames at 5.0 FPS [237867ms-239567ms]
2026-03-16 21:07:40,286 INFO vex_extract.cursor:   Cursor: 1/8 frames (1 detections)
2026-03-16 21:07:40,289 INFO vex_extract.cursor:   Cursor: 2/8 frames (2 detections)
2026-03-16 21:07:40,292 INFO vex_extract.cursor:   Cursor: 3/8 frames (3 detections)
2026-03-16 21:07:40,296 INFO vex_extract.cursor:   Cursor: 4/8 frames (4 detections)
2026-03-16 21:07:40,299 INFO vex_extract.cursor:   Cursor: 5/8 frames (5 detections)
2026-03-16 21:07:40,303 INFO vex_extract.cursor:   Cursor: 6/8 frames (6 detections)
2026-03-16 21:07:40,306 INFO vex_extract.cursor:   Cursor: 7/8 frames (7 detections)
2026-03-16 21:07:40,310 INFO vex_extract.cursor:   Cursor: merged 1036 detections (1034 detected)
2026-03-16 21:07:40,310 INFO vex_extract.cursor:   Cursor: filtering 14 static detections at (894.0, 1397.0) spanning 3400ms
2026-03-16 21:07:40,310 INFO vex_extract.cursor:   Cursor: filtering 13 static detections at (883.0, 1609.0) spanning 3867ms
2026-03-16 21:07:40,310 INFO vex_extract.cursor:   Cursor: filtering 16 static detections at (725.0, 718.0) spanning 3233ms
2026-03-16 21:07:40,310 INFO vex_extract.cursor:   Cursor: filtering 24 static detections at (733.0, 1507.0) spanning 6600ms
2026-03-16 21:07:40,310 INFO vex_extract.cursor:   Cursor: filtering 14 static detections at (733.0, 1507.0) spanning 3267ms
2026-03-16 21:07:40,310 INFO vex_extract.cursor:   Cursor: filtering 26 static detections at (620.0, 1754.0) spanning 6600ms
2026-03-16 21:07:40,310 INFO vex_extract.cursor:   Cursor: filtering 18 static detections at (957.0, 1287.0) spanning 4700ms
2026-03-16 21:07:40,311 INFO vex_extract.cursor:   Cursor: filtering 15 static detections at (875.0, 1628.0) spanning 3700ms
2026-03-16 21:07:40,311 INFO vex_extract.cursor:   Cursor: filtering 16 static detections at (404.0, 486.0) spanning 4867ms
2026-03-16 21:07:40,311 INFO vex_extract.cursor:   Cursor: filtering 10 static detections at (652.0, 1390.0) spanning 3000ms
2026-03-16 21:07:40,311 INFO vex_extract.cursor:   Cursor: filtering 11 static detections at (402.0, 492.0) spanning 3167ms
2026-03-16 21:07:40,311 INFO vex_extract.cursor:   Cursor: filtering 21 static detections at (319.0, 53.0) spanning 4000ms
2026-03-16 21:07:40,311 INFO vex_extract.cursor:   Cursor: filtering 21 static detections at (319.0, 53.0) spanning 4000ms
2026-03-16 21:07:40,311 INFO vex_extract.cursor:   Cursor: filtering 11 static detections at (765.0, 196.0) spanning 3467ms
2026-03-16 21:07:40,311 INFO vex_extract.cursor:   Cursor: filtering 17 static detections at (890.0, 1884.0) spanning 3900ms
2026-03-16 21:07:40,311 INFO vex_extract.cursor:   Cursor: filtering 21 static detections at (498.0, 588.0) spanning 5400ms
2026-03-16 21:07:40,315 INFO vex_extract.pipeline:   Cached cursor trajectory: /Users/nic/Developer/spike-air-315-vision-processing/candidates/2026-03-14/tmp/cv/cfs_home_loan_serene_4c5714dc_cursor/cursor_trajectory.json
2026-03-16 21:07:40,315 INFO vex_extract.pipeline:   1036 cursor detections (766 detected) in 46.7s
2026-03-16 21:07:40,316 INFO vex_extract.pipeline: Step 3: Computing optical flow...
2026-03-16 21:07:41,686 INFO vex_extract.flow:   Flow: computing across 479 frame pairs...
2026-03-16 21:07:42,414 INFO vex_extract.pipeline:   Cached flow windows: /Users/nic/Developer/spike-air-315-vision-processing/candidates/2026-03-14/tmp/cv/cfs_home_loan_serene_bb5a87ef_4c5714dc_flow/flow_windows.json
2026-03-16 21:07:42,414 INFO vex_extract.pipeline:   478 flow windows in 2.1s
2026-03-16 21:07:42,414 INFO vex_extract.pipeline: Step 4: Creating video segments...
2026-03-16 21:07:42,414 INFO vex_extract.pipeline:   4 segments
2026-03-16 21:07:42,414 INFO vex_extract.pipeline:   Segment 0: cached
2026-03-16 21:07:42,414 INFO vex_extract.pipeline:   Segment 1: cached
2026-03-16 21:07:42,414 INFO vex_extract.pipeline:   Segment 2: cached
2026-03-16 21:07:42,414 INFO vex_extract.pipeline:   Segment 3: cached
2026-03-16 21:07:42,414 INFO vex_extract.pipeline: Step 5: Preparing prompts...
2026-03-16 21:07:42,415 INFO vex_extract.analysis: Segment 0: prompt prepared (12138 chars)
2026-03-16 21:07:42,416 INFO vex_extract.analysis: Segment 1: prompt prepared (11747 chars)
2026-03-16 21:07:42,416 INFO vex_extract.analysis: Segment 2: prompt prepared (12092 chars)
2026-03-16 21:07:42,417 INFO vex_extract.analysis: Segment 3: prompt prepared (11586 chars)
2026-03-16 21:07:42,417 INFO vex_extract.pipeline:   4 prompts prepared
2026-03-16 21:07:42,417 INFO vex_extract.pipeline: Stopped after: prompt
