2026-03-16 20:42:50,414 INFO vex_extract.pipeline: === Video Event Extractor ===
2026-03-16 20:42:50,414 INFO vex_extract.pipeline: Video: /Users/nic/Developer/spike-air-315-vision-processing/input_data/screen_tracks/flight_centre_booking_kay.mp4
2026-03-16 20:42:50,414 INFO vex_extract.pipeline: Offset: 349348 ms
2026-03-16 20:42:50,414 INFO vex_extract.pipeline: Run ID: 2026-03-16_104250
2026-03-16 20:42:50,414 INFO vex_extract.pipeline: Stop after: prompt
2026-03-16 20:42:50,414 INFO vex_extract.pipeline: Step 1: Normalizing video...
2026-03-16 20:42:50,414 INFO vex_extract.pipeline:   Using cached normalized video: /Users/nic/Developer/spike-air-315-vision-processing/candidates/2026-03-14/tmp/flight_centre_booking_kay_normalized.mp4
2026-03-16 20:42:50,439 INFO vex_extract.pipeline:   Duration: 391.4s, 1982x1046, 30.0 fps
2026-03-16 20:42:50,440 INFO vex_extract.pipeline: Step 2: Tracking cursor...
2026-03-16 20:42:53,030 INFO vex_extract.cursor:   Cursor: pass 1 — matching 392 frames at 1.0 FPS against 6 templates x 7 scales at 540p...
2026-03-16 20:42:54,275 INFO vex_extract.cursor:   Cursor: 39/392 frames (38 detections)
2026-03-16 20:42:55,313 INFO vex_extract.cursor:   Cursor: 78/392 frames (77 detections)
2026-03-16 20:42:55,952 INFO vex_extract.cursor:   Cursor: 117/392 frames (116 detections)
2026-03-16 20:42:56,599 INFO vex_extract.cursor:   Cursor: 156/392 frames (155 detections)
2026-03-16 20:42:57,256 INFO vex_extract.cursor:   Cursor: 195/392 frames (194 detections)
2026-03-16 20:42:57,869 INFO vex_extract.cursor:   Cursor: 234/392 frames (233 detections)
2026-03-16 20:42:58,502 INFO vex_extract.cursor:   Cursor: 273/392 frames (272 detections)
2026-03-16 20:42:59,228 INFO vex_extract.cursor:   Cursor: 312/392 frames (311 detections)
2026-03-16 20:42:59,865 INFO vex_extract.cursor:   Cursor: 351/392 frames (350 detections)
2026-03-16 20:43:00,536 INFO vex_extract.cursor:   Cursor: 390/392 frames (389 detections)
2026-03-16 20:43:00,569 INFO vex_extract.cursor:   Cursor: calibrated to scales (0.3, 0.4) from coarse pass
2026-03-16 20:43:00,569 INFO vex_extract.cursor:   Cursor: 48 active regions identified
2026-03-16 20:43:00,765 INFO vex_extract.cursor:   Cursor: pass 2 — 50 frames at 5.0 FPS [500ms-10500ms]
2026-03-16 20:43:00,924 INFO vex_extract.cursor:   Cursor: 5/50 frames (5 detections)
2026-03-16 20:43:01,002 INFO vex_extract.cursor:   Cursor: 10/50 frames (10 detections)
2026-03-16 20:43:01,081 INFO vex_extract.cursor:   Cursor: 15/50 frames (15 detections)
2026-03-16 20:43:01,159 INFO vex_extract.cursor:   Cursor: 20/50 frames (20 detections)
2026-03-16 20:43:01,237 INFO vex_extract.cursor:   Cursor: 25/50 frames (25 detections)
2026-03-16 20:43:01,317 INFO vex_extract.cursor:   Cursor: 30/50 frames (30 detections)
2026-03-16 20:43:01,397 INFO vex_extract.cursor:   Cursor: 35/50 frames (35 detections)
2026-03-16 20:43:01,476 INFO vex_extract.cursor:   Cursor: 40/50 frames (40 detections)
2026-03-16 20:43:01,555 INFO vex_extract.cursor:   Cursor: 45/50 frames (45 detections)
2026-03-16 20:43:01,743 INFO vex_extract.cursor:   Cursor: pass 2 — 11 frames at 5.0 FPS [16500ms-18500ms]
2026-03-16 20:43:01,837 INFO vex_extract.cursor:   Cursor: 1/11 frames (1 detections)
2026-03-16 20:43:01,853 INFO vex_extract.cursor:   Cursor: 2/11 frames (2 detections)
2026-03-16 20:43:01,869 INFO vex_extract.cursor:   Cursor: 3/11 frames (3 detections)
2026-03-16 20:43:01,885 INFO vex_extract.cursor:   Cursor: 4/11 frames (4 detections)
2026-03-16 20:43:01,901 INFO vex_extract.cursor:   Cursor: 5/11 frames (5 detections)
2026-03-16 20:43:01,916 INFO vex_extract.cursor:   Cursor: 6/11 frames (6 detections)
2026-03-16 20:43:01,932 INFO vex_extract.cursor:   Cursor: 7/11 frames (7 detections)
2026-03-16 20:43:01,947 INFO vex_extract.cursor:   Cursor: 8/11 frames (8 detections)
2026-03-16 20:43:01,963 INFO vex_extract.cursor:   Cursor: 9/11 frames (9 detections)
2026-03-16 20:43:01,978 INFO vex_extract.cursor:   Cursor: 10/11 frames (10 detections)
2026-03-16 20:43:02,159 INFO vex_extract.cursor:   Cursor: pass 2 — 21 frames at 5.0 FPS [21500ms-25500ms]
2026-03-16 20:43:02,268 INFO vex_extract.cursor:   Cursor: 2/21 frames (2 detections)
2026-03-16 20:43:02,299 INFO vex_extract.cursor:   Cursor: 4/21 frames (4 detections)
2026-03-16 20:43:02,331 INFO vex_extract.cursor:   Cursor: 6/21 frames (6 detections)
2026-03-16 20:43:02,362 INFO vex_extract.cursor:   Cursor: 8/21 frames (8 detections)
2026-03-16 20:43:02,393 INFO vex_extract.cursor:   Cursor: 10/21 frames (10 detections)
2026-03-16 20:43:02,425 INFO vex_extract.cursor:   Cursor: 12/21 frames (12 detections)
2026-03-16 20:43:02,456 INFO vex_extract.cursor:   Cursor: 14/21 frames (14 detections)
2026-03-16 20:43:02,487 INFO vex_extract.cursor:   Cursor: 16/21 frames (16 detections)
2026-03-16 20:43:02,519 INFO vex_extract.cursor:   Cursor: 18/21 frames (18 detections)
2026-03-16 20:43:02,551 INFO vex_extract.cursor:   Cursor: 20/21 frames (20 detections)
2026-03-16 20:43:02,720 INFO vex_extract.cursor:   Cursor: pass 2 — 10 frames at 5.0 FPS [28500ms-30500ms]
2026-03-16 20:43:02,815 INFO vex_extract.cursor:   Cursor: 1/10 frames (1 detections)
2026-03-16 20:43:02,830 INFO vex_extract.cursor:   Cursor: 2/10 frames (2 detections)
2026-03-16 20:43:02,846 INFO vex_extract.cursor:   Cursor: 3/10 frames (3 detections)
2026-03-16 20:43:02,862 INFO vex_extract.cursor:   Cursor: 4/10 frames (4 detections)
2026-03-16 20:43:02,878 INFO vex_extract.cursor:   Cursor: 5/10 frames (5 detections)
2026-03-16 20:43:02,894 INFO vex_extract.cursor:   Cursor: 6/10 frames (6 detections)
2026-03-16 20:43:02,910 INFO vex_extract.cursor:   Cursor: 7/10 frames (7 detections)
2026-03-16 20:43:02,925 INFO vex_extract.cursor:   Cursor: 8/10 frames (8 detections)
2026-03-16 20:43:02,941 INFO vex_extract.cursor:   Cursor: 9/10 frames (9 detections)
2026-03-16 20:43:03,228 INFO vex_extract.cursor:   Cursor: pass 2 — 41 frames at 5.0 FPS [32500ms-40500ms]
2026-03-16 20:43:03,370 INFO vex_extract.cursor:   Cursor: 4/41 frames (4 detections)
2026-03-16 20:43:03,433 INFO vex_extract.cursor:   Cursor: 8/41 frames (8 detections)
2026-03-16 20:43:03,496 INFO vex_extract.cursor:   Cursor: 12/41 frames (12 detections)
2026-03-16 20:43:03,559 INFO vex_extract.cursor:   Cursor: 16/41 frames (16 detections)
2026-03-16 20:43:03,621 INFO vex_extract.cursor:   Cursor: 20/41 frames (20 detections)
2026-03-16 20:43:03,684 INFO vex_extract.cursor:   Cursor: 24/41 frames (24 detections)
2026-03-16 20:43:03,747 INFO vex_extract.cursor:   Cursor: 28/41 frames (28 detections)
2026-03-16 20:43:03,810 INFO vex_extract.cursor:   Cursor: 32/41 frames (32 detections)
2026-03-16 20:43:03,873 INFO vex_extract.cursor:   Cursor: 36/41 frames (36 detections)
2026-03-16 20:43:03,937 INFO vex_extract.cursor:   Cursor: 40/41 frames (40 detections)
2026-03-16 20:43:04,358 INFO vex_extract.cursor:   Cursor: pass 2 — 63 frames at 5.0 FPS [46500ms-59500ms]
2026-03-16 20:43:04,532 INFO vex_extract.cursor:   Cursor: 6/63 frames (6 detections)
2026-03-16 20:43:04,626 INFO vex_extract.cursor:   Cursor: 12/63 frames (12 detections)
2026-03-16 20:43:04,720 INFO vex_extract.cursor:   Cursor: 18/63 frames (18 detections)
2026-03-16 20:43:04,815 INFO vex_extract.cursor:   Cursor: 24/63 frames (24 detections)
2026-03-16 20:43:05,004 INFO vex_extract.cursor:   Cursor: 30/63 frames (30 detections)
2026-03-16 20:43:05,098 INFO vex_extract.cursor:   Cursor: 36/63 frames (36 detections)
2026-03-16 20:43:05,192 INFO vex_extract.cursor:   Cursor: 42/63 frames (42 detections)
2026-03-16 20:43:05,287 INFO vex_extract.cursor:   Cursor: 48/63 frames (48 detections)
2026-03-16 20:43:05,381 INFO vex_extract.cursor:   Cursor: 54/63 frames (54 detections)
2026-03-16 20:43:05,475 INFO vex_extract.cursor:   Cursor: 60/63 frames (60 detections)
2026-03-16 20:43:05,803 INFO vex_extract.cursor:   Cursor: pass 2 — 10 frames at 5.0 FPS [60500ms-62500ms]
2026-03-16 20:43:05,899 INFO vex_extract.cursor:   Cursor: 1/10 frames (1 detections)
2026-03-16 20:43:05,914 INFO vex_extract.cursor:   Cursor: 2/10 frames (2 detections)
2026-03-16 20:43:05,930 INFO vex_extract.cursor:   Cursor: 3/10 frames (3 detections)
2026-03-16 20:43:05,946 INFO vex_extract.cursor:   Cursor: 4/10 frames (4 detections)
2026-03-16 20:43:05,961 INFO vex_extract.cursor:   Cursor: 5/10 frames (5 detections)
2026-03-16 20:43:05,977 INFO vex_extract.cursor:   Cursor: 6/10 frames (6 detections)
2026-03-16 20:43:05,992 INFO vex_extract.cursor:   Cursor: 7/10 frames (7 detections)
2026-03-16 20:43:06,008 INFO vex_extract.cursor:   Cursor: 8/10 frames (8 detections)
2026-03-16 20:43:06,023 INFO vex_extract.cursor:   Cursor: 9/10 frames (9 detections)
2026-03-16 20:43:06,370 INFO vex_extract.cursor:   Cursor: pass 2 — 20 frames at 5.0 FPS [63500ms-67500ms]
2026-03-16 20:43:06,483 INFO vex_extract.cursor:   Cursor: 2/20 frames (2 detections)
2026-03-16 20:43:06,515 INFO vex_extract.cursor:   Cursor: 4/20 frames (4 detections)
2026-03-16 20:43:06,546 INFO vex_extract.cursor:   Cursor: 6/20 frames (6 detections)
2026-03-16 20:43:06,578 INFO vex_extract.cursor:   Cursor: 8/20 frames (8 detections)
2026-03-16 20:43:06,609 INFO vex_extract.cursor:   Cursor: 10/20 frames (10 detections)
2026-03-16 20:43:06,640 INFO vex_extract.cursor:   Cursor: 12/20 frames (12 detections)
2026-03-16 20:43:06,672 INFO vex_extract.cursor:   Cursor: 14/20 frames (14 detections)
2026-03-16 20:43:06,703 INFO vex_extract.cursor:   Cursor: 16/20 frames (16 detections)
2026-03-16 20:43:06,735 INFO vex_extract.cursor:   Cursor: 18/20 frames (18 detections)
2026-03-16 20:43:07,110 INFO vex_extract.cursor:   Cursor: pass 2 — 16 frames at 5.0 FPS [69500ms-72500ms]
2026-03-16 20:43:07,204 INFO vex_extract.cursor:   Cursor: 1/16 frames (1 detections)
2026-03-16 20:43:07,220 INFO vex_extract.cursor:   Cursor: 2/16 frames (2 detections)
2026-03-16 20:43:07,235 INFO vex_extract.cursor:   Cursor: 3/16 frames (3 detections)
2026-03-16 20:43:07,251 INFO vex_extract.cursor:   Cursor: 4/16 frames (4 detections)
2026-03-16 20:43:07,266 INFO vex_extract.cursor:   Cursor: 5/16 frames (5 detections)
2026-03-16 20:43:07,282 INFO vex_extract.cursor:   Cursor: 6/16 frames (6 detections)
2026-03-16 20:43:07,297 INFO vex_extract.cursor:   Cursor: 7/16 frames (7 detections)
2026-03-16 20:43:07,313 INFO vex_extract.cursor:   Cursor: 8/16 frames (8 detections)
2026-03-16 20:43:07,329 INFO vex_extract.cursor:   Cursor: 9/16 frames (9 detections)
2026-03-16 20:43:07,345 INFO vex_extract.cursor:   Cursor: 10/16 frames (10 detections)
2026-03-16 20:43:07,360 INFO vex_extract.cursor:   Cursor: 11/16 frames (11 detections)
2026-03-16 20:43:07,377 INFO vex_extract.cursor:   Cursor: 12/16 frames (12 detections)
2026-03-16 20:43:07,393 INFO vex_extract.cursor:   Cursor: 13/16 frames (13 detections)
2026-03-16 20:43:07,409 INFO vex_extract.cursor:   Cursor: 14/16 frames (14 detections)
2026-03-16 20:43:07,425 INFO vex_extract.cursor:   Cursor: 15/16 frames (15 detections)
2026-03-16 20:43:07,806 INFO vex_extract.cursor:   Cursor: pass 2 — 16 frames at 5.0 FPS [73500ms-76500ms]
2026-03-16 20:43:07,902 INFO vex_extract.cursor:   Cursor: 1/16 frames (1 detections)
2026-03-16 20:43:07,918 INFO vex_extract.cursor:   Cursor: 2/16 frames (2 detections)
2026-03-16 20:43:07,934 INFO vex_extract.cursor:   Cursor: 3/16 frames (3 detections)
2026-03-16 20:43:07,950 INFO vex_extract.cursor:   Cursor: 4/16 frames (4 detections)
2026-03-16 20:43:07,966 INFO vex_extract.cursor:   Cursor: 5/16 frames (5 detections)
2026-03-16 20:43:07,981 INFO vex_extract.cursor:   Cursor: 6/16 frames (6 detections)
2026-03-16 20:43:07,997 INFO vex_extract.cursor:   Cursor: 7/16 frames (7 detections)
2026-03-16 20:43:08,012 INFO vex_extract.cursor:   Cursor: 8/16 frames (8 detections)
2026-03-16 20:43:08,028 INFO vex_extract.cursor:   Cursor: 9/16 frames (9 detections)
2026-03-16 20:43:08,044 INFO vex_extract.cursor:   Cursor: 10/16 frames (10 detections)
2026-03-16 20:43:08,060 INFO vex_extract.cursor:   Cursor: 11/16 frames (11 detections)
2026-03-16 20:43:08,076 INFO vex_extract.cursor:   Cursor: 12/16 frames (12 detections)
2026-03-16 20:43:08,091 INFO vex_extract.cursor:   Cursor: 13/16 frames (13 detections)
2026-03-16 20:43:08,107 INFO vex_extract.cursor:   Cursor: 14/16 frames (14 detections)
2026-03-16 20:43:08,123 INFO vex_extract.cursor:   Cursor: 15/16 frames (15 detections)
2026-03-16 20:43:08,541 INFO vex_extract.cursor:   Cursor: pass 2 — 21 frames at 5.0 FPS [79500ms-83500ms]
2026-03-16 20:43:08,651 INFO vex_extract.cursor:   Cursor: 2/21 frames (2 detections)
2026-03-16 20:43:08,682 INFO vex_extract.cursor:   Cursor: 4/21 frames (4 detections)
2026-03-16 20:43:08,713 INFO vex_extract.cursor:   Cursor: 6/21 frames (6 detections)
2026-03-16 20:43:08,745 INFO vex_extract.cursor:   Cursor: 8/21 frames (8 detections)
2026-03-16 20:43:08,776 INFO vex_extract.cursor:   Cursor: 10/21 frames (10 detections)
2026-03-16 20:43:08,808 INFO vex_extract.cursor:   Cursor: 12/21 frames (12 detections)
2026-03-16 20:43:08,840 INFO vex_extract.cursor:   Cursor: 14/21 frames (14 detections)
2026-03-16 20:43:08,872 INFO vex_extract.cursor:   Cursor: 16/21 frames (16 detections)
2026-03-16 20:43:08,904 INFO vex_extract.cursor:   Cursor: 18/21 frames (18 detections)
2026-03-16 20:43:08,936 INFO vex_extract.cursor:   Cursor: 20/21 frames (20 detections)
2026-03-16 20:43:09,340 INFO vex_extract.cursor:   Cursor: pass 2 — 11 frames at 5.0 FPS [84500ms-86500ms]
2026-03-16 20:43:09,435 INFO vex_extract.cursor:   Cursor: 1/11 frames (1 detections)
2026-03-16 20:43:09,451 INFO vex_extract.cursor:   Cursor: 2/11 frames (2 detections)
2026-03-16 20:43:09,466 INFO vex_extract.cursor:   Cursor: 3/11 frames (3 detections)
2026-03-16 20:43:09,482 INFO vex_extract.cursor:   Cursor: 4/11 frames (4 detections)
2026-03-16 20:43:09,498 INFO vex_extract.cursor:   Cursor: 5/11 frames (5 detections)
2026-03-16 20:43:09,514 INFO vex_extract.cursor:   Cursor: 6/11 frames (6 detections)
2026-03-16 20:43:09,530 INFO vex_extract.cursor:   Cursor: 7/11 frames (7 detections)
2026-03-16 20:43:09,546 INFO vex_extract.cursor:   Cursor: 8/11 frames (8 detections)
2026-03-16 20:43:09,562 INFO vex_extract.cursor:   Cursor: 9/11 frames (9 detections)
2026-03-16 20:43:09,578 INFO vex_extract.cursor:   Cursor: 10/11 frames (10 detections)
2026-03-16 20:43:10,004 INFO vex_extract.cursor:   Cursor: pass 2 — 11 frames at 5.0 FPS [88500ms-90500ms]
2026-03-16 20:43:10,099 INFO vex_extract.cursor:   Cursor: 1/11 frames (1 detections)
2026-03-16 20:43:10,114 INFO vex_extract.cursor:   Cursor: 2/11 frames (2 detections)
2026-03-16 20:43:10,130 INFO vex_extract.cursor:   Cursor: 3/11 frames (3 detections)
2026-03-16 20:43:10,145 INFO vex_extract.cursor:   Cursor: 4/11 frames (4 detections)
2026-03-16 20:43:10,162 INFO vex_extract.cursor:   Cursor: 5/11 frames (5 detections)
2026-03-16 20:43:10,177 INFO vex_extract.cursor:   Cursor: 6/11 frames (6 detections)
2026-03-16 20:43:10,193 INFO vex_extract.cursor:   Cursor: 7/11 frames (7 detections)
2026-03-16 20:43:10,209 INFO vex_extract.cursor:   Cursor: 8/11 frames (8 detections)
2026-03-16 20:43:10,224 INFO vex_extract.cursor:   Cursor: 9/11 frames (9 detections)
2026-03-16 20:43:10,240 INFO vex_extract.cursor:   Cursor: 10/11 frames (10 detections)
2026-03-16 20:43:10,679 INFO vex_extract.cursor:   Cursor: pass 2 — 11 frames at 5.0 FPS [91500ms-93500ms]
2026-03-16 20:43:10,774 INFO vex_extract.cursor:   Cursor: 1/11 frames (1 detections)
2026-03-16 20:43:10,789 INFO vex_extract.cursor:   Cursor: 2/11 frames (2 detections)
2026-03-16 20:43:10,805 INFO vex_extract.cursor:   Cursor: 3/11 frames (3 detections)
2026-03-16 20:43:10,821 INFO vex_extract.cursor:   Cursor: 4/11 frames (4 detections)
2026-03-16 20:43:10,837 INFO vex_extract.cursor:   Cursor: 5/11 frames (5 detections)
2026-03-16 20:43:10,852 INFO vex_extract.cursor:   Cursor: 6/11 frames (6 detections)
2026-03-16 20:43:10,868 INFO vex_extract.cursor:   Cursor: 7/11 frames (7 detections)
2026-03-16 20:43:10,884 INFO vex_extract.cursor:   Cursor: 8/11 frames (8 detections)
2026-03-16 20:43:10,899 INFO vex_extract.cursor:   Cursor: 9/11 frames (9 detections)
2026-03-16 20:43:10,916 INFO vex_extract.cursor:   Cursor: 10/11 frames (10 detections)
2026-03-16 20:43:11,404 INFO vex_extract.cursor:   Cursor: pass 2 — 21 frames at 5.0 FPS [95500ms-99500ms]
2026-03-16 20:43:11,514 INFO vex_extract.cursor:   Cursor: 2/21 frames (2 detections)
2026-03-16 20:43:11,546 INFO vex_extract.cursor:   Cursor: 4/21 frames (4 detections)
2026-03-16 20:43:11,577 INFO vex_extract.cursor:   Cursor: 6/21 frames (6 detections)
2026-03-16 20:43:11,609 INFO vex_extract.cursor:   Cursor: 8/21 frames (8 detections)
2026-03-16 20:43:11,640 INFO vex_extract.cursor:   Cursor: 10/21 frames (10 detections)
2026-03-16 20:43:11,671 INFO vex_extract.cursor:   Cursor: 12/21 frames (12 detections)
2026-03-16 20:43:11,702 INFO vex_extract.cursor:   Cursor: 14/21 frames (14 detections)
2026-03-16 20:43:11,734 INFO vex_extract.cursor:   Cursor: 16/21 frames (16 detections)
2026-03-16 20:43:11,766 INFO vex_extract.cursor:   Cursor: 18/21 frames (18 detections)
2026-03-16 20:43:11,798 INFO vex_extract.cursor:   Cursor: 20/21 frames (20 detections)
2026-03-16 20:43:12,305 INFO vex_extract.cursor:   Cursor: pass 2 — 10 frames at 5.0 FPS [105500ms-107500ms]
2026-03-16 20:43:12,400 INFO vex_extract.cursor:   Cursor: 1/10 frames (1 detections)
2026-03-16 20:43:12,417 INFO vex_extract.cursor:   Cursor: 2/10 frames (2 detections)
2026-03-16 20:43:12,433 INFO vex_extract.cursor:   Cursor: 3/10 frames (3 detections)
2026-03-16 20:43:12,448 INFO vex_extract.cursor:   Cursor: 4/10 frames (4 detections)
2026-03-16 20:43:12,464 INFO vex_extract.cursor:   Cursor: 5/10 frames (5 detections)
2026-03-16 20:43:12,480 INFO vex_extract.cursor:   Cursor: 6/10 frames (6 detections)
2026-03-16 20:43:12,496 INFO vex_extract.cursor:   Cursor: 7/10 frames (7 detections)
2026-03-16 20:43:12,512 INFO vex_extract.cursor:   Cursor: 8/10 frames (8 detections)
2026-03-16 20:43:12,527 INFO vex_extract.cursor:   Cursor: 9/10 frames (9 detections)
2026-03-16 20:43:13,054 INFO vex_extract.cursor:   Cursor: pass 2 — 10 frames at 5.0 FPS [110500ms-112500ms]
2026-03-16 20:43:13,148 INFO vex_extract.cursor:   Cursor: 1/10 frames (1 detections)
2026-03-16 20:43:13,164 INFO vex_extract.cursor:   Cursor: 2/10 frames (2 detections)
2026-03-16 20:43:13,180 INFO vex_extract.cursor:   Cursor: 3/10 frames (3 detections)
2026-03-16 20:43:13,195 INFO vex_extract.cursor:   Cursor: 4/10 frames (4 detections)
2026-03-16 20:43:13,212 INFO vex_extract.cursor:   Cursor: 5/10 frames (5 detections)
2026-03-16 20:43:13,228 INFO vex_extract.cursor:   Cursor: 6/10 frames (6 detections)
2026-03-16 20:43:13,243 INFO vex_extract.cursor:   Cursor: 7/10 frames (7 detections)
2026-03-16 20:43:13,259 INFO vex_extract.cursor:   Cursor: 8/10 frames (8 detections)
2026-03-16 20:43:13,275 INFO vex_extract.cursor:   Cursor: 9/10 frames (9 detections)
2026-03-16 20:43:13,826 INFO vex_extract.cursor:   Cursor: pass 2 — 10 frames at 5.0 FPS [115500ms-117500ms]
2026-03-16 20:43:13,920 INFO vex_extract.cursor:   Cursor: 1/10 frames (1 detections)
2026-03-16 20:43:13,936 INFO vex_extract.cursor:   Cursor: 2/10 frames (2 detections)
2026-03-16 20:43:13,952 INFO vex_extract.cursor:   Cursor: 3/10 frames (3 detections)
2026-03-16 20:43:13,967 INFO vex_extract.cursor:   Cursor: 4/10 frames (4 detections)
2026-03-16 20:43:13,984 INFO vex_extract.cursor:   Cursor: 5/10 frames (5 detections)
2026-03-16 20:43:13,999 INFO vex_extract.cursor:   Cursor: 6/10 frames (6 detections)
2026-03-16 20:43:14,015 INFO vex_extract.cursor:   Cursor: 7/10 frames (7 detections)
2026-03-16 20:43:14,031 INFO vex_extract.cursor:   Cursor: 8/10 frames (8 detections)
2026-03-16 20:43:14,046 INFO vex_extract.cursor:   Cursor: 9/10 frames (9 detections)
2026-03-16 20:43:14,768 INFO vex_extract.cursor:   Cursor: pass 2 — 47 frames at 5.0 FPS [120500ms-130500ms]
2026-03-16 20:43:14,912 INFO vex_extract.cursor:   Cursor: 4/47 frames (4 detections)
2026-03-16 20:43:14,976 INFO vex_extract.cursor:   Cursor: 8/47 frames (8 detections)
2026-03-16 20:43:15,041 INFO vex_extract.cursor:   Cursor: 12/47 frames (12 detections)
2026-03-16 20:43:15,104 INFO vex_extract.cursor:   Cursor: 16/47 frames (16 detections)
2026-03-16 20:43:15,168 INFO vex_extract.cursor:   Cursor: 20/47 frames (20 detections)
2026-03-16 20:43:15,231 INFO vex_extract.cursor:   Cursor: 24/47 frames (24 detections)
2026-03-16 20:43:15,295 INFO vex_extract.cursor:   Cursor: 28/47 frames (28 detections)
2026-03-16 20:43:15,359 INFO vex_extract.cursor:   Cursor: 32/47 frames (32 detections)
2026-03-16 20:43:15,422 INFO vex_extract.cursor:   Cursor: 36/47 frames (36 detections)
2026-03-16 20:43:15,487 INFO vex_extract.cursor:   Cursor: 40/47 frames (40 detections)
2026-03-16 20:43:15,551 INFO vex_extract.cursor:   Cursor: 44/47 frames (44 detections)
2026-03-16 20:43:16,259 INFO vex_extract.cursor:   Cursor: pass 2 — 16 frames at 5.0 FPS [131500ms-134500ms]
2026-03-16 20:43:16,354 INFO vex_extract.cursor:   Cursor: 1/16 frames (1 detections)
2026-03-16 20:43:16,371 INFO vex_extract.cursor:   Cursor: 2/16 frames (2 detections)
2026-03-16 20:43:16,387 INFO vex_extract.cursor:   Cursor: 3/16 frames (3 detections)
2026-03-16 20:43:16,402 INFO vex_extract.cursor:   Cursor: 4/16 frames (4 detections)
2026-03-16 20:43:16,418 INFO vex_extract.cursor:   Cursor: 5/16 frames (5 detections)
2026-03-16 20:43:16,434 INFO vex_extract.cursor:   Cursor: 6/16 frames (6 detections)
2026-03-16 20:43:16,450 INFO vex_extract.cursor:   Cursor: 7/16 frames (7 detections)
2026-03-16 20:43:16,466 INFO vex_extract.cursor:   Cursor: 8/16 frames (8 detections)
2026-03-16 20:43:16,481 INFO vex_extract.cursor:   Cursor: 9/16 frames (9 detections)
2026-03-16 20:43:16,497 INFO vex_extract.cursor:   Cursor: 10/16 frames (10 detections)
2026-03-16 20:43:16,513 INFO vex_extract.cursor:   Cursor: 11/16 frames (11 detections)
2026-03-16 20:43:16,529 INFO vex_extract.cursor:   Cursor: 12/16 frames (12 detections)
2026-03-16 20:43:16,545 INFO vex_extract.cursor:   Cursor: 13/16 frames (13 detections)
2026-03-16 20:43:16,561 INFO vex_extract.cursor:   Cursor: 14/16 frames (14 detections)
2026-03-16 20:43:16,578 INFO vex_extract.cursor:   Cursor: 15/16 frames (15 detections)
2026-03-16 20:43:17,240 INFO vex_extract.cursor:   Cursor: pass 2 — 11 frames at 5.0 FPS [139500ms-141500ms]
2026-03-16 20:43:17,336 INFO vex_extract.cursor:   Cursor: 1/11 frames (1 detections)
2026-03-16 20:43:17,352 INFO vex_extract.cursor:   Cursor: 2/11 frames (2 detections)
2026-03-16 20:43:17,369 INFO vex_extract.cursor:   Cursor: 3/11 frames (3 detections)
2026-03-16 20:43:17,385 INFO vex_extract.cursor:   Cursor: 4/11 frames (4 detections)
2026-03-16 20:43:17,401 INFO vex_extract.cursor:   Cursor: 5/11 frames (5 detections)
2026-03-16 20:43:17,417 INFO vex_extract.cursor:   Cursor: 6/11 frames (6 detections)
2026-03-16 20:43:17,433 INFO vex_extract.cursor:   Cursor: 7/11 frames (7 detections)
2026-03-16 20:43:17,450 INFO vex_extract.cursor:   Cursor: 8/11 frames (8 detections)
2026-03-16 20:43:17,466 INFO vex_extract.cursor:   Cursor: 9/11 frames (9 detections)
2026-03-16 20:43:17,482 INFO vex_extract.cursor:   Cursor: 10/11 frames (10 detections)
2026-03-16 20:43:18,220 INFO vex_extract.cursor:   Cursor: pass 2 — 11 frames at 5.0 FPS [153500ms-155500ms]
2026-03-16 20:43:18,315 INFO vex_extract.cursor:   Cursor: 1/11 frames (1 detections)
2026-03-16 20:43:18,331 INFO vex_extract.cursor:   Cursor: 2/11 frames (2 detections)
2026-03-16 20:43:18,347 INFO vex_extract.cursor:   Cursor: 3/11 frames (3 detections)
2026-03-16 20:43:18,363 INFO vex_extract.cursor:   Cursor: 4/11 frames (4 detections)
2026-03-16 20:43:18,379 INFO vex_extract.cursor:   Cursor: 5/11 frames (5 detections)
2026-03-16 20:43:18,395 INFO vex_extract.cursor:   Cursor: 6/11 frames (6 detections)
2026-03-16 20:43:18,410 INFO vex_extract.cursor:   Cursor: 7/11 frames (7 detections)
2026-03-16 20:43:18,427 INFO vex_extract.cursor:   Cursor: 8/11 frames (8 detections)
2026-03-16 20:43:18,443 INFO vex_extract.cursor:   Cursor: 9/11 frames (9 detections)
2026-03-16 20:43:18,458 INFO vex_extract.cursor:   Cursor: 10/11 frames (10 detections)
2026-03-16 20:43:19,335 INFO vex_extract.cursor:   Cursor: pass 2 — 31 frames at 5.0 FPS [161500ms-167500ms]
2026-03-16 20:43:19,462 INFO vex_extract.cursor:   Cursor: 3/31 frames (3 detections)
2026-03-16 20:43:19,508 INFO vex_extract.cursor:   Cursor: 6/31 frames (6 detections)
2026-03-16 20:43:19,555 INFO vex_extract.cursor:   Cursor: 9/31 frames (9 detections)
2026-03-16 20:43:19,603 INFO vex_extract.cursor:   Cursor: 12/31 frames (12 detections)
2026-03-16 20:43:19,650 INFO vex_extract.cursor:   Cursor: 15/31 frames (15 detections)
2026-03-16 20:43:19,697 INFO vex_extract.cursor:   Cursor: 18/31 frames (18 detections)
2026-03-16 20:43:19,746 INFO vex_extract.cursor:   Cursor: 21/31 frames (21 detections)
2026-03-16 20:43:19,793 INFO vex_extract.cursor:   Cursor: 24/31 frames (24 detections)
2026-03-16 20:43:19,840 INFO vex_extract.cursor:   Cursor: 27/31 frames (27 detections)
2026-03-16 20:43:19,889 INFO vex_extract.cursor:   Cursor: 30/31 frames (30 detections)
2026-03-16 20:43:20,646 INFO vex_extract.cursor:   Cursor: pass 2 — 11 frames at 5.0 FPS [170500ms-172500ms]
2026-03-16 20:43:20,740 INFO vex_extract.cursor:   Cursor: 1/11 frames (1 detections)
2026-03-16 20:43:20,757 INFO vex_extract.cursor:   Cursor: 2/11 frames (2 detections)
2026-03-16 20:43:20,772 INFO vex_extract.cursor:   Cursor: 3/11 frames (3 detections)
2026-03-16 20:43:20,788 INFO vex_extract.cursor:   Cursor: 4/11 frames (4 detections)
2026-03-16 20:43:20,803 INFO vex_extract.cursor:   Cursor: 5/11 frames (5 detections)
2026-03-16 20:43:20,819 INFO vex_extract.cursor:   Cursor: 6/11 frames (6 detections)
2026-03-16 20:43:20,835 INFO vex_extract.cursor:   Cursor: 7/11 frames (7 detections)
2026-03-16 20:43:20,851 INFO vex_extract.cursor:   Cursor: 8/11 frames (8 detections)
2026-03-16 20:43:20,867 INFO vex_extract.cursor:   Cursor: 9/11 frames (9 detections)
2026-03-16 20:43:20,883 INFO vex_extract.cursor:   Cursor: 10/11 frames (10 detections)
2026-03-16 20:43:21,683 INFO vex_extract.cursor:   Cursor: pass 2 — 16 frames at 5.0 FPS [177500ms-180500ms]
2026-03-16 20:43:21,779 INFO vex_extract.cursor:   Cursor: 1/16 frames (1 detections)
2026-03-16 20:43:21,795 INFO vex_extract.cursor:   Cursor: 2/16 frames (2 detections)
2026-03-16 20:43:21,810 INFO vex_extract.cursor:   Cursor: 3/16 frames (3 detections)
2026-03-16 20:43:21,826 INFO vex_extract.cursor:   Cursor: 4/16 frames (4 detections)
2026-03-16 20:43:21,842 INFO vex_extract.cursor:   Cursor: 5/16 frames (5 detections)
2026-03-16 20:43:21,857 INFO vex_extract.cursor:   Cursor: 6/16 frames (6 detections)
2026-03-16 20:43:21,873 INFO vex_extract.cursor:   Cursor: 7/16 frames (7 detections)
2026-03-16 20:43:21,889 INFO vex_extract.cursor:   Cursor: 8/16 frames (8 detections)
2026-03-16 20:43:21,904 INFO vex_extract.cursor:   Cursor: 9/16 frames (9 detections)
2026-03-16 20:43:21,920 INFO vex_extract.cursor:   Cursor: 10/16 frames (10 detections)
2026-03-16 20:43:21,935 INFO vex_extract.cursor:   Cursor: 11/16 frames (11 detections)
2026-03-16 20:43:21,951 INFO vex_extract.cursor:   Cursor: 12/16 frames (12 detections)
2026-03-16 20:43:21,968 INFO vex_extract.cursor:   Cursor: 13/16 frames (13 detections)
2026-03-16 20:43:21,984 INFO vex_extract.cursor:   Cursor: 14/16 frames (14 detections)
2026-03-16 20:43:22,000 INFO vex_extract.cursor:   Cursor: 15/16 frames (15 detections)
2026-03-16 20:43:22,822 INFO vex_extract.cursor:   Cursor: pass 2 — 16 frames at 5.0 FPS [183500ms-186500ms]
2026-03-16 20:43:22,918 INFO vex_extract.cursor:   Cursor: 1/16 frames (1 detections)
2026-03-16 20:43:22,934 INFO vex_extract.cursor:   Cursor: 2/16 frames (2 detections)
2026-03-16 20:43:22,950 INFO vex_extract.cursor:   Cursor: 3/16 frames (3 detections)
2026-03-16 20:43:22,966 INFO vex_extract.cursor:   Cursor: 4/16 frames (4 detections)
2026-03-16 20:43:22,981 INFO vex_extract.cursor:   Cursor: 5/16 frames (5 detections)
2026-03-16 20:43:22,997 INFO vex_extract.cursor:   Cursor: 6/16 frames (6 detections)
2026-03-16 20:43:23,013 INFO vex_extract.cursor:   Cursor: 7/16 frames (7 detections)
2026-03-16 20:43:23,029 INFO vex_extract.cursor:   Cursor: 8/16 frames (8 detections)
2026-03-16 20:43:23,045 INFO vex_extract.cursor:   Cursor: 9/16 frames (9 detections)
2026-03-16 20:43:23,061 INFO vex_extract.cursor:   Cursor: 10/16 frames (10 detections)
2026-03-16 20:43:23,077 INFO vex_extract.cursor:   Cursor: 11/16 frames (11 detections)
2026-03-16 20:43:23,092 INFO vex_extract.cursor:   Cursor: 12/16 frames (12 detections)
2026-03-16 20:43:23,108 INFO vex_extract.cursor:   Cursor: 13/16 frames (13 detections)
2026-03-16 20:43:23,124 INFO vex_extract.cursor:   Cursor: 14/16 frames (14 detections)
2026-03-16 20:43:23,140 INFO vex_extract.cursor:   Cursor: 15/16 frames (15 detections)
2026-03-16 20:43:24,047 INFO vex_extract.cursor:   Cursor: pass 2 — 21 frames at 5.0 FPS [190500ms-194500ms]
2026-03-16 20:43:24,157 INFO vex_extract.cursor:   Cursor: 2/21 frames (2 detections)
2026-03-16 20:43:24,188 INFO vex_extract.cursor:   Cursor: 4/21 frames (4 detections)
2026-03-16 20:43:24,221 INFO vex_extract.cursor:   Cursor: 6/21 frames (6 detections)
2026-03-16 20:43:24,254 INFO vex_extract.cursor:   Cursor: 8/21 frames (8 detections)
2026-03-16 20:43:24,351 INFO vex_extract.cursor:   Cursor: 10/21 frames (10 detections)
2026-03-16 20:43:24,383 INFO vex_extract.cursor:   Cursor: 12/21 frames (12 detections)
2026-03-16 20:43:24,415 INFO vex_extract.cursor:   Cursor: 14/21 frames (14 detections)
2026-03-16 20:43:24,446 INFO vex_extract.cursor:   Cursor: 16/21 frames (16 detections)
2026-03-16 20:43:24,478 INFO vex_extract.cursor:   Cursor: 18/21 frames (18 detections)
2026-03-16 20:43:24,510 INFO vex_extract.cursor:   Cursor: 20/21 frames (20 detections)
2026-03-16 20:43:25,365 INFO vex_extract.cursor:   Cursor: pass 2 — 11 frames at 5.0 FPS [196500ms-198500ms]
2026-03-16 20:43:25,469 INFO vex_extract.cursor:   Cursor: 1/11 frames (1 detections)
2026-03-16 20:43:25,485 INFO vex_extract.cursor:   Cursor: 2/11 frames (2 detections)
2026-03-16 20:43:25,501 INFO vex_extract.cursor:   Cursor: 3/11 frames (3 detections)
2026-03-16 20:43:25,516 INFO vex_extract.cursor:   Cursor: 4/11 frames (4 detections)
2026-03-16 20:43:25,532 INFO vex_extract.cursor:   Cursor: 5/11 frames (5 detections)
2026-03-16 20:43:25,548 INFO vex_extract.cursor:   Cursor: 6/11 frames (6 detections)
2026-03-16 20:43:25,564 INFO vex_extract.cursor:   Cursor: 7/11 frames (7 detections)
2026-03-16 20:43:25,580 INFO vex_extract.cursor:   Cursor: 8/11 frames (8 detections)
2026-03-16 20:43:25,596 INFO vex_extract.cursor:   Cursor: 9/11 frames (9 detections)
2026-03-16 20:43:25,613 INFO vex_extract.cursor:   Cursor: 10/11 frames (10 detections)
2026-03-16 20:43:26,509 INFO vex_extract.cursor:   Cursor: pass 2 — 10 frames at 5.0 FPS [204500ms-206500ms]
2026-03-16 20:43:26,604 INFO vex_extract.cursor:   Cursor: 1/10 frames (1 detections)
2026-03-16 20:43:26,620 INFO vex_extract.cursor:   Cursor: 2/10 frames (2 detections)
2026-03-16 20:43:26,636 INFO vex_extract.cursor:   Cursor: 3/10 frames (3 detections)
2026-03-16 20:43:26,651 INFO vex_extract.cursor:   Cursor: 4/10 frames (4 detections)
2026-03-16 20:43:26,667 INFO vex_extract.cursor:   Cursor: 5/10 frames (5 detections)
2026-03-16 20:43:26,683 INFO vex_extract.cursor:   Cursor: 6/10 frames (6 detections)
2026-03-16 20:43:26,698 INFO vex_extract.cursor:   Cursor: 7/10 frames (7 detections)
2026-03-16 20:43:26,714 INFO vex_extract.cursor:   Cursor: 8/10 frames (8 detections)
2026-03-16 20:43:26,731 INFO vex_extract.cursor:   Cursor: 9/10 frames (9 detections)
2026-03-16 20:43:27,637 INFO vex_extract.cursor:   Cursor: pass 2 — 10 frames at 5.0 FPS [209500ms-211500ms]
2026-03-16 20:43:27,734 INFO vex_extract.cursor:   Cursor: 1/10 frames (1 detections)
2026-03-16 20:43:27,749 INFO vex_extract.cursor:   Cursor: 2/10 frames (2 detections)
2026-03-16 20:43:27,766 INFO vex_extract.cursor:   Cursor: 3/10 frames (3 detections)
2026-03-16 20:43:27,781 INFO vex_extract.cursor:   Cursor: 4/10 frames (4 detections)
2026-03-16 20:43:27,797 INFO vex_extract.cursor:   Cursor: 5/10 frames (5 detections)
2026-03-16 20:43:27,813 INFO vex_extract.cursor:   Cursor: 6/10 frames (6 detections)
2026-03-16 20:43:27,828 INFO vex_extract.cursor:   Cursor: 7/10 frames (7 detections)
2026-03-16 20:43:27,844 INFO vex_extract.cursor:   Cursor: 8/10 frames (8 detections)
2026-03-16 20:43:27,861 INFO vex_extract.cursor:   Cursor: 9/10 frames (9 detections)
2026-03-16 20:43:28,979 INFO vex_extract.cursor:   Cursor: pass 2 — 47 frames at 5.0 FPS [226500ms-236500ms]
2026-03-16 20:43:29,132 INFO vex_extract.cursor:   Cursor: 4/47 frames (4 detections)
2026-03-16 20:43:29,197 INFO vex_extract.cursor:   Cursor: 8/47 frames (8 detections)
2026-03-16 20:43:29,261 INFO vex_extract.cursor:   Cursor: 12/47 frames (12 detections)
2026-03-16 20:43:29,327 INFO vex_extract.cursor:   Cursor: 16/47 frames (16 detections)
2026-03-16 20:43:29,390 INFO vex_extract.cursor:   Cursor: 20/47 frames (20 detections)
2026-03-16 20:43:29,454 INFO vex_extract.cursor:   Cursor: 24/47 frames (24 detections)
2026-03-16 20:43:29,516 INFO vex_extract.cursor:   Cursor: 28/47 frames (28 detections)
2026-03-16 20:43:29,580 INFO vex_extract.cursor:   Cursor: 32/47 frames (32 detections)
2026-03-16 20:43:29,644 INFO vex_extract.cursor:   Cursor: 36/47 frames (36 detections)
2026-03-16 20:43:29,708 INFO vex_extract.cursor:   Cursor: 40/47 frames (40 detections)
2026-03-16 20:43:29,771 INFO vex_extract.cursor:   Cursor: 44/47 frames (44 detections)
2026-03-16 20:43:30,958 INFO vex_extract.cursor:   Cursor: pass 2 — 24 frames at 5.0 FPS [238500ms-243500ms]
2026-03-16 20:43:31,069 INFO vex_extract.cursor:   Cursor: 2/24 frames (2 detections)
2026-03-16 20:43:31,100 INFO vex_extract.cursor:   Cursor: 4/24 frames (4 detections)
2026-03-16 20:43:31,131 INFO vex_extract.cursor:   Cursor: 6/24 frames (6 detections)
2026-03-16 20:43:31,163 INFO vex_extract.cursor:   Cursor: 8/24 frames (8 detections)
2026-03-16 20:43:31,195 INFO vex_extract.cursor:   Cursor: 10/24 frames (10 detections)
2026-03-16 20:43:31,226 INFO vex_extract.cursor:   Cursor: 12/24 frames (12 detections)
2026-03-16 20:43:31,257 INFO vex_extract.cursor:   Cursor: 14/24 frames (14 detections)
2026-03-16 20:43:31,288 INFO vex_extract.cursor:   Cursor: 16/24 frames (16 detections)
2026-03-16 20:43:31,321 INFO vex_extract.cursor:   Cursor: 18/24 frames (18 detections)
2026-03-16 20:43:31,353 INFO vex_extract.cursor:   Cursor: 20/24 frames (20 detections)
2026-03-16 20:43:31,384 INFO vex_extract.cursor:   Cursor: 22/24 frames (22 detections)
2026-03-16 20:43:32,540 INFO vex_extract.cursor:   Cursor: pass 2 — 15 frames at 5.0 FPS [261500ms-264500ms]
2026-03-16 20:43:32,637 INFO vex_extract.cursor:   Cursor: 1/15 frames (1 detections)
2026-03-16 20:43:32,653 INFO vex_extract.cursor:   Cursor: 2/15 frames (2 detections)
2026-03-16 20:43:32,668 INFO vex_extract.cursor:   Cursor: 3/15 frames (3 detections)
2026-03-16 20:43:32,685 INFO vex_extract.cursor:   Cursor: 4/15 frames (4 detections)
2026-03-16 20:43:32,701 INFO vex_extract.cursor:   Cursor: 5/15 frames (5 detections)
2026-03-16 20:43:32,717 INFO vex_extract.cursor:   Cursor: 6/15 frames (6 detections)
2026-03-16 20:43:32,733 INFO vex_extract.cursor:   Cursor: 7/15 frames (7 detections)
2026-03-16 20:43:32,749 INFO vex_extract.cursor:   Cursor: 8/15 frames (8 detections)
2026-03-16 20:43:32,765 INFO vex_extract.cursor:   Cursor: 9/15 frames (9 detections)
2026-03-16 20:43:32,781 INFO vex_extract.cursor:   Cursor: 10/15 frames (10 detections)
2026-03-16 20:43:32,796 INFO vex_extract.cursor:   Cursor: 11/15 frames (11 detections)
2026-03-16 20:43:32,812 INFO vex_extract.cursor:   Cursor: 12/15 frames (12 detections)
2026-03-16 20:43:32,828 INFO vex_extract.cursor:   Cursor: 13/15 frames (13 detections)
2026-03-16 20:43:32,844 INFO vex_extract.cursor:   Cursor: 14/15 frames (14 detections)
2026-03-16 20:43:34,088 INFO vex_extract.cursor:   Cursor: pass 2 — 31 frames at 5.0 FPS [266500ms-272500ms]
2026-03-16 20:43:34,214 INFO vex_extract.cursor:   Cursor: 3/31 frames (3 detections)
2026-03-16 20:43:34,262 INFO vex_extract.cursor:   Cursor: 6/31 frames (6 detections)
2026-03-16 20:43:34,309 INFO vex_extract.cursor:   Cursor: 9/31 frames (9 detections)
2026-03-16 20:43:34,357 INFO vex_extract.cursor:   Cursor: 12/31 frames (12 detections)
2026-03-16 20:43:34,405 INFO vex_extract.cursor:   Cursor: 15/31 frames (15 detections)
2026-03-16 20:43:34,452 INFO vex_extract.cursor:   Cursor: 18/31 frames (18 detections)
2026-03-16 20:43:34,500 INFO vex_extract.cursor:   Cursor: 21/31 frames (21 detections)
2026-03-16 20:43:34,548 INFO vex_extract.cursor:   Cursor: 24/31 frames (24 detections)
2026-03-16 20:43:34,597 INFO vex_extract.cursor:   Cursor: 27/31 frames (27 detections)
2026-03-16 20:43:34,645 INFO vex_extract.cursor:   Cursor: 30/31 frames (30 detections)
2026-03-16 20:43:35,866 INFO vex_extract.cursor:   Cursor: pass 2 — 16 frames at 5.0 FPS [274500ms-277500ms]
2026-03-16 20:43:35,963 INFO vex_extract.cursor:   Cursor: 1/16 frames (1 detections)
2026-03-16 20:43:35,979 INFO vex_extract.cursor:   Cursor: 2/16 frames (2 detections)
2026-03-16 20:43:35,994 INFO vex_extract.cursor:   Cursor: 3/16 frames (3 detections)
2026-03-16 20:43:36,011 INFO vex_extract.cursor:   Cursor: 4/16 frames (4 detections)
2026-03-16 20:43:36,027 INFO vex_extract.cursor:   Cursor: 5/16 frames (5 detections)
2026-03-16 20:43:36,043 INFO vex_extract.cursor:   Cursor: 6/16 frames (6 detections)
2026-03-16 20:43:36,059 INFO vex_extract.cursor:   Cursor: 7/16 frames (7 detections)
2026-03-16 20:43:36,075 INFO vex_extract.cursor:   Cursor: 8/16 frames (8 detections)
2026-03-16 20:43:36,091 INFO vex_extract.cursor:   Cursor: 9/16 frames (9 detections)
2026-03-16 20:43:36,107 INFO vex_extract.cursor:   Cursor: 10/16 frames (10 detections)
2026-03-16 20:43:36,123 INFO vex_extract.cursor:   Cursor: 11/16 frames (11 detections)
2026-03-16 20:43:36,139 INFO vex_extract.cursor:   Cursor: 12/16 frames (12 detections)
2026-03-16 20:43:36,155 INFO vex_extract.cursor:   Cursor: 13/16 frames (13 detections)
2026-03-16 20:43:36,171 INFO vex_extract.cursor:   Cursor: 14/16 frames (14 detections)
2026-03-16 20:43:36,187 INFO vex_extract.cursor:   Cursor: 15/16 frames (15 detections)
2026-03-16 20:43:37,408 INFO vex_extract.cursor:   Cursor: pass 2 — 11 frames at 5.0 FPS [278500ms-280500ms]
2026-03-16 20:43:37,503 INFO vex_extract.cursor:   Cursor: 1/11 frames (1 detections)
2026-03-16 20:43:37,519 INFO vex_extract.cursor:   Cursor: 2/11 frames (2 detections)
2026-03-16 20:43:37,535 INFO vex_extract.cursor:   Cursor: 3/11 frames (3 detections)
2026-03-16 20:43:37,551 INFO vex_extract.cursor:   Cursor: 4/11 frames (4 detections)
2026-03-16 20:43:37,567 INFO vex_extract.cursor:   Cursor: 5/11 frames (5 detections)
2026-03-16 20:43:37,583 INFO vex_extract.cursor:   Cursor: 6/11 frames (6 detections)
2026-03-16 20:43:37,598 INFO vex_extract.cursor:   Cursor: 7/11 frames (7 detections)
2026-03-16 20:43:37,614 INFO vex_extract.cursor:   Cursor: 8/11 frames (8 detections)
2026-03-16 20:43:37,630 INFO vex_extract.cursor:   Cursor: 9/11 frames (9 detections)
2026-03-16 20:43:37,645 INFO vex_extract.cursor:   Cursor: 10/11 frames (10 detections)
2026-03-16 20:43:38,888 INFO vex_extract.cursor:   Cursor: pass 2 — 11 frames at 5.0 FPS [282500ms-284500ms]
2026-03-16 20:43:38,983 INFO vex_extract.cursor:   Cursor: 1/11 frames (1 detections)
2026-03-16 20:43:38,999 INFO vex_extract.cursor:   Cursor: 2/11 frames (2 detections)
2026-03-16 20:43:39,015 INFO vex_extract.cursor:   Cursor: 3/11 frames (3 detections)
2026-03-16 20:43:39,031 INFO vex_extract.cursor:   Cursor: 4/11 frames (4 detections)
2026-03-16 20:43:39,046 INFO vex_extract.cursor:   Cursor: 5/11 frames (5 detections)
2026-03-16 20:43:39,062 INFO vex_extract.cursor:   Cursor: 6/11 frames (6 detections)
2026-03-16 20:43:39,078 INFO vex_extract.cursor:   Cursor: 7/11 frames (7 detections)
2026-03-16 20:43:39,095 INFO vex_extract.cursor:   Cursor: 8/11 frames (8 detections)
2026-03-16 20:43:39,111 INFO vex_extract.cursor:   Cursor: 9/11 frames (9 detections)
2026-03-16 20:43:39,127 INFO vex_extract.cursor:   Cursor: 10/11 frames (10 detections)
2026-03-16 20:43:40,406 INFO vex_extract.cursor:   Cursor: pass 2 — 11 frames at 5.0 FPS [299500ms-301500ms]
2026-03-16 20:43:40,502 INFO vex_extract.cursor:   Cursor: 1/11 frames (1 detections)
2026-03-16 20:43:40,519 INFO vex_extract.cursor:   Cursor: 2/11 frames (2 detections)
2026-03-16 20:43:40,535 INFO vex_extract.cursor:   Cursor: 3/11 frames (3 detections)
2026-03-16 20:43:40,550 INFO vex_extract.cursor:   Cursor: 4/11 frames (4 detections)
2026-03-16 20:43:40,566 INFO vex_extract.cursor:   Cursor: 5/11 frames (5 detections)
2026-03-16 20:43:40,582 INFO vex_extract.cursor:   Cursor: 6/11 frames (6 detections)
2026-03-16 20:43:40,598 INFO vex_extract.cursor:   Cursor: 7/11 frames (7 detections)
2026-03-16 20:43:40,614 INFO vex_extract.cursor:   Cursor: 8/11 frames (8 detections)
2026-03-16 20:43:40,631 INFO vex_extract.cursor:   Cursor: 9/11 frames (9 detections)
2026-03-16 20:43:40,646 INFO vex_extract.cursor:   Cursor: 10/11 frames (10 detections)
2026-03-16 20:43:42,025 INFO vex_extract.cursor:   Cursor: pass 2 — 16 frames at 5.0 FPS [319500ms-322500ms]
2026-03-16 20:43:42,119 INFO vex_extract.cursor:   Cursor: 1/16 frames (1 detections)
2026-03-16 20:43:42,135 INFO vex_extract.cursor:   Cursor: 2/16 frames (2 detections)
2026-03-16 20:43:42,150 INFO vex_extract.cursor:   Cursor: 3/16 frames (3 detections)
2026-03-16 20:43:42,166 INFO vex_extract.cursor:   Cursor: 4/16 frames (4 detections)
2026-03-16 20:43:42,182 INFO vex_extract.cursor:   Cursor: 5/16 frames (5 detections)
2026-03-16 20:43:42,198 INFO vex_extract.cursor:   Cursor: 6/16 frames (6 detections)
2026-03-16 20:43:42,213 INFO vex_extract.cursor:   Cursor: 7/16 frames (7 detections)
2026-03-16 20:43:42,229 INFO vex_extract.cursor:   Cursor: 8/16 frames (8 detections)
2026-03-16 20:43:42,245 INFO vex_extract.cursor:   Cursor: 9/16 frames (9 detections)
2026-03-16 20:43:42,261 INFO vex_extract.cursor:   Cursor: 10/16 frames (10 detections)
2026-03-16 20:43:42,277 INFO vex_extract.cursor:   Cursor: 11/16 frames (11 detections)
2026-03-16 20:43:42,293 INFO vex_extract.cursor:   Cursor: 12/16 frames (12 detections)
2026-03-16 20:43:42,309 INFO vex_extract.cursor:   Cursor: 13/16 frames (13 detections)
2026-03-16 20:43:42,325 INFO vex_extract.cursor:   Cursor: 14/16 frames (14 detections)
2026-03-16 20:43:42,340 INFO vex_extract.cursor:   Cursor: 15/16 frames (15 detections)
2026-03-16 20:43:43,737 INFO vex_extract.cursor:   Cursor: pass 2 — 16 frames at 5.0 FPS [323500ms-326500ms]
2026-03-16 20:43:43,833 INFO vex_extract.cursor:   Cursor: 1/16 frames (1 detections)
2026-03-16 20:43:43,849 INFO vex_extract.cursor:   Cursor: 2/16 frames (2 detections)
2026-03-16 20:43:43,865 INFO vex_extract.cursor:   Cursor: 3/16 frames (3 detections)
2026-03-16 20:43:43,881 INFO vex_extract.cursor:   Cursor: 4/16 frames (4 detections)
2026-03-16 20:43:43,897 INFO vex_extract.cursor:   Cursor: 5/16 frames (5 detections)
2026-03-16 20:43:43,913 INFO vex_extract.cursor:   Cursor: 6/16 frames (6 detections)
2026-03-16 20:43:43,928 INFO vex_extract.cursor:   Cursor: 7/16 frames (7 detections)
2026-03-16 20:43:43,945 INFO vex_extract.cursor:   Cursor: 8/16 frames (8 detections)
2026-03-16 20:43:43,961 INFO vex_extract.cursor:   Cursor: 9/16 frames (9 detections)
2026-03-16 20:43:43,976 INFO vex_extract.cursor:   Cursor: 10/16 frames (10 detections)
2026-03-16 20:43:43,992 INFO vex_extract.cursor:   Cursor: 11/16 frames (11 detections)
2026-03-16 20:43:44,008 INFO vex_extract.cursor:   Cursor: 12/16 frames (12 detections)
2026-03-16 20:43:44,024 INFO vex_extract.cursor:   Cursor: 13/16 frames (13 detections)
2026-03-16 20:43:44,041 INFO vex_extract.cursor:   Cursor: 14/16 frames (14 detections)
2026-03-16 20:43:44,056 INFO vex_extract.cursor:   Cursor: 15/16 frames (15 detections)
2026-03-16 20:43:45,490 INFO vex_extract.cursor:   Cursor: pass 2 — 11 frames at 5.0 FPS [332500ms-334500ms]
2026-03-16 20:43:45,584 INFO vex_extract.cursor:   Cursor: 1/11 frames (1 detections)
2026-03-16 20:43:45,600 INFO vex_extract.cursor:   Cursor: 2/11 frames (2 detections)
2026-03-16 20:43:45,616 INFO vex_extract.cursor:   Cursor: 3/11 frames (3 detections)
2026-03-16 20:43:45,632 INFO vex_extract.cursor:   Cursor: 4/11 frames (4 detections)
2026-03-16 20:43:45,648 INFO vex_extract.cursor:   Cursor: 5/11 frames (5 detections)
2026-03-16 20:43:45,663 INFO vex_extract.cursor:   Cursor: 6/11 frames (6 detections)
2026-03-16 20:43:45,679 INFO vex_extract.cursor:   Cursor: 7/11 frames (7 detections)
2026-03-16 20:43:45,695 INFO vex_extract.cursor:   Cursor: 8/11 frames (8 detections)
2026-03-16 20:43:45,710 INFO vex_extract.cursor:   Cursor: 9/11 frames (9 detections)
2026-03-16 20:43:45,726 INFO vex_extract.cursor:   Cursor: 10/11 frames (10 detections)
2026-03-16 20:43:47,167 INFO vex_extract.cursor:   Cursor: pass 2 — 16 frames at 5.0 FPS [338500ms-341500ms]
2026-03-16 20:43:47,262 INFO vex_extract.cursor:   Cursor: 1/16 frames (1 detections)
2026-03-16 20:43:47,278 INFO vex_extract.cursor:   Cursor: 2/16 frames (2 detections)
2026-03-16 20:43:47,293 INFO vex_extract.cursor:   Cursor: 3/16 frames (3 detections)
2026-03-16 20:43:47,309 INFO vex_extract.cursor:   Cursor: 4/16 frames (4 detections)
2026-03-16 20:43:47,325 INFO vex_extract.cursor:   Cursor: 5/16 frames (5 detections)
2026-03-16 20:43:47,341 INFO vex_extract.cursor:   Cursor: 6/16 frames (6 detections)
2026-03-16 20:43:47,357 INFO vex_extract.cursor:   Cursor: 7/16 frames (7 detections)
2026-03-16 20:43:47,372 INFO vex_extract.cursor:   Cursor: 8/16 frames (8 detections)
2026-03-16 20:43:47,388 INFO vex_extract.cursor:   Cursor: 9/16 frames (9 detections)
2026-03-16 20:43:47,404 INFO vex_extract.cursor:   Cursor: 10/16 frames (10 detections)
2026-03-16 20:43:47,420 INFO vex_extract.cursor:   Cursor: 11/16 frames (11 detections)
2026-03-16 20:43:47,436 INFO vex_extract.cursor:   Cursor: 12/16 frames (12 detections)
2026-03-16 20:43:47,452 INFO vex_extract.cursor:   Cursor: 13/16 frames (13 detections)
2026-03-16 20:43:47,468 INFO vex_extract.cursor:   Cursor: 14/16 frames (14 detections)
2026-03-16 20:43:47,484 INFO vex_extract.cursor:   Cursor: 15/16 frames (15 detections)
2026-03-16 20:43:49,065 INFO vex_extract.cursor:   Cursor: pass 2 — 41 frames at 5.0 FPS [347500ms-355500ms]
2026-03-16 20:43:49,207 INFO vex_extract.cursor:   Cursor: 4/41 frames (4 detections)
2026-03-16 20:43:49,276 INFO vex_extract.cursor:   Cursor: 8/41 frames (8 detections)
2026-03-16 20:43:49,341 INFO vex_extract.cursor:   Cursor: 12/41 frames (12 detections)
2026-03-16 20:43:49,405 INFO vex_extract.cursor:   Cursor: 16/41 frames (16 detections)
2026-03-16 20:43:49,468 INFO vex_extract.cursor:   Cursor: 20/41 frames (20 detections)
2026-03-16 20:43:49,532 INFO vex_extract.cursor:   Cursor: 24/41 frames (24 detections)
2026-03-16 20:43:49,594 INFO vex_extract.cursor:   Cursor: 28/41 frames (28 detections)
2026-03-16 20:43:49,657 INFO vex_extract.cursor:   Cursor: 32/41 frames (32 detections)
2026-03-16 20:43:49,719 INFO vex_extract.cursor:   Cursor: 36/41 frames (36 detections)
2026-03-16 20:43:49,782 INFO vex_extract.cursor:   Cursor: 40/41 frames (40 detections)
2026-03-16 20:43:51,274 INFO vex_extract.cursor:   Cursor: pass 2 — 16 frames at 5.0 FPS [356500ms-359500ms]
2026-03-16 20:43:51,370 INFO vex_extract.cursor:   Cursor: 1/16 frames (1 detections)
2026-03-16 20:43:51,386 INFO vex_extract.cursor:   Cursor: 2/16 frames (2 detections)
2026-03-16 20:43:51,402 INFO vex_extract.cursor:   Cursor: 3/16 frames (3 detections)
2026-03-16 20:43:51,418 INFO vex_extract.cursor:   Cursor: 4/16 frames (4 detections)
2026-03-16 20:43:51,433 INFO vex_extract.cursor:   Cursor: 5/16 frames (5 detections)
2026-03-16 20:43:51,449 INFO vex_extract.cursor:   Cursor: 6/16 frames (6 detections)
2026-03-16 20:43:51,464 INFO vex_extract.cursor:   Cursor: 7/16 frames (7 detections)
2026-03-16 20:43:51,480 INFO vex_extract.cursor:   Cursor: 8/16 frames (8 detections)
2026-03-16 20:43:51,496 INFO vex_extract.cursor:   Cursor: 9/16 frames (9 detections)
2026-03-16 20:43:51,511 INFO vex_extract.cursor:   Cursor: 10/16 frames (10 detections)
2026-03-16 20:43:51,527 INFO vex_extract.cursor:   Cursor: 11/16 frames (11 detections)
2026-03-16 20:43:51,543 INFO vex_extract.cursor:   Cursor: 12/16 frames (12 detections)
2026-03-16 20:43:51,559 INFO vex_extract.cursor:   Cursor: 13/16 frames (13 detections)
2026-03-16 20:43:51,574 INFO vex_extract.cursor:   Cursor: 14/16 frames (14 detections)
2026-03-16 20:43:51,590 INFO vex_extract.cursor:   Cursor: 15/16 frames (15 detections)
2026-03-16 20:43:53,115 INFO vex_extract.cursor:   Cursor: pass 2 — 11 frames at 5.0 FPS [362500ms-364500ms]
2026-03-16 20:43:53,209 INFO vex_extract.cursor:   Cursor: 1/11 frames (1 detections)
2026-03-16 20:43:53,225 INFO vex_extract.cursor:   Cursor: 2/11 frames (2 detections)
2026-03-16 20:43:53,241 INFO vex_extract.cursor:   Cursor: 3/11 frames (3 detections)
2026-03-16 20:43:53,256 INFO vex_extract.cursor:   Cursor: 4/11 frames (4 detections)
2026-03-16 20:43:53,272 INFO vex_extract.cursor:   Cursor: 5/11 frames (5 detections)
2026-03-16 20:43:53,289 INFO vex_extract.cursor:   Cursor: 6/11 frames (6 detections)
2026-03-16 20:43:53,305 INFO vex_extract.cursor:   Cursor: 7/11 frames (7 detections)
2026-03-16 20:43:53,321 INFO vex_extract.cursor:   Cursor: 8/11 frames (8 detections)
2026-03-16 20:43:53,337 INFO vex_extract.cursor:   Cursor: 9/11 frames (9 detections)
2026-03-16 20:43:53,353 INFO vex_extract.cursor:   Cursor: 10/11 frames (10 detections)
2026-03-16 20:43:54,885 INFO vex_extract.cursor:   Cursor: pass 2 — 11 frames at 5.0 FPS [366500ms-368500ms]
2026-03-16 20:43:54,978 INFO vex_extract.cursor:   Cursor: 1/11 frames (1 detections)
2026-03-16 20:43:54,994 INFO vex_extract.cursor:   Cursor: 2/11 frames (2 detections)
2026-03-16 20:43:55,010 INFO vex_extract.cursor:   Cursor: 3/11 frames (3 detections)
2026-03-16 20:43:55,027 INFO vex_extract.cursor:   Cursor: 4/11 frames (4 detections)
2026-03-16 20:43:55,043 INFO vex_extract.cursor:   Cursor: 5/11 frames (5 detections)
2026-03-16 20:43:55,059 INFO vex_extract.cursor:   Cursor: 6/11 frames (6 detections)
2026-03-16 20:43:55,075 INFO vex_extract.cursor:   Cursor: 7/11 frames (7 detections)
2026-03-16 20:43:55,091 INFO vex_extract.cursor:   Cursor: 8/11 frames (8 detections)
2026-03-16 20:43:55,107 INFO vex_extract.cursor:   Cursor: 9/11 frames (9 detections)
2026-03-16 20:43:55,123 INFO vex_extract.cursor:   Cursor: 10/11 frames (10 detections)
2026-03-16 20:43:56,733 INFO vex_extract.cursor:   Cursor: pass 2 — 26 frames at 5.0 FPS [371500ms-376500ms]
2026-03-16 20:43:56,844 INFO vex_extract.cursor:   Cursor: 2/26 frames (2 detections)
2026-03-16 20:43:56,875 INFO vex_extract.cursor:   Cursor: 4/26 frames (4 detections)
2026-03-16 20:43:56,907 INFO vex_extract.cursor:   Cursor: 6/26 frames (6 detections)
2026-03-16 20:43:56,938 INFO vex_extract.cursor:   Cursor: 8/26 frames (8 detections)
2026-03-16 20:43:56,970 INFO vex_extract.cursor:   Cursor: 10/26 frames (10 detections)
2026-03-16 20:43:57,002 INFO vex_extract.cursor:   Cursor: 12/26 frames (12 detections)
2026-03-16 20:43:57,033 INFO vex_extract.cursor:   Cursor: 14/26 frames (14 detections)
2026-03-16 20:43:57,065 INFO vex_extract.cursor:   Cursor: 16/26 frames (16 detections)
2026-03-16 20:43:57,096 INFO vex_extract.cursor:   Cursor: 18/26 frames (18 detections)
2026-03-16 20:43:57,127 INFO vex_extract.cursor:   Cursor: 20/26 frames (20 detections)
2026-03-16 20:43:57,159 INFO vex_extract.cursor:   Cursor: 22/26 frames (22 detections)
2026-03-16 20:43:57,190 INFO vex_extract.cursor:   Cursor: 24/26 frames (24 detections)
2026-03-16 20:43:58,824 INFO vex_extract.cursor:   Cursor: pass 2 — 16 frames at 5.0 FPS [379500ms-382500ms]
2026-03-16 20:43:58,919 INFO vex_extract.cursor:   Cursor: 1/16 frames (1 detections)
2026-03-16 20:43:58,935 INFO vex_extract.cursor:   Cursor: 2/16 frames (2 detections)
2026-03-16 20:43:58,950 INFO vex_extract.cursor:   Cursor: 3/16 frames (3 detections)
2026-03-16 20:43:58,966 INFO vex_extract.cursor:   Cursor: 4/16 frames (4 detections)
2026-03-16 20:43:58,982 INFO vex_extract.cursor:   Cursor: 5/16 frames (5 detections)
2026-03-16 20:43:58,998 INFO vex_extract.cursor:   Cursor: 6/16 frames (6 detections)
2026-03-16 20:43:59,014 INFO vex_extract.cursor:   Cursor: 7/16 frames (7 detections)
2026-03-16 20:43:59,029 INFO vex_extract.cursor:   Cursor: 8/16 frames (8 detections)
2026-03-16 20:43:59,045 INFO vex_extract.cursor:   Cursor: 9/16 frames (9 detections)
2026-03-16 20:43:59,060 INFO vex_extract.cursor:   Cursor: 10/16 frames (10 detections)
2026-03-16 20:43:59,076 INFO vex_extract.cursor:   Cursor: 11/16 frames (11 detections)
2026-03-16 20:43:59,092 INFO vex_extract.cursor:   Cursor: 12/16 frames (12 detections)
2026-03-16 20:43:59,108 INFO vex_extract.cursor:   Cursor: 13/16 frames (13 detections)
2026-03-16 20:43:59,124 INFO vex_extract.cursor:   Cursor: 14/16 frames (14 detections)
2026-03-16 20:43:59,140 INFO vex_extract.cursor:   Cursor: 15/16 frames (15 detections)
2026-03-16 20:43:59,157 INFO vex_extract.cursor:   Cursor: merged 1133 detections (1132 detected)
2026-03-16 20:43:59,157 INFO vex_extract.cursor:   Cursor: filtering 16 static detections at (993.0, 588.0) spanning 7600ms
2026-03-16 20:43:59,157 INFO vex_extract.cursor:   Cursor: filtering 8 static detections at (771.0, 751.0) spanning 3300ms
2026-03-16 20:43:59,157 INFO vex_extract.cursor:   Cursor: filtering 10 static detections at (1937.0, 873.0) spanning 3733ms
2026-03-16 20:43:59,157 INFO vex_extract.cursor:   Cursor: filtering 9 static detections at (1939.0, 966.0) spanning 3133ms
2026-03-16 20:43:59,157 INFO vex_extract.cursor:   Cursor: filtering 5 static detections at (1937.0, 472.0) spanning 4000ms
2026-03-16 20:43:59,157 INFO vex_extract.cursor:   Cursor: filtering 11 static detections at (1416.0, 875.0) spanning 6400ms
2026-03-16 20:43:59,157 INFO vex_extract.cursor:   Cursor: filtering 12 static detections at (860.0, 604.0) spanning 4567ms
2026-03-16 20:43:59,157 INFO vex_extract.cursor:   Cursor: filtering 7 static detections at (1238.0, 786.0) spanning 3200ms
2026-03-16 20:43:59,157 INFO vex_extract.cursor:   Cursor: filtering 5 static detections at (1122.0, 303.0) spanning 4000ms
2026-03-16 20:43:59,157 INFO vex_extract.cursor:   Cursor: filtering 12 static detections at (1461.0, 303.0) spanning 11000ms
2026-03-16 20:43:59,157 INFO vex_extract.cursor:   Cursor: filtering 6 static detections at (684.0, 592.0) spanning 5000ms
2026-03-16 20:43:59,157 INFO vex_extract.cursor:   Cursor: filtering 16 static detections at (1667.0, 945.0) spanning 3000ms
2026-03-16 20:43:59,157 INFO vex_extract.cursor:   Cursor: filtering 5 static detections at (1304.0, 821.0) spanning 4000ms
2026-03-16 20:43:59,157 INFO vex_extract.cursor:   Cursor: filtering 4 static detections at (1461.0, 303.0) spanning 3000ms
2026-03-16 20:43:59,157 INFO vex_extract.cursor:   Cursor: filtering 6 static detections at (1461.0, 303.0) spanning 5000ms
2026-03-16 20:43:59,157 INFO vex_extract.cursor:   Cursor: filtering 15 static detections at (607.0, 832.0) spanning 14000ms
2026-03-16 20:43:59,157 INFO vex_extract.cursor:   Cursor: filtering 18 static detections at (908.0, 647.0) spanning 3667ms
2026-03-16 20:43:59,157 INFO vex_extract.cursor:   Cursor: filtering 24 static detections at (918.0, 34.0) spanning 4867ms
2026-03-16 20:43:59,157 INFO vex_extract.cursor:   Cursor: filtering 18 static detections at (1360.0, 780.0) spanning 17000ms
2026-03-16 20:43:59,157 INFO vex_extract.cursor:   Cursor: filtering 8 static detections at (1108.0, 561.0) spanning 7000ms
2026-03-16 20:43:59,157 INFO vex_extract.cursor:   Cursor: filtering 7 static detections at (1108.0, 563.0) spanning 6000ms
2026-03-16 20:43:59,157 INFO vex_extract.cursor:   Cursor: filtering 7 static detections at (481.0, 762.0) spanning 6000ms
2026-03-16 20:43:59,157 INFO vex_extract.cursor:   Cursor: filtering 9 static detections at (481.0, 764.0) spanning 8000ms
2026-03-16 20:43:59,157 INFO vex_extract.cursor:   Cursor: filtering 16 static detections at (1815.0, 465.0) spanning 3000ms
2026-03-16 20:43:59,157 INFO vex_extract.cursor:   Cursor: filtering 12 static detections at (1161.0, 948.0) spanning 6500ms
2026-03-16 20:43:59,157 INFO vex_extract.cursor:   Cursor: filtering 9 static detections at (1461.0, 303.0) spanning 4300ms
2026-03-16 20:43:59,158 INFO vex_extract.cursor:   Cursor: filtering 6 static detections at (1461.0, 303.0) spanning 5000ms
2026-03-16 20:43:59,158 INFO vex_extract.cursor:   Cursor: filtering 16 static detections at (918.0, 34.0) spanning 3000ms
2026-03-16 20:43:59,158 INFO vex_extract.cursor:   Cursor: filtering 9 static detections at (605.0, 1028.0) spanning 8000ms
2026-03-16 20:43:59,161 INFO vex_extract.pipeline:   Cached cursor trajectory: /Users/nic/Developer/spike-air-315-vision-processing/candidates/2026-03-14/tmp/cv/flight_centre_booking_kay_7476a342_cursor/cursor_trajectory.json
2026-03-16 20:43:59,161 INFO vex_extract.pipeline:   1133 cursor detections (826 detected) in 68.7s
2026-03-16 20:43:59,161 INFO vex_extract.pipeline: Step 3: Computing optical flow...
2026-03-16 20:44:01,408 INFO vex_extract.flow:   Flow: computing across 782 frame pairs...
2026-03-16 20:44:04,221 INFO vex_extract.pipeline:   Cached flow windows: /Users/nic/Developer/spike-air-315-vision-processing/candidates/2026-03-14/tmp/cv/flight_centre_booking_kay_bb5a87ef_7476a342_flow/flow_windows.json
2026-03-16 20:44:04,221 INFO vex_extract.pipeline:   781 flow windows in 5.1s
2026-03-16 20:44:04,222 INFO vex_extract.pipeline: Step 4: Creating video segments...
2026-03-16 20:44:04,222 INFO vex_extract.pipeline:   6 segments
2026-03-16 20:44:04,222 INFO vex_extract.pipeline:   Segment 0: cached
2026-03-16 20:44:04,222 INFO vex_extract.pipeline:   Segment 1: cached
2026-03-16 20:44:04,222 INFO vex_extract.pipeline:   Segment 2: cached
2026-03-16 20:44:04,222 INFO vex_extract.pipeline:   Segment 3: cached
2026-03-16 20:44:04,222 INFO vex_extract.pipeline:   Segment 4: cached
2026-03-16 20:44:04,222 INFO vex_extract.pipeline:   Segment 5: cached
2026-03-16 20:44:04,222 INFO vex_extract.pipeline: Step 5: Preparing prompts...
2026-03-16 20:44:04,223 INFO vex_extract.analysis: Segment 0: prompt prepared (12581 chars)
2026-03-16 20:44:04,224 INFO vex_extract.analysis: Segment 1: prompt prepared (11840 chars)
2026-03-16 20:44:04,224 INFO vex_extract.analysis: Segment 2: prompt prepared (11286 chars)
2026-03-16 20:44:04,225 INFO vex_extract.analysis: Segment 3: prompt prepared (10595 chars)
2026-03-16 20:44:04,226 INFO vex_extract.analysis: Segment 4: prompt prepared (11121 chars)
2026-03-16 20:44:04,226 INFO vex_extract.analysis: Segment 5: prompt prepared (11134 chars)
2026-03-16 20:44:04,226 INFO vex_extract.pipeline:   6 prompts prepared
2026-03-16 20:44:04,226 INFO vex_extract.pipeline: Stopped after: prompt
