2026-03-16 20:33:18,227 INFO vex_extract.pipeline: === Video Event Extractor ===
2026-03-16 20:33:18,228 INFO vex_extract.pipeline: Video: /Users/nic/Developer/spike-air-315-vision-processing/input_data/screen_tracks/travel_expert_william.webm
2026-03-16 20:33:18,228 INFO vex_extract.pipeline: Offset: 29884 ms
2026-03-16 20:33:18,228 INFO vex_extract.pipeline: Run ID: 2026-03-16_103318
2026-03-16 20:33:18,228 INFO vex_extract.pipeline: Stop after: prompt
2026-03-16 20:33:18,228 INFO vex_extract.pipeline: Step 1: Normalizing video...
2026-03-16 20:33:18,228 INFO vex_extract.pipeline:   Using cached normalized video: /Users/nic/Developer/spike-air-315-vision-processing/candidates/2026-03-14/tmp/travel_expert_william_normalized.mp4
2026-03-16 20:33:18,256 INFO vex_extract.pipeline:   Duration: 358.1s, 1874x1106, 15.7 fps
2026-03-16 20:33:18,256 INFO vex_extract.pipeline: Step 2: Tracking cursor...
2026-03-16 20:33:19,824 INFO vex_extract.cursor:   Cursor: pass 1 — matching 324 frames at 1.0 FPS against 6 templates x 7 scales at 540p...
2026-03-16 20:33:20,601 INFO vex_extract.cursor:   Cursor: 32/324 frames (32 detections)
2026-03-16 20:33:21,405 INFO vex_extract.cursor:   Cursor: 64/324 frames (64 detections)
2026-03-16 20:33:21,864 INFO vex_extract.cursor:   Cursor: 96/324 frames (96 detections)
2026-03-16 20:33:22,400 INFO vex_extract.cursor:   Cursor: 128/324 frames (128 detections)
2026-03-16 20:33:22,866 INFO vex_extract.cursor:   Cursor: 160/324 frames (160 detections)
2026-03-16 20:33:23,288 INFO vex_extract.cursor:   Cursor: 192/324 frames (192 detections)
2026-03-16 20:33:23,748 INFO vex_extract.cursor:   Cursor: 224/324 frames (224 detections)
2026-03-16 20:33:24,224 INFO vex_extract.cursor:   Cursor: 256/324 frames (256 detections)
2026-03-16 20:33:24,658 INFO vex_extract.cursor:   Cursor: 288/324 frames (288 detections)
2026-03-16 20:33:25,100 INFO vex_extract.cursor:   Cursor: 320/324 frames (320 detections)
2026-03-16 20:33:25,173 INFO vex_extract.cursor:   Cursor: calibrated to scales (0.3, 0.4) from coarse pass
2026-03-16 20:33:25,173 INFO vex_extract.cursor:   Cursor: 47 active regions identified
2026-03-16 20:33:25,209 INFO vex_extract.cursor:   Cursor: pass 2 — 8 frames at 5.0 FPS [658ms-2691ms]
2026-03-16 20:33:25,287 INFO vex_extract.cursor:   Cursor: 1/8 frames (1 detections)
2026-03-16 20:33:25,301 INFO vex_extract.cursor:   Cursor: 2/8 frames (2 detections)
2026-03-16 20:33:25,313 INFO vex_extract.cursor:   Cursor: 3/8 frames (3 detections)
2026-03-16 20:33:25,326 INFO vex_extract.cursor:   Cursor: 4/8 frames (4 detections)
2026-03-16 20:33:25,339 INFO vex_extract.cursor:   Cursor: 5/8 frames (5 detections)
2026-03-16 20:33:25,353 INFO vex_extract.cursor:   Cursor: 6/8 frames (6 detections)
2026-03-16 20:33:25,366 INFO vex_extract.cursor:   Cursor: 7/8 frames (7 detections)
2026-03-16 20:33:25,442 INFO vex_extract.cursor:   Cursor: pass 2 — 14 frames at 5.0 FPS [5779ms-8845ms]
2026-03-16 20:33:25,520 INFO vex_extract.cursor:   Cursor: 1/14 frames (1 detections)
2026-03-16 20:33:25,533 INFO vex_extract.cursor:   Cursor: 2/14 frames (2 detections)
2026-03-16 20:33:25,546 INFO vex_extract.cursor:   Cursor: 3/14 frames (3 detections)
2026-03-16 20:33:25,558 INFO vex_extract.cursor:   Cursor: 4/14 frames (4 detections)
2026-03-16 20:33:25,571 INFO vex_extract.cursor:   Cursor: 5/14 frames (5 detections)
2026-03-16 20:33:25,584 INFO vex_extract.cursor:   Cursor: 6/14 frames (6 detections)
2026-03-16 20:33:25,597 INFO vex_extract.cursor:   Cursor: 7/14 frames (7 detections)
2026-03-16 20:33:25,610 INFO vex_extract.cursor:   Cursor: 8/14 frames (8 detections)
2026-03-16 20:33:25,623 INFO vex_extract.cursor:   Cursor: 9/14 frames (9 detections)
2026-03-16 20:33:25,636 INFO vex_extract.cursor:   Cursor: 10/14 frames (10 detections)
2026-03-16 20:33:25,649 INFO vex_extract.cursor:   Cursor: 11/14 frames (11 detections)
2026-03-16 20:33:25,662 INFO vex_extract.cursor:   Cursor: 12/14 frames (12 detections)
2026-03-16 20:33:25,675 INFO vex_extract.cursor:   Cursor: 13/14 frames (13 detections)
2026-03-16 20:33:25,762 INFO vex_extract.cursor:   Cursor: pass 2 — 14 frames at 5.0 FPS [10928ms-14009ms]
2026-03-16 20:33:25,839 INFO vex_extract.cursor:   Cursor: 1/14 frames (1 detections)
2026-03-16 20:33:25,852 INFO vex_extract.cursor:   Cursor: 2/14 frames (2 detections)
2026-03-16 20:33:25,866 INFO vex_extract.cursor:   Cursor: 3/14 frames (3 detections)
2026-03-16 20:33:25,879 INFO vex_extract.cursor:   Cursor: 4/14 frames (4 detections)
2026-03-16 20:33:25,892 INFO vex_extract.cursor:   Cursor: 5/14 frames (5 detections)
2026-03-16 20:33:25,905 INFO vex_extract.cursor:   Cursor: 6/14 frames (6 detections)
2026-03-16 20:33:25,918 INFO vex_extract.cursor:   Cursor: 7/14 frames (7 detections)
2026-03-16 20:33:25,931 INFO vex_extract.cursor:   Cursor: 8/14 frames (8 detections)
2026-03-16 20:33:25,945 INFO vex_extract.cursor:   Cursor: 9/14 frames (9 detections)
2026-03-16 20:33:25,957 INFO vex_extract.cursor:   Cursor: 10/14 frames (10 detections)
2026-03-16 20:33:25,970 INFO vex_extract.cursor:   Cursor: 11/14 frames (11 detections)
2026-03-16 20:33:25,983 INFO vex_extract.cursor:   Cursor: 12/14 frames (12 detections)
2026-03-16 20:33:25,996 INFO vex_extract.cursor:   Cursor: 13/14 frames (13 detections)
2026-03-16 20:33:26,179 INFO vex_extract.cursor:   Cursor: pass 2 — 42 frames at 5.0 FPS [16150ms-25553ms]
2026-03-16 20:33:26,295 INFO vex_extract.cursor:   Cursor: 4/42 frames (4 detections)
2026-03-16 20:33:26,349 INFO vex_extract.cursor:   Cursor: 8/42 frames (8 detections)
2026-03-16 20:33:26,403 INFO vex_extract.cursor:   Cursor: 12/42 frames (12 detections)
2026-03-16 20:33:26,456 INFO vex_extract.cursor:   Cursor: 16/42 frames (16 detections)
2026-03-16 20:33:26,508 INFO vex_extract.cursor:   Cursor: 20/42 frames (20 detections)
2026-03-16 20:33:26,560 INFO vex_extract.cursor:   Cursor: 24/42 frames (24 detections)
2026-03-16 20:33:26,612 INFO vex_extract.cursor:   Cursor: 28/42 frames (28 detections)
2026-03-16 20:33:26,664 INFO vex_extract.cursor:   Cursor: 32/42 frames (32 detections)
2026-03-16 20:33:26,717 INFO vex_extract.cursor:   Cursor: 36/42 frames (36 detections)
2026-03-16 20:33:26,769 INFO vex_extract.cursor:   Cursor: 40/42 frames (40 detections)
2026-03-16 20:33:26,940 INFO vex_extract.cursor:   Cursor: pass 2 — 27 frames at 5.0 FPS [25606ms-31972ms]
2026-03-16 20:33:27,031 INFO vex_extract.cursor:   Cursor: 2/27 frames (2 detections)
2026-03-16 20:33:27,058 INFO vex_extract.cursor:   Cursor: 4/27 frames (4 detections)
2026-03-16 20:33:27,084 INFO vex_extract.cursor:   Cursor: 6/27 frames (6 detections)
2026-03-16 20:33:27,110 INFO vex_extract.cursor:   Cursor: 8/27 frames (8 detections)
2026-03-16 20:33:27,136 INFO vex_extract.cursor:   Cursor: 10/27 frames (10 detections)
2026-03-16 20:33:27,162 INFO vex_extract.cursor:   Cursor: 12/27 frames (12 detections)
2026-03-16 20:33:27,188 INFO vex_extract.cursor:   Cursor: 14/27 frames (14 detections)
2026-03-16 20:33:27,213 INFO vex_extract.cursor:   Cursor: 16/27 frames (16 detections)
2026-03-16 20:33:27,239 INFO vex_extract.cursor:   Cursor: 18/27 frames (18 detections)
2026-03-16 20:33:27,265 INFO vex_extract.cursor:   Cursor: 20/27 frames (20 detections)
2026-03-16 20:33:27,291 INFO vex_extract.cursor:   Cursor: 22/27 frames (22 detections)
2026-03-16 20:33:27,317 INFO vex_extract.cursor:   Cursor: 24/27 frames (24 detections)
2026-03-16 20:33:27,343 INFO vex_extract.cursor:   Cursor: 26/27 frames (26 detections)
2026-03-16 20:33:27,484 INFO vex_extract.cursor:   Cursor: pass 2 — 17 frames at 5.0 FPS [33035ms-37141ms]
2026-03-16 20:33:27,562 INFO vex_extract.cursor:   Cursor: 1/17 frames (1 detections)
2026-03-16 20:33:27,575 INFO vex_extract.cursor:   Cursor: 2/17 frames (2 detections)
2026-03-16 20:33:27,588 INFO vex_extract.cursor:   Cursor: 3/17 frames (3 detections)
2026-03-16 20:33:27,602 INFO vex_extract.cursor:   Cursor: 4/17 frames (4 detections)
2026-03-16 20:33:27,614 INFO vex_extract.cursor:   Cursor: 5/17 frames (5 detections)
2026-03-16 20:33:27,627 INFO vex_extract.cursor:   Cursor: 6/17 frames (6 detections)
2026-03-16 20:33:27,640 INFO vex_extract.cursor:   Cursor: 7/17 frames (7 detections)
2026-03-16 20:33:27,653 INFO vex_extract.cursor:   Cursor: 8/17 frames (8 detections)
2026-03-16 20:33:27,666 INFO vex_extract.cursor:   Cursor: 9/17 frames (9 detections)
2026-03-16 20:33:27,679 INFO vex_extract.cursor:   Cursor: 10/17 frames (10 detections)
2026-03-16 20:33:27,692 INFO vex_extract.cursor:   Cursor: 11/17 frames (11 detections)
2026-03-16 20:33:27,704 INFO vex_extract.cursor:   Cursor: 12/17 frames (12 detections)
2026-03-16 20:33:27,717 INFO vex_extract.cursor:   Cursor: 13/17 frames (13 detections)
2026-03-16 20:33:27,730 INFO vex_extract.cursor:   Cursor: 14/17 frames (14 detections)
2026-03-16 20:33:27,743 INFO vex_extract.cursor:   Cursor: 15/17 frames (15 detections)
2026-03-16 20:33:27,755 INFO vex_extract.cursor:   Cursor: 16/17 frames (16 detections)
2026-03-16 20:33:27,933 INFO vex_extract.cursor:   Cursor: pass 2 — 25 frames at 5.0 FPS [37181ms-43540ms]
2026-03-16 20:33:28,024 INFO vex_extract.cursor:   Cursor: 2/25 frames (2 detections)
2026-03-16 20:33:28,050 INFO vex_extract.cursor:   Cursor: 4/25 frames (4 detections)
2026-03-16 20:33:28,075 INFO vex_extract.cursor:   Cursor: 6/25 frames (6 detections)
2026-03-16 20:33:28,101 INFO vex_extract.cursor:   Cursor: 8/25 frames (8 detections)
2026-03-16 20:33:28,127 INFO vex_extract.cursor:   Cursor: 10/25 frames (10 detections)
2026-03-16 20:33:28,153 INFO vex_extract.cursor:   Cursor: 12/25 frames (12 detections)
2026-03-16 20:33:28,180 INFO vex_extract.cursor:   Cursor: 14/25 frames (14 detections)
2026-03-16 20:33:28,206 INFO vex_extract.cursor:   Cursor: 16/25 frames (16 detections)
2026-03-16 20:33:28,231 INFO vex_extract.cursor:   Cursor: 18/25 frames (18 detections)
2026-03-16 20:33:28,257 INFO vex_extract.cursor:   Cursor: 20/25 frames (20 detections)
2026-03-16 20:33:28,282 INFO vex_extract.cursor:   Cursor: 22/25 frames (22 detections)
2026-03-16 20:33:28,309 INFO vex_extract.cursor:   Cursor: 24/25 frames (24 detections)
2026-03-16 20:33:28,506 INFO vex_extract.cursor:   Cursor: pass 2 — 29 frames at 5.0 FPS [43750ms-52232ms]
2026-03-16 20:33:28,596 INFO vex_extract.cursor:   Cursor: 2/29 frames (2 detections)
2026-03-16 20:33:28,622 INFO vex_extract.cursor:   Cursor: 4/29 frames (4 detections)
2026-03-16 20:33:28,649 INFO vex_extract.cursor:   Cursor: 6/29 frames (6 detections)
2026-03-16 20:33:28,675 INFO vex_extract.cursor:   Cursor: 8/29 frames (8 detections)
2026-03-16 20:33:28,700 INFO vex_extract.cursor:   Cursor: 10/29 frames (10 detections)
2026-03-16 20:33:28,726 INFO vex_extract.cursor:   Cursor: 12/29 frames (12 detections)
2026-03-16 20:33:28,752 INFO vex_extract.cursor:   Cursor: 14/29 frames (14 detections)
2026-03-16 20:33:28,778 INFO vex_extract.cursor:   Cursor: 16/29 frames (16 detections)
2026-03-16 20:33:28,805 INFO vex_extract.cursor:   Cursor: 18/29 frames (18 detections)
2026-03-16 20:33:28,909 INFO vex_extract.cursor:   Cursor: 20/29 frames (20 detections)
2026-03-16 20:33:28,935 INFO vex_extract.cursor:   Cursor: 22/29 frames (22 detections)
2026-03-16 20:33:28,960 INFO vex_extract.cursor:   Cursor: 24/29 frames (24 detections)
2026-03-16 20:33:28,986 INFO vex_extract.cursor:   Cursor: 26/29 frames (26 detections)
2026-03-16 20:33:29,013 INFO vex_extract.cursor:   Cursor: 28/29 frames (28 detections)
2026-03-16 20:33:29,157 INFO vex_extract.cursor:   Cursor: pass 2 — 7 frames at 5.0 FPS [53317ms-55343ms]
2026-03-16 20:33:29,235 INFO vex_extract.cursor:   Cursor: 1/7 frames (1 detections)
2026-03-16 20:33:29,248 INFO vex_extract.cursor:   Cursor: 2/7 frames (2 detections)
2026-03-16 20:33:29,262 INFO vex_extract.cursor:   Cursor: 3/7 frames (3 detections)
2026-03-16 20:33:29,275 INFO vex_extract.cursor:   Cursor: 4/7 frames (4 detections)
2026-03-16 20:33:29,288 INFO vex_extract.cursor:   Cursor: 5/7 frames (5 detections)
2026-03-16 20:33:29,301 INFO vex_extract.cursor:   Cursor: 6/7 frames (6 detections)
2026-03-16 20:33:29,484 INFO vex_extract.cursor:   Cursor: pass 2 — 12 frames at 5.0 FPS [89129ms-92172ms]
2026-03-16 20:33:29,562 INFO vex_extract.cursor:   Cursor: 1/12 frames (1 detections)
2026-03-16 20:33:29,575 INFO vex_extract.cursor:   Cursor: 2/12 frames (2 detections)
2026-03-16 20:33:29,588 INFO vex_extract.cursor:   Cursor: 3/12 frames (3 detections)
2026-03-16 20:33:29,601 INFO vex_extract.cursor:   Cursor: 4/12 frames (4 detections)
2026-03-16 20:33:29,614 INFO vex_extract.cursor:   Cursor: 5/12 frames (5 detections)
2026-03-16 20:33:29,626 INFO vex_extract.cursor:   Cursor: 6/12 frames (6 detections)
2026-03-16 20:33:29,639 INFO vex_extract.cursor:   Cursor: 7/12 frames (7 detections)
2026-03-16 20:33:29,652 INFO vex_extract.cursor:   Cursor: 8/12 frames (8 detections)
2026-03-16 20:33:29,666 INFO vex_extract.cursor:   Cursor: 9/12 frames (9 detections)
2026-03-16 20:33:29,679 INFO vex_extract.cursor:   Cursor: 10/12 frames (10 detections)
2026-03-16 20:33:29,693 INFO vex_extract.cursor:   Cursor: 11/12 frames (11 detections)
2026-03-16 20:33:29,883 INFO vex_extract.cursor:   Cursor: pass 2 — 12 frames at 5.0 FPS [92239ms-95426ms]
2026-03-16 20:33:29,961 INFO vex_extract.cursor:   Cursor: 1/12 frames (1 detections)
2026-03-16 20:33:29,974 INFO vex_extract.cursor:   Cursor: 2/12 frames (2 detections)
2026-03-16 20:33:29,987 INFO vex_extract.cursor:   Cursor: 3/12 frames (3 detections)
2026-03-16 20:33:30,000 INFO vex_extract.cursor:   Cursor: 4/12 frames (4 detections)
2026-03-16 20:33:30,013 INFO vex_extract.cursor:   Cursor: 5/12 frames (5 detections)
2026-03-16 20:33:30,026 INFO vex_extract.cursor:   Cursor: 6/12 frames (6 detections)
2026-03-16 20:33:30,039 INFO vex_extract.cursor:   Cursor: 7/12 frames (7 detections)
2026-03-16 20:33:30,052 INFO vex_extract.cursor:   Cursor: 8/12 frames (8 detections)
2026-03-16 20:33:30,065 INFO vex_extract.cursor:   Cursor: 9/12 frames (9 detections)
2026-03-16 20:33:30,078 INFO vex_extract.cursor:   Cursor: 10/12 frames (10 detections)
2026-03-16 20:33:30,091 INFO vex_extract.cursor:   Cursor: 11/12 frames (11 detections)
2026-03-16 20:33:30,286 INFO vex_extract.cursor:   Cursor: pass 2 — 8 frames at 5.0 FPS [98643ms-100681ms]
2026-03-16 20:33:30,364 INFO vex_extract.cursor:   Cursor: 1/8 frames (1 detections)
2026-03-16 20:33:30,378 INFO vex_extract.cursor:   Cursor: 2/8 frames (2 detections)
2026-03-16 20:33:30,391 INFO vex_extract.cursor:   Cursor: 3/8 frames (3 detections)
2026-03-16 20:33:30,404 INFO vex_extract.cursor:   Cursor: 4/8 frames (4 detections)
2026-03-16 20:33:30,417 INFO vex_extract.cursor:   Cursor: 5/8 frames (5 detections)
2026-03-16 20:33:30,430 INFO vex_extract.cursor:   Cursor: 6/8 frames (6 detections)
2026-03-16 20:33:30,443 INFO vex_extract.cursor:   Cursor: 7/8 frames (7 detections)
2026-03-16 20:33:30,643 INFO vex_extract.cursor:   Cursor: pass 2 — 7 frames at 5.0 FPS [103493ms-105501ms]
2026-03-16 20:33:30,721 INFO vex_extract.cursor:   Cursor: 1/7 frames (1 detections)
2026-03-16 20:33:30,735 INFO vex_extract.cursor:   Cursor: 2/7 frames (2 detections)
2026-03-16 20:33:30,748 INFO vex_extract.cursor:   Cursor: 3/7 frames (3 detections)
2026-03-16 20:33:30,761 INFO vex_extract.cursor:   Cursor: 4/7 frames (4 detections)
2026-03-16 20:33:30,774 INFO vex_extract.cursor:   Cursor: 5/7 frames (5 detections)
2026-03-16 20:33:30,787 INFO vex_extract.cursor:   Cursor: 6/7 frames (6 detections)
2026-03-16 20:33:31,013 INFO vex_extract.cursor:   Cursor: pass 2 — 9 frames at 5.0 FPS [118966ms-120967ms]
2026-03-16 20:33:31,092 INFO vex_extract.cursor:   Cursor: 1/9 frames (1 detections)
2026-03-16 20:33:31,105 INFO vex_extract.cursor:   Cursor: 2/9 frames (2 detections)
2026-03-16 20:33:31,118 INFO vex_extract.cursor:   Cursor: 3/9 frames (3 detections)
2026-03-16 20:33:31,131 INFO vex_extract.cursor:   Cursor: 4/9 frames (4 detections)
2026-03-16 20:33:31,145 INFO vex_extract.cursor:   Cursor: 5/9 frames (5 detections)
2026-03-16 20:33:31,157 INFO vex_extract.cursor:   Cursor: 6/9 frames (6 detections)
2026-03-16 20:33:31,170 INFO vex_extract.cursor:   Cursor: 7/9 frames (7 detections)
2026-03-16 20:33:31,183 INFO vex_extract.cursor:   Cursor: 8/9 frames (8 detections)
2026-03-16 20:33:31,434 INFO vex_extract.cursor:   Cursor: pass 2 — 9 frames at 5.0 FPS [144185ms-146236ms]
2026-03-16 20:33:31,513 INFO vex_extract.cursor:   Cursor: 1/9 frames (1 detections)
2026-03-16 20:33:31,526 INFO vex_extract.cursor:   Cursor: 2/9 frames (2 detections)
2026-03-16 20:33:31,539 INFO vex_extract.cursor:   Cursor: 3/9 frames (3 detections)
2026-03-16 20:33:31,552 INFO vex_extract.cursor:   Cursor: 4/9 frames (4 detections)
2026-03-16 20:33:31,565 INFO vex_extract.cursor:   Cursor: 5/9 frames (5 detections)
2026-03-16 20:33:31,578 INFO vex_extract.cursor:   Cursor: 6/9 frames (6 detections)
2026-03-16 20:33:31,592 INFO vex_extract.cursor:   Cursor: 7/9 frames (7 detections)
2026-03-16 20:33:31,605 INFO vex_extract.cursor:   Cursor: 8/9 frames (8 detections)
2026-03-16 20:33:31,856 INFO vex_extract.cursor:   Cursor: pass 2 — 8 frames at 5.0 FPS [146241ms-148282ms]
2026-03-16 20:33:31,935 INFO vex_extract.cursor:   Cursor: 1/8 frames (1 detections)
2026-03-16 20:33:31,948 INFO vex_extract.cursor:   Cursor: 2/8 frames (2 detections)
2026-03-16 20:33:31,962 INFO vex_extract.cursor:   Cursor: 3/8 frames (3 detections)
2026-03-16 20:33:31,975 INFO vex_extract.cursor:   Cursor: 4/8 frames (4 detections)
2026-03-16 20:33:31,988 INFO vex_extract.cursor:   Cursor: 5/8 frames (5 detections)
2026-03-16 20:33:32,001 INFO vex_extract.cursor:   Cursor: 6/8 frames (6 detections)
2026-03-16 20:33:32,014 INFO vex_extract.cursor:   Cursor: 7/8 frames (7 detections)
2026-03-16 20:33:32,300 INFO vex_extract.cursor:   Cursor: pass 2 — 18 frames at 5.0 FPS [149342ms-153367ms]
2026-03-16 20:33:32,378 INFO vex_extract.cursor:   Cursor: 1/18 frames (1 detections)
2026-03-16 20:33:32,392 INFO vex_extract.cursor:   Cursor: 2/18 frames (2 detections)
2026-03-16 20:33:32,405 INFO vex_extract.cursor:   Cursor: 3/18 frames (3 detections)
2026-03-16 20:33:32,418 INFO vex_extract.cursor:   Cursor: 4/18 frames (4 detections)
2026-03-16 20:33:32,431 INFO vex_extract.cursor:   Cursor: 5/18 frames (5 detections)
2026-03-16 20:33:32,445 INFO vex_extract.cursor:   Cursor: 6/18 frames (6 detections)
2026-03-16 20:33:32,458 INFO vex_extract.cursor:   Cursor: 7/18 frames (7 detections)
2026-03-16 20:33:32,472 INFO vex_extract.cursor:   Cursor: 8/18 frames (8 detections)
2026-03-16 20:33:32,485 INFO vex_extract.cursor:   Cursor: 9/18 frames (9 detections)
2026-03-16 20:33:32,498 INFO vex_extract.cursor:   Cursor: 10/18 frames (10 detections)
2026-03-16 20:33:32,512 INFO vex_extract.cursor:   Cursor: 11/18 frames (11 detections)
2026-03-16 20:33:32,525 INFO vex_extract.cursor:   Cursor: 12/18 frames (12 detections)
2026-03-16 20:33:32,538 INFO vex_extract.cursor:   Cursor: 13/18 frames (13 detections)
2026-03-16 20:33:32,551 INFO vex_extract.cursor:   Cursor: 14/18 frames (14 detections)
2026-03-16 20:33:32,564 INFO vex_extract.cursor:   Cursor: 15/18 frames (15 detections)
2026-03-16 20:33:32,577 INFO vex_extract.cursor:   Cursor: 16/18 frames (16 detections)
2026-03-16 20:33:32,591 INFO vex_extract.cursor:   Cursor: 17/18 frames (17 detections)
2026-03-16 20:33:32,873 INFO vex_extract.cursor:   Cursor: pass 2 — 8 frames at 5.0 FPS [158502ms-160603ms]
2026-03-16 20:33:32,953 INFO vex_extract.cursor:   Cursor: 1/8 frames (1 detections)
2026-03-16 20:33:32,966 INFO vex_extract.cursor:   Cursor: 2/8 frames (2 detections)
2026-03-16 20:33:32,979 INFO vex_extract.cursor:   Cursor: 3/8 frames (3 detections)
2026-03-16 20:33:32,992 INFO vex_extract.cursor:   Cursor: 4/8 frames (4 detections)
2026-03-16 20:33:33,006 INFO vex_extract.cursor:   Cursor: 5/8 frames (5 detections)
2026-03-16 20:33:33,018 INFO vex_extract.cursor:   Cursor: 6/8 frames (6 detections)
2026-03-16 20:33:33,032 INFO vex_extract.cursor:   Cursor: 7/8 frames (7 detections)
2026-03-16 20:33:33,352 INFO vex_extract.cursor:   Cursor: pass 2 — 10 frames at 5.0 FPS [171601ms-176229ms]
2026-03-16 20:33:33,432 INFO vex_extract.cursor:   Cursor: 1/10 frames (1 detections)
2026-03-16 20:33:33,445 INFO vex_extract.cursor:   Cursor: 2/10 frames (2 detections)
2026-03-16 20:33:33,459 INFO vex_extract.cursor:   Cursor: 3/10 frames (3 detections)
2026-03-16 20:33:33,472 INFO vex_extract.cursor:   Cursor: 4/10 frames (4 detections)
2026-03-16 20:33:33,485 INFO vex_extract.cursor:   Cursor: 5/10 frames (5 detections)
2026-03-16 20:33:33,498 INFO vex_extract.cursor:   Cursor: 6/10 frames (6 detections)
2026-03-16 20:33:33,511 INFO vex_extract.cursor:   Cursor: 7/10 frames (7 detections)
2026-03-16 20:33:33,524 INFO vex_extract.cursor:   Cursor: 8/10 frames (8 detections)
2026-03-16 20:33:33,538 INFO vex_extract.cursor:   Cursor: 9/10 frames (9 detections)
2026-03-16 20:33:33,980 INFO vex_extract.cursor:   Cursor: pass 2 — 41 frames at 5.0 FPS [177718ms-190256ms]
2026-03-16 20:33:34,098 INFO vex_extract.cursor:   Cursor: 4/41 frames (4 detections)
2026-03-16 20:33:34,150 INFO vex_extract.cursor:   Cursor: 8/41 frames (8 detections)
2026-03-16 20:33:34,203 INFO vex_extract.cursor:   Cursor: 12/41 frames (12 detections)
2026-03-16 20:33:34,255 INFO vex_extract.cursor:   Cursor: 16/41 frames (16 detections)
2026-03-16 20:33:34,307 INFO vex_extract.cursor:   Cursor: 20/41 frames (20 detections)
2026-03-16 20:33:34,354 INFO vex_extract.cursor:   Cursor: 24/41 frames (24 detections)
2026-03-16 20:33:34,406 INFO vex_extract.cursor:   Cursor: 28/41 frames (28 detections)
2026-03-16 20:33:34,458 INFO vex_extract.cursor:   Cursor: 32/41 frames (32 detections)
2026-03-16 20:33:34,511 INFO vex_extract.cursor:   Cursor: 36/41 frames (36 detections)
2026-03-16 20:33:34,564 INFO vex_extract.cursor:   Cursor: 40/41 frames (40 detections)
2026-03-16 20:33:35,004 INFO vex_extract.cursor:   Cursor: pass 2 — 16 frames at 5.0 FPS [194827ms-200456ms]
2026-03-16 20:33:35,083 INFO vex_extract.cursor:   Cursor: 1/16 frames (1 detections)
2026-03-16 20:33:35,096 INFO vex_extract.cursor:   Cursor: 2/16 frames (2 detections)
2026-03-16 20:33:35,109 INFO vex_extract.cursor:   Cursor: 3/16 frames (3 detections)
2026-03-16 20:33:35,122 INFO vex_extract.cursor:   Cursor: 4/16 frames (4 detections)
2026-03-16 20:33:35,136 INFO vex_extract.cursor:   Cursor: 5/16 frames (5 detections)
2026-03-16 20:33:35,149 INFO vex_extract.cursor:   Cursor: 6/16 frames (6 detections)
2026-03-16 20:33:35,162 INFO vex_extract.cursor:   Cursor: 7/16 frames (7 detections)
2026-03-16 20:33:35,175 INFO vex_extract.cursor:   Cursor: 8/16 frames (8 detections)
2026-03-16 20:33:35,189 INFO vex_extract.cursor:   Cursor: 9/16 frames (9 detections)
2026-03-16 20:33:35,202 INFO vex_extract.cursor:   Cursor: 10/16 frames (10 detections)
2026-03-16 20:33:35,215 INFO vex_extract.cursor:   Cursor: 11/16 frames (11 detections)
2026-03-16 20:33:35,227 INFO vex_extract.cursor:   Cursor: 12/16 frames (12 detections)
2026-03-16 20:33:35,240 INFO vex_extract.cursor:   Cursor: 13/16 frames (13 detections)
2026-03-16 20:33:35,253 INFO vex_extract.cursor:   Cursor: 14/16 frames (14 detections)
2026-03-16 20:33:35,266 INFO vex_extract.cursor:   Cursor: 15/16 frames (15 detections)
2026-03-16 20:33:35,693 INFO vex_extract.cursor:   Cursor: pass 2 — 7 frames at 5.0 FPS [201708ms-203745ms]
2026-03-16 20:33:35,773 INFO vex_extract.cursor:   Cursor: 1/7 frames (1 detections)
2026-03-16 20:33:35,786 INFO vex_extract.cursor:   Cursor: 2/7 frames (2 detections)
2026-03-16 20:33:35,799 INFO vex_extract.cursor:   Cursor: 3/7 frames (3 detections)
2026-03-16 20:33:35,812 INFO vex_extract.cursor:   Cursor: 4/7 frames (4 detections)
2026-03-16 20:33:35,826 INFO vex_extract.cursor:   Cursor: 5/7 frames (5 detections)
2026-03-16 20:33:35,839 INFO vex_extract.cursor:   Cursor: 6/7 frames (6 detections)
2026-03-16 20:33:36,336 INFO vex_extract.cursor:   Cursor: pass 2 — 24 frames at 5.0 FPS [204083ms-212720ms]
2026-03-16 20:33:36,428 INFO vex_extract.cursor:   Cursor: 2/24 frames (2 detections)
2026-03-16 20:33:36,455 INFO vex_extract.cursor:   Cursor: 4/24 frames (4 detections)
2026-03-16 20:33:36,482 INFO vex_extract.cursor:   Cursor: 6/24 frames (6 detections)
2026-03-16 20:33:36,508 INFO vex_extract.cursor:   Cursor: 8/24 frames (8 detections)
2026-03-16 20:33:36,535 INFO vex_extract.cursor:   Cursor: 10/24 frames (10 detections)
2026-03-16 20:33:36,561 INFO vex_extract.cursor:   Cursor: 12/24 frames (12 detections)
2026-03-16 20:33:36,588 INFO vex_extract.cursor:   Cursor: 14/24 frames (14 detections)
2026-03-16 20:33:36,614 INFO vex_extract.cursor:   Cursor: 16/24 frames (16 detections)
2026-03-16 20:33:36,640 INFO vex_extract.cursor:   Cursor: 18/24 frames (18 detections)
2026-03-16 20:33:36,666 INFO vex_extract.cursor:   Cursor: 20/24 frames (20 detections)
2026-03-16 20:33:36,692 INFO vex_extract.cursor:   Cursor: 22/24 frames (22 detections)
2026-03-16 20:33:37,194 INFO vex_extract.cursor:   Cursor: pass 2 — 5 frames at 5.0 FPS [216953ms-219088ms]
2026-03-16 20:33:37,273 INFO vex_extract.cursor:   Cursor: 1/5 frames (1 detections)
2026-03-16 20:33:37,287 INFO vex_extract.cursor:   Cursor: 2/5 frames (2 detections)
2026-03-16 20:33:37,300 INFO vex_extract.cursor:   Cursor: 3/5 frames (3 detections)
2026-03-16 20:33:37,313 INFO vex_extract.cursor:   Cursor: 4/5 frames (4 detections)
2026-03-16 20:33:37,819 INFO vex_extract.cursor:   Cursor: pass 2 — 7 frames at 5.0 FPS [219291ms-221331ms]
2026-03-16 20:33:37,897 INFO vex_extract.cursor:   Cursor: 1/7 frames (1 detections)
2026-03-16 20:33:37,910 INFO vex_extract.cursor:   Cursor: 2/7 frames (2 detections)
2026-03-16 20:33:37,923 INFO vex_extract.cursor:   Cursor: 3/7 frames (3 detections)
2026-03-16 20:33:37,937 INFO vex_extract.cursor:   Cursor: 4/7 frames (4 detections)
2026-03-16 20:33:37,950 INFO vex_extract.cursor:   Cursor: 5/7 frames (5 detections)
2026-03-16 20:33:37,964 INFO vex_extract.cursor:   Cursor: 6/7 frames (6 detections)
2026-03-16 20:33:38,579 INFO vex_extract.cursor:   Cursor: pass 2 — 38 frames at 5.0 FPS [221399ms-235102ms]
2026-03-16 20:33:38,685 INFO vex_extract.cursor:   Cursor: 3/38 frames (3 detections)
2026-03-16 20:33:38,724 INFO vex_extract.cursor:   Cursor: 6/38 frames (6 detections)
2026-03-16 20:33:38,763 INFO vex_extract.cursor:   Cursor: 9/38 frames (9 detections)
2026-03-16 20:33:38,803 INFO vex_extract.cursor:   Cursor: 12/38 frames (12 detections)
2026-03-16 20:33:38,842 INFO vex_extract.cursor:   Cursor: 15/38 frames (15 detections)
2026-03-16 20:33:38,882 INFO vex_extract.cursor:   Cursor: 18/38 frames (18 detections)
2026-03-16 20:33:38,921 INFO vex_extract.cursor:   Cursor: 21/38 frames (21 detections)
2026-03-16 20:33:38,960 INFO vex_extract.cursor:   Cursor: 24/38 frames (24 detections)
2026-03-16 20:33:39,000 INFO vex_extract.cursor:   Cursor: 27/38 frames (27 detections)
2026-03-16 20:33:39,040 INFO vex_extract.cursor:   Cursor: 30/38 frames (30 detections)
2026-03-16 20:33:39,080 INFO vex_extract.cursor:   Cursor: 33/38 frames (33 detections)
2026-03-16 20:33:39,119 INFO vex_extract.cursor:   Cursor: 36/38 frames (36 detections)
2026-03-16 20:33:39,763 INFO vex_extract.cursor:   Cursor: pass 2 — 27 frames at 5.0 FPS [235120ms-242400ms]
2026-03-16 20:33:39,855 INFO vex_extract.cursor:   Cursor: 2/27 frames (2 detections)
2026-03-16 20:33:39,881 INFO vex_extract.cursor:   Cursor: 4/27 frames (4 detections)
2026-03-16 20:33:39,908 INFO vex_extract.cursor:   Cursor: 6/27 frames (6 detections)
2026-03-16 20:33:39,934 INFO vex_extract.cursor:   Cursor: 8/27 frames (8 detections)
2026-03-16 20:33:39,960 INFO vex_extract.cursor:   Cursor: 10/27 frames (10 detections)
2026-03-16 20:33:39,986 INFO vex_extract.cursor:   Cursor: 12/27 frames (12 detections)
2026-03-16 20:33:40,012 INFO vex_extract.cursor:   Cursor: 14/27 frames (14 detections)
2026-03-16 20:33:40,038 INFO vex_extract.cursor:   Cursor: 16/27 frames (16 detections)
2026-03-16 20:33:40,064 INFO vex_extract.cursor:   Cursor: 18/27 frames (18 detections)
2026-03-16 20:33:40,090 INFO vex_extract.cursor:   Cursor: 20/27 frames (20 detections)
2026-03-16 20:33:40,117 INFO vex_extract.cursor:   Cursor: 22/27 frames (22 detections)
2026-03-16 20:33:40,143 INFO vex_extract.cursor:   Cursor: 24/27 frames (24 detections)
2026-03-16 20:33:40,170 INFO vex_extract.cursor:   Cursor: 26/27 frames (26 detections)
2026-03-16 20:33:40,794 INFO vex_extract.cursor:   Cursor: pass 2 — 12 frames at 5.0 FPS [247300ms-251012ms]
2026-03-16 20:33:40,873 INFO vex_extract.cursor:   Cursor: 1/12 frames (1 detections)
2026-03-16 20:33:40,886 INFO vex_extract.cursor:   Cursor: 2/12 frames (2 detections)
2026-03-16 20:33:40,899 INFO vex_extract.cursor:   Cursor: 3/12 frames (3 detections)
2026-03-16 20:33:40,913 INFO vex_extract.cursor:   Cursor: 4/12 frames (4 detections)
2026-03-16 20:33:40,926 INFO vex_extract.cursor:   Cursor: 5/12 frames (5 detections)
2026-03-16 20:33:40,939 INFO vex_extract.cursor:   Cursor: 6/12 frames (6 detections)
2026-03-16 20:33:40,951 INFO vex_extract.cursor:   Cursor: 7/12 frames (7 detections)
2026-03-16 20:33:40,965 INFO vex_extract.cursor:   Cursor: 8/12 frames (8 detections)
2026-03-16 20:33:40,978 INFO vex_extract.cursor:   Cursor: 9/12 frames (9 detections)
2026-03-16 20:33:40,991 INFO vex_extract.cursor:   Cursor: 10/12 frames (10 detections)
2026-03-16 20:33:41,004 INFO vex_extract.cursor:   Cursor: 11/12 frames (11 detections)
2026-03-16 20:33:41,629 INFO vex_extract.cursor:   Cursor: pass 2 — 6 frames at 5.0 FPS [252336ms-254336ms]
2026-03-16 20:33:41,708 INFO vex_extract.cursor:   Cursor: 1/6 frames (1 detections)
2026-03-16 20:33:41,714 INFO vex_extract.cursor:   Cursor: 2/6 frames (2 detections)
2026-03-16 20:33:41,721 INFO vex_extract.cursor:   Cursor: 3/6 frames (3 detections)
2026-03-16 20:33:41,728 INFO vex_extract.cursor:   Cursor: 4/6 frames (4 detections)
2026-03-16 20:33:41,741 INFO vex_extract.cursor:   Cursor: 5/6 frames (5 detections)
2026-03-16 20:33:42,397 INFO vex_extract.cursor:   Cursor: pass 2 — 13 frames at 5.0 FPS [256655ms-260840ms]
2026-03-16 20:33:42,477 INFO vex_extract.cursor:   Cursor: 1/13 frames (1 detections)
2026-03-16 20:33:42,490 INFO vex_extract.cursor:   Cursor: 2/13 frames (2 detections)
2026-03-16 20:33:42,504 INFO vex_extract.cursor:   Cursor: 3/13 frames (3 detections)
2026-03-16 20:33:42,517 INFO vex_extract.cursor:   Cursor: 4/13 frames (4 detections)
2026-03-16 20:33:42,530 INFO vex_extract.cursor:   Cursor: 5/13 frames (5 detections)
2026-03-16 20:33:42,543 INFO vex_extract.cursor:   Cursor: 6/13 frames (6 detections)
2026-03-16 20:33:42,556 INFO vex_extract.cursor:   Cursor: 7/13 frames (7 detections)
2026-03-16 20:33:42,569 INFO vex_extract.cursor:   Cursor: 8/13 frames (8 detections)
2026-03-16 20:33:42,582 INFO vex_extract.cursor:   Cursor: 9/13 frames (9 detections)
2026-03-16 20:33:42,595 INFO vex_extract.cursor:   Cursor: 10/13 frames (10 detections)
2026-03-16 20:33:42,608 INFO vex_extract.cursor:   Cursor: 11/13 frames (11 detections)
2026-03-16 20:33:42,615 INFO vex_extract.cursor:   Cursor: 12/13 frames (12 detections)
2026-03-16 20:33:43,269 INFO vex_extract.cursor:   Cursor: pass 2 — 7 frames at 5.0 FPS [263172ms-265259ms]
2026-03-16 20:33:43,348 INFO vex_extract.cursor:   Cursor: 1/7 frames (1 detections)
2026-03-16 20:33:43,362 INFO vex_extract.cursor:   Cursor: 2/7 frames (2 detections)
2026-03-16 20:33:43,375 INFO vex_extract.cursor:   Cursor: 3/7 frames (3 detections)
2026-03-16 20:33:43,388 INFO vex_extract.cursor:   Cursor: 4/7 frames (4 detections)
2026-03-16 20:33:43,401 INFO vex_extract.cursor:   Cursor: 5/7 frames (5 detections)
2026-03-16 20:33:43,414 INFO vex_extract.cursor:   Cursor: 6/7 frames (6 detections)
2026-03-16 20:33:44,079 INFO vex_extract.cursor:   Cursor: pass 2 — 9 frames at 5.0 FPS [265359ms-267360ms]
2026-03-16 20:33:44,159 INFO vex_extract.cursor:   Cursor: 1/9 frames (1 detections)
2026-03-16 20:33:44,172 INFO vex_extract.cursor:   Cursor: 2/9 frames (2 detections)
2026-03-16 20:33:44,185 INFO vex_extract.cursor:   Cursor: 3/9 frames (3 detections)
2026-03-16 20:33:44,197 INFO vex_extract.cursor:   Cursor: 4/9 frames (4 detections)
2026-03-16 20:33:44,211 INFO vex_extract.cursor:   Cursor: 5/9 frames (5 detections)
2026-03-16 20:33:44,224 INFO vex_extract.cursor:   Cursor: 6/9 frames (6 detections)
2026-03-16 20:33:44,237 INFO vex_extract.cursor:   Cursor: 7/9 frames (7 detections)
2026-03-16 20:33:44,251 INFO vex_extract.cursor:   Cursor: 8/9 frames (8 detections)
2026-03-16 20:33:44,918 INFO vex_extract.cursor:   Cursor: pass 2 — 7 frames at 5.0 FPS [268472ms-270550ms]
2026-03-16 20:33:44,997 INFO vex_extract.cursor:   Cursor: 1/7 frames (1 detections)
2026-03-16 20:33:45,011 INFO vex_extract.cursor:   Cursor: 2/7 frames (2 detections)
2026-03-16 20:33:45,024 INFO vex_extract.cursor:   Cursor: 3/7 frames (3 detections)
2026-03-16 20:33:45,037 INFO vex_extract.cursor:   Cursor: 4/7 frames (4 detections)
2026-03-16 20:33:45,044 INFO vex_extract.cursor:   Cursor: 5/7 frames (5 detections)
2026-03-16 20:33:45,057 INFO vex_extract.cursor:   Cursor: 6/7 frames (6 detections)
2026-03-16 20:33:45,760 INFO vex_extract.cursor:   Cursor: pass 2 — 15 frames at 5.0 FPS [270601ms-276159ms]
2026-03-16 20:33:45,837 INFO vex_extract.cursor:   Cursor: 1/15 frames (1 detections)
2026-03-16 20:33:45,850 INFO vex_extract.cursor:   Cursor: 2/15 frames (2 detections)
2026-03-16 20:33:45,863 INFO vex_extract.cursor:   Cursor: 3/15 frames (3 detections)
2026-03-16 20:33:45,877 INFO vex_extract.cursor:   Cursor: 4/15 frames (4 detections)
2026-03-16 20:33:45,890 INFO vex_extract.cursor:   Cursor: 5/15 frames (5 detections)
2026-03-16 20:33:45,903 INFO vex_extract.cursor:   Cursor: 6/15 frames (6 detections)
2026-03-16 20:33:45,917 INFO vex_extract.cursor:   Cursor: 7/15 frames (7 detections)
2026-03-16 20:33:45,930 INFO vex_extract.cursor:   Cursor: 8/15 frames (8 detections)
2026-03-16 20:33:45,943 INFO vex_extract.cursor:   Cursor: 9/15 frames (9 detections)
2026-03-16 20:33:45,956 INFO vex_extract.cursor:   Cursor: 10/15 frames (10 detections)
2026-03-16 20:33:45,969 INFO vex_extract.cursor:   Cursor: 11/15 frames (11 detections)
2026-03-16 20:33:45,983 INFO vex_extract.cursor:   Cursor: 12/15 frames (12 detections)
2026-03-16 20:33:45,996 INFO vex_extract.cursor:   Cursor: 13/15 frames (13 detections)
2026-03-16 20:33:46,008 INFO vex_extract.cursor:   Cursor: 14/15 frames (14 detections)
2026-03-16 20:33:46,719 INFO vex_extract.cursor:   Cursor: pass 2 — 9 frames at 5.0 FPS [276164ms-281214ms]
2026-03-16 20:33:46,798 INFO vex_extract.cursor:   Cursor: 1/9 frames (1 detections)
2026-03-16 20:33:46,811 INFO vex_extract.cursor:   Cursor: 2/9 frames (2 detections)
2026-03-16 20:33:46,825 INFO vex_extract.cursor:   Cursor: 3/9 frames (3 detections)
2026-03-16 20:33:46,838 INFO vex_extract.cursor:   Cursor: 4/9 frames (4 detections)
2026-03-16 20:33:46,851 INFO vex_extract.cursor:   Cursor: 5/9 frames (5 detections)
2026-03-16 20:33:46,865 INFO vex_extract.cursor:   Cursor: 6/9 frames (6 detections)
2026-03-16 20:33:46,878 INFO vex_extract.cursor:   Cursor: 7/9 frames (7 detections)
2026-03-16 20:33:46,891 INFO vex_extract.cursor:   Cursor: 8/9 frames (8 detections)
2026-03-16 20:33:47,590 INFO vex_extract.cursor:   Cursor: pass 2 — 4 frames at 5.0 FPS [286247ms-289260ms]
2026-03-16 20:33:47,670 INFO vex_extract.cursor:   Cursor: 1/4 frames (1 detections)
2026-03-16 20:33:47,684 INFO vex_extract.cursor:   Cursor: 2/4 frames (2 detections)
2026-03-16 20:33:47,697 INFO vex_extract.cursor:   Cursor: 3/4 frames (3 detections)
2026-03-16 20:33:48,467 INFO vex_extract.cursor:   Cursor: pass 2 — 23 frames at 5.0 FPS [289328ms-296944ms]
2026-03-16 20:33:48,559 INFO vex_extract.cursor:   Cursor: 2/23 frames (2 detections)
2026-03-16 20:33:48,586 INFO vex_extract.cursor:   Cursor: 4/23 frames (4 detections)
2026-03-16 20:33:48,612 INFO vex_extract.cursor:   Cursor: 6/23 frames (6 detections)
2026-03-16 20:33:48,632 INFO vex_extract.cursor:   Cursor: 8/23 frames (8 detections)
2026-03-16 20:33:48,658 INFO vex_extract.cursor:   Cursor: 10/23 frames (10 detections)
2026-03-16 20:33:48,685 INFO vex_extract.cursor:   Cursor: 12/23 frames (12 detections)
2026-03-16 20:33:48,711 INFO vex_extract.cursor:   Cursor: 14/23 frames (14 detections)
2026-03-16 20:33:48,738 INFO vex_extract.cursor:   Cursor: 16/23 frames (16 detections)
2026-03-16 20:33:48,765 INFO vex_extract.cursor:   Cursor: 18/23 frames (18 detections)
2026-03-16 20:33:48,791 INFO vex_extract.cursor:   Cursor: 20/23 frames (20 detections)
2026-03-16 20:33:48,818 INFO vex_extract.cursor:   Cursor: 22/23 frames (22 detections)
2026-03-16 20:33:49,563 INFO vex_extract.cursor:   Cursor: pass 2 — 8 frames at 5.0 FPS [297100ms-300156ms]
2026-03-16 20:33:49,641 INFO vex_extract.cursor:   Cursor: 1/8 frames (1 detections)
2026-03-16 20:33:49,654 INFO vex_extract.cursor:   Cursor: 2/8 frames (2 detections)
2026-03-16 20:33:49,668 INFO vex_extract.cursor:   Cursor: 3/8 frames (3 detections)
2026-03-16 20:33:49,681 INFO vex_extract.cursor:   Cursor: 4/8 frames (4 detections)
2026-03-16 20:33:49,694 INFO vex_extract.cursor:   Cursor: 5/8 frames (5 detections)
2026-03-16 20:33:49,708 INFO vex_extract.cursor:   Cursor: 6/8 frames (6 detections)
2026-03-16 20:33:49,720 INFO vex_extract.cursor:   Cursor: 7/8 frames (7 detections)
2026-03-16 20:33:50,471 INFO vex_extract.cursor:   Cursor: pass 2 — 6 frames at 5.0 FPS [300318ms-302344ms]
2026-03-16 20:33:50,551 INFO vex_extract.cursor:   Cursor: 1/6 frames (1 detections)
2026-03-16 20:33:50,564 INFO vex_extract.cursor:   Cursor: 2/6 frames (2 detections)
2026-03-16 20:33:50,577 INFO vex_extract.cursor:   Cursor: 3/6 frames (3 detections)
2026-03-16 20:33:50,590 INFO vex_extract.cursor:   Cursor: 4/6 frames (4 detections)
2026-03-16 20:33:50,603 INFO vex_extract.cursor:   Cursor: 5/6 frames (5 detections)
2026-03-16 20:33:51,389 INFO vex_extract.cursor:   Cursor: pass 2 — 12 frames at 5.0 FPS [305498ms-309807ms]
2026-03-16 20:33:51,468 INFO vex_extract.cursor:   Cursor: 1/12 frames (1 detections)
2026-03-16 20:33:51,481 INFO vex_extract.cursor:   Cursor: 2/12 frames (2 detections)
2026-03-16 20:33:51,495 INFO vex_extract.cursor:   Cursor: 3/12 frames (3 detections)
2026-03-16 20:33:51,508 INFO vex_extract.cursor:   Cursor: 4/12 frames (4 detections)
2026-03-16 20:33:51,521 INFO vex_extract.cursor:   Cursor: 5/12 frames (5 detections)
2026-03-16 20:33:51,534 INFO vex_extract.cursor:   Cursor: 6/12 frames (6 detections)
2026-03-16 20:33:51,547 INFO vex_extract.cursor:   Cursor: 7/12 frames (7 detections)
2026-03-16 20:33:51,560 INFO vex_extract.cursor:   Cursor: 8/12 frames (8 detections)
2026-03-16 20:33:51,573 INFO vex_extract.cursor:   Cursor: 9/12 frames (9 detections)
2026-03-16 20:33:51,586 INFO vex_extract.cursor:   Cursor: 10/12 frames (10 detections)
2026-03-16 20:33:51,599 INFO vex_extract.cursor:   Cursor: 11/12 frames (11 detections)
2026-03-16 20:33:52,493 INFO vex_extract.cursor:   Cursor: pass 2 — 38 frames at 5.0 FPS [311059ms-322780ms]
2026-03-16 20:33:52,599 INFO vex_extract.cursor:   Cursor: 3/38 frames (3 detections)
2026-03-16 20:33:52,638 INFO vex_extract.cursor:   Cursor: 6/38 frames (6 detections)
2026-03-16 20:33:52,677 INFO vex_extract.cursor:   Cursor: 9/38 frames (9 detections)
2026-03-16 20:33:52,716 INFO vex_extract.cursor:   Cursor: 12/38 frames (12 detections)
2026-03-16 20:33:52,755 INFO vex_extract.cursor:   Cursor: 15/38 frames (15 detections)
2026-03-16 20:33:52,794 INFO vex_extract.cursor:   Cursor: 18/38 frames (18 detections)
2026-03-16 20:33:52,834 INFO vex_extract.cursor:   Cursor: 21/38 frames (21 detections)
2026-03-16 20:33:52,874 INFO vex_extract.cursor:   Cursor: 24/38 frames (24 detections)
2026-03-16 20:33:52,914 INFO vex_extract.cursor:   Cursor: 27/38 frames (27 detections)
2026-03-16 20:33:52,953 INFO vex_extract.cursor:   Cursor: 30/38 frames (30 detections)
2026-03-16 20:33:52,993 INFO vex_extract.cursor:   Cursor: 33/38 frames (33 detections)
2026-03-16 20:33:53,032 INFO vex_extract.cursor:   Cursor: 36/38 frames (36 detections)
2026-03-16 20:33:53,892 INFO vex_extract.cursor:   Cursor: pass 2 — 9 frames at 5.0 FPS [323041ms-326177ms]
2026-03-16 20:33:53,971 INFO vex_extract.cursor:   Cursor: 1/9 frames (1 detections)
2026-03-16 20:33:53,985 INFO vex_extract.cursor:   Cursor: 2/9 frames (2 detections)
2026-03-16 20:33:53,998 INFO vex_extract.cursor:   Cursor: 3/9 frames (3 detections)
2026-03-16 20:33:54,012 INFO vex_extract.cursor:   Cursor: 4/9 frames (4 detections)
2026-03-16 20:33:54,025 INFO vex_extract.cursor:   Cursor: 5/9 frames (5 detections)
2026-03-16 20:33:54,039 INFO vex_extract.cursor:   Cursor: 6/9 frames (6 detections)
2026-03-16 20:33:54,045 INFO vex_extract.cursor:   Cursor: 7/9 frames (7 detections)
2026-03-16 20:33:54,058 INFO vex_extract.cursor:   Cursor: 8/9 frames (8 detections)
2026-03-16 20:33:54,912 INFO vex_extract.cursor:   Cursor: pass 2 — 8 frames at 5.0 FPS [327555ms-330080ms]
2026-03-16 20:33:54,991 INFO vex_extract.cursor:   Cursor: 1/8 frames (1 detections)
2026-03-16 20:33:55,004 INFO vex_extract.cursor:   Cursor: 2/8 frames (2 detections)
2026-03-16 20:33:55,018 INFO vex_extract.cursor:   Cursor: 3/8 frames (3 detections)
2026-03-16 20:33:55,031 INFO vex_extract.cursor:   Cursor: 4/8 frames (4 detections)
2026-03-16 20:33:55,044 INFO vex_extract.cursor:   Cursor: 5/8 frames (5 detections)
2026-03-16 20:33:55,057 INFO vex_extract.cursor:   Cursor: 6/8 frames (6 detections)
2026-03-16 20:33:55,070 INFO vex_extract.cursor:   Cursor: 7/8 frames (7 detections)
2026-03-16 20:33:55,931 INFO vex_extract.cursor:   Cursor: pass 2 — 8 frames at 5.0 FPS [331408ms-334639ms]
2026-03-16 20:33:56,010 INFO vex_extract.cursor:   Cursor: 1/8 frames (1 detections)
2026-03-16 20:33:56,024 INFO vex_extract.cursor:   Cursor: 2/8 frames (2 detections)
2026-03-16 20:33:56,037 INFO vex_extract.cursor:   Cursor: 3/8 frames (3 detections)
2026-03-16 20:33:56,050 INFO vex_extract.cursor:   Cursor: 4/8 frames (4 detections)
2026-03-16 20:33:56,064 INFO vex_extract.cursor:   Cursor: 5/8 frames (5 detections)
2026-03-16 20:33:56,077 INFO vex_extract.cursor:   Cursor: 6/8 frames (6 detections)
2026-03-16 20:33:56,090 INFO vex_extract.cursor:   Cursor: 7/8 frames (7 detections)
2026-03-16 20:33:56,969 INFO vex_extract.cursor:   Cursor: pass 2 — 9 frames at 5.0 FPS [342980ms-345016ms]
2026-03-16 20:33:57,048 INFO vex_extract.cursor:   Cursor: 1/9 frames (1 detections)
2026-03-16 20:33:57,061 INFO vex_extract.cursor:   Cursor: 2/9 frames (2 detections)
2026-03-16 20:33:57,075 INFO vex_extract.cursor:   Cursor: 3/9 frames (3 detections)
2026-03-16 20:33:57,088 INFO vex_extract.cursor:   Cursor: 4/9 frames (4 detections)
2026-03-16 20:33:57,101 INFO vex_extract.cursor:   Cursor: 5/9 frames (5 detections)
2026-03-16 20:33:57,114 INFO vex_extract.cursor:   Cursor: 6/9 frames (6 detections)
2026-03-16 20:33:57,127 INFO vex_extract.cursor:   Cursor: 7/9 frames (7 detections)
2026-03-16 20:33:57,140 INFO vex_extract.cursor:   Cursor: 8/9 frames (8 detections)
2026-03-16 20:33:58,040 INFO vex_extract.cursor:   Cursor: pass 2 — 12 frames at 5.0 FPS [348288ms-351348ms]
2026-03-16 20:33:58,118 INFO vex_extract.cursor:   Cursor: 1/12 frames (1 detections)
2026-03-16 20:33:58,132 INFO vex_extract.cursor:   Cursor: 2/12 frames (2 detections)
2026-03-16 20:33:58,145 INFO vex_extract.cursor:   Cursor: 3/12 frames (3 detections)
2026-03-16 20:33:58,158 INFO vex_extract.cursor:   Cursor: 4/12 frames (4 detections)
2026-03-16 20:33:58,171 INFO vex_extract.cursor:   Cursor: 5/12 frames (5 detections)
2026-03-16 20:33:58,184 INFO vex_extract.cursor:   Cursor: 6/12 frames (6 detections)
2026-03-16 20:33:58,197 INFO vex_extract.cursor:   Cursor: 7/12 frames (7 detections)
2026-03-16 20:33:58,210 INFO vex_extract.cursor:   Cursor: 8/12 frames (8 detections)
2026-03-16 20:33:58,223 INFO vex_extract.cursor:   Cursor: 9/12 frames (9 detections)
2026-03-16 20:33:58,236 INFO vex_extract.cursor:   Cursor: 10/12 frames (10 detections)
2026-03-16 20:33:58,249 INFO vex_extract.cursor:   Cursor: 11/12 frames (11 detections)
2026-03-16 20:33:59,158 INFO vex_extract.cursor:   Cursor: pass 2 — 13 frames at 5.0 FPS [353382ms-356437ms]
2026-03-16 20:33:59,238 INFO vex_extract.cursor:   Cursor: 1/13 frames (1 detections)
2026-03-16 20:33:59,251 INFO vex_extract.cursor:   Cursor: 2/13 frames (2 detections)
2026-03-16 20:33:59,264 INFO vex_extract.cursor:   Cursor: 3/13 frames (3 detections)
2026-03-16 20:33:59,277 INFO vex_extract.cursor:   Cursor: 4/13 frames (4 detections)
2026-03-16 20:33:59,290 INFO vex_extract.cursor:   Cursor: 5/13 frames (5 detections)
2026-03-16 20:33:59,303 INFO vex_extract.cursor:   Cursor: 6/13 frames (6 detections)
2026-03-16 20:33:59,316 INFO vex_extract.cursor:   Cursor: 7/13 frames (7 detections)
2026-03-16 20:33:59,329 INFO vex_extract.cursor:   Cursor: 8/13 frames (8 detections)
2026-03-16 20:33:59,342 INFO vex_extract.cursor:   Cursor: 9/13 frames (9 detections)
2026-03-16 20:33:59,356 INFO vex_extract.cursor:   Cursor: 10/13 frames (10 detections)
2026-03-16 20:33:59,369 INFO vex_extract.cursor:   Cursor: 11/13 frames (11 detections)
2026-03-16 20:33:59,382 INFO vex_extract.cursor:   Cursor: 12/13 frames (12 detections)
2026-03-16 20:33:59,396 INFO vex_extract.cursor:   Cursor: merged 814 detections (814 detected)
2026-03-16 20:33:59,396 INFO vex_extract.cursor:   Cursor: filtering 14 static detections at (620.0, 465.0) spanning 3027ms
2026-03-16 20:33:59,396 INFO vex_extract.cursor:   Cursor: filtering 69 static detections at (620.0, 465.0) spanning 15630ms
2026-03-16 20:33:59,396 INFO vex_extract.cursor:   Cursor: filtering 23 static detections at (620.0, 465.0) spanning 5405ms
2026-03-16 20:33:59,396 INFO vex_extract.cursor:   Cursor: filtering 28 static detections at (383.0, 28.0) spanning 32495ms
2026-03-16 20:33:59,396 INFO vex_extract.cursor:   Cursor: filtering 12 static detections at (383.0, 28.0) spanning 11649ms
2026-03-16 20:33:59,396 INFO vex_extract.cursor:   Cursor: filtering 21 static detections at (1685.0, 514.0) spanning 21870ms
2026-03-16 20:33:59,396 INFO vex_extract.cursor:   Cursor: filtering 5 static detections at (383.0, 28.0) spanning 4132ms
2026-03-16 20:33:59,396 INFO vex_extract.cursor:   Cursor: filtering 8 static detections at (793.0, 765.0) spanning 7554ms
2026-03-16 20:33:59,396 INFO vex_extract.cursor:   Cursor: filtering 4 static detections at (793.0, 519.0) spanning 3092ms
2026-03-16 20:33:59,396 INFO vex_extract.cursor:   Cursor: filtering 4 static detections at (752.0, 911.0) spanning 3525ms
2026-03-16 20:33:59,396 INFO vex_extract.cursor:   Cursor: filtering 11 static detections at (1847.0, 483.0) spanning 3097ms
2026-03-16 20:33:59,396 INFO vex_extract.cursor:   Cursor: filtering 12 static detections at (1847.0, 483.0) spanning 6517ms
2026-03-16 20:33:59,396 INFO vex_extract.cursor:   Cursor: filtering 5 static detections at (543.0, 368.0) spanning 4017ms
2026-03-16 20:33:59,396 INFO vex_extract.cursor:   Cursor: filtering 27 static detections at (1847.0, 483.0) spanning 9467ms
2026-03-16 20:33:59,396 INFO vex_extract.cursor:   Cursor: filtering 12 static detections at (1847.0, 483.0) spanning 3580ms
2026-03-16 20:33:59,396 INFO vex_extract.cursor:   Cursor: filtering 14 static detections at (1847.0, 483.0) spanning 4021ms
2026-03-16 20:33:59,396 INFO vex_extract.cursor:   Cursor: filtering 8 static detections at (560.0, 730.0) spanning 7070ms
2026-03-16 20:33:59,398 INFO vex_extract.pipeline:   Cached cursor trajectory: /Users/nic/Developer/spike-air-315-vision-processing/candidates/2026-03-14/tmp/cv/travel_expert_william_7476a342_cursor/cursor_trajectory.json
2026-03-16 20:33:59,398 INFO vex_extract.pipeline:   814 cursor detections (537 detected) in 41.1s
2026-03-16 20:33:59,399 INFO vex_extract.pipeline: Step 3: Computing optical flow...
2026-03-16 20:34:00,521 INFO vex_extract.flow:   Flow: computing across 564 frame pairs...
2026-03-16 20:34:02,362 INFO vex_extract.pipeline:   Cached flow windows: /Users/nic/Developer/spike-air-315-vision-processing/candidates/2026-03-14/tmp/cv/travel_expert_william_bb5a87ef_7476a342_flow/flow_windows.json
2026-03-16 20:34:02,362 INFO vex_extract.pipeline:   421 flow windows in 3.0s
2026-03-16 20:34:02,362 INFO vex_extract.pipeline: Step 4: Creating video segments...
2026-03-16 20:34:02,362 INFO vex_extract.pipeline:   5 segments
2026-03-16 20:34:02,362 INFO vex_extract.pipeline:   Segment 0: cached
2026-03-16 20:34:02,362 INFO vex_extract.pipeline:   Segment 1: cached
2026-03-16 20:34:02,363 INFO vex_extract.pipeline:   Segment 2: cached
2026-03-16 20:34:02,363 INFO vex_extract.pipeline:   Segment 3: cached
2026-03-16 20:34:02,363 INFO vex_extract.pipeline:   Segment 4: cached
2026-03-16 20:34:02,363 INFO vex_extract.pipeline: Step 5: Preparing prompts...
2026-03-16 20:34:02,363 INFO vex_extract.analysis: Segment 0: prompt prepared (10851 chars)
2026-03-16 20:34:02,364 INFO vex_extract.analysis: Segment 1: prompt prepared (10315 chars)
2026-03-16 20:34:02,365 INFO vex_extract.analysis: Segment 2: prompt prepared (12049 chars)
2026-03-16 20:34:02,366 INFO vex_extract.analysis: Segment 3: prompt prepared (11501 chars)
2026-03-16 20:34:02,366 INFO vex_extract.analysis: Segment 4: prompt prepared (11325 chars)
2026-03-16 20:34:02,366 INFO vex_extract.pipeline:   5 prompts prepared
2026-03-16 20:34:02,366 INFO vex_extract.pipeline: Stopped after: prompt
