2026-03-16 20:13:59,859 INFO vex_extract.pipeline: === Video Event Extractor ===
2026-03-16 20:13:59,859 INFO vex_extract.pipeline: Video: /Users/nic/Developer/spike-air-315-vision-processing/input_data/screen_tracks/travel_learner_sophia_jayde.webm
2026-03-16 20:13:59,859 INFO vex_extract.pipeline: Offset: 35600 ms
2026-03-16 20:13:59,859 INFO vex_extract.pipeline: Run ID: 2026-03-16_101359
2026-03-16 20:13:59,860 INFO vex_extract.pipeline: Stop after: prompt
2026-03-16 20:13:59,860 INFO vex_extract.pipeline: Step 1: Normalizing video...
2026-03-16 20:13:59,860 INFO vex_extract.pipeline:   Using cached normalized video: /Users/nic/Developer/spike-air-315-vision-processing/candidates/2026-03-14/tmp/travel_learner_sophia_jayde_normalized.mp4
2026-03-16 20:13:59,892 INFO vex_extract.pipeline:   Duration: 2220.3s, 1786x1162, 29.4 fps
2026-03-16 20:13:59,892 INFO vex_extract.pipeline: Step 2: Tracking cursor...
2026-03-16 20:14:12,386 INFO vex_extract.cursor:   Cursor: pass 1 — matching 3347 frames at 2.0 FPS against 6 templates x 7 scales at 540p...
2026-03-16 20:14:17,234 INFO vex_extract.cursor:   Cursor: 334/3347 frames (334 detections)
2026-03-16 20:14:21,491 INFO vex_extract.cursor:   Cursor: 668/3347 frames (668 detections)
2026-03-16 20:14:25,757 INFO vex_extract.cursor:   Cursor: 1002/3347 frames (1002 detections)
2026-03-16 20:14:30,022 INFO vex_extract.cursor:   Cursor: 1336/3347 frames (1336 detections)
2026-03-16 20:14:34,285 INFO vex_extract.cursor:   Cursor: 1670/3347 frames (1670 detections)
2026-03-16 20:14:38,521 INFO vex_extract.cursor:   Cursor: 2004/3347 frames (2004 detections)
2026-03-16 20:14:42,765 INFO vex_extract.cursor:   Cursor: 2338/3347 frames (2338 detections)
2026-03-16 20:14:47,067 INFO vex_extract.cursor:   Cursor: 2672/3347 frames (2672 detections)
2026-03-16 20:14:51,345 INFO vex_extract.cursor:   Cursor: 3006/3347 frames (3006 detections)
2026-03-16 20:14:55,599 INFO vex_extract.cursor:   Cursor: 3340/3347 frames (3340 detections)
2026-03-16 20:14:55,689 INFO vex_extract.cursor:   Cursor: calibrated to scales (0.3, 0.4) from coarse pass
2026-03-16 20:14:55,690 INFO vex_extract.cursor:   Cursor: 57 active regions identified
2026-03-16 20:14:55,732 INFO vex_extract.cursor:   Cursor: pass 2 — 8 frames at 4.0 FPS [44ms-2098ms]
2026-03-16 20:14:55,809 INFO vex_extract.cursor:   Cursor: 1/8 frames (1 detections)
2026-03-16 20:14:55,821 INFO vex_extract.cursor:   Cursor: 2/8 frames (2 detections)
2026-03-16 20:14:55,834 INFO vex_extract.cursor:   Cursor: 3/8 frames (3 detections)
2026-03-16 20:14:55,847 INFO vex_extract.cursor:   Cursor: 4/8 frames (4 detections)
2026-03-16 20:14:55,859 INFO vex_extract.cursor:   Cursor: 5/8 frames (5 detections)
2026-03-16 20:14:55,872 INFO vex_extract.cursor:   Cursor: 6/8 frames (6 detections)
2026-03-16 20:14:55,884 INFO vex_extract.cursor:   Cursor: 7/8 frames (7 detections)
2026-03-16 20:14:55,967 INFO vex_extract.cursor:   Cursor: pass 2 — 14 frames at 4.0 FPS [2695ms-6381ms]
2026-03-16 20:14:56,044 INFO vex_extract.cursor:   Cursor: 1/14 frames (1 detections)
2026-03-16 20:14:56,057 INFO vex_extract.cursor:   Cursor: 2/14 frames (2 detections)
2026-03-16 20:14:56,069 INFO vex_extract.cursor:   Cursor: 3/14 frames (3 detections)
2026-03-16 20:14:56,082 INFO vex_extract.cursor:   Cursor: 4/14 frames (4 detections)
2026-03-16 20:14:56,095 INFO vex_extract.cursor:   Cursor: 5/14 frames (5 detections)
2026-03-16 20:14:56,107 INFO vex_extract.cursor:   Cursor: 6/14 frames (6 detections)
2026-03-16 20:14:56,120 INFO vex_extract.cursor:   Cursor: 7/14 frames (7 detections)
2026-03-16 20:14:56,132 INFO vex_extract.cursor:   Cursor: 8/14 frames (8 detections)
2026-03-16 20:14:56,145 INFO vex_extract.cursor:   Cursor: 9/14 frames (9 detections)
2026-03-16 20:14:56,158 INFO vex_extract.cursor:   Cursor: 10/14 frames (10 detections)
2026-03-16 20:14:56,170 INFO vex_extract.cursor:   Cursor: 11/14 frames (11 detections)
2026-03-16 20:14:56,183 INFO vex_extract.cursor:   Cursor: 12/14 frames (12 detections)
2026-03-16 20:14:56,196 INFO vex_extract.cursor:   Cursor: 13/14 frames (13 detections)
2026-03-16 20:14:56,303 INFO vex_extract.cursor:   Cursor: pass 2 — 19 frames at 4.0 FPS [6435ms-11650ms]
2026-03-16 20:14:56,378 INFO vex_extract.cursor:   Cursor: 1/19 frames (1 detections)
2026-03-16 20:14:56,391 INFO vex_extract.cursor:   Cursor: 2/19 frames (2 detections)
2026-03-16 20:14:56,404 INFO vex_extract.cursor:   Cursor: 3/19 frames (3 detections)
2026-03-16 20:14:56,416 INFO vex_extract.cursor:   Cursor: 4/19 frames (4 detections)
2026-03-16 20:14:56,429 INFO vex_extract.cursor:   Cursor: 5/19 frames (5 detections)
2026-03-16 20:14:56,442 INFO vex_extract.cursor:   Cursor: 6/19 frames (6 detections)
2026-03-16 20:14:56,455 INFO vex_extract.cursor:   Cursor: 7/19 frames (7 detections)
2026-03-16 20:14:56,468 INFO vex_extract.cursor:   Cursor: 8/19 frames (8 detections)
2026-03-16 20:14:56,480 INFO vex_extract.cursor:   Cursor: 9/19 frames (9 detections)
2026-03-16 20:14:56,493 INFO vex_extract.cursor:   Cursor: 10/19 frames (10 detections)
2026-03-16 20:14:56,506 INFO vex_extract.cursor:   Cursor: 11/19 frames (11 detections)
2026-03-16 20:14:56,519 INFO vex_extract.cursor:   Cursor: 12/19 frames (12 detections)
2026-03-16 20:14:56,532 INFO vex_extract.cursor:   Cursor: 13/19 frames (13 detections)
2026-03-16 20:14:56,544 INFO vex_extract.cursor:   Cursor: 14/19 frames (14 detections)
2026-03-16 20:14:56,557 INFO vex_extract.cursor:   Cursor: 15/19 frames (15 detections)
2026-03-16 20:14:56,570 INFO vex_extract.cursor:   Cursor: 16/19 frames (16 detections)
2026-03-16 20:14:56,582 INFO vex_extract.cursor:   Cursor: 17/19 frames (17 detections)
2026-03-16 20:14:56,595 INFO vex_extract.cursor:   Cursor: 18/19 frames (18 detections)
2026-03-16 20:14:56,667 INFO vex_extract.cursor:   Cursor: pass 2 — 6 frames at 4.0 FPS [12248ms-13792ms]
2026-03-16 20:14:56,743 INFO vex_extract.cursor:   Cursor: 1/6 frames (1 detections)
2026-03-16 20:14:56,756 INFO vex_extract.cursor:   Cursor: 2/6 frames (2 detections)
2026-03-16 20:14:56,769 INFO vex_extract.cursor:   Cursor: 3/6 frames (3 detections)
2026-03-16 20:14:56,782 INFO vex_extract.cursor:   Cursor: 4/6 frames (4 detections)
2026-03-16 20:14:56,794 INFO vex_extract.cursor:   Cursor: 5/6 frames (5 detections)
2026-03-16 20:14:56,907 INFO vex_extract.cursor:   Cursor: pass 2 — 17 frames at 4.0 FPS [15375ms-20081ms]
2026-03-16 20:14:56,984 INFO vex_extract.cursor:   Cursor: 1/17 frames (1 detections)
2026-03-16 20:14:56,997 INFO vex_extract.cursor:   Cursor: 2/17 frames (2 detections)
2026-03-16 20:14:57,010 INFO vex_extract.cursor:   Cursor: 3/17 frames (3 detections)
2026-03-16 20:14:57,023 INFO vex_extract.cursor:   Cursor: 4/17 frames (4 detections)
2026-03-16 20:14:57,035 INFO vex_extract.cursor:   Cursor: 5/17 frames (5 detections)
2026-03-16 20:14:57,048 INFO vex_extract.cursor:   Cursor: 6/17 frames (6 detections)
2026-03-16 20:14:57,061 INFO vex_extract.cursor:   Cursor: 7/17 frames (7 detections)
2026-03-16 20:14:57,074 INFO vex_extract.cursor:   Cursor: 8/17 frames (8 detections)
2026-03-16 20:14:57,087 INFO vex_extract.cursor:   Cursor: 9/17 frames (9 detections)
2026-03-16 20:14:57,100 INFO vex_extract.cursor:   Cursor: 10/17 frames (10 detections)
2026-03-16 20:14:57,113 INFO vex_extract.cursor:   Cursor: 11/17 frames (11 detections)
2026-03-16 20:14:57,126 INFO vex_extract.cursor:   Cursor: 12/17 frames (12 detections)
2026-03-16 20:14:57,139 INFO vex_extract.cursor:   Cursor: 13/17 frames (13 detections)
2026-03-16 20:14:57,151 INFO vex_extract.cursor:   Cursor: 14/17 frames (14 detections)
2026-03-16 20:14:57,164 INFO vex_extract.cursor:   Cursor: 15/17 frames (15 detections)
2026-03-16 20:14:57,177 INFO vex_extract.cursor:   Cursor: 16/17 frames (16 detections)
2026-03-16 20:14:57,272 INFO vex_extract.cursor:   Cursor: pass 2 — 6 frames at 4.0 FPS [21732ms-23242ms]
2026-03-16 20:14:57,348 INFO vex_extract.cursor:   Cursor: 1/6 frames (1 detections)
2026-03-16 20:14:57,361 INFO vex_extract.cursor:   Cursor: 2/6 frames (2 detections)
2026-03-16 20:14:57,373 INFO vex_extract.cursor:   Cursor: 3/6 frames (3 detections)
2026-03-16 20:14:57,386 INFO vex_extract.cursor:   Cursor: 4/6 frames (4 detections)
2026-03-16 20:14:57,399 INFO vex_extract.cursor:   Cursor: 5/6 frames (5 detections)
2026-03-16 20:14:57,511 INFO vex_extract.cursor:   Cursor: pass 2 — 6 frames at 4.0 FPS [32373ms-33916ms]
2026-03-16 20:14:57,587 INFO vex_extract.cursor:   Cursor: 1/6 frames (1 detections)
2026-03-16 20:14:57,599 INFO vex_extract.cursor:   Cursor: 2/6 frames (2 detections)
2026-03-16 20:14:57,612 INFO vex_extract.cursor:   Cursor: 3/6 frames (3 detections)
2026-03-16 20:14:57,625 INFO vex_extract.cursor:   Cursor: 4/6 frames (4 detections)
2026-03-16 20:14:57,638 INFO vex_extract.cursor:   Cursor: 5/6 frames (5 detections)
2026-03-16 20:14:57,768 INFO vex_extract.cursor:   Cursor: pass 2 — 6 frames at 4.0 FPS [38254ms-39763ms]
2026-03-16 20:14:57,845 INFO vex_extract.cursor:   Cursor: 1/6 frames (1 detections)
2026-03-16 20:14:57,858 INFO vex_extract.cursor:   Cursor: 2/6 frames (2 detections)
2026-03-16 20:14:57,871 INFO vex_extract.cursor:   Cursor: 3/6 frames (3 detections)
2026-03-16 20:14:57,884 INFO vex_extract.cursor:   Cursor: 4/6 frames (4 detections)
2026-03-16 20:14:57,896 INFO vex_extract.cursor:   Cursor: 5/6 frames (5 detections)
2026-03-16 20:14:58,065 INFO vex_extract.cursor:   Cursor: pass 2 — 15 frames at 4.0 FPS [42503ms-46732ms]
2026-03-16 20:14:58,142 INFO vex_extract.cursor:   Cursor: 1/15 frames (1 detections)
2026-03-16 20:14:58,155 INFO vex_extract.cursor:   Cursor: 2/15 frames (2 detections)
2026-03-16 20:14:58,168 INFO vex_extract.cursor:   Cursor: 3/15 frames (3 detections)
2026-03-16 20:14:58,180 INFO vex_extract.cursor:   Cursor: 4/15 frames (4 detections)
2026-03-16 20:14:58,193 INFO vex_extract.cursor:   Cursor: 5/15 frames (5 detections)
2026-03-16 20:14:58,206 INFO vex_extract.cursor:   Cursor: 6/15 frames (6 detections)
2026-03-16 20:14:58,218 INFO vex_extract.cursor:   Cursor: 7/15 frames (7 detections)
2026-03-16 20:14:58,231 INFO vex_extract.cursor:   Cursor: 8/15 frames (8 detections)
2026-03-16 20:14:58,244 INFO vex_extract.cursor:   Cursor: 9/15 frames (9 detections)
2026-03-16 20:14:58,256 INFO vex_extract.cursor:   Cursor: 10/15 frames (10 detections)
2026-03-16 20:14:58,269 INFO vex_extract.cursor:   Cursor: 11/15 frames (11 detections)
2026-03-16 20:14:58,281 INFO vex_extract.cursor:   Cursor: 12/15 frames (12 detections)
2026-03-16 20:14:58,294 INFO vex_extract.cursor:   Cursor: 13/15 frames (13 detections)
2026-03-16 20:14:58,307 INFO vex_extract.cursor:   Cursor: 14/15 frames (14 detections)
2026-03-16 20:14:58,470 INFO vex_extract.cursor:   Cursor: pass 2 — 10 frames at 4.0 FPS [48384ms-50982ms]
2026-03-16 20:14:58,546 INFO vex_extract.cursor:   Cursor: 1/10 frames (1 detections)
2026-03-16 20:14:58,559 INFO vex_extract.cursor:   Cursor: 2/10 frames (2 detections)
2026-03-16 20:14:58,571 INFO vex_extract.cursor:   Cursor: 3/10 frames (3 detections)
2026-03-16 20:14:58,584 INFO vex_extract.cursor:   Cursor: 4/10 frames (4 detections)
2026-03-16 20:14:58,597 INFO vex_extract.cursor:   Cursor: 5/10 frames (5 detections)
2026-03-16 20:14:58,610 INFO vex_extract.cursor:   Cursor: 6/10 frames (6 detections)
2026-03-16 20:14:58,623 INFO vex_extract.cursor:   Cursor: 7/10 frames (7 detections)
2026-03-16 20:14:58,635 INFO vex_extract.cursor:   Cursor: 8/10 frames (8 detections)
2026-03-16 20:14:58,648 INFO vex_extract.cursor:   Cursor: 9/10 frames (9 detections)
2026-03-16 20:14:58,852 INFO vex_extract.cursor:   Cursor: pass 2 — 15 frames at 4.0 FPS [58514ms-62710ms]
2026-03-16 20:14:58,928 INFO vex_extract.cursor:   Cursor: 1/15 frames (1 detections)
2026-03-16 20:14:58,941 INFO vex_extract.cursor:   Cursor: 2/15 frames (2 detections)
2026-03-16 20:14:58,954 INFO vex_extract.cursor:   Cursor: 3/15 frames (3 detections)
2026-03-16 20:14:58,967 INFO vex_extract.cursor:   Cursor: 4/15 frames (4 detections)
2026-03-16 20:14:58,980 INFO vex_extract.cursor:   Cursor: 5/15 frames (5 detections)
2026-03-16 20:14:58,993 INFO vex_extract.cursor:   Cursor: 6/15 frames (6 detections)
2026-03-16 20:14:59,005 INFO vex_extract.cursor:   Cursor: 7/15 frames (7 detections)
2026-03-16 20:14:59,018 INFO vex_extract.cursor:   Cursor: 8/15 frames (8 detections)
2026-03-16 20:14:59,030 INFO vex_extract.cursor:   Cursor: 9/15 frames (9 detections)
2026-03-16 20:14:59,043 INFO vex_extract.cursor:   Cursor: 10/15 frames (10 detections)
2026-03-16 20:14:59,056 INFO vex_extract.cursor:   Cursor: 11/15 frames (11 detections)
2026-03-16 20:14:59,068 INFO vex_extract.cursor:   Cursor: 12/15 frames (12 detections)
2026-03-16 20:14:59,081 INFO vex_extract.cursor:   Cursor: 13/15 frames (13 detections)
2026-03-16 20:14:59,093 INFO vex_extract.cursor:   Cursor: 14/15 frames (14 detections)
2026-03-16 20:14:59,297 INFO vex_extract.cursor:   Cursor: pass 2 — 8 frames at 4.0 FPS [69154ms-71242ms]
2026-03-16 20:14:59,373 INFO vex_extract.cursor:   Cursor: 1/8 frames (1 detections)
2026-03-16 20:14:59,386 INFO vex_extract.cursor:   Cursor: 2/8 frames (2 detections)
2026-03-16 20:14:59,399 INFO vex_extract.cursor:   Cursor: 3/8 frames (3 detections)
2026-03-16 20:14:59,411 INFO vex_extract.cursor:   Cursor: 4/8 frames (4 detections)
2026-03-16 20:14:59,424 INFO vex_extract.cursor:   Cursor: 5/8 frames (5 detections)
2026-03-16 20:14:59,437 INFO vex_extract.cursor:   Cursor: 6/8 frames (6 detections)
2026-03-16 20:14:59,450 INFO vex_extract.cursor:   Cursor: 7/8 frames (7 detections)
2026-03-16 20:14:59,744 INFO vex_extract.cursor:   Cursor: pass 2 — 33 frames at 4.0 FPS [74492ms-83514ms]
2026-03-16 20:14:59,846 INFO vex_extract.cursor:   Cursor: 3/33 frames (3 detections)
2026-03-16 20:14:59,884 INFO vex_extract.cursor:   Cursor: 6/33 frames (6 detections)
2026-03-16 20:14:59,922 INFO vex_extract.cursor:   Cursor: 9/33 frames (9 detections)
2026-03-16 20:14:59,961 INFO vex_extract.cursor:   Cursor: 12/33 frames (12 detections)
2026-03-16 20:14:59,999 INFO vex_extract.cursor:   Cursor: 15/33 frames (15 detections)
2026-03-16 20:15:00,037 INFO vex_extract.cursor:   Cursor: 18/33 frames (18 detections)
2026-03-16 20:15:00,075 INFO vex_extract.cursor:   Cursor: 21/33 frames (21 detections)
2026-03-16 20:15:00,113 INFO vex_extract.cursor:   Cursor: 24/33 frames (24 detections)
2026-03-16 20:15:00,151 INFO vex_extract.cursor:   Cursor: 27/33 frames (27 detections)
2026-03-16 20:15:00,190 INFO vex_extract.cursor:   Cursor: 30/33 frames (30 detections)
2026-03-16 20:15:00,464 INFO vex_extract.cursor:   Cursor: pass 2 — 10 frames at 4.0 FPS [84656ms-87254ms]
2026-03-16 20:15:00,540 INFO vex_extract.cursor:   Cursor: 1/10 frames (1 detections)
2026-03-16 20:15:00,553 INFO vex_extract.cursor:   Cursor: 2/10 frames (2 detections)
2026-03-16 20:15:00,566 INFO vex_extract.cursor:   Cursor: 3/10 frames (3 detections)
2026-03-16 20:15:00,578 INFO vex_extract.cursor:   Cursor: 4/10 frames (4 detections)
2026-03-16 20:15:00,591 INFO vex_extract.cursor:   Cursor: 5/10 frames (5 detections)
2026-03-16 20:15:00,603 INFO vex_extract.cursor:   Cursor: 6/10 frames (6 detections)
2026-03-16 20:15:00,616 INFO vex_extract.cursor:   Cursor: 7/10 frames (7 detections)
2026-03-16 20:15:00,628 INFO vex_extract.cursor:   Cursor: 8/10 frames (8 detections)
2026-03-16 20:15:00,641 INFO vex_extract.cursor:   Cursor: 9/10 frames (9 detections)
2026-03-16 20:15:00,906 INFO vex_extract.cursor:   Cursor: pass 2 — 14 frames at 4.0 FPS [88905ms-92591ms]
2026-03-16 20:15:00,983 INFO vex_extract.cursor:   Cursor: 1/14 frames (1 detections)
2026-03-16 20:15:00,996 INFO vex_extract.cursor:   Cursor: 2/14 frames (2 detections)
2026-03-16 20:15:01,009 INFO vex_extract.cursor:   Cursor: 3/14 frames (3 detections)
2026-03-16 20:15:01,021 INFO vex_extract.cursor:   Cursor: 4/14 frames (4 detections)
2026-03-16 20:15:01,034 INFO vex_extract.cursor:   Cursor: 5/14 frames (5 detections)
2026-03-16 20:15:01,047 INFO vex_extract.cursor:   Cursor: 6/14 frames (6 detections)
2026-03-16 20:15:01,060 INFO vex_extract.cursor:   Cursor: 7/14 frames (7 detections)
2026-03-16 20:15:01,072 INFO vex_extract.cursor:   Cursor: 8/14 frames (8 detections)
2026-03-16 20:15:01,085 INFO vex_extract.cursor:   Cursor: 9/14 frames (9 detections)
2026-03-16 20:15:01,097 INFO vex_extract.cursor:   Cursor: 10/14 frames (10 detections)
2026-03-16 20:15:01,110 INFO vex_extract.cursor:   Cursor: 11/14 frames (11 detections)
2026-03-16 20:15:01,123 INFO vex_extract.cursor:   Cursor: 12/14 frames (12 detections)
2026-03-16 20:15:01,135 INFO vex_extract.cursor:   Cursor: 13/14 frames (13 detections)
2026-03-16 20:15:01,392 INFO vex_extract.cursor:   Cursor: pass 2 — 5 frames at 4.0 FPS [97982ms-99525ms]
2026-03-16 20:15:01,469 INFO vex_extract.cursor:   Cursor: 1/5 frames (1 detections)
2026-03-16 20:15:01,481 INFO vex_extract.cursor:   Cursor: 2/5 frames (2 detections)
2026-03-16 20:15:01,494 INFO vex_extract.cursor:   Cursor: 3/5 frames (3 detections)
2026-03-16 20:15:01,507 INFO vex_extract.cursor:   Cursor: 4/5 frames (4 detections)
2026-03-16 20:15:01,828 INFO vex_extract.cursor:   Cursor: pass 2 — 21 frames at 4.0 FPS [102741ms-108704ms]
2026-03-16 20:15:01,918 INFO vex_extract.cursor:   Cursor: 2/21 frames (2 detections)
2026-03-16 20:15:01,944 INFO vex_extract.cursor:   Cursor: 4/21 frames (4 detections)
2026-03-16 20:15:01,970 INFO vex_extract.cursor:   Cursor: 6/21 frames (6 detections)
2026-03-16 20:15:01,996 INFO vex_extract.cursor:   Cursor: 8/21 frames (8 detections)
2026-03-16 20:15:02,021 INFO vex_extract.cursor:   Cursor: 10/21 frames (10 detections)
2026-03-16 20:15:02,046 INFO vex_extract.cursor:   Cursor: 12/21 frames (12 detections)
2026-03-16 20:15:02,072 INFO vex_extract.cursor:   Cursor: 14/21 frames (14 detections)
2026-03-16 20:15:02,097 INFO vex_extract.cursor:   Cursor: 16/21 frames (16 detections)
2026-03-16 20:15:02,123 INFO vex_extract.cursor:   Cursor: 18/21 frames (18 detections)
2026-03-16 20:15:02,148 INFO vex_extract.cursor:   Cursor: 20/21 frames (20 detections)
2026-03-16 20:15:02,457 INFO vex_extract.cursor:   Cursor: pass 2 — 13 frames at 4.0 FPS [109302ms-112919ms]
2026-03-16 20:15:02,533 INFO vex_extract.cursor:   Cursor: 1/13 frames (1 detections)
2026-03-16 20:15:02,546 INFO vex_extract.cursor:   Cursor: 2/13 frames (2 detections)
2026-03-16 20:15:02,559 INFO vex_extract.cursor:   Cursor: 3/13 frames (3 detections)
2026-03-16 20:15:02,571 INFO vex_extract.cursor:   Cursor: 4/13 frames (4 detections)
2026-03-16 20:15:02,584 INFO vex_extract.cursor:   Cursor: 5/13 frames (5 detections)
2026-03-16 20:15:02,596 INFO vex_extract.cursor:   Cursor: 6/13 frames (6 detections)
2026-03-16 20:15:02,609 INFO vex_extract.cursor:   Cursor: 7/13 frames (7 detections)
2026-03-16 20:15:02,622 INFO vex_extract.cursor:   Cursor: 8/13 frames (8 detections)
2026-03-16 20:15:02,634 INFO vex_extract.cursor:   Cursor: 9/13 frames (9 detections)
2026-03-16 20:15:02,647 INFO vex_extract.cursor:   Cursor: 10/13 frames (10 detections)
2026-03-16 20:15:02,660 INFO vex_extract.cursor:   Cursor: 11/13 frames (11 detections)
2026-03-16 20:15:02,673 INFO vex_extract.cursor:   Cursor: 12/13 frames (12 detections)
2026-03-16 20:15:03,068 INFO vex_extract.cursor:   Cursor: pass 2 — 33 frames at 4.0 FPS [117188ms-126177ms]
2026-03-16 20:15:03,171 INFO vex_extract.cursor:   Cursor: 3/33 frames (3 detections)
2026-03-16 20:15:03,208 INFO vex_extract.cursor:   Cursor: 6/33 frames (6 detections)
2026-03-16 20:15:03,246 INFO vex_extract.cursor:   Cursor: 9/33 frames (9 detections)
2026-03-16 20:15:03,283 INFO vex_extract.cursor:   Cursor: 12/33 frames (12 detections)
2026-03-16 20:15:03,321 INFO vex_extract.cursor:   Cursor: 15/33 frames (15 detections)
2026-03-16 20:15:03,360 INFO vex_extract.cursor:   Cursor: 18/33 frames (18 detections)
2026-03-16 20:15:03,398 INFO vex_extract.cursor:   Cursor: 21/33 frames (21 detections)
2026-03-16 20:15:03,436 INFO vex_extract.cursor:   Cursor: 24/33 frames (24 detections)
2026-03-16 20:15:03,474 INFO vex_extract.cursor:   Cursor: 27/33 frames (27 detections)
2026-03-16 20:15:03,513 INFO vex_extract.cursor:   Cursor: 30/33 frames (30 detections)
2026-03-16 20:15:03,874 INFO vex_extract.cursor:   Cursor: pass 2 — 9 frames at 4.0 FPS [126775ms-129373ms]
2026-03-16 20:15:03,951 INFO vex_extract.cursor:   Cursor: 1/9 frames (1 detections)
2026-03-16 20:15:03,964 INFO vex_extract.cursor:   Cursor: 2/9 frames (2 detections)
2026-03-16 20:15:03,977 INFO vex_extract.cursor:   Cursor: 3/9 frames (3 detections)
2026-03-16 20:15:03,990 INFO vex_extract.cursor:   Cursor: 4/9 frames (4 detections)
2026-03-16 20:15:04,003 INFO vex_extract.cursor:   Cursor: 5/9 frames (5 detections)
2026-03-16 20:15:04,015 INFO vex_extract.cursor:   Cursor: 6/9 frames (6 detections)
2026-03-16 20:15:04,029 INFO vex_extract.cursor:   Cursor: 7/9 frames (7 detections)
2026-03-16 20:15:04,042 INFO vex_extract.cursor:   Cursor: 8/9 frames (8 detections)
2026-03-16 20:15:04,389 INFO vex_extract.cursor:   Cursor: pass 2 — 10 frames at 4.0 FPS [131568ms-134166ms]
2026-03-16 20:15:04,466 INFO vex_extract.cursor:   Cursor: 1/10 frames (1 detections)
2026-03-16 20:15:04,479 INFO vex_extract.cursor:   Cursor: 2/10 frames (2 detections)
2026-03-16 20:15:04,492 INFO vex_extract.cursor:   Cursor: 3/10 frames (3 detections)
2026-03-16 20:15:04,504 INFO vex_extract.cursor:   Cursor: 4/10 frames (4 detections)
2026-03-16 20:15:04,517 INFO vex_extract.cursor:   Cursor: 5/10 frames (5 detections)
2026-03-16 20:15:04,530 INFO vex_extract.cursor:   Cursor: 6/10 frames (6 detections)
2026-03-16 20:15:04,543 INFO vex_extract.cursor:   Cursor: 7/10 frames (7 detections)
2026-03-16 20:15:04,556 INFO vex_extract.cursor:   Cursor: 8/10 frames (8 detections)
2026-03-16 20:15:04,568 INFO vex_extract.cursor:   Cursor: 9/10 frames (9 detections)
2026-03-16 20:15:04,940 INFO vex_extract.cursor:   Cursor: pass 2 — 6 frames at 4.0 FPS [147511ms-149055ms]
2026-03-16 20:15:05,017 INFO vex_extract.cursor:   Cursor: 1/6 frames (1 detections)
2026-03-16 20:15:05,029 INFO vex_extract.cursor:   Cursor: 2/6 frames (2 detections)
2026-03-16 20:15:05,043 INFO vex_extract.cursor:   Cursor: 3/6 frames (3 detections)
2026-03-16 20:15:05,056 INFO vex_extract.cursor:   Cursor: 4/6 frames (4 detections)
2026-03-16 20:15:05,068 INFO vex_extract.cursor:   Cursor: 5/6 frames (5 detections)
2026-03-16 20:15:05,440 INFO vex_extract.cursor:   Cursor: pass 2 — 5 frames at 4.0 FPS [149211ms-150789ms]
2026-03-16 20:15:05,517 INFO vex_extract.cursor:   Cursor: 1/5 frames (1 detections)
2026-03-16 20:15:05,529 INFO vex_extract.cursor:   Cursor: 2/5 frames (2 detections)
2026-03-16 20:15:05,542 INFO vex_extract.cursor:   Cursor: 3/5 frames (3 detections)
2026-03-16 20:15:05,554 INFO vex_extract.cursor:   Cursor: 4/5 frames (4 detections)
2026-03-16 20:15:05,954 INFO vex_extract.cursor:   Cursor: pass 2 — 10 frames at 4.0 FPS [151863ms-154460ms]
2026-03-16 20:15:06,030 INFO vex_extract.cursor:   Cursor: 1/10 frames (1 detections)
2026-03-16 20:15:06,043 INFO vex_extract.cursor:   Cursor: 2/10 frames (2 detections)
2026-03-16 20:15:06,056 INFO vex_extract.cursor:   Cursor: 3/10 frames (3 detections)
2026-03-16 20:15:06,068 INFO vex_extract.cursor:   Cursor: 4/10 frames (4 detections)
2026-03-16 20:15:06,081 INFO vex_extract.cursor:   Cursor: 5/10 frames (5 detections)
2026-03-16 20:15:06,093 INFO vex_extract.cursor:   Cursor: 6/10 frames (6 detections)
2026-03-16 20:15:06,106 INFO vex_extract.cursor:   Cursor: 7/10 frames (7 detections)
2026-03-16 20:15:06,119 INFO vex_extract.cursor:   Cursor: 8/10 frames (8 detections)
2026-03-16 20:15:06,131 INFO vex_extract.cursor:   Cursor: 9/10 frames (9 detections)
2026-03-16 20:15:06,543 INFO vex_extract.cursor:   Cursor: pass 2 — 11 frames at 4.0 FPS [154514ms-158676ms]
2026-03-16 20:15:06,619 INFO vex_extract.cursor:   Cursor: 1/11 frames (1 detections)
2026-03-16 20:15:06,632 INFO vex_extract.cursor:   Cursor: 2/11 frames (2 detections)
2026-03-16 20:15:06,644 INFO vex_extract.cursor:   Cursor: 3/11 frames (3 detections)
2026-03-16 20:15:06,657 INFO vex_extract.cursor:   Cursor: 4/11 frames (4 detections)
2026-03-16 20:15:06,671 INFO vex_extract.cursor:   Cursor: 5/11 frames (5 detections)
2026-03-16 20:15:06,683 INFO vex_extract.cursor:   Cursor: 6/11 frames (6 detections)
2026-03-16 20:15:06,696 INFO vex_extract.cursor:   Cursor: 7/11 frames (7 detections)
2026-03-16 20:15:06,709 INFO vex_extract.cursor:   Cursor: 8/11 frames (8 detections)
2026-03-16 20:15:06,721 INFO vex_extract.cursor:   Cursor: 9/11 frames (9 detections)
2026-03-16 20:15:06,734 INFO vex_extract.cursor:   Cursor: 10/11 frames (10 detections)
2026-03-16 20:15:07,135 INFO vex_extract.cursor:   Cursor: pass 2 — 3 frames at 4.0 FPS [173687ms-178460ms]
2026-03-16 20:15:07,212 INFO vex_extract.cursor:   Cursor: 1/3 frames (1 detections)
2026-03-16 20:15:07,225 INFO vex_extract.cursor:   Cursor: 2/3 frames (2 detections)
2026-03-16 20:15:07,646 INFO vex_extract.cursor:   Cursor: pass 2 — 9 frames at 4.0 FPS [178616ms-181452ms]
2026-03-16 20:15:07,724 INFO vex_extract.cursor:   Cursor: 1/9 frames (1 detections)
2026-03-16 20:15:07,736 INFO vex_extract.cursor:   Cursor: 2/9 frames (2 detections)
2026-03-16 20:15:07,749 INFO vex_extract.cursor:   Cursor: 3/9 frames (3 detections)
2026-03-16 20:15:07,762 INFO vex_extract.cursor:   Cursor: 4/9 frames (4 detections)
2026-03-16 20:15:07,775 INFO vex_extract.cursor:   Cursor: 5/9 frames (5 detections)
2026-03-16 20:15:07,788 INFO vex_extract.cursor:   Cursor: 6/9 frames (6 detections)
2026-03-16 20:15:07,800 INFO vex_extract.cursor:   Cursor: 7/9 frames (7 detections)
2026-03-16 20:15:07,813 INFO vex_extract.cursor:   Cursor: 8/9 frames (8 detections)
2026-03-16 20:15:08,275 INFO vex_extract.cursor:   Cursor: pass 2 — 9 frames at 4.0 FPS [199523ms-202120ms]
2026-03-16 20:15:08,351 INFO vex_extract.cursor:   Cursor: 1/9 frames (1 detections)
2026-03-16 20:15:08,363 INFO vex_extract.cursor:   Cursor: 2/9 frames (2 detections)
2026-03-16 20:15:08,376 INFO vex_extract.cursor:   Cursor: 3/9 frames (3 detections)
2026-03-16 20:15:08,389 INFO vex_extract.cursor:   Cursor: 4/9 frames (4 detections)
2026-03-16 20:15:08,402 INFO vex_extract.cursor:   Cursor: 5/9 frames (5 detections)
2026-03-16 20:15:08,415 INFO vex_extract.cursor:   Cursor: 6/9 frames (6 detections)
2026-03-16 20:15:08,427 INFO vex_extract.cursor:   Cursor: 7/9 frames (7 detections)
2026-03-16 20:15:08,440 INFO vex_extract.cursor:   Cursor: 8/9 frames (8 detections)
2026-03-16 20:15:08,902 INFO vex_extract.cursor:   Cursor: pass 2 — 6 frames at 4.0 FPS [202310ms-204670ms]
2026-03-16 20:15:08,978 INFO vex_extract.cursor:   Cursor: 1/6 frames (1 detections)
2026-03-16 20:15:08,991 INFO vex_extract.cursor:   Cursor: 2/6 frames (2 detections)
2026-03-16 20:15:09,004 INFO vex_extract.cursor:   Cursor: 3/6 frames (3 detections)
2026-03-16 20:15:09,017 INFO vex_extract.cursor:   Cursor: 4/6 frames (4 detections)
2026-03-16 20:15:09,030 INFO vex_extract.cursor:   Cursor: 5/6 frames (5 detections)
2026-03-16 20:15:09,583 INFO vex_extract.cursor:   Cursor: pass 2 — 5 frames at 4.0 FPS [324758ms-326302ms]
2026-03-16 20:15:09,660 INFO vex_extract.cursor:   Cursor: 1/5 frames (1 detections)
2026-03-16 20:15:09,673 INFO vex_extract.cursor:   Cursor: 2/5 frames (2 detections)
2026-03-16 20:15:09,686 INFO vex_extract.cursor:   Cursor: 3/5 frames (3 detections)
2026-03-16 20:15:09,699 INFO vex_extract.cursor:   Cursor: 4/5 frames (4 detections)
2026-03-16 20:15:10,255 INFO vex_extract.cursor:   Cursor: pass 2 — 5 frames at 4.0 FPS [326322ms-327865ms]
2026-03-16 20:15:10,331 INFO vex_extract.cursor:   Cursor: 1/5 frames (1 detections)
2026-03-16 20:15:10,344 INFO vex_extract.cursor:   Cursor: 2/5 frames (2 detections)
2026-03-16 20:15:10,356 INFO vex_extract.cursor:   Cursor: 3/5 frames (3 detections)
2026-03-16 20:15:10,369 INFO vex_extract.cursor:   Cursor: 4/5 frames (4 detections)
2026-03-16 20:15:11,927 INFO vex_extract.cursor:   Cursor: pass 2 — 11 frames at 4.0 FPS [764305ms-767480ms]
2026-03-16 20:15:12,004 INFO vex_extract.cursor:   Cursor: 1/11 frames (1 detections)
2026-03-16 20:15:12,017 INFO vex_extract.cursor:   Cursor: 2/11 frames (2 detections)
2026-03-16 20:15:12,030 INFO vex_extract.cursor:   Cursor: 3/11 frames (3 detections)
2026-03-16 20:15:12,043 INFO vex_extract.cursor:   Cursor: 4/11 frames (4 detections)
2026-03-16 20:15:12,056 INFO vex_extract.cursor:   Cursor: 5/11 frames (5 detections)
2026-03-16 20:15:12,068 INFO vex_extract.cursor:   Cursor: 6/11 frames (6 detections)
2026-03-16 20:15:12,081 INFO vex_extract.cursor:   Cursor: 7/11 frames (7 detections)
2026-03-16 20:15:12,094 INFO vex_extract.cursor:   Cursor: 8/11 frames (8 detections)
2026-03-16 20:15:12,106 INFO vex_extract.cursor:   Cursor: 9/11 frames (9 detections)
2026-03-16 20:15:12,119 INFO vex_extract.cursor:   Cursor: 10/11 frames (10 detections)
2026-03-16 20:15:13,893 INFO vex_extract.cursor:   Cursor: pass 2 — 6 frames at 4.0 FPS [865200ms-866744ms]
2026-03-16 20:15:13,970 INFO vex_extract.cursor:   Cursor: 1/6 frames (1 detections)
2026-03-16 20:15:13,982 INFO vex_extract.cursor:   Cursor: 2/6 frames (2 detections)
2026-03-16 20:15:13,995 INFO vex_extract.cursor:   Cursor: 3/6 frames (3 detections)
2026-03-16 20:15:14,008 INFO vex_extract.cursor:   Cursor: 4/6 frames (4 detections)
2026-03-16 20:15:14,021 INFO vex_extract.cursor:   Cursor: 5/6 frames (5 detections)
2026-03-16 20:15:15,844 INFO vex_extract.cursor:   Cursor: pass 2 — 5 frames at 4.0 FPS [887976ms-889520ms]
2026-03-16 20:15:15,921 INFO vex_extract.cursor:   Cursor: 1/5 frames (1 detections)
2026-03-16 20:15:15,934 INFO vex_extract.cursor:   Cursor: 2/5 frames (2 detections)
2026-03-16 20:15:15,947 INFO vex_extract.cursor:   Cursor: 3/5 frames (3 detections)
2026-03-16 20:15:15,959 INFO vex_extract.cursor:   Cursor: 4/5 frames (4 detections)
2026-03-16 20:15:17,799 INFO vex_extract.cursor:   Cursor: pass 2 — 5 frames at 4.0 FPS [893075ms-894585ms]
2026-03-16 20:15:17,876 INFO vex_extract.cursor:   Cursor: 1/5 frames (1 detections)
2026-03-16 20:15:17,889 INFO vex_extract.cursor:   Cursor: 2/5 frames (2 detections)
2026-03-16 20:15:17,902 INFO vex_extract.cursor:   Cursor: 3/5 frames (3 detections)
2026-03-16 20:15:17,914 INFO vex_extract.cursor:   Cursor: 4/5 frames (4 detections)
2026-03-16 20:15:19,793 INFO vex_extract.cursor:   Cursor: pass 2 — 12 frames at 4.0 FPS [896780ms-899990ms]
2026-03-16 20:15:19,869 INFO vex_extract.cursor:   Cursor: 1/12 frames (1 detections)
2026-03-16 20:15:19,881 INFO vex_extract.cursor:   Cursor: 2/12 frames (2 detections)
2026-03-16 20:15:19,894 INFO vex_extract.cursor:   Cursor: 3/12 frames (3 detections)
2026-03-16 20:15:19,907 INFO vex_extract.cursor:   Cursor: 4/12 frames (4 detections)
2026-03-16 20:15:19,919 INFO vex_extract.cursor:   Cursor: 5/12 frames (5 detections)
2026-03-16 20:15:19,932 INFO vex_extract.cursor:   Cursor: 6/12 frames (6 detections)
2026-03-16 20:15:19,944 INFO vex_extract.cursor:   Cursor: 7/12 frames (7 detections)
2026-03-16 20:15:19,956 INFO vex_extract.cursor:   Cursor: 8/12 frames (8 detections)
2026-03-16 20:15:19,969 INFO vex_extract.cursor:   Cursor: 9/12 frames (9 detections)
2026-03-16 20:15:19,981 INFO vex_extract.cursor:   Cursor: 10/12 frames (10 detections)
2026-03-16 20:15:19,994 INFO vex_extract.cursor:   Cursor: 11/12 frames (11 detections)
2026-03-16 20:15:21,901 INFO vex_extract.cursor:   Cursor: pass 2 — 7 frames at 4.0 FPS [908373ms-910460ms]
2026-03-16 20:15:21,978 INFO vex_extract.cursor:   Cursor: 1/7 frames (1 detections)
2026-03-16 20:15:21,991 INFO vex_extract.cursor:   Cursor: 2/7 frames (2 detections)
2026-03-16 20:15:22,004 INFO vex_extract.cursor:   Cursor: 3/7 frames (3 detections)
2026-03-16 20:15:22,016 INFO vex_extract.cursor:   Cursor: 4/7 frames (4 detections)
2026-03-16 20:15:22,029 INFO vex_extract.cursor:   Cursor: 5/7 frames (5 detections)
2026-03-16 20:15:22,042 INFO vex_extract.cursor:   Cursor: 6/7 frames (6 detections)
2026-03-16 20:15:23,956 INFO vex_extract.cursor:   Cursor: pass 2 — 6 frames at 4.0 FPS [912214ms-914302ms]
2026-03-16 20:15:24,033 INFO vex_extract.cursor:   Cursor: 1/6 frames (1 detections)
2026-03-16 20:15:24,046 INFO vex_extract.cursor:   Cursor: 2/6 frames (2 detections)
2026-03-16 20:15:24,059 INFO vex_extract.cursor:   Cursor: 3/6 frames (3 detections)
2026-03-16 20:15:24,071 INFO vex_extract.cursor:   Cursor: 4/6 frames (4 detections)
2026-03-16 20:15:24,084 INFO vex_extract.cursor:   Cursor: 5/6 frames (5 detections)
2026-03-16 20:15:26,038 INFO vex_extract.cursor:   Cursor: pass 2 — 13 frames at 4.0 FPS [915987ms-919639ms]
2026-03-16 20:15:26,115 INFO vex_extract.cursor:   Cursor: 1/13 frames (1 detections)
2026-03-16 20:15:26,128 INFO vex_extract.cursor:   Cursor: 2/13 frames (2 detections)
2026-03-16 20:15:26,140 INFO vex_extract.cursor:   Cursor: 3/13 frames (3 detections)
2026-03-16 20:15:26,153 INFO vex_extract.cursor:   Cursor: 4/13 frames (4 detections)
2026-03-16 20:15:26,166 INFO vex_extract.cursor:   Cursor: 5/13 frames (5 detections)
2026-03-16 20:15:26,178 INFO vex_extract.cursor:   Cursor: 6/13 frames (6 detections)
2026-03-16 20:15:26,191 INFO vex_extract.cursor:   Cursor: 7/13 frames (7 detections)
2026-03-16 20:15:26,203 INFO vex_extract.cursor:   Cursor: 8/13 frames (8 detections)
2026-03-16 20:15:26,216 INFO vex_extract.cursor:   Cursor: 9/13 frames (9 detections)
2026-03-16 20:15:26,228 INFO vex_extract.cursor:   Cursor: 10/13 frames (10 detections)
2026-03-16 20:15:26,241 INFO vex_extract.cursor:   Cursor: 11/13 frames (11 detections)
2026-03-16 20:15:26,253 INFO vex_extract.cursor:   Cursor: 12/13 frames (12 detections)
2026-03-16 20:15:28,601 INFO vex_extract.cursor:   Cursor: pass 2 — 9 frames at 4.0 FPS [1108871ms-1111911ms]
2026-03-16 20:15:28,677 INFO vex_extract.cursor:   Cursor: 1/9 frames (1 detections)
2026-03-16 20:15:28,689 INFO vex_extract.cursor:   Cursor: 2/9 frames (2 detections)
2026-03-16 20:15:28,702 INFO vex_extract.cursor:   Cursor: 3/9 frames (3 detections)
2026-03-16 20:15:28,714 INFO vex_extract.cursor:   Cursor: 4/9 frames (4 detections)
2026-03-16 20:15:28,727 INFO vex_extract.cursor:   Cursor: 5/9 frames (5 detections)
2026-03-16 20:15:28,740 INFO vex_extract.cursor:   Cursor: 6/9 frames (6 detections)
2026-03-16 20:15:28,753 INFO vex_extract.cursor:   Cursor: 7/9 frames (7 detections)
2026-03-16 20:15:28,766 INFO vex_extract.cursor:   Cursor: 8/9 frames (8 detections)
2026-03-16 20:15:31,265 INFO vex_extract.cursor:   Cursor: pass 2 — 5 frames at 4.0 FPS [1160237ms-1165214ms]
2026-03-16 20:15:31,340 INFO vex_extract.cursor:   Cursor: 1/5 frames (1 detections)
2026-03-16 20:15:31,353 INFO vex_extract.cursor:   Cursor: 2/5 frames (2 detections)
2026-03-16 20:15:31,366 INFO vex_extract.cursor:   Cursor: 3/5 frames (3 detections)
2026-03-16 20:15:31,378 INFO vex_extract.cursor:   Cursor: 4/5 frames (4 detections)
2026-03-16 20:15:33,974 INFO vex_extract.cursor:   Cursor: pass 2 — 6 frames at 4.0 FPS [1200486ms-1202030ms]
2026-03-16 20:15:34,051 INFO vex_extract.cursor:   Cursor: 1/6 frames (1 detections)
2026-03-16 20:15:34,064 INFO vex_extract.cursor:   Cursor: 2/6 frames (2 detections)
2026-03-16 20:15:34,077 INFO vex_extract.cursor:   Cursor: 3/6 frames (3 detections)
2026-03-16 20:15:34,090 INFO vex_extract.cursor:   Cursor: 4/6 frames (4 detections)
2026-03-16 20:15:34,102 INFO vex_extract.cursor:   Cursor: 5/6 frames (5 detections)
2026-03-16 20:15:36,710 INFO vex_extract.cursor:   Cursor: pass 2 — 6 frames at 4.0 FPS [1203171ms-1204681ms]
2026-03-16 20:15:36,787 INFO vex_extract.cursor:   Cursor: 1/6 frames (1 detections)
2026-03-16 20:15:36,800 INFO vex_extract.cursor:   Cursor: 2/6 frames (2 detections)
2026-03-16 20:15:36,813 INFO vex_extract.cursor:   Cursor: 3/6 frames (3 detections)
2026-03-16 20:15:36,825 INFO vex_extract.cursor:   Cursor: 4/6 frames (4 detections)
2026-03-16 20:15:36,838 INFO vex_extract.cursor:   Cursor: 5/6 frames (5 detections)
2026-03-16 20:15:40,137 INFO vex_extract.cursor:   Cursor: pass 2 — 8 frames at 4.0 FPS [1580644ms-1582732ms]
2026-03-16 20:15:40,212 INFO vex_extract.cursor:   Cursor: 1/8 frames (1 detections)
2026-03-16 20:15:40,226 INFO vex_extract.cursor:   Cursor: 2/8 frames (2 detections)
2026-03-16 20:15:40,238 INFO vex_extract.cursor:   Cursor: 3/8 frames (3 detections)
2026-03-16 20:15:40,251 INFO vex_extract.cursor:   Cursor: 4/8 frames (4 detections)
2026-03-16 20:15:40,264 INFO vex_extract.cursor:   Cursor: 5/8 frames (5 detections)
2026-03-16 20:15:40,277 INFO vex_extract.cursor:   Cursor: 6/8 frames (6 detections)
2026-03-16 20:15:40,290 INFO vex_extract.cursor:   Cursor: 7/8 frames (7 detections)
2026-03-16 20:15:43,720 INFO vex_extract.cursor:   Cursor: pass 2 — 10 frames at 4.0 FPS [1650741ms-1653882ms]
2026-03-16 20:15:43,797 INFO vex_extract.cursor:   Cursor: 1/10 frames (1 detections)
2026-03-16 20:15:43,810 INFO vex_extract.cursor:   Cursor: 2/10 frames (2 detections)
2026-03-16 20:15:43,822 INFO vex_extract.cursor:   Cursor: 3/10 frames (3 detections)
2026-03-16 20:15:43,835 INFO vex_extract.cursor:   Cursor: 4/10 frames (4 detections)
2026-03-16 20:15:43,848 INFO vex_extract.cursor:   Cursor: 5/10 frames (5 detections)
2026-03-16 20:15:43,861 INFO vex_extract.cursor:   Cursor: 6/10 frames (6 detections)
2026-03-16 20:15:43,874 INFO vex_extract.cursor:   Cursor: 7/10 frames (7 detections)
2026-03-16 20:15:43,887 INFO vex_extract.cursor:   Cursor: 8/10 frames (8 detections)
2026-03-16 20:15:43,899 INFO vex_extract.cursor:   Cursor: 9/10 frames (9 detections)
2026-03-16 20:15:47,368 INFO vex_extract.cursor:   Cursor: pass 2 — 15 frames at 4.0 FPS [1663557ms-1667854ms]
2026-03-16 20:15:47,446 INFO vex_extract.cursor:   Cursor: 1/15 frames (1 detections)
2026-03-16 20:15:47,459 INFO vex_extract.cursor:   Cursor: 2/15 frames (2 detections)
2026-03-16 20:15:47,472 INFO vex_extract.cursor:   Cursor: 3/15 frames (3 detections)
2026-03-16 20:15:47,485 INFO vex_extract.cursor:   Cursor: 4/15 frames (4 detections)
2026-03-16 20:15:47,497 INFO vex_extract.cursor:   Cursor: 5/15 frames (5 detections)
2026-03-16 20:15:47,510 INFO vex_extract.cursor:   Cursor: 6/15 frames (6 detections)
2026-03-16 20:15:47,523 INFO vex_extract.cursor:   Cursor: 7/15 frames (7 detections)
2026-03-16 20:15:47,536 INFO vex_extract.cursor:   Cursor: 8/15 frames (8 detections)
2026-03-16 20:15:47,549 INFO vex_extract.cursor:   Cursor: 9/15 frames (9 detections)
2026-03-16 20:15:47,562 INFO vex_extract.cursor:   Cursor: 10/15 frames (10 detections)
2026-03-16 20:15:47,575 INFO vex_extract.cursor:   Cursor: 11/15 frames (11 detections)
2026-03-16 20:15:47,588 INFO vex_extract.cursor:   Cursor: 12/15 frames (12 detections)
2026-03-16 20:15:47,600 INFO vex_extract.cursor:   Cursor: 13/15 frames (13 detections)
2026-03-16 20:15:47,613 INFO vex_extract.cursor:   Cursor: 14/15 frames (14 detections)
2026-03-16 20:15:51,077 INFO vex_extract.cursor:   Cursor: pass 2 — 6 frames at 4.0 FPS [1667942ms-1669486ms]
2026-03-16 20:15:51,154 INFO vex_extract.cursor:   Cursor: 1/6 frames (1 detections)
2026-03-16 20:15:51,167 INFO vex_extract.cursor:   Cursor: 2/6 frames (2 detections)
2026-03-16 20:15:51,179 INFO vex_extract.cursor:   Cursor: 3/6 frames (3 detections)
2026-03-16 20:15:51,192 INFO vex_extract.cursor:   Cursor: 4/6 frames (4 detections)
2026-03-16 20:15:51,205 INFO vex_extract.cursor:   Cursor: 5/6 frames (5 detections)
2026-03-16 20:15:54,893 INFO vex_extract.cursor:   Cursor: pass 2 — 11 frames at 4.0 FPS [1749494ms-1752670ms]
2026-03-16 20:15:54,969 INFO vex_extract.cursor:   Cursor: 1/11 frames (1 detections)
2026-03-16 20:15:54,982 INFO vex_extract.cursor:   Cursor: 2/11 frames (2 detections)
2026-03-16 20:15:54,995 INFO vex_extract.cursor:   Cursor: 3/11 frames (3 detections)
2026-03-16 20:15:55,008 INFO vex_extract.cursor:   Cursor: 4/11 frames (4 detections)
2026-03-16 20:15:55,020 INFO vex_extract.cursor:   Cursor: 5/11 frames (5 detections)
2026-03-16 20:15:55,033 INFO vex_extract.cursor:   Cursor: 6/11 frames (6 detections)
2026-03-16 20:15:55,046 INFO vex_extract.cursor:   Cursor: 7/11 frames (7 detections)
2026-03-16 20:15:55,059 INFO vex_extract.cursor:   Cursor: 8/11 frames (8 detections)
2026-03-16 20:15:55,072 INFO vex_extract.cursor:   Cursor: 9/11 frames (9 detections)
2026-03-16 20:15:55,085 INFO vex_extract.cursor:   Cursor: 10/11 frames (10 detections)
2026-03-16 20:15:58,782 INFO vex_extract.cursor:   Cursor: pass 2 — 8 frames at 4.0 FPS [1752690ms-1754778ms]
2026-03-16 20:15:58,858 INFO vex_extract.cursor:   Cursor: 1/8 frames (1 detections)
2026-03-16 20:15:58,871 INFO vex_extract.cursor:   Cursor: 2/8 frames (2 detections)
2026-03-16 20:15:58,884 INFO vex_extract.cursor:   Cursor: 3/8 frames (3 detections)
2026-03-16 20:15:58,896 INFO vex_extract.cursor:   Cursor: 4/8 frames (4 detections)
2026-03-16 20:15:58,909 INFO vex_extract.cursor:   Cursor: 5/8 frames (5 detections)
2026-03-16 20:15:58,922 INFO vex_extract.cursor:   Cursor: 6/8 frames (6 detections)
2026-03-16 20:15:58,935 INFO vex_extract.cursor:   Cursor: 7/8 frames (7 detections)
2026-03-16 20:16:02,754 INFO vex_extract.cursor:   Cursor: pass 2 — 5 frames at 4.0 FPS [1813812ms-1815356ms]
2026-03-16 20:16:02,831 INFO vex_extract.cursor:   Cursor: 1/5 frames (1 detections)
2026-03-16 20:16:02,844 INFO vex_extract.cursor:   Cursor: 2/5 frames (2 detections)
2026-03-16 20:16:02,857 INFO vex_extract.cursor:   Cursor: 3/5 frames (3 detections)
2026-03-16 20:16:02,870 INFO vex_extract.cursor:   Cursor: 4/5 frames (4 detections)
2026-03-16 20:16:06,690 INFO vex_extract.cursor:   Cursor: pass 2 — 4 frames at 4.0 FPS [1816225ms-1817735ms]
2026-03-16 20:16:06,766 INFO vex_extract.cursor:   Cursor: 1/4 frames (1 detections)
2026-03-16 20:16:06,779 INFO vex_extract.cursor:   Cursor: 2/4 frames (2 detections)
2026-03-16 20:16:06,792 INFO vex_extract.cursor:   Cursor: 3/4 frames (3 detections)
2026-03-16 20:16:10,617 INFO vex_extract.cursor:   Cursor: pass 2 — 4 frames at 4.0 FPS [1856237ms-1857746ms]
2026-03-16 20:16:10,694 INFO vex_extract.cursor:   Cursor: 1/4 frames (1 detections)
2026-03-16 20:16:10,708 INFO vex_extract.cursor:   Cursor: 2/4 frames (2 detections)
2026-03-16 20:16:10,721 INFO vex_extract.cursor:   Cursor: 3/4 frames (3 detections)
2026-03-16 20:16:14,579 INFO vex_extract.cursor:   Cursor: pass 2 — 5 frames at 4.0 FPS [1862831ms-1864375ms]
2026-03-16 20:16:14,656 INFO vex_extract.cursor:   Cursor: 1/5 frames (1 detections)
2026-03-16 20:16:14,669 INFO vex_extract.cursor:   Cursor: 2/5 frames (2 detections)
2026-03-16 20:16:14,681 INFO vex_extract.cursor:   Cursor: 3/5 frames (3 detections)
2026-03-16 20:16:14,694 INFO vex_extract.cursor:   Cursor: 4/5 frames (4 detections)
2026-03-16 20:16:18,617 INFO vex_extract.cursor:   Cursor: pass 2 — 5 frames at 4.0 FPS [1885336ms-1887695ms]
2026-03-16 20:16:18,694 INFO vex_extract.cursor:   Cursor: 1/5 frames (1 detections)
2026-03-16 20:16:18,707 INFO vex_extract.cursor:   Cursor: 2/5 frames (2 detections)
2026-03-16 20:16:18,720 INFO vex_extract.cursor:   Cursor: 3/5 frames (3 detections)
2026-03-16 20:16:18,733 INFO vex_extract.cursor:   Cursor: 4/5 frames (4 detections)
2026-03-16 20:16:22,687 INFO vex_extract.cursor:   Cursor: pass 2 — 7 frames at 4.0 FPS [1909268ms-1911322ms]
2026-03-16 20:16:22,763 INFO vex_extract.cursor:   Cursor: 1/7 frames (1 detections)
2026-03-16 20:16:22,776 INFO vex_extract.cursor:   Cursor: 2/7 frames (2 detections)
2026-03-16 20:16:22,788 INFO vex_extract.cursor:   Cursor: 3/7 frames (3 detections)
2026-03-16 20:16:22,801 INFO vex_extract.cursor:   Cursor: 4/7 frames (4 detections)
2026-03-16 20:16:22,814 INFO vex_extract.cursor:   Cursor: 5/7 frames (5 detections)
2026-03-16 20:16:22,827 INFO vex_extract.cursor:   Cursor: 6/7 frames (6 detections)
2026-03-16 20:16:27,100 INFO vex_extract.cursor:   Cursor: pass 2 — 10 frames at 4.0 FPS [2179625ms-2182732ms]
2026-03-16 20:16:27,177 INFO vex_extract.cursor:   Cursor: 1/10 frames (1 detections)
2026-03-16 20:16:27,190 INFO vex_extract.cursor:   Cursor: 2/10 frames (2 detections)
2026-03-16 20:16:27,202 INFO vex_extract.cursor:   Cursor: 3/10 frames (3 detections)
2026-03-16 20:16:27,215 INFO vex_extract.cursor:   Cursor: 4/10 frames (4 detections)
2026-03-16 20:16:27,228 INFO vex_extract.cursor:   Cursor: 5/10 frames (5 detections)
2026-03-16 20:16:27,240 INFO vex_extract.cursor:   Cursor: 6/10 frames (6 detections)
2026-03-16 20:16:27,254 INFO vex_extract.cursor:   Cursor: 7/10 frames (7 detections)
2026-03-16 20:16:27,268 INFO vex_extract.cursor:   Cursor: 8/10 frames (8 detections)
2026-03-16 20:16:27,282 INFO vex_extract.cursor:   Cursor: 9/10 frames (9 detections)
2026-03-16 20:16:31,650 INFO vex_extract.cursor:   Cursor: pass 2 — 8 frames at 4.0 FPS [2214809ms-2216863ms]
2026-03-16 20:16:31,708 INFO vex_extract.cursor:   Cursor: 1/8 frames (1 detections)
2026-03-16 20:16:31,715 INFO vex_extract.cursor:   Cursor: 2/8 frames (2 detections)
2026-03-16 20:16:31,721 INFO vex_extract.cursor:   Cursor: 3/8 frames (3 detections)
2026-03-16 20:16:31,728 INFO vex_extract.cursor:   Cursor: 4/8 frames (4 detections)
2026-03-16 20:16:31,734 INFO vex_extract.cursor:   Cursor: 5/8 frames (5 detections)
2026-03-16 20:16:31,740 INFO vex_extract.cursor:   Cursor: 6/8 frames (6 detections)
2026-03-16 20:16:31,747 INFO vex_extract.cursor:   Cursor: 7/8 frames (7 detections)
2026-03-16 20:16:31,760 INFO vex_extract.cursor:   Cursor: merged 3648 detections (3648 detected)
2026-03-16 20:16:31,760 INFO vex_extract.cursor:   Cursor: filtering 14 static detections at (1763.0, 12.0) spanning 3603ms
2026-03-16 20:16:31,760 INFO vex_extract.cursor:   Cursor: filtering 18 static detections at (286.0, 223.0) spanning 9076ms
2026-03-16 20:16:31,760 INFO vex_extract.cursor:   Cursor: filtering 9 static detections at (1381.0, 822.0) spanning 4249ms
2026-03-16 20:16:31,760 INFO vex_extract.cursor:   Cursor: filtering 15 static detections at (1763.0, 12.0) spanning 3909ms
2026-03-16 20:16:31,760 INFO vex_extract.cursor:   Cursor: filtering 15 static detections at (286.0, 217.0) spanning 7479ms
2026-03-16 20:16:31,760 INFO vex_extract.cursor:   Cursor: filtering 15 static detections at (1763.0, 12.0) spanning 3943ms
2026-03-16 20:16:31,760 INFO vex_extract.cursor:   Cursor: filtering 13 static detections at (286.0, 217.0) spanning 6425ms
2026-03-16 20:16:31,760 INFO vex_extract.cursor:   Cursor: filtering 7 static detections at (286.0, 217.0) spanning 3195ms
2026-03-16 20:16:31,760 INFO vex_extract.cursor:   Cursor: filtering 33 static detections at (1763.0, 12.0) spanning 8873ms
2026-03-16 20:16:31,760 INFO vex_extract.cursor:   Cursor: filtering 14 static detections at (1763.0, 12.0) spanning 3603ms
2026-03-16 20:16:31,760 INFO vex_extract.cursor:   Cursor: filtering 11 static detections at (938.0, 841.0) spanning 5371ms
2026-03-16 20:16:31,760 INFO vex_extract.cursor:   Cursor: filtering 12 static detections at (1763.0, 12.0) spanning 3161ms
2026-03-16 20:16:31,760 INFO vex_extract.cursor:   Cursor: filtering 13 static detections at (1763.0, 12.0) spanning 3433ms
2026-03-16 20:16:31,760 INFO vex_extract.cursor:   Cursor: filtering 14 static detections at (830.0, 423.0) spanning 5371ms
2026-03-16 20:16:31,760 INFO vex_extract.cursor:   Cursor: filtering 33 static detections at (830.0, 423.0) spanning 14822ms
2026-03-16 20:16:31,760 INFO vex_extract.cursor:   Cursor: filtering 26 static detections at (206.0, 454.0) spanning 16521ms
2026-03-16 20:16:31,760 INFO vex_extract.cursor:   Cursor: filtering 43 static detections at (1763.0, 12.0) spanning 21178ms
2026-03-16 20:16:31,760 INFO vex_extract.cursor:   Cursor: filtering 137 static detections at (1763.0, 12.0) spanning 120204ms
2026-03-16 20:16:31,760 INFO vex_extract.cursor:   Cursor: filtering 805 static detections at (1763.0, 12.0) spanning 436011ms
2026-03-16 20:16:31,761 INFO vex_extract.cursor:   Cursor: filtering 184 static detections at (1763.0, 12.0) spanning 97632ms
2026-03-16 20:16:31,761 INFO vex_extract.cursor:   Cursor: filtering 41 static detections at (452.0, 414.0) spanning 21178ms
2026-03-16 20:16:31,761 INFO vex_extract.cursor:   Cursor: filtering 7 static detections at (119.0, 14.0) spanning 3467ms
2026-03-16 20:16:31,761 INFO vex_extract.cursor:   Cursor: filtering 18 static detections at (89.0, 744.0) spanning 8703ms
2026-03-16 20:16:31,761 INFO vex_extract.cursor:   Cursor: filtering 245 static detections at (1763.0, 12.0) spanning 189756ms
2026-03-16 20:16:31,762 INFO vex_extract.cursor:   Cursor: filtering 71 static detections at (1763.0, 12.0) spanning 49870ms
2026-03-16 20:16:31,762 INFO vex_extract.cursor:   Cursor: filtering 55 static detections at (1763.0, 12.0) spanning 35762ms
2026-03-16 20:16:31,762 INFO vex_extract.cursor:   Cursor: filtering 604 static detections at (1763.0, 12.0) spanning 446516ms
2026-03-16 20:16:31,762 INFO vex_extract.cursor:   Cursor: filtering 23 static detections at (1763.0, 12.0) spanning 10334ms
2026-03-16 20:16:31,762 INFO vex_extract.cursor:   Cursor: filtering 113 static detections at (1763.0, 12.0) spanning 79955ms
2026-03-16 20:16:31,762 INFO vex_extract.cursor:   Cursor: filtering 77 static detections at (1763.0, 12.0) spanning 58912ms
2026-03-16 20:16:31,763 INFO vex_extract.cursor:   Cursor: filtering 39 static detections at (1763.0, 12.0) spanning 38040ms
2026-03-16 20:16:31,763 INFO vex_extract.cursor:   Cursor: filtering 13 static detections at (119.0, 14.0) spanning 5745ms
2026-03-16 20:16:31,763 INFO vex_extract.cursor:   Cursor: filtering 33 static detections at (1763.0, 12.0) spanning 21450ms
2026-03-16 20:16:31,763 INFO vex_extract.cursor:   Cursor: filtering 30 static detections at (1763.0, 12.0) spanning 22878ms
2026-03-16 20:16:31,763 INFO vex_extract.cursor:   Cursor: filtering 341 static detections at (1763.0, 12.0) spanning 268045ms
2026-03-16 20:16:31,763 INFO vex_extract.cursor:   Cursor: filtering 61 static detections at (1763.0, 12.0) spanning 31989ms
2026-03-16 20:16:31,763 INFO vex_extract.cursor:   Cursor: filtering 7 static detections at (1763.0, 12.0) spanning 3195ms
2026-03-16 20:16:31,786 INFO vex_extract.pipeline:   Cached cursor trajectory: /Users/nic/Developer/spike-air-315-vision-processing/candidates/2026-03-14/tmp/cv/travel_learner_sophia_jayde_f0ebba1b_cursor/cursor_trajectory.json
2026-03-16 20:16:31,786 INFO vex_extract.pipeline:   3648 cursor detections (439 detected) in 151.9s
2026-03-16 20:16:31,786 INFO vex_extract.pipeline: Step 3: Computing optical flow...
2026-03-16 20:16:37,995 INFO vex_extract.flow:   Flow: computing across 3346 frame pairs...
2026-03-16 20:16:50,516 INFO vex_extract.pipeline:   Cached flow windows: /Users/nic/Developer/spike-air-315-vision-processing/candidates/2026-03-14/tmp/cv/travel_learner_sophia_jayde_bb5a87ef_f0ebba1b_flow/flow_windows.json
2026-03-16 20:16:50,516 INFO vex_extract.pipeline:   2317 flow windows in 18.7s
2026-03-16 20:16:50,516 INFO vex_extract.pipeline: Step 4: Creating video segments...
2026-03-16 20:16:50,516 INFO vex_extract.pipeline:   30 segments
2026-03-16 20:16:50,516 INFO vex_extract.pipeline:   Segment 0: cached
2026-03-16 20:16:50,517 INFO vex_extract.pipeline:   Segment 1: cached
2026-03-16 20:16:50,517 INFO vex_extract.pipeline:   Segment 2: cached
2026-03-16 20:16:50,517 INFO vex_extract.pipeline:   Segment 3: cached
2026-03-16 20:16:50,517 INFO vex_extract.pipeline:   Segment 4: cached
2026-03-16 20:16:50,517 INFO vex_extract.pipeline:   Segment 5: cached
2026-03-16 20:16:50,517 INFO vex_extract.pipeline:   Segment 6: cached
2026-03-16 20:16:50,517 INFO vex_extract.pipeline:   Segment 7: cached
2026-03-16 20:16:50,517 INFO vex_extract.pipeline:   Segment 8: cached
2026-03-16 20:16:50,517 INFO vex_extract.pipeline:   Segment 9: cached
2026-03-16 20:16:50,517 INFO vex_extract.pipeline:   Segment 10: cached
2026-03-16 20:16:50,517 INFO vex_extract.pipeline:   Segment 11: cached
2026-03-16 20:16:50,517 INFO vex_extract.pipeline:   Segment 12: cached
2026-03-16 20:16:50,517 INFO vex_extract.pipeline:   Segment 13: cached
2026-03-16 20:16:50,517 INFO vex_extract.pipeline:   Segment 14: cached
2026-03-16 20:16:50,517 INFO vex_extract.pipeline:   Segment 15: cached
2026-03-16 20:16:50,517 INFO vex_extract.pipeline:   Segment 16: cached
2026-03-16 20:16:50,517 INFO vex_extract.pipeline:   Segment 17: cached
2026-03-16 20:16:50,517 INFO vex_extract.pipeline:   Segment 18: cached
2026-03-16 20:16:50,517 INFO vex_extract.pipeline:   Segment 19: cached
2026-03-16 20:16:50,517 INFO vex_extract.pipeline:   Segment 20: cached
2026-03-16 20:16:50,517 INFO vex_extract.pipeline:   Segment 21: cached
2026-03-16 20:16:50,517 INFO vex_extract.pipeline:   Segment 22: cached
2026-03-16 20:16:50,517 INFO vex_extract.pipeline:   Segment 23: cached
2026-03-16 20:16:50,517 INFO vex_extract.pipeline:   Segment 24: cached
2026-03-16 20:16:50,517 INFO vex_extract.pipeline:   Segment 25: cached
2026-03-16 20:16:50,517 INFO vex_extract.pipeline:   Segment 26: cached
2026-03-16 20:16:50,517 INFO vex_extract.pipeline:   Segment 27: cached
2026-03-16 20:16:50,517 INFO vex_extract.pipeline:   Segment 28: cached
2026-03-16 20:16:50,518 INFO vex_extract.pipeline:   Segment 29: cached
2026-03-16 20:16:50,518 INFO vex_extract.pipeline: Step 5: Preparing prompts...
2026-03-16 20:16:50,519 INFO vex_extract.analysis: Segment 0: prompt prepared (10416 chars)
2026-03-16 20:16:50,520 INFO vex_extract.analysis: Segment 1: prompt prepared (10011 chars)
2026-03-16 20:16:50,520 INFO vex_extract.analysis: Segment 2: prompt prepared (9324 chars)
2026-03-16 20:16:50,521 INFO vex_extract.analysis: Segment 3: prompt prepared (8180 chars)
2026-03-16 20:16:50,521 INFO vex_extract.analysis: Segment 4: prompt prepared (8921 chars)
2026-03-16 20:16:50,522 INFO vex_extract.analysis: Segment 5: prompt prepared (8180 chars)
2026-03-16 20:16:50,522 INFO vex_extract.analysis: Segment 6: prompt prepared (8180 chars)
2026-03-16 20:16:50,523 INFO vex_extract.analysis: Segment 7: prompt prepared (8180 chars)
2026-03-16 20:16:50,523 INFO vex_extract.analysis: Segment 8: prompt prepared (8180 chars)
2026-03-16 20:16:50,524 INFO vex_extract.analysis: Segment 9: prompt prepared (8181 chars)
2026-03-16 20:16:50,524 INFO vex_extract.analysis: Segment 10: prompt prepared (9090 chars)
2026-03-16 20:16:50,525 INFO vex_extract.analysis: Segment 11: prompt prepared (8980 chars)
2026-03-16 20:16:50,526 INFO vex_extract.analysis: Segment 12: prompt prepared (10034 chars)
2026-03-16 20:16:50,526 INFO vex_extract.analysis: Segment 13: prompt prepared (8182 chars)
2026-03-16 20:16:50,527 INFO vex_extract.analysis: Segment 14: prompt prepared (9480 chars)
2026-03-16 20:16:50,527 INFO vex_extract.analysis: Segment 15: prompt prepared (9610 chars)
2026-03-16 20:16:50,528 INFO vex_extract.analysis: Segment 16: prompt prepared (9027 chars)
2026-03-16 20:16:50,528 INFO vex_extract.analysis: Segment 17: prompt prepared (8183 chars)
2026-03-16 20:16:50,529 INFO vex_extract.analysis: Segment 18: prompt prepared (8967 chars)
2026-03-16 20:16:50,529 INFO vex_extract.analysis: Segment 19: prompt prepared (9003 chars)
2026-03-16 20:16:50,530 INFO vex_extract.analysis: Segment 20: prompt prepared (8958 chars)
2026-03-16 20:16:50,531 INFO vex_extract.analysis: Segment 21: prompt prepared (8921 chars)
2026-03-16 20:16:50,531 INFO vex_extract.analysis: Segment 22: prompt prepared (9893 chars)
2026-03-16 20:16:50,532 INFO vex_extract.analysis: Segment 23: prompt prepared (9122 chars)
2026-03-16 20:16:50,532 INFO vex_extract.analysis: Segment 24: prompt prepared (8979 chars)
2026-03-16 20:16:50,533 INFO vex_extract.analysis: Segment 25: prompt prepared (9621 chars)
2026-03-16 20:16:50,534 INFO vex_extract.analysis: Segment 26: prompt prepared (9003 chars)
2026-03-16 20:16:50,534 INFO vex_extract.analysis: Segment 27: prompt prepared (8183 chars)
2026-03-16 20:16:50,534 INFO vex_extract.analysis: Segment 28: prompt prepared (8183 chars)
2026-03-16 20:16:50,535 INFO vex_extract.analysis: Segment 29: prompt prepared (9032 chars)
2026-03-16 20:16:50,535 INFO vex_extract.pipeline:   30 prompts prepared
2026-03-16 20:16:50,535 INFO vex_extract.pipeline: Stopped after: prompt
