2026-03-16 20:44:53,836 INFO vex_extract.pipeline: === Video Event Extractor ===
2026-03-16 20:44:53,836 INFO vex_extract.pipeline: Video: /Users/nic/Developer/spike-air-315-vision-processing/input_data/screen_tracks/cfs_home_loan_sasha.mp4
2026-03-16 20:44:53,836 INFO vex_extract.pipeline: Offset: 0 ms
2026-03-16 20:44:53,836 INFO vex_extract.pipeline: Run ID: 2026-03-16_104453
2026-03-16 20:44:53,836 INFO vex_extract.pipeline: Stop after: prompt
2026-03-16 20:44:53,836 INFO vex_extract.pipeline: Step 1: Normalizing video...
2026-03-16 20:44:53,836 INFO vex_extract.pipeline:   Using cached normalized video: /Users/nic/Developer/spike-air-315-vision-processing/candidates/2026-03-14/tmp/cfs_home_loan_sasha_normalized.mp4
2026-03-16 20:44:53,859 INFO vex_extract.pipeline:   Duration: 549.8s, 1912x1084, 30.0 fps
2026-03-16 20:44:53,860 INFO vex_extract.pipeline: Step 2: Tracking cursor...
2026-03-16 20:44:57,921 INFO vex_extract.cursor:   Cursor: pass 1 — matching 550 frames at 1.0 FPS against 6 templates x 7 scales at 540p...
2026-03-16 20:44:59,232 INFO vex_extract.cursor:   Cursor: 55/550 frames (54 detections)
2026-03-16 20:45:00,030 INFO vex_extract.cursor:   Cursor: 110/550 frames (109 detections)
2026-03-16 20:45:01,369 INFO vex_extract.cursor:   Cursor: 165/550 frames (163 detections)
2026-03-16 20:45:02,121 INFO vex_extract.cursor:   Cursor: 220/550 frames (218 detections)
2026-03-16 20:45:02,866 INFO vex_extract.cursor:   Cursor: 275/550 frames (273 detections)
2026-03-16 20:45:03,629 INFO vex_extract.cursor:   Cursor: 330/550 frames (328 detections)
2026-03-16 20:45:04,367 INFO vex_extract.cursor:   Cursor: 385/550 frames (383 detections)
2026-03-16 20:45:05,103 INFO vex_extract.cursor:   Cursor: 440/550 frames (438 detections)
2026-03-16 20:45:05,839 INFO vex_extract.cursor:   Cursor: 495/550 frames (493 detections)
2026-03-16 20:45:06,585 INFO vex_extract.cursor:   Cursor: calibrated to scales (0.3, 0.4) from coarse pass
2026-03-16 20:45:06,586 INFO vex_extract.cursor:   Cursor: 43 active regions identified
2026-03-16 20:45:06,636 INFO vex_extract.cursor:   Cursor: pass 2 — 10 frames at 5.0 FPS [2500ms-4500ms]
2026-03-16 20:45:06,715 INFO vex_extract.cursor:   Cursor: 1/10 frames (1 detections)
2026-03-16 20:45:06,728 INFO vex_extract.cursor:   Cursor: 2/10 frames (2 detections)
2026-03-16 20:45:06,741 INFO vex_extract.cursor:   Cursor: 3/10 frames (3 detections)
2026-03-16 20:45:06,755 INFO vex_extract.cursor:   Cursor: 4/10 frames (4 detections)
2026-03-16 20:45:06,768 INFO vex_extract.cursor:   Cursor: 5/10 frames (5 detections)
2026-03-16 20:45:06,782 INFO vex_extract.cursor:   Cursor: 6/10 frames (6 detections)
2026-03-16 20:45:06,795 INFO vex_extract.cursor:   Cursor: 7/10 frames (7 detections)
2026-03-16 20:45:06,808 INFO vex_extract.cursor:   Cursor: 8/10 frames (8 detections)
2026-03-16 20:45:06,821 INFO vex_extract.cursor:   Cursor: 9/10 frames (9 detections)
2026-03-16 20:45:06,918 INFO vex_extract.cursor:   Cursor: pass 2 — 15 frames at 5.0 FPS [6500ms-9500ms]
2026-03-16 20:45:06,997 INFO vex_extract.cursor:   Cursor: 1/15 frames (1 detections)
2026-03-16 20:45:07,010 INFO vex_extract.cursor:   Cursor: 2/15 frames (2 detections)
2026-03-16 20:45:07,023 INFO vex_extract.cursor:   Cursor: 3/15 frames (3 detections)
2026-03-16 20:45:07,037 INFO vex_extract.cursor:   Cursor: 4/15 frames (4 detections)
2026-03-16 20:45:07,050 INFO vex_extract.cursor:   Cursor: 5/15 frames (5 detections)
2026-03-16 20:45:07,063 INFO vex_extract.cursor:   Cursor: 6/15 frames (6 detections)
2026-03-16 20:45:07,076 INFO vex_extract.cursor:   Cursor: 7/15 frames (7 detections)
2026-03-16 20:45:07,090 INFO vex_extract.cursor:   Cursor: 8/15 frames (8 detections)
2026-03-16 20:45:07,103 INFO vex_extract.cursor:   Cursor: 9/15 frames (9 detections)
2026-03-16 20:45:07,116 INFO vex_extract.cursor:   Cursor: 10/15 frames (10 detections)
2026-03-16 20:45:07,129 INFO vex_extract.cursor:   Cursor: 11/15 frames (11 detections)
2026-03-16 20:45:07,142 INFO vex_extract.cursor:   Cursor: 12/15 frames (12 detections)
2026-03-16 20:45:07,156 INFO vex_extract.cursor:   Cursor: 13/15 frames (13 detections)
2026-03-16 20:45:07,169 INFO vex_extract.cursor:   Cursor: 14/15 frames (14 detections)
2026-03-16 20:45:07,263 INFO vex_extract.cursor:   Cursor: pass 2 — 10 frames at 5.0 FPS [11500ms-13500ms]
2026-03-16 20:45:07,343 INFO vex_extract.cursor:   Cursor: 1/10 frames (1 detections)
2026-03-16 20:45:07,356 INFO vex_extract.cursor:   Cursor: 2/10 frames (2 detections)
2026-03-16 20:45:07,369 INFO vex_extract.cursor:   Cursor: 3/10 frames (3 detections)
2026-03-16 20:45:07,383 INFO vex_extract.cursor:   Cursor: 4/10 frames (4 detections)
2026-03-16 20:45:07,396 INFO vex_extract.cursor:   Cursor: 5/10 frames (5 detections)
2026-03-16 20:45:07,409 INFO vex_extract.cursor:   Cursor: 6/10 frames (6 detections)
2026-03-16 20:45:07,423 INFO vex_extract.cursor:   Cursor: 7/10 frames (7 detections)
2026-03-16 20:45:07,436 INFO vex_extract.cursor:   Cursor: 8/10 frames (8 detections)
2026-03-16 20:45:07,449 INFO vex_extract.cursor:   Cursor: 9/10 frames (9 detections)
2026-03-16 20:45:07,605 INFO vex_extract.cursor:   Cursor: pass 2 — 10 frames at 5.0 FPS [27500ms-29500ms]
2026-03-16 20:45:07,685 INFO vex_extract.cursor:   Cursor: 1/10 frames (1 detections)
2026-03-16 20:45:07,699 INFO vex_extract.cursor:   Cursor: 2/10 frames (2 detections)
2026-03-16 20:45:07,712 INFO vex_extract.cursor:   Cursor: 3/10 frames (3 detections)
2026-03-16 20:45:07,726 INFO vex_extract.cursor:   Cursor: 4/10 frames (4 detections)
2026-03-16 20:45:07,739 INFO vex_extract.cursor:   Cursor: 5/10 frames (5 detections)
2026-03-16 20:45:07,753 INFO vex_extract.cursor:   Cursor: 6/10 frames (6 detections)
2026-03-16 20:45:07,766 INFO vex_extract.cursor:   Cursor: 7/10 frames (7 detections)
2026-03-16 20:45:07,779 INFO vex_extract.cursor:   Cursor: 8/10 frames (8 detections)
2026-03-16 20:45:07,793 INFO vex_extract.cursor:   Cursor: 9/10 frames (9 detections)
2026-03-16 20:45:07,986 INFO vex_extract.cursor:   Cursor: pass 2 — 11 frames at 5.0 FPS [36500ms-38500ms]
2026-03-16 20:45:08,065 INFO vex_extract.cursor:   Cursor: 1/11 frames (1 detections)
2026-03-16 20:45:08,079 INFO vex_extract.cursor:   Cursor: 2/11 frames (2 detections)
2026-03-16 20:45:08,092 INFO vex_extract.cursor:   Cursor: 3/11 frames (3 detections)
2026-03-16 20:45:08,105 INFO vex_extract.cursor:   Cursor: 4/11 frames (4 detections)
2026-03-16 20:45:08,118 INFO vex_extract.cursor:   Cursor: 5/11 frames (5 detections)
2026-03-16 20:45:08,131 INFO vex_extract.cursor:   Cursor: 6/11 frames (6 detections)
2026-03-16 20:45:08,144 INFO vex_extract.cursor:   Cursor: 7/11 frames (7 detections)
2026-03-16 20:45:08,158 INFO vex_extract.cursor:   Cursor: 8/11 frames (8 detections)
2026-03-16 20:45:08,171 INFO vex_extract.cursor:   Cursor: 9/11 frames (9 detections)
2026-03-16 20:45:08,185 INFO vex_extract.cursor:   Cursor: 10/11 frames (10 detections)
2026-03-16 20:45:08,456 INFO vex_extract.cursor:   Cursor: pass 2 — 21 frames at 5.0 FPS [44500ms-48500ms]
2026-03-16 20:45:08,551 INFO vex_extract.cursor:   Cursor: 2/21 frames (2 detections)
2026-03-16 20:45:08,578 INFO vex_extract.cursor:   Cursor: 4/21 frames (4 detections)
2026-03-16 20:45:08,605 INFO vex_extract.cursor:   Cursor: 6/21 frames (6 detections)
2026-03-16 20:45:08,632 INFO vex_extract.cursor:   Cursor: 8/21 frames (8 detections)
2026-03-16 20:45:08,659 INFO vex_extract.cursor:   Cursor: 10/21 frames (10 detections)
2026-03-16 20:45:08,686 INFO vex_extract.cursor:   Cursor: 12/21 frames (12 detections)
2026-03-16 20:45:08,712 INFO vex_extract.cursor:   Cursor: 14/21 frames (14 detections)
2026-03-16 20:45:08,739 INFO vex_extract.cursor:   Cursor: 16/21 frames (16 detections)
2026-03-16 20:45:08,765 INFO vex_extract.cursor:   Cursor: 18/21 frames (18 detections)
2026-03-16 20:45:08,792 INFO vex_extract.cursor:   Cursor: 20/21 frames (20 detections)
2026-03-16 20:45:09,043 INFO vex_extract.cursor:   Cursor: pass 2 — 10 frames at 5.0 FPS [52500ms-54500ms]
2026-03-16 20:45:09,123 INFO vex_extract.cursor:   Cursor: 1/10 frames (1 detections)
2026-03-16 20:45:09,136 INFO vex_extract.cursor:   Cursor: 2/10 frames (2 detections)
2026-03-16 20:45:09,149 INFO vex_extract.cursor:   Cursor: 3/10 frames (3 detections)
2026-03-16 20:45:09,162 INFO vex_extract.cursor:   Cursor: 4/10 frames (4 detections)
2026-03-16 20:45:09,175 INFO vex_extract.cursor:   Cursor: 5/10 frames (5 detections)
2026-03-16 20:45:09,189 INFO vex_extract.cursor:   Cursor: 6/10 frames (6 detections)
2026-03-16 20:45:09,202 INFO vex_extract.cursor:   Cursor: 7/10 frames (7 detections)
2026-03-16 20:45:09,215 INFO vex_extract.cursor:   Cursor: 8/10 frames (8 detections)
2026-03-16 20:45:09,229 INFO vex_extract.cursor:   Cursor: 9/10 frames (9 detections)
2026-03-16 20:45:09,554 INFO vex_extract.cursor:   Cursor: pass 2 — 15 frames at 5.0 FPS [55500ms-58500ms]
2026-03-16 20:45:09,633 INFO vex_extract.cursor:   Cursor: 1/15 frames (1 detections)
2026-03-16 20:45:09,646 INFO vex_extract.cursor:   Cursor: 2/15 frames (2 detections)
2026-03-16 20:45:09,660 INFO vex_extract.cursor:   Cursor: 3/15 frames (3 detections)
2026-03-16 20:45:09,673 INFO vex_extract.cursor:   Cursor: 4/15 frames (4 detections)
2026-03-16 20:45:09,688 INFO vex_extract.cursor:   Cursor: 5/15 frames (5 detections)
2026-03-16 20:45:09,705 INFO vex_extract.cursor:   Cursor: 6/15 frames (6 detections)
2026-03-16 20:45:09,720 INFO vex_extract.cursor:   Cursor: 7/15 frames (7 detections)
2026-03-16 20:45:09,734 INFO vex_extract.cursor:   Cursor: 8/15 frames (8 detections)
2026-03-16 20:45:09,748 INFO vex_extract.cursor:   Cursor: 9/15 frames (9 detections)
2026-03-16 20:45:09,761 INFO vex_extract.cursor:   Cursor: 10/15 frames (10 detections)
2026-03-16 20:45:09,775 INFO vex_extract.cursor:   Cursor: 11/15 frames (11 detections)
2026-03-16 20:45:09,788 INFO vex_extract.cursor:   Cursor: 12/15 frames (12 detections)
2026-03-16 20:45:09,801 INFO vex_extract.cursor:   Cursor: 13/15 frames (13 detections)
2026-03-16 20:45:09,815 INFO vex_extract.cursor:   Cursor: 14/15 frames (14 detections)
2026-03-16 20:45:10,159 INFO vex_extract.cursor:   Cursor: pass 2 — 11 frames at 5.0 FPS [75500ms-77500ms]
2026-03-16 20:45:10,238 INFO vex_extract.cursor:   Cursor: 1/11 frames (1 detections)
2026-03-16 20:45:10,251 INFO vex_extract.cursor:   Cursor: 2/11 frames (2 detections)
2026-03-16 20:45:10,264 INFO vex_extract.cursor:   Cursor: 3/11 frames (3 detections)
2026-03-16 20:45:10,277 INFO vex_extract.cursor:   Cursor: 4/11 frames (4 detections)
2026-03-16 20:45:10,290 INFO vex_extract.cursor:   Cursor: 5/11 frames (5 detections)
2026-03-16 20:45:10,304 INFO vex_extract.cursor:   Cursor: 6/11 frames (6 detections)
2026-03-16 20:45:10,316 INFO vex_extract.cursor:   Cursor: 7/11 frames (7 detections)
2026-03-16 20:45:10,329 INFO vex_extract.cursor:   Cursor: 8/11 frames (8 detections)
2026-03-16 20:45:10,343 INFO vex_extract.cursor:   Cursor: 9/11 frames (9 detections)
2026-03-16 20:45:10,356 INFO vex_extract.cursor:   Cursor: 10/11 frames (10 detections)
2026-03-16 20:45:11,021 INFO vex_extract.cursor:   Cursor: pass 2 — 38 frames at 5.0 FPS [120500ms-128500ms]
2026-03-16 20:45:11,128 INFO vex_extract.cursor:   Cursor: 3/38 frames (3 detections)
2026-03-16 20:45:11,169 INFO vex_extract.cursor:   Cursor: 6/38 frames (6 detections)
2026-03-16 20:45:11,209 INFO vex_extract.cursor:   Cursor: 9/38 frames (9 detections)
2026-03-16 20:45:11,250 INFO vex_extract.cursor:   Cursor: 12/38 frames (12 detections)
2026-03-16 20:45:11,290 INFO vex_extract.cursor:   Cursor: 15/38 frames (15 detections)
2026-03-16 20:45:11,330 INFO vex_extract.cursor:   Cursor: 18/38 frames (18 detections)
2026-03-16 20:45:11,371 INFO vex_extract.cursor:   Cursor: 21/38 frames (21 detections)
2026-03-16 20:45:11,411 INFO vex_extract.cursor:   Cursor: 24/38 frames (24 detections)
2026-03-16 20:45:11,451 INFO vex_extract.cursor:   Cursor: 27/38 frames (27 detections)
2026-03-16 20:45:11,491 INFO vex_extract.cursor:   Cursor: 30/38 frames (30 detections)
2026-03-16 20:45:11,531 INFO vex_extract.cursor:   Cursor: 33/38 frames (33 detections)
2026-03-16 20:45:11,572 INFO vex_extract.cursor:   Cursor: 36/38 frames (36 detections)
2026-03-16 20:45:12,376 INFO vex_extract.cursor:   Cursor: pass 2 — 65 frames at 5.0 FPS [130500ms-143500ms]
2026-03-16 20:45:12,525 INFO vex_extract.cursor:   Cursor: 6/65 frames (6 detections)
2026-03-16 20:45:12,605 INFO vex_extract.cursor:   Cursor: 12/65 frames (12 detections)
2026-03-16 20:45:12,684 INFO vex_extract.cursor:   Cursor: 18/65 frames (18 detections)
2026-03-16 20:45:12,764 INFO vex_extract.cursor:   Cursor: 24/65 frames (24 detections)
2026-03-16 20:45:12,844 INFO vex_extract.cursor:   Cursor: 30/65 frames (30 detections)
2026-03-16 20:45:12,928 INFO vex_extract.cursor:   Cursor: 36/65 frames (36 detections)
2026-03-16 20:45:13,010 INFO vex_extract.cursor:   Cursor: 42/65 frames (42 detections)
2026-03-16 20:45:13,088 INFO vex_extract.cursor:   Cursor: 48/65 frames (48 detections)
2026-03-16 20:45:13,168 INFO vex_extract.cursor:   Cursor: 54/65 frames (54 detections)
2026-03-16 20:45:13,394 INFO vex_extract.cursor:   Cursor: 60/65 frames (59 detections)
2026-03-16 20:45:14,135 INFO vex_extract.cursor:   Cursor: pass 2 — 11 frames at 5.0 FPS [148500ms-150500ms]
2026-03-16 20:45:14,213 INFO vex_extract.cursor:   Cursor: 1/11 frames (1 detections)
2026-03-16 20:45:14,226 INFO vex_extract.cursor:   Cursor: 2/11 frames (2 detections)
2026-03-16 20:45:14,239 INFO vex_extract.cursor:   Cursor: 3/11 frames (3 detections)
2026-03-16 20:45:14,252 INFO vex_extract.cursor:   Cursor: 4/11 frames (4 detections)
2026-03-16 20:45:14,266 INFO vex_extract.cursor:   Cursor: 5/11 frames (5 detections)
2026-03-16 20:45:14,279 INFO vex_extract.cursor:   Cursor: 6/11 frames (6 detections)
2026-03-16 20:45:14,292 INFO vex_extract.cursor:   Cursor: 7/11 frames (7 detections)
2026-03-16 20:45:14,305 INFO vex_extract.cursor:   Cursor: 8/11 frames (8 detections)
2026-03-16 20:45:14,318 INFO vex_extract.cursor:   Cursor: 9/11 frames (9 detections)
2026-03-16 20:45:14,331 INFO vex_extract.cursor:   Cursor: 10/11 frames (10 detections)
2026-03-16 20:45:15,037 INFO vex_extract.cursor:   Cursor: pass 2 — 11 frames at 5.0 FPS [152500ms-154500ms]
2026-03-16 20:45:15,117 INFO vex_extract.cursor:   Cursor: 1/11 frames (1 detections)
2026-03-16 20:45:15,130 INFO vex_extract.cursor:   Cursor: 2/11 frames (2 detections)
2026-03-16 20:45:15,143 INFO vex_extract.cursor:   Cursor: 3/11 frames (3 detections)
2026-03-16 20:45:15,156 INFO vex_extract.cursor:   Cursor: 4/11 frames (4 detections)
2026-03-16 20:45:15,169 INFO vex_extract.cursor:   Cursor: 5/11 frames (5 detections)
2026-03-16 20:45:15,182 INFO vex_extract.cursor:   Cursor: 6/11 frames (6 detections)
2026-03-16 20:45:15,196 INFO vex_extract.cursor:   Cursor: 7/11 frames (7 detections)
2026-03-16 20:45:15,208 INFO vex_extract.cursor:   Cursor: 8/11 frames (8 detections)
2026-03-16 20:45:15,221 INFO vex_extract.cursor:   Cursor: 9/11 frames (9 detections)
2026-03-16 20:45:15,234 INFO vex_extract.cursor:   Cursor: 10/11 frames (10 detections)
2026-03-16 20:45:16,162 INFO vex_extract.cursor:   Cursor: pass 2 — 26 frames at 5.0 FPS [175500ms-180500ms]
2026-03-16 20:45:16,254 INFO vex_extract.cursor:   Cursor: 2/26 frames (2 detections)
2026-03-16 20:45:16,281 INFO vex_extract.cursor:   Cursor: 4/26 frames (4 detections)
2026-03-16 20:45:16,307 INFO vex_extract.cursor:   Cursor: 6/26 frames (6 detections)
2026-03-16 20:45:16,334 INFO vex_extract.cursor:   Cursor: 8/26 frames (8 detections)
2026-03-16 20:45:16,360 INFO vex_extract.cursor:   Cursor: 10/26 frames (10 detections)
2026-03-16 20:45:16,386 INFO vex_extract.cursor:   Cursor: 12/26 frames (12 detections)
2026-03-16 20:45:16,413 INFO vex_extract.cursor:   Cursor: 14/26 frames (14 detections)
2026-03-16 20:45:16,440 INFO vex_extract.cursor:   Cursor: 16/26 frames (16 detections)
2026-03-16 20:45:16,466 INFO vex_extract.cursor:   Cursor: 18/26 frames (18 detections)
2026-03-16 20:45:16,492 INFO vex_extract.cursor:   Cursor: 20/26 frames (20 detections)
2026-03-16 20:45:16,518 INFO vex_extract.cursor:   Cursor: 22/26 frames (22 detections)
2026-03-16 20:45:16,545 INFO vex_extract.cursor:   Cursor: 24/26 frames (24 detections)
2026-03-16 20:45:17,405 INFO vex_extract.cursor:   Cursor: pass 2 — 16 frames at 5.0 FPS [184500ms-187500ms]
2026-03-16 20:45:17,485 INFO vex_extract.cursor:   Cursor: 1/16 frames (1 detections)
2026-03-16 20:45:17,498 INFO vex_extract.cursor:   Cursor: 2/16 frames (2 detections)
2026-03-16 20:45:17,511 INFO vex_extract.cursor:   Cursor: 3/16 frames (3 detections)
2026-03-16 20:45:17,524 INFO vex_extract.cursor:   Cursor: 4/16 frames (4 detections)
2026-03-16 20:45:17,538 INFO vex_extract.cursor:   Cursor: 5/16 frames (5 detections)
2026-03-16 20:45:17,551 INFO vex_extract.cursor:   Cursor: 6/16 frames (6 detections)
2026-03-16 20:45:17,564 INFO vex_extract.cursor:   Cursor: 7/16 frames (7 detections)
2026-03-16 20:45:17,577 INFO vex_extract.cursor:   Cursor: 8/16 frames (8 detections)
2026-03-16 20:45:17,590 INFO vex_extract.cursor:   Cursor: 9/16 frames (9 detections)
2026-03-16 20:45:17,604 INFO vex_extract.cursor:   Cursor: 10/16 frames (10 detections)
2026-03-16 20:45:17,617 INFO vex_extract.cursor:   Cursor: 11/16 frames (11 detections)
2026-03-16 20:45:17,630 INFO vex_extract.cursor:   Cursor: 12/16 frames (12 detections)
2026-03-16 20:45:17,643 INFO vex_extract.cursor:   Cursor: 13/16 frames (13 detections)
2026-03-16 20:45:17,657 INFO vex_extract.cursor:   Cursor: 14/16 frames (14 detections)
2026-03-16 20:45:17,670 INFO vex_extract.cursor:   Cursor: 15/16 frames (15 detections)
2026-03-16 20:45:18,526 INFO vex_extract.cursor:   Cursor: pass 2 — 21 frames at 5.0 FPS [188500ms-192500ms]
2026-03-16 20:45:18,619 INFO vex_extract.cursor:   Cursor: 2/21 frames (2 detections)
2026-03-16 20:45:18,645 INFO vex_extract.cursor:   Cursor: 4/21 frames (4 detections)
2026-03-16 20:45:18,672 INFO vex_extract.cursor:   Cursor: 6/21 frames (6 detections)
2026-03-16 20:45:18,699 INFO vex_extract.cursor:   Cursor: 8/21 frames (8 detections)
2026-03-16 20:45:18,725 INFO vex_extract.cursor:   Cursor: 10/21 frames (10 detections)
2026-03-16 20:45:18,751 INFO vex_extract.cursor:   Cursor: 12/21 frames (12 detections)
2026-03-16 20:45:18,777 INFO vex_extract.cursor:   Cursor: 14/21 frames (14 detections)
2026-03-16 20:45:18,803 INFO vex_extract.cursor:   Cursor: 16/21 frames (16 detections)
2026-03-16 20:45:18,909 INFO vex_extract.cursor:   Cursor: 18/21 frames (18 detections)
2026-03-16 20:45:18,936 INFO vex_extract.cursor:   Cursor: 20/21 frames (20 detections)
2026-03-16 20:45:19,796 INFO vex_extract.cursor:   Cursor: pass 2 — 11 frames at 5.0 FPS [196500ms-198500ms]
2026-03-16 20:45:19,877 INFO vex_extract.cursor:   Cursor: 1/11 frames (1 detections)
2026-03-16 20:45:19,890 INFO vex_extract.cursor:   Cursor: 2/11 frames (2 detections)
2026-03-16 20:45:19,904 INFO vex_extract.cursor:   Cursor: 3/11 frames (3 detections)
2026-03-16 20:45:19,917 INFO vex_extract.cursor:   Cursor: 4/11 frames (4 detections)
2026-03-16 20:45:19,930 INFO vex_extract.cursor:   Cursor: 5/11 frames (5 detections)
2026-03-16 20:45:19,944 INFO vex_extract.cursor:   Cursor: 6/11 frames (6 detections)
2026-03-16 20:45:19,957 INFO vex_extract.cursor:   Cursor: 7/11 frames (7 detections)
2026-03-16 20:45:19,970 INFO vex_extract.cursor:   Cursor: 8/11 frames (8 detections)
2026-03-16 20:45:19,984 INFO vex_extract.cursor:   Cursor: 9/11 frames (9 detections)
2026-03-16 20:45:19,997 INFO vex_extract.cursor:   Cursor: 10/11 frames (10 detections)
2026-03-16 20:45:20,888 INFO vex_extract.cursor:   Cursor: pass 2 — 11 frames at 5.0 FPS [201500ms-203500ms]
2026-03-16 20:45:20,967 INFO vex_extract.cursor:   Cursor: 1/11 frames (1 detections)
2026-03-16 20:45:20,981 INFO vex_extract.cursor:   Cursor: 2/11 frames (2 detections)
2026-03-16 20:45:20,994 INFO vex_extract.cursor:   Cursor: 3/11 frames (3 detections)
2026-03-16 20:45:21,007 INFO vex_extract.cursor:   Cursor: 4/11 frames (4 detections)
2026-03-16 20:45:21,020 INFO vex_extract.cursor:   Cursor: 5/11 frames (5 detections)
2026-03-16 20:45:21,033 INFO vex_extract.cursor:   Cursor: 6/11 frames (6 detections)
2026-03-16 20:45:21,047 INFO vex_extract.cursor:   Cursor: 7/11 frames (7 detections)
2026-03-16 20:45:21,060 INFO vex_extract.cursor:   Cursor: 8/11 frames (8 detections)
2026-03-16 20:45:21,073 INFO vex_extract.cursor:   Cursor: 9/11 frames (9 detections)
2026-03-16 20:45:21,086 INFO vex_extract.cursor:   Cursor: 10/11 frames (10 detections)
2026-03-16 20:45:22,199 INFO vex_extract.cursor:   Cursor: pass 2 — 71 frames at 5.0 FPS [206500ms-221500ms]
2026-03-16 20:45:22,358 INFO vex_extract.cursor:   Cursor: 7/71 frames (7 detections)
2026-03-16 20:45:22,450 INFO vex_extract.cursor:   Cursor: 14/71 frames (14 detections)
2026-03-16 20:45:22,543 INFO vex_extract.cursor:   Cursor: 21/71 frames (21 detections)
2026-03-16 20:45:22,636 INFO vex_extract.cursor:   Cursor: 28/71 frames (28 detections)
2026-03-16 20:45:22,730 INFO vex_extract.cursor:   Cursor: 35/71 frames (35 detections)
2026-03-16 20:45:22,822 INFO vex_extract.cursor:   Cursor: 42/71 frames (42 detections)
2026-03-16 20:45:22,917 INFO vex_extract.cursor:   Cursor: 49/71 frames (49 detections)
2026-03-16 20:45:23,012 INFO vex_extract.cursor:   Cursor: 56/71 frames (56 detections)
2026-03-16 20:45:23,105 INFO vex_extract.cursor:   Cursor: 63/71 frames (63 detections)
2026-03-16 20:45:23,199 INFO vex_extract.cursor:   Cursor: 70/71 frames (70 detections)
2026-03-16 20:45:24,235 INFO vex_extract.cursor:   Cursor: pass 2 — 10 frames at 5.0 FPS [224500ms-226500ms]
2026-03-16 20:45:24,317 INFO vex_extract.cursor:   Cursor: 1/10 frames (1 detections)
2026-03-16 20:45:24,330 INFO vex_extract.cursor:   Cursor: 2/10 frames (2 detections)
2026-03-16 20:45:24,344 INFO vex_extract.cursor:   Cursor: 3/10 frames (3 detections)
2026-03-16 20:45:24,358 INFO vex_extract.cursor:   Cursor: 4/10 frames (4 detections)
2026-03-16 20:45:24,372 INFO vex_extract.cursor:   Cursor: 5/10 frames (5 detections)
2026-03-16 20:45:24,386 INFO vex_extract.cursor:   Cursor: 6/10 frames (6 detections)
2026-03-16 20:45:24,400 INFO vex_extract.cursor:   Cursor: 7/10 frames (7 detections)
2026-03-16 20:45:24,414 INFO vex_extract.cursor:   Cursor: 8/10 frames (8 detections)
2026-03-16 20:45:24,428 INFO vex_extract.cursor:   Cursor: 9/10 frames (9 detections)
2026-03-16 20:45:25,616 INFO vex_extract.cursor:   Cursor: pass 2 — 33 frames at 5.0 FPS [227500ms-234500ms]
2026-03-16 20:45:25,723 INFO vex_extract.cursor:   Cursor: 3/33 frames (3 detections)
2026-03-16 20:45:25,763 INFO vex_extract.cursor:   Cursor: 6/33 frames (6 detections)
2026-03-16 20:45:25,804 INFO vex_extract.cursor:   Cursor: 9/33 frames (9 detections)
2026-03-16 20:45:25,844 INFO vex_extract.cursor:   Cursor: 12/33 frames (12 detections)
2026-03-16 20:45:25,884 INFO vex_extract.cursor:   Cursor: 15/33 frames (15 detections)
2026-03-16 20:45:25,924 INFO vex_extract.cursor:   Cursor: 18/33 frames (18 detections)
2026-03-16 20:45:25,964 INFO vex_extract.cursor:   Cursor: 21/33 frames (21 detections)
2026-03-16 20:45:26,003 INFO vex_extract.cursor:   Cursor: 24/33 frames (24 detections)
2026-03-16 20:45:26,036 INFO vex_extract.cursor:   Cursor: 27/33 frames (27 detections)
2026-03-16 20:45:26,076 INFO vex_extract.cursor:   Cursor: 30/33 frames (30 detections)
2026-03-16 20:45:27,206 INFO vex_extract.cursor:   Cursor: pass 2 — 10 frames at 5.0 FPS [236500ms-238500ms]
2026-03-16 20:45:27,287 INFO vex_extract.cursor:   Cursor: 1/10 frames (1 detections)
2026-03-16 20:45:27,301 INFO vex_extract.cursor:   Cursor: 2/10 frames (2 detections)
2026-03-16 20:45:27,314 INFO vex_extract.cursor:   Cursor: 3/10 frames (3 detections)
2026-03-16 20:45:27,329 INFO vex_extract.cursor:   Cursor: 4/10 frames (4 detections)
2026-03-16 20:45:27,343 INFO vex_extract.cursor:   Cursor: 5/10 frames (5 detections)
2026-03-16 20:45:27,356 INFO vex_extract.cursor:   Cursor: 6/10 frames (6 detections)
2026-03-16 20:45:27,369 INFO vex_extract.cursor:   Cursor: 7/10 frames (7 detections)
2026-03-16 20:45:27,383 INFO vex_extract.cursor:   Cursor: 8/10 frames (8 detections)
2026-03-16 20:45:27,396 INFO vex_extract.cursor:   Cursor: 9/10 frames (9 detections)
2026-03-16 20:45:28,554 INFO vex_extract.cursor:   Cursor: pass 2 — 10 frames at 5.0 FPS [243500ms-245500ms]
2026-03-16 20:45:28,634 INFO vex_extract.cursor:   Cursor: 1/10 frames (1 detections)
2026-03-16 20:45:28,648 INFO vex_extract.cursor:   Cursor: 2/10 frames (2 detections)
2026-03-16 20:45:28,661 INFO vex_extract.cursor:   Cursor: 3/10 frames (3 detections)
2026-03-16 20:45:28,674 INFO vex_extract.cursor:   Cursor: 4/10 frames (4 detections)
2026-03-16 20:45:28,687 INFO vex_extract.cursor:   Cursor: 5/10 frames (5 detections)
2026-03-16 20:45:28,700 INFO vex_extract.cursor:   Cursor: 6/10 frames (6 detections)
2026-03-16 20:45:28,713 INFO vex_extract.cursor:   Cursor: 7/10 frames (7 detections)
2026-03-16 20:45:28,727 INFO vex_extract.cursor:   Cursor: 8/10 frames (8 detections)
2026-03-16 20:45:28,740 INFO vex_extract.cursor:   Cursor: 9/10 frames (9 detections)
2026-03-16 20:45:29,990 INFO vex_extract.cursor:   Cursor: pass 2 — 38 frames at 5.0 FPS [248500ms-256500ms]
2026-03-16 20:45:30,097 INFO vex_extract.cursor:   Cursor: 3/38 frames (3 detections)
2026-03-16 20:45:30,138 INFO vex_extract.cursor:   Cursor: 6/38 frames (6 detections)
2026-03-16 20:45:30,178 INFO vex_extract.cursor:   Cursor: 9/38 frames (9 detections)
2026-03-16 20:45:30,218 INFO vex_extract.cursor:   Cursor: 12/38 frames (12 detections)
2026-03-16 20:45:30,258 INFO vex_extract.cursor:   Cursor: 15/38 frames (15 detections)
2026-03-16 20:45:30,298 INFO vex_extract.cursor:   Cursor: 18/38 frames (18 detections)
2026-03-16 20:45:30,339 INFO vex_extract.cursor:   Cursor: 21/38 frames (21 detections)
2026-03-16 20:45:30,379 INFO vex_extract.cursor:   Cursor: 24/38 frames (24 detections)
2026-03-16 20:45:30,420 INFO vex_extract.cursor:   Cursor: 27/38 frames (27 detections)
2026-03-16 20:45:30,460 INFO vex_extract.cursor:   Cursor: 30/38 frames (30 detections)
2026-03-16 20:45:30,500 INFO vex_extract.cursor:   Cursor: 33/38 frames (33 detections)
2026-03-16 20:45:30,540 INFO vex_extract.cursor:   Cursor: 36/38 frames (36 detections)
2026-03-16 20:45:32,277 INFO vex_extract.cursor:   Cursor: pass 2 — 139 frames at 5.0 FPS [258500ms-286500ms]
2026-03-16 20:45:32,517 INFO vex_extract.cursor:   Cursor: 13/139 frames (13 detections)
2026-03-16 20:45:32,688 INFO vex_extract.cursor:   Cursor: 26/139 frames (26 detections)
2026-03-16 20:45:32,860 INFO vex_extract.cursor:   Cursor: 39/139 frames (39 detections)
2026-03-16 20:45:33,034 INFO vex_extract.cursor:   Cursor: 52/139 frames (52 detections)
2026-03-16 20:45:33,207 INFO vex_extract.cursor:   Cursor: 65/139 frames (65 detections)
2026-03-16 20:45:33,381 INFO vex_extract.cursor:   Cursor: 78/139 frames (78 detections)
2026-03-16 20:45:33,557 INFO vex_extract.cursor:   Cursor: 91/139 frames (91 detections)
2026-03-16 20:45:33,730 INFO vex_extract.cursor:   Cursor: 104/139 frames (104 detections)
2026-03-16 20:45:33,910 INFO vex_extract.cursor:   Cursor: 117/139 frames (117 detections)
2026-03-16 20:45:34,132 INFO vex_extract.cursor:   Cursor: 130/139 frames (130 detections)
2026-03-16 20:45:35,848 INFO vex_extract.cursor:   Cursor: pass 2 — 76 frames at 5.0 FPS [288500ms-303500ms]
2026-03-16 20:45:36,008 INFO vex_extract.cursor:   Cursor: 7/76 frames (7 detections)
2026-03-16 20:45:36,103 INFO vex_extract.cursor:   Cursor: 14/76 frames (14 detections)
2026-03-16 20:45:36,198 INFO vex_extract.cursor:   Cursor: 21/76 frames (21 detections)
2026-03-16 20:45:36,292 INFO vex_extract.cursor:   Cursor: 28/76 frames (28 detections)
2026-03-16 20:45:36,385 INFO vex_extract.cursor:   Cursor: 35/76 frames (35 detections)
2026-03-16 20:45:36,477 INFO vex_extract.cursor:   Cursor: 42/76 frames (42 detections)
2026-03-16 20:45:36,571 INFO vex_extract.cursor:   Cursor: 49/76 frames (49 detections)
2026-03-16 20:45:36,667 INFO vex_extract.cursor:   Cursor: 56/76 frames (56 detections)
2026-03-16 20:45:36,762 INFO vex_extract.cursor:   Cursor: 63/76 frames (63 detections)
2026-03-16 20:45:36,856 INFO vex_extract.cursor:   Cursor: 70/76 frames (70 detections)
2026-03-16 20:45:38,514 INFO vex_extract.cursor:   Cursor: pass 2 — 11 frames at 5.0 FPS [304500ms-306500ms]
2026-03-16 20:45:38,594 INFO vex_extract.cursor:   Cursor: 1/11 frames (1 detections)
2026-03-16 20:45:38,608 INFO vex_extract.cursor:   Cursor: 2/11 frames (2 detections)
2026-03-16 20:45:38,622 INFO vex_extract.cursor:   Cursor: 3/11 frames (3 detections)
2026-03-16 20:45:38,635 INFO vex_extract.cursor:   Cursor: 4/11 frames (4 detections)
2026-03-16 20:45:38,648 INFO vex_extract.cursor:   Cursor: 5/11 frames (5 detections)
2026-03-16 20:45:38,662 INFO vex_extract.cursor:   Cursor: 6/11 frames (6 detections)
2026-03-16 20:45:38,675 INFO vex_extract.cursor:   Cursor: 7/11 frames (7 detections)
2026-03-16 20:45:38,688 INFO vex_extract.cursor:   Cursor: 8/11 frames (8 detections)
2026-03-16 20:45:38,701 INFO vex_extract.cursor:   Cursor: 9/11 frames (9 detections)
2026-03-16 20:45:38,715 INFO vex_extract.cursor:   Cursor: 10/11 frames (10 detections)
2026-03-16 20:45:40,428 INFO vex_extract.cursor:   Cursor: pass 2 — 51 frames at 5.0 FPS [307500ms-317500ms]
2026-03-16 20:45:40,560 INFO vex_extract.cursor:   Cursor: 5/51 frames (5 detections)
2026-03-16 20:45:40,627 INFO vex_extract.cursor:   Cursor: 10/51 frames (10 detections)
2026-03-16 20:45:40,694 INFO vex_extract.cursor:   Cursor: 15/51 frames (15 detections)
2026-03-16 20:45:40,761 INFO vex_extract.cursor:   Cursor: 20/51 frames (20 detections)
2026-03-16 20:45:40,828 INFO vex_extract.cursor:   Cursor: 25/51 frames (25 detections)
2026-03-16 20:45:40,895 INFO vex_extract.cursor:   Cursor: 30/51 frames (30 detections)
2026-03-16 20:45:40,962 INFO vex_extract.cursor:   Cursor: 35/51 frames (35 detections)
2026-03-16 20:45:41,029 INFO vex_extract.cursor:   Cursor: 40/51 frames (40 detections)
2026-03-16 20:45:41,097 INFO vex_extract.cursor:   Cursor: 45/51 frames (45 detections)
2026-03-16 20:45:41,163 INFO vex_extract.cursor:   Cursor: 50/51 frames (50 detections)
2026-03-16 20:45:42,823 INFO vex_extract.cursor:   Cursor: pass 2 — 16 frames at 5.0 FPS [322500ms-325500ms]
2026-03-16 20:45:42,903 INFO vex_extract.cursor:   Cursor: 1/16 frames (1 detections)
2026-03-16 20:45:42,916 INFO vex_extract.cursor:   Cursor: 2/16 frames (2 detections)
2026-03-16 20:45:42,930 INFO vex_extract.cursor:   Cursor: 3/16 frames (3 detections)
2026-03-16 20:45:42,943 INFO vex_extract.cursor:   Cursor: 4/16 frames (4 detections)
2026-03-16 20:45:42,957 INFO vex_extract.cursor:   Cursor: 5/16 frames (5 detections)
2026-03-16 20:45:42,970 INFO vex_extract.cursor:   Cursor: 6/16 frames (6 detections)
2026-03-16 20:45:42,983 INFO vex_extract.cursor:   Cursor: 7/16 frames (7 detections)
2026-03-16 20:45:42,997 INFO vex_extract.cursor:   Cursor: 8/16 frames (8 detections)
2026-03-16 20:45:43,010 INFO vex_extract.cursor:   Cursor: 9/16 frames (9 detections)
2026-03-16 20:45:43,024 INFO vex_extract.cursor:   Cursor: 10/16 frames (10 detections)
2026-03-16 20:45:43,037 INFO vex_extract.cursor:   Cursor: 11/16 frames (11 detections)
2026-03-16 20:45:43,051 INFO vex_extract.cursor:   Cursor: 12/16 frames (12 detections)
2026-03-16 20:45:43,065 INFO vex_extract.cursor:   Cursor: 13/16 frames (13 detections)
2026-03-16 20:45:43,079 INFO vex_extract.cursor:   Cursor: 14/16 frames (14 detections)
2026-03-16 20:45:43,092 INFO vex_extract.cursor:   Cursor: 15/16 frames (15 detections)
2026-03-16 20:45:44,742 INFO vex_extract.cursor:   Cursor: pass 2 — 16 frames at 5.0 FPS [326500ms-329500ms]
2026-03-16 20:45:44,822 INFO vex_extract.cursor:   Cursor: 1/16 frames (1 detections)
2026-03-16 20:45:44,836 INFO vex_extract.cursor:   Cursor: 2/16 frames (2 detections)
2026-03-16 20:45:44,849 INFO vex_extract.cursor:   Cursor: 3/16 frames (3 detections)
2026-03-16 20:45:44,863 INFO vex_extract.cursor:   Cursor: 4/16 frames (4 detections)
2026-03-16 20:45:44,876 INFO vex_extract.cursor:   Cursor: 5/16 frames (5 detections)
2026-03-16 20:45:44,890 INFO vex_extract.cursor:   Cursor: 6/16 frames (6 detections)
2026-03-16 20:45:44,903 INFO vex_extract.cursor:   Cursor: 7/16 frames (7 detections)
2026-03-16 20:45:44,916 INFO vex_extract.cursor:   Cursor: 8/16 frames (8 detections)
2026-03-16 20:45:44,930 INFO vex_extract.cursor:   Cursor: 9/16 frames (9 detections)
2026-03-16 20:45:44,943 INFO vex_extract.cursor:   Cursor: 10/16 frames (10 detections)
2026-03-16 20:45:44,956 INFO vex_extract.cursor:   Cursor: 11/16 frames (11 detections)
2026-03-16 20:45:44,969 INFO vex_extract.cursor:   Cursor: 12/16 frames (12 detections)
2026-03-16 20:45:44,983 INFO vex_extract.cursor:   Cursor: 13/16 frames (13 detections)
2026-03-16 20:45:44,996 INFO vex_extract.cursor:   Cursor: 14/16 frames (14 detections)
2026-03-16 20:45:45,010 INFO vex_extract.cursor:   Cursor: 15/16 frames (15 detections)
2026-03-16 20:45:46,701 INFO vex_extract.cursor:   Cursor: pass 2 — 16 frames at 5.0 FPS [332500ms-335500ms]
2026-03-16 20:45:46,782 INFO vex_extract.cursor:   Cursor: 1/16 frames (1 detections)
2026-03-16 20:45:46,796 INFO vex_extract.cursor:   Cursor: 2/16 frames (2 detections)
2026-03-16 20:45:46,809 INFO vex_extract.cursor:   Cursor: 3/16 frames (3 detections)
2026-03-16 20:45:46,823 INFO vex_extract.cursor:   Cursor: 4/16 frames (4 detections)
2026-03-16 20:45:46,837 INFO vex_extract.cursor:   Cursor: 5/16 frames (5 detections)
2026-03-16 20:45:46,850 INFO vex_extract.cursor:   Cursor: 6/16 frames (6 detections)
2026-03-16 20:45:46,863 INFO vex_extract.cursor:   Cursor: 7/16 frames (7 detections)
2026-03-16 20:45:46,877 INFO vex_extract.cursor:   Cursor: 8/16 frames (8 detections)
2026-03-16 20:45:46,891 INFO vex_extract.cursor:   Cursor: 9/16 frames (9 detections)
2026-03-16 20:45:46,904 INFO vex_extract.cursor:   Cursor: 10/16 frames (10 detections)
2026-03-16 20:45:46,917 INFO vex_extract.cursor:   Cursor: 11/16 frames (11 detections)
2026-03-16 20:45:46,931 INFO vex_extract.cursor:   Cursor: 12/16 frames (12 detections)
2026-03-16 20:45:46,945 INFO vex_extract.cursor:   Cursor: 13/16 frames (13 detections)
2026-03-16 20:45:46,958 INFO vex_extract.cursor:   Cursor: 14/16 frames (14 detections)
2026-03-16 20:45:46,972 INFO vex_extract.cursor:   Cursor: 15/16 frames (15 detections)
2026-03-16 20:45:48,731 INFO vex_extract.cursor:   Cursor: pass 2 — 36 frames at 5.0 FPS [337500ms-344500ms]
2026-03-16 20:45:48,839 INFO vex_extract.cursor:   Cursor: 3/36 frames (3 detections)
2026-03-16 20:45:48,878 INFO vex_extract.cursor:   Cursor: 6/36 frames (6 detections)
2026-03-16 20:45:48,919 INFO vex_extract.cursor:   Cursor: 9/36 frames (9 detections)
2026-03-16 20:45:48,959 INFO vex_extract.cursor:   Cursor: 12/36 frames (12 detections)
2026-03-16 20:45:49,000 INFO vex_extract.cursor:   Cursor: 15/36 frames (15 detections)
2026-03-16 20:45:49,040 INFO vex_extract.cursor:   Cursor: 18/36 frames (18 detections)
2026-03-16 20:45:49,081 INFO vex_extract.cursor:   Cursor: 21/36 frames (21 detections)
2026-03-16 20:45:49,121 INFO vex_extract.cursor:   Cursor: 24/36 frames (24 detections)
2026-03-16 20:45:49,161 INFO vex_extract.cursor:   Cursor: 27/36 frames (27 detections)
2026-03-16 20:45:49,200 INFO vex_extract.cursor:   Cursor: 30/36 frames (30 detections)
2026-03-16 20:45:49,240 INFO vex_extract.cursor:   Cursor: 33/36 frames (33 detections)
2026-03-16 20:45:51,127 INFO vex_extract.cursor:   Cursor: pass 2 — 51 frames at 5.0 FPS [346500ms-356500ms]
2026-03-16 20:45:51,264 INFO vex_extract.cursor:   Cursor: 5/51 frames (5 detections)
2026-03-16 20:45:51,331 INFO vex_extract.cursor:   Cursor: 10/51 frames (10 detections)
2026-03-16 20:45:51,397 INFO vex_extract.cursor:   Cursor: 15/51 frames (15 detections)
2026-03-16 20:45:51,463 INFO vex_extract.cursor:   Cursor: 20/51 frames (20 detections)
2026-03-16 20:45:51,530 INFO vex_extract.cursor:   Cursor: 25/51 frames (25 detections)
2026-03-16 20:45:51,597 INFO vex_extract.cursor:   Cursor: 30/51 frames (30 detections)
2026-03-16 20:45:51,662 INFO vex_extract.cursor:   Cursor: 35/51 frames (35 detections)
2026-03-16 20:45:51,729 INFO vex_extract.cursor:   Cursor: 40/51 frames (40 detections)
2026-03-16 20:45:51,795 INFO vex_extract.cursor:   Cursor: 45/51 frames (45 detections)
2026-03-16 20:45:51,869 INFO vex_extract.cursor:   Cursor: 50/51 frames (50 detections)
2026-03-16 20:45:54,176 INFO vex_extract.cursor:   Cursor: pass 2 — 156 frames at 5.0 FPS [357500ms-388500ms]
2026-03-16 20:45:54,442 INFO vex_extract.cursor:   Cursor: 15/156 frames (15 detections)
2026-03-16 20:45:54,642 INFO vex_extract.cursor:   Cursor: 30/156 frames (30 detections)
2026-03-16 20:45:54,843 INFO vex_extract.cursor:   Cursor: 45/156 frames (45 detections)
2026-03-16 20:45:55,044 INFO vex_extract.cursor:   Cursor: 60/156 frames (60 detections)
2026-03-16 20:45:55,243 INFO vex_extract.cursor:   Cursor: 75/156 frames (75 detections)
2026-03-16 20:45:55,442 INFO vex_extract.cursor:   Cursor: 90/156 frames (90 detections)
2026-03-16 20:45:55,642 INFO vex_extract.cursor:   Cursor: 105/156 frames (105 detections)
2026-03-16 20:45:55,842 INFO vex_extract.cursor:   Cursor: 120/156 frames (120 detections)
2026-03-16 20:45:56,042 INFO vex_extract.cursor:   Cursor: 135/156 frames (135 detections)
2026-03-16 20:45:56,241 INFO vex_extract.cursor:   Cursor: 150/156 frames (150 detections)
2026-03-16 20:45:58,430 INFO vex_extract.cursor:   Cursor: pass 2 — 26 frames at 5.0 FPS [391500ms-396500ms]
2026-03-16 20:45:58,523 INFO vex_extract.cursor:   Cursor: 2/26 frames (2 detections)
2026-03-16 20:45:58,550 INFO vex_extract.cursor:   Cursor: 4/26 frames (4 detections)
2026-03-16 20:45:58,577 INFO vex_extract.cursor:   Cursor: 6/26 frames (6 detections)
2026-03-16 20:45:58,604 INFO vex_extract.cursor:   Cursor: 8/26 frames (8 detections)
2026-03-16 20:45:58,630 INFO vex_extract.cursor:   Cursor: 10/26 frames (10 detections)
2026-03-16 20:45:58,657 INFO vex_extract.cursor:   Cursor: 12/26 frames (12 detections)
2026-03-16 20:45:58,684 INFO vex_extract.cursor:   Cursor: 14/26 frames (14 detections)
2026-03-16 20:45:58,711 INFO vex_extract.cursor:   Cursor: 16/26 frames (16 detections)
2026-03-16 20:45:58,738 INFO vex_extract.cursor:   Cursor: 18/26 frames (18 detections)
2026-03-16 20:45:58,765 INFO vex_extract.cursor:   Cursor: 20/26 frames (20 detections)
2026-03-16 20:45:58,792 INFO vex_extract.cursor:   Cursor: 22/26 frames (22 detections)
2026-03-16 20:45:58,819 INFO vex_extract.cursor:   Cursor: 24/26 frames (24 detections)
2026-03-16 20:46:00,888 INFO vex_extract.cursor:   Cursor: pass 2 — 11 frames at 5.0 FPS [398500ms-400500ms]
2026-03-16 20:46:00,970 INFO vex_extract.cursor:   Cursor: 1/11 frames (1 detections)
2026-03-16 20:46:00,983 INFO vex_extract.cursor:   Cursor: 2/11 frames (2 detections)
2026-03-16 20:46:00,997 INFO vex_extract.cursor:   Cursor: 3/11 frames (3 detections)
2026-03-16 20:46:01,010 INFO vex_extract.cursor:   Cursor: 4/11 frames (4 detections)
2026-03-16 20:46:01,023 INFO vex_extract.cursor:   Cursor: 5/11 frames (5 detections)
2026-03-16 20:46:01,037 INFO vex_extract.cursor:   Cursor: 6/11 frames (6 detections)
2026-03-16 20:46:01,051 INFO vex_extract.cursor:   Cursor: 7/11 frames (7 detections)
2026-03-16 20:46:01,064 INFO vex_extract.cursor:   Cursor: 8/11 frames (8 detections)
2026-03-16 20:46:01,078 INFO vex_extract.cursor:   Cursor: 9/11 frames (9 detections)
2026-03-16 20:46:01,091 INFO vex_extract.cursor:   Cursor: 10/11 frames (10 detections)
2026-03-16 20:46:03,517 INFO vex_extract.cursor:   Cursor: pass 2 — 108 frames at 5.0 FPS [401500ms-423500ms]
2026-03-16 20:46:03,718 INFO vex_extract.cursor:   Cursor: 10/108 frames (10 detections)
2026-03-16 20:46:03,844 INFO vex_extract.cursor:   Cursor: 20/108 frames (20 detections)
2026-03-16 20:46:03,977 INFO vex_extract.cursor:   Cursor: 30/108 frames (30 detections)
2026-03-16 20:46:04,111 INFO vex_extract.cursor:   Cursor: 40/108 frames (40 detections)
2026-03-16 20:46:04,247 INFO vex_extract.cursor:   Cursor: 50/108 frames (50 detections)
2026-03-16 20:46:04,381 INFO vex_extract.cursor:   Cursor: 60/108 frames (60 detections)
2026-03-16 20:46:04,516 INFO vex_extract.cursor:   Cursor: 70/108 frames (70 detections)
2026-03-16 20:46:04,651 INFO vex_extract.cursor:   Cursor: 80/108 frames (80 detections)
2026-03-16 20:46:04,785 INFO vex_extract.cursor:   Cursor: 90/108 frames (90 detections)
2026-03-16 20:46:04,917 INFO vex_extract.cursor:   Cursor: 100/108 frames (100 detections)
2026-03-16 20:46:07,425 INFO vex_extract.cursor:   Cursor: pass 2 — 10 frames at 5.0 FPS [485500ms-487500ms]
2026-03-16 20:46:07,504 INFO vex_extract.cursor:   Cursor: 1/10 frames (1 detections)
2026-03-16 20:46:07,517 INFO vex_extract.cursor:   Cursor: 2/10 frames (2 detections)
2026-03-16 20:46:07,530 INFO vex_extract.cursor:   Cursor: 3/10 frames (3 detections)
2026-03-16 20:46:07,544 INFO vex_extract.cursor:   Cursor: 4/10 frames (4 detections)
2026-03-16 20:46:07,558 INFO vex_extract.cursor:   Cursor: 5/10 frames (5 detections)
2026-03-16 20:46:07,571 INFO vex_extract.cursor:   Cursor: 6/10 frames (6 detections)
2026-03-16 20:46:07,584 INFO vex_extract.cursor:   Cursor: 7/10 frames (7 detections)
2026-03-16 20:46:07,598 INFO vex_extract.cursor:   Cursor: 8/10 frames (8 detections)
2026-03-16 20:46:07,611 INFO vex_extract.cursor:   Cursor: 9/10 frames (9 detections)
2026-03-16 20:46:10,037 INFO vex_extract.cursor:   Cursor: pass 2 — 10 frames at 5.0 FPS [488500ms-490500ms]
2026-03-16 20:46:10,118 INFO vex_extract.cursor:   Cursor: 1/10 frames (1 detections)
2026-03-16 20:46:10,132 INFO vex_extract.cursor:   Cursor: 2/10 frames (2 detections)
2026-03-16 20:46:10,145 INFO vex_extract.cursor:   Cursor: 3/10 frames (3 detections)
2026-03-16 20:46:10,159 INFO vex_extract.cursor:   Cursor: 4/10 frames (4 detections)
2026-03-16 20:46:10,173 INFO vex_extract.cursor:   Cursor: 5/10 frames (5 detections)
2026-03-16 20:46:10,186 INFO vex_extract.cursor:   Cursor: 6/10 frames (6 detections)
2026-03-16 20:46:10,199 INFO vex_extract.cursor:   Cursor: 7/10 frames (7 detections)
2026-03-16 20:46:10,212 INFO vex_extract.cursor:   Cursor: 8/10 frames (8 detections)
2026-03-16 20:46:10,226 INFO vex_extract.cursor:   Cursor: 9/10 frames (9 detections)
2026-03-16 20:46:12,842 INFO vex_extract.cursor:   Cursor: pass 2 — 15 frames at 5.0 FPS [520500ms-523500ms]
2026-03-16 20:46:12,922 INFO vex_extract.cursor:   Cursor: 1/15 frames (1 detections)
2026-03-16 20:46:12,935 INFO vex_extract.cursor:   Cursor: 2/15 frames (2 detections)
2026-03-16 20:46:12,949 INFO vex_extract.cursor:   Cursor: 3/15 frames (3 detections)
2026-03-16 20:46:12,962 INFO vex_extract.cursor:   Cursor: 4/15 frames (4 detections)
2026-03-16 20:46:12,976 INFO vex_extract.cursor:   Cursor: 5/15 frames (5 detections)
2026-03-16 20:46:12,989 INFO vex_extract.cursor:   Cursor: 6/15 frames (6 detections)
2026-03-16 20:46:13,003 INFO vex_extract.cursor:   Cursor: 7/15 frames (7 detections)
2026-03-16 20:46:13,016 INFO vex_extract.cursor:   Cursor: 8/15 frames (8 detections)
2026-03-16 20:46:13,029 INFO vex_extract.cursor:   Cursor: 9/15 frames (9 detections)
2026-03-16 20:46:13,043 INFO vex_extract.cursor:   Cursor: 10/15 frames (10 detections)
2026-03-16 20:46:13,056 INFO vex_extract.cursor:   Cursor: 11/15 frames (11 detections)
2026-03-16 20:46:13,070 INFO vex_extract.cursor:   Cursor: 12/15 frames (12 detections)
2026-03-16 20:46:13,083 INFO vex_extract.cursor:   Cursor: 13/15 frames (13 detections)
2026-03-16 20:46:13,097 INFO vex_extract.cursor:   Cursor: 14/15 frames (14 detections)
2026-03-16 20:46:15,773 INFO vex_extract.cursor:   Cursor: pass 2 — 26 frames at 5.0 FPS [524500ms-529500ms]
2026-03-16 20:46:15,866 INFO vex_extract.cursor:   Cursor: 2/26 frames (2 detections)
2026-03-16 20:46:15,893 INFO vex_extract.cursor:   Cursor: 4/26 frames (4 detections)
2026-03-16 20:46:15,920 INFO vex_extract.cursor:   Cursor: 6/26 frames (6 detections)
2026-03-16 20:46:15,947 INFO vex_extract.cursor:   Cursor: 8/26 frames (8 detections)
2026-03-16 20:46:15,974 INFO vex_extract.cursor:   Cursor: 10/26 frames (10 detections)
2026-03-16 20:46:16,001 INFO vex_extract.cursor:   Cursor: 12/26 frames (12 detections)
2026-03-16 20:46:16,028 INFO vex_extract.cursor:   Cursor: 14/26 frames (14 detections)
2026-03-16 20:46:16,055 INFO vex_extract.cursor:   Cursor: 16/26 frames (16 detections)
2026-03-16 20:46:16,081 INFO vex_extract.cursor:   Cursor: 18/26 frames (18 detections)
2026-03-16 20:46:16,108 INFO vex_extract.cursor:   Cursor: 20/26 frames (20 detections)
2026-03-16 20:46:16,134 INFO vex_extract.cursor:   Cursor: 22/26 frames (22 detections)
2026-03-16 20:46:16,161 INFO vex_extract.cursor:   Cursor: 24/26 frames (24 detections)
2026-03-16 20:46:18,824 INFO vex_extract.cursor:   Cursor: pass 2 — 11 frames at 5.0 FPS [532500ms-534500ms]
2026-03-16 20:46:18,905 INFO vex_extract.cursor:   Cursor: 1/11 frames (1 detections)
2026-03-16 20:46:18,918 INFO vex_extract.cursor:   Cursor: 2/11 frames (2 detections)
2026-03-16 20:46:18,932 INFO vex_extract.cursor:   Cursor: 3/11 frames (3 detections)
2026-03-16 20:46:18,945 INFO vex_extract.cursor:   Cursor: 4/11 frames (4 detections)
2026-03-16 20:46:18,958 INFO vex_extract.cursor:   Cursor: 5/11 frames (5 detections)
2026-03-16 20:46:18,972 INFO vex_extract.cursor:   Cursor: 6/11 frames (6 detections)
2026-03-16 20:46:18,985 INFO vex_extract.cursor:   Cursor: 7/11 frames (7 detections)
2026-03-16 20:46:18,998 INFO vex_extract.cursor:   Cursor: 8/11 frames (8 detections)
2026-03-16 20:46:19,012 INFO vex_extract.cursor:   Cursor: 9/11 frames (9 detections)
2026-03-16 20:46:19,025 INFO vex_extract.cursor:   Cursor: 10/11 frames (10 detections)
2026-03-16 20:46:21,698 INFO vex_extract.cursor:   Cursor: pass 2 — 11 frames at 5.0 FPS [540500ms-542500ms]
2026-03-16 20:46:21,779 INFO vex_extract.cursor:   Cursor: 1/11 frames (1 detections)
2026-03-16 20:46:21,793 INFO vex_extract.cursor:   Cursor: 2/11 frames (2 detections)
2026-03-16 20:46:21,807 INFO vex_extract.cursor:   Cursor: 3/11 frames (3 detections)
2026-03-16 20:46:21,821 INFO vex_extract.cursor:   Cursor: 4/11 frames (4 detections)
2026-03-16 20:46:21,834 INFO vex_extract.cursor:   Cursor: 5/11 frames (5 detections)
2026-03-16 20:46:21,848 INFO vex_extract.cursor:   Cursor: 6/11 frames (6 detections)
2026-03-16 20:46:21,861 INFO vex_extract.cursor:   Cursor: 7/11 frames (7 detections)
2026-03-16 20:46:21,875 INFO vex_extract.cursor:   Cursor: 8/11 frames (8 detections)
2026-03-16 20:46:21,888 INFO vex_extract.cursor:   Cursor: 9/11 frames (9 detections)
2026-03-16 20:46:21,902 INFO vex_extract.cursor:   Cursor: 10/11 frames (10 detections)
2026-03-16 20:46:21,916 INFO vex_extract.cursor:   Cursor: merged 1585 detections (1583 detected)
2026-03-16 20:46:21,916 INFO vex_extract.cursor:   Cursor: filtering 14 static detections at (148.0, 148.0) spanning 13000ms
2026-03-16 20:46:21,916 INFO vex_extract.cursor:   Cursor: filtering 7 static detections at (16.0, 760.0) spanning 6000ms
2026-03-16 20:46:21,916 INFO vex_extract.cursor:   Cursor: filtering 6 static detections at (148.0, 148.0) spanning 5000ms
2026-03-16 20:46:21,916 INFO vex_extract.cursor:   Cursor: filtering 4 static detections at (867.0, 379.0) spanning 3000ms
2026-03-16 20:46:21,916 INFO vex_extract.cursor:   Cursor: filtering 17 static detections at (560.0, 393.0) spanning 16000ms
2026-03-16 20:46:21,916 INFO vex_extract.cursor:   Cursor: filtering 43 static detections at (313.0, 54.0) spanning 42000ms
2026-03-16 20:46:21,916 INFO vex_extract.cursor:   Cursor: filtering 12 static detections at (216.0, 64.0) spanning 5800ms
2026-03-16 20:46:21,916 INFO vex_extract.cursor:   Cursor: filtering 29 static detections at (216.0, 64.0) spanning 21900ms
2026-03-16 20:46:21,916 INFO vex_extract.cursor:   Cursor: filtering 24 static detections at (1700.0, 51.0) spanning 4600ms
2026-03-16 20:46:21,916 INFO vex_extract.cursor:   Cursor: filtering 12 static detections at (216.0, 64.0) spanning 4900ms
2026-03-16 20:46:21,916 INFO vex_extract.cursor:   Cursor: filtering 4 static detections at (377.0, 126.0) spanning 3000ms
2026-03-16 20:46:21,917 INFO vex_extract.cursor:   Cursor: filtering 5 static detections at (228.0, 995.0) spanning 4000ms
2026-03-16 20:46:21,917 INFO vex_extract.cursor:   Cursor: filtering 13 static detections at (524.0, 353.0) spanning 3900ms
2026-03-16 20:46:21,917 INFO vex_extract.cursor:   Cursor: filtering 5 static detections at (612.0, 251.0) spanning 4000ms
2026-03-16 20:46:21,917 INFO vex_extract.cursor:   Cursor: filtering 16 static detections at (1536.0, 49.0) spanning 3000ms
2026-03-16 20:46:21,917 INFO vex_extract.cursor:   Cursor: filtering 33 static detections at (313.0, 56.0) spanning 32000ms
2026-03-16 20:46:21,917 INFO vex_extract.cursor:   Cursor: filtering 25 static detections at (313.0, 56.0) spanning 24000ms
2026-03-16 20:46:21,917 INFO vex_extract.cursor:   Cursor: filtering 8 static detections at (313.0, 56.0) spanning 7000ms
2026-03-16 20:46:21,917 INFO vex_extract.cursor:   Cursor: filtering 22 static detections at (313.0, 54.0) spanning 21000ms
2026-03-16 20:46:21,917 INFO vex_extract.cursor:   Cursor: filtering 6 static detections at (1557.0, 249.0) spanning 5000ms
2026-03-16 20:46:21,917 INFO vex_extract.cursor:   Cursor: filtering 7 static detections at (148.0, 148.0) spanning 6000ms
2026-03-16 20:46:21,921 INFO vex_extract.pipeline:   Cached cursor trajectory: /Users/nic/Developer/spike-air-315-vision-processing/candidates/2026-03-14/tmp/cv/cfs_home_loan_sasha_7476a342_cursor/cursor_trajectory.json
2026-03-16 20:46:21,921 INFO vex_extract.pipeline:   1585 cursor detections (1271 detected) in 88.1s
2026-03-16 20:46:21,922 INFO vex_extract.pipeline: Step 3: Computing optical flow...
2026-03-16 20:46:25,225 INFO vex_extract.flow:   Flow: computing across 1099 frame pairs...
2026-03-16 20:46:28,821 INFO vex_extract.pipeline:   Cached flow windows: /Users/nic/Developer/spike-air-315-vision-processing/candidates/2026-03-14/tmp/cv/cfs_home_loan_sasha_bb5a87ef_7476a342_flow/flow_windows.json
2026-03-16 20:46:28,822 INFO vex_extract.pipeline:   1098 flow windows in 6.9s
2026-03-16 20:46:28,822 INFO vex_extract.pipeline: Step 4: Creating video segments...
2026-03-16 20:46:28,822 INFO vex_extract.pipeline:   8 segments
2026-03-16 20:46:28,822 INFO vex_extract.pipeline:   Segment 0: cached
2026-03-16 20:46:28,822 INFO vex_extract.pipeline:   Segment 1: cached
2026-03-16 20:46:28,822 INFO vex_extract.pipeline:   Segment 2: cached
2026-03-16 20:46:28,822 INFO vex_extract.pipeline:   Segment 3: cached
2026-03-16 20:46:28,822 INFO vex_extract.pipeline:   Segment 4: cached
2026-03-16 20:46:28,822 INFO vex_extract.pipeline:   Segment 5: cached
2026-03-16 20:46:28,822 INFO vex_extract.pipeline:   Segment 6: cached
2026-03-16 20:46:28,823 INFO vex_extract.pipeline:   Segment 7: cached
2026-03-16 20:46:28,823 INFO vex_extract.pipeline: Step 5: Preparing prompts...
2026-03-16 20:46:28,823 INFO vex_extract.analysis: Segment 0: prompt prepared (10913 chars)
2026-03-16 20:46:28,824 INFO vex_extract.analysis: Segment 1: prompt prepared (11290 chars)
2026-03-16 20:46:28,825 INFO vex_extract.analysis: Segment 2: prompt prepared (11250 chars)
2026-03-16 20:46:28,826 INFO vex_extract.analysis: Segment 3: prompt prepared (13319 chars)
2026-03-16 20:46:28,826 INFO vex_extract.analysis: Segment 4: prompt prepared (13715 chars)
2026-03-16 20:46:28,827 INFO vex_extract.analysis: Segment 5: prompt prepared (14445 chars)
2026-03-16 20:46:28,828 INFO vex_extract.analysis: Segment 6: prompt prepared (10601 chars)
2026-03-16 20:46:28,828 INFO vex_extract.analysis: Segment 7: prompt prepared (10422 chars)
2026-03-16 20:46:28,828 INFO vex_extract.pipeline:   8 prompts prepared
2026-03-16 20:46:28,828 INFO vex_extract.pipeline: Stopped after: prompt
