2026-03-14 11:03:17,255 INFO vex_extract.pipeline: === Video Event Extractor ===
2026-03-14 11:03:17,256 INFO vex_extract.pipeline: Video: /Users/nic/Developer/spike-air-315-vision-processing/input_data/screen_tracks/flight_centre_booking_james.mp4
2026-03-14 11:03:17,256 INFO vex_extract.pipeline: Offset: 238982 ms
2026-03-14 11:03:17,256 INFO vex_extract.pipeline: Run ID: 2026-03-14_010317
2026-03-14 11:03:17,256 INFO vex_extract.pipeline: Stop after: prompt
2026-03-14 11:03:17,256 INFO vex_extract.pipeline: Step 1: Normalizing video...
2026-03-14 11:03:17,256 INFO vex_extract.pipeline:   Using cached normalized video: /Users/nic/Developer/spike-air-315-vision-processing/candidates/2026-03-14/tmp/flight_centre_booking_james_normalized.mp4
2026-03-14 11:03:17,314 INFO vex_extract.pipeline:   Duration: 176.9s, 1954x1060, 30.0 fps
2026-03-14 11:03:17,314 INFO vex_extract.pipeline: Step 2: Tracking cursor...
2026-03-14 11:03:18,315 INFO vex_extract.cursor:   Cursor: pass 1 — matching 354 frames at 2.0 FPS against 6 templates x 4 scales at 360p...
2026-03-14 11:03:18,848 INFO vex_extract.cursor:   Cursor: 35/354 frames (35 detections)
2026-03-14 11:03:19,314 INFO vex_extract.cursor:   Cursor: 70/354 frames (70 detections)
2026-03-14 11:03:20,065 INFO vex_extract.cursor:   Cursor: 105/354 frames (103 detections)
2026-03-14 11:03:21,285 INFO vex_extract.cursor:   Cursor: 140/354 frames (130 detections)
2026-03-14 11:03:22,509 INFO vex_extract.cursor:   Cursor: 175/354 frames (156 detections)
2026-03-14 11:03:24,918 INFO vex_extract.cursor:   Cursor: 210/354 frames (164 detections)
2026-03-14 11:03:27,699 INFO vex_extract.cursor:   Cursor: 245/354 frames (164 detections)
2026-03-14 11:03:29,914 INFO vex_extract.cursor:   Cursor: 280/354 frames (176 detections)
2026-03-14 11:03:31,594 INFO vex_extract.cursor:   Cursor: 315/354 frames (196 detections)
2026-03-14 11:03:32,805 INFO vex_extract.cursor:   Cursor: 350/354 frames (222 detections)
2026-03-14 11:03:32,858 INFO vex_extract.cursor:   Cursor: 15 active regions identified
2026-03-14 11:03:33,061 INFO vex_extract.cursor:   Cursor: pass 2 — 57 frames at 15.0 FPS [39000ms-43000ms]
2026-03-14 11:03:33,193 INFO vex_extract.cursor:   Cursor: 5/57 frames (5 detections)
2026-03-14 11:03:33,260 INFO vex_extract.cursor:   Cursor: 10/57 frames (10 detections)
2026-03-14 11:03:33,669 INFO vex_extract.cursor:   Cursor: 15/57 frames (10 detections)
2026-03-14 11:03:34,067 INFO vex_extract.cursor:   Cursor: 20/57 frames (10 detections)
2026-03-14 11:03:34,466 INFO vex_extract.cursor:   Cursor: 25/57 frames (10 detections)
2026-03-14 11:03:34,731 INFO vex_extract.cursor:   Cursor: 30/57 frames (13 detections)
2026-03-14 11:03:34,797 INFO vex_extract.cursor:   Cursor: 35/57 frames (18 detections)
2026-03-14 11:03:34,862 INFO vex_extract.cursor:   Cursor: 40/57 frames (23 detections)
2026-03-14 11:03:34,928 INFO vex_extract.cursor:   Cursor: 45/57 frames (28 detections)
2026-03-14 11:03:34,995 INFO vex_extract.cursor:   Cursor: 50/57 frames (33 detections)
2026-03-14 11:03:35,061 INFO vex_extract.cursor:   Cursor: 55/57 frames (38 detections)
2026-03-14 11:03:35,315 INFO vex_extract.cursor:   Cursor: pass 2 — 29 frames at 15.0 FPS [47000ms-49000ms]
2026-03-14 11:03:35,407 INFO vex_extract.cursor:   Cursor: 2/29 frames (2 detections)
2026-03-14 11:03:35,434 INFO vex_extract.cursor:   Cursor: 4/29 frames (4 detections)
2026-03-14 11:03:35,461 INFO vex_extract.cursor:   Cursor: 6/29 frames (6 detections)
2026-03-14 11:03:35,487 INFO vex_extract.cursor:   Cursor: 8/29 frames (8 detections)
2026-03-14 11:03:35,513 INFO vex_extract.cursor:   Cursor: 10/29 frames (10 detections)
2026-03-14 11:03:35,539 INFO vex_extract.cursor:   Cursor: 12/29 frames (12 detections)
2026-03-14 11:03:35,565 INFO vex_extract.cursor:   Cursor: 14/29 frames (14 detections)
2026-03-14 11:03:35,590 INFO vex_extract.cursor:   Cursor: 16/29 frames (16 detections)
2026-03-14 11:03:35,616 INFO vex_extract.cursor:   Cursor: 18/29 frames (18 detections)
2026-03-14 11:03:35,643 INFO vex_extract.cursor:   Cursor: 20/29 frames (20 detections)
2026-03-14 11:03:35,670 INFO vex_extract.cursor:   Cursor: 22/29 frames (22 detections)
2026-03-14 11:03:35,696 INFO vex_extract.cursor:   Cursor: 24/29 frames (24 detections)
2026-03-14 11:03:35,722 INFO vex_extract.cursor:   Cursor: 26/29 frames (26 detections)
2026-03-14 11:03:35,748 INFO vex_extract.cursor:   Cursor: 28/29 frames (28 detections)
2026-03-14 11:03:36,050 INFO vex_extract.cursor:   Cursor: pass 2 — 22 frames at 15.0 FPS [55500ms-57000ms]
2026-03-14 11:03:36,141 INFO vex_extract.cursor:   Cursor: 2/22 frames (2 detections)
2026-03-14 11:03:36,168 INFO vex_extract.cursor:   Cursor: 4/22 frames (4 detections)
2026-03-14 11:03:36,194 INFO vex_extract.cursor:   Cursor: 6/22 frames (6 detections)
2026-03-14 11:03:36,221 INFO vex_extract.cursor:   Cursor: 8/22 frames (8 detections)
2026-03-14 11:03:36,247 INFO vex_extract.cursor:   Cursor: 10/22 frames (10 detections)
2026-03-14 11:03:36,273 INFO vex_extract.cursor:   Cursor: 12/22 frames (12 detections)
2026-03-14 11:03:36,300 INFO vex_extract.cursor:   Cursor: 14/22 frames (14 detections)
2026-03-14 11:03:36,326 INFO vex_extract.cursor:   Cursor: 16/22 frames (16 detections)
2026-03-14 11:03:36,352 INFO vex_extract.cursor:   Cursor: 18/22 frames (18 detections)
2026-03-14 11:03:36,379 INFO vex_extract.cursor:   Cursor: 20/22 frames (20 detections)
2026-03-14 11:03:36,694 INFO vex_extract.cursor:   Cursor: pass 2 — 36 frames at 15.0 FPS [60500ms-63000ms]
2026-03-14 11:03:36,800 INFO vex_extract.cursor:   Cursor: 3/36 frames (3 detections)
2026-03-14 11:03:36,839 INFO vex_extract.cursor:   Cursor: 6/36 frames (6 detections)
2026-03-14 11:03:36,879 INFO vex_extract.cursor:   Cursor: 9/36 frames (9 detections)
2026-03-14 11:03:36,918 INFO vex_extract.cursor:   Cursor: 12/36 frames (12 detections)
2026-03-14 11:03:37,102 INFO vex_extract.cursor:   Cursor: 15/36 frames (13 detections)
2026-03-14 11:03:37,353 INFO vex_extract.cursor:   Cursor: 18/36 frames (14 detections)
2026-03-14 11:03:37,587 INFO vex_extract.cursor:   Cursor: 21/36 frames (14 detections)
2026-03-14 11:03:37,823 INFO vex_extract.cursor:   Cursor: 24/36 frames (14 detections)
2026-03-14 11:03:38,074 INFO vex_extract.cursor:   Cursor: 27/36 frames (16 detections)
2026-03-14 11:03:38,337 INFO vex_extract.cursor:   Cursor: 30/36 frames (17 detections)
2026-03-14 11:03:38,585 INFO vex_extract.cursor:   Cursor: 33/36 frames (18 detections)
2026-03-14 11:03:39,124 INFO vex_extract.cursor:   Cursor: pass 2 — 40 frames at 15.0 FPS [64000ms-67000ms]
2026-03-14 11:03:39,436 INFO vex_extract.cursor:   Cursor: 4/40 frames (0 detections)
2026-03-14 11:03:39,759 INFO vex_extract.cursor:   Cursor: 8/40 frames (0 detections)
2026-03-14 11:03:40,088 INFO vex_extract.cursor:   Cursor: 12/40 frames (2 detections)
2026-03-14 11:03:40,430 INFO vex_extract.cursor:   Cursor: 16/40 frames (3 detections)
2026-03-14 11:03:40,744 INFO vex_extract.cursor:   Cursor: 20/40 frames (3 detections)
2026-03-14 11:03:41,071 INFO vex_extract.cursor:   Cursor: 24/40 frames (4 detections)
2026-03-14 11:03:41,431 INFO vex_extract.cursor:   Cursor: 28/40 frames (6 detections)
2026-03-14 11:03:41,747 INFO vex_extract.cursor:   Cursor: 32/40 frames (6 detections)
2026-03-14 11:03:41,931 INFO vex_extract.cursor:   Cursor: 36/40 frames (9 detections)
2026-03-14 11:03:42,325 INFO vex_extract.cursor:   Cursor: pass 2 — 18 frames at 15.0 FPS [70500ms-72000ms]
2026-03-14 11:03:42,405 INFO vex_extract.cursor:   Cursor: 1/18 frames (1 detections)
2026-03-14 11:03:42,418 INFO vex_extract.cursor:   Cursor: 2/18 frames (2 detections)
2026-03-14 11:03:42,431 INFO vex_extract.cursor:   Cursor: 3/18 frames (3 detections)
2026-03-14 11:03:42,445 INFO vex_extract.cursor:   Cursor: 4/18 frames (4 detections)
2026-03-14 11:03:42,458 INFO vex_extract.cursor:   Cursor: 5/18 frames (5 detections)
2026-03-14 11:03:42,471 INFO vex_extract.cursor:   Cursor: 6/18 frames (6 detections)
2026-03-14 11:03:42,485 INFO vex_extract.cursor:   Cursor: 7/18 frames (7 detections)
2026-03-14 11:03:42,498 INFO vex_extract.cursor:   Cursor: 8/18 frames (8 detections)
2026-03-14 11:03:42,512 INFO vex_extract.cursor:   Cursor: 9/18 frames (9 detections)
2026-03-14 11:03:42,525 INFO vex_extract.cursor:   Cursor: 10/18 frames (10 detections)
2026-03-14 11:03:42,538 INFO vex_extract.cursor:   Cursor: 11/18 frames (11 detections)
2026-03-14 11:03:42,552 INFO vex_extract.cursor:   Cursor: 12/18 frames (12 detections)
2026-03-14 11:03:42,565 INFO vex_extract.cursor:   Cursor: 13/18 frames (13 detections)
2026-03-14 11:03:42,578 INFO vex_extract.cursor:   Cursor: 14/18 frames (14 detections)
2026-03-14 11:03:42,591 INFO vex_extract.cursor:   Cursor: 15/18 frames (15 detections)
2026-03-14 11:03:42,605 INFO vex_extract.cursor:   Cursor: 16/18 frames (16 detections)
2026-03-14 11:03:42,622 INFO vex_extract.cursor:   Cursor: 17/18 frames (17 detections)
2026-03-14 11:03:43,030 INFO vex_extract.cursor:   Cursor: pass 2 — 66 frames at 15.0 FPS [74500ms-80000ms]
2026-03-14 11:03:43,189 INFO vex_extract.cursor:   Cursor: 6/66 frames (6 detections)
2026-03-14 11:03:43,269 INFO vex_extract.cursor:   Cursor: 12/66 frames (12 detections)
2026-03-14 11:03:43,756 INFO vex_extract.cursor:   Cursor: 18/66 frames (12 detections)
2026-03-14 11:03:44,263 INFO vex_extract.cursor:   Cursor: 24/66 frames (12 detections)
2026-03-14 11:03:44,739 INFO vex_extract.cursor:   Cursor: 30/66 frames (12 detections)
2026-03-14 11:03:45,215 INFO vex_extract.cursor:   Cursor: 36/66 frames (12 detections)
2026-03-14 11:03:45,697 INFO vex_extract.cursor:   Cursor: 42/66 frames (12 detections)
2026-03-14 11:03:46,173 INFO vex_extract.cursor:   Cursor: 48/66 frames (12 detections)
2026-03-14 11:03:46,515 INFO vex_extract.cursor:   Cursor: 54/66 frames (15 detections)
2026-03-14 11:03:46,595 INFO vex_extract.cursor:   Cursor: 60/66 frames (21 detections)
2026-03-14 11:03:47,195 INFO vex_extract.cursor:   Cursor: pass 2 — 174 frames at 15.0 FPS [82500ms-97000ms]
2026-03-14 11:03:47,486 INFO vex_extract.cursor:   Cursor: 17/174 frames (17 detections)
2026-03-14 11:03:48,454 INFO vex_extract.cursor:   Cursor: 34/174 frames (23 detections)
2026-03-14 11:03:48,812 INFO vex_extract.cursor:   Cursor: 51/174 frames (39 detections)
2026-03-14 11:03:49,960 INFO vex_extract.cursor:   Cursor: 68/174 frames (47 detections)
2026-03-14 11:03:51,339 INFO vex_extract.cursor:   Cursor: 85/174 frames (48 detections)
2026-03-14 11:03:52,684 INFO vex_extract.cursor:   Cursor: 102/174 frames (48 detections)
2026-03-14 11:03:54,036 INFO vex_extract.cursor:   Cursor: 119/174 frames (48 detections)
2026-03-14 11:03:55,389 INFO vex_extract.cursor:   Cursor: 136/174 frames (48 detections)
2026-03-14 11:03:56,742 INFO vex_extract.cursor:   Cursor: 153/174 frames (48 detections)
2026-03-14 11:03:57,962 INFO vex_extract.cursor:   Cursor: 170/174 frames (51 detections)
2026-03-14 11:03:58,797 INFO vex_extract.cursor:   Cursor: pass 2 — 366 frames at 15.0 FPS [99000ms-129500ms]
2026-03-14 11:04:01,117 INFO vex_extract.cursor:   Cursor: 36/366 frames (13 detections)
2026-03-14 11:04:03,990 INFO vex_extract.cursor:   Cursor: 72/366 frames (14 detections)
2026-03-14 11:04:06,847 INFO vex_extract.cursor:   Cursor: 108/366 frames (14 detections)
2026-03-14 11:04:09,705 INFO vex_extract.cursor:   Cursor: 144/366 frames (14 detections)
2026-03-14 11:04:12,568 INFO vex_extract.cursor:   Cursor: 180/366 frames (14 detections)
2026-03-14 11:04:15,377 INFO vex_extract.cursor:   Cursor: 216/366 frames (16 detections)
2026-03-14 11:04:18,245 INFO vex_extract.cursor:   Cursor: 252/366 frames (16 detections)
2026-03-14 11:04:21,103 INFO vex_extract.cursor:   Cursor: 288/366 frames (16 detections)
2026-03-14 11:04:23,989 INFO vex_extract.cursor:   Cursor: 324/366 frames (16 detections)
2026-03-14 11:04:26,601 INFO vex_extract.cursor:   Cursor: 360/366 frames (22 detections)
2026-03-14 11:04:27,340 INFO vex_extract.cursor:   Cursor: pass 2 — 68 frames at 15.0 FPS [131500ms-136000ms]
2026-03-14 11:04:27,487 INFO vex_extract.cursor:   Cursor: 6/68 frames (6 detections)
2026-03-14 11:04:27,645 INFO vex_extract.cursor:   Cursor: 12/68 frames (11 detections)
2026-03-14 11:04:28,122 INFO vex_extract.cursor:   Cursor: 18/68 frames (11 detections)
2026-03-14 11:04:28,267 INFO vex_extract.cursor:   Cursor: 24/68 frames (17 detections)
2026-03-14 11:04:28,625 INFO vex_extract.cursor:   Cursor: 30/68 frames (19 detections)
2026-03-14 11:04:29,100 INFO vex_extract.cursor:   Cursor: 36/68 frames (19 detections)
2026-03-14 11:04:29,576 INFO vex_extract.cursor:   Cursor: 42/68 frames (19 detections)
2026-03-14 11:04:30,052 INFO vex_extract.cursor:   Cursor: 48/68 frames (19 detections)
2026-03-14 11:04:30,530 INFO vex_extract.cursor:   Cursor: 54/68 frames (19 detections)
2026-03-14 11:04:30,874 INFO vex_extract.cursor:   Cursor: 60/68 frames (22 detections)
2026-03-14 11:04:30,973 INFO vex_extract.cursor:   Cursor: 66/68 frames (28 detections)
2026-03-14 11:04:31,748 INFO vex_extract.cursor:   Cursor: pass 2 — 143 frames at 15.0 FPS [136500ms-146000ms]
2026-03-14 11:04:32,420 INFO vex_extract.cursor:   Cursor: 14/143 frames (9 detections)
2026-03-14 11:04:33,531 INFO vex_extract.cursor:   Cursor: 28/143 frames (9 detections)
2026-03-14 11:04:34,648 INFO vex_extract.cursor:   Cursor: 42/143 frames (9 detections)
2026-03-14 11:04:35,778 INFO vex_extract.cursor:   Cursor: 56/143 frames (9 detections)
2026-03-14 11:04:36,886 INFO vex_extract.cursor:   Cursor: 70/143 frames (9 detections)
2026-03-14 11:04:37,998 INFO vex_extract.cursor:   Cursor: 84/143 frames (9 detections)
2026-03-14 11:04:39,107 INFO vex_extract.cursor:   Cursor: 98/143 frames (9 detections)
2026-03-14 11:04:40,220 INFO vex_extract.cursor:   Cursor: 112/143 frames (9 detections)
2026-03-14 11:04:41,330 INFO vex_extract.cursor:   Cursor: 126/143 frames (9 detections)
2026-03-14 11:04:42,111 INFO vex_extract.cursor:   Cursor: 140/143 frames (15 detections)
2026-03-14 11:04:42,901 INFO vex_extract.cursor:   Cursor: pass 2 — 38 frames at 15.0 FPS [149000ms-151500ms]
2026-03-14 11:04:43,007 INFO vex_extract.cursor:   Cursor: 3/38 frames (3 detections)
2026-03-14 11:04:43,191 INFO vex_extract.cursor:   Cursor: 6/38 frames (5 detections)
2026-03-14 11:04:43,232 INFO vex_extract.cursor:   Cursor: 9/38 frames (8 detections)
2026-03-14 11:04:43,483 INFO vex_extract.cursor:   Cursor: 12/38 frames (8 detections)
2026-03-14 11:04:43,656 INFO vex_extract.cursor:   Cursor: 15/38 frames (10 detections)
2026-03-14 11:04:43,696 INFO vex_extract.cursor:   Cursor: 18/38 frames (13 detections)
2026-03-14 11:04:43,738 INFO vex_extract.cursor:   Cursor: 21/38 frames (16 detections)
2026-03-14 11:04:43,778 INFO vex_extract.cursor:   Cursor: 24/38 frames (19 detections)
2026-03-14 11:04:43,818 INFO vex_extract.cursor:   Cursor: 27/38 frames (22 detections)
2026-03-14 11:04:43,858 INFO vex_extract.cursor:   Cursor: 30/38 frames (25 detections)
2026-03-14 11:04:43,899 INFO vex_extract.cursor:   Cursor: 33/38 frames (28 detections)
2026-03-14 11:04:43,940 INFO vex_extract.cursor:   Cursor: 36/38 frames (31 detections)
2026-03-14 11:04:44,717 INFO vex_extract.cursor:   Cursor: pass 2 — 61 frames at 15.0 FPS [152000ms-156000ms]
2026-03-14 11:04:44,864 INFO vex_extract.cursor:   Cursor: 6/61 frames (6 detections)
2026-03-14 11:04:45,089 INFO vex_extract.cursor:   Cursor: 12/61 frames (10 detections)
2026-03-14 11:04:45,565 INFO vex_extract.cursor:   Cursor: 18/61 frames (10 detections)
2026-03-14 11:04:45,935 INFO vex_extract.cursor:   Cursor: 24/61 frames (14 detections)
2026-03-14 11:04:46,412 INFO vex_extract.cursor:   Cursor: 30/61 frames (14 detections)
2026-03-14 11:04:46,892 INFO vex_extract.cursor:   Cursor: 36/61 frames (14 detections)
2026-03-14 11:04:47,372 INFO vex_extract.cursor:   Cursor: 42/61 frames (14 detections)
2026-03-14 11:04:47,849 INFO vex_extract.cursor:   Cursor: 48/61 frames (15 detections)
2026-03-14 11:04:48,074 INFO vex_extract.cursor:   Cursor: 54/61 frames (20 detections)
2026-03-14 11:04:48,155 INFO vex_extract.cursor:   Cursor: 60/61 frames (26 detections)
2026-03-14 11:04:48,973 INFO vex_extract.cursor:   Cursor: pass 2 — 106 frames at 15.0 FPS [156500ms-163500ms]
2026-03-14 11:04:49,196 INFO vex_extract.cursor:   Cursor: 10/106 frames (10 detections)
2026-03-14 11:04:49,737 INFO vex_extract.cursor:   Cursor: 20/106 frames (14 detections)
2026-03-14 11:04:50,136 INFO vex_extract.cursor:   Cursor: 30/106 frames (21 detections)
2026-03-14 11:04:50,878 INFO vex_extract.cursor:   Cursor: 40/106 frames (22 detections)
2026-03-14 11:04:51,673 INFO vex_extract.cursor:   Cursor: 50/106 frames (22 detections)
2026-03-14 11:04:52,474 INFO vex_extract.cursor:   Cursor: 60/106 frames (22 detections)
2026-03-14 11:04:53,265 INFO vex_extract.cursor:   Cursor: 70/106 frames (22 detections)
2026-03-14 11:04:54,067 INFO vex_extract.cursor:   Cursor: 80/106 frames (22 detections)
2026-03-14 11:04:54,860 INFO vex_extract.cursor:   Cursor: 90/106 frames (22 detections)
2026-03-14 11:04:55,191 INFO vex_extract.cursor:   Cursor: 100/106 frames (30 detections)
2026-03-14 11:04:56,072 INFO vex_extract.cursor:   Cursor: pass 2 — 46 frames at 15.0 FPS [169000ms-172000ms]
2026-03-14 11:04:56,191 INFO vex_extract.cursor:   Cursor: 4/46 frames (4 detections)
2026-03-14 11:04:56,245 INFO vex_extract.cursor:   Cursor: 8/46 frames (8 detections)
2026-03-14 11:04:56,298 INFO vex_extract.cursor:   Cursor: 12/46 frames (12 detections)
2026-03-14 11:04:56,351 INFO vex_extract.cursor:   Cursor: 16/46 frames (16 detections)
2026-03-14 11:04:56,405 INFO vex_extract.cursor:   Cursor: 20/46 frames (20 detections)
2026-03-14 11:04:56,458 INFO vex_extract.cursor:   Cursor: 24/46 frames (24 detections)
2026-03-14 11:04:56,510 INFO vex_extract.cursor:   Cursor: 28/46 frames (28 detections)
2026-03-14 11:04:56,564 INFO vex_extract.cursor:   Cursor: 32/46 frames (32 detections)
2026-03-14 11:04:56,617 INFO vex_extract.cursor:   Cursor: 36/46 frames (36 detections)
2026-03-14 11:04:56,671 INFO vex_extract.cursor:   Cursor: 40/46 frames (40 detections)
2026-03-14 11:04:56,725 INFO vex_extract.cursor:   Cursor: 44/46 frames (44 detections)
2026-03-14 11:04:56,752 INFO vex_extract.cursor:   Cursor: merged 1418 detections (587 detected)
2026-03-14 11:04:56,756 INFO vex_extract.pipeline:   Cached cursor trajectory: /Users/nic/Developer/spike-air-315-vision-processing/candidates/2026-03-14/tmp/cv/flight_centre_booking_james_38e642a0_cursor/cursor_trajectory.json
2026-03-14 11:04:56,756 INFO vex_extract.pipeline:   1418 cursor detections (587 detected)
2026-03-14 11:04:56,756 INFO vex_extract.pipeline: Step 3: Computing optical flow...
2026-03-14 11:04:57,843 INFO vex_extract.flow:   Flow: computing across 353 frame pairs...
2026-03-14 11:04:59,191 INFO vex_extract.pipeline:   Cached flow windows: /Users/nic/Developer/spike-air-315-vision-processing/candidates/2026-03-14/tmp/cv/flight_centre_booking_james_bb5a87ef_38e642a0_flow/flow_windows.json
2026-03-14 11:04:59,191 INFO vex_extract.pipeline:   352 flow windows
2026-03-14 11:04:59,191 INFO vex_extract.pipeline: Step 4: Creating video segments...
2026-03-14 11:04:59,191 INFO vex_extract.pipeline:   3 segments
2026-03-14 11:04:59,191 INFO vex_extract.pipeline:   Segment 0: cached
2026-03-14 11:04:59,192 INFO vex_extract.pipeline:   Segment 1: cached
2026-03-14 11:04:59,192 INFO vex_extract.pipeline:   Segment 2: cached
2026-03-14 11:04:59,192 INFO vex_extract.pipeline: Step 5: Preparing prompts...
2026-03-14 11:04:59,193 INFO vex_extract.analysis: Segment 0: prompt prepared (9618 chars)
2026-03-14 11:04:59,193 INFO vex_extract.analysis: Segment 1: prompt prepared (10885 chars)
2026-03-14 11:04:59,194 INFO vex_extract.analysis: Segment 2: prompt prepared (10603 chars)
2026-03-14 11:04:59,194 INFO vex_extract.pipeline:   3 prompts prepared
2026-03-14 11:04:59,194 INFO vex_extract.pipeline: Stopped after: prompt
