2026-03-16 20:11:14,737 INFO vex_extract.pipeline: === Video Event Extractor ===
2026-03-16 20:11:14,737 INFO vex_extract.pipeline: Video: /Users/nic/Developer/spike-air-315-vision-processing/input_data/screen_tracks/travel_expert_lisa.webm
2026-03-16 20:11:14,738 INFO vex_extract.pipeline: Offset: 29690 ms
2026-03-16 20:11:14,738 INFO vex_extract.pipeline: Run ID: 2026-03-16_101114
2026-03-16 20:11:14,738 INFO vex_extract.pipeline: Stop after: prompt
2026-03-16 20:11:14,738 INFO vex_extract.pipeline: Step 1: Normalizing video...
2026-03-16 20:11:14,738 INFO vex_extract.pipeline:   Using cached normalized video: /Users/nic/Developer/spike-air-315-vision-processing/candidates/2026-03-14/tmp/travel_expert_lisa_normalized.mp4
2026-03-16 20:11:14,765 INFO vex_extract.pipeline:   Duration: 656.3s, 1790x1158, 29.4 fps
2026-03-16 20:11:14,765 INFO vex_extract.pipeline: Step 2: Tracking cursor...
2026-03-16 20:11:18,811 INFO vex_extract.cursor:   Cursor: pass 1 — matching 1022 frames at 2.0 FPS against 6 templates x 7 scales at 540p...
2026-03-16 20:11:20,380 INFO vex_extract.cursor:   Cursor: 102/1022 frames (102 detections)
2026-03-16 20:11:21,762 INFO vex_extract.cursor:   Cursor: 204/1022 frames (204 detections)
2026-03-16 20:11:23,237 INFO vex_extract.cursor:   Cursor: 306/1022 frames (306 detections)
2026-03-16 20:11:24,752 INFO vex_extract.cursor:   Cursor: 408/1022 frames (408 detections)
2026-03-16 20:11:26,134 INFO vex_extract.cursor:   Cursor: 510/1022 frames (510 detections)
2026-03-16 20:11:27,667 INFO vex_extract.cursor:   Cursor: 612/1022 frames (612 detections)
2026-03-16 20:11:29,102 INFO vex_extract.cursor:   Cursor: 714/1022 frames (714 detections)
2026-03-16 20:11:30,580 INFO vex_extract.cursor:   Cursor: 816/1022 frames (816 detections)
2026-03-16 20:11:31,988 INFO vex_extract.cursor:   Cursor: 918/1022 frames (918 detections)
2026-03-16 20:11:33,662 INFO vex_extract.cursor:   Cursor: 1020/1022 frames (1020 detections)
2026-03-16 20:11:33,687 INFO vex_extract.cursor:   Cursor: calibrated to scales (0.3, 0.4) from coarse pass
2026-03-16 20:11:33,688 INFO vex_extract.cursor:   Cursor: 79 active regions identified
2026-03-16 20:11:33,735 INFO vex_extract.cursor:   Cursor: pass 2 — 10 frames at 4.0 FPS [554ms-3152ms]
2026-03-16 20:11:33,811 INFO vex_extract.cursor:   Cursor: 1/10 frames (1 detections)
2026-03-16 20:11:33,824 INFO vex_extract.cursor:   Cursor: 2/10 frames (2 detections)
2026-03-16 20:11:33,837 INFO vex_extract.cursor:   Cursor: 3/10 frames (3 detections)
2026-03-16 20:11:33,850 INFO vex_extract.cursor:   Cursor: 4/10 frames (4 detections)
2026-03-16 20:11:33,862 INFO vex_extract.cursor:   Cursor: 5/10 frames (5 detections)
2026-03-16 20:11:33,875 INFO vex_extract.cursor:   Cursor: 6/10 frames (6 detections)
2026-03-16 20:11:33,888 INFO vex_extract.cursor:   Cursor: 7/10 frames (7 detections)
2026-03-16 20:11:33,900 INFO vex_extract.cursor:   Cursor: 8/10 frames (8 detections)
2026-03-16 20:11:33,913 INFO vex_extract.cursor:   Cursor: 9/10 frames (9 detections)
2026-03-16 20:11:34,056 INFO vex_extract.cursor:   Cursor: pass 2 — 8 frames at 4.0 FPS [38627ms-40681ms]
2026-03-16 20:11:34,131 INFO vex_extract.cursor:   Cursor: 1/8 frames (1 detections)
2026-03-16 20:11:34,144 INFO vex_extract.cursor:   Cursor: 2/8 frames (2 detections)
2026-03-16 20:11:34,157 INFO vex_extract.cursor:   Cursor: 3/8 frames (3 detections)
2026-03-16 20:11:34,169 INFO vex_extract.cursor:   Cursor: 4/8 frames (4 detections)
2026-03-16 20:11:34,182 INFO vex_extract.cursor:   Cursor: 5/8 frames (5 detections)
2026-03-16 20:11:34,194 INFO vex_extract.cursor:   Cursor: 6/8 frames (6 detections)
2026-03-16 20:11:34,207 INFO vex_extract.cursor:   Cursor: 7/8 frames (7 detections)
2026-03-16 20:11:34,353 INFO vex_extract.cursor:   Cursor: pass 2 — 7 frames at 4.0 FPS [42911ms-45950ms]
2026-03-16 20:11:34,430 INFO vex_extract.cursor:   Cursor: 1/7 frames (1 detections)
2026-03-16 20:11:34,443 INFO vex_extract.cursor:   Cursor: 2/7 frames (2 detections)
2026-03-16 20:11:34,456 INFO vex_extract.cursor:   Cursor: 3/7 frames (3 detections)
2026-03-16 20:11:34,468 INFO vex_extract.cursor:   Cursor: 4/7 frames (4 detections)
2026-03-16 20:11:34,481 INFO vex_extract.cursor:   Cursor: 5/7 frames (5 detections)
2026-03-16 20:11:34,493 INFO vex_extract.cursor:   Cursor: 6/7 frames (6 detections)
2026-03-16 20:11:34,669 INFO vex_extract.cursor:   Cursor: pass 2 — 14 frames at 4.0 FPS [47636ms-51288ms]
2026-03-16 20:11:34,746 INFO vex_extract.cursor:   Cursor: 1/14 frames (1 detections)
2026-03-16 20:11:34,758 INFO vex_extract.cursor:   Cursor: 2/14 frames (2 detections)
2026-03-16 20:11:34,771 INFO vex_extract.cursor:   Cursor: 3/14 frames (3 detections)
2026-03-16 20:11:34,784 INFO vex_extract.cursor:   Cursor: 4/14 frames (4 detections)
2026-03-16 20:11:34,796 INFO vex_extract.cursor:   Cursor: 5/14 frames (5 detections)
2026-03-16 20:11:34,808 INFO vex_extract.cursor:   Cursor: 6/14 frames (6 detections)
2026-03-16 20:11:34,821 INFO vex_extract.cursor:   Cursor: 7/14 frames (7 detections)
2026-03-16 20:11:34,834 INFO vex_extract.cursor:   Cursor: 8/14 frames (8 detections)
2026-03-16 20:11:34,846 INFO vex_extract.cursor:   Cursor: 9/14 frames (9 detections)
2026-03-16 20:11:34,859 INFO vex_extract.cursor:   Cursor: 10/14 frames (10 detections)
2026-03-16 20:11:34,871 INFO vex_extract.cursor:   Cursor: 11/14 frames (11 detections)
2026-03-16 20:11:34,884 INFO vex_extract.cursor:   Cursor: 12/14 frames (12 detections)
2026-03-16 20:11:34,897 INFO vex_extract.cursor:   Cursor: 13/14 frames (13 detections)
2026-03-16 20:11:35,058 INFO vex_extract.cursor:   Cursor: pass 2 — 5 frames at 4.0 FPS [60826ms-62948ms]
2026-03-16 20:11:35,133 INFO vex_extract.cursor:   Cursor: 1/5 frames (1 detections)
2026-03-16 20:11:35,146 INFO vex_extract.cursor:   Cursor: 2/5 frames (2 detections)
2026-03-16 20:11:35,159 INFO vex_extract.cursor:   Cursor: 3/5 frames (3 detections)
2026-03-16 20:11:35,172 INFO vex_extract.cursor:   Cursor: 4/5 frames (4 detections)
2026-03-16 20:11:35,349 INFO vex_extract.cursor:   Cursor: pass 2 — 9 frames at 4.0 FPS [62967ms-65599ms]
2026-03-16 20:11:35,426 INFO vex_extract.cursor:   Cursor: 1/9 frames (1 detections)
2026-03-16 20:11:35,439 INFO vex_extract.cursor:   Cursor: 2/9 frames (2 detections)
2026-03-16 20:11:35,452 INFO vex_extract.cursor:   Cursor: 3/9 frames (3 detections)
2026-03-16 20:11:35,464 INFO vex_extract.cursor:   Cursor: 4/9 frames (4 detections)
2026-03-16 20:11:35,477 INFO vex_extract.cursor:   Cursor: 5/9 frames (5 detections)
2026-03-16 20:11:35,489 INFO vex_extract.cursor:   Cursor: 6/9 frames (6 detections)
2026-03-16 20:11:35,502 INFO vex_extract.cursor:   Cursor: 7/9 frames (7 detections)
2026-03-16 20:11:35,515 INFO vex_extract.cursor:   Cursor: 8/9 frames (8 detections)
2026-03-16 20:11:35,683 INFO vex_extract.cursor:   Cursor: pass 2 — 3 frames at 4.0 FPS [69426ms-70936ms]
2026-03-16 20:11:35,760 INFO vex_extract.cursor:   Cursor: 1/3 frames (1 detections)
2026-03-16 20:11:35,773 INFO vex_extract.cursor:   Cursor: 2/3 frames (2 detections)
2026-03-16 20:11:35,958 INFO vex_extract.cursor:   Cursor: pass 2 — 6 frames at 4.0 FPS [71500ms-73044ms]
2026-03-16 20:11:36,034 INFO vex_extract.cursor:   Cursor: 1/6 frames (1 detections)
2026-03-16 20:11:36,047 INFO vex_extract.cursor:   Cursor: 2/6 frames (2 detections)
2026-03-16 20:11:36,059 INFO vex_extract.cursor:   Cursor: 3/6 frames (3 detections)
2026-03-16 20:11:36,072 INFO vex_extract.cursor:   Cursor: 4/6 frames (4 detections)
2026-03-16 20:11:36,084 INFO vex_extract.cursor:   Cursor: 5/6 frames (5 detections)
2026-03-16 20:11:36,283 INFO vex_extract.cursor:   Cursor: pass 2 — 6 frames at 4.0 FPS [73642ms-75152ms]
2026-03-16 20:11:36,359 INFO vex_extract.cursor:   Cursor: 1/6 frames (1 detections)
2026-03-16 20:11:36,371 INFO vex_extract.cursor:   Cursor: 2/6 frames (2 detections)
2026-03-16 20:11:36,384 INFO vex_extract.cursor:   Cursor: 3/6 frames (3 detections)
2026-03-16 20:11:36,397 INFO vex_extract.cursor:   Cursor: 4/6 frames (4 detections)
2026-03-16 20:11:36,409 INFO vex_extract.cursor:   Cursor: 5/6 frames (5 detections)
2026-03-16 20:11:36,627 INFO vex_extract.cursor:   Cursor: pass 2 — 8 frames at 4.0 FPS [77755ms-79843ms]
2026-03-16 20:11:36,703 INFO vex_extract.cursor:   Cursor: 1/8 frames (1 detections)
2026-03-16 20:11:36,716 INFO vex_extract.cursor:   Cursor: 2/8 frames (2 detections)
2026-03-16 20:11:36,728 INFO vex_extract.cursor:   Cursor: 3/8 frames (3 detections)
2026-03-16 20:11:36,741 INFO vex_extract.cursor:   Cursor: 4/8 frames (4 detections)
2026-03-16 20:11:36,753 INFO vex_extract.cursor:   Cursor: 5/8 frames (5 detections)
2026-03-16 20:11:36,766 INFO vex_extract.cursor:   Cursor: 6/8 frames (6 detections)
2026-03-16 20:11:36,779 INFO vex_extract.cursor:   Cursor: 7/8 frames (7 detections)
2026-03-16 20:11:37,027 INFO vex_extract.cursor:   Cursor: pass 2 — 12 frames at 4.0 FPS [80950ms-84092ms]
2026-03-16 20:11:37,102 INFO vex_extract.cursor:   Cursor: 1/12 frames (1 detections)
2026-03-16 20:11:37,115 INFO vex_extract.cursor:   Cursor: 2/12 frames (2 detections)
2026-03-16 20:11:37,128 INFO vex_extract.cursor:   Cursor: 3/12 frames (3 detections)
2026-03-16 20:11:37,140 INFO vex_extract.cursor:   Cursor: 4/12 frames (4 detections)
2026-03-16 20:11:37,153 INFO vex_extract.cursor:   Cursor: 5/12 frames (5 detections)
2026-03-16 20:11:37,166 INFO vex_extract.cursor:   Cursor: 6/12 frames (6 detections)
2026-03-16 20:11:37,178 INFO vex_extract.cursor:   Cursor: 7/12 frames (7 detections)
2026-03-16 20:11:37,191 INFO vex_extract.cursor:   Cursor: 8/12 frames (8 detections)
2026-03-16 20:11:37,204 INFO vex_extract.cursor:   Cursor: 9/12 frames (9 detections)
2026-03-16 20:11:37,216 INFO vex_extract.cursor:   Cursor: 10/12 frames (10 detections)
2026-03-16 20:11:37,229 INFO vex_extract.cursor:   Cursor: 11/12 frames (11 detections)
2026-03-16 20:11:37,479 INFO vex_extract.cursor:   Cursor: pass 2 — 10 frames at 4.0 FPS [84180ms-86778ms]
2026-03-16 20:11:37,555 INFO vex_extract.cursor:   Cursor: 1/10 frames (1 detections)
2026-03-16 20:11:37,568 INFO vex_extract.cursor:   Cursor: 2/10 frames (2 detections)
2026-03-16 20:11:37,581 INFO vex_extract.cursor:   Cursor: 3/10 frames (3 detections)
2026-03-16 20:11:37,593 INFO vex_extract.cursor:   Cursor: 4/10 frames (4 detections)
2026-03-16 20:11:37,606 INFO vex_extract.cursor:   Cursor: 5/10 frames (5 detections)
2026-03-16 20:11:37,618 INFO vex_extract.cursor:   Cursor: 6/10 frames (6 detections)
2026-03-16 20:11:37,631 INFO vex_extract.cursor:   Cursor: 7/10 frames (7 detections)
2026-03-16 20:11:37,643 INFO vex_extract.cursor:   Cursor: 8/10 frames (8 detections)
2026-03-16 20:11:37,656 INFO vex_extract.cursor:   Cursor: 9/10 frames (9 detections)
2026-03-16 20:11:37,910 INFO vex_extract.cursor:   Cursor: pass 2 — 8 frames at 4.0 FPS [86831ms-88953ms]
2026-03-16 20:11:37,985 INFO vex_extract.cursor:   Cursor: 1/8 frames (1 detections)
2026-03-16 20:11:37,998 INFO vex_extract.cursor:   Cursor: 2/8 frames (2 detections)
2026-03-16 20:11:38,011 INFO vex_extract.cursor:   Cursor: 3/8 frames (3 detections)
2026-03-16 20:11:38,024 INFO vex_extract.cursor:   Cursor: 4/8 frames (4 detections)
2026-03-16 20:11:38,037 INFO vex_extract.cursor:   Cursor: 5/8 frames (5 detections)
2026-03-16 20:11:38,050 INFO vex_extract.cursor:   Cursor: 6/8 frames (6 detections)
2026-03-16 20:11:38,062 INFO vex_extract.cursor:   Cursor: 7/8 frames (7 detections)
2026-03-16 20:11:38,360 INFO vex_extract.cursor:   Cursor: pass 2 — 8 frames at 4.0 FPS [94820ms-96942ms]
2026-03-16 20:11:38,436 INFO vex_extract.cursor:   Cursor: 1/8 frames (1 detections)
2026-03-16 20:11:38,449 INFO vex_extract.cursor:   Cursor: 2/8 frames (2 detections)
2026-03-16 20:11:38,461 INFO vex_extract.cursor:   Cursor: 3/8 frames (3 detections)
2026-03-16 20:11:38,474 INFO vex_extract.cursor:   Cursor: 4/8 frames (4 detections)
2026-03-16 20:11:38,487 INFO vex_extract.cursor:   Cursor: 5/8 frames (5 detections)
2026-03-16 20:11:38,499 INFO vex_extract.cursor:   Cursor: 6/8 frames (6 detections)
2026-03-16 20:11:38,512 INFO vex_extract.cursor:   Cursor: 7/8 frames (7 detections)
2026-03-16 20:11:38,834 INFO vex_extract.cursor:   Cursor: pass 2 — 12 frames at 4.0 FPS [97030ms-100205ms]
2026-03-16 20:11:38,911 INFO vex_extract.cursor:   Cursor: 1/12 frames (1 detections)
2026-03-16 20:11:38,924 INFO vex_extract.cursor:   Cursor: 2/12 frames (2 detections)
2026-03-16 20:11:38,937 INFO vex_extract.cursor:   Cursor: 3/12 frames (3 detections)
2026-03-16 20:11:38,950 INFO vex_extract.cursor:   Cursor: 4/12 frames (4 detections)
2026-03-16 20:11:38,963 INFO vex_extract.cursor:   Cursor: 5/12 frames (5 detections)
2026-03-16 20:11:38,976 INFO vex_extract.cursor:   Cursor: 6/12 frames (6 detections)
2026-03-16 20:11:38,988 INFO vex_extract.cursor:   Cursor: 7/12 frames (7 detections)
2026-03-16 20:11:39,001 INFO vex_extract.cursor:   Cursor: 8/12 frames (8 detections)
2026-03-16 20:11:39,014 INFO vex_extract.cursor:   Cursor: 9/12 frames (9 detections)
2026-03-16 20:11:39,026 INFO vex_extract.cursor:   Cursor: 10/12 frames (10 detections)
2026-03-16 20:11:39,039 INFO vex_extract.cursor:   Cursor: 11/12 frames (11 detections)
2026-03-16 20:11:39,423 INFO vex_extract.cursor:   Cursor: pass 2 — 19 frames at 4.0 FPS [102401ms-107582ms]
2026-03-16 20:11:39,500 INFO vex_extract.cursor:   Cursor: 1/19 frames (1 detections)
2026-03-16 20:11:39,512 INFO vex_extract.cursor:   Cursor: 2/19 frames (2 detections)
2026-03-16 20:11:39,525 INFO vex_extract.cursor:   Cursor: 3/19 frames (3 detections)
2026-03-16 20:11:39,538 INFO vex_extract.cursor:   Cursor: 4/19 frames (4 detections)
2026-03-16 20:11:39,550 INFO vex_extract.cursor:   Cursor: 5/19 frames (5 detections)
2026-03-16 20:11:39,563 INFO vex_extract.cursor:   Cursor: 6/19 frames (6 detections)
2026-03-16 20:11:39,576 INFO vex_extract.cursor:   Cursor: 7/19 frames (7 detections)
2026-03-16 20:11:39,588 INFO vex_extract.cursor:   Cursor: 8/19 frames (8 detections)
2026-03-16 20:11:39,601 INFO vex_extract.cursor:   Cursor: 9/19 frames (9 detections)
2026-03-16 20:11:39,613 INFO vex_extract.cursor:   Cursor: 10/19 frames (10 detections)
2026-03-16 20:11:39,626 INFO vex_extract.cursor:   Cursor: 11/19 frames (11 detections)
2026-03-16 20:11:39,638 INFO vex_extract.cursor:   Cursor: 12/19 frames (12 detections)
2026-03-16 20:11:39,651 INFO vex_extract.cursor:   Cursor: 13/19 frames (13 detections)
2026-03-16 20:11:39,663 INFO vex_extract.cursor:   Cursor: 14/19 frames (14 detections)
2026-03-16 20:11:39,676 INFO vex_extract.cursor:   Cursor: 15/19 frames (15 detections)
2026-03-16 20:11:39,689 INFO vex_extract.cursor:   Cursor: 16/19 frames (16 detections)
2026-03-16 20:11:39,702 INFO vex_extract.cursor:   Cursor: 17/19 frames (17 detections)
2026-03-16 20:11:39,714 INFO vex_extract.cursor:   Cursor: 18/19 frames (18 detections)
2026-03-16 20:11:40,118 INFO vex_extract.cursor:   Cursor: pass 2 — 18 frames at 4.0 FPS [107602ms-112409ms]
2026-03-16 20:11:40,194 INFO vex_extract.cursor:   Cursor: 1/18 frames (1 detections)
2026-03-16 20:11:40,201 INFO vex_extract.cursor:   Cursor: 2/18 frames (2 detections)
2026-03-16 20:11:40,213 INFO vex_extract.cursor:   Cursor: 3/18 frames (3 detections)
2026-03-16 20:11:40,219 INFO vex_extract.cursor:   Cursor: 4/18 frames (4 detections)
2026-03-16 20:11:40,232 INFO vex_extract.cursor:   Cursor: 5/18 frames (5 detections)
2026-03-16 20:11:40,244 INFO vex_extract.cursor:   Cursor: 6/18 frames (6 detections)
2026-03-16 20:11:40,257 INFO vex_extract.cursor:   Cursor: 7/18 frames (7 detections)
2026-03-16 20:11:40,269 INFO vex_extract.cursor:   Cursor: 8/18 frames (8 detections)
2026-03-16 20:11:40,282 INFO vex_extract.cursor:   Cursor: 9/18 frames (9 detections)
2026-03-16 20:11:40,295 INFO vex_extract.cursor:   Cursor: 10/18 frames (10 detections)
2026-03-16 20:11:40,307 INFO vex_extract.cursor:   Cursor: 11/18 frames (11 detections)
2026-03-16 20:11:40,320 INFO vex_extract.cursor:   Cursor: 12/18 frames (12 detections)
2026-03-16 20:11:40,332 INFO vex_extract.cursor:   Cursor: 13/18 frames (13 detections)
2026-03-16 20:11:40,345 INFO vex_extract.cursor:   Cursor: 14/18 frames (14 detections)
2026-03-16 20:11:40,358 INFO vex_extract.cursor:   Cursor: 15/18 frames (15 detections)
2026-03-16 20:11:40,370 INFO vex_extract.cursor:   Cursor: 16/18 frames (16 detections)
2026-03-16 20:11:40,383 INFO vex_extract.cursor:   Cursor: 17/18 frames (17 detections)
2026-03-16 20:11:40,796 INFO vex_extract.cursor:   Cursor: pass 2 — 6 frames at 4.0 FPS [116203ms-117780ms]
2026-03-16 20:11:40,872 INFO vex_extract.cursor:   Cursor: 1/6 frames (1 detections)
2026-03-16 20:11:40,885 INFO vex_extract.cursor:   Cursor: 2/6 frames (2 detections)
2026-03-16 20:11:40,898 INFO vex_extract.cursor:   Cursor: 3/6 frames (3 detections)
2026-03-16 20:11:40,911 INFO vex_extract.cursor:   Cursor: 4/6 frames (4 detections)
2026-03-16 20:11:40,923 INFO vex_extract.cursor:   Cursor: 5/6 frames (5 detections)
2026-03-16 20:11:41,404 INFO vex_extract.cursor:   Cursor: pass 2 — 8 frames at 4.0 FPS [125415ms-127469ms]
2026-03-16 20:11:41,480 INFO vex_extract.cursor:   Cursor: 1/8 frames (1 detections)
2026-03-16 20:11:41,492 INFO vex_extract.cursor:   Cursor: 2/8 frames (2 detections)
2026-03-16 20:11:41,505 INFO vex_extract.cursor:   Cursor: 3/8 frames (3 detections)
2026-03-16 20:11:41,517 INFO vex_extract.cursor:   Cursor: 4/8 frames (4 detections)
2026-03-16 20:11:41,530 INFO vex_extract.cursor:   Cursor: 5/8 frames (5 detections)
2026-03-16 20:11:41,543 INFO vex_extract.cursor:   Cursor: 6/8 frames (6 detections)
2026-03-16 20:11:41,556 INFO vex_extract.cursor:   Cursor: 7/8 frames (7 detections)
2026-03-16 20:11:42,118 INFO vex_extract.cursor:   Cursor: pass 2 — 8 frames at 4.0 FPS [142276ms-144330ms]
2026-03-16 20:11:42,193 INFO vex_extract.cursor:   Cursor: 1/8 frames (1 detections)
2026-03-16 20:11:42,206 INFO vex_extract.cursor:   Cursor: 2/8 frames (2 detections)
2026-03-16 20:11:42,219 INFO vex_extract.cursor:   Cursor: 3/8 frames (3 detections)
2026-03-16 20:11:42,231 INFO vex_extract.cursor:   Cursor: 4/8 frames (4 detections)
2026-03-16 20:11:42,243 INFO vex_extract.cursor:   Cursor: 5/8 frames (5 detections)
2026-03-16 20:11:42,256 INFO vex_extract.cursor:   Cursor: 6/8 frames (6 detections)
2026-03-16 20:11:42,269 INFO vex_extract.cursor:   Cursor: 7/8 frames (7 detections)
2026-03-16 20:11:42,841 INFO vex_extract.cursor:   Cursor: pass 2 — 10 frames at 4.0 FPS [144418ms-147016ms]
2026-03-16 20:11:42,917 INFO vex_extract.cursor:   Cursor: 1/10 frames (1 detections)
2026-03-16 20:11:42,930 INFO vex_extract.cursor:   Cursor: 2/10 frames (2 detections)
2026-03-16 20:11:42,943 INFO vex_extract.cursor:   Cursor: 3/10 frames (3 detections)
2026-03-16 20:11:42,956 INFO vex_extract.cursor:   Cursor: 4/10 frames (4 detections)
2026-03-16 20:11:42,968 INFO vex_extract.cursor:   Cursor: 5/10 frames (5 detections)
2026-03-16 20:11:42,981 INFO vex_extract.cursor:   Cursor: 6/10 frames (6 detections)
2026-03-16 20:11:42,994 INFO vex_extract.cursor:   Cursor: 7/10 frames (7 detections)
2026-03-16 20:11:43,007 INFO vex_extract.cursor:   Cursor: 8/10 frames (8 detections)
2026-03-16 20:11:43,020 INFO vex_extract.cursor:   Cursor: 9/10 frames (9 detections)
2026-03-16 20:11:43,614 INFO vex_extract.cursor:   Cursor: pass 2 — 13 frames at 4.0 FPS [147545ms-151197ms]
2026-03-16 20:11:43,689 INFO vex_extract.cursor:   Cursor: 1/13 frames (1 detections)
2026-03-16 20:11:43,702 INFO vex_extract.cursor:   Cursor: 2/13 frames (2 detections)
2026-03-16 20:11:43,715 INFO vex_extract.cursor:   Cursor: 3/13 frames (3 detections)
2026-03-16 20:11:43,727 INFO vex_extract.cursor:   Cursor: 4/13 frames (4 detections)
2026-03-16 20:11:43,740 INFO vex_extract.cursor:   Cursor: 5/13 frames (5 detections)
2026-03-16 20:11:43,752 INFO vex_extract.cursor:   Cursor: 6/13 frames (6 detections)
2026-03-16 20:11:43,765 INFO vex_extract.cursor:   Cursor: 7/13 frames (7 detections)
2026-03-16 20:11:43,777 INFO vex_extract.cursor:   Cursor: 8/13 frames (8 detections)
2026-03-16 20:11:43,789 INFO vex_extract.cursor:   Cursor: 9/13 frames (9 detections)
2026-03-16 20:11:43,801 INFO vex_extract.cursor:   Cursor: 10/13 frames (10 detections)
2026-03-16 20:11:43,814 INFO vex_extract.cursor:   Cursor: 11/13 frames (11 detections)
2026-03-16 20:11:43,827 INFO vex_extract.cursor:   Cursor: 12/13 frames (12 detections)
2026-03-16 20:11:44,449 INFO vex_extract.cursor:   Cursor: pass 2 — 8 frames at 4.0 FPS [157676ms-159729ms]
2026-03-16 20:11:44,525 INFO vex_extract.cursor:   Cursor: 1/8 frames (1 detections)
2026-03-16 20:11:44,538 INFO vex_extract.cursor:   Cursor: 2/8 frames (2 detections)
2026-03-16 20:11:44,551 INFO vex_extract.cursor:   Cursor: 3/8 frames (3 detections)
2026-03-16 20:11:44,563 INFO vex_extract.cursor:   Cursor: 4/8 frames (4 detections)
2026-03-16 20:11:44,576 INFO vex_extract.cursor:   Cursor: 5/8 frames (5 detections)
2026-03-16 20:11:44,588 INFO vex_extract.cursor:   Cursor: 6/8 frames (6 detections)
2026-03-16 20:11:44,601 INFO vex_extract.cursor:   Cursor: 7/8 frames (7 detections)
2026-03-16 20:11:45,283 INFO vex_extract.cursor:   Cursor: pass 2 — 17 frames at 4.0 FPS [162435ms-167140ms]
2026-03-16 20:11:45,360 INFO vex_extract.cursor:   Cursor: 1/17 frames (1 detections)
2026-03-16 20:11:45,373 INFO vex_extract.cursor:   Cursor: 2/17 frames (2 detections)
2026-03-16 20:11:45,386 INFO vex_extract.cursor:   Cursor: 3/17 frames (3 detections)
2026-03-16 20:11:45,398 INFO vex_extract.cursor:   Cursor: 4/17 frames (4 detections)
2026-03-16 20:11:45,411 INFO vex_extract.cursor:   Cursor: 5/17 frames (5 detections)
2026-03-16 20:11:45,424 INFO vex_extract.cursor:   Cursor: 6/17 frames (6 detections)
2026-03-16 20:11:45,436 INFO vex_extract.cursor:   Cursor: 7/17 frames (7 detections)
2026-03-16 20:11:45,449 INFO vex_extract.cursor:   Cursor: 8/17 frames (8 detections)
2026-03-16 20:11:45,462 INFO vex_extract.cursor:   Cursor: 9/17 frames (9 detections)
2026-03-16 20:11:45,474 INFO vex_extract.cursor:   Cursor: 10/17 frames (10 detections)
2026-03-16 20:11:45,487 INFO vex_extract.cursor:   Cursor: 11/17 frames (11 detections)
2026-03-16 20:11:45,500 INFO vex_extract.cursor:   Cursor: 12/17 frames (12 detections)
2026-03-16 20:11:45,512 INFO vex_extract.cursor:   Cursor: 13/17 frames (13 detections)
2026-03-16 20:11:45,525 INFO vex_extract.cursor:   Cursor: 14/17 frames (14 detections)
2026-03-16 20:11:45,537 INFO vex_extract.cursor:   Cursor: 15/17 frames (15 detections)
2026-03-16 20:11:45,550 INFO vex_extract.cursor:   Cursor: 16/17 frames (16 detections)
2026-03-16 20:11:46,254 INFO vex_extract.cursor:   Cursor: pass 2 — 6 frames at 4.0 FPS [174605ms-176149ms]
2026-03-16 20:11:46,330 INFO vex_extract.cursor:   Cursor: 1/6 frames (1 detections)
2026-03-16 20:11:46,342 INFO vex_extract.cursor:   Cursor: 2/6 frames (2 detections)
2026-03-16 20:11:46,355 INFO vex_extract.cursor:   Cursor: 3/6 frames (3 detections)
2026-03-16 20:11:46,368 INFO vex_extract.cursor:   Cursor: 4/6 frames (4 detections)
2026-03-16 20:11:46,381 INFO vex_extract.cursor:   Cursor: 5/6 frames (5 detections)
2026-03-16 20:11:47,117 INFO vex_extract.cursor:   Cursor: pass 2 — 10 frames at 4.0 FPS [177290ms-179888ms]
2026-03-16 20:11:47,193 INFO vex_extract.cursor:   Cursor: 1/10 frames (1 detections)
2026-03-16 20:11:47,206 INFO vex_extract.cursor:   Cursor: 2/10 frames (2 detections)
2026-03-16 20:11:47,219 INFO vex_extract.cursor:   Cursor: 3/10 frames (3 detections)
2026-03-16 20:11:47,231 INFO vex_extract.cursor:   Cursor: 4/10 frames (4 detections)
2026-03-16 20:11:47,244 INFO vex_extract.cursor:   Cursor: 5/10 frames (5 detections)
2026-03-16 20:11:47,256 INFO vex_extract.cursor:   Cursor: 6/10 frames (6 detections)
2026-03-16 20:11:47,269 INFO vex_extract.cursor:   Cursor: 7/10 frames (7 detections)
2026-03-16 20:11:47,282 INFO vex_extract.cursor:   Cursor: 8/10 frames (8 detections)
2026-03-16 20:11:47,295 INFO vex_extract.cursor:   Cursor: 9/10 frames (9 detections)
2026-03-16 20:11:48,115 INFO vex_extract.cursor:   Cursor: pass 2 — 27 frames at 4.0 FPS [181540ms-189033ms]
2026-03-16 20:11:48,203 INFO vex_extract.cursor:   Cursor: 2/27 frames (2 detections)
2026-03-16 20:11:48,228 INFO vex_extract.cursor:   Cursor: 4/27 frames (4 detections)
2026-03-16 20:11:48,253 INFO vex_extract.cursor:   Cursor: 6/27 frames (6 detections)
2026-03-16 20:11:48,279 INFO vex_extract.cursor:   Cursor: 8/27 frames (8 detections)
2026-03-16 20:11:48,304 INFO vex_extract.cursor:   Cursor: 10/27 frames (10 detections)
2026-03-16 20:11:48,329 INFO vex_extract.cursor:   Cursor: 12/27 frames (12 detections)
2026-03-16 20:11:48,355 INFO vex_extract.cursor:   Cursor: 14/27 frames (14 detections)
2026-03-16 20:11:48,380 INFO vex_extract.cursor:   Cursor: 16/27 frames (16 detections)
2026-03-16 20:11:48,406 INFO vex_extract.cursor:   Cursor: 18/27 frames (18 detections)
2026-03-16 20:11:48,431 INFO vex_extract.cursor:   Cursor: 20/27 frames (20 detections)
2026-03-16 20:11:48,457 INFO vex_extract.cursor:   Cursor: 22/27 frames (22 detections)
2026-03-16 20:11:48,483 INFO vex_extract.cursor:   Cursor: 24/27 frames (24 detections)
2026-03-16 20:11:48,508 INFO vex_extract.cursor:   Cursor: 26/27 frames (26 detections)
2026-03-16 20:11:49,308 INFO vex_extract.cursor:   Cursor: pass 2 — 6 frames at 4.0 FPS [191228ms-192738ms]
2026-03-16 20:11:49,385 INFO vex_extract.cursor:   Cursor: 1/6 frames (1 detections)
2026-03-16 20:11:49,398 INFO vex_extract.cursor:   Cursor: 2/6 frames (2 detections)
2026-03-16 20:11:49,411 INFO vex_extract.cursor:   Cursor: 3/6 frames (3 detections)
2026-03-16 20:11:49,423 INFO vex_extract.cursor:   Cursor: 4/6 frames (4 detections)
2026-03-16 20:11:49,436 INFO vex_extract.cursor:   Cursor: 5/6 frames (5 detections)
2026-03-16 20:11:50,285 INFO vex_extract.cursor:   Cursor: pass 2 — 13 frames at 4.0 FPS [195477ms-199129ms]
2026-03-16 20:11:50,362 INFO vex_extract.cursor:   Cursor: 1/13 frames (1 detections)
2026-03-16 20:11:50,374 INFO vex_extract.cursor:   Cursor: 2/13 frames (2 detections)
2026-03-16 20:11:50,387 INFO vex_extract.cursor:   Cursor: 3/13 frames (3 detections)
2026-03-16 20:11:50,400 INFO vex_extract.cursor:   Cursor: 4/13 frames (4 detections)
2026-03-16 20:11:50,413 INFO vex_extract.cursor:   Cursor: 5/13 frames (5 detections)
2026-03-16 20:11:50,425 INFO vex_extract.cursor:   Cursor: 6/13 frames (6 detections)
2026-03-16 20:11:50,438 INFO vex_extract.cursor:   Cursor: 7/13 frames (7 detections)
2026-03-16 20:11:50,450 INFO vex_extract.cursor:   Cursor: 8/13 frames (8 detections)
2026-03-16 20:11:50,463 INFO vex_extract.cursor:   Cursor: 9/13 frames (9 detections)
2026-03-16 20:11:50,476 INFO vex_extract.cursor:   Cursor: 10/13 frames (10 detections)
2026-03-16 20:11:50,488 INFO vex_extract.cursor:   Cursor: 11/13 frames (11 detections)
2026-03-16 20:11:50,501 INFO vex_extract.cursor:   Cursor: 12/13 frames (12 detections)
2026-03-16 20:11:51,448 INFO vex_extract.cursor:   Cursor: pass 2 — 38 frames at 4.0 FPS [199693ms-213033ms]
2026-03-16 20:11:51,550 INFO vex_extract.cursor:   Cursor: 3/38 frames (3 detections)
2026-03-16 20:11:51,588 INFO vex_extract.cursor:   Cursor: 6/38 frames (6 detections)
2026-03-16 20:11:51,625 INFO vex_extract.cursor:   Cursor: 9/38 frames (9 detections)
2026-03-16 20:11:51,663 INFO vex_extract.cursor:   Cursor: 12/38 frames (12 detections)
2026-03-16 20:11:51,701 INFO vex_extract.cursor:   Cursor: 15/38 frames (15 detections)
2026-03-16 20:11:51,738 INFO vex_extract.cursor:   Cursor: 18/38 frames (18 detections)
2026-03-16 20:11:51,775 INFO vex_extract.cursor:   Cursor: 21/38 frames (21 detections)
2026-03-16 20:11:51,814 INFO vex_extract.cursor:   Cursor: 24/38 frames (24 detections)
2026-03-16 20:11:51,852 INFO vex_extract.cursor:   Cursor: 27/38 frames (27 detections)
2026-03-16 20:11:51,891 INFO vex_extract.cursor:   Cursor: 30/38 frames (30 detections)
2026-03-16 20:11:51,929 INFO vex_extract.cursor:   Cursor: 33/38 frames (33 detections)
2026-03-16 20:11:51,967 INFO vex_extract.cursor:   Cursor: 36/38 frames (36 detections)
2026-03-16 20:11:52,863 INFO vex_extract.cursor:   Cursor: pass 2 — 5 frames at 4.0 FPS [214718ms-216228ms]
2026-03-16 20:11:52,940 INFO vex_extract.cursor:   Cursor: 1/5 frames (1 detections)
2026-03-16 20:11:52,952 INFO vex_extract.cursor:   Cursor: 2/5 frames (2 detections)
2026-03-16 20:11:52,965 INFO vex_extract.cursor:   Cursor: 3/5 frames (3 detections)
2026-03-16 20:11:52,977 INFO vex_extract.cursor:   Cursor: 4/5 frames (4 detections)
2026-03-16 20:11:53,870 INFO vex_extract.cursor:   Cursor: pass 2 — 5 frames at 4.0 FPS [216248ms-217792ms]
2026-03-16 20:11:53,947 INFO vex_extract.cursor:   Cursor: 1/5 frames (1 detections)
2026-03-16 20:11:53,959 INFO vex_extract.cursor:   Cursor: 2/5 frames (2 detections)
2026-03-16 20:11:53,972 INFO vex_extract.cursor:   Cursor: 3/5 frames (3 detections)
2026-03-16 20:11:53,985 INFO vex_extract.cursor:   Cursor: 4/5 frames (4 detections)
2026-03-16 20:11:54,924 INFO vex_extract.cursor:   Cursor: pass 2 — 18 frames at 4.0 FPS [218865ms-226766ms]
2026-03-16 20:11:55,001 INFO vex_extract.cursor:   Cursor: 1/18 frames (1 detections)
2026-03-16 20:11:55,014 INFO vex_extract.cursor:   Cursor: 2/18 frames (2 detections)
2026-03-16 20:11:55,026 INFO vex_extract.cursor:   Cursor: 3/18 frames (3 detections)
2026-03-16 20:11:55,039 INFO vex_extract.cursor:   Cursor: 4/18 frames (4 detections)
2026-03-16 20:11:55,051 INFO vex_extract.cursor:   Cursor: 5/18 frames (5 detections)
2026-03-16 20:11:55,064 INFO vex_extract.cursor:   Cursor: 6/18 frames (6 detections)
2026-03-16 20:11:55,077 INFO vex_extract.cursor:   Cursor: 7/18 frames (7 detections)
2026-03-16 20:11:55,090 INFO vex_extract.cursor:   Cursor: 8/18 frames (8 detections)
2026-03-16 20:11:55,103 INFO vex_extract.cursor:   Cursor: 9/18 frames (9 detections)
2026-03-16 20:11:55,115 INFO vex_extract.cursor:   Cursor: 10/18 frames (10 detections)
2026-03-16 20:11:55,128 INFO vex_extract.cursor:   Cursor: 11/18 frames (11 detections)
2026-03-16 20:11:55,141 INFO vex_extract.cursor:   Cursor: 12/18 frames (12 detections)
2026-03-16 20:11:55,153 INFO vex_extract.cursor:   Cursor: 13/18 frames (13 detections)
2026-03-16 20:11:55,166 INFO vex_extract.cursor:   Cursor: 14/18 frames (14 detections)
2026-03-16 20:11:55,179 INFO vex_extract.cursor:   Cursor: 15/18 frames (15 detections)
2026-03-16 20:11:55,191 INFO vex_extract.cursor:   Cursor: 16/18 frames (16 detections)
2026-03-16 20:11:55,204 INFO vex_extract.cursor:   Cursor: 17/18 frames (17 detections)
2026-03-16 20:11:56,146 INFO vex_extract.cursor:   Cursor: pass 2 — 8 frames at 4.0 FPS [248780ms-253180ms]
2026-03-16 20:11:56,222 INFO vex_extract.cursor:   Cursor: 1/8 frames (1 detections)
2026-03-16 20:11:56,235 INFO vex_extract.cursor:   Cursor: 2/8 frames (2 detections)
2026-03-16 20:11:56,248 INFO vex_extract.cursor:   Cursor: 3/8 frames (3 detections)
2026-03-16 20:11:56,261 INFO vex_extract.cursor:   Cursor: 4/8 frames (4 detections)
2026-03-16 20:11:56,274 INFO vex_extract.cursor:   Cursor: 5/8 frames (5 detections)
2026-03-16 20:11:56,287 INFO vex_extract.cursor:   Cursor: 6/8 frames (6 detections)
2026-03-16 20:11:56,299 INFO vex_extract.cursor:   Cursor: 7/8 frames (7 detections)
2026-03-16 20:11:57,271 INFO vex_extract.cursor:   Cursor: pass 2 — 15 frames at 4.0 FPS [254186ms-260183ms]
2026-03-16 20:11:57,347 INFO vex_extract.cursor:   Cursor: 1/15 frames (1 detections)
2026-03-16 20:11:57,360 INFO vex_extract.cursor:   Cursor: 2/15 frames (2 detections)
2026-03-16 20:11:57,373 INFO vex_extract.cursor:   Cursor: 3/15 frames (3 detections)
2026-03-16 20:11:57,386 INFO vex_extract.cursor:   Cursor: 4/15 frames (4 detections)
2026-03-16 20:11:57,399 INFO vex_extract.cursor:   Cursor: 5/15 frames (5 detections)
2026-03-16 20:11:57,412 INFO vex_extract.cursor:   Cursor: 6/15 frames (6 detections)
2026-03-16 20:11:57,424 INFO vex_extract.cursor:   Cursor: 7/15 frames (7 detections)
2026-03-16 20:11:57,437 INFO vex_extract.cursor:   Cursor: 8/15 frames (8 detections)
2026-03-16 20:11:57,450 INFO vex_extract.cursor:   Cursor: 9/15 frames (9 detections)
2026-03-16 20:11:57,463 INFO vex_extract.cursor:   Cursor: 10/15 frames (10 detections)
2026-03-16 20:11:57,476 INFO vex_extract.cursor:   Cursor: 11/15 frames (11 detections)
2026-03-16 20:11:57,488 INFO vex_extract.cursor:   Cursor: 12/15 frames (12 detections)
2026-03-16 20:11:57,501 INFO vex_extract.cursor:   Cursor: 13/15 frames (13 detections)
2026-03-16 20:11:57,513 INFO vex_extract.cursor:   Cursor: 14/15 frames (14 detections)
2026-03-16 20:11:58,496 INFO vex_extract.cursor:   Cursor: pass 2 — 10 frames at 4.0 FPS [280531ms-283129ms]
2026-03-16 20:11:58,571 INFO vex_extract.cursor:   Cursor: 1/10 frames (1 detections)
2026-03-16 20:11:58,584 INFO vex_extract.cursor:   Cursor: 2/10 frames (2 detections)
2026-03-16 20:11:58,597 INFO vex_extract.cursor:   Cursor: 3/10 frames (3 detections)
2026-03-16 20:11:58,609 INFO vex_extract.cursor:   Cursor: 4/10 frames (4 detections)
2026-03-16 20:11:58,622 INFO vex_extract.cursor:   Cursor: 5/10 frames (5 detections)
2026-03-16 20:11:58,634 INFO vex_extract.cursor:   Cursor: 6/10 frames (6 detections)
2026-03-16 20:11:58,647 INFO vex_extract.cursor:   Cursor: 7/10 frames (7 detections)
2026-03-16 20:11:58,659 INFO vex_extract.cursor:   Cursor: 8/10 frames (8 detections)
2026-03-16 20:11:58,672 INFO vex_extract.cursor:   Cursor: 9/10 frames (9 detections)
2026-03-16 20:11:59,653 INFO vex_extract.cursor:   Cursor: pass 2 — 8 frames at 4.0 FPS [285324ms-287378ms]
2026-03-16 20:11:59,730 INFO vex_extract.cursor:   Cursor: 1/8 frames (1 detections)
2026-03-16 20:11:59,743 INFO vex_extract.cursor:   Cursor: 2/8 frames (2 detections)
2026-03-16 20:11:59,756 INFO vex_extract.cursor:   Cursor: 3/8 frames (3 detections)
2026-03-16 20:11:59,768 INFO vex_extract.cursor:   Cursor: 4/8 frames (4 detections)
2026-03-16 20:11:59,781 INFO vex_extract.cursor:   Cursor: 5/8 frames (5 detections)
2026-03-16 20:11:59,793 INFO vex_extract.cursor:   Cursor: 6/8 frames (6 detections)
2026-03-16 20:11:59,806 INFO vex_extract.cursor:   Cursor: 7/8 frames (7 detections)
2026-03-16 20:12:00,804 INFO vex_extract.cursor:   Cursor: pass 2 — 6 frames at 4.0 FPS [292259ms-293803ms]
2026-03-16 20:12:00,881 INFO vex_extract.cursor:   Cursor: 1/6 frames (1 detections)
2026-03-16 20:12:00,894 INFO vex_extract.cursor:   Cursor: 2/6 frames (2 detections)
2026-03-16 20:12:00,906 INFO vex_extract.cursor:   Cursor: 3/6 frames (3 detections)
2026-03-16 20:12:00,919 INFO vex_extract.cursor:   Cursor: 4/6 frames (4 detections)
2026-03-16 20:12:00,932 INFO vex_extract.cursor:   Cursor: 5/6 frames (5 detections)
2026-03-16 20:12:01,954 INFO vex_extract.cursor:   Cursor: pass 2 — 8 frames at 4.0 FPS [302390ms-304477ms]
2026-03-16 20:12:02,032 INFO vex_extract.cursor:   Cursor: 1/8 frames (1 detections)
2026-03-16 20:12:02,045 INFO vex_extract.cursor:   Cursor: 2/8 frames (2 detections)
2026-03-16 20:12:02,057 INFO vex_extract.cursor:   Cursor: 3/8 frames (3 detections)
2026-03-16 20:12:02,070 INFO vex_extract.cursor:   Cursor: 4/8 frames (4 detections)
2026-03-16 20:12:02,083 INFO vex_extract.cursor:   Cursor: 5/8 frames (5 detections)
2026-03-16 20:12:02,096 INFO vex_extract.cursor:   Cursor: 6/8 frames (6 detections)
2026-03-16 20:12:02,108 INFO vex_extract.cursor:   Cursor: 7/8 frames (7 detections)
2026-03-16 20:12:03,168 INFO vex_extract.cursor:   Cursor: pass 2 — 12 frames at 4.0 FPS [313064ms-317293ms]
2026-03-16 20:12:03,244 INFO vex_extract.cursor:   Cursor: 1/12 frames (1 detections)
2026-03-16 20:12:03,257 INFO vex_extract.cursor:   Cursor: 2/12 frames (2 detections)
2026-03-16 20:12:03,270 INFO vex_extract.cursor:   Cursor: 3/12 frames (3 detections)
2026-03-16 20:12:03,283 INFO vex_extract.cursor:   Cursor: 4/12 frames (4 detections)
2026-03-16 20:12:03,296 INFO vex_extract.cursor:   Cursor: 5/12 frames (5 detections)
2026-03-16 20:12:03,308 INFO vex_extract.cursor:   Cursor: 6/12 frames (6 detections)
2026-03-16 20:12:03,321 INFO vex_extract.cursor:   Cursor: 7/12 frames (7 detections)
2026-03-16 20:12:03,334 INFO vex_extract.cursor:   Cursor: 8/12 frames (8 detections)
2026-03-16 20:12:03,347 INFO vex_extract.cursor:   Cursor: 9/12 frames (9 detections)
2026-03-16 20:12:03,359 INFO vex_extract.cursor:   Cursor: 10/12 frames (10 detections)
2026-03-16 20:12:03,372 INFO vex_extract.cursor:   Cursor: 11/12 frames (11 detections)
2026-03-16 20:12:04,513 INFO vex_extract.cursor:   Cursor: pass 2 — 27 frames at 4.0 FPS [317789ms-326948ms]
2026-03-16 20:12:04,600 INFO vex_extract.cursor:   Cursor: 2/27 frames (2 detections)
2026-03-16 20:12:04,626 INFO vex_extract.cursor:   Cursor: 4/27 frames (4 detections)
2026-03-16 20:12:04,651 INFO vex_extract.cursor:   Cursor: 6/27 frames (6 detections)
2026-03-16 20:12:04,677 INFO vex_extract.cursor:   Cursor: 8/27 frames (8 detections)
2026-03-16 20:12:04,702 INFO vex_extract.cursor:   Cursor: 10/27 frames (10 detections)
2026-03-16 20:12:04,728 INFO vex_extract.cursor:   Cursor: 12/27 frames (12 detections)
2026-03-16 20:12:04,753 INFO vex_extract.cursor:   Cursor: 14/27 frames (14 detections)
2026-03-16 20:12:04,778 INFO vex_extract.cursor:   Cursor: 16/27 frames (16 detections)
2026-03-16 20:12:04,804 INFO vex_extract.cursor:   Cursor: 18/27 frames (18 detections)
2026-03-16 20:12:04,829 INFO vex_extract.cursor:   Cursor: 20/27 frames (20 detections)
2026-03-16 20:12:04,853 INFO vex_extract.cursor:   Cursor: 22/27 frames (22 detections)
2026-03-16 20:12:04,879 INFO vex_extract.cursor:   Cursor: 24/27 frames (24 detections)
2026-03-16 20:12:04,905 INFO vex_extract.cursor:   Cursor: 26/27 frames (26 detections)
2026-03-16 20:12:06,029 INFO vex_extract.cursor:   Cursor: pass 2 — 15 frames at 4.0 FPS [327001ms-331163ms]
2026-03-16 20:12:06,106 INFO vex_extract.cursor:   Cursor: 1/15 frames (1 detections)
2026-03-16 20:12:06,119 INFO vex_extract.cursor:   Cursor: 2/15 frames (2 detections)
2026-03-16 20:12:06,132 INFO vex_extract.cursor:   Cursor: 3/15 frames (3 detections)
2026-03-16 20:12:06,144 INFO vex_extract.cursor:   Cursor: 4/15 frames (4 detections)
2026-03-16 20:12:06,157 INFO vex_extract.cursor:   Cursor: 5/15 frames (5 detections)
2026-03-16 20:12:06,170 INFO vex_extract.cursor:   Cursor: 6/15 frames (6 detections)
2026-03-16 20:12:06,183 INFO vex_extract.cursor:   Cursor: 7/15 frames (7 detections)
2026-03-16 20:12:06,196 INFO vex_extract.cursor:   Cursor: 8/15 frames (8 detections)
2026-03-16 20:12:06,209 INFO vex_extract.cursor:   Cursor: 9/15 frames (9 detections)
2026-03-16 20:12:06,221 INFO vex_extract.cursor:   Cursor: 10/15 frames (10 detections)
2026-03-16 20:12:06,234 INFO vex_extract.cursor:   Cursor: 11/15 frames (11 detections)
2026-03-16 20:12:06,246 INFO vex_extract.cursor:   Cursor: 12/15 frames (12 detections)
2026-03-16 20:12:06,259 INFO vex_extract.cursor:   Cursor: 13/15 frames (13 detections)
2026-03-16 20:12:06,272 INFO vex_extract.cursor:   Cursor: 14/15 frames (14 detections)
2026-03-16 20:12:07,426 INFO vex_extract.cursor:   Cursor: pass 2 — 13 frames at 4.0 FPS [332814ms-336432ms]
2026-03-16 20:12:07,501 INFO vex_extract.cursor:   Cursor: 1/13 frames (1 detections)
2026-03-16 20:12:07,514 INFO vex_extract.cursor:   Cursor: 2/13 frames (2 detections)
2026-03-16 20:12:07,527 INFO vex_extract.cursor:   Cursor: 3/13 frames (3 detections)
2026-03-16 20:12:07,539 INFO vex_extract.cursor:   Cursor: 4/13 frames (4 detections)
2026-03-16 20:12:07,552 INFO vex_extract.cursor:   Cursor: 5/13 frames (5 detections)
2026-03-16 20:12:07,565 INFO vex_extract.cursor:   Cursor: 6/13 frames (6 detections)
2026-03-16 20:12:07,577 INFO vex_extract.cursor:   Cursor: 7/13 frames (7 detections)
2026-03-16 20:12:07,590 INFO vex_extract.cursor:   Cursor: 8/13 frames (8 detections)
2026-03-16 20:12:07,602 INFO vex_extract.cursor:   Cursor: 9/13 frames (9 detections)
2026-03-16 20:12:07,615 INFO vex_extract.cursor:   Cursor: 10/13 frames (10 detections)
2026-03-16 20:12:07,628 INFO vex_extract.cursor:   Cursor: 11/13 frames (11 detections)
2026-03-16 20:12:07,640 INFO vex_extract.cursor:   Cursor: 12/13 frames (12 detections)
2026-03-16 20:12:08,912 INFO vex_extract.cursor:   Cursor: pass 2 — 38 frames at 4.0 FPS [336452ms-347004ms]
2026-03-16 20:12:09,014 INFO vex_extract.cursor:   Cursor: 3/38 frames (3 detections)
2026-03-16 20:12:09,052 INFO vex_extract.cursor:   Cursor: 6/38 frames (6 detections)
2026-03-16 20:12:09,090 INFO vex_extract.cursor:   Cursor: 9/38 frames (9 detections)
2026-03-16 20:12:09,127 INFO vex_extract.cursor:   Cursor: 12/38 frames (12 detections)
2026-03-16 20:12:09,164 INFO vex_extract.cursor:   Cursor: 15/38 frames (15 detections)
2026-03-16 20:12:09,202 INFO vex_extract.cursor:   Cursor: 18/38 frames (18 detections)
2026-03-16 20:12:09,240 INFO vex_extract.cursor:   Cursor: 21/38 frames (21 detections)
2026-03-16 20:12:09,278 INFO vex_extract.cursor:   Cursor: 24/38 frames (24 detections)
2026-03-16 20:12:09,316 INFO vex_extract.cursor:   Cursor: 27/38 frames (27 detections)
2026-03-16 20:12:09,354 INFO vex_extract.cursor:   Cursor: 30/38 frames (30 detections)
2026-03-16 20:12:09,393 INFO vex_extract.cursor:   Cursor: 33/38 frames (33 detections)
2026-03-16 20:12:09,431 INFO vex_extract.cursor:   Cursor: 36/38 frames (36 detections)
2026-03-16 20:12:10,691 INFO vex_extract.cursor:   Cursor: pass 2 — 8 frames at 4.0 FPS [351851ms-353939ms]
2026-03-16 20:12:10,767 INFO vex_extract.cursor:   Cursor: 1/8 frames (1 detections)
2026-03-16 20:12:10,780 INFO vex_extract.cursor:   Cursor: 2/8 frames (2 detections)
2026-03-16 20:12:10,792 INFO vex_extract.cursor:   Cursor: 3/8 frames (3 detections)
2026-03-16 20:12:10,805 INFO vex_extract.cursor:   Cursor: 4/8 frames (4 detections)
2026-03-16 20:12:10,818 INFO vex_extract.cursor:   Cursor: 5/8 frames (5 detections)
2026-03-16 20:12:10,830 INFO vex_extract.cursor:   Cursor: 6/8 frames (6 detections)
2026-03-16 20:12:10,843 INFO vex_extract.cursor:   Cursor: 7/8 frames (7 detections)
2026-03-16 20:12:12,134 INFO vex_extract.cursor:   Cursor: pass 2 — 13 frames at 4.0 FPS [357188ms-360874ms]
2026-03-16 20:12:12,210 INFO vex_extract.cursor:   Cursor: 1/13 frames (1 detections)
2026-03-16 20:12:12,223 INFO vex_extract.cursor:   Cursor: 2/13 frames (2 detections)
2026-03-16 20:12:12,235 INFO vex_extract.cursor:   Cursor: 3/13 frames (3 detections)
2026-03-16 20:12:12,247 INFO vex_extract.cursor:   Cursor: 4/13 frames (4 detections)
2026-03-16 20:12:12,260 INFO vex_extract.cursor:   Cursor: 5/13 frames (5 detections)
2026-03-16 20:12:12,273 INFO vex_extract.cursor:   Cursor: 6/13 frames (6 detections)
2026-03-16 20:12:12,286 INFO vex_extract.cursor:   Cursor: 7/13 frames (7 detections)
2026-03-16 20:12:12,298 INFO vex_extract.cursor:   Cursor: 8/13 frames (8 detections)
2026-03-16 20:12:12,311 INFO vex_extract.cursor:   Cursor: 9/13 frames (9 detections)
2026-03-16 20:12:12,324 INFO vex_extract.cursor:   Cursor: 10/13 frames (10 detections)
2026-03-16 20:12:12,336 INFO vex_extract.cursor:   Cursor: 11/13 frames (11 detections)
2026-03-16 20:12:12,349 INFO vex_extract.cursor:   Cursor: 12/13 frames (12 detections)
2026-03-16 20:12:13,651 INFO vex_extract.cursor:   Cursor: pass 2 — 8 frames at 4.0 FPS [361982ms-364069ms]
2026-03-16 20:12:13,729 INFO vex_extract.cursor:   Cursor: 1/8 frames (1 detections)
2026-03-16 20:12:13,741 INFO vex_extract.cursor:   Cursor: 2/8 frames (2 detections)
2026-03-16 20:12:13,754 INFO vex_extract.cursor:   Cursor: 3/8 frames (3 detections)
2026-03-16 20:12:13,767 INFO vex_extract.cursor:   Cursor: 4/8 frames (4 detections)
2026-03-16 20:12:13,779 INFO vex_extract.cursor:   Cursor: 5/8 frames (5 detections)
2026-03-16 20:12:13,792 INFO vex_extract.cursor:   Cursor: 6/8 frames (6 detections)
2026-03-16 20:12:13,804 INFO vex_extract.cursor:   Cursor: 7/8 frames (7 detections)
2026-03-16 20:12:15,130 INFO vex_extract.cursor:   Cursor: pass 2 — 9 frames at 4.0 FPS [364123ms-366721ms]
2026-03-16 20:12:15,206 INFO vex_extract.cursor:   Cursor: 1/9 frames (1 detections)
2026-03-16 20:12:15,218 INFO vex_extract.cursor:   Cursor: 2/9 frames (2 detections)
2026-03-16 20:12:15,231 INFO vex_extract.cursor:   Cursor: 3/9 frames (3 detections)
2026-03-16 20:12:15,244 INFO vex_extract.cursor:   Cursor: 4/9 frames (4 detections)
2026-03-16 20:12:15,257 INFO vex_extract.cursor:   Cursor: 5/9 frames (5 detections)
2026-03-16 20:12:15,269 INFO vex_extract.cursor:   Cursor: 6/9 frames (6 detections)
2026-03-16 20:12:15,282 INFO vex_extract.cursor:   Cursor: 7/9 frames (7 detections)
2026-03-16 20:12:15,295 INFO vex_extract.cursor:   Cursor: 8/9 frames (8 detections)
2026-03-16 20:12:16,646 INFO vex_extract.cursor:   Cursor: pass 2 — 13 frames at 4.0 FPS [366843ms-370494ms]
2026-03-16 20:12:16,722 INFO vex_extract.cursor:   Cursor: 1/13 frames (1 detections)
2026-03-16 20:12:16,735 INFO vex_extract.cursor:   Cursor: 2/13 frames (2 detections)
2026-03-16 20:12:16,748 INFO vex_extract.cursor:   Cursor: 3/13 frames (3 detections)
2026-03-16 20:12:16,761 INFO vex_extract.cursor:   Cursor: 4/13 frames (4 detections)
2026-03-16 20:12:16,773 INFO vex_extract.cursor:   Cursor: 5/13 frames (5 detections)
2026-03-16 20:12:16,786 INFO vex_extract.cursor:   Cursor: 6/13 frames (6 detections)
2026-03-16 20:12:16,798 INFO vex_extract.cursor:   Cursor: 7/13 frames (7 detections)
2026-03-16 20:12:16,811 INFO vex_extract.cursor:   Cursor: 8/13 frames (8 detections)
2026-03-16 20:12:16,824 INFO vex_extract.cursor:   Cursor: 9/13 frames (9 detections)
2026-03-16 20:12:16,837 INFO vex_extract.cursor:   Cursor: 10/13 frames (10 detections)
2026-03-16 20:12:16,850 INFO vex_extract.cursor:   Cursor: 11/13 frames (11 detections)
2026-03-16 20:12:16,863 INFO vex_extract.cursor:   Cursor: 12/13 frames (12 detections)
2026-03-16 20:12:18,195 INFO vex_extract.cursor:   Cursor: pass 2 — 5 frames at 4.0 FPS [374797ms-376341ms]
2026-03-16 20:12:18,271 INFO vex_extract.cursor:   Cursor: 1/5 frames (1 detections)
2026-03-16 20:12:18,284 INFO vex_extract.cursor:   Cursor: 2/5 frames (2 detections)
2026-03-16 20:12:18,297 INFO vex_extract.cursor:   Cursor: 3/5 frames (3 detections)
2026-03-16 20:12:18,310 INFO vex_extract.cursor:   Cursor: 4/5 frames (4 detections)
2026-03-16 20:12:19,652 INFO vex_extract.cursor:   Cursor: pass 2 — 8 frames at 4.0 FPS [376395ms-378483ms]
2026-03-16 20:12:19,728 INFO vex_extract.cursor:   Cursor: 1/8 frames (1 detections)
2026-03-16 20:12:19,741 INFO vex_extract.cursor:   Cursor: 2/8 frames (2 detections)
2026-03-16 20:12:19,754 INFO vex_extract.cursor:   Cursor: 3/8 frames (3 detections)
2026-03-16 20:12:19,767 INFO vex_extract.cursor:   Cursor: 4/8 frames (4 detections)
2026-03-16 20:12:19,780 INFO vex_extract.cursor:   Cursor: 5/8 frames (5 detections)
2026-03-16 20:12:19,793 INFO vex_extract.cursor:   Cursor: 6/8 frames (6 detections)
2026-03-16 20:12:19,806 INFO vex_extract.cursor:   Cursor: 7/8 frames (7 detections)
2026-03-16 20:12:21,145 INFO vex_extract.cursor:   Cursor: pass 2 — 5 frames at 4.0 FPS [379081ms-380591ms]
2026-03-16 20:12:21,222 INFO vex_extract.cursor:   Cursor: 1/5 frames (1 detections)
2026-03-16 20:12:21,235 INFO vex_extract.cursor:   Cursor: 2/5 frames (2 detections)
2026-03-16 20:12:21,248 INFO vex_extract.cursor:   Cursor: 3/5 frames (3 detections)
2026-03-16 20:12:21,261 INFO vex_extract.cursor:   Cursor: 4/5 frames (4 detections)
2026-03-16 20:12:22,634 INFO vex_extract.cursor:   Cursor: pass 2 — 8 frames at 4.0 FPS [388599ms-390721ms]
2026-03-16 20:12:22,710 INFO vex_extract.cursor:   Cursor: 1/8 frames (1 detections)
2026-03-16 20:12:22,724 INFO vex_extract.cursor:   Cursor: 2/8 frames (2 detections)
2026-03-16 20:12:22,736 INFO vex_extract.cursor:   Cursor: 3/8 frames (3 detections)
2026-03-16 20:12:22,749 INFO vex_extract.cursor:   Cursor: 4/8 frames (4 detections)
2026-03-16 20:12:22,762 INFO vex_extract.cursor:   Cursor: 5/8 frames (5 detections)
2026-03-16 20:12:22,775 INFO vex_extract.cursor:   Cursor: 6/8 frames (6 detections)
2026-03-16 20:12:22,787 INFO vex_extract.cursor:   Cursor: 7/8 frames (7 detections)
2026-03-16 20:12:24,162 INFO vex_extract.cursor:   Cursor: pass 2 — 6 frames at 4.0 FPS [395500ms-397010ms]
2026-03-16 20:12:24,238 INFO vex_extract.cursor:   Cursor: 1/6 frames (1 detections)
2026-03-16 20:12:24,252 INFO vex_extract.cursor:   Cursor: 2/6 frames (2 detections)
2026-03-16 20:12:24,265 INFO vex_extract.cursor:   Cursor: 3/6 frames (3 detections)
2026-03-16 20:12:24,277 INFO vex_extract.cursor:   Cursor: 4/6 frames (4 detections)
2026-03-16 20:12:24,290 INFO vex_extract.cursor:   Cursor: 5/6 frames (5 detections)
2026-03-16 20:12:25,680 INFO vex_extract.cursor:   Cursor: pass 2 — 7 frames at 4.0 FPS [398186ms-400885ms]
2026-03-16 20:12:25,756 INFO vex_extract.cursor:   Cursor: 1/7 frames (1 detections)
2026-03-16 20:12:25,769 INFO vex_extract.cursor:   Cursor: 2/7 frames (2 detections)
2026-03-16 20:12:25,782 INFO vex_extract.cursor:   Cursor: 3/7 frames (3 detections)
2026-03-16 20:12:25,795 INFO vex_extract.cursor:   Cursor: 4/7 frames (4 detections)
2026-03-16 20:12:25,808 INFO vex_extract.cursor:   Cursor: 5/7 frames (5 detections)
2026-03-16 20:12:25,821 INFO vex_extract.cursor:   Cursor: 6/7 frames (6 detections)
2026-03-16 20:12:27,209 INFO vex_extract.cursor:   Cursor: pass 2 — 4 frames at 4.0 FPS [401347ms-403741ms]
2026-03-16 20:12:27,287 INFO vex_extract.cursor:   Cursor: 1/4 frames (1 detections)
2026-03-16 20:12:27,299 INFO vex_extract.cursor:   Cursor: 2/4 frames (2 detections)
2026-03-16 20:12:27,312 INFO vex_extract.cursor:   Cursor: 3/4 frames (3 detections)
2026-03-16 20:12:28,718 INFO vex_extract.cursor:   Cursor: pass 2 — 4 frames at 4.0 FPS [409744ms-411288ms]
2026-03-16 20:12:28,794 INFO vex_extract.cursor:   Cursor: 1/4 frames (1 detections)
2026-03-16 20:12:28,807 INFO vex_extract.cursor:   Cursor: 2/4 frames (2 detections)
2026-03-16 20:12:28,820 INFO vex_extract.cursor:   Cursor: 3/4 frames (3 detections)
2026-03-16 20:12:30,275 INFO vex_extract.cursor:   Cursor: pass 2 — 19 frames at 4.0 FPS [411341ms-420840ms]
2026-03-16 20:12:30,351 INFO vex_extract.cursor:   Cursor: 1/19 frames (1 detections)
2026-03-16 20:12:30,364 INFO vex_extract.cursor:   Cursor: 2/19 frames (2 detections)
2026-03-16 20:12:30,376 INFO vex_extract.cursor:   Cursor: 3/19 frames (3 detections)
2026-03-16 20:12:30,389 INFO vex_extract.cursor:   Cursor: 4/19 frames (4 detections)
2026-03-16 20:12:30,402 INFO vex_extract.cursor:   Cursor: 5/19 frames (5 detections)
2026-03-16 20:12:30,414 INFO vex_extract.cursor:   Cursor: 6/19 frames (6 detections)
2026-03-16 20:12:30,428 INFO vex_extract.cursor:   Cursor: 7/19 frames (7 detections)
2026-03-16 20:12:30,441 INFO vex_extract.cursor:   Cursor: 8/19 frames (8 detections)
2026-03-16 20:12:30,453 INFO vex_extract.cursor:   Cursor: 9/19 frames (9 detections)
2026-03-16 20:12:30,466 INFO vex_extract.cursor:   Cursor: 10/19 frames (10 detections)
2026-03-16 20:12:30,478 INFO vex_extract.cursor:   Cursor: 11/19 frames (11 detections)
2026-03-16 20:12:30,491 INFO vex_extract.cursor:   Cursor: 12/19 frames (12 detections)
2026-03-16 20:12:30,504 INFO vex_extract.cursor:   Cursor: 13/19 frames (13 detections)
2026-03-16 20:12:30,516 INFO vex_extract.cursor:   Cursor: 14/19 frames (14 detections)
2026-03-16 20:12:30,529 INFO vex_extract.cursor:   Cursor: 15/19 frames (15 detections)
2026-03-16 20:12:30,542 INFO vex_extract.cursor:   Cursor: 16/19 frames (16 detections)
2026-03-16 20:12:30,554 INFO vex_extract.cursor:   Cursor: 17/19 frames (17 detections)
2026-03-16 20:12:30,567 INFO vex_extract.cursor:   Cursor: 18/19 frames (18 detections)
2026-03-16 20:12:32,011 INFO vex_extract.cursor:   Cursor: pass 2 — 7 frames at 4.0 FPS [421200ms-424919ms]
2026-03-16 20:12:32,089 INFO vex_extract.cursor:   Cursor: 1/7 frames (1 detections)
2026-03-16 20:12:32,101 INFO vex_extract.cursor:   Cursor: 2/7 frames (2 detections)
2026-03-16 20:12:32,114 INFO vex_extract.cursor:   Cursor: 3/7 frames (3 detections)
2026-03-16 20:12:32,127 INFO vex_extract.cursor:   Cursor: 4/7 frames (4 detections)
2026-03-16 20:12:32,140 INFO vex_extract.cursor:   Cursor: 5/7 frames (5 detections)
2026-03-16 20:12:32,152 INFO vex_extract.cursor:   Cursor: 6/7 frames (6 detections)
2026-03-16 20:12:33,595 INFO vex_extract.cursor:   Cursor: pass 2 — 6 frames at 4.0 FPS [426707ms-430018ms]
2026-03-16 20:12:33,670 INFO vex_extract.cursor:   Cursor: 1/6 frames (1 detections)
2026-03-16 20:12:33,683 INFO vex_extract.cursor:   Cursor: 2/6 frames (2 detections)
2026-03-16 20:12:33,696 INFO vex_extract.cursor:   Cursor: 3/6 frames (3 detections)
2026-03-16 20:12:33,708 INFO vex_extract.cursor:   Cursor: 4/6 frames (4 detections)
2026-03-16 20:12:33,721 INFO vex_extract.cursor:   Cursor: 5/6 frames (5 detections)
2026-03-16 20:12:35,188 INFO vex_extract.cursor:   Cursor: pass 2 — 3 frames at 4.0 FPS [509925ms-511809ms]
2026-03-16 20:12:35,263 INFO vex_extract.cursor:   Cursor: 1/3 frames (1 detections)
2026-03-16 20:12:35,276 INFO vex_extract.cursor:   Cursor: 2/3 frames (2 detections)
2026-03-16 20:12:36,757 INFO vex_extract.cursor:   Cursor: pass 2 — 8 frames at 4.0 FPS [513120ms-515786ms]
2026-03-16 20:12:36,832 INFO vex_extract.cursor:   Cursor: 1/8 frames (1 detections)
2026-03-16 20:12:36,845 INFO vex_extract.cursor:   Cursor: 2/8 frames (2 detections)
2026-03-16 20:12:36,858 INFO vex_extract.cursor:   Cursor: 3/8 frames (3 detections)
2026-03-16 20:12:36,871 INFO vex_extract.cursor:   Cursor: 4/8 frames (4 detections)
2026-03-16 20:12:36,884 INFO vex_extract.cursor:   Cursor: 5/8 frames (5 detections)
2026-03-16 20:12:36,897 INFO vex_extract.cursor:   Cursor: 6/8 frames (6 detections)
2026-03-16 20:12:36,910 INFO vex_extract.cursor:   Cursor: 7/8 frames (7 detections)
2026-03-16 20:12:38,467 INFO vex_extract.cursor:   Cursor: pass 2 — 25 frames at 4.0 FPS [516962ms-523809ms]
2026-03-16 20:12:38,556 INFO vex_extract.cursor:   Cursor: 2/25 frames (2 detections)
2026-03-16 20:12:38,581 INFO vex_extract.cursor:   Cursor: 4/25 frames (4 detections)
2026-03-16 20:12:38,606 INFO vex_extract.cursor:   Cursor: 6/25 frames (6 detections)
2026-03-16 20:12:38,631 INFO vex_extract.cursor:   Cursor: 8/25 frames (8 detections)
2026-03-16 20:12:38,657 INFO vex_extract.cursor:   Cursor: 10/25 frames (10 detections)
2026-03-16 20:12:38,683 INFO vex_extract.cursor:   Cursor: 12/25 frames (12 detections)
2026-03-16 20:12:38,708 INFO vex_extract.cursor:   Cursor: 14/25 frames (14 detections)
2026-03-16 20:12:38,733 INFO vex_extract.cursor:   Cursor: 16/25 frames (16 detections)
2026-03-16 20:12:38,758 INFO vex_extract.cursor:   Cursor: 18/25 frames (18 detections)
2026-03-16 20:12:38,784 INFO vex_extract.cursor:   Cursor: 20/25 frames (20 detections)
2026-03-16 20:12:38,809 INFO vex_extract.cursor:   Cursor: 22/25 frames (22 detections)
2026-03-16 20:12:38,834 INFO vex_extract.cursor:   Cursor: 24/25 frames (24 detections)
2026-03-16 20:12:40,404 INFO vex_extract.cursor:   Cursor: pass 2 — 19 frames at 4.0 FPS [523863ms-529112ms]
2026-03-16 20:12:40,481 INFO vex_extract.cursor:   Cursor: 1/19 frames (1 detections)
2026-03-16 20:12:40,494 INFO vex_extract.cursor:   Cursor: 2/19 frames (2 detections)
2026-03-16 20:12:40,506 INFO vex_extract.cursor:   Cursor: 3/19 frames (3 detections)
2026-03-16 20:12:40,519 INFO vex_extract.cursor:   Cursor: 4/19 frames (4 detections)
2026-03-16 20:12:40,532 INFO vex_extract.cursor:   Cursor: 5/19 frames (5 detections)
2026-03-16 20:12:40,544 INFO vex_extract.cursor:   Cursor: 6/19 frames (6 detections)
2026-03-16 20:12:40,557 INFO vex_extract.cursor:   Cursor: 7/19 frames (7 detections)
2026-03-16 20:12:40,569 INFO vex_extract.cursor:   Cursor: 8/19 frames (8 detections)
2026-03-16 20:12:40,581 INFO vex_extract.cursor:   Cursor: 9/19 frames (9 detections)
2026-03-16 20:12:40,594 INFO vex_extract.cursor:   Cursor: 10/19 frames (10 detections)
2026-03-16 20:12:40,607 INFO vex_extract.cursor:   Cursor: 11/19 frames (11 detections)
2026-03-16 20:12:40,620 INFO vex_extract.cursor:   Cursor: 12/19 frames (12 detections)
2026-03-16 20:12:40,632 INFO vex_extract.cursor:   Cursor: 13/19 frames (13 detections)
2026-03-16 20:12:40,646 INFO vex_extract.cursor:   Cursor: 14/19 frames (14 detections)
2026-03-16 20:12:40,659 INFO vex_extract.cursor:   Cursor: 15/19 frames (15 detections)
2026-03-16 20:12:40,671 INFO vex_extract.cursor:   Cursor: 16/19 frames (16 detections)
2026-03-16 20:12:40,684 INFO vex_extract.cursor:   Cursor: 17/19 frames (17 detections)
2026-03-16 20:12:40,697 INFO vex_extract.cursor:   Cursor: 18/19 frames (18 detections)
2026-03-16 20:12:42,251 INFO vex_extract.cursor:   Cursor: pass 2 — 6 frames at 4.0 FPS [530661ms-532171ms]
2026-03-16 20:12:42,327 INFO vex_extract.cursor:   Cursor: 1/6 frames (1 detections)
2026-03-16 20:12:42,339 INFO vex_extract.cursor:   Cursor: 2/6 frames (2 detections)
2026-03-16 20:12:42,352 INFO vex_extract.cursor:   Cursor: 3/6 frames (3 detections)
2026-03-16 20:12:42,364 INFO vex_extract.cursor:   Cursor: 4/6 frames (4 detections)
2026-03-16 20:12:42,378 INFO vex_extract.cursor:   Cursor: 5/6 frames (5 detections)
2026-03-16 20:12:43,974 INFO vex_extract.cursor:   Cursor: pass 2 — 16 frames at 4.0 FPS [532259ms-536455ms]
2026-03-16 20:12:44,049 INFO vex_extract.cursor:   Cursor: 1/16 frames (1 detections)
2026-03-16 20:12:44,062 INFO vex_extract.cursor:   Cursor: 2/16 frames (2 detections)
2026-03-16 20:12:44,075 INFO vex_extract.cursor:   Cursor: 3/16 frames (3 detections)
2026-03-16 20:12:44,088 INFO vex_extract.cursor:   Cursor: 4/16 frames (4 detections)
2026-03-16 20:12:44,100 INFO vex_extract.cursor:   Cursor: 5/16 frames (5 detections)
2026-03-16 20:12:44,113 INFO vex_extract.cursor:   Cursor: 6/16 frames (6 detections)
2026-03-16 20:12:44,126 INFO vex_extract.cursor:   Cursor: 7/16 frames (7 detections)
2026-03-16 20:12:44,138 INFO vex_extract.cursor:   Cursor: 8/16 frames (8 detections)
2026-03-16 20:12:44,151 INFO vex_extract.cursor:   Cursor: 9/16 frames (9 detections)
2026-03-16 20:12:44,163 INFO vex_extract.cursor:   Cursor: 10/16 frames (10 detections)
2026-03-16 20:12:44,176 INFO vex_extract.cursor:   Cursor: 11/16 frames (11 detections)
2026-03-16 20:12:44,189 INFO vex_extract.cursor:   Cursor: 12/16 frames (12 detections)
2026-03-16 20:12:44,201 INFO vex_extract.cursor:   Cursor: 13/16 frames (13 detections)
2026-03-16 20:12:44,214 INFO vex_extract.cursor:   Cursor: 14/16 frames (14 detections)
2026-03-16 20:12:44,227 INFO vex_extract.cursor:   Cursor: 15/16 frames (15 detections)
2026-03-16 20:12:45,824 INFO vex_extract.cursor:   Cursor: pass 2 — 11 frames at 4.0 FPS [536542ms-539684ms]
2026-03-16 20:12:45,901 INFO vex_extract.cursor:   Cursor: 1/11 frames (1 detections)
2026-03-16 20:12:45,914 INFO vex_extract.cursor:   Cursor: 2/11 frames (2 detections)
2026-03-16 20:12:45,927 INFO vex_extract.cursor:   Cursor: 3/11 frames (3 detections)
2026-03-16 20:12:45,939 INFO vex_extract.cursor:   Cursor: 4/11 frames (4 detections)
2026-03-16 20:12:45,952 INFO vex_extract.cursor:   Cursor: 5/11 frames (5 detections)
2026-03-16 20:12:45,965 INFO vex_extract.cursor:   Cursor: 6/11 frames (6 detections)
2026-03-16 20:12:45,978 INFO vex_extract.cursor:   Cursor: 7/11 frames (7 detections)
2026-03-16 20:12:45,991 INFO vex_extract.cursor:   Cursor: 8/11 frames (8 detections)
2026-03-16 20:12:46,004 INFO vex_extract.cursor:   Cursor: 9/11 frames (9 detections)
2026-03-16 20:12:46,017 INFO vex_extract.cursor:   Cursor: 10/11 frames (10 detections)
2026-03-16 20:12:47,617 INFO vex_extract.cursor:   Cursor: pass 2 — 8 frames at 4.0 FPS [540282ms-542336ms]
2026-03-16 20:12:47,693 INFO vex_extract.cursor:   Cursor: 1/8 frames (1 detections)
2026-03-16 20:12:47,706 INFO vex_extract.cursor:   Cursor: 2/8 frames (2 detections)
2026-03-16 20:12:47,718 INFO vex_extract.cursor:   Cursor: 3/8 frames (3 detections)
2026-03-16 20:12:47,731 INFO vex_extract.cursor:   Cursor: 4/8 frames (4 detections)
2026-03-16 20:12:47,738 INFO vex_extract.cursor:   Cursor: 5/8 frames (5 detections)
2026-03-16 20:12:47,750 INFO vex_extract.cursor:   Cursor: 6/8 frames (6 detections)
2026-03-16 20:12:47,763 INFO vex_extract.cursor:   Cursor: 7/8 frames (7 detections)
2026-03-16 20:12:49,422 INFO vex_extract.cursor:   Cursor: pass 2 — 19 frames at 4.0 FPS [542933ms-548217ms]
2026-03-16 20:12:49,500 INFO vex_extract.cursor:   Cursor: 1/19 frames (1 detections)
2026-03-16 20:12:49,513 INFO vex_extract.cursor:   Cursor: 2/19 frames (2 detections)
2026-03-16 20:12:49,526 INFO vex_extract.cursor:   Cursor: 3/19 frames (3 detections)
2026-03-16 20:12:49,539 INFO vex_extract.cursor:   Cursor: 4/19 frames (4 detections)
2026-03-16 20:12:49,551 INFO vex_extract.cursor:   Cursor: 5/19 frames (5 detections)
2026-03-16 20:12:49,564 INFO vex_extract.cursor:   Cursor: 6/19 frames (6 detections)
2026-03-16 20:12:49,577 INFO vex_extract.cursor:   Cursor: 7/19 frames (7 detections)
2026-03-16 20:12:49,589 INFO vex_extract.cursor:   Cursor: 8/19 frames (8 detections)
2026-03-16 20:12:49,602 INFO vex_extract.cursor:   Cursor: 9/19 frames (9 detections)
2026-03-16 20:12:49,614 INFO vex_extract.cursor:   Cursor: 10/19 frames (10 detections)
2026-03-16 20:12:49,627 INFO vex_extract.cursor:   Cursor: 11/19 frames (11 detections)
2026-03-16 20:12:49,640 INFO vex_extract.cursor:   Cursor: 12/19 frames (12 detections)
2026-03-16 20:12:49,652 INFO vex_extract.cursor:   Cursor: 13/19 frames (13 detections)
2026-03-16 20:12:49,665 INFO vex_extract.cursor:   Cursor: 14/19 frames (14 detections)
2026-03-16 20:12:49,678 INFO vex_extract.cursor:   Cursor: 15/19 frames (15 detections)
2026-03-16 20:12:49,690 INFO vex_extract.cursor:   Cursor: 16/19 frames (16 detections)
2026-03-16 20:12:49,703 INFO vex_extract.cursor:   Cursor: 17/19 frames (17 detections)
2026-03-16 20:12:49,715 INFO vex_extract.cursor:   Cursor: 18/19 frames (18 detections)
2026-03-16 20:12:51,398 INFO vex_extract.cursor:   Cursor: pass 2 — 16 frames at 4.0 FPS [549868ms-554064ms]
2026-03-16 20:12:51,474 INFO vex_extract.cursor:   Cursor: 1/16 frames (1 detections)
2026-03-16 20:12:51,486 INFO vex_extract.cursor:   Cursor: 2/16 frames (2 detections)
2026-03-16 20:12:51,499 INFO vex_extract.cursor:   Cursor: 3/16 frames (3 detections)
2026-03-16 20:12:51,511 INFO vex_extract.cursor:   Cursor: 4/16 frames (4 detections)
2026-03-16 20:12:51,524 INFO vex_extract.cursor:   Cursor: 5/16 frames (5 detections)
2026-03-16 20:12:51,537 INFO vex_extract.cursor:   Cursor: 6/16 frames (6 detections)
2026-03-16 20:12:51,550 INFO vex_extract.cursor:   Cursor: 7/16 frames (7 detections)
2026-03-16 20:12:51,562 INFO vex_extract.cursor:   Cursor: 8/16 frames (8 detections)
2026-03-16 20:12:51,574 INFO vex_extract.cursor:   Cursor: 9/16 frames (9 detections)
2026-03-16 20:12:51,587 INFO vex_extract.cursor:   Cursor: 10/16 frames (10 detections)
2026-03-16 20:12:51,600 INFO vex_extract.cursor:   Cursor: 11/16 frames (11 detections)
2026-03-16 20:12:51,613 INFO vex_extract.cursor:   Cursor: 12/16 frames (12 detections)
2026-03-16 20:12:51,625 INFO vex_extract.cursor:   Cursor: 13/16 frames (13 detections)
2026-03-16 20:12:51,638 INFO vex_extract.cursor:   Cursor: 14/16 frames (14 detections)
2026-03-16 20:12:51,650 INFO vex_extract.cursor:   Cursor: 15/16 frames (15 detections)
2026-03-16 20:12:53,314 INFO vex_extract.cursor:   Cursor: pass 2 — 6 frames at 4.0 FPS [554118ms-555627ms]
2026-03-16 20:12:53,390 INFO vex_extract.cursor:   Cursor: 1/6 frames (1 detections)
2026-03-16 20:12:53,403 INFO vex_extract.cursor:   Cursor: 2/6 frames (2 detections)
2026-03-16 20:12:53,415 INFO vex_extract.cursor:   Cursor: 3/6 frames (3 detections)
2026-03-16 20:12:53,428 INFO vex_extract.cursor:   Cursor: 4/6 frames (4 detections)
2026-03-16 20:12:53,441 INFO vex_extract.cursor:   Cursor: 5/6 frames (5 detections)
2026-03-16 20:12:55,108 INFO vex_extract.cursor:   Cursor: pass 2 — 6 frames at 4.0 FPS [557211ms-558721ms]
2026-03-16 20:12:55,184 INFO vex_extract.cursor:   Cursor: 1/6 frames (1 detections)
2026-03-16 20:12:55,196 INFO vex_extract.cursor:   Cursor: 2/6 frames (2 detections)
2026-03-16 20:12:55,209 INFO vex_extract.cursor:   Cursor: 3/6 frames (3 detections)
2026-03-16 20:12:55,222 INFO vex_extract.cursor:   Cursor: 4/6 frames (4 detections)
2026-03-16 20:12:55,235 INFO vex_extract.cursor:   Cursor: 5/6 frames (5 detections)
2026-03-16 20:12:56,941 INFO vex_extract.cursor:   Cursor: pass 2 — 5 frames at 4.0 FPS [575908ms-577418ms]
2026-03-16 20:12:57,016 INFO vex_extract.cursor:   Cursor: 1/5 frames (1 detections)
2026-03-16 20:12:57,029 INFO vex_extract.cursor:   Cursor: 2/5 frames (2 detections)
2026-03-16 20:12:57,042 INFO vex_extract.cursor:   Cursor: 3/5 frames (3 detections)
2026-03-16 20:12:57,054 INFO vex_extract.cursor:   Cursor: 4/5 frames (4 detections)
2026-03-16 20:12:58,778 INFO vex_extract.cursor:   Cursor: pass 2 — 6 frames at 4.0 FPS [580123ms-582143ms]
2026-03-16 20:12:58,854 INFO vex_extract.cursor:   Cursor: 1/6 frames (1 detections)
2026-03-16 20:12:58,867 INFO vex_extract.cursor:   Cursor: 2/6 frames (2 detections)
2026-03-16 20:12:58,880 INFO vex_extract.cursor:   Cursor: 3/6 frames (3 detections)
2026-03-16 20:12:58,892 INFO vex_extract.cursor:   Cursor: 4/6 frames (4 detections)
2026-03-16 20:12:58,905 INFO vex_extract.cursor:   Cursor: 5/6 frames (5 detections)
2026-03-16 20:13:00,653 INFO vex_extract.cursor:   Cursor: pass 2 — 9 frames at 4.0 FPS [583659ms-588942ms]
2026-03-16 20:13:00,730 INFO vex_extract.cursor:   Cursor: 1/9 frames (1 detections)
2026-03-16 20:13:00,742 INFO vex_extract.cursor:   Cursor: 2/9 frames (2 detections)
2026-03-16 20:13:00,755 INFO vex_extract.cursor:   Cursor: 3/9 frames (3 detections)
2026-03-16 20:13:00,768 INFO vex_extract.cursor:   Cursor: 4/9 frames (4 detections)
2026-03-16 20:13:00,781 INFO vex_extract.cursor:   Cursor: 5/9 frames (5 detections)
2026-03-16 20:13:00,793 INFO vex_extract.cursor:   Cursor: 6/9 frames (6 detections)
2026-03-16 20:13:00,806 INFO vex_extract.cursor:   Cursor: 7/9 frames (7 detections)
2026-03-16 20:13:00,819 INFO vex_extract.cursor:   Cursor: 8/9 frames (8 detections)
2026-03-16 20:13:02,547 INFO vex_extract.cursor:   Cursor: pass 2 — 3 frames at 4.0 FPS [591987ms-594959ms]
2026-03-16 20:13:02,623 INFO vex_extract.cursor:   Cursor: 1/3 frames (1 detections)
2026-03-16 20:13:02,636 INFO vex_extract.cursor:   Cursor: 2/3 frames (2 detections)
2026-03-16 20:13:04,380 INFO vex_extract.cursor:   Cursor: pass 2 — 7 frames at 4.0 FPS [597970ms-602166ms]
2026-03-16 20:13:04,456 INFO vex_extract.cursor:   Cursor: 1/7 frames (1 detections)
2026-03-16 20:13:04,469 INFO vex_extract.cursor:   Cursor: 2/7 frames (2 detections)
2026-03-16 20:13:04,482 INFO vex_extract.cursor:   Cursor: 3/7 frames (3 detections)
2026-03-16 20:13:04,495 INFO vex_extract.cursor:   Cursor: 4/7 frames (4 detections)
2026-03-16 20:13:04,507 INFO vex_extract.cursor:   Cursor: 5/7 frames (5 detections)
2026-03-16 20:13:04,520 INFO vex_extract.cursor:   Cursor: 6/7 frames (6 detections)
2026-03-16 20:13:06,272 INFO vex_extract.cursor:   Cursor: pass 2 — 5 frames at 4.0 FPS [602797ms-605259ms]
2026-03-16 20:13:06,349 INFO vex_extract.cursor:   Cursor: 1/5 frames (1 detections)
2026-03-16 20:13:06,362 INFO vex_extract.cursor:   Cursor: 2/5 frames (2 detections)
2026-03-16 20:13:06,375 INFO vex_extract.cursor:   Cursor: 3/5 frames (3 detections)
2026-03-16 20:13:06,387 INFO vex_extract.cursor:   Cursor: 4/5 frames (4 detections)
2026-03-16 20:13:08,169 INFO vex_extract.cursor:   Cursor: pass 2 — 6 frames at 4.0 FPS [648520ms-653293ms]
2026-03-16 20:13:08,245 INFO vex_extract.cursor:   Cursor: 1/6 frames (1 detections)
2026-03-16 20:13:08,257 INFO vex_extract.cursor:   Cursor: 2/6 frames (2 detections)
2026-03-16 20:13:08,270 INFO vex_extract.cursor:   Cursor: 3/6 frames (3 detections)
2026-03-16 20:13:08,283 INFO vex_extract.cursor:   Cursor: 4/6 frames (4 detections)
2026-03-16 20:13:08,295 INFO vex_extract.cursor:   Cursor: 5/6 frames (5 detections)
2026-03-16 20:13:08,310 INFO vex_extract.cursor:   Cursor: merged 1464 detections (1464 detected)
2026-03-16 20:13:08,310 INFO vex_extract.cursor:   Cursor: filtering 74 static detections at (602.0, 394.0) spanning 36918ms
2026-03-16 20:13:08,310 INFO vex_extract.cursor:   Cursor: filtering 16 static detections at (986.0, 448.0) spanning 9518ms
2026-03-16 20:13:08,310 INFO vex_extract.cursor:   Cursor: filtering 10 static detections at (1563.0, 1040.0) spanning 3705ms
2026-03-16 20:13:08,310 INFO vex_extract.cursor:   Cursor: filtering 15 static detections at (1610.0, 6.0) spanning 3943ms
2026-03-16 20:13:08,311 INFO vex_extract.cursor:   Cursor: filtering 10 static detections at (1561.0, 1040.0) spanning 3909ms
2026-03-16 20:13:08,311 INFO vex_extract.cursor:   Cursor: filtering 15 static detections at (1509.0, 679.0) spanning 7173ms
2026-03-16 20:13:08,311 INFO vex_extract.cursor:   Cursor: filtering 40 static detections at (1509.0, 677.0) spanning 17405ms
2026-03-16 20:13:08,311 INFO vex_extract.cursor:   Cursor: filtering 13 static detections at (1610.0, 6.0) spanning 3365ms
2026-03-16 20:13:08,311 INFO vex_extract.cursor:   Cursor: filtering 7 static detections at (1563.0, 988.0) spanning 3195ms
2026-03-16 20:13:08,311 INFO vex_extract.cursor:   Cursor: filtering 10 static detections at (1561.0, 986.0) spanning 4759ms
2026-03-16 20:13:08,311 INFO vex_extract.cursor:   Cursor: filtering 12 static detections at (351.0, 598.0) spanning 3739ms
2026-03-16 20:13:08,311 INFO vex_extract.cursor:   Cursor: filtering 10 static detections at (1419.0, 585.0) spanning 3399ms
2026-03-16 20:13:08,311 INFO vex_extract.cursor:   Cursor: filtering 23 static detections at (1610.0, 6.0) spanning 8261ms
2026-03-16 20:13:08,311 INFO vex_extract.cursor:   Cursor: filtering 24 static detections at (1541.0, 377.0) spanning 21008ms
2026-03-16 20:13:08,311 INFO vex_extract.cursor:   Cursor: filtering 22 static detections at (757.0, 825.0) spanning 19547ms
2026-03-16 20:13:08,311 INFO vex_extract.cursor:   Cursor: filtering 9 static detections at (1042.0, 722.0) spanning 3059ms
2026-03-16 20:13:08,311 INFO vex_extract.cursor:   Cursor: filtering 16 static detections at (1042.0, 722.0) spanning 6085ms
2026-03-16 20:13:08,311 INFO vex_extract.cursor:   Cursor: filtering 20 static detections at (566.0, 523.0) spanning 9280ms
2026-03-16 20:13:08,311 INFO vex_extract.cursor:   Cursor: filtering 17 static detections at (566.0, 523.0) spanning 8533ms
2026-03-16 20:13:08,311 INFO vex_extract.cursor:   Cursor: filtering 13 static detections at (1610.0, 6.0) spanning 4487ms
2026-03-16 20:13:08,311 INFO vex_extract.cursor:   Cursor: filtering 13 static detections at (1610.0, 6.0) spanning 3399ms
2026-03-16 20:13:08,311 INFO vex_extract.cursor:   Cursor: filtering 13 static detections at (36.0, 169.0) spanning 5269ms
2026-03-16 20:13:08,311 INFO vex_extract.cursor:   Cursor: filtering 14 static detections at (36.0, 169.0) spanning 4963ms
2026-03-16 20:13:08,311 INFO vex_extract.cursor:   Cursor: filtering 17 static detections at (1548.0, 817.0) spanning 6391ms
2026-03-16 20:13:08,311 INFO vex_extract.cursor:   Cursor: filtering 19 static detections at (1134.0, 570.0) spanning 8907ms
2026-03-16 20:13:08,311 INFO vex_extract.cursor:   Cursor: filtering 10 static detections at (1134.0, 570.0) spanning 4725ms
2026-03-16 20:13:08,311 INFO vex_extract.cursor:   Cursor: filtering 6 static detections at (574.0, 171.0) spanning 4997ms
2026-03-16 20:13:08,311 INFO vex_extract.cursor:   Cursor: filtering 80 static detections at (1767.0, 280.0) spanning 78697ms
2026-03-16 20:13:08,311 INFO vex_extract.cursor:   Cursor: filtering 25 static detections at (1610.0, 6.0) spanning 6697ms
2026-03-16 20:13:08,311 INFO vex_extract.cursor:   Cursor: filtering 15 static detections at (1610.0, 6.0) spanning 3875ms
2026-03-16 20:13:08,311 INFO vex_extract.cursor:   Cursor: filtering 17 static detections at (1460.0, 896.0) spanning 4861ms
2026-03-16 20:13:08,312 INFO vex_extract.cursor:   Cursor: filtering 33 static detections at (1095.0, 1125.0) spanning 17031ms
2026-03-16 20:13:08,312 INFO vex_extract.cursor:   Cursor: filtering 7 static detections at (1610.0, 6.0) spanning 3603ms
2026-03-16 20:13:08,312 INFO vex_extract.cursor:   Cursor: filtering 43 static detections at (1616.0, 756.0) spanning 42187ms
2026-03-16 20:13:08,312 INFO vex_extract.cursor:   Cursor: filtering 6 static detections at (1610.0, 6.0) spanning 4249ms
2026-03-16 20:13:08,316 INFO vex_extract.pipeline:   Cached cursor trajectory: /Users/nic/Developer/spike-air-315-vision-processing/candidates/2026-03-14/tmp/cv/travel_expert_lisa_f0ebba1b_cursor/cursor_trajectory.json
2026-03-16 20:13:08,316 INFO vex_extract.pipeline:   1464 cursor detections (770 detected) in 113.5s
2026-03-16 20:13:08,316 INFO vex_extract.pipeline: Step 3: Computing optical flow...
2026-03-16 20:13:10,537 INFO vex_extract.flow:   Flow: computing across 1021 frame pairs...
2026-03-16 20:13:13,745 INFO vex_extract.pipeline:   Cached flow windows: /Users/nic/Developer/spike-air-315-vision-processing/candidates/2026-03-14/tmp/cv/travel_expert_lisa_bb5a87ef_f0ebba1b_flow/flow_windows.json
2026-03-16 20:13:13,745 INFO vex_extract.pipeline:   757 flow windows in 5.4s
2026-03-16 20:13:13,745 INFO vex_extract.pipeline: Step 4: Creating video segments...
2026-03-16 20:13:13,745 INFO vex_extract.pipeline:   9 segments
2026-03-16 20:13:13,745 INFO vex_extract.pipeline:   Segment 0: cached
2026-03-16 20:13:13,745 INFO vex_extract.pipeline:   Segment 1: cached
2026-03-16 20:13:13,745 INFO vex_extract.pipeline:   Segment 2: cached
2026-03-16 20:13:13,745 INFO vex_extract.pipeline:   Segment 3: cached
2026-03-16 20:13:13,745 INFO vex_extract.pipeline:   Segment 4: cached
2026-03-16 20:13:13,746 INFO vex_extract.pipeline:   Segment 5: cached
2026-03-16 20:13:13,746 INFO vex_extract.pipeline:   Segment 6: cached
2026-03-16 20:13:13,746 INFO vex_extract.pipeline:   Segment 7: cached
2026-03-16 20:13:13,746 INFO vex_extract.pipeline:   Segment 8: cached
2026-03-16 20:13:13,746 INFO vex_extract.pipeline: Step 5: Preparing prompts...
2026-03-16 20:13:13,746 INFO vex_extract.analysis: Segment 0: prompt prepared (10729 chars)
2026-03-16 20:13:13,747 INFO vex_extract.analysis: Segment 1: prompt prepared (11063 chars)
2026-03-16 20:13:13,748 INFO vex_extract.analysis: Segment 2: prompt prepared (11153 chars)
2026-03-16 20:13:13,748 INFO vex_extract.analysis: Segment 3: prompt prepared (10453 chars)
2026-03-16 20:13:13,749 INFO vex_extract.analysis: Segment 4: prompt prepared (11369 chars)
2026-03-16 20:13:13,749 INFO vex_extract.analysis: Segment 5: prompt prepared (10661 chars)
2026-03-16 20:13:13,750 INFO vex_extract.analysis: Segment 6: prompt prepared (9617 chars)
2026-03-16 20:13:13,751 INFO vex_extract.analysis: Segment 7: prompt prepared (11242 chars)
2026-03-16 20:13:13,751 INFO vex_extract.analysis: Segment 8: prompt prepared (9973 chars)
2026-03-16 20:13:13,751 INFO vex_extract.pipeline:   9 prompts prepared
2026-03-16 20:13:13,751 INFO vex_extract.pipeline: Stopped after: prompt
