2026-03-16 20:47:22,879 INFO vex_extract.pipeline: === Video Event Extractor ===
2026-03-16 20:47:22,879 INFO vex_extract.pipeline: Video: /Users/nic/Developer/spike-air-315-vision-processing/input_data/screen_tracks/travel_expert_veronika.webm
2026-03-16 20:47:22,879 INFO vex_extract.pipeline: Offset: 33442 ms
2026-03-16 20:47:22,879 INFO vex_extract.pipeline: Run ID: 2026-03-16_104722
2026-03-16 20:47:22,879 INFO vex_extract.pipeline: Stop after: prompt
2026-03-16 20:47:22,879 INFO vex_extract.pipeline: Step 1: Normalizing video...
2026-03-16 20:47:22,879 INFO vex_extract.pipeline:   Using cached normalized video: /Users/nic/Developer/spike-air-315-vision-processing/candidates/2026-03-14/tmp/travel_expert_veronika_normalized.mp4
2026-03-16 20:47:22,903 INFO vex_extract.pipeline:   Duration: 314.9s, 1916x1082, 59.9 fps
2026-03-16 20:47:22,903 INFO vex_extract.pipeline: Step 2: Tracking cursor...
2026-03-16 20:47:25,426 INFO vex_extract.cursor:   Cursor: pass 1 — matching 742 frames at 3.0 FPS against 6 templates x 7 scales at 540p...
2026-03-16 20:47:27,133 INFO vex_extract.cursor:   Cursor: 74/742 frames (74 detections)
2026-03-16 20:47:28,588 INFO vex_extract.cursor:   Cursor: 148/742 frames (148 detections)
2026-03-16 20:47:29,848 INFO vex_extract.cursor:   Cursor: 222/742 frames (222 detections)
2026-03-16 20:47:31,241 INFO vex_extract.cursor:   Cursor: 296/742 frames (296 detections)
2026-03-16 20:47:32,433 INFO vex_extract.cursor:   Cursor: 370/742 frames (370 detections)
2026-03-16 20:47:33,729 INFO vex_extract.cursor:   Cursor: 444/742 frames (444 detections)
2026-03-16 20:47:34,712 INFO vex_extract.cursor:   Cursor: 518/742 frames (518 detections)
2026-03-16 20:47:35,707 INFO vex_extract.cursor:   Cursor: 592/742 frames (592 detections)
2026-03-16 20:47:37,890 INFO vex_extract.cursor:   Cursor: 666/742 frames (664 detections)
2026-03-16 20:47:39,219 INFO vex_extract.cursor:   Cursor: 740/742 frames (738 detections)
2026-03-16 20:47:39,259 INFO vex_extract.cursor:   Cursor: calibrated to scales (0.3, 0.4) from coarse pass
2026-03-16 20:47:39,259 INFO vex_extract.cursor:   Cursor: 54 active regions identified
2026-03-16 20:47:39,330 INFO vex_extract.cursor:   Cursor: pass 2 — 18 frames at 5.0 FPS [501ms-4304ms]
2026-03-16 20:47:39,410 INFO vex_extract.cursor:   Cursor: 1/18 frames (1 detections)
2026-03-16 20:47:39,423 INFO vex_extract.cursor:   Cursor: 2/18 frames (2 detections)
2026-03-16 20:47:39,436 INFO vex_extract.cursor:   Cursor: 3/18 frames (3 detections)
2026-03-16 20:47:39,449 INFO vex_extract.cursor:   Cursor: 4/18 frames (4 detections)
2026-03-16 20:47:39,463 INFO vex_extract.cursor:   Cursor: 5/18 frames (5 detections)
2026-03-16 20:47:39,476 INFO vex_extract.cursor:   Cursor: 6/18 frames (6 detections)
2026-03-16 20:47:39,489 INFO vex_extract.cursor:   Cursor: 7/18 frames (7 detections)
2026-03-16 20:47:39,502 INFO vex_extract.cursor:   Cursor: 8/18 frames (8 detections)
2026-03-16 20:47:39,516 INFO vex_extract.cursor:   Cursor: 9/18 frames (9 detections)
2026-03-16 20:47:39,529 INFO vex_extract.cursor:   Cursor: 10/18 frames (10 detections)
2026-03-16 20:47:39,542 INFO vex_extract.cursor:   Cursor: 11/18 frames (11 detections)
2026-03-16 20:47:39,556 INFO vex_extract.cursor:   Cursor: 12/18 frames (12 detections)
2026-03-16 20:47:39,569 INFO vex_extract.cursor:   Cursor: 13/18 frames (13 detections)
2026-03-16 20:47:39,582 INFO vex_extract.cursor:   Cursor: 14/18 frames (14 detections)
2026-03-16 20:47:39,596 INFO vex_extract.cursor:   Cursor: 15/18 frames (15 detections)
2026-03-16 20:47:39,608 INFO vex_extract.cursor:   Cursor: 16/18 frames (16 detections)
2026-03-16 20:47:39,621 INFO vex_extract.cursor:   Cursor: 17/18 frames (17 detections)
2026-03-16 20:47:39,695 INFO vex_extract.cursor:   Cursor: pass 2 — 14 frames at 5.0 FPS [4638ms-7307ms]
2026-03-16 20:47:39,774 INFO vex_extract.cursor:   Cursor: 1/14 frames (1 detections)
2026-03-16 20:47:39,787 INFO vex_extract.cursor:   Cursor: 2/14 frames (2 detections)
2026-03-16 20:47:39,800 INFO vex_extract.cursor:   Cursor: 3/14 frames (3 detections)
2026-03-16 20:47:39,813 INFO vex_extract.cursor:   Cursor: 4/14 frames (4 detections)
2026-03-16 20:47:39,826 INFO vex_extract.cursor:   Cursor: 5/14 frames (5 detections)
2026-03-16 20:47:39,839 INFO vex_extract.cursor:   Cursor: 6/14 frames (6 detections)
2026-03-16 20:47:39,852 INFO vex_extract.cursor:   Cursor: 7/14 frames (7 detections)
2026-03-16 20:47:39,865 INFO vex_extract.cursor:   Cursor: 8/14 frames (8 detections)
2026-03-16 20:47:39,878 INFO vex_extract.cursor:   Cursor: 9/14 frames (9 detections)
2026-03-16 20:47:39,891 INFO vex_extract.cursor:   Cursor: 10/14 frames (10 detections)
2026-03-16 20:47:39,904 INFO vex_extract.cursor:   Cursor: 11/14 frames (11 detections)
2026-03-16 20:47:39,918 INFO vex_extract.cursor:   Cursor: 12/14 frames (12 detections)
2026-03-16 20:47:39,930 INFO vex_extract.cursor:   Cursor: 13/14 frames (13 detections)
2026-03-16 20:47:40,119 INFO vex_extract.cursor:   Cursor: pass 2 — 50 frames at 5.0 FPS [7308ms-17434ms]
2026-03-16 20:47:40,250 INFO vex_extract.cursor:   Cursor: 5/50 frames (5 detections)
2026-03-16 20:47:40,317 INFO vex_extract.cursor:   Cursor: 10/50 frames (10 detections)
2026-03-16 20:47:40,385 INFO vex_extract.cursor:   Cursor: 15/50 frames (15 detections)
2026-03-16 20:47:40,456 INFO vex_extract.cursor:   Cursor: 20/50 frames (20 detections)
2026-03-16 20:47:40,522 INFO vex_extract.cursor:   Cursor: 25/50 frames (25 detections)
2026-03-16 20:47:40,587 INFO vex_extract.cursor:   Cursor: 30/50 frames (30 detections)
2026-03-16 20:47:40,654 INFO vex_extract.cursor:   Cursor: 35/50 frames (35 detections)
2026-03-16 20:47:40,717 INFO vex_extract.cursor:   Cursor: 40/50 frames (40 detections)
2026-03-16 20:47:40,792 INFO vex_extract.cursor:   Cursor: 45/50 frames (45 detections)
2026-03-16 20:47:41,012 INFO vex_extract.cursor:   Cursor: pass 2 — 36 frames at 5.0 FPS [17435ms-24774ms]
2026-03-16 20:47:41,116 INFO vex_extract.cursor:   Cursor: 3/36 frames (3 detections)
2026-03-16 20:47:41,156 INFO vex_extract.cursor:   Cursor: 6/36 frames (6 detections)
2026-03-16 20:47:41,194 INFO vex_extract.cursor:   Cursor: 9/36 frames (9 detections)
2026-03-16 20:47:41,234 INFO vex_extract.cursor:   Cursor: 12/36 frames (12 detections)
2026-03-16 20:47:41,274 INFO vex_extract.cursor:   Cursor: 15/36 frames (15 detections)
2026-03-16 20:47:41,313 INFO vex_extract.cursor:   Cursor: 18/36 frames (18 detections)
2026-03-16 20:47:41,352 INFO vex_extract.cursor:   Cursor: 21/36 frames (21 detections)
2026-03-16 20:47:41,392 INFO vex_extract.cursor:   Cursor: 24/36 frames (24 detections)
2026-03-16 20:47:41,432 INFO vex_extract.cursor:   Cursor: 27/36 frames (27 detections)
2026-03-16 20:47:41,471 INFO vex_extract.cursor:   Cursor: 30/36 frames (30 detections)
2026-03-16 20:47:41,510 INFO vex_extract.cursor:   Cursor: 33/36 frames (33 detections)
2026-03-16 20:47:41,640 INFO vex_extract.cursor:   Cursor: pass 2 — 10 frames at 5.0 FPS [24842ms-26893ms]
2026-03-16 20:47:41,719 INFO vex_extract.cursor:   Cursor: 1/10 frames (1 detections)
2026-03-16 20:47:41,732 INFO vex_extract.cursor:   Cursor: 2/10 frames (2 detections)
2026-03-16 20:47:41,745 INFO vex_extract.cursor:   Cursor: 3/10 frames (3 detections)
2026-03-16 20:47:41,758 INFO vex_extract.cursor:   Cursor: 4/10 frames (4 detections)
2026-03-16 20:47:41,770 INFO vex_extract.cursor:   Cursor: 5/10 frames (5 detections)
2026-03-16 20:47:41,783 INFO vex_extract.cursor:   Cursor: 6/10 frames (6 detections)
2026-03-16 20:47:41,797 INFO vex_extract.cursor:   Cursor: 7/10 frames (7 detections)
2026-03-16 20:47:41,810 INFO vex_extract.cursor:   Cursor: 8/10 frames (8 detections)
2026-03-16 20:47:41,823 INFO vex_extract.cursor:   Cursor: 9/10 frames (9 detections)
2026-03-16 20:47:41,962 INFO vex_extract.cursor:   Cursor: pass 2 — 19 frames at 5.0 FPS [26894ms-30563ms]
2026-03-16 20:47:42,042 INFO vex_extract.cursor:   Cursor: 1/19 frames (1 detections)
2026-03-16 20:47:42,055 INFO vex_extract.cursor:   Cursor: 2/19 frames (2 detections)
2026-03-16 20:47:42,068 INFO vex_extract.cursor:   Cursor: 3/19 frames (3 detections)
2026-03-16 20:47:42,081 INFO vex_extract.cursor:   Cursor: 4/19 frames (4 detections)
2026-03-16 20:47:42,095 INFO vex_extract.cursor:   Cursor: 5/19 frames (5 detections)
2026-03-16 20:47:42,107 INFO vex_extract.cursor:   Cursor: 6/19 frames (6 detections)
2026-03-16 20:47:42,121 INFO vex_extract.cursor:   Cursor: 7/19 frames (7 detections)
2026-03-16 20:47:42,134 INFO vex_extract.cursor:   Cursor: 8/19 frames (8 detections)
2026-03-16 20:47:42,147 INFO vex_extract.cursor:   Cursor: 9/19 frames (9 detections)
2026-03-16 20:47:42,160 INFO vex_extract.cursor:   Cursor: 10/19 frames (10 detections)
2026-03-16 20:47:42,173 INFO vex_extract.cursor:   Cursor: 11/19 frames (11 detections)
2026-03-16 20:47:42,186 INFO vex_extract.cursor:   Cursor: 12/19 frames (12 detections)
2026-03-16 20:47:42,199 INFO vex_extract.cursor:   Cursor: 13/19 frames (13 detections)
2026-03-16 20:47:42,212 INFO vex_extract.cursor:   Cursor: 14/19 frames (14 detections)
2026-03-16 20:47:42,225 INFO vex_extract.cursor:   Cursor: 15/19 frames (15 detections)
2026-03-16 20:47:42,239 INFO vex_extract.cursor:   Cursor: 16/19 frames (16 detections)
2026-03-16 20:47:42,252 INFO vex_extract.cursor:   Cursor: 17/19 frames (17 detections)
2026-03-16 20:47:42,265 INFO vex_extract.cursor:   Cursor: 18/19 frames (18 detections)
2026-03-16 20:47:42,401 INFO vex_extract.cursor:   Cursor: pass 2 — 15 frames at 5.0 FPS [30898ms-33950ms]
2026-03-16 20:47:42,480 INFO vex_extract.cursor:   Cursor: 1/15 frames (1 detections)
2026-03-16 20:47:42,493 INFO vex_extract.cursor:   Cursor: 2/15 frames (2 detections)
2026-03-16 20:47:42,507 INFO vex_extract.cursor:   Cursor: 3/15 frames (3 detections)
2026-03-16 20:47:42,520 INFO vex_extract.cursor:   Cursor: 4/15 frames (4 detections)
2026-03-16 20:47:42,533 INFO vex_extract.cursor:   Cursor: 5/15 frames (5 detections)
2026-03-16 20:47:42,545 INFO vex_extract.cursor:   Cursor: 6/15 frames (6 detections)
2026-03-16 20:47:42,559 INFO vex_extract.cursor:   Cursor: 7/15 frames (7 detections)
2026-03-16 20:47:42,572 INFO vex_extract.cursor:   Cursor: 8/15 frames (8 detections)
2026-03-16 20:47:42,585 INFO vex_extract.cursor:   Cursor: 9/15 frames (9 detections)
2026-03-16 20:47:42,598 INFO vex_extract.cursor:   Cursor: 10/15 frames (10 detections)
2026-03-16 20:47:42,611 INFO vex_extract.cursor:   Cursor: 11/15 frames (11 detections)
2026-03-16 20:47:42,624 INFO vex_extract.cursor:   Cursor: 12/15 frames (12 detections)
2026-03-16 20:47:42,637 INFO vex_extract.cursor:   Cursor: 13/15 frames (13 detections)
2026-03-16 20:47:42,651 INFO vex_extract.cursor:   Cursor: 14/15 frames (14 detections)
2026-03-16 20:47:42,928 INFO vex_extract.cursor:   Cursor: pass 2 — 59 frames at 5.0 FPS [34351ms-48998ms]
2026-03-16 20:47:43,060 INFO vex_extract.cursor:   Cursor: 5/59 frames (5 detections)
2026-03-16 20:47:43,126 INFO vex_extract.cursor:   Cursor: 10/59 frames (10 detections)
2026-03-16 20:47:43,190 INFO vex_extract.cursor:   Cursor: 15/59 frames (15 detections)
2026-03-16 20:47:43,255 INFO vex_extract.cursor:   Cursor: 20/59 frames (20 detections)
2026-03-16 20:47:43,321 INFO vex_extract.cursor:   Cursor: 25/59 frames (25 detections)
2026-03-16 20:47:43,388 INFO vex_extract.cursor:   Cursor: 30/59 frames (30 detections)
2026-03-16 20:47:43,456 INFO vex_extract.cursor:   Cursor: 35/59 frames (35 detections)
2026-03-16 20:47:43,522 INFO vex_extract.cursor:   Cursor: 40/59 frames (40 detections)
2026-03-16 20:47:43,589 INFO vex_extract.cursor:   Cursor: 45/59 frames (45 detections)
2026-03-16 20:47:43,656 INFO vex_extract.cursor:   Cursor: 50/59 frames (50 detections)
2026-03-16 20:47:43,724 INFO vex_extract.cursor:   Cursor: 55/59 frames (55 detections)
2026-03-16 20:47:43,913 INFO vex_extract.cursor:   Cursor: pass 2 — 7 frames at 5.0 FPS [49467ms-50850ms]
2026-03-16 20:47:43,992 INFO vex_extract.cursor:   Cursor: 1/7 frames (1 detections)
2026-03-16 20:47:44,005 INFO vex_extract.cursor:   Cursor: 2/7 frames (2 detections)
2026-03-16 20:47:44,019 INFO vex_extract.cursor:   Cursor: 3/7 frames (3 detections)
2026-03-16 20:47:44,032 INFO vex_extract.cursor:   Cursor: 4/7 frames (4 detections)
2026-03-16 20:47:44,045 INFO vex_extract.cursor:   Cursor: 5/7 frames (5 detections)
2026-03-16 20:47:44,059 INFO vex_extract.cursor:   Cursor: 6/7 frames (6 detections)
2026-03-16 20:47:44,228 INFO vex_extract.cursor:   Cursor: pass 2 — 13 frames at 5.0 FPS [51619ms-54370ms]
2026-03-16 20:47:44,308 INFO vex_extract.cursor:   Cursor: 1/13 frames (1 detections)
2026-03-16 20:47:44,321 INFO vex_extract.cursor:   Cursor: 2/13 frames (2 detections)
2026-03-16 20:47:44,335 INFO vex_extract.cursor:   Cursor: 3/13 frames (3 detections)
2026-03-16 20:47:44,348 INFO vex_extract.cursor:   Cursor: 4/13 frames (4 detections)
2026-03-16 20:47:44,362 INFO vex_extract.cursor:   Cursor: 5/13 frames (5 detections)
2026-03-16 20:47:44,375 INFO vex_extract.cursor:   Cursor: 6/13 frames (6 detections)
2026-03-16 20:47:44,388 INFO vex_extract.cursor:   Cursor: 7/13 frames (7 detections)
2026-03-16 20:47:44,401 INFO vex_extract.cursor:   Cursor: 8/13 frames (8 detections)
2026-03-16 20:47:44,415 INFO vex_extract.cursor:   Cursor: 9/13 frames (9 detections)
2026-03-16 20:47:44,428 INFO vex_extract.cursor:   Cursor: 10/13 frames (10 detections)
2026-03-16 20:47:44,441 INFO vex_extract.cursor:   Cursor: 11/13 frames (11 detections)
2026-03-16 20:47:44,454 INFO vex_extract.cursor:   Cursor: 12/13 frames (12 detections)
2026-03-16 20:47:44,632 INFO vex_extract.cursor:   Cursor: pass 2 — 14 frames at 5.0 FPS [56974ms-59642ms]
2026-03-16 20:47:44,711 INFO vex_extract.cursor:   Cursor: 1/14 frames (1 detections)
2026-03-16 20:47:44,724 INFO vex_extract.cursor:   Cursor: 2/14 frames (2 detections)
2026-03-16 20:47:44,737 INFO vex_extract.cursor:   Cursor: 3/14 frames (3 detections)
2026-03-16 20:47:44,750 INFO vex_extract.cursor:   Cursor: 4/14 frames (4 detections)
2026-03-16 20:47:44,764 INFO vex_extract.cursor:   Cursor: 5/14 frames (5 detections)
2026-03-16 20:47:44,777 INFO vex_extract.cursor:   Cursor: 6/14 frames (6 detections)
2026-03-16 20:47:44,790 INFO vex_extract.cursor:   Cursor: 7/14 frames (7 detections)
2026-03-16 20:47:44,803 INFO vex_extract.cursor:   Cursor: 8/14 frames (8 detections)
2026-03-16 20:47:44,816 INFO vex_extract.cursor:   Cursor: 9/14 frames (9 detections)
2026-03-16 20:47:44,829 INFO vex_extract.cursor:   Cursor: 10/14 frames (10 detections)
2026-03-16 20:47:44,842 INFO vex_extract.cursor:   Cursor: 11/14 frames (11 detections)
2026-03-16 20:47:44,855 INFO vex_extract.cursor:   Cursor: 12/14 frames (12 detections)
2026-03-16 20:47:44,868 INFO vex_extract.cursor:   Cursor: 13/14 frames (13 detections)
2026-03-16 20:47:45,053 INFO vex_extract.cursor:   Cursor: pass 2 — 13 frames at 5.0 FPS [62146ms-65198ms]
2026-03-16 20:47:45,132 INFO vex_extract.cursor:   Cursor: 1/13 frames (1 detections)
2026-03-16 20:47:45,146 INFO vex_extract.cursor:   Cursor: 2/13 frames (2 detections)
2026-03-16 20:47:45,159 INFO vex_extract.cursor:   Cursor: 3/13 frames (3 detections)
2026-03-16 20:47:45,173 INFO vex_extract.cursor:   Cursor: 4/13 frames (4 detections)
2026-03-16 20:47:45,186 INFO vex_extract.cursor:   Cursor: 5/13 frames (5 detections)
2026-03-16 20:47:45,199 INFO vex_extract.cursor:   Cursor: 6/13 frames (6 detections)
2026-03-16 20:47:45,212 INFO vex_extract.cursor:   Cursor: 7/13 frames (7 detections)
2026-03-16 20:47:45,225 INFO vex_extract.cursor:   Cursor: 8/13 frames (8 detections)
2026-03-16 20:47:45,238 INFO vex_extract.cursor:   Cursor: 9/13 frames (9 detections)
2026-03-16 20:47:45,251 INFO vex_extract.cursor:   Cursor: 10/13 frames (10 detections)
2026-03-16 20:47:45,264 INFO vex_extract.cursor:   Cursor: 11/13 frames (11 detections)
2026-03-16 20:47:45,277 INFO vex_extract.cursor:   Cursor: 12/13 frames (12 detections)
2026-03-16 20:47:45,456 INFO vex_extract.cursor:   Cursor: pass 2 — 8 frames at 5.0 FPS [66867ms-69052ms]
2026-03-16 20:47:45,535 INFO vex_extract.cursor:   Cursor: 1/8 frames (1 detections)
2026-03-16 20:47:45,548 INFO vex_extract.cursor:   Cursor: 2/8 frames (2 detections)
2026-03-16 20:47:45,561 INFO vex_extract.cursor:   Cursor: 3/8 frames (3 detections)
2026-03-16 20:47:45,574 INFO vex_extract.cursor:   Cursor: 4/8 frames (4 detections)
2026-03-16 20:47:45,587 INFO vex_extract.cursor:   Cursor: 5/8 frames (5 detections)
2026-03-16 20:47:45,600 INFO vex_extract.cursor:   Cursor: 6/8 frames (6 detections)
2026-03-16 20:47:45,613 INFO vex_extract.cursor:   Cursor: 7/8 frames (7 detections)
2026-03-16 20:47:45,794 INFO vex_extract.cursor:   Cursor: pass 2 — 7 frames at 5.0 FPS [70237ms-72005ms]
2026-03-16 20:47:45,873 INFO vex_extract.cursor:   Cursor: 1/7 frames (1 detections)
2026-03-16 20:47:45,886 INFO vex_extract.cursor:   Cursor: 2/7 frames (2 detections)
2026-03-16 20:47:45,978 INFO vex_extract.cursor:   Cursor: 3/7 frames (3 detections)
2026-03-16 20:47:45,991 INFO vex_extract.cursor:   Cursor: 4/7 frames (4 detections)
2026-03-16 20:47:46,005 INFO vex_extract.cursor:   Cursor: 5/7 frames (5 detections)
2026-03-16 20:47:46,018 INFO vex_extract.cursor:   Cursor: 6/7 frames (6 detections)
2026-03-16 20:47:46,205 INFO vex_extract.cursor:   Cursor: pass 2 — 8 frames at 5.0 FPS [72189ms-73907ms]
2026-03-16 20:47:46,285 INFO vex_extract.cursor:   Cursor: 1/8 frames (1 detections)
2026-03-16 20:47:46,299 INFO vex_extract.cursor:   Cursor: 2/8 frames (2 detections)
2026-03-16 20:47:46,312 INFO vex_extract.cursor:   Cursor: 3/8 frames (3 detections)
2026-03-16 20:47:46,325 INFO vex_extract.cursor:   Cursor: 4/8 frames (4 detections)
2026-03-16 20:47:46,338 INFO vex_extract.cursor:   Cursor: 5/8 frames (5 detections)
2026-03-16 20:47:46,350 INFO vex_extract.cursor:   Cursor: 6/8 frames (6 detections)
2026-03-16 20:47:46,363 INFO vex_extract.cursor:   Cursor: 7/8 frames (7 detections)
2026-03-16 20:47:46,556 INFO vex_extract.cursor:   Cursor: pass 2 — 8 frames at 5.0 FPS [73908ms-75575ms]
2026-03-16 20:47:46,636 INFO vex_extract.cursor:   Cursor: 1/8 frames (1 detections)
2026-03-16 20:47:46,649 INFO vex_extract.cursor:   Cursor: 2/8 frames (2 detections)
2026-03-16 20:47:46,662 INFO vex_extract.cursor:   Cursor: 3/8 frames (3 detections)
2026-03-16 20:47:46,675 INFO vex_extract.cursor:   Cursor: 4/8 frames (4 detections)
2026-03-16 20:47:46,688 INFO vex_extract.cursor:   Cursor: 5/8 frames (5 detections)
2026-03-16 20:47:46,701 INFO vex_extract.cursor:   Cursor: 6/8 frames (6 detections)
2026-03-16 20:47:46,714 INFO vex_extract.cursor:   Cursor: 7/8 frames (7 detections)
2026-03-16 20:47:47,002 INFO vex_extract.cursor:   Cursor: pass 2 — 9 frames at 5.0 FPS [77578ms-79245ms]
2026-03-16 20:47:47,082 INFO vex_extract.cursor:   Cursor: 1/9 frames (1 detections)
2026-03-16 20:47:47,095 INFO vex_extract.cursor:   Cursor: 2/9 frames (2 detections)
2026-03-16 20:47:47,109 INFO vex_extract.cursor:   Cursor: 3/9 frames (3 detections)
2026-03-16 20:47:47,133 INFO vex_extract.cursor:   Cursor: 4/9 frames (4 detections)
2026-03-16 20:47:47,147 INFO vex_extract.cursor:   Cursor: 5/9 frames (5 detections)
2026-03-16 20:47:47,161 INFO vex_extract.cursor:   Cursor: 6/9 frames (6 detections)
2026-03-16 20:47:47,174 INFO vex_extract.cursor:   Cursor: 7/9 frames (7 detections)
2026-03-16 20:47:47,188 INFO vex_extract.cursor:   Cursor: 8/9 frames (8 detections)
2026-03-16 20:47:47,537 INFO vex_extract.cursor:   Cursor: pass 2 — 56 frames at 5.0 FPS [79246ms-90373ms]
2026-03-16 20:47:47,669 INFO vex_extract.cursor:   Cursor: 5/56 frames (5 detections)
2026-03-16 20:47:47,735 INFO vex_extract.cursor:   Cursor: 10/56 frames (10 detections)
2026-03-16 20:47:47,802 INFO vex_extract.cursor:   Cursor: 15/56 frames (15 detections)
2026-03-16 20:47:47,868 INFO vex_extract.cursor:   Cursor: 20/56 frames (20 detections)
2026-03-16 20:47:47,934 INFO vex_extract.cursor:   Cursor: 25/56 frames (25 detections)
2026-03-16 20:47:48,000 INFO vex_extract.cursor:   Cursor: 30/56 frames (30 detections)
2026-03-16 20:47:48,066 INFO vex_extract.cursor:   Cursor: 35/56 frames (35 detections)
2026-03-16 20:47:48,133 INFO vex_extract.cursor:   Cursor: 40/56 frames (40 detections)
2026-03-16 20:47:48,200 INFO vex_extract.cursor:   Cursor: 45/56 frames (45 detections)
2026-03-16 20:47:48,267 INFO vex_extract.cursor:   Cursor: 50/56 frames (50 detections)
2026-03-16 20:47:48,333 INFO vex_extract.cursor:   Cursor: 55/56 frames (55 detections)
2026-03-16 20:47:48,574 INFO vex_extract.cursor:   Cursor: pass 2 — 10 frames at 5.0 FPS [92960ms-95044ms]
2026-03-16 20:47:48,654 INFO vex_extract.cursor:   Cursor: 1/10 frames (1 detections)
2026-03-16 20:47:48,668 INFO vex_extract.cursor:   Cursor: 2/10 frames (2 detections)
2026-03-16 20:47:48,681 INFO vex_extract.cursor:   Cursor: 3/10 frames (3 detections)
2026-03-16 20:47:48,694 INFO vex_extract.cursor:   Cursor: 4/10 frames (4 detections)
2026-03-16 20:47:48,707 INFO vex_extract.cursor:   Cursor: 5/10 frames (5 detections)
2026-03-16 20:47:48,721 INFO vex_extract.cursor:   Cursor: 6/10 frames (6 detections)
2026-03-16 20:47:48,734 INFO vex_extract.cursor:   Cursor: 7/10 frames (7 detections)
2026-03-16 20:47:48,747 INFO vex_extract.cursor:   Cursor: 8/10 frames (8 detections)
2026-03-16 20:47:48,760 INFO vex_extract.cursor:   Cursor: 9/10 frames (9 detections)
2026-03-16 20:47:49,030 INFO vex_extract.cursor:   Cursor: pass 2 — 19 frames at 5.0 FPS [95162ms-100300ms]
2026-03-16 20:47:49,110 INFO vex_extract.cursor:   Cursor: 1/19 frames (1 detections)
2026-03-16 20:47:49,123 INFO vex_extract.cursor:   Cursor: 2/19 frames (2 detections)
2026-03-16 20:47:49,136 INFO vex_extract.cursor:   Cursor: 3/19 frames (3 detections)
2026-03-16 20:47:49,150 INFO vex_extract.cursor:   Cursor: 4/19 frames (4 detections)
2026-03-16 20:47:49,163 INFO vex_extract.cursor:   Cursor: 5/19 frames (5 detections)
2026-03-16 20:47:49,177 INFO vex_extract.cursor:   Cursor: 6/19 frames (6 detections)
2026-03-16 20:47:49,189 INFO vex_extract.cursor:   Cursor: 7/19 frames (7 detections)
2026-03-16 20:47:49,203 INFO vex_extract.cursor:   Cursor: 8/19 frames (8 detections)
2026-03-16 20:47:49,216 INFO vex_extract.cursor:   Cursor: 9/19 frames (9 detections)
2026-03-16 20:47:49,230 INFO vex_extract.cursor:   Cursor: 10/19 frames (10 detections)
2026-03-16 20:47:49,243 INFO vex_extract.cursor:   Cursor: 11/19 frames (11 detections)
2026-03-16 20:47:49,256 INFO vex_extract.cursor:   Cursor: 12/19 frames (12 detections)
2026-03-16 20:47:49,270 INFO vex_extract.cursor:   Cursor: 13/19 frames (13 detections)
2026-03-16 20:47:49,283 INFO vex_extract.cursor:   Cursor: 14/19 frames (14 detections)
2026-03-16 20:47:49,297 INFO vex_extract.cursor:   Cursor: 15/19 frames (15 detections)
2026-03-16 20:47:49,310 INFO vex_extract.cursor:   Cursor: 16/19 frames (16 detections)
2026-03-16 20:47:49,324 INFO vex_extract.cursor:   Cursor: 17/19 frames (17 detections)
2026-03-16 20:47:49,337 INFO vex_extract.cursor:   Cursor: 18/19 frames (18 detections)
2026-03-16 20:47:49,611 INFO vex_extract.cursor:   Cursor: pass 2 — 17 frames at 5.0 FPS [101018ms-104571ms]
2026-03-16 20:47:49,691 INFO vex_extract.cursor:   Cursor: 1/17 frames (1 detections)
2026-03-16 20:47:49,704 INFO vex_extract.cursor:   Cursor: 2/17 frames (2 detections)
2026-03-16 20:47:49,717 INFO vex_extract.cursor:   Cursor: 3/17 frames (3 detections)
2026-03-16 20:47:49,730 INFO vex_extract.cursor:   Cursor: 4/17 frames (4 detections)
2026-03-16 20:47:49,743 INFO vex_extract.cursor:   Cursor: 5/17 frames (5 detections)
2026-03-16 20:47:49,756 INFO vex_extract.cursor:   Cursor: 6/17 frames (6 detections)
2026-03-16 20:47:49,770 INFO vex_extract.cursor:   Cursor: 7/17 frames (7 detections)
2026-03-16 20:47:49,783 INFO vex_extract.cursor:   Cursor: 8/17 frames (8 detections)
2026-03-16 20:47:49,796 INFO vex_extract.cursor:   Cursor: 9/17 frames (9 detections)
2026-03-16 20:47:49,809 INFO vex_extract.cursor:   Cursor: 10/17 frames (10 detections)
2026-03-16 20:47:49,822 INFO vex_extract.cursor:   Cursor: 11/17 frames (11 detections)
2026-03-16 20:47:49,835 INFO vex_extract.cursor:   Cursor: 12/17 frames (12 detections)
2026-03-16 20:47:49,848 INFO vex_extract.cursor:   Cursor: 13/17 frames (13 detections)
2026-03-16 20:47:49,862 INFO vex_extract.cursor:   Cursor: 14/17 frames (14 detections)
2026-03-16 20:47:49,874 INFO vex_extract.cursor:   Cursor: 15/17 frames (15 detections)
2026-03-16 20:47:49,888 INFO vex_extract.cursor:   Cursor: 16/17 frames (16 detections)
2026-03-16 20:47:50,196 INFO vex_extract.cursor:   Cursor: pass 2 — 26 frames at 5.0 FPS [104572ms-109859ms]
2026-03-16 20:47:50,288 INFO vex_extract.cursor:   Cursor: 2/26 frames (2 detections)
2026-03-16 20:47:50,315 INFO vex_extract.cursor:   Cursor: 4/26 frames (4 detections)
2026-03-16 20:47:50,341 INFO vex_extract.cursor:   Cursor: 6/26 frames (6 detections)
2026-03-16 20:47:50,368 INFO vex_extract.cursor:   Cursor: 8/26 frames (8 detections)
2026-03-16 20:47:50,394 INFO vex_extract.cursor:   Cursor: 10/26 frames (10 detections)
2026-03-16 20:47:50,421 INFO vex_extract.cursor:   Cursor: 12/26 frames (12 detections)
2026-03-16 20:47:50,447 INFO vex_extract.cursor:   Cursor: 14/26 frames (14 detections)
2026-03-16 20:47:50,474 INFO vex_extract.cursor:   Cursor: 16/26 frames (16 detections)
2026-03-16 20:47:50,500 INFO vex_extract.cursor:   Cursor: 18/26 frames (18 detections)
2026-03-16 20:47:50,526 INFO vex_extract.cursor:   Cursor: 20/26 frames (20 detections)
2026-03-16 20:47:50,551 INFO vex_extract.cursor:   Cursor: 22/26 frames (22 detections)
2026-03-16 20:47:50,577 INFO vex_extract.cursor:   Cursor: 24/26 frames (24 detections)
2026-03-16 20:47:50,854 INFO vex_extract.cursor:   Cursor: pass 2 — 7 frames at 5.0 FPS [110194ms-111528ms]
2026-03-16 20:47:50,935 INFO vex_extract.cursor:   Cursor: 1/7 frames (1 detections)
2026-03-16 20:47:50,948 INFO vex_extract.cursor:   Cursor: 2/7 frames (2 detections)
2026-03-16 20:47:50,961 INFO vex_extract.cursor:   Cursor: 3/7 frames (3 detections)
2026-03-16 20:47:50,974 INFO vex_extract.cursor:   Cursor: 4/7 frames (4 detections)
2026-03-16 20:47:50,988 INFO vex_extract.cursor:   Cursor: 5/7 frames (5 detections)
2026-03-16 20:47:51,001 INFO vex_extract.cursor:   Cursor: 6/7 frames (6 detections)
2026-03-16 20:47:51,284 INFO vex_extract.cursor:   Cursor: pass 2 — 12 frames at 5.0 FPS [111529ms-116916ms]
2026-03-16 20:47:51,364 INFO vex_extract.cursor:   Cursor: 1/12 frames (1 detections)
2026-03-16 20:47:51,377 INFO vex_extract.cursor:   Cursor: 2/12 frames (2 detections)
2026-03-16 20:47:51,390 INFO vex_extract.cursor:   Cursor: 3/12 frames (3 detections)
2026-03-16 20:47:51,404 INFO vex_extract.cursor:   Cursor: 4/12 frames (4 detections)
2026-03-16 20:47:51,417 INFO vex_extract.cursor:   Cursor: 5/12 frames (5 detections)
2026-03-16 20:47:51,430 INFO vex_extract.cursor:   Cursor: 6/12 frames (6 detections)
2026-03-16 20:47:51,443 INFO vex_extract.cursor:   Cursor: 7/12 frames (7 detections)
2026-03-16 20:47:51,456 INFO vex_extract.cursor:   Cursor: 8/12 frames (8 detections)
2026-03-16 20:47:51,469 INFO vex_extract.cursor:   Cursor: 9/12 frames (9 detections)
2026-03-16 20:47:51,483 INFO vex_extract.cursor:   Cursor: 10/12 frames (10 detections)
2026-03-16 20:47:51,496 INFO vex_extract.cursor:   Cursor: 11/12 frames (11 detections)
2026-03-16 20:47:51,765 INFO vex_extract.cursor:   Cursor: pass 2 — 3 frames at 5.0 FPS [121939ms-124941ms]
2026-03-16 20:47:51,845 INFO vex_extract.cursor:   Cursor: 1/3 frames (1 detections)
2026-03-16 20:47:51,859 INFO vex_extract.cursor:   Cursor: 2/3 frames (2 detections)
2026-03-16 20:47:52,132 INFO vex_extract.cursor:   Cursor: pass 2 — 5 frames at 5.0 FPS [125943ms-130947ms]
2026-03-16 20:47:52,211 INFO vex_extract.cursor:   Cursor: 1/5 frames (1 detections)
2026-03-16 20:47:52,224 INFO vex_extract.cursor:   Cursor: 2/5 frames (2 detections)
2026-03-16 20:47:52,237 INFO vex_extract.cursor:   Cursor: 3/5 frames (3 detections)
2026-03-16 20:47:52,250 INFO vex_extract.cursor:   Cursor: 4/5 frames (4 detections)
2026-03-16 20:47:52,538 INFO vex_extract.cursor:   Cursor: pass 2 — 8 frames at 5.0 FPS [131966ms-139973ms]
2026-03-16 20:47:52,617 INFO vex_extract.cursor:   Cursor: 1/8 frames (1 detections)
2026-03-16 20:47:52,630 INFO vex_extract.cursor:   Cursor: 2/8 frames (2 detections)
2026-03-16 20:47:52,644 INFO vex_extract.cursor:   Cursor: 3/8 frames (3 detections)
2026-03-16 20:47:52,657 INFO vex_extract.cursor:   Cursor: 4/8 frames (4 detections)
2026-03-16 20:47:52,670 INFO vex_extract.cursor:   Cursor: 5/8 frames (5 detections)
2026-03-16 20:47:52,683 INFO vex_extract.cursor:   Cursor: 6/8 frames (6 detections)
2026-03-16 20:47:52,697 INFO vex_extract.cursor:   Cursor: 7/8 frames (7 detections)
2026-03-16 20:47:52,997 INFO vex_extract.cursor:   Cursor: pass 2 — 8 frames at 5.0 FPS [144862ms-147614ms]
2026-03-16 20:47:53,076 INFO vex_extract.cursor:   Cursor: 1/8 frames (1 detections)
2026-03-16 20:47:53,090 INFO vex_extract.cursor:   Cursor: 2/8 frames (2 detections)
2026-03-16 20:47:53,104 INFO vex_extract.cursor:   Cursor: 3/8 frames (3 detections)
2026-03-16 20:47:53,117 INFO vex_extract.cursor:   Cursor: 4/8 frames (4 detections)
2026-03-16 20:47:53,130 INFO vex_extract.cursor:   Cursor: 5/8 frames (5 detections)
2026-03-16 20:47:53,143 INFO vex_extract.cursor:   Cursor: 6/8 frames (6 detections)
2026-03-16 20:47:53,156 INFO vex_extract.cursor:   Cursor: 7/8 frames (7 detections)
2026-03-16 20:47:53,457 INFO vex_extract.cursor:   Cursor: pass 2 — 5 frames at 5.0 FPS [149183ms-150683ms]
2026-03-16 20:47:53,536 INFO vex_extract.cursor:   Cursor: 1/5 frames (1 detections)
2026-03-16 20:47:53,549 INFO vex_extract.cursor:   Cursor: 2/5 frames (2 detections)
2026-03-16 20:47:53,563 INFO vex_extract.cursor:   Cursor: 3/5 frames (3 detections)
2026-03-16 20:47:53,576 INFO vex_extract.cursor:   Cursor: 4/5 frames (4 detections)
2026-03-16 20:47:53,907 INFO vex_extract.cursor:   Cursor: pass 2 — 13 frames at 5.0 FPS [154738ms-158374ms]
2026-03-16 20:47:53,987 INFO vex_extract.cursor:   Cursor: 1/13 frames (1 detections)
2026-03-16 20:47:54,000 INFO vex_extract.cursor:   Cursor: 2/13 frames (2 detections)
2026-03-16 20:47:54,013 INFO vex_extract.cursor:   Cursor: 3/13 frames (3 detections)
2026-03-16 20:47:54,026 INFO vex_extract.cursor:   Cursor: 4/13 frames (4 detections)
2026-03-16 20:47:54,039 INFO vex_extract.cursor:   Cursor: 5/13 frames (5 detections)
2026-03-16 20:47:54,052 INFO vex_extract.cursor:   Cursor: 6/13 frames (6 detections)
2026-03-16 20:47:54,066 INFO vex_extract.cursor:   Cursor: 7/13 frames (7 detections)
2026-03-16 20:47:54,079 INFO vex_extract.cursor:   Cursor: 8/13 frames (8 detections)
2026-03-16 20:47:54,092 INFO vex_extract.cursor:   Cursor: 9/13 frames (9 detections)
2026-03-16 20:47:54,106 INFO vex_extract.cursor:   Cursor: 10/13 frames (10 detections)
2026-03-16 20:47:54,119 INFO vex_extract.cursor:   Cursor: 11/13 frames (11 detections)
2026-03-16 20:47:54,133 INFO vex_extract.cursor:   Cursor: 12/13 frames (12 detections)
2026-03-16 20:47:54,527 INFO vex_extract.cursor:   Cursor: pass 2 — 31 frames at 5.0 FPS [159193ms-166099ms]
2026-03-16 20:47:54,634 INFO vex_extract.cursor:   Cursor: 3/31 frames (3 detections)
2026-03-16 20:47:54,673 INFO vex_extract.cursor:   Cursor: 6/31 frames (6 detections)
2026-03-16 20:47:54,714 INFO vex_extract.cursor:   Cursor: 9/31 frames (9 detections)
2026-03-16 20:47:54,754 INFO vex_extract.cursor:   Cursor: 12/31 frames (12 detections)
2026-03-16 20:47:54,795 INFO vex_extract.cursor:   Cursor: 15/31 frames (15 detections)
2026-03-16 20:47:54,834 INFO vex_extract.cursor:   Cursor: 18/31 frames (18 detections)
2026-03-16 20:47:54,874 INFO vex_extract.cursor:   Cursor: 21/31 frames (21 detections)
2026-03-16 20:47:54,914 INFO vex_extract.cursor:   Cursor: 24/31 frames (24 detections)
2026-03-16 20:47:54,954 INFO vex_extract.cursor:   Cursor: 27/31 frames (27 detections)
2026-03-16 20:47:54,994 INFO vex_extract.cursor:   Cursor: 30/31 frames (30 detections)
2026-03-16 20:47:55,355 INFO vex_extract.cursor:   Cursor: pass 2 — 6 frames at 5.0 FPS [175442ms-176776ms]
2026-03-16 20:47:55,434 INFO vex_extract.cursor:   Cursor: 1/6 frames (1 detections)
2026-03-16 20:47:55,448 INFO vex_extract.cursor:   Cursor: 2/6 frames (2 detections)
2026-03-16 20:47:55,461 INFO vex_extract.cursor:   Cursor: 3/6 frames (3 detections)
2026-03-16 20:47:55,474 INFO vex_extract.cursor:   Cursor: 4/6 frames (4 detections)
2026-03-16 20:47:55,487 INFO vex_extract.cursor:   Cursor: 5/6 frames (5 detections)
2026-03-16 20:47:55,867 INFO vex_extract.cursor:   Cursor: pass 2 — 7 frames at 5.0 FPS [179113ms-180446ms]
2026-03-16 20:47:55,947 INFO vex_extract.cursor:   Cursor: 1/7 frames (1 detections)
2026-03-16 20:47:55,960 INFO vex_extract.cursor:   Cursor: 2/7 frames (2 detections)
2026-03-16 20:47:55,973 INFO vex_extract.cursor:   Cursor: 3/7 frames (3 detections)
2026-03-16 20:47:55,987 INFO vex_extract.cursor:   Cursor: 4/7 frames (4 detections)
2026-03-16 20:47:56,000 INFO vex_extract.cursor:   Cursor: 5/7 frames (5 detections)
2026-03-16 20:47:56,013 INFO vex_extract.cursor:   Cursor: 6/7 frames (6 detections)
2026-03-16 20:47:56,484 INFO vex_extract.cursor:   Cursor: pass 2 — 31 frames at 5.0 FPS [189139ms-195745ms]
2026-03-16 20:47:56,590 INFO vex_extract.cursor:   Cursor: 3/31 frames (3 detections)
2026-03-16 20:47:56,630 INFO vex_extract.cursor:   Cursor: 6/31 frames (6 detections)
2026-03-16 20:47:56,670 INFO vex_extract.cursor:   Cursor: 9/31 frames (9 detections)
2026-03-16 20:47:56,709 INFO vex_extract.cursor:   Cursor: 12/31 frames (12 detections)
2026-03-16 20:47:56,749 INFO vex_extract.cursor:   Cursor: 15/31 frames (15 detections)
2026-03-16 20:47:56,788 INFO vex_extract.cursor:   Cursor: 18/31 frames (18 detections)
2026-03-16 20:47:56,828 INFO vex_extract.cursor:   Cursor: 21/31 frames (21 detections)
2026-03-16 20:47:56,869 INFO vex_extract.cursor:   Cursor: 24/31 frames (24 detections)
2026-03-16 20:47:56,909 INFO vex_extract.cursor:   Cursor: 27/31 frames (27 detections)
2026-03-16 20:47:56,949 INFO vex_extract.cursor:   Cursor: 30/31 frames (30 detections)
2026-03-16 20:47:57,436 INFO vex_extract.cursor:   Cursor: pass 2 — 25 frames at 5.0 FPS [198966ms-204554ms]
2026-03-16 20:47:57,530 INFO vex_extract.cursor:   Cursor: 2/25 frames (2 detections)
2026-03-16 20:47:57,556 INFO vex_extract.cursor:   Cursor: 4/25 frames (4 detections)
2026-03-16 20:47:57,583 INFO vex_extract.cursor:   Cursor: 6/25 frames (6 detections)
2026-03-16 20:47:57,610 INFO vex_extract.cursor:   Cursor: 8/25 frames (8 detections)
2026-03-16 20:47:57,637 INFO vex_extract.cursor:   Cursor: 10/25 frames (10 detections)
2026-03-16 20:47:57,664 INFO vex_extract.cursor:   Cursor: 12/25 frames (12 detections)
2026-03-16 20:47:57,690 INFO vex_extract.cursor:   Cursor: 14/25 frames (14 detections)
2026-03-16 20:47:57,717 INFO vex_extract.cursor:   Cursor: 16/25 frames (16 detections)
2026-03-16 20:47:57,744 INFO vex_extract.cursor:   Cursor: 18/25 frames (18 detections)
2026-03-16 20:47:57,770 INFO vex_extract.cursor:   Cursor: 20/25 frames (20 detections)
2026-03-16 20:47:57,797 INFO vex_extract.cursor:   Cursor: 22/25 frames (22 detections)
2026-03-16 20:47:57,824 INFO vex_extract.cursor:   Cursor: 24/25 frames (24 detections)
2026-03-16 20:47:58,381 INFO vex_extract.cursor:   Cursor: pass 2 — 33 frames at 5.0 FPS [204588ms-211527ms]
2026-03-16 20:47:58,488 INFO vex_extract.cursor:   Cursor: 3/33 frames (3 detections)
2026-03-16 20:47:58,528 INFO vex_extract.cursor:   Cursor: 6/33 frames (6 detections)
2026-03-16 20:47:58,568 INFO vex_extract.cursor:   Cursor: 9/33 frames (9 detections)
2026-03-16 20:47:58,608 INFO vex_extract.cursor:   Cursor: 12/33 frames (12 detections)
2026-03-16 20:47:58,648 INFO vex_extract.cursor:   Cursor: 15/33 frames (15 detections)
2026-03-16 20:47:58,689 INFO vex_extract.cursor:   Cursor: 18/33 frames (18 detections)
2026-03-16 20:47:58,728 INFO vex_extract.cursor:   Cursor: 21/33 frames (21 detections)
2026-03-16 20:47:58,769 INFO vex_extract.cursor:   Cursor: 24/33 frames (24 detections)
2026-03-16 20:47:58,808 INFO vex_extract.cursor:   Cursor: 27/33 frames (27 detections)
2026-03-16 20:47:58,849 INFO vex_extract.cursor:   Cursor: 30/33 frames (30 detections)
2026-03-16 20:47:59,395 INFO vex_extract.cursor:   Cursor: pass 2 — 12 frames at 5.0 FPS [211545ms-214030ms]
2026-03-16 20:47:59,475 INFO vex_extract.cursor:   Cursor: 1/12 frames (1 detections)
2026-03-16 20:47:59,488 INFO vex_extract.cursor:   Cursor: 2/12 frames (2 detections)
2026-03-16 20:47:59,502 INFO vex_extract.cursor:   Cursor: 3/12 frames (3 detections)
2026-03-16 20:47:59,515 INFO vex_extract.cursor:   Cursor: 4/12 frames (4 detections)
2026-03-16 20:47:59,528 INFO vex_extract.cursor:   Cursor: 5/12 frames (5 detections)
2026-03-16 20:47:59,541 INFO vex_extract.cursor:   Cursor: 6/12 frames (6 detections)
2026-03-16 20:47:59,555 INFO vex_extract.cursor:   Cursor: 7/12 frames (7 detections)
2026-03-16 20:47:59,568 INFO vex_extract.cursor:   Cursor: 8/12 frames (8 detections)
2026-03-16 20:47:59,581 INFO vex_extract.cursor:   Cursor: 9/12 frames (9 detections)
2026-03-16 20:47:59,595 INFO vex_extract.cursor:   Cursor: 10/12 frames (10 detections)
2026-03-16 20:47:59,608 INFO vex_extract.cursor:   Cursor: 11/12 frames (11 detections)
2026-03-16 20:48:00,133 INFO vex_extract.cursor:   Cursor: pass 2 — 7 frames at 5.0 FPS [215249ms-216583ms]
2026-03-16 20:48:00,213 INFO vex_extract.cursor:   Cursor: 1/7 frames (1 detections)
2026-03-16 20:48:00,226 INFO vex_extract.cursor:   Cursor: 2/7 frames (2 detections)
2026-03-16 20:48:00,240 INFO vex_extract.cursor:   Cursor: 3/7 frames (3 detections)
2026-03-16 20:48:00,253 INFO vex_extract.cursor:   Cursor: 4/7 frames (4 detections)
2026-03-16 20:48:00,267 INFO vex_extract.cursor:   Cursor: 5/7 frames (5 detections)
2026-03-16 20:48:00,281 INFO vex_extract.cursor:   Cursor: 6/7 frames (6 detections)
2026-03-16 20:48:00,812 INFO vex_extract.cursor:   Cursor: pass 2 — 6 frames at 5.0 FPS [220604ms-221955ms]
2026-03-16 20:48:00,893 INFO vex_extract.cursor:   Cursor: 1/6 frames (1 detections)
2026-03-16 20:48:00,906 INFO vex_extract.cursor:   Cursor: 2/6 frames (2 detections)
2026-03-16 20:48:00,920 INFO vex_extract.cursor:   Cursor: 3/6 frames (3 detections)
2026-03-16 20:48:00,933 INFO vex_extract.cursor:   Cursor: 4/6 frames (4 detections)
2026-03-16 20:48:00,946 INFO vex_extract.cursor:   Cursor: 5/6 frames (5 detections)
2026-03-16 20:48:01,493 INFO vex_extract.cursor:   Cursor: pass 2 — 7 frames at 5.0 FPS [229763ms-231164ms]
2026-03-16 20:48:01,574 INFO vex_extract.cursor:   Cursor: 1/7 frames (1 detections)
2026-03-16 20:48:01,587 INFO vex_extract.cursor:   Cursor: 2/7 frames (2 detections)
2026-03-16 20:48:01,600 INFO vex_extract.cursor:   Cursor: 3/7 frames (3 detections)
2026-03-16 20:48:01,614 INFO vex_extract.cursor:   Cursor: 4/7 frames (4 detections)
2026-03-16 20:48:01,627 INFO vex_extract.cursor:   Cursor: 5/7 frames (5 detections)
2026-03-16 20:48:01,640 INFO vex_extract.cursor:   Cursor: 6/7 frames (6 detections)
2026-03-16 20:48:02,208 INFO vex_extract.cursor:   Cursor: pass 2 — 8 frames at 5.0 FPS [231582ms-234067ms]
2026-03-16 20:48:02,288 INFO vex_extract.cursor:   Cursor: 1/8 frames (1 detections)
2026-03-16 20:48:02,301 INFO vex_extract.cursor:   Cursor: 2/8 frames (2 detections)
2026-03-16 20:48:02,314 INFO vex_extract.cursor:   Cursor: 3/8 frames (3 detections)
2026-03-16 20:48:02,328 INFO vex_extract.cursor:   Cursor: 4/8 frames (4 detections)
2026-03-16 20:48:02,341 INFO vex_extract.cursor:   Cursor: 5/8 frames (5 detections)
2026-03-16 20:48:02,354 INFO vex_extract.cursor:   Cursor: 6/8 frames (6 detections)
2026-03-16 20:48:02,445 INFO vex_extract.cursor:   Cursor: 7/8 frames (7 detections)
2026-03-16 20:48:03,027 INFO vex_extract.cursor:   Cursor: pass 2 — 6 frames at 5.0 FPS [236820ms-238171ms]
2026-03-16 20:48:03,107 INFO vex_extract.cursor:   Cursor: 1/6 frames (1 detections)
2026-03-16 20:48:03,121 INFO vex_extract.cursor:   Cursor: 2/6 frames (2 detections)
2026-03-16 20:48:03,134 INFO vex_extract.cursor:   Cursor: 3/6 frames (3 detections)
2026-03-16 20:48:03,147 INFO vex_extract.cursor:   Cursor: 4/6 frames (4 detections)
2026-03-16 20:48:03,160 INFO vex_extract.cursor:   Cursor: 5/6 frames (5 detections)
2026-03-16 20:48:03,763 INFO vex_extract.cursor:   Cursor: pass 2 — 7 frames at 5.0 FPS [239506ms-241207ms]
2026-03-16 20:48:03,842 INFO vex_extract.cursor:   Cursor: 1/7 frames (1 detections)
2026-03-16 20:48:03,855 INFO vex_extract.cursor:   Cursor: 2/7 frames (2 detections)
2026-03-16 20:48:03,868 INFO vex_extract.cursor:   Cursor: 3/7 frames (3 detections)
2026-03-16 20:48:03,881 INFO vex_extract.cursor:   Cursor: 4/7 frames (4 detections)
2026-03-16 20:48:03,895 INFO vex_extract.cursor:   Cursor: 5/7 frames (5 detections)
2026-03-16 20:48:03,908 INFO vex_extract.cursor:   Cursor: 6/7 frames (6 detections)
2026-03-16 20:48:04,522 INFO vex_extract.cursor:   Cursor: pass 2 — 7 frames at 5.0 FPS [242259ms-244911ms]
2026-03-16 20:48:04,600 INFO vex_extract.cursor:   Cursor: 1/7 frames (1 detections)
2026-03-16 20:48:04,613 INFO vex_extract.cursor:   Cursor: 2/7 frames (2 detections)
2026-03-16 20:48:04,627 INFO vex_extract.cursor:   Cursor: 3/7 frames (3 detections)
2026-03-16 20:48:04,640 INFO vex_extract.cursor:   Cursor: 4/7 frames (4 detections)
2026-03-16 20:48:04,653 INFO vex_extract.cursor:   Cursor: 5/7 frames (5 detections)
2026-03-16 20:48:04,667 INFO vex_extract.cursor:   Cursor: 6/7 frames (6 detections)
2026-03-16 20:48:05,308 INFO vex_extract.cursor:   Cursor: pass 2 — 8 frames at 5.0 FPS [249984ms-252051ms]
2026-03-16 20:48:05,388 INFO vex_extract.cursor:   Cursor: 1/8 frames (1 detections)
2026-03-16 20:48:05,402 INFO vex_extract.cursor:   Cursor: 2/8 frames (2 detections)
2026-03-16 20:48:05,415 INFO vex_extract.cursor:   Cursor: 3/8 frames (3 detections)
2026-03-16 20:48:05,428 INFO vex_extract.cursor:   Cursor: 4/8 frames (4 detections)
2026-03-16 20:48:05,442 INFO vex_extract.cursor:   Cursor: 5/8 frames (5 detections)
2026-03-16 20:48:05,455 INFO vex_extract.cursor:   Cursor: 6/8 frames (6 detections)
2026-03-16 20:48:05,468 INFO vex_extract.cursor:   Cursor: 7/8 frames (7 detections)
2026-03-16 20:48:06,109 INFO vex_extract.cursor:   Cursor: pass 2 — 5 frames at 5.0 FPS [254939ms-257557ms]
2026-03-16 20:48:06,189 INFO vex_extract.cursor:   Cursor: 1/5 frames (1 detections)
2026-03-16 20:48:06,202 INFO vex_extract.cursor:   Cursor: 2/5 frames (2 detections)
2026-03-16 20:48:06,295 INFO vex_extract.cursor:   Cursor: 3/5 frames (2 detections)
2026-03-16 20:48:06,375 INFO vex_extract.cursor:   Cursor: 4/5 frames (2 detections)
2026-03-16 20:48:07,102 INFO vex_extract.cursor:   Cursor: pass 2 — 7 frames at 5.0 FPS [259410ms-263479ms]
2026-03-16 20:48:07,182 INFO vex_extract.cursor:   Cursor: 1/7 frames (1 detections)
2026-03-16 20:48:07,195 INFO vex_extract.cursor:   Cursor: 2/7 frames (2 detections)
2026-03-16 20:48:07,208 INFO vex_extract.cursor:   Cursor: 3/7 frames (3 detections)
2026-03-16 20:48:07,222 INFO vex_extract.cursor:   Cursor: 4/7 frames (4 detections)
2026-03-16 20:48:07,235 INFO vex_extract.cursor:   Cursor: 5/7 frames (5 detections)
2026-03-16 20:48:07,249 INFO vex_extract.cursor:   Cursor: 6/7 frames (6 detections)
2026-03-16 20:48:07,906 INFO vex_extract.cursor:   Cursor: pass 2 — 4 frames at 5.0 FPS [264481ms-267483ms]
2026-03-16 20:48:07,985 INFO vex_extract.cursor:   Cursor: 1/4 frames (1 detections)
2026-03-16 20:48:07,998 INFO vex_extract.cursor:   Cursor: 2/4 frames (2 detections)
2026-03-16 20:48:08,012 INFO vex_extract.cursor:   Cursor: 3/4 frames (3 detections)
2026-03-16 20:48:08,706 INFO vex_extract.cursor:   Cursor: pass 2 — 8 frames at 5.0 FPS [281715ms-285285ms]
2026-03-16 20:48:08,786 INFO vex_extract.cursor:   Cursor: 1/8 frames (1 detections)
2026-03-16 20:48:08,799 INFO vex_extract.cursor:   Cursor: 2/8 frames (2 detections)
2026-03-16 20:48:08,812 INFO vex_extract.cursor:   Cursor: 3/8 frames (3 detections)
2026-03-16 20:48:08,825 INFO vex_extract.cursor:   Cursor: 4/8 frames (4 detections)
2026-03-16 20:48:08,839 INFO vex_extract.cursor:   Cursor: 5/8 frames (5 detections)
2026-03-16 20:48:08,852 INFO vex_extract.cursor:   Cursor: 6/8 frames (6 detections)
2026-03-16 20:48:08,865 INFO vex_extract.cursor:   Cursor: 7/8 frames (7 detections)
2026-03-16 20:48:09,576 INFO vex_extract.cursor:   Cursor: pass 2 — 8 frames at 5.0 FPS [285569ms-288705ms]
2026-03-16 20:48:09,655 INFO vex_extract.cursor:   Cursor: 1/8 frames (1 detections)
2026-03-16 20:48:09,668 INFO vex_extract.cursor:   Cursor: 2/8 frames (2 detections)
2026-03-16 20:48:09,682 INFO vex_extract.cursor:   Cursor: 3/8 frames (3 detections)
2026-03-16 20:48:09,694 INFO vex_extract.cursor:   Cursor: 4/8 frames (4 detections)
2026-03-16 20:48:09,708 INFO vex_extract.cursor:   Cursor: 5/8 frames (5 detections)
2026-03-16 20:48:09,721 INFO vex_extract.cursor:   Cursor: 6/8 frames (6 detections)
2026-03-16 20:48:09,734 INFO vex_extract.cursor:   Cursor: 7/8 frames (7 detections)
2026-03-16 20:48:10,439 INFO vex_extract.cursor:   Cursor: pass 2 — 2 frames at 5.0 FPS [289723ms-291724ms]
2026-03-16 20:48:10,517 INFO vex_extract.cursor:   Cursor: 1/2 frames (1 detections)
2026-03-16 20:48:11,297 INFO vex_extract.cursor:   Cursor: pass 2 — 23 frames at 5.0 FPS [292726ms-300199ms]
2026-03-16 20:48:11,390 INFO vex_extract.cursor:   Cursor: 2/23 frames (2 detections)
2026-03-16 20:48:11,417 INFO vex_extract.cursor:   Cursor: 4/23 frames (4 detections)
2026-03-16 20:48:11,444 INFO vex_extract.cursor:   Cursor: 6/23 frames (6 detections)
2026-03-16 20:48:11,470 INFO vex_extract.cursor:   Cursor: 8/23 frames (8 detections)
2026-03-16 20:48:11,497 INFO vex_extract.cursor:   Cursor: 10/23 frames (10 detections)
2026-03-16 20:48:11,524 INFO vex_extract.cursor:   Cursor: 12/23 frames (12 detections)
2026-03-16 20:48:11,551 INFO vex_extract.cursor:   Cursor: 14/23 frames (14 detections)
2026-03-16 20:48:11,577 INFO vex_extract.cursor:   Cursor: 16/23 frames (16 detections)
2026-03-16 20:48:11,603 INFO vex_extract.cursor:   Cursor: 18/23 frames (18 detections)
2026-03-16 20:48:11,629 INFO vex_extract.cursor:   Cursor: 20/23 frames (20 detections)
2026-03-16 20:48:11,655 INFO vex_extract.cursor:   Cursor: 22/23 frames (22 detections)
2026-03-16 20:48:12,400 INFO vex_extract.cursor:   Cursor: pass 2 — 5 frames at 5.0 FPS [300200ms-302652ms]
2026-03-16 20:48:12,480 INFO vex_extract.cursor:   Cursor: 1/5 frames (1 detections)
2026-03-16 20:48:12,494 INFO vex_extract.cursor:   Cursor: 2/5 frames (2 detections)
2026-03-16 20:48:12,507 INFO vex_extract.cursor:   Cursor: 3/5 frames (3 detections)
2026-03-16 20:48:12,520 INFO vex_extract.cursor:   Cursor: 4/5 frames (4 detections)
2026-03-16 20:48:13,359 INFO vex_extract.cursor:   Cursor: pass 2 — 34 frames at 5.0 FPS [304705ms-312545ms]
2026-03-16 20:48:13,466 INFO vex_extract.cursor:   Cursor: 3/34 frames (3 detections)
2026-03-16 20:48:13,506 INFO vex_extract.cursor:   Cursor: 6/34 frames (6 detections)
2026-03-16 20:48:13,546 INFO vex_extract.cursor:   Cursor: 9/34 frames (9 detections)
2026-03-16 20:48:13,586 INFO vex_extract.cursor:   Cursor: 12/34 frames (12 detections)
2026-03-16 20:48:13,626 INFO vex_extract.cursor:   Cursor: 15/34 frames (15 detections)
2026-03-16 20:48:13,665 INFO vex_extract.cursor:   Cursor: 18/34 frames (18 detections)
2026-03-16 20:48:13,705 INFO vex_extract.cursor:   Cursor: 21/34 frames (21 detections)
2026-03-16 20:48:13,745 INFO vex_extract.cursor:   Cursor: 24/34 frames (24 detections)
2026-03-16 20:48:13,785 INFO vex_extract.cursor:   Cursor: 27/34 frames (27 detections)
2026-03-16 20:48:13,824 INFO vex_extract.cursor:   Cursor: 30/34 frames (30 detections)
2026-03-16 20:48:13,864 INFO vex_extract.cursor:   Cursor: 33/34 frames (33 detections)
2026-03-16 20:48:13,878 INFO vex_extract.cursor:   Cursor: merged 1031 detections (1029 detected)
2026-03-16 20:48:13,878 INFO vex_extract.cursor:   Cursor: filtering 19 static detections at (1106.0, 583.0) spanning 3604ms
2026-03-16 20:48:13,879 INFO vex_extract.cursor:   Cursor: filtering 21 static detections at (1106.0, 583.0) spanning 5405ms
2026-03-16 20:48:13,879 INFO vex_extract.cursor:   Cursor: filtering 38 static detections at (515.0, 338.0) spanning 7324ms
2026-03-16 20:48:13,879 INFO vex_extract.cursor:   Cursor: filtering 13 static detections at (692.0, 330.0) spanning 3670ms
2026-03-16 20:48:13,879 INFO vex_extract.cursor:   Cursor: filtering 5 static detections at (988.0, 246.0) spanning 4021ms
2026-03-16 20:48:13,879 INFO vex_extract.cursor:   Cursor: filtering 5 static detections at (351.0, 1022.0) spanning 4004ms
2026-03-16 20:48:13,879 INFO vex_extract.cursor:   Cursor: filtering 8 static detections at (351.0, 1022.0) spanning 7007ms
2026-03-16 20:48:13,879 INFO vex_extract.cursor:   Cursor: filtering 9 static detections at (1305.0, 973.0) spanning 3704ms
2026-03-16 20:48:13,879 INFO vex_extract.cursor:   Cursor: filtering 28 static detections at (945.0, 827.0) spanning 9293ms
2026-03-16 20:48:13,879 INFO vex_extract.cursor:   Cursor: filtering 13 static detections at (945.0, 585.0) spanning 3387ms
2026-03-16 20:48:13,879 INFO vex_extract.cursor:   Cursor: filtering 32 static detections at (945.0, 825.0) spanning 9893ms
2026-03-16 20:48:13,879 INFO vex_extract.cursor:   Cursor: filtering 15 static detections at (721.0, 280.0) spanning 4354ms
2026-03-16 20:48:13,879 INFO vex_extract.cursor:   Cursor: filtering 14 static detections at (793.0, 78.0) spanning 5155ms
2026-03-16 20:48:13,879 INFO vex_extract.cursor:   Cursor: filtering 29 static detections at (432.0, 186.0) spanning 8942ms
2026-03-16 20:48:13,879 INFO vex_extract.cursor:   Cursor: filtering 10 static detections at (74.0, 32.0) spanning 3020ms
2026-03-16 20:48:13,879 INFO vex_extract.cursor:   Cursor: filtering 7 static detections at (1683.0, 1044.0) spanning 4071ms
2026-03-16 20:48:13,879 INFO vex_extract.cursor:   Cursor: filtering 8 static detections at (289.0, 363.0) spanning 3103ms
2026-03-16 20:48:13,879 INFO vex_extract.cursor:   Cursor: filtering 24 static detections at (289.0, 363.0) spanning 14615ms
2026-03-16 20:48:13,882 INFO vex_extract.pipeline:   Cached cursor trajectory: /Users/nic/Developer/spike-air-315-vision-processing/candidates/2026-03-14/tmp/cv/travel_expert_veronika_4c5714dc_cursor/cursor_trajectory.json
2026-03-16 20:48:13,882 INFO vex_extract.pipeline:   1031 cursor detections (731 detected) in 51.0s
2026-03-16 20:48:13,883 INFO vex_extract.pipeline: Step 3: Computing optical flow...
2026-03-16 20:48:14,867 INFO vex_extract.flow:   Flow: computing across 513 frame pairs...
2026-03-16 20:48:16,441 INFO vex_extract.pipeline:   Cached flow windows: /Users/nic/Developer/spike-air-315-vision-processing/candidates/2026-03-14/tmp/cv/travel_expert_veronika_bb5a87ef_4c5714dc_flow/flow_windows.json
2026-03-16 20:48:16,441 INFO vex_extract.pipeline:   405 flow windows in 2.6s
2026-03-16 20:48:16,441 INFO vex_extract.pipeline: Step 4: Creating video segments...
2026-03-16 20:48:16,441 INFO vex_extract.pipeline:   5 segments
2026-03-16 20:48:16,441 INFO vex_extract.pipeline:   Segment 0: cached
2026-03-16 20:48:16,441 INFO vex_extract.pipeline:   Segment 1: cached
2026-03-16 20:48:16,441 INFO vex_extract.pipeline:   Segment 2: cached
2026-03-16 20:48:16,441 INFO vex_extract.pipeline:   Segment 3: cached
2026-03-16 20:48:16,441 INFO vex_extract.pipeline:   Segment 4: cached
2026-03-16 20:48:16,441 INFO vex_extract.pipeline: Step 5: Preparing prompts...
2026-03-16 20:48:16,442 INFO vex_extract.analysis: Segment 0: prompt prepared (13688 chars)
2026-03-16 20:48:16,443 INFO vex_extract.analysis: Segment 1: prompt prepared (11919 chars)
2026-03-16 20:48:16,444 INFO vex_extract.analysis: Segment 2: prompt prepared (10158 chars)
2026-03-16 20:48:16,444 INFO vex_extract.analysis: Segment 3: prompt prepared (10961 chars)
2026-03-16 20:48:16,445 INFO vex_extract.analysis: Segment 4: prompt prepared (10835 chars)
2026-03-16 20:48:16,445 INFO vex_extract.pipeline:   5 prompts prepared
2026-03-16 20:48:16,445 INFO vex_extract.pipeline: Stopped after: prompt
