2026-03-16 20:34:02,859 INFO vex_extract.pipeline: === Video Event Extractor ===
2026-03-16 20:34:02,859 INFO vex_extract.pipeline: Video: /Users/nic/Developer/spike-air-315-vision-processing/input_data/screen_tracks/travel_learner_sophia_jayde.webm
2026-03-16 20:34:02,859 INFO vex_extract.pipeline: Offset: 35600 ms
2026-03-16 20:34:02,859 INFO vex_extract.pipeline: Run ID: 2026-03-16_103402
2026-03-16 20:34:02,859 INFO vex_extract.pipeline: Stop after: prompt
2026-03-16 20:34:02,860 INFO vex_extract.pipeline: Step 1: Normalizing video...
2026-03-16 20:34:02,860 INFO vex_extract.pipeline:   Using cached normalized video: /Users/nic/Developer/spike-air-315-vision-processing/candidates/2026-03-14/tmp/travel_learner_sophia_jayde_normalized.mp4
2026-03-16 20:34:02,889 INFO vex_extract.pipeline:   Duration: 2220.3s, 1786x1162, 29.4 fps
2026-03-16 20:34:02,890 INFO vex_extract.pipeline: Step 2: Tracking cursor...
2026-03-16 20:34:11,684 INFO vex_extract.cursor:   Cursor: pass 1 — matching 1823 frames at 1.0 FPS against 6 templates x 7 scales at 540p...
2026-03-16 20:34:14,539 INFO vex_extract.cursor:   Cursor: 182/1823 frames (182 detections)
2026-03-16 20:34:16,849 INFO vex_extract.cursor:   Cursor: 364/1823 frames (364 detections)
2026-03-16 20:34:19,165 INFO vex_extract.cursor:   Cursor: 546/1823 frames (546 detections)
2026-03-16 20:34:21,479 INFO vex_extract.cursor:   Cursor: 728/1823 frames (728 detections)
2026-03-16 20:34:23,789 INFO vex_extract.cursor:   Cursor: 910/1823 frames (910 detections)
2026-03-16 20:34:26,097 INFO vex_extract.cursor:   Cursor: 1092/1823 frames (1092 detections)
2026-03-16 20:34:28,418 INFO vex_extract.cursor:   Cursor: 1274/1823 frames (1274 detections)
2026-03-16 20:34:30,743 INFO vex_extract.cursor:   Cursor: 1456/1823 frames (1456 detections)
2026-03-16 20:34:33,064 INFO vex_extract.cursor:   Cursor: 1638/1823 frames (1638 detections)
2026-03-16 20:34:35,389 INFO vex_extract.cursor:   Cursor: 1820/1823 frames (1820 detections)
2026-03-16 20:34:35,428 INFO vex_extract.cursor:   Cursor: calibrated to scales (0.3, 0.4) from coarse pass
2026-03-16 20:34:35,428 INFO vex_extract.cursor:   Cursor: 54 active regions identified
2026-03-16 20:34:35,502 INFO vex_extract.cursor:   Cursor: pass 2 — 18 frames at 5.0 FPS [0ms-3627ms]
2026-03-16 20:34:35,578 INFO vex_extract.cursor:   Cursor: 1/18 frames (1 detections)
2026-03-16 20:34:35,591 INFO vex_extract.cursor:   Cursor: 2/18 frames (2 detections)
2026-03-16 20:34:35,604 INFO vex_extract.cursor:   Cursor: 3/18 frames (3 detections)
2026-03-16 20:34:35,617 INFO vex_extract.cursor:   Cursor: 4/18 frames (4 detections)
2026-03-16 20:34:35,629 INFO vex_extract.cursor:   Cursor: 5/18 frames (5 detections)
2026-03-16 20:34:35,642 INFO vex_extract.cursor:   Cursor: 6/18 frames (6 detections)
2026-03-16 20:34:35,655 INFO vex_extract.cursor:   Cursor: 7/18 frames (7 detections)
2026-03-16 20:34:35,668 INFO vex_extract.cursor:   Cursor: 8/18 frames (8 detections)
2026-03-16 20:34:35,681 INFO vex_extract.cursor:   Cursor: 9/18 frames (9 detections)
2026-03-16 20:34:35,694 INFO vex_extract.cursor:   Cursor: 10/18 frames (10 detections)
2026-03-16 20:34:35,707 INFO vex_extract.cursor:   Cursor: 11/18 frames (11 detections)
2026-03-16 20:34:35,720 INFO vex_extract.cursor:   Cursor: 12/18 frames (12 detections)
2026-03-16 20:34:35,732 INFO vex_extract.cursor:   Cursor: 13/18 frames (13 detections)
2026-03-16 20:34:35,745 INFO vex_extract.cursor:   Cursor: 14/18 frames (14 detections)
2026-03-16 20:34:35,758 INFO vex_extract.cursor:   Cursor: 15/18 frames (15 detections)
2026-03-16 20:34:35,771 INFO vex_extract.cursor:   Cursor: 16/18 frames (16 detections)
2026-03-16 20:34:35,783 INFO vex_extract.cursor:   Cursor: 17/18 frames (17 detections)
2026-03-16 20:34:35,978 INFO vex_extract.cursor:   Cursor: pass 2 — 49 frames at 5.0 FPS [3647ms-13996ms]
2026-03-16 20:34:36,092 INFO vex_extract.cursor:   Cursor: 4/49 frames (4 detections)
2026-03-16 20:34:36,143 INFO vex_extract.cursor:   Cursor: 8/49 frames (8 detections)
2026-03-16 20:34:36,193 INFO vex_extract.cursor:   Cursor: 12/49 frames (12 detections)
2026-03-16 20:34:36,245 INFO vex_extract.cursor:   Cursor: 16/49 frames (16 detections)
2026-03-16 20:34:36,296 INFO vex_extract.cursor:   Cursor: 20/49 frames (20 detections)
2026-03-16 20:34:36,347 INFO vex_extract.cursor:   Cursor: 24/49 frames (24 detections)
2026-03-16 20:34:36,398 INFO vex_extract.cursor:   Cursor: 28/49 frames (28 detections)
2026-03-16 20:34:36,450 INFO vex_extract.cursor:   Cursor: 32/49 frames (32 detections)
2026-03-16 20:34:36,501 INFO vex_extract.cursor:   Cursor: 36/49 frames (36 detections)
2026-03-16 20:34:36,552 INFO vex_extract.cursor:   Cursor: 40/49 frames (40 detections)
2026-03-16 20:34:36,603 INFO vex_extract.cursor:   Cursor: 44/49 frames (44 detections)
2026-03-16 20:34:36,654 INFO vex_extract.cursor:   Cursor: 48/49 frames (48 detections)
2026-03-16 20:34:36,788 INFO vex_extract.cursor:   Cursor: pass 2 — 24 frames at 5.0 FPS [15103ms-20285ms]
2026-03-16 20:34:36,877 INFO vex_extract.cursor:   Cursor: 2/24 frames (2 detections)
2026-03-16 20:34:36,903 INFO vex_extract.cursor:   Cursor: 4/24 frames (4 detections)
2026-03-16 20:34:36,929 INFO vex_extract.cursor:   Cursor: 6/24 frames (6 detections)
2026-03-16 20:34:36,955 INFO vex_extract.cursor:   Cursor: 8/24 frames (8 detections)
2026-03-16 20:34:36,980 INFO vex_extract.cursor:   Cursor: 10/24 frames (10 detections)
2026-03-16 20:34:37,005 INFO vex_extract.cursor:   Cursor: 12/24 frames (12 detections)
2026-03-16 20:34:37,030 INFO vex_extract.cursor:   Cursor: 14/24 frames (14 detections)
2026-03-16 20:34:37,055 INFO vex_extract.cursor:   Cursor: 16/24 frames (16 detections)
2026-03-16 20:34:37,081 INFO vex_extract.cursor:   Cursor: 18/24 frames (18 detections)
2026-03-16 20:34:37,106 INFO vex_extract.cursor:   Cursor: 20/24 frames (20 detections)
2026-03-16 20:34:37,131 INFO vex_extract.cursor:   Cursor: 22/24 frames (22 detections)
2026-03-16 20:34:37,250 INFO vex_extract.cursor:   Cursor: pass 2 — 10 frames at 5.0 FPS [20305ms-22324ms]
2026-03-16 20:34:37,327 INFO vex_extract.cursor:   Cursor: 1/10 frames (1 detections)
2026-03-16 20:34:37,340 INFO vex_extract.cursor:   Cursor: 2/10 frames (2 detections)
2026-03-16 20:34:37,353 INFO vex_extract.cursor:   Cursor: 3/10 frames (3 detections)
2026-03-16 20:34:37,365 INFO vex_extract.cursor:   Cursor: 4/10 frames (4 detections)
2026-03-16 20:34:37,378 INFO vex_extract.cursor:   Cursor: 5/10 frames (5 detections)
2026-03-16 20:34:37,391 INFO vex_extract.cursor:   Cursor: 6/10 frames (6 detections)
2026-03-16 20:34:37,403 INFO vex_extract.cursor:   Cursor: 7/10 frames (7 detections)
2026-03-16 20:34:37,416 INFO vex_extract.cursor:   Cursor: 8/10 frames (8 detections)
2026-03-16 20:34:37,429 INFO vex_extract.cursor:   Cursor: 9/10 frames (9 detections)
2026-03-16 20:34:37,556 INFO vex_extract.cursor:   Cursor: pass 2 — 10 frames at 5.0 FPS [32780ms-34834ms]
2026-03-16 20:34:37,634 INFO vex_extract.cursor:   Cursor: 1/10 frames (1 detections)
2026-03-16 20:34:37,647 INFO vex_extract.cursor:   Cursor: 2/10 frames (2 detections)
2026-03-16 20:34:37,659 INFO vex_extract.cursor:   Cursor: 3/10 frames (3 detections)
2026-03-16 20:34:37,672 INFO vex_extract.cursor:   Cursor: 4/10 frames (4 detections)
2026-03-16 20:34:37,684 INFO vex_extract.cursor:   Cursor: 5/10 frames (5 detections)
2026-03-16 20:34:37,696 INFO vex_extract.cursor:   Cursor: 6/10 frames (6 detections)
2026-03-16 20:34:37,709 INFO vex_extract.cursor:   Cursor: 7/10 frames (7 detections)
2026-03-16 20:34:37,722 INFO vex_extract.cursor:   Cursor: 8/10 frames (8 detections)
2026-03-16 20:34:37,735 INFO vex_extract.cursor:   Cursor: 9/10 frames (9 detections)
2026-03-16 20:34:37,877 INFO vex_extract.cursor:   Cursor: pass 2 — 10 frames at 5.0 FPS [37982ms-40035ms]
2026-03-16 20:34:37,953 INFO vex_extract.cursor:   Cursor: 1/10 frames (1 detections)
2026-03-16 20:34:37,966 INFO vex_extract.cursor:   Cursor: 2/10 frames (2 detections)
2026-03-16 20:34:37,979 INFO vex_extract.cursor:   Cursor: 3/10 frames (3 detections)
2026-03-16 20:34:37,991 INFO vex_extract.cursor:   Cursor: 4/10 frames (4 detections)
2026-03-16 20:34:38,004 INFO vex_extract.cursor:   Cursor: 5/10 frames (5 detections)
2026-03-16 20:34:38,016 INFO vex_extract.cursor:   Cursor: 6/10 frames (6 detections)
2026-03-16 20:34:38,029 INFO vex_extract.cursor:   Cursor: 7/10 frames (7 detections)
2026-03-16 20:34:38,042 INFO vex_extract.cursor:   Cursor: 8/10 frames (8 detections)
2026-03-16 20:34:38,054 INFO vex_extract.cursor:   Cursor: 9/10 frames (9 detections)
2026-03-16 20:34:38,204 INFO vex_extract.cursor:   Cursor: pass 2 — 10 frames at 5.0 FPS [42129ms-44183ms]
2026-03-16 20:34:38,281 INFO vex_extract.cursor:   Cursor: 1/10 frames (1 detections)
2026-03-16 20:34:38,294 INFO vex_extract.cursor:   Cursor: 2/10 frames (2 detections)
2026-03-16 20:34:38,307 INFO vex_extract.cursor:   Cursor: 3/10 frames (3 detections)
2026-03-16 20:34:38,320 INFO vex_extract.cursor:   Cursor: 4/10 frames (4 detections)
2026-03-16 20:34:38,333 INFO vex_extract.cursor:   Cursor: 5/10 frames (5 detections)
2026-03-16 20:34:38,345 INFO vex_extract.cursor:   Cursor: 6/10 frames (6 detections)
2026-03-16 20:34:38,358 INFO vex_extract.cursor:   Cursor: 7/10 frames (7 detections)
2026-03-16 20:34:38,370 INFO vex_extract.cursor:   Cursor: 8/10 frames (8 detections)
2026-03-16 20:34:38,383 INFO vex_extract.cursor:   Cursor: 9/10 frames (9 detections)
2026-03-16 20:34:38,551 INFO vex_extract.cursor:   Cursor: pass 2 — 15 frames at 5.0 FPS [44237ms-47310ms]
2026-03-16 20:34:38,627 INFO vex_extract.cursor:   Cursor: 1/15 frames (1 detections)
2026-03-16 20:34:38,640 INFO vex_extract.cursor:   Cursor: 2/15 frames (2 detections)
2026-03-16 20:34:38,652 INFO vex_extract.cursor:   Cursor: 3/15 frames (3 detections)
2026-03-16 20:34:38,665 INFO vex_extract.cursor:   Cursor: 4/15 frames (4 detections)
2026-03-16 20:34:38,678 INFO vex_extract.cursor:   Cursor: 5/15 frames (5 detections)
2026-03-16 20:34:38,691 INFO vex_extract.cursor:   Cursor: 6/15 frames (6 detections)
2026-03-16 20:34:38,704 INFO vex_extract.cursor:   Cursor: 7/15 frames (7 detections)
2026-03-16 20:34:38,717 INFO vex_extract.cursor:   Cursor: 8/15 frames (8 detections)
2026-03-16 20:34:38,729 INFO vex_extract.cursor:   Cursor: 9/15 frames (9 detections)
2026-03-16 20:34:38,742 INFO vex_extract.cursor:   Cursor: 10/15 frames (10 detections)
2026-03-16 20:34:38,755 INFO vex_extract.cursor:   Cursor: 11/15 frames (11 detections)
2026-03-16 20:34:38,767 INFO vex_extract.cursor:   Cursor: 12/15 frames (12 detections)
2026-03-16 20:34:38,780 INFO vex_extract.cursor:   Cursor: 13/15 frames (13 detections)
2026-03-16 20:34:38,793 INFO vex_extract.cursor:   Cursor: 14/15 frames (14 detections)
2026-03-16 20:34:38,971 INFO vex_extract.cursor:   Cursor: pass 2 — 15 frames at 5.0 FPS [48384ms-51458ms]
2026-03-16 20:34:39,048 INFO vex_extract.cursor:   Cursor: 1/15 frames (1 detections)
2026-03-16 20:34:39,061 INFO vex_extract.cursor:   Cursor: 2/15 frames (2 detections)
2026-03-16 20:34:39,074 INFO vex_extract.cursor:   Cursor: 3/15 frames (3 detections)
2026-03-16 20:34:39,086 INFO vex_extract.cursor:   Cursor: 4/15 frames (4 detections)
2026-03-16 20:34:39,099 INFO vex_extract.cursor:   Cursor: 5/15 frames (5 detections)
2026-03-16 20:34:39,111 INFO vex_extract.cursor:   Cursor: 6/15 frames (6 detections)
2026-03-16 20:34:39,124 INFO vex_extract.cursor:   Cursor: 7/15 frames (7 detections)
2026-03-16 20:34:39,136 INFO vex_extract.cursor:   Cursor: 8/15 frames (8 detections)
2026-03-16 20:34:39,149 INFO vex_extract.cursor:   Cursor: 9/15 frames (9 detections)
2026-03-16 20:34:39,162 INFO vex_extract.cursor:   Cursor: 10/15 frames (10 detections)
2026-03-16 20:34:39,175 INFO vex_extract.cursor:   Cursor: 11/15 frames (11 detections)
2026-03-16 20:34:39,187 INFO vex_extract.cursor:   Cursor: 12/15 frames (12 detections)
2026-03-16 20:34:39,200 INFO vex_extract.cursor:   Cursor: 13/15 frames (13 detections)
2026-03-16 20:34:39,213 INFO vex_extract.cursor:   Cursor: 14/15 frames (14 detections)
2026-03-16 20:34:39,398 INFO vex_extract.cursor:   Cursor: pass 2 — 10 frames at 5.0 FPS [57732ms-59786ms]
2026-03-16 20:34:39,475 INFO vex_extract.cursor:   Cursor: 1/10 frames (1 detections)
2026-03-16 20:34:39,488 INFO vex_extract.cursor:   Cursor: 2/10 frames (2 detections)
2026-03-16 20:34:39,500 INFO vex_extract.cursor:   Cursor: 3/10 frames (3 detections)
2026-03-16 20:34:39,514 INFO vex_extract.cursor:   Cursor: 4/10 frames (4 detections)
2026-03-16 20:34:39,526 INFO vex_extract.cursor:   Cursor: 5/10 frames (5 detections)
2026-03-16 20:34:39,538 INFO vex_extract.cursor:   Cursor: 6/10 frames (6 detections)
2026-03-16 20:34:39,551 INFO vex_extract.cursor:   Cursor: 7/10 frames (7 detections)
2026-03-16 20:34:39,563 INFO vex_extract.cursor:   Cursor: 8/10 frames (8 detections)
2026-03-16 20:34:39,576 INFO vex_extract.cursor:   Cursor: 9/10 frames (9 detections)
2026-03-16 20:34:39,764 INFO vex_extract.cursor:   Cursor: pass 2 — 10 frames at 5.0 FPS [60894ms-62948ms]
2026-03-16 20:34:39,840 INFO vex_extract.cursor:   Cursor: 1/10 frames (1 detections)
2026-03-16 20:34:39,853 INFO vex_extract.cursor:   Cursor: 2/10 frames (2 detections)
2026-03-16 20:34:39,866 INFO vex_extract.cursor:   Cursor: 3/10 frames (3 detections)
2026-03-16 20:34:39,879 INFO vex_extract.cursor:   Cursor: 4/10 frames (4 detections)
2026-03-16 20:34:39,892 INFO vex_extract.cursor:   Cursor: 5/10 frames (5 detections)
2026-03-16 20:34:39,905 INFO vex_extract.cursor:   Cursor: 6/10 frames (6 detections)
2026-03-16 20:34:39,918 INFO vex_extract.cursor:   Cursor: 7/10 frames (7 detections)
2026-03-16 20:34:39,930 INFO vex_extract.cursor:   Cursor: 8/10 frames (8 detections)
2026-03-16 20:34:39,943 INFO vex_extract.cursor:   Cursor: 9/10 frames (9 detections)
2026-03-16 20:34:40,179 INFO vex_extract.cursor:   Cursor: pass 2 — 15 frames at 5.0 FPS [74424ms-77497ms]
2026-03-16 20:34:40,255 INFO vex_extract.cursor:   Cursor: 1/15 frames (1 detections)
2026-03-16 20:34:40,268 INFO vex_extract.cursor:   Cursor: 2/15 frames (2 detections)
2026-03-16 20:34:40,280 INFO vex_extract.cursor:   Cursor: 3/15 frames (3 detections)
2026-03-16 20:34:40,293 INFO vex_extract.cursor:   Cursor: 4/15 frames (4 detections)
2026-03-16 20:34:40,306 INFO vex_extract.cursor:   Cursor: 5/15 frames (5 detections)
2026-03-16 20:34:40,318 INFO vex_extract.cursor:   Cursor: 6/15 frames (6 detections)
2026-03-16 20:34:40,331 INFO vex_extract.cursor:   Cursor: 7/15 frames (7 detections)
2026-03-16 20:34:40,344 INFO vex_extract.cursor:   Cursor: 8/15 frames (8 detections)
2026-03-16 20:34:40,357 INFO vex_extract.cursor:   Cursor: 9/15 frames (9 detections)
2026-03-16 20:34:40,369 INFO vex_extract.cursor:   Cursor: 10/15 frames (10 detections)
2026-03-16 20:34:40,382 INFO vex_extract.cursor:   Cursor: 11/15 frames (11 detections)
2026-03-16 20:34:40,395 INFO vex_extract.cursor:   Cursor: 12/15 frames (12 detections)
2026-03-16 20:34:40,407 INFO vex_extract.cursor:   Cursor: 13/15 frames (13 detections)
2026-03-16 20:34:40,420 INFO vex_extract.cursor:   Cursor: 14/15 frames (14 detections)
2026-03-16 20:34:40,648 INFO vex_extract.cursor:   Cursor: pass 2 — 10 frames at 5.0 FPS [79591ms-81644ms]
2026-03-16 20:34:40,725 INFO vex_extract.cursor:   Cursor: 1/10 frames (1 detections)
2026-03-16 20:34:40,738 INFO vex_extract.cursor:   Cursor: 2/10 frames (2 detections)
2026-03-16 20:34:40,751 INFO vex_extract.cursor:   Cursor: 3/10 frames (3 detections)
2026-03-16 20:34:40,763 INFO vex_extract.cursor:   Cursor: 4/10 frames (4 detections)
2026-03-16 20:34:40,776 INFO vex_extract.cursor:   Cursor: 5/10 frames (5 detections)
2026-03-16 20:34:40,789 INFO vex_extract.cursor:   Cursor: 6/10 frames (6 detections)
2026-03-16 20:34:40,802 INFO vex_extract.cursor:   Cursor: 7/10 frames (7 detections)
2026-03-16 20:34:40,814 INFO vex_extract.cursor:   Cursor: 8/10 frames (8 detections)
2026-03-16 20:34:40,827 INFO vex_extract.cursor:   Cursor: 9/10 frames (9 detections)
2026-03-16 20:34:41,096 INFO vex_extract.cursor:   Cursor: pass 2 — 15 frames at 5.0 FPS [89993ms-93101ms]
2026-03-16 20:34:41,172 INFO vex_extract.cursor:   Cursor: 1/15 frames (1 detections)
2026-03-16 20:34:41,185 INFO vex_extract.cursor:   Cursor: 2/15 frames (2 detections)
2026-03-16 20:34:41,197 INFO vex_extract.cursor:   Cursor: 3/15 frames (3 detections)
2026-03-16 20:34:41,210 INFO vex_extract.cursor:   Cursor: 4/15 frames (4 detections)
2026-03-16 20:34:41,223 INFO vex_extract.cursor:   Cursor: 5/15 frames (5 detections)
2026-03-16 20:34:41,235 INFO vex_extract.cursor:   Cursor: 6/15 frames (6 detections)
2026-03-16 20:34:41,248 INFO vex_extract.cursor:   Cursor: 7/15 frames (7 detections)
2026-03-16 20:34:41,260 INFO vex_extract.cursor:   Cursor: 8/15 frames (8 detections)
2026-03-16 20:34:41,273 INFO vex_extract.cursor:   Cursor: 9/15 frames (9 detections)
2026-03-16 20:34:41,286 INFO vex_extract.cursor:   Cursor: 10/15 frames (10 detections)
2026-03-16 20:34:41,299 INFO vex_extract.cursor:   Cursor: 11/15 frames (11 detections)
2026-03-16 20:34:41,311 INFO vex_extract.cursor:   Cursor: 12/15 frames (12 detections)
2026-03-16 20:34:41,324 INFO vex_extract.cursor:   Cursor: 13/15 frames (13 detections)
2026-03-16 20:34:41,337 INFO vex_extract.cursor:   Cursor: 14/15 frames (14 detections)
2026-03-16 20:34:41,613 INFO vex_extract.cursor:   Cursor: pass 2 — 15 frames at 5.0 FPS [94174ms-97248ms]
2026-03-16 20:34:41,690 INFO vex_extract.cursor:   Cursor: 1/15 frames (1 detections)
2026-03-16 20:34:41,703 INFO vex_extract.cursor:   Cursor: 2/15 frames (2 detections)
2026-03-16 20:34:41,715 INFO vex_extract.cursor:   Cursor: 3/15 frames (3 detections)
2026-03-16 20:34:41,728 INFO vex_extract.cursor:   Cursor: 4/15 frames (4 detections)
2026-03-16 20:34:41,741 INFO vex_extract.cursor:   Cursor: 5/15 frames (5 detections)
2026-03-16 20:34:41,753 INFO vex_extract.cursor:   Cursor: 6/15 frames (6 detections)
2026-03-16 20:34:41,766 INFO vex_extract.cursor:   Cursor: 7/15 frames (7 detections)
2026-03-16 20:34:41,779 INFO vex_extract.cursor:   Cursor: 8/15 frames (8 detections)
2026-03-16 20:34:41,792 INFO vex_extract.cursor:   Cursor: 9/15 frames (9 detections)
2026-03-16 20:34:41,805 INFO vex_extract.cursor:   Cursor: 10/15 frames (10 detections)
2026-03-16 20:34:41,818 INFO vex_extract.cursor:   Cursor: 11/15 frames (11 detections)
2026-03-16 20:34:41,830 INFO vex_extract.cursor:   Cursor: 12/15 frames (12 detections)
2026-03-16 20:34:41,843 INFO vex_extract.cursor:   Cursor: 13/15 frames (13 detections)
2026-03-16 20:34:41,855 INFO vex_extract.cursor:   Cursor: 14/15 frames (14 detections)
2026-03-16 20:34:42,123 INFO vex_extract.cursor:   Cursor: pass 2 — 10 frames at 5.0 FPS [98322ms-100375ms]
2026-03-16 20:34:42,200 INFO vex_extract.cursor:   Cursor: 1/10 frames (1 detections)
2026-03-16 20:34:42,212 INFO vex_extract.cursor:   Cursor: 2/10 frames (2 detections)
2026-03-16 20:34:42,225 INFO vex_extract.cursor:   Cursor: 3/10 frames (3 detections)
2026-03-16 20:34:42,237 INFO vex_extract.cursor:   Cursor: 4/10 frames (4 detections)
2026-03-16 20:34:42,250 INFO vex_extract.cursor:   Cursor: 5/10 frames (5 detections)
2026-03-16 20:34:42,263 INFO vex_extract.cursor:   Cursor: 6/10 frames (6 detections)
2026-03-16 20:34:42,276 INFO vex_extract.cursor:   Cursor: 7/10 frames (7 detections)
2026-03-16 20:34:42,289 INFO vex_extract.cursor:   Cursor: 8/10 frames (8 detections)
2026-03-16 20:34:42,301 INFO vex_extract.cursor:   Cursor: 9/10 frames (9 detections)
2026-03-16 20:34:42,584 INFO vex_extract.cursor:   Cursor: pass 2 — 10 frames at 5.0 FPS [102435ms-104455ms]
2026-03-16 20:34:42,660 INFO vex_extract.cursor:   Cursor: 1/10 frames (1 detections)
2026-03-16 20:34:42,673 INFO vex_extract.cursor:   Cursor: 2/10 frames (2 detections)
2026-03-16 20:34:42,685 INFO vex_extract.cursor:   Cursor: 3/10 frames (3 detections)
2026-03-16 20:34:42,698 INFO vex_extract.cursor:   Cursor: 4/10 frames (4 detections)
2026-03-16 20:34:42,711 INFO vex_extract.cursor:   Cursor: 5/10 frames (5 detections)
2026-03-16 20:34:42,724 INFO vex_extract.cursor:   Cursor: 6/10 frames (6 detections)
2026-03-16 20:34:42,737 INFO vex_extract.cursor:   Cursor: 7/10 frames (7 detections)
2026-03-16 20:34:42,750 INFO vex_extract.cursor:   Cursor: 8/10 frames (8 detections)
2026-03-16 20:34:42,763 INFO vex_extract.cursor:   Cursor: 9/10 frames (9 detections)
2026-03-16 20:34:43,077 INFO vex_extract.cursor:   Cursor: pass 2 — 19 frames at 5.0 FPS [104475ms-108568ms]
2026-03-16 20:34:43,154 INFO vex_extract.cursor:   Cursor: 1/19 frames (1 detections)
2026-03-16 20:34:43,167 INFO vex_extract.cursor:   Cursor: 2/19 frames (2 detections)
2026-03-16 20:34:43,179 INFO vex_extract.cursor:   Cursor: 3/19 frames (3 detections)
2026-03-16 20:34:43,192 INFO vex_extract.cursor:   Cursor: 4/19 frames (4 detections)
2026-03-16 20:34:43,205 INFO vex_extract.cursor:   Cursor: 5/19 frames (5 detections)
2026-03-16 20:34:43,217 INFO vex_extract.cursor:   Cursor: 6/19 frames (6 detections)
2026-03-16 20:34:43,230 INFO vex_extract.cursor:   Cursor: 7/19 frames (7 detections)
2026-03-16 20:34:43,243 INFO vex_extract.cursor:   Cursor: 8/19 frames (8 detections)
2026-03-16 20:34:43,255 INFO vex_extract.cursor:   Cursor: 9/19 frames (9 detections)
2026-03-16 20:34:43,268 INFO vex_extract.cursor:   Cursor: 10/19 frames (10 detections)
2026-03-16 20:34:43,281 INFO vex_extract.cursor:   Cursor: 11/19 frames (11 detections)
2026-03-16 20:34:43,294 INFO vex_extract.cursor:   Cursor: 12/19 frames (12 detections)
2026-03-16 20:34:43,306 INFO vex_extract.cursor:   Cursor: 13/19 frames (13 detections)
2026-03-16 20:34:43,319 INFO vex_extract.cursor:   Cursor: 14/19 frames (14 detections)
2026-03-16 20:34:43,332 INFO vex_extract.cursor:   Cursor: 15/19 frames (15 detections)
2026-03-16 20:34:43,344 INFO vex_extract.cursor:   Cursor: 16/19 frames (16 detections)
2026-03-16 20:34:43,357 INFO vex_extract.cursor:   Cursor: 17/19 frames (17 detections)
2026-03-16 20:34:43,370 INFO vex_extract.cursor:   Cursor: 18/19 frames (18 detections)
2026-03-16 20:34:43,680 INFO vex_extract.cursor:   Cursor: pass 2 — 14 frames at 5.0 FPS [109642ms-112681ms]
2026-03-16 20:34:43,757 INFO vex_extract.cursor:   Cursor: 1/14 frames (1 detections)
2026-03-16 20:34:43,770 INFO vex_extract.cursor:   Cursor: 2/14 frames (2 detections)
2026-03-16 20:34:43,783 INFO vex_extract.cursor:   Cursor: 3/14 frames (3 detections)
2026-03-16 20:34:43,796 INFO vex_extract.cursor:   Cursor: 4/14 frames (4 detections)
2026-03-16 20:34:43,808 INFO vex_extract.cursor:   Cursor: 5/14 frames (5 detections)
2026-03-16 20:34:43,820 INFO vex_extract.cursor:   Cursor: 6/14 frames (6 detections)
2026-03-16 20:34:43,833 INFO vex_extract.cursor:   Cursor: 7/14 frames (7 detections)
2026-03-16 20:34:43,846 INFO vex_extract.cursor:   Cursor: 8/14 frames (8 detections)
2026-03-16 20:34:43,859 INFO vex_extract.cursor:   Cursor: 9/14 frames (9 detections)
2026-03-16 20:34:43,872 INFO vex_extract.cursor:   Cursor: 10/14 frames (10 detections)
2026-03-16 20:34:43,885 INFO vex_extract.cursor:   Cursor: 11/14 frames (11 detections)
2026-03-16 20:34:43,897 INFO vex_extract.cursor:   Cursor: 12/14 frames (12 detections)
2026-03-16 20:34:43,910 INFO vex_extract.cursor:   Cursor: 13/14 frames (13 detections)
2026-03-16 20:34:44,230 INFO vex_extract.cursor:   Cursor: pass 2 — 10 frames at 5.0 FPS [116848ms-118868ms]
2026-03-16 20:34:44,308 INFO vex_extract.cursor:   Cursor: 1/10 frames (1 detections)
2026-03-16 20:34:44,320 INFO vex_extract.cursor:   Cursor: 2/10 frames (2 detections)
2026-03-16 20:34:44,333 INFO vex_extract.cursor:   Cursor: 3/10 frames (3 detections)
2026-03-16 20:34:44,346 INFO vex_extract.cursor:   Cursor: 4/10 frames (4 detections)
2026-03-16 20:34:44,359 INFO vex_extract.cursor:   Cursor: 5/10 frames (5 detections)
2026-03-16 20:34:44,371 INFO vex_extract.cursor:   Cursor: 6/10 frames (6 detections)
2026-03-16 20:34:44,384 INFO vex_extract.cursor:   Cursor: 7/10 frames (7 detections)
2026-03-16 20:34:44,397 INFO vex_extract.cursor:   Cursor: 8/10 frames (8 detections)
2026-03-16 20:34:44,410 INFO vex_extract.cursor:   Cursor: 9/10 frames (9 detections)
2026-03-16 20:34:44,733 INFO vex_extract.cursor:   Cursor: pass 2 — 10 frames at 5.0 FPS [118922ms-120976ms]
2026-03-16 20:34:44,810 INFO vex_extract.cursor:   Cursor: 1/10 frames (1 detections)
2026-03-16 20:34:44,823 INFO vex_extract.cursor:   Cursor: 2/10 frames (2 detections)
2026-03-16 20:34:44,836 INFO vex_extract.cursor:   Cursor: 3/10 frames (3 detections)
2026-03-16 20:34:44,849 INFO vex_extract.cursor:   Cursor: 4/10 frames (4 detections)
2026-03-16 20:34:44,861 INFO vex_extract.cursor:   Cursor: 5/10 frames (5 detections)
2026-03-16 20:34:44,874 INFO vex_extract.cursor:   Cursor: 6/10 frames (6 detections)
2026-03-16 20:34:44,887 INFO vex_extract.cursor:   Cursor: 7/10 frames (7 detections)
2026-03-16 20:34:44,900 INFO vex_extract.cursor:   Cursor: 8/10 frames (8 detections)
2026-03-16 20:34:44,912 INFO vex_extract.cursor:   Cursor: 9/10 frames (9 detections)
2026-03-16 20:34:45,275 INFO vex_extract.cursor:   Cursor: pass 2 — 20 frames at 5.0 FPS [123103ms-127197ms]
2026-03-16 20:34:45,364 INFO vex_extract.cursor:   Cursor: 2/20 frames (2 detections)
2026-03-16 20:34:45,390 INFO vex_extract.cursor:   Cursor: 4/20 frames (4 detections)
2026-03-16 20:34:45,415 INFO vex_extract.cursor:   Cursor: 6/20 frames (6 detections)
2026-03-16 20:34:45,440 INFO vex_extract.cursor:   Cursor: 8/20 frames (8 detections)
2026-03-16 20:34:45,466 INFO vex_extract.cursor:   Cursor: 10/20 frames (10 detections)
2026-03-16 20:34:45,491 INFO vex_extract.cursor:   Cursor: 12/20 frames (12 detections)
2026-03-16 20:34:45,517 INFO vex_extract.cursor:   Cursor: 14/20 frames (14 detections)
2026-03-16 20:34:45,542 INFO vex_extract.cursor:   Cursor: 16/20 frames (16 detections)
2026-03-16 20:34:45,567 INFO vex_extract.cursor:   Cursor: 18/20 frames (18 detections)
2026-03-16 20:34:45,934 INFO vex_extract.cursor:   Cursor: pass 2 — 15 frames at 5.0 FPS [127217ms-130290ms]
2026-03-16 20:34:46,011 INFO vex_extract.cursor:   Cursor: 1/15 frames (1 detections)
2026-03-16 20:34:46,024 INFO vex_extract.cursor:   Cursor: 2/15 frames (2 detections)
2026-03-16 20:34:46,036 INFO vex_extract.cursor:   Cursor: 3/15 frames (3 detections)
2026-03-16 20:34:46,049 INFO vex_extract.cursor:   Cursor: 4/15 frames (4 detections)
2026-03-16 20:34:46,062 INFO vex_extract.cursor:   Cursor: 5/15 frames (5 detections)
2026-03-16 20:34:46,074 INFO vex_extract.cursor:   Cursor: 6/15 frames (6 detections)
2026-03-16 20:34:46,087 INFO vex_extract.cursor:   Cursor: 7/15 frames (7 detections)
2026-03-16 20:34:46,101 INFO vex_extract.cursor:   Cursor: 8/15 frames (8 detections)
2026-03-16 20:34:46,113 INFO vex_extract.cursor:   Cursor: 9/15 frames (9 detections)
2026-03-16 20:34:46,126 INFO vex_extract.cursor:   Cursor: 10/15 frames (10 detections)
2026-03-16 20:34:46,138 INFO vex_extract.cursor:   Cursor: 11/15 frames (11 detections)
2026-03-16 20:34:46,151 INFO vex_extract.cursor:   Cursor: 12/15 frames (12 detections)
2026-03-16 20:34:46,164 INFO vex_extract.cursor:   Cursor: 13/15 frames (13 detections)
2026-03-16 20:34:46,176 INFO vex_extract.cursor:   Cursor: 14/15 frames (14 detections)
2026-03-16 20:34:46,528 INFO vex_extract.cursor:   Cursor: pass 2 — 10 frames at 5.0 FPS [130310ms-132364ms]
2026-03-16 20:34:46,604 INFO vex_extract.cursor:   Cursor: 1/10 frames (1 detections)
2026-03-16 20:34:46,617 INFO vex_extract.cursor:   Cursor: 2/10 frames (2 detections)
2026-03-16 20:34:46,629 INFO vex_extract.cursor:   Cursor: 3/10 frames (3 detections)
2026-03-16 20:34:46,642 INFO vex_extract.cursor:   Cursor: 4/10 frames (4 detections)
2026-03-16 20:34:46,654 INFO vex_extract.cursor:   Cursor: 5/10 frames (5 detections)
2026-03-16 20:34:46,667 INFO vex_extract.cursor:   Cursor: 6/10 frames (6 detections)
2026-03-16 20:34:46,680 INFO vex_extract.cursor:   Cursor: 7/10 frames (7 detections)
2026-03-16 20:34:46,693 INFO vex_extract.cursor:   Cursor: 8/10 frames (8 detections)
2026-03-16 20:34:46,706 INFO vex_extract.cursor:   Cursor: 9/10 frames (9 detections)
2026-03-16 20:34:47,089 INFO vex_extract.cursor:   Cursor: pass 2 — 10 frames at 5.0 FPS [146933ms-148987ms]
2026-03-16 20:34:47,165 INFO vex_extract.cursor:   Cursor: 1/10 frames (1 detections)
2026-03-16 20:34:47,178 INFO vex_extract.cursor:   Cursor: 2/10 frames (2 detections)
2026-03-16 20:34:47,191 INFO vex_extract.cursor:   Cursor: 3/10 frames (3 detections)
2026-03-16 20:34:47,204 INFO vex_extract.cursor:   Cursor: 4/10 frames (4 detections)
2026-03-16 20:34:47,216 INFO vex_extract.cursor:   Cursor: 5/10 frames (5 detections)
2026-03-16 20:34:47,229 INFO vex_extract.cursor:   Cursor: 6/10 frames (6 detections)
2026-03-16 20:34:47,242 INFO vex_extract.cursor:   Cursor: 7/10 frames (7 detections)
2026-03-16 20:34:47,255 INFO vex_extract.cursor:   Cursor: 8/10 frames (8 detections)
2026-03-16 20:34:47,268 INFO vex_extract.cursor:   Cursor: 9/10 frames (9 detections)
2026-03-16 20:34:47,655 INFO vex_extract.cursor:   Cursor: pass 2 — 9 frames at 5.0 FPS [149211ms-151231ms]
2026-03-16 20:34:47,732 INFO vex_extract.cursor:   Cursor: 1/9 frames (1 detections)
2026-03-16 20:34:47,744 INFO vex_extract.cursor:   Cursor: 2/9 frames (2 detections)
2026-03-16 20:34:47,757 INFO vex_extract.cursor:   Cursor: 3/9 frames (3 detections)
2026-03-16 20:34:47,770 INFO vex_extract.cursor:   Cursor: 4/9 frames (4 detections)
2026-03-16 20:34:47,782 INFO vex_extract.cursor:   Cursor: 5/9 frames (5 detections)
2026-03-16 20:34:47,795 INFO vex_extract.cursor:   Cursor: 6/9 frames (6 detections)
2026-03-16 20:34:47,808 INFO vex_extract.cursor:   Cursor: 7/9 frames (7 detections)
2026-03-16 20:34:47,821 INFO vex_extract.cursor:   Cursor: 8/9 frames (8 detections)
2026-03-16 20:34:48,216 INFO vex_extract.cursor:   Cursor: pass 2 — 9 frames at 5.0 FPS [151285ms-153339ms]
2026-03-16 20:34:48,293 INFO vex_extract.cursor:   Cursor: 1/9 frames (1 detections)
2026-03-16 20:34:48,305 INFO vex_extract.cursor:   Cursor: 2/9 frames (2 detections)
2026-03-16 20:34:48,318 INFO vex_extract.cursor:   Cursor: 3/9 frames (3 detections)
2026-03-16 20:34:48,331 INFO vex_extract.cursor:   Cursor: 4/9 frames (4 detections)
2026-03-16 20:34:48,344 INFO vex_extract.cursor:   Cursor: 5/9 frames (5 detections)
2026-03-16 20:34:48,356 INFO vex_extract.cursor:   Cursor: 6/9 frames (6 detections)
2026-03-16 20:34:48,369 INFO vex_extract.cursor:   Cursor: 7/9 frames (7 detections)
2026-03-16 20:34:48,382 INFO vex_extract.cursor:   Cursor: 8/9 frames (8 detections)
2026-03-16 20:34:48,816 INFO vex_extract.cursor:   Cursor: pass 2 — 20 frames at 5.0 FPS [153392ms-158676ms]
2026-03-16 20:34:48,905 INFO vex_extract.cursor:   Cursor: 2/20 frames (2 detections)
2026-03-16 20:34:48,930 INFO vex_extract.cursor:   Cursor: 4/20 frames (4 detections)
2026-03-16 20:34:48,955 INFO vex_extract.cursor:   Cursor: 6/20 frames (6 detections)
2026-03-16 20:34:48,981 INFO vex_extract.cursor:   Cursor: 8/20 frames (8 detections)
2026-03-16 20:34:49,006 INFO vex_extract.cursor:   Cursor: 10/20 frames (10 detections)
2026-03-16 20:34:49,031 INFO vex_extract.cursor:   Cursor: 12/20 frames (12 detections)
2026-03-16 20:34:49,057 INFO vex_extract.cursor:   Cursor: 14/20 frames (14 detections)
2026-03-16 20:34:49,082 INFO vex_extract.cursor:   Cursor: 16/20 frames (16 detections)
2026-03-16 20:34:49,108 INFO vex_extract.cursor:   Cursor: 18/20 frames (18 detections)
2026-03-16 20:34:49,565 INFO vex_extract.cursor:   Cursor: pass 2 — 17 frames at 5.0 FPS [173687ms-182370ms]
2026-03-16 20:34:49,641 INFO vex_extract.cursor:   Cursor: 1/17 frames (1 detections)
2026-03-16 20:34:49,654 INFO vex_extract.cursor:   Cursor: 2/17 frames (2 detections)
2026-03-16 20:34:49,742 INFO vex_extract.cursor:   Cursor: 3/17 frames (3 detections)
2026-03-16 20:34:49,755 INFO vex_extract.cursor:   Cursor: 4/17 frames (4 detections)
2026-03-16 20:34:49,767 INFO vex_extract.cursor:   Cursor: 5/17 frames (5 detections)
2026-03-16 20:34:49,780 INFO vex_extract.cursor:   Cursor: 6/17 frames (6 detections)
2026-03-16 20:34:49,793 INFO vex_extract.cursor:   Cursor: 7/17 frames (7 detections)
2026-03-16 20:34:49,806 INFO vex_extract.cursor:   Cursor: 8/17 frames (8 detections)
2026-03-16 20:34:49,818 INFO vex_extract.cursor:   Cursor: 9/17 frames (9 detections)
2026-03-16 20:34:49,831 INFO vex_extract.cursor:   Cursor: 10/17 frames (10 detections)
2026-03-16 20:34:49,843 INFO vex_extract.cursor:   Cursor: 11/17 frames (11 detections)
2026-03-16 20:34:49,856 INFO vex_extract.cursor:   Cursor: 12/17 frames (12 detections)
2026-03-16 20:34:49,869 INFO vex_extract.cursor:   Cursor: 13/17 frames (13 detections)
2026-03-16 20:34:49,882 INFO vex_extract.cursor:   Cursor: 14/17 frames (14 detections)
2026-03-16 20:34:49,895 INFO vex_extract.cursor:   Cursor: 15/17 frames (15 detections)
2026-03-16 20:34:49,907 INFO vex_extract.cursor:   Cursor: 16/17 frames (16 detections)
2026-03-16 20:34:50,388 INFO vex_extract.cursor:   Cursor: pass 2 — 15 frames at 5.0 FPS [198809ms-201916ms]
2026-03-16 20:34:50,464 INFO vex_extract.cursor:   Cursor: 1/15 frames (1 detections)
2026-03-16 20:34:50,476 INFO vex_extract.cursor:   Cursor: 2/15 frames (2 detections)
2026-03-16 20:34:50,488 INFO vex_extract.cursor:   Cursor: 3/15 frames (3 detections)
2026-03-16 20:34:50,501 INFO vex_extract.cursor:   Cursor: 4/15 frames (4 detections)
2026-03-16 20:34:50,514 INFO vex_extract.cursor:   Cursor: 5/15 frames (5 detections)
2026-03-16 20:34:50,526 INFO vex_extract.cursor:   Cursor: 6/15 frames (6 detections)
2026-03-16 20:34:50,539 INFO vex_extract.cursor:   Cursor: 7/15 frames (7 detections)
2026-03-16 20:34:50,551 INFO vex_extract.cursor:   Cursor: 8/15 frames (8 detections)
2026-03-16 20:34:50,564 INFO vex_extract.cursor:   Cursor: 9/15 frames (9 detections)
2026-03-16 20:34:50,577 INFO vex_extract.cursor:   Cursor: 10/15 frames (10 detections)
2026-03-16 20:34:50,589 INFO vex_extract.cursor:   Cursor: 11/15 frames (11 detections)
2026-03-16 20:34:50,602 INFO vex_extract.cursor:   Cursor: 12/15 frames (12 detections)
2026-03-16 20:34:50,615 INFO vex_extract.cursor:   Cursor: 13/15 frames (13 detections)
2026-03-16 20:34:50,627 INFO vex_extract.cursor:   Cursor: 14/15 frames (14 detections)
2026-03-16 20:34:51,097 INFO vex_extract.cursor:   Cursor: pass 2 — 9 frames at 5.0 FPS [201970ms-205928ms]
2026-03-16 20:34:51,173 INFO vex_extract.cursor:   Cursor: 1/9 frames (1 detections)
2026-03-16 20:34:51,186 INFO vex_extract.cursor:   Cursor: 2/9 frames (2 detections)
2026-03-16 20:34:51,198 INFO vex_extract.cursor:   Cursor: 3/9 frames (3 detections)
2026-03-16 20:34:51,211 INFO vex_extract.cursor:   Cursor: 4/9 frames (4 detections)
2026-03-16 20:34:51,224 INFO vex_extract.cursor:   Cursor: 5/9 frames (5 detections)
2026-03-16 20:34:51,237 INFO vex_extract.cursor:   Cursor: 6/9 frames (6 detections)
2026-03-16 20:34:51,250 INFO vex_extract.cursor:   Cursor: 7/9 frames (7 detections)
2026-03-16 20:34:51,263 INFO vex_extract.cursor:   Cursor: 8/9 frames (8 detections)
2026-03-16 20:34:51,826 INFO vex_extract.cursor:   Cursor: pass 2 — 8 frames at 5.0 FPS [324554ms-326608ms]
2026-03-16 20:34:51,903 INFO vex_extract.cursor:   Cursor: 1/8 frames (1 detections)
2026-03-16 20:34:51,916 INFO vex_extract.cursor:   Cursor: 2/8 frames (2 detections)
2026-03-16 20:34:51,928 INFO vex_extract.cursor:   Cursor: 3/8 frames (3 detections)
2026-03-16 20:34:51,941 INFO vex_extract.cursor:   Cursor: 4/8 frames (4 detections)
2026-03-16 20:34:51,954 INFO vex_extract.cursor:   Cursor: 5/8 frames (5 detections)
2026-03-16 20:34:51,967 INFO vex_extract.cursor:   Cursor: 6/8 frames (6 detections)
2026-03-16 20:34:51,980 INFO vex_extract.cursor:   Cursor: 7/8 frames (7 detections)
2026-03-16 20:34:52,549 INFO vex_extract.cursor:   Cursor: pass 2 — 9 frames at 5.0 FPS [326661ms-328987ms]
2026-03-16 20:34:52,626 INFO vex_extract.cursor:   Cursor: 1/9 frames (1 detections)
2026-03-16 20:34:52,640 INFO vex_extract.cursor:   Cursor: 2/9 frames (2 detections)
2026-03-16 20:34:52,652 INFO vex_extract.cursor:   Cursor: 3/9 frames (3 detections)
2026-03-16 20:34:52,665 INFO vex_extract.cursor:   Cursor: 4/9 frames (4 detections)
2026-03-16 20:34:52,678 INFO vex_extract.cursor:   Cursor: 5/9 frames (5 detections)
2026-03-16 20:34:52,691 INFO vex_extract.cursor:   Cursor: 6/9 frames (6 detections)
2026-03-16 20:34:52,704 INFO vex_extract.cursor:   Cursor: 7/9 frames (7 detections)
2026-03-16 20:34:52,717 INFO vex_extract.cursor:   Cursor: 8/9 frames (8 detections)
2026-03-16 20:34:54,293 INFO vex_extract.cursor:   Cursor: pass 2 — 19 frames at 5.0 FPS [763727ms-767820ms]
2026-03-16 20:34:54,371 INFO vex_extract.cursor:   Cursor: 1/19 frames (1 detections)
2026-03-16 20:34:54,384 INFO vex_extract.cursor:   Cursor: 2/19 frames (2 detections)
2026-03-16 20:34:54,396 INFO vex_extract.cursor:   Cursor: 3/19 frames (3 detections)
2026-03-16 20:34:54,409 INFO vex_extract.cursor:   Cursor: 4/19 frames (4 detections)
2026-03-16 20:34:54,422 INFO vex_extract.cursor:   Cursor: 5/19 frames (5 detections)
2026-03-16 20:34:54,435 INFO vex_extract.cursor:   Cursor: 6/19 frames (6 detections)
2026-03-16 20:34:54,447 INFO vex_extract.cursor:   Cursor: 7/19 frames (7 detections)
2026-03-16 20:34:54,460 INFO vex_extract.cursor:   Cursor: 8/19 frames (8 detections)
2026-03-16 20:34:54,473 INFO vex_extract.cursor:   Cursor: 9/19 frames (9 detections)
2026-03-16 20:34:54,485 INFO vex_extract.cursor:   Cursor: 10/19 frames (10 detections)
2026-03-16 20:34:54,498 INFO vex_extract.cursor:   Cursor: 11/19 frames (11 detections)
2026-03-16 20:34:54,511 INFO vex_extract.cursor:   Cursor: 12/19 frames (12 detections)
2026-03-16 20:34:54,523 INFO vex_extract.cursor:   Cursor: 13/19 frames (13 detections)
2026-03-16 20:34:54,536 INFO vex_extract.cursor:   Cursor: 14/19 frames (14 detections)
2026-03-16 20:34:54,548 INFO vex_extract.cursor:   Cursor: 15/19 frames (15 detections)
2026-03-16 20:34:54,561 INFO vex_extract.cursor:   Cursor: 16/19 frames (16 detections)
2026-03-16 20:34:54,574 INFO vex_extract.cursor:   Cursor: 17/19 frames (17 detections)
2026-03-16 20:34:54,586 INFO vex_extract.cursor:   Cursor: 18/19 frames (18 detections)
2026-03-16 20:34:56,382 INFO vex_extract.cursor:   Cursor: pass 2 — 10 frames at 5.0 FPS [864894ms-866948ms]
2026-03-16 20:34:56,458 INFO vex_extract.cursor:   Cursor: 1/10 frames (1 detections)
2026-03-16 20:34:56,471 INFO vex_extract.cursor:   Cursor: 2/10 frames (2 detections)
2026-03-16 20:34:56,484 INFO vex_extract.cursor:   Cursor: 3/10 frames (3 detections)
2026-03-16 20:34:56,497 INFO vex_extract.cursor:   Cursor: 4/10 frames (4 detections)
2026-03-16 20:34:56,510 INFO vex_extract.cursor:   Cursor: 5/10 frames (5 detections)
2026-03-16 20:34:56,523 INFO vex_extract.cursor:   Cursor: 6/10 frames (6 detections)
2026-03-16 20:34:56,535 INFO vex_extract.cursor:   Cursor: 7/10 frames (7 detections)
2026-03-16 20:34:56,548 INFO vex_extract.cursor:   Cursor: 8/10 frames (8 detections)
2026-03-16 20:34:56,561 INFO vex_extract.cursor:   Cursor: 9/10 frames (9 detections)
2026-03-16 20:34:58,403 INFO vex_extract.cursor:   Cursor: pass 2 — 9 frames at 5.0 FPS [887704ms-889860ms]
2026-03-16 20:34:58,479 INFO vex_extract.cursor:   Cursor: 1/9 frames (1 detections)
2026-03-16 20:34:58,491 INFO vex_extract.cursor:   Cursor: 2/9 frames (2 detections)
2026-03-16 20:34:58,504 INFO vex_extract.cursor:   Cursor: 3/9 frames (3 detections)
2026-03-16 20:34:58,517 INFO vex_extract.cursor:   Cursor: 4/9 frames (4 detections)
2026-03-16 20:34:58,530 INFO vex_extract.cursor:   Cursor: 5/9 frames (5 detections)
2026-03-16 20:34:58,543 INFO vex_extract.cursor:   Cursor: 6/9 frames (6 detections)
2026-03-16 20:34:58,556 INFO vex_extract.cursor:   Cursor: 7/9 frames (7 detections)
2026-03-16 20:34:58,568 INFO vex_extract.cursor:   Cursor: 8/9 frames (8 detections)
2026-03-16 20:35:00,421 INFO vex_extract.cursor:   Cursor: pass 2 — 8 frames at 5.0 FPS [892939ms-894993ms]
2026-03-16 20:35:00,497 INFO vex_extract.cursor:   Cursor: 1/8 frames (1 detections)
2026-03-16 20:35:00,510 INFO vex_extract.cursor:   Cursor: 2/8 frames (2 detections)
2026-03-16 20:35:00,522 INFO vex_extract.cursor:   Cursor: 3/8 frames (3 detections)
2026-03-16 20:35:00,535 INFO vex_extract.cursor:   Cursor: 4/8 frames (4 detections)
2026-03-16 20:35:00,548 INFO vex_extract.cursor:   Cursor: 5/8 frames (5 detections)
2026-03-16 20:35:00,560 INFO vex_extract.cursor:   Cursor: 6/8 frames (6 detections)
2026-03-16 20:35:00,572 INFO vex_extract.cursor:   Cursor: 7/8 frames (7 detections)
2026-03-16 20:35:02,486 INFO vex_extract.cursor:   Cursor: pass 2 — 25 frames at 5.0 FPS [896101ms-901384ms]
2026-03-16 20:35:02,574 INFO vex_extract.cursor:   Cursor: 2/25 frames (2 detections)
2026-03-16 20:35:02,599 INFO vex_extract.cursor:   Cursor: 4/25 frames (4 detections)
2026-03-16 20:35:02,625 INFO vex_extract.cursor:   Cursor: 6/25 frames (6 detections)
2026-03-16 20:35:02,650 INFO vex_extract.cursor:   Cursor: 8/25 frames (8 detections)
2026-03-16 20:35:02,675 INFO vex_extract.cursor:   Cursor: 10/25 frames (10 detections)
2026-03-16 20:35:02,700 INFO vex_extract.cursor:   Cursor: 12/25 frames (12 detections)
2026-03-16 20:35:02,726 INFO vex_extract.cursor:   Cursor: 14/25 frames (14 detections)
2026-03-16 20:35:02,751 INFO vex_extract.cursor:   Cursor: 16/25 frames (16 detections)
2026-03-16 20:35:02,776 INFO vex_extract.cursor:   Cursor: 18/25 frames (18 detections)
2026-03-16 20:35:02,802 INFO vex_extract.cursor:   Cursor: 20/25 frames (20 detections)
2026-03-16 20:35:02,827 INFO vex_extract.cursor:   Cursor: 22/25 frames (22 detections)
2026-03-16 20:35:02,851 INFO vex_extract.cursor:   Cursor: 24/25 frames (24 detections)
2026-03-16 20:35:04,783 INFO vex_extract.cursor:   Cursor: pass 2 — 14 frames at 5.0 FPS [907829ms-911038ms]
2026-03-16 20:35:04,860 INFO vex_extract.cursor:   Cursor: 1/14 frames (1 detections)
2026-03-16 20:35:04,873 INFO vex_extract.cursor:   Cursor: 2/14 frames (2 detections)
2026-03-16 20:35:04,886 INFO vex_extract.cursor:   Cursor: 3/14 frames (3 detections)
2026-03-16 20:35:04,899 INFO vex_extract.cursor:   Cursor: 4/14 frames (4 detections)
2026-03-16 20:35:04,911 INFO vex_extract.cursor:   Cursor: 5/14 frames (5 detections)
2026-03-16 20:35:04,924 INFO vex_extract.cursor:   Cursor: 6/14 frames (6 detections)
2026-03-16 20:35:04,937 INFO vex_extract.cursor:   Cursor: 7/14 frames (7 detections)
2026-03-16 20:35:04,950 INFO vex_extract.cursor:   Cursor: 8/14 frames (8 detections)
2026-03-16 20:35:04,963 INFO vex_extract.cursor:   Cursor: 9/14 frames (9 detections)
2026-03-16 20:35:04,975 INFO vex_extract.cursor:   Cursor: 10/14 frames (10 detections)
2026-03-16 20:35:04,988 INFO vex_extract.cursor:   Cursor: 11/14 frames (11 detections)
2026-03-16 20:35:05,001 INFO vex_extract.cursor:   Cursor: 12/14 frames (12 detections)
2026-03-16 20:35:05,013 INFO vex_extract.cursor:   Cursor: 13/14 frames (13 detections)
2026-03-16 20:35:06,985 INFO vex_extract.cursor:   Cursor: pass 2 — 19 frames at 5.0 FPS [915477ms-919639ms]
2026-03-16 20:35:07,061 INFO vex_extract.cursor:   Cursor: 1/19 frames (1 detections)
2026-03-16 20:35:07,074 INFO vex_extract.cursor:   Cursor: 2/19 frames (2 detections)
2026-03-16 20:35:07,086 INFO vex_extract.cursor:   Cursor: 3/19 frames (3 detections)
2026-03-16 20:35:07,099 INFO vex_extract.cursor:   Cursor: 4/19 frames (4 detections)
2026-03-16 20:35:07,112 INFO vex_extract.cursor:   Cursor: 5/19 frames (5 detections)
2026-03-16 20:35:07,125 INFO vex_extract.cursor:   Cursor: 6/19 frames (6 detections)
2026-03-16 20:35:07,138 INFO vex_extract.cursor:   Cursor: 7/19 frames (7 detections)
2026-03-16 20:35:07,150 INFO vex_extract.cursor:   Cursor: 8/19 frames (8 detections)
2026-03-16 20:35:07,163 INFO vex_extract.cursor:   Cursor: 9/19 frames (9 detections)
2026-03-16 20:35:07,176 INFO vex_extract.cursor:   Cursor: 10/19 frames (10 detections)
2026-03-16 20:35:07,189 INFO vex_extract.cursor:   Cursor: 11/19 frames (11 detections)
2026-03-16 20:35:07,201 INFO vex_extract.cursor:   Cursor: 12/19 frames (12 detections)
2026-03-16 20:35:07,214 INFO vex_extract.cursor:   Cursor: 13/19 frames (13 detections)
2026-03-16 20:35:07,227 INFO vex_extract.cursor:   Cursor: 14/19 frames (14 detections)
2026-03-16 20:35:07,240 INFO vex_extract.cursor:   Cursor: 15/19 frames (15 detections)
2026-03-16 20:35:07,252 INFO vex_extract.cursor:   Cursor: 16/19 frames (16 detections)
2026-03-16 20:35:07,265 INFO vex_extract.cursor:   Cursor: 17/19 frames (17 detections)
2026-03-16 20:35:07,277 INFO vex_extract.cursor:   Cursor: 18/19 frames (18 detections)
2026-03-16 20:35:09,642 INFO vex_extract.cursor:   Cursor: pass 2 — 13 frames at 5.0 FPS [1108599ms-1111911ms]
2026-03-16 20:35:09,718 INFO vex_extract.cursor:   Cursor: 1/13 frames (1 detections)
2026-03-16 20:35:09,731 INFO vex_extract.cursor:   Cursor: 2/13 frames (2 detections)
2026-03-16 20:35:09,744 INFO vex_extract.cursor:   Cursor: 3/13 frames (3 detections)
2026-03-16 20:35:09,756 INFO vex_extract.cursor:   Cursor: 4/13 frames (4 detections)
2026-03-16 20:35:09,770 INFO vex_extract.cursor:   Cursor: 5/13 frames (5 detections)
2026-03-16 20:35:09,782 INFO vex_extract.cursor:   Cursor: 6/13 frames (6 detections)
2026-03-16 20:35:09,795 INFO vex_extract.cursor:   Cursor: 7/13 frames (7 detections)
2026-03-16 20:35:09,808 INFO vex_extract.cursor:   Cursor: 8/13 frames (8 detections)
2026-03-16 20:35:09,821 INFO vex_extract.cursor:   Cursor: 9/13 frames (9 detections)
2026-03-16 20:35:09,833 INFO vex_extract.cursor:   Cursor: 10/13 frames (10 detections)
2026-03-16 20:35:09,846 INFO vex_extract.cursor:   Cursor: 11/13 frames (11 detections)
2026-03-16 20:35:09,858 INFO vex_extract.cursor:   Cursor: 12/13 frames (12 detections)
2026-03-16 20:35:12,461 INFO vex_extract.cursor:   Cursor: pass 2 — 10 frames at 5.0 FPS [1200316ms-1202370ms]
2026-03-16 20:35:12,537 INFO vex_extract.cursor:   Cursor: 1/10 frames (1 detections)
2026-03-16 20:35:12,550 INFO vex_extract.cursor:   Cursor: 2/10 frames (2 detections)
2026-03-16 20:35:12,563 INFO vex_extract.cursor:   Cursor: 3/10 frames (3 detections)
2026-03-16 20:35:12,576 INFO vex_extract.cursor:   Cursor: 4/10 frames (4 detections)
2026-03-16 20:35:12,589 INFO vex_extract.cursor:   Cursor: 5/10 frames (5 detections)
2026-03-16 20:35:12,601 INFO vex_extract.cursor:   Cursor: 6/10 frames (6 detections)
2026-03-16 20:35:12,614 INFO vex_extract.cursor:   Cursor: 7/10 frames (7 detections)
2026-03-16 20:35:12,627 INFO vex_extract.cursor:   Cursor: 8/10 frames (8 detections)
2026-03-16 20:35:12,639 INFO vex_extract.cursor:   Cursor: 9/10 frames (9 detections)
2026-03-16 20:35:15,260 INFO vex_extract.cursor:   Cursor: pass 2 — 10 frames at 5.0 FPS [1203443ms-1206245ms]
2026-03-16 20:35:15,335 INFO vex_extract.cursor:   Cursor: 1/10 frames (1 detections)
2026-03-16 20:35:15,348 INFO vex_extract.cursor:   Cursor: 2/10 frames (2 detections)
2026-03-16 20:35:15,361 INFO vex_extract.cursor:   Cursor: 3/10 frames (3 detections)
2026-03-16 20:35:15,373 INFO vex_extract.cursor:   Cursor: 4/10 frames (4 detections)
2026-03-16 20:35:15,386 INFO vex_extract.cursor:   Cursor: 5/10 frames (5 detections)
2026-03-16 20:35:15,398 INFO vex_extract.cursor:   Cursor: 6/10 frames (6 detections)
2026-03-16 20:35:15,411 INFO vex_extract.cursor:   Cursor: 7/10 frames (7 detections)
2026-03-16 20:35:15,424 INFO vex_extract.cursor:   Cursor: 8/10 frames (8 detections)
2026-03-16 20:35:15,437 INFO vex_extract.cursor:   Cursor: 9/10 frames (9 detections)
2026-03-16 20:35:18,877 INFO vex_extract.cursor:   Cursor: pass 2 — 15 frames at 5.0 FPS [1650231ms-1654324ms]
2026-03-16 20:35:18,954 INFO vex_extract.cursor:   Cursor: 1/15 frames (1 detections)
2026-03-16 20:35:18,967 INFO vex_extract.cursor:   Cursor: 2/15 frames (2 detections)
2026-03-16 20:35:18,980 INFO vex_extract.cursor:   Cursor: 3/15 frames (3 detections)
2026-03-16 20:35:18,992 INFO vex_extract.cursor:   Cursor: 4/15 frames (4 detections)
2026-03-16 20:35:19,005 INFO vex_extract.cursor:   Cursor: 5/15 frames (5 detections)
2026-03-16 20:35:19,018 INFO vex_extract.cursor:   Cursor: 6/15 frames (6 detections)
2026-03-16 20:35:19,030 INFO vex_extract.cursor:   Cursor: 7/15 frames (7 detections)
2026-03-16 20:35:19,043 INFO vex_extract.cursor:   Cursor: 8/15 frames (8 detections)
2026-03-16 20:35:19,056 INFO vex_extract.cursor:   Cursor: 9/15 frames (9 detections)
2026-03-16 20:35:19,068 INFO vex_extract.cursor:   Cursor: 10/15 frames (10 detections)
2026-03-16 20:35:19,081 INFO vex_extract.cursor:   Cursor: 11/15 frames (11 detections)
2026-03-16 20:35:19,094 INFO vex_extract.cursor:   Cursor: 12/15 frames (12 detections)
2026-03-16 20:35:19,107 INFO vex_extract.cursor:   Cursor: 13/15 frames (13 detections)
2026-03-16 20:35:19,119 INFO vex_extract.cursor:   Cursor: 14/15 frames (14 detections)
2026-03-16 20:35:22,633 INFO vex_extract.cursor:   Cursor: pass 2 — 26 frames at 5.0 FPS [1663693ms-1669860ms]
2026-03-16 20:35:22,723 INFO vex_extract.cursor:   Cursor: 2/26 frames (2 detections)
2026-03-16 20:35:22,749 INFO vex_extract.cursor:   Cursor: 4/26 frames (4 detections)
2026-03-16 20:35:22,775 INFO vex_extract.cursor:   Cursor: 6/26 frames (6 detections)
2026-03-16 20:35:22,801 INFO vex_extract.cursor:   Cursor: 8/26 frames (8 detections)
2026-03-16 20:35:22,826 INFO vex_extract.cursor:   Cursor: 10/26 frames (10 detections)
2026-03-16 20:35:22,852 INFO vex_extract.cursor:   Cursor: 12/26 frames (12 detections)
2026-03-16 20:35:22,878 INFO vex_extract.cursor:   Cursor: 14/26 frames (14 detections)
2026-03-16 20:35:22,904 INFO vex_extract.cursor:   Cursor: 16/26 frames (16 detections)
2026-03-16 20:35:22,929 INFO vex_extract.cursor:   Cursor: 18/26 frames (18 detections)
2026-03-16 20:35:22,955 INFO vex_extract.cursor:   Cursor: 20/26 frames (20 detections)
2026-03-16 20:35:22,980 INFO vex_extract.cursor:   Cursor: 22/26 frames (22 detections)
2026-03-16 20:35:23,006 INFO vex_extract.cursor:   Cursor: 24/26 frames (24 detections)
2026-03-16 20:35:26,538 INFO vex_extract.cursor:   Cursor: pass 2 — 14 frames at 5.0 FPS [1671035ms-1674109ms]
2026-03-16 20:35:26,614 INFO vex_extract.cursor:   Cursor: 1/14 frames (1 detections)
2026-03-16 20:35:26,627 INFO vex_extract.cursor:   Cursor: 2/14 frames (2 detections)
2026-03-16 20:35:26,640 INFO vex_extract.cursor:   Cursor: 3/14 frames (3 detections)
2026-03-16 20:35:26,653 INFO vex_extract.cursor:   Cursor: 4/14 frames (4 detections)
2026-03-16 20:35:26,667 INFO vex_extract.cursor:   Cursor: 5/14 frames (5 detections)
2026-03-16 20:35:26,680 INFO vex_extract.cursor:   Cursor: 6/14 frames (6 detections)
2026-03-16 20:35:26,693 INFO vex_extract.cursor:   Cursor: 7/14 frames (7 detections)
2026-03-16 20:35:26,706 INFO vex_extract.cursor:   Cursor: 8/14 frames (8 detections)
2026-03-16 20:35:26,718 INFO vex_extract.cursor:   Cursor: 9/14 frames (9 detections)
2026-03-16 20:35:26,731 INFO vex_extract.cursor:   Cursor: 10/14 frames (10 detections)
2026-03-16 20:35:26,744 INFO vex_extract.cursor:   Cursor: 11/14 frames (11 detections)
2026-03-16 20:35:26,757 INFO vex_extract.cursor:   Cursor: 12/14 frames (12 detections)
2026-03-16 20:35:26,769 INFO vex_extract.cursor:   Cursor: 13/14 frames (13 detections)
2026-03-16 20:35:30,475 INFO vex_extract.cursor:   Cursor: pass 2 — 13 frames at 5.0 FPS [1749494ms-1752534ms]
2026-03-16 20:35:30,551 INFO vex_extract.cursor:   Cursor: 1/13 frames (1 detections)
2026-03-16 20:35:30,564 INFO vex_extract.cursor:   Cursor: 2/13 frames (2 detections)
2026-03-16 20:35:30,577 INFO vex_extract.cursor:   Cursor: 3/13 frames (3 detections)
2026-03-16 20:35:30,589 INFO vex_extract.cursor:   Cursor: 4/13 frames (4 detections)
2026-03-16 20:35:30,602 INFO vex_extract.cursor:   Cursor: 5/13 frames (5 detections)
2026-03-16 20:35:30,614 INFO vex_extract.cursor:   Cursor: 6/13 frames (6 detections)
2026-03-16 20:35:30,627 INFO vex_extract.cursor:   Cursor: 7/13 frames (7 detections)
2026-03-16 20:35:30,640 INFO vex_extract.cursor:   Cursor: 8/13 frames (8 detections)
2026-03-16 20:35:30,653 INFO vex_extract.cursor:   Cursor: 9/13 frames (9 detections)
2026-03-16 20:35:30,666 INFO vex_extract.cursor:   Cursor: 10/13 frames (10 detections)
2026-03-16 20:35:30,678 INFO vex_extract.cursor:   Cursor: 11/13 frames (11 detections)
2026-03-16 20:35:30,691 INFO vex_extract.cursor:   Cursor: 12/13 frames (12 detections)
2026-03-16 20:35:34,404 INFO vex_extract.cursor:   Cursor: pass 2 — 10 frames at 5.0 FPS [1752554ms-1754574ms]
2026-03-16 20:35:34,479 INFO vex_extract.cursor:   Cursor: 1/10 frames (1 detections)
2026-03-16 20:35:34,492 INFO vex_extract.cursor:   Cursor: 2/10 frames (2 detections)
2026-03-16 20:35:34,505 INFO vex_extract.cursor:   Cursor: 3/10 frames (3 detections)
2026-03-16 20:35:34,518 INFO vex_extract.cursor:   Cursor: 4/10 frames (4 detections)
2026-03-16 20:35:34,531 INFO vex_extract.cursor:   Cursor: 5/10 frames (5 detections)
2026-03-16 20:35:34,544 INFO vex_extract.cursor:   Cursor: 6/10 frames (6 detections)
2026-03-16 20:35:34,556 INFO vex_extract.cursor:   Cursor: 7/10 frames (7 detections)
2026-03-16 20:35:34,569 INFO vex_extract.cursor:   Cursor: 8/10 frames (8 detections)
2026-03-16 20:35:34,581 INFO vex_extract.cursor:   Cursor: 9/10 frames (9 detections)
2026-03-16 20:35:38,416 INFO vex_extract.cursor:   Cursor: pass 2 — 7 frames at 5.0 FPS [1813302ms-1815356ms]
2026-03-16 20:35:38,493 INFO vex_extract.cursor:   Cursor: 1/7 frames (1 detections)
2026-03-16 20:35:38,506 INFO vex_extract.cursor:   Cursor: 2/7 frames (2 detections)
2026-03-16 20:35:38,519 INFO vex_extract.cursor:   Cursor: 3/7 frames (3 detections)
2026-03-16 20:35:38,532 INFO vex_extract.cursor:   Cursor: 4/7 frames (4 detections)
2026-03-16 20:35:38,544 INFO vex_extract.cursor:   Cursor: 5/7 frames (5 detections)
2026-03-16 20:35:38,558 INFO vex_extract.cursor:   Cursor: 6/7 frames (6 detections)
2026-03-16 20:35:42,376 INFO vex_extract.cursor:   Cursor: pass 2 — 6 frames at 5.0 FPS [1816463ms-1819197ms]
2026-03-16 20:35:42,453 INFO vex_extract.cursor:   Cursor: 1/6 frames (1 detections)
2026-03-16 20:35:42,466 INFO vex_extract.cursor:   Cursor: 2/6 frames (2 detections)
2026-03-16 20:35:42,479 INFO vex_extract.cursor:   Cursor: 3/6 frames (3 detections)
2026-03-16 20:35:42,491 INFO vex_extract.cursor:   Cursor: 4/6 frames (4 detections)
2026-03-16 20:35:42,504 INFO vex_extract.cursor:   Cursor: 5/6 frames (5 detections)
2026-03-16 20:35:46,346 INFO vex_extract.cursor:   Cursor: pass 2 — 8 frames at 5.0 FPS [1856339ms-1858358ms]
2026-03-16 20:35:46,423 INFO vex_extract.cursor:   Cursor: 1/8 frames (1 detections)
2026-03-16 20:35:46,436 INFO vex_extract.cursor:   Cursor: 2/8 frames (2 detections)
2026-03-16 20:35:46,449 INFO vex_extract.cursor:   Cursor: 3/8 frames (3 detections)
2026-03-16 20:35:46,461 INFO vex_extract.cursor:   Cursor: 4/8 frames (4 detections)
2026-03-16 20:35:46,474 INFO vex_extract.cursor:   Cursor: 5/8 frames (5 detections)
2026-03-16 20:35:46,487 INFO vex_extract.cursor:   Cursor: 6/8 frames (6 detections)
2026-03-16 20:35:46,501 INFO vex_extract.cursor:   Cursor: 7/8 frames (7 detections)
2026-03-16 20:35:50,360 INFO vex_extract.cursor:   Cursor: pass 2 — 8 frames at 5.0 FPS [1862593ms-1864647ms]
2026-03-16 20:35:50,436 INFO vex_extract.cursor:   Cursor: 1/8 frames (1 detections)
2026-03-16 20:35:50,449 INFO vex_extract.cursor:   Cursor: 2/8 frames (2 detections)
2026-03-16 20:35:50,462 INFO vex_extract.cursor:   Cursor: 3/8 frames (3 detections)
2026-03-16 20:35:50,475 INFO vex_extract.cursor:   Cursor: 4/8 frames (4 detections)
2026-03-16 20:35:50,488 INFO vex_extract.cursor:   Cursor: 5/8 frames (5 detections)
2026-03-16 20:35:50,501 INFO vex_extract.cursor:   Cursor: 6/8 frames (6 detections)
2026-03-16 20:35:50,514 INFO vex_extract.cursor:   Cursor: 7/8 frames (7 detections)
2026-03-16 20:35:54,478 INFO vex_extract.cursor:   Cursor: pass 2 — 13 frames at 5.0 FPS [1908860ms-1911933ms]
2026-03-16 20:35:54,554 INFO vex_extract.cursor:   Cursor: 1/13 frames (1 detections)
2026-03-16 20:35:54,567 INFO vex_extract.cursor:   Cursor: 2/13 frames (2 detections)
2026-03-16 20:35:54,580 INFO vex_extract.cursor:   Cursor: 3/13 frames (3 detections)
2026-03-16 20:35:54,593 INFO vex_extract.cursor:   Cursor: 4/13 frames (4 detections)
2026-03-16 20:35:54,605 INFO vex_extract.cursor:   Cursor: 5/13 frames (5 detections)
2026-03-16 20:35:54,618 INFO vex_extract.cursor:   Cursor: 6/13 frames (6 detections)
2026-03-16 20:35:54,631 INFO vex_extract.cursor:   Cursor: 7/13 frames (7 detections)
2026-03-16 20:35:54,644 INFO vex_extract.cursor:   Cursor: 8/13 frames (8 detections)
2026-03-16 20:35:54,657 INFO vex_extract.cursor:   Cursor: 9/13 frames (9 detections)
2026-03-16 20:35:54,669 INFO vex_extract.cursor:   Cursor: 10/13 frames (10 detections)
2026-03-16 20:35:54,682 INFO vex_extract.cursor:   Cursor: 11/13 frames (11 detections)
2026-03-16 20:35:54,695 INFO vex_extract.cursor:   Cursor: 12/13 frames (12 detections)
2026-03-16 20:35:58,975 INFO vex_extract.cursor:   Cursor: pass 2 — 14 frames at 5.0 FPS [2179795ms-2182868ms]
2026-03-16 20:35:59,052 INFO vex_extract.cursor:   Cursor: 1/14 frames (1 detections)
2026-03-16 20:35:59,064 INFO vex_extract.cursor:   Cursor: 2/14 frames (2 detections)
2026-03-16 20:35:59,077 INFO vex_extract.cursor:   Cursor: 3/14 frames (3 detections)
2026-03-16 20:35:59,090 INFO vex_extract.cursor:   Cursor: 4/14 frames (4 detections)
2026-03-16 20:35:59,103 INFO vex_extract.cursor:   Cursor: 5/14 frames (5 detections)
2026-03-16 20:35:59,115 INFO vex_extract.cursor:   Cursor: 6/14 frames (6 detections)
2026-03-16 20:35:59,128 INFO vex_extract.cursor:   Cursor: 7/14 frames (7 detections)
2026-03-16 20:35:59,141 INFO vex_extract.cursor:   Cursor: 8/14 frames (8 detections)
2026-03-16 20:35:59,153 INFO vex_extract.cursor:   Cursor: 9/14 frames (9 detections)
2026-03-16 20:35:59,167 INFO vex_extract.cursor:   Cursor: 10/14 frames (10 detections)
2026-03-16 20:35:59,179 INFO vex_extract.cursor:   Cursor: 11/14 frames (11 detections)
2026-03-16 20:35:59,192 INFO vex_extract.cursor:   Cursor: 12/14 frames (12 detections)
2026-03-16 20:35:59,204 INFO vex_extract.cursor:   Cursor: 13/14 frames (13 detections)
2026-03-16 20:35:59,221 INFO vex_extract.cursor:   Cursor: merged 2394 detections (2394 detected)
2026-03-16 20:35:59,221 INFO vex_extract.cursor:   Cursor: filtering 49 static detections at (1763.0, 12.0) spanning 10266ms
2026-03-16 20:35:59,221 INFO vex_extract.cursor:   Cursor: filtering 10 static detections at (286.0, 223.0) spanning 9348ms
2026-03-16 20:35:59,221 INFO vex_extract.cursor:   Cursor: filtering 25 static detections at (1763.0, 12.0) spanning 5065ms
2026-03-16 20:35:59,221 INFO vex_extract.cursor:   Cursor: filtering 6 static detections at (286.0, 217.0) spanning 5201ms
2026-03-16 20:35:59,221 INFO vex_extract.cursor:   Cursor: filtering 11 static detections at (286.0, 217.0) spanning 10402ms
2026-03-16 20:35:59,221 INFO vex_extract.cursor:   Cursor: filtering 8 static detections at (938.0, 841.0) spanning 7275ms
2026-03-16 20:35:59,221 INFO vex_extract.cursor:   Cursor: filtering 18 static detections at (1763.0, 12.0) spanning 3501ms
2026-03-16 20:35:59,221 INFO vex_extract.cursor:   Cursor: filtering 5 static detections at (830.0, 423.0) spanning 3671ms
2026-03-16 20:35:59,221 INFO vex_extract.cursor:   Cursor: filtering 23 static detections at (830.0, 423.0) spanning 16215ms
2026-03-16 20:35:59,221 INFO vex_extract.cursor:   Cursor: filtering 18 static detections at (1763.0, 12.0) spanning 3875ms
2026-03-16 20:35:59,221 INFO vex_extract.cursor:   Cursor: filtering 15 static detections at (206.0, 454.0) spanning 16827ms
2026-03-16 20:35:59,221 INFO vex_extract.cursor:   Cursor: filtering 36 static detections at (1763.0, 12.0) spanning 22198ms
2026-03-16 20:35:59,221 INFO vex_extract.cursor:   Cursor: filtering 76 static detections at (1763.0, 12.0) spanning 118130ms
2026-03-16 20:35:59,221 INFO vex_extract.cursor:   Cursor: filtering 416 static detections at (1763.0, 12.0) spanning 433360ms
2026-03-16 20:35:59,222 INFO vex_extract.cursor:   Cursor: filtering 93 static detections at (1763.0, 12.0) spanning 96000ms
2026-03-16 20:35:59,222 INFO vex_extract.cursor:   Cursor: filtering 20 static detections at (452.0, 414.0) spanning 19615ms
2026-03-16 20:35:59,222 INFO vex_extract.cursor:   Cursor: filtering 13 static detections at (89.0, 744.0) spanning 7377ms
2026-03-16 20:35:59,222 INFO vex_extract.cursor:   Cursor: filtering 4 static detections at (89.0, 744.0) spanning 3229ms
2026-03-16 20:35:59,222 INFO vex_extract.cursor:   Cursor: filtering 144 static detections at (1763.0, 12.0) spanning 189348ms
2026-03-16 20:35:59,222 INFO vex_extract.cursor:   Cursor: filtering 74 static detections at (1763.0, 12.0) spanning 88793ms
2026-03-16 20:35:59,222 INFO vex_extract.cursor:   Cursor: filtering 347 static detections at (1763.0, 12.0) spanning 444034ms
2026-03-16 20:35:59,223 INFO vex_extract.cursor:   Cursor: filtering 17 static detections at (1763.0, 12.0) spanning 10810ms
2026-03-16 20:35:59,223 INFO vex_extract.cursor:   Cursor: filtering 59 static detections at (1763.0, 12.0) spanning 74142ms
2026-03-16 20:35:59,223 INFO vex_extract.cursor:   Cursor: filtering 42 static detections at (1763.0, 12.0) spanning 56669ms
2026-03-16 20:35:59,223 INFO vex_extract.cursor:   Cursor: filtering 21 static detections at (1763.0, 12.0) spanning 36034ms
2026-03-16 20:35:59,223 INFO vex_extract.cursor:   Cursor: filtering 11 static detections at (119.0, 14.0) spanning 5099ms
2026-03-16 20:35:59,223 INFO vex_extract.cursor:   Cursor: filtering 37 static detections at (1763.0, 12.0) spanning 44839ms
2026-03-16 20:35:59,223 INFO vex_extract.cursor:   Cursor: filtering 196 static detections at (1763.0, 12.0) spanning 267977ms
2026-03-16 20:35:59,223 INFO vex_extract.cursor:   Cursor: filtering 36 static detections at (1763.0, 12.0) spanning 36374ms
2026-03-16 20:35:59,229 INFO vex_extract.pipeline:   Cached cursor trajectory: /Users/nic/Developer/spike-air-315-vision-processing/candidates/2026-03-14/tmp/cv/travel_learner_sophia_jayde_7476a342_cursor/cursor_trajectory.json
2026-03-16 20:35:59,229 INFO vex_extract.pipeline:   2394 cursor detections (564 detected) in 116.3s
2026-03-16 20:35:59,230 INFO vex_extract.pipeline: Step 3: Computing optical flow...
2026-03-16 20:36:05,296 INFO vex_extract.flow:   Flow: computing across 3346 frame pairs...
2026-03-16 20:36:17,495 INFO vex_extract.pipeline:   Cached flow windows: /Users/nic/Developer/spike-air-315-vision-processing/candidates/2026-03-14/tmp/cv/travel_learner_sophia_jayde_bb5a87ef_7476a342_flow/flow_windows.json
2026-03-16 20:36:17,495 INFO vex_extract.pipeline:   2317 flow windows in 18.3s
2026-03-16 20:36:17,495 INFO vex_extract.pipeline: Step 4: Creating video segments...
2026-03-16 20:36:17,495 INFO vex_extract.pipeline:   30 segments
2026-03-16 20:36:17,495 INFO vex_extract.pipeline:   Segment 0: cached
2026-03-16 20:36:17,495 INFO vex_extract.pipeline:   Segment 1: cached
2026-03-16 20:36:17,495 INFO vex_extract.pipeline:   Segment 2: cached
2026-03-16 20:36:17,495 INFO vex_extract.pipeline:   Segment 3: cached
2026-03-16 20:36:17,495 INFO vex_extract.pipeline:   Segment 4: cached
2026-03-16 20:36:17,495 INFO vex_extract.pipeline:   Segment 5: cached
2026-03-16 20:36:17,495 INFO vex_extract.pipeline:   Segment 6: cached
2026-03-16 20:36:17,495 INFO vex_extract.pipeline:   Segment 7: cached
2026-03-16 20:36:17,496 INFO vex_extract.pipeline:   Segment 8: cached
2026-03-16 20:36:17,496 INFO vex_extract.pipeline:   Segment 9: cached
2026-03-16 20:36:17,496 INFO vex_extract.pipeline:   Segment 10: cached
2026-03-16 20:36:17,496 INFO vex_extract.pipeline:   Segment 11: cached
2026-03-16 20:36:17,496 INFO vex_extract.pipeline:   Segment 12: cached
2026-03-16 20:36:17,496 INFO vex_extract.pipeline:   Segment 13: cached
2026-03-16 20:36:17,496 INFO vex_extract.pipeline:   Segment 14: cached
2026-03-16 20:36:17,496 INFO vex_extract.pipeline:   Segment 15: cached
2026-03-16 20:36:17,496 INFO vex_extract.pipeline:   Segment 16: cached
2026-03-16 20:36:17,496 INFO vex_extract.pipeline:   Segment 17: cached
2026-03-16 20:36:17,496 INFO vex_extract.pipeline:   Segment 18: cached
2026-03-16 20:36:17,496 INFO vex_extract.pipeline:   Segment 19: cached
2026-03-16 20:36:17,496 INFO vex_extract.pipeline:   Segment 20: cached
2026-03-16 20:36:17,496 INFO vex_extract.pipeline:   Segment 21: cached
2026-03-16 20:36:17,496 INFO vex_extract.pipeline:   Segment 22: cached
2026-03-16 20:36:17,496 INFO vex_extract.pipeline:   Segment 23: cached
2026-03-16 20:36:17,496 INFO vex_extract.pipeline:   Segment 24: cached
2026-03-16 20:36:17,496 INFO vex_extract.pipeline:   Segment 25: cached
2026-03-16 20:36:17,496 INFO vex_extract.pipeline:   Segment 26: cached
2026-03-16 20:36:17,496 INFO vex_extract.pipeline:   Segment 27: cached
2026-03-16 20:36:17,496 INFO vex_extract.pipeline:   Segment 28: cached
2026-03-16 20:36:17,496 INFO vex_extract.pipeline:   Segment 29: cached
2026-03-16 20:36:17,496 INFO vex_extract.pipeline: Step 5: Preparing prompts...
2026-03-16 20:36:17,497 INFO vex_extract.analysis: Segment 0: prompt prepared (10275 chars)
2026-03-16 20:36:17,498 INFO vex_extract.analysis: Segment 1: prompt prepared (10088 chars)
2026-03-16 20:36:17,499 INFO vex_extract.analysis: Segment 2: prompt prepared (9368 chars)
2026-03-16 20:36:17,499 INFO vex_extract.analysis: Segment 3: prompt prepared (8180 chars)
2026-03-16 20:36:17,500 INFO vex_extract.analysis: Segment 4: prompt prepared (8921 chars)
2026-03-16 20:36:17,500 INFO vex_extract.analysis: Segment 5: prompt prepared (8180 chars)
2026-03-16 20:36:17,500 INFO vex_extract.analysis: Segment 6: prompt prepared (8180 chars)
2026-03-16 20:36:17,501 INFO vex_extract.analysis: Segment 7: prompt prepared (8180 chars)
2026-03-16 20:36:17,501 INFO vex_extract.analysis: Segment 8: prompt prepared (8180 chars)
2026-03-16 20:36:17,502 INFO vex_extract.analysis: Segment 9: prompt prepared (8181 chars)
2026-03-16 20:36:17,502 INFO vex_extract.analysis: Segment 10: prompt prepared (9145 chars)
2026-03-16 20:36:17,503 INFO vex_extract.analysis: Segment 11: prompt prepared (9017 chars)
2026-03-16 20:36:17,503 INFO vex_extract.analysis: Segment 12: prompt prepared (10112 chars)
2026-03-16 20:36:17,504 INFO vex_extract.analysis: Segment 13: prompt prepared (8182 chars)
2026-03-16 20:36:17,504 INFO vex_extract.analysis: Segment 14: prompt prepared (9520 chars)
2026-03-16 20:36:17,505 INFO vex_extract.analysis: Segment 15: prompt prepared (9559 chars)
2026-03-16 20:36:17,506 INFO vex_extract.analysis: Segment 16: prompt prepared (9068 chars)
2026-03-16 20:36:17,506 INFO vex_extract.analysis: Segment 17: prompt prepared (8183 chars)
2026-03-16 20:36:17,506 INFO vex_extract.analysis: Segment 18: prompt prepared (8967 chars)
2026-03-16 20:36:17,507 INFO vex_extract.analysis: Segment 19: prompt prepared (9003 chars)
2026-03-16 20:36:17,508 INFO vex_extract.analysis: Segment 20: prompt prepared (8958 chars)
2026-03-16 20:36:17,508 INFO vex_extract.analysis: Segment 21: prompt prepared (8921 chars)
2026-03-16 20:36:17,509 INFO vex_extract.analysis: Segment 22: prompt prepared (10081 chars)
2026-03-16 20:36:17,509 INFO vex_extract.analysis: Segment 23: prompt prepared (9072 chars)
2026-03-16 20:36:17,510 INFO vex_extract.analysis: Segment 24: prompt prepared (8979 chars)
2026-03-16 20:36:17,510 INFO vex_extract.analysis: Segment 25: prompt prepared (9611 chars)
2026-03-16 20:36:17,511 INFO vex_extract.analysis: Segment 26: prompt prepared (9003 chars)
2026-03-16 20:36:17,511 INFO vex_extract.analysis: Segment 27: prompt prepared (8183 chars)
2026-03-16 20:36:17,512 INFO vex_extract.analysis: Segment 28: prompt prepared (8183 chars)
2026-03-16 20:36:17,512 INFO vex_extract.analysis: Segment 29: prompt prepared (9040 chars)
2026-03-16 20:36:17,512 INFO vex_extract.pipeline:   30 prompts prepared
2026-03-16 20:36:17,512 INFO vex_extract.pipeline: Stopped after: prompt
