2026-03-16 20:44:21,370 INFO vex_extract.pipeline: === Video Event Extractor ===
2026-03-16 20:44:21,370 INFO vex_extract.pipeline: Video: /Users/nic/Developer/spike-air-315-vision-processing/input_data/screen_tracks/cfs_home_loan_serene.mp4
2026-03-16 20:44:21,370 INFO vex_extract.pipeline: Offset: 0 ms
2026-03-16 20:44:21,370 INFO vex_extract.pipeline: Run ID: 2026-03-16_104421
2026-03-16 20:44:21,370 INFO vex_extract.pipeline: Stop after: prompt
2026-03-16 20:44:21,370 INFO vex_extract.pipeline: Step 1: Normalizing video...
2026-03-16 20:44:21,370 INFO vex_extract.pipeline:   Using cached normalized video: /Users/nic/Developer/spike-air-315-vision-processing/candidates/2026-03-14/tmp/cfs_home_loan_serene_normalized.mp4
2026-03-16 20:44:21,394 INFO vex_extract.pipeline:   Duration: 239.9s, 978x2120, 30.0 fps
2026-03-16 20:44:21,394 INFO vex_extract.pipeline: Step 2: Tracking cursor...
2026-03-16 20:44:24,109 INFO vex_extract.cursor:   Cursor: pass 1 — matching 240 frames at 1.0 FPS against 6 templates x 7 scales at 540p...
2026-03-16 20:44:24,325 INFO vex_extract.cursor:   Cursor: 24/240 frames (23 detections)
2026-03-16 20:44:24,405 INFO vex_extract.cursor:   Cursor: 48/240 frames (47 detections)
2026-03-16 20:44:24,488 INFO vex_extract.cursor:   Cursor: 72/240 frames (71 detections)
2026-03-16 20:44:24,573 INFO vex_extract.cursor:   Cursor: 96/240 frames (95 detections)
2026-03-16 20:44:24,653 INFO vex_extract.cursor:   Cursor: 120/240 frames (119 detections)
2026-03-16 20:44:24,746 INFO vex_extract.cursor:   Cursor: 144/240 frames (143 detections)
2026-03-16 20:44:24,832 INFO vex_extract.cursor:   Cursor: 168/240 frames (167 detections)
2026-03-16 20:44:24,919 INFO vex_extract.cursor:   Cursor: 192/240 frames (191 detections)
2026-03-16 20:44:25,000 INFO vex_extract.cursor:   Cursor: 216/240 frames (215 detections)
2026-03-16 20:44:25,081 INFO vex_extract.cursor:   Cursor: calibrated to scales (0.3, 0.4) from coarse pass
2026-03-16 20:44:25,082 INFO vex_extract.cursor:   Cursor: 29 active regions identified
2026-03-16 20:44:25,225 INFO vex_extract.cursor:   Cursor: pass 2 — 15 frames at 5.0 FPS [2500ms-5500ms]
2026-03-16 20:44:25,245 INFO vex_extract.cursor:   Cursor: 1/15 frames (1 detections)
2026-03-16 20:44:25,248 INFO vex_extract.cursor:   Cursor: 2/15 frames (2 detections)
2026-03-16 20:44:25,252 INFO vex_extract.cursor:   Cursor: 3/15 frames (3 detections)
2026-03-16 20:44:25,255 INFO vex_extract.cursor:   Cursor: 4/15 frames (4 detections)
2026-03-16 20:44:25,258 INFO vex_extract.cursor:   Cursor: 5/15 frames (5 detections)
2026-03-16 20:44:25,262 INFO vex_extract.cursor:   Cursor: 6/15 frames (6 detections)
2026-03-16 20:44:25,265 INFO vex_extract.cursor:   Cursor: 7/15 frames (7 detections)
2026-03-16 20:44:25,269 INFO vex_extract.cursor:   Cursor: 8/15 frames (8 detections)
2026-03-16 20:44:25,272 INFO vex_extract.cursor:   Cursor: 9/15 frames (9 detections)
2026-03-16 20:44:25,276 INFO vex_extract.cursor:   Cursor: 10/15 frames (10 detections)
2026-03-16 20:44:25,279 INFO vex_extract.cursor:   Cursor: 11/15 frames (11 detections)
2026-03-16 20:44:25,282 INFO vex_extract.cursor:   Cursor: 12/15 frames (12 detections)
2026-03-16 20:44:25,286 INFO vex_extract.cursor:   Cursor: 13/15 frames (13 detections)
2026-03-16 20:44:25,289 INFO vex_extract.cursor:   Cursor: 14/15 frames (14 detections)
2026-03-16 20:44:25,402 INFO vex_extract.cursor:   Cursor: pass 2 — 10 frames at 5.0 FPS [7500ms-9500ms]
2026-03-16 20:44:25,421 INFO vex_extract.cursor:   Cursor: 1/10 frames (1 detections)
2026-03-16 20:44:25,425 INFO vex_extract.cursor:   Cursor: 2/10 frames (2 detections)
2026-03-16 20:44:25,428 INFO vex_extract.cursor:   Cursor: 3/10 frames (3 detections)
2026-03-16 20:44:25,432 INFO vex_extract.cursor:   Cursor: 4/10 frames (4 detections)
2026-03-16 20:44:25,435 INFO vex_extract.cursor:   Cursor: 5/10 frames (5 detections)
2026-03-16 20:44:25,438 INFO vex_extract.cursor:   Cursor: 6/10 frames (6 detections)
2026-03-16 20:44:25,442 INFO vex_extract.cursor:   Cursor: 7/10 frames (7 detections)
2026-03-16 20:44:25,445 INFO vex_extract.cursor:   Cursor: 8/10 frames (8 detections)
2026-03-16 20:44:25,449 INFO vex_extract.cursor:   Cursor: 9/10 frames (9 detections)
2026-03-16 20:44:25,714 INFO vex_extract.cursor:   Cursor: pass 2 — 29 frames at 5.0 FPS [12500ms-18500ms]
2026-03-16 20:44:25,738 INFO vex_extract.cursor:   Cursor: 2/29 frames (2 detections)
2026-03-16 20:44:25,744 INFO vex_extract.cursor:   Cursor: 4/29 frames (4 detections)
2026-03-16 20:44:25,751 INFO vex_extract.cursor:   Cursor: 6/29 frames (6 detections)
2026-03-16 20:44:25,758 INFO vex_extract.cursor:   Cursor: 8/29 frames (8 detections)
2026-03-16 20:44:25,764 INFO vex_extract.cursor:   Cursor: 10/29 frames (10 detections)
2026-03-16 20:44:25,771 INFO vex_extract.cursor:   Cursor: 12/29 frames (12 detections)
2026-03-16 20:44:25,778 INFO vex_extract.cursor:   Cursor: 14/29 frames (14 detections)
2026-03-16 20:44:25,785 INFO vex_extract.cursor:   Cursor: 16/29 frames (16 detections)
2026-03-16 20:44:25,791 INFO vex_extract.cursor:   Cursor: 18/29 frames (18 detections)
2026-03-16 20:44:25,798 INFO vex_extract.cursor:   Cursor: 20/29 frames (20 detections)
2026-03-16 20:44:25,805 INFO vex_extract.cursor:   Cursor: 22/29 frames (22 detections)
2026-03-16 20:44:25,811 INFO vex_extract.cursor:   Cursor: 24/29 frames (24 detections)
2026-03-16 20:44:25,818 INFO vex_extract.cursor:   Cursor: 26/29 frames (26 detections)
2026-03-16 20:44:25,825 INFO vex_extract.cursor:   Cursor: 28/29 frames (28 detections)
2026-03-16 20:44:26,170 INFO vex_extract.cursor:   Cursor: pass 2 — 29 frames at 5.0 FPS [27500ms-33500ms]
2026-03-16 20:44:26,193 INFO vex_extract.cursor:   Cursor: 2/29 frames (2 detections)
2026-03-16 20:44:26,200 INFO vex_extract.cursor:   Cursor: 4/29 frames (4 detections)
2026-03-16 20:44:26,207 INFO vex_extract.cursor:   Cursor: 6/29 frames (6 detections)
2026-03-16 20:44:26,214 INFO vex_extract.cursor:   Cursor: 8/29 frames (8 detections)
2026-03-16 20:44:26,220 INFO vex_extract.cursor:   Cursor: 10/29 frames (10 detections)
2026-03-16 20:44:26,227 INFO vex_extract.cursor:   Cursor: 12/29 frames (12 detections)
2026-03-16 20:44:26,234 INFO vex_extract.cursor:   Cursor: 14/29 frames (14 detections)
2026-03-16 20:44:26,241 INFO vex_extract.cursor:   Cursor: 16/29 frames (16 detections)
2026-03-16 20:44:26,248 INFO vex_extract.cursor:   Cursor: 18/29 frames (18 detections)
2026-03-16 20:44:26,255 INFO vex_extract.cursor:   Cursor: 20/29 frames (20 detections)
2026-03-16 20:44:26,262 INFO vex_extract.cursor:   Cursor: 22/29 frames (22 detections)
2026-03-16 20:44:26,269 INFO vex_extract.cursor:   Cursor: 24/29 frames (24 detections)
2026-03-16 20:44:26,276 INFO vex_extract.cursor:   Cursor: 26/29 frames (26 detections)
2026-03-16 20:44:26,283 INFO vex_extract.cursor:   Cursor: 28/29 frames (28 detections)
2026-03-16 20:44:26,860 INFO vex_extract.cursor:   Cursor: pass 2 — 56 frames at 5.0 FPS [35500ms-46500ms]
2026-03-16 20:44:26,893 INFO vex_extract.cursor:   Cursor: 5/56 frames (5 detections)
2026-03-16 20:44:26,911 INFO vex_extract.cursor:   Cursor: 10/56 frames (10 detections)
2026-03-16 20:44:26,928 INFO vex_extract.cursor:   Cursor: 15/56 frames (15 detections)
2026-03-16 20:44:26,944 INFO vex_extract.cursor:   Cursor: 20/56 frames (20 detections)
2026-03-16 20:44:26,961 INFO vex_extract.cursor:   Cursor: 25/56 frames (25 detections)
2026-03-16 20:44:26,978 INFO vex_extract.cursor:   Cursor: 30/56 frames (30 detections)
2026-03-16 20:44:26,994 INFO vex_extract.cursor:   Cursor: 35/56 frames (35 detections)
2026-03-16 20:44:27,011 INFO vex_extract.cursor:   Cursor: 40/56 frames (40 detections)
2026-03-16 20:44:27,027 INFO vex_extract.cursor:   Cursor: 45/56 frames (45 detections)
2026-03-16 20:44:27,044 INFO vex_extract.cursor:   Cursor: 50/56 frames (50 detections)
2026-03-16 20:44:27,061 INFO vex_extract.cursor:   Cursor: 55/56 frames (55 detections)
2026-03-16 20:44:27,693 INFO vex_extract.cursor:   Cursor: pass 2 — 53 frames at 5.0 FPS [47500ms-58500ms]
2026-03-16 20:44:27,726 INFO vex_extract.cursor:   Cursor: 5/53 frames (5 detections)
2026-03-16 20:44:27,743 INFO vex_extract.cursor:   Cursor: 10/53 frames (10 detections)
2026-03-16 20:44:27,759 INFO vex_extract.cursor:   Cursor: 15/53 frames (15 detections)
2026-03-16 20:44:27,776 INFO vex_extract.cursor:   Cursor: 20/53 frames (20 detections)
2026-03-16 20:44:27,793 INFO vex_extract.cursor:   Cursor: 25/53 frames (25 detections)
2026-03-16 20:44:27,809 INFO vex_extract.cursor:   Cursor: 30/53 frames (30 detections)
2026-03-16 20:44:27,826 INFO vex_extract.cursor:   Cursor: 35/53 frames (35 detections)
2026-03-16 20:44:27,841 INFO vex_extract.cursor:   Cursor: 40/53 frames (40 detections)
2026-03-16 20:44:27,849 INFO vex_extract.cursor:   Cursor: 45/53 frames (45 detections)
2026-03-16 20:44:27,863 INFO vex_extract.cursor:   Cursor: 50/53 frames (50 detections)
2026-03-16 20:44:28,342 INFO vex_extract.cursor:   Cursor: pass 2 — 24 frames at 5.0 FPS [59500ms-64500ms]
2026-03-16 20:44:28,365 INFO vex_extract.cursor:   Cursor: 2/24 frames (2 detections)
2026-03-16 20:44:28,372 INFO vex_extract.cursor:   Cursor: 4/24 frames (4 detections)
2026-03-16 20:44:28,379 INFO vex_extract.cursor:   Cursor: 6/24 frames (6 detections)
2026-03-16 20:44:28,386 INFO vex_extract.cursor:   Cursor: 8/24 frames (8 detections)
2026-03-16 20:44:28,392 INFO vex_extract.cursor:   Cursor: 10/24 frames (10 detections)
2026-03-16 20:44:28,399 INFO vex_extract.cursor:   Cursor: 12/24 frames (12 detections)
2026-03-16 20:44:28,405 INFO vex_extract.cursor:   Cursor: 14/24 frames (14 detections)
2026-03-16 20:44:28,412 INFO vex_extract.cursor:   Cursor: 16/24 frames (16 detections)
2026-03-16 20:44:28,418 INFO vex_extract.cursor:   Cursor: 18/24 frames (18 detections)
2026-03-16 20:44:28,425 INFO vex_extract.cursor:   Cursor: 20/24 frames (20 detections)
2026-03-16 20:44:28,432 INFO vex_extract.cursor:   Cursor: 22/24 frames (22 detections)
2026-03-16 20:44:28,946 INFO vex_extract.cursor:   Cursor: pass 2 — 26 frames at 5.0 FPS [65500ms-70500ms]
2026-03-16 20:44:28,969 INFO vex_extract.cursor:   Cursor: 2/26 frames (2 detections)
2026-03-16 20:44:28,976 INFO vex_extract.cursor:   Cursor: 4/26 frames (4 detections)
2026-03-16 20:44:28,982 INFO vex_extract.cursor:   Cursor: 6/26 frames (6 detections)
2026-03-16 20:44:28,989 INFO vex_extract.cursor:   Cursor: 8/26 frames (8 detections)
2026-03-16 20:44:28,995 INFO vex_extract.cursor:   Cursor: 10/26 frames (10 detections)
2026-03-16 20:44:29,002 INFO vex_extract.cursor:   Cursor: 12/26 frames (12 detections)
2026-03-16 20:44:29,009 INFO vex_extract.cursor:   Cursor: 14/26 frames (14 detections)
2026-03-16 20:44:29,015 INFO vex_extract.cursor:   Cursor: 16/26 frames (16 detections)
2026-03-16 20:44:29,022 INFO vex_extract.cursor:   Cursor: 18/26 frames (18 detections)
2026-03-16 20:44:29,029 INFO vex_extract.cursor:   Cursor: 20/26 frames (20 detections)
2026-03-16 20:44:29,036 INFO vex_extract.cursor:   Cursor: 22/26 frames (22 detections)
2026-03-16 20:44:29,042 INFO vex_extract.cursor:   Cursor: 24/26 frames (24 detections)
2026-03-16 20:44:29,738 INFO vex_extract.cursor:   Cursor: pass 2 — 46 frames at 5.0 FPS [75500ms-84500ms]
2026-03-16 20:44:29,768 INFO vex_extract.cursor:   Cursor: 4/46 frames (4 detections)
2026-03-16 20:44:29,781 INFO vex_extract.cursor:   Cursor: 8/46 frames (8 detections)
2026-03-16 20:44:29,795 INFO vex_extract.cursor:   Cursor: 12/46 frames (12 detections)
2026-03-16 20:44:29,808 INFO vex_extract.cursor:   Cursor: 16/46 frames (16 detections)
2026-03-16 20:44:29,821 INFO vex_extract.cursor:   Cursor: 20/46 frames (20 detections)
2026-03-16 20:44:29,835 INFO vex_extract.cursor:   Cursor: 24/46 frames (24 detections)
2026-03-16 20:44:29,849 INFO vex_extract.cursor:   Cursor: 28/46 frames (28 detections)
2026-03-16 20:44:29,862 INFO vex_extract.cursor:   Cursor: 32/46 frames (32 detections)
2026-03-16 20:44:29,876 INFO vex_extract.cursor:   Cursor: 36/46 frames (36 detections)
2026-03-16 20:44:29,889 INFO vex_extract.cursor:   Cursor: 40/46 frames (40 detections)
2026-03-16 20:44:29,903 INFO vex_extract.cursor:   Cursor: 44/46 frames (44 detections)
2026-03-16 20:44:30,432 INFO vex_extract.cursor:   Cursor: pass 2 — 16 frames at 5.0 FPS [87500ms-90500ms]
2026-03-16 20:44:30,452 INFO vex_extract.cursor:   Cursor: 1/16 frames (1 detections)
2026-03-16 20:44:30,455 INFO vex_extract.cursor:   Cursor: 2/16 frames (2 detections)
2026-03-16 20:44:30,459 INFO vex_extract.cursor:   Cursor: 3/16 frames (3 detections)
2026-03-16 20:44:30,462 INFO vex_extract.cursor:   Cursor: 4/16 frames (4 detections)
2026-03-16 20:44:30,466 INFO vex_extract.cursor:   Cursor: 5/16 frames (5 detections)
2026-03-16 20:44:30,469 INFO vex_extract.cursor:   Cursor: 6/16 frames (6 detections)
2026-03-16 20:44:30,473 INFO vex_extract.cursor:   Cursor: 7/16 frames (7 detections)
2026-03-16 20:44:30,476 INFO vex_extract.cursor:   Cursor: 8/16 frames (8 detections)
2026-03-16 20:44:30,480 INFO vex_extract.cursor:   Cursor: 9/16 frames (9 detections)
2026-03-16 20:44:30,483 INFO vex_extract.cursor:   Cursor: 10/16 frames (10 detections)
2026-03-16 20:44:30,486 INFO vex_extract.cursor:   Cursor: 11/16 frames (11 detections)
2026-03-16 20:44:30,490 INFO vex_extract.cursor:   Cursor: 12/16 frames (12 detections)
2026-03-16 20:44:30,493 INFO vex_extract.cursor:   Cursor: 13/16 frames (13 detections)
2026-03-16 20:44:30,496 INFO vex_extract.cursor:   Cursor: 14/16 frames (14 detections)
2026-03-16 20:44:30,500 INFO vex_extract.cursor:   Cursor: 15/16 frames (15 detections)
2026-03-16 20:44:31,009 INFO vex_extract.cursor:   Cursor: pass 2 — 11 frames at 5.0 FPS [91500ms-93500ms]
2026-03-16 20:44:31,029 INFO vex_extract.cursor:   Cursor: 1/11 frames (1 detections)
2026-03-16 20:44:31,033 INFO vex_extract.cursor:   Cursor: 2/11 frames (2 detections)
2026-03-16 20:44:31,036 INFO vex_extract.cursor:   Cursor: 3/11 frames (3 detections)
2026-03-16 20:44:31,039 INFO vex_extract.cursor:   Cursor: 4/11 frames (4 detections)
2026-03-16 20:44:31,043 INFO vex_extract.cursor:   Cursor: 5/11 frames (5 detections)
2026-03-16 20:44:31,046 INFO vex_extract.cursor:   Cursor: 6/11 frames (6 detections)
2026-03-16 20:44:31,049 INFO vex_extract.cursor:   Cursor: 7/11 frames (7 detections)
2026-03-16 20:44:31,053 INFO vex_extract.cursor:   Cursor: 8/11 frames (8 detections)
2026-03-16 20:44:31,056 INFO vex_extract.cursor:   Cursor: 9/11 frames (9 detections)
2026-03-16 20:44:31,059 INFO vex_extract.cursor:   Cursor: 10/11 frames (10 detections)
2026-03-16 20:44:31,686 INFO vex_extract.cursor:   Cursor: pass 2 — 26 frames at 5.0 FPS [94500ms-99500ms]
2026-03-16 20:44:31,710 INFO vex_extract.cursor:   Cursor: 2/26 frames (2 detections)
2026-03-16 20:44:31,716 INFO vex_extract.cursor:   Cursor: 4/26 frames (4 detections)
2026-03-16 20:44:31,723 INFO vex_extract.cursor:   Cursor: 6/26 frames (6 detections)
2026-03-16 20:44:31,730 INFO vex_extract.cursor:   Cursor: 8/26 frames (8 detections)
2026-03-16 20:44:31,737 INFO vex_extract.cursor:   Cursor: 10/26 frames (10 detections)
2026-03-16 20:44:31,743 INFO vex_extract.cursor:   Cursor: 12/26 frames (12 detections)
2026-03-16 20:44:31,750 INFO vex_extract.cursor:   Cursor: 14/26 frames (14 detections)
2026-03-16 20:44:31,757 INFO vex_extract.cursor:   Cursor: 16/26 frames (16 detections)
2026-03-16 20:44:31,763 INFO vex_extract.cursor:   Cursor: 18/26 frames (18 detections)
2026-03-16 20:44:31,770 INFO vex_extract.cursor:   Cursor: 20/26 frames (20 detections)
2026-03-16 20:44:31,777 INFO vex_extract.cursor:   Cursor: 22/26 frames (22 detections)
2026-03-16 20:44:31,783 INFO vex_extract.cursor:   Cursor: 24/26 frames (24 detections)
2026-03-16 20:44:32,364 INFO vex_extract.cursor:   Cursor: pass 2 — 15 frames at 5.0 FPS [101500ms-104500ms]
2026-03-16 20:44:32,384 INFO vex_extract.cursor:   Cursor: 1/15 frames (1 detections)
2026-03-16 20:44:32,388 INFO vex_extract.cursor:   Cursor: 2/15 frames (2 detections)
2026-03-16 20:44:32,391 INFO vex_extract.cursor:   Cursor: 3/15 frames (3 detections)
2026-03-16 20:44:32,394 INFO vex_extract.cursor:   Cursor: 4/15 frames (4 detections)
2026-03-16 20:44:32,398 INFO vex_extract.cursor:   Cursor: 5/15 frames (5 detections)
2026-03-16 20:44:32,401 INFO vex_extract.cursor:   Cursor: 6/15 frames (6 detections)
2026-03-16 20:44:32,405 INFO vex_extract.cursor:   Cursor: 7/15 frames (7 detections)
2026-03-16 20:44:32,408 INFO vex_extract.cursor:   Cursor: 8/15 frames (8 detections)
2026-03-16 20:44:32,411 INFO vex_extract.cursor:   Cursor: 9/15 frames (9 detections)
2026-03-16 20:44:32,415 INFO vex_extract.cursor:   Cursor: 10/15 frames (10 detections)
2026-03-16 20:44:32,418 INFO vex_extract.cursor:   Cursor: 11/15 frames (11 detections)
2026-03-16 20:44:32,422 INFO vex_extract.cursor:   Cursor: 12/15 frames (12 detections)
2026-03-16 20:44:32,425 INFO vex_extract.cursor:   Cursor: 13/15 frames (13 detections)
2026-03-16 20:44:32,428 INFO vex_extract.cursor:   Cursor: 14/15 frames (14 detections)
2026-03-16 20:44:33,240 INFO vex_extract.cursor:   Cursor: pass 2 — 43 frames at 5.0 FPS [110500ms-119500ms]
2026-03-16 20:44:33,270 INFO vex_extract.cursor:   Cursor: 4/43 frames (4 detections)
2026-03-16 20:44:33,284 INFO vex_extract.cursor:   Cursor: 8/43 frames (8 detections)
2026-03-16 20:44:33,297 INFO vex_extract.cursor:   Cursor: 12/43 frames (12 detections)
2026-03-16 20:44:33,311 INFO vex_extract.cursor:   Cursor: 16/43 frames (16 detections)
2026-03-16 20:44:33,326 INFO vex_extract.cursor:   Cursor: 20/43 frames (20 detections)
2026-03-16 20:44:33,342 INFO vex_extract.cursor:   Cursor: 24/43 frames (24 detections)
2026-03-16 20:44:33,356 INFO vex_extract.cursor:   Cursor: 28/43 frames (28 detections)
2026-03-16 20:44:33,369 INFO vex_extract.cursor:   Cursor: 32/43 frames (32 detections)
2026-03-16 20:44:33,383 INFO vex_extract.cursor:   Cursor: 36/43 frames (36 detections)
2026-03-16 20:44:33,397 INFO vex_extract.cursor:   Cursor: 40/43 frames (40 detections)
2026-03-16 20:44:34,039 INFO vex_extract.cursor:   Cursor: pass 2 — 10 frames at 5.0 FPS [122500ms-124500ms]
2026-03-16 20:44:34,059 INFO vex_extract.cursor:   Cursor: 1/10 frames (1 detections)
2026-03-16 20:44:34,062 INFO vex_extract.cursor:   Cursor: 2/10 frames (2 detections)
2026-03-16 20:44:34,066 INFO vex_extract.cursor:   Cursor: 3/10 frames (3 detections)
2026-03-16 20:44:34,069 INFO vex_extract.cursor:   Cursor: 4/10 frames (4 detections)
2026-03-16 20:44:34,072 INFO vex_extract.cursor:   Cursor: 5/10 frames (5 detections)
2026-03-16 20:44:34,076 INFO vex_extract.cursor:   Cursor: 6/10 frames (6 detections)
2026-03-16 20:44:34,079 INFO vex_extract.cursor:   Cursor: 7/10 frames (7 detections)
2026-03-16 20:44:34,083 INFO vex_extract.cursor:   Cursor: 8/10 frames (8 detections)
2026-03-16 20:44:34,086 INFO vex_extract.cursor:   Cursor: 9/10 frames (9 detections)
2026-03-16 20:44:34,822 INFO vex_extract.cursor:   Cursor: pass 2 — 24 frames at 5.0 FPS [125500ms-130500ms]
2026-03-16 20:44:34,845 INFO vex_extract.cursor:   Cursor: 2/24 frames (2 detections)
2026-03-16 20:44:34,852 INFO vex_extract.cursor:   Cursor: 4/24 frames (4 detections)
2026-03-16 20:44:34,859 INFO vex_extract.cursor:   Cursor: 6/24 frames (6 detections)
2026-03-16 20:44:34,865 INFO vex_extract.cursor:   Cursor: 8/24 frames (8 detections)
2026-03-16 20:44:34,872 INFO vex_extract.cursor:   Cursor: 10/24 frames (10 detections)
2026-03-16 20:44:34,879 INFO vex_extract.cursor:   Cursor: 12/24 frames (12 detections)
2026-03-16 20:44:34,886 INFO vex_extract.cursor:   Cursor: 14/24 frames (14 detections)
2026-03-16 20:44:34,893 INFO vex_extract.cursor:   Cursor: 16/24 frames (16 detections)
2026-03-16 20:44:34,900 INFO vex_extract.cursor:   Cursor: 18/24 frames (18 detections)
2026-03-16 20:44:34,906 INFO vex_extract.cursor:   Cursor: 20/24 frames (20 detections)
2026-03-16 20:44:34,913 INFO vex_extract.cursor:   Cursor: 22/24 frames (22 detections)
2026-03-16 20:44:35,695 INFO vex_extract.cursor:   Cursor: pass 2 — 11 frames at 5.0 FPS [133500ms-135500ms]
2026-03-16 20:44:35,714 INFO vex_extract.cursor:   Cursor: 1/11 frames (1 detections)
2026-03-16 20:44:35,718 INFO vex_extract.cursor:   Cursor: 2/11 frames (2 detections)
2026-03-16 20:44:35,721 INFO vex_extract.cursor:   Cursor: 3/11 frames (3 detections)
2026-03-16 20:44:35,725 INFO vex_extract.cursor:   Cursor: 4/11 frames (4 detections)
2026-03-16 20:44:35,728 INFO vex_extract.cursor:   Cursor: 5/11 frames (5 detections)
2026-03-16 20:44:35,731 INFO vex_extract.cursor:   Cursor: 6/11 frames (6 detections)
2026-03-16 20:44:35,735 INFO vex_extract.cursor:   Cursor: 7/11 frames (7 detections)
2026-03-16 20:44:35,738 INFO vex_extract.cursor:   Cursor: 8/11 frames (8 detections)
2026-03-16 20:44:35,741 INFO vex_extract.cursor:   Cursor: 9/11 frames (9 detections)
2026-03-16 20:44:35,745 INFO vex_extract.cursor:   Cursor: 10/11 frames (10 detections)
2026-03-16 20:44:36,517 INFO vex_extract.cursor:   Cursor: pass 2 — 16 frames at 5.0 FPS [136500ms-139500ms]
2026-03-16 20:44:36,537 INFO vex_extract.cursor:   Cursor: 1/16 frames (1 detections)
2026-03-16 20:44:36,541 INFO vex_extract.cursor:   Cursor: 2/16 frames (2 detections)
2026-03-16 20:44:36,544 INFO vex_extract.cursor:   Cursor: 3/16 frames (3 detections)
2026-03-16 20:44:36,548 INFO vex_extract.cursor:   Cursor: 4/16 frames (4 detections)
2026-03-16 20:44:36,551 INFO vex_extract.cursor:   Cursor: 5/16 frames (5 detections)
2026-03-16 20:44:36,555 INFO vex_extract.cursor:   Cursor: 6/16 frames (6 detections)
2026-03-16 20:44:36,558 INFO vex_extract.cursor:   Cursor: 7/16 frames (7 detections)
2026-03-16 20:44:36,562 INFO vex_extract.cursor:   Cursor: 8/16 frames (8 detections)
2026-03-16 20:44:36,565 INFO vex_extract.cursor:   Cursor: 9/16 frames (9 detections)
2026-03-16 20:44:36,568 INFO vex_extract.cursor:   Cursor: 10/16 frames (10 detections)
2026-03-16 20:44:36,572 INFO vex_extract.cursor:   Cursor: 11/16 frames (11 detections)
2026-03-16 20:44:36,575 INFO vex_extract.cursor:   Cursor: 12/16 frames (12 detections)
2026-03-16 20:44:36,579 INFO vex_extract.cursor:   Cursor: 13/16 frames (13 detections)
2026-03-16 20:44:36,582 INFO vex_extract.cursor:   Cursor: 14/16 frames (14 detections)
2026-03-16 20:44:36,585 INFO vex_extract.cursor:   Cursor: 15/16 frames (15 detections)
2026-03-16 20:44:37,781 INFO vex_extract.cursor:   Cursor: pass 2 — 76 frames at 5.0 FPS [140500ms-155500ms]
2026-03-16 20:44:37,822 INFO vex_extract.cursor:   Cursor: 7/76 frames (7 detections)
2026-03-16 20:44:37,845 INFO vex_extract.cursor:   Cursor: 14/76 frames (14 detections)
2026-03-16 20:44:37,869 INFO vex_extract.cursor:   Cursor: 21/76 frames (21 detections)
2026-03-16 20:44:37,893 INFO vex_extract.cursor:   Cursor: 28/76 frames (28 detections)
2026-03-16 20:44:37,916 INFO vex_extract.cursor:   Cursor: 35/76 frames (35 detections)
2026-03-16 20:44:37,939 INFO vex_extract.cursor:   Cursor: 42/76 frames (42 detections)
2026-03-16 20:44:37,963 INFO vex_extract.cursor:   Cursor: 49/76 frames (49 detections)
2026-03-16 20:44:37,986 INFO vex_extract.cursor:   Cursor: 56/76 frames (56 detections)
2026-03-16 20:44:38,010 INFO vex_extract.cursor:   Cursor: 63/76 frames (63 detections)
2026-03-16 20:44:38,034 INFO vex_extract.cursor:   Cursor: 70/76 frames (70 detections)
2026-03-16 20:44:39,303 INFO vex_extract.cursor:   Cursor: pass 2 — 71 frames at 5.0 FPS [156500ms-170500ms]
2026-03-16 20:44:39,343 INFO vex_extract.cursor:   Cursor: 7/71 frames (7 detections)
2026-03-16 20:44:39,367 INFO vex_extract.cursor:   Cursor: 14/71 frames (14 detections)
2026-03-16 20:44:39,394 INFO vex_extract.cursor:   Cursor: 21/71 frames (21 detections)
2026-03-16 20:44:39,419 INFO vex_extract.cursor:   Cursor: 28/71 frames (28 detections)
2026-03-16 20:44:39,443 INFO vex_extract.cursor:   Cursor: 35/71 frames (35 detections)
2026-03-16 20:44:39,466 INFO vex_extract.cursor:   Cursor: 42/71 frames (42 detections)
2026-03-16 20:44:39,489 INFO vex_extract.cursor:   Cursor: 49/71 frames (49 detections)
2026-03-16 20:44:39,513 INFO vex_extract.cursor:   Cursor: 56/71 frames (56 detections)
2026-03-16 20:44:39,537 INFO vex_extract.cursor:   Cursor: 63/71 frames (63 detections)
2026-03-16 20:44:39,561 INFO vex_extract.cursor:   Cursor: 70/71 frames (70 detections)
2026-03-16 20:44:40,543 INFO vex_extract.cursor:   Cursor: pass 2 — 16 frames at 5.0 FPS [172500ms-175500ms]
2026-03-16 20:44:40,563 INFO vex_extract.cursor:   Cursor: 1/16 frames (1 detections)
2026-03-16 20:44:40,566 INFO vex_extract.cursor:   Cursor: 2/16 frames (2 detections)
2026-03-16 20:44:40,570 INFO vex_extract.cursor:   Cursor: 3/16 frames (3 detections)
2026-03-16 20:44:40,573 INFO vex_extract.cursor:   Cursor: 4/16 frames (4 detections)
2026-03-16 20:44:40,576 INFO vex_extract.cursor:   Cursor: 5/16 frames (5 detections)
2026-03-16 20:44:40,580 INFO vex_extract.cursor:   Cursor: 6/16 frames (6 detections)
2026-03-16 20:44:40,583 INFO vex_extract.cursor:   Cursor: 7/16 frames (7 detections)
2026-03-16 20:44:40,586 INFO vex_extract.cursor:   Cursor: 8/16 frames (8 detections)
2026-03-16 20:44:40,590 INFO vex_extract.cursor:   Cursor: 9/16 frames (9 detections)
2026-03-16 20:44:40,593 INFO vex_extract.cursor:   Cursor: 10/16 frames (10 detections)
2026-03-16 20:44:40,596 INFO vex_extract.cursor:   Cursor: 11/16 frames (11 detections)
2026-03-16 20:44:40,600 INFO vex_extract.cursor:   Cursor: 12/16 frames (12 detections)
2026-03-16 20:44:40,603 INFO vex_extract.cursor:   Cursor: 13/16 frames (13 detections)
2026-03-16 20:44:40,606 INFO vex_extract.cursor:   Cursor: 14/16 frames (14 detections)
2026-03-16 20:44:40,610 INFO vex_extract.cursor:   Cursor: 15/16 frames (15 detections)
2026-03-16 20:44:41,660 INFO vex_extract.cursor:   Cursor: pass 2 — 26 frames at 5.0 FPS [176500ms-181500ms]
2026-03-16 20:44:41,683 INFO vex_extract.cursor:   Cursor: 2/26 frames (2 detections)
2026-03-16 20:44:41,690 INFO vex_extract.cursor:   Cursor: 4/26 frames (4 detections)
2026-03-16 20:44:41,697 INFO vex_extract.cursor:   Cursor: 6/26 frames (6 detections)
2026-03-16 20:44:41,704 INFO vex_extract.cursor:   Cursor: 8/26 frames (8 detections)
2026-03-16 20:44:41,710 INFO vex_extract.cursor:   Cursor: 10/26 frames (10 detections)
2026-03-16 20:44:41,717 INFO vex_extract.cursor:   Cursor: 12/26 frames (12 detections)
2026-03-16 20:44:41,724 INFO vex_extract.cursor:   Cursor: 14/26 frames (14 detections)
2026-03-16 20:44:41,731 INFO vex_extract.cursor:   Cursor: 16/26 frames (16 detections)
2026-03-16 20:44:41,737 INFO vex_extract.cursor:   Cursor: 18/26 frames (18 detections)
2026-03-16 20:44:41,744 INFO vex_extract.cursor:   Cursor: 20/26 frames (20 detections)
2026-03-16 20:44:41,751 INFO vex_extract.cursor:   Cursor: 22/26 frames (22 detections)
2026-03-16 20:44:41,757 INFO vex_extract.cursor:   Cursor: 24/26 frames (24 detections)
2026-03-16 20:44:43,070 INFO vex_extract.cursor:   Cursor: pass 2 — 56 frames at 5.0 FPS [184500ms-195500ms]
2026-03-16 20:44:43,103 INFO vex_extract.cursor:   Cursor: 5/56 frames (5 detections)
2026-03-16 20:44:43,120 INFO vex_extract.cursor:   Cursor: 10/56 frames (10 detections)
2026-03-16 20:44:43,136 INFO vex_extract.cursor:   Cursor: 15/56 frames (15 detections)
2026-03-16 20:44:43,153 INFO vex_extract.cursor:   Cursor: 20/56 frames (20 detections)
2026-03-16 20:44:43,170 INFO vex_extract.cursor:   Cursor: 25/56 frames (25 detections)
2026-03-16 20:44:43,186 INFO vex_extract.cursor:   Cursor: 30/56 frames (30 detections)
2026-03-16 20:44:43,203 INFO vex_extract.cursor:   Cursor: 35/56 frames (35 detections)
2026-03-16 20:44:43,220 INFO vex_extract.cursor:   Cursor: 40/56 frames (40 detections)
2026-03-16 20:44:43,237 INFO vex_extract.cursor:   Cursor: 45/56 frames (45 detections)
2026-03-16 20:44:43,253 INFO vex_extract.cursor:   Cursor: 50/56 frames (50 detections)
2026-03-16 20:44:43,270 INFO vex_extract.cursor:   Cursor: 55/56 frames (55 detections)
2026-03-16 20:44:44,393 INFO vex_extract.cursor:   Cursor: pass 2 — 16 frames at 5.0 FPS [198500ms-201500ms]
2026-03-16 20:44:44,412 INFO vex_extract.cursor:   Cursor: 1/16 frames (1 detections)
2026-03-16 20:44:44,416 INFO vex_extract.cursor:   Cursor: 2/16 frames (2 detections)
2026-03-16 20:44:44,419 INFO vex_extract.cursor:   Cursor: 3/16 frames (3 detections)
2026-03-16 20:44:44,423 INFO vex_extract.cursor:   Cursor: 4/16 frames (4 detections)
2026-03-16 20:44:44,426 INFO vex_extract.cursor:   Cursor: 5/16 frames (5 detections)
2026-03-16 20:44:44,429 INFO vex_extract.cursor:   Cursor: 6/16 frames (6 detections)
2026-03-16 20:44:44,433 INFO vex_extract.cursor:   Cursor: 7/16 frames (7 detections)
2026-03-16 20:44:44,436 INFO vex_extract.cursor:   Cursor: 8/16 frames (8 detections)
2026-03-16 20:44:44,439 INFO vex_extract.cursor:   Cursor: 9/16 frames (9 detections)
2026-03-16 20:44:44,442 INFO vex_extract.cursor:   Cursor: 10/16 frames (10 detections)
2026-03-16 20:44:44,446 INFO vex_extract.cursor:   Cursor: 11/16 frames (11 detections)
2026-03-16 20:44:44,449 INFO vex_extract.cursor:   Cursor: 12/16 frames (12 detections)
2026-03-16 20:44:44,453 INFO vex_extract.cursor:   Cursor: 13/16 frames (13 detections)
2026-03-16 20:44:44,456 INFO vex_extract.cursor:   Cursor: 14/16 frames (14 detections)
2026-03-16 20:44:44,459 INFO vex_extract.cursor:   Cursor: 15/16 frames (15 detections)
2026-03-16 20:44:45,652 INFO vex_extract.cursor:   Cursor: pass 2 — 29 frames at 5.0 FPS [203500ms-209500ms]
2026-03-16 20:44:45,675 INFO vex_extract.cursor:   Cursor: 2/29 frames (2 detections)
2026-03-16 20:44:45,682 INFO vex_extract.cursor:   Cursor: 4/29 frames (4 detections)
2026-03-16 20:44:45,689 INFO vex_extract.cursor:   Cursor: 6/29 frames (6 detections)
2026-03-16 20:44:45,695 INFO vex_extract.cursor:   Cursor: 8/29 frames (8 detections)
2026-03-16 20:44:45,702 INFO vex_extract.cursor:   Cursor: 10/29 frames (10 detections)
2026-03-16 20:44:45,709 INFO vex_extract.cursor:   Cursor: 12/29 frames (12 detections)
2026-03-16 20:44:45,716 INFO vex_extract.cursor:   Cursor: 14/29 frames (14 detections)
2026-03-16 20:44:45,723 INFO vex_extract.cursor:   Cursor: 16/29 frames (16 detections)
2026-03-16 20:44:45,729 INFO vex_extract.cursor:   Cursor: 18/29 frames (18 detections)
2026-03-16 20:44:45,736 INFO vex_extract.cursor:   Cursor: 20/29 frames (20 detections)
2026-03-16 20:44:45,742 INFO vex_extract.cursor:   Cursor: 22/29 frames (22 detections)
2026-03-16 20:44:45,749 INFO vex_extract.cursor:   Cursor: 24/29 frames (24 detections)
2026-03-16 20:44:45,756 INFO vex_extract.cursor:   Cursor: 26/29 frames (26 detections)
2026-03-16 20:44:45,763 INFO vex_extract.cursor:   Cursor: 28/29 frames (28 detections)
2026-03-16 20:44:46,944 INFO vex_extract.cursor:   Cursor: pass 2 — 19 frames at 5.0 FPS [211500ms-215500ms]
2026-03-16 20:44:46,964 INFO vex_extract.cursor:   Cursor: 1/19 frames (1 detections)
2026-03-16 20:44:46,967 INFO vex_extract.cursor:   Cursor: 2/19 frames (2 detections)
2026-03-16 20:44:46,971 INFO vex_extract.cursor:   Cursor: 3/19 frames (3 detections)
2026-03-16 20:44:46,974 INFO vex_extract.cursor:   Cursor: 4/19 frames (4 detections)
2026-03-16 20:44:46,978 INFO vex_extract.cursor:   Cursor: 5/19 frames (5 detections)
2026-03-16 20:44:46,981 INFO vex_extract.cursor:   Cursor: 6/19 frames (6 detections)
2026-03-16 20:44:46,984 INFO vex_extract.cursor:   Cursor: 7/19 frames (7 detections)
2026-03-16 20:44:46,988 INFO vex_extract.cursor:   Cursor: 8/19 frames (8 detections)
2026-03-16 20:44:46,991 INFO vex_extract.cursor:   Cursor: 9/19 frames (9 detections)
2026-03-16 20:44:46,994 INFO vex_extract.cursor:   Cursor: 10/19 frames (10 detections)
2026-03-16 20:44:46,998 INFO vex_extract.cursor:   Cursor: 11/19 frames (11 detections)
2026-03-16 20:44:47,001 INFO vex_extract.cursor:   Cursor: 12/19 frames (12 detections)
2026-03-16 20:44:47,004 INFO vex_extract.cursor:   Cursor: 13/19 frames (13 detections)
2026-03-16 20:44:47,008 INFO vex_extract.cursor:   Cursor: 14/19 frames (14 detections)
2026-03-16 20:44:47,011 INFO vex_extract.cursor:   Cursor: 15/19 frames (15 detections)
2026-03-16 20:44:47,014 INFO vex_extract.cursor:   Cursor: 16/19 frames (16 detections)
2026-03-16 20:44:47,017 INFO vex_extract.cursor:   Cursor: 17/19 frames (17 detections)
2026-03-16 20:44:47,021 INFO vex_extract.cursor:   Cursor: 18/19 frames (18 detections)
2026-03-16 20:44:48,282 INFO vex_extract.cursor:   Cursor: pass 2 — 24 frames at 5.0 FPS [216500ms-221500ms]
2026-03-16 20:44:48,305 INFO vex_extract.cursor:   Cursor: 2/24 frames (2 detections)
2026-03-16 20:44:48,312 INFO vex_extract.cursor:   Cursor: 4/24 frames (4 detections)
2026-03-16 20:44:48,319 INFO vex_extract.cursor:   Cursor: 6/24 frames (6 detections)
2026-03-16 20:44:48,325 INFO vex_extract.cursor:   Cursor: 8/24 frames (8 detections)
2026-03-16 20:44:48,332 INFO vex_extract.cursor:   Cursor: 10/24 frames (10 detections)
2026-03-16 20:44:48,339 INFO vex_extract.cursor:   Cursor: 12/24 frames (12 detections)
2026-03-16 20:44:48,346 INFO vex_extract.cursor:   Cursor: 14/24 frames (14 detections)
2026-03-16 20:44:48,353 INFO vex_extract.cursor:   Cursor: 16/24 frames (16 detections)
2026-03-16 20:44:48,359 INFO vex_extract.cursor:   Cursor: 18/24 frames (18 detections)
2026-03-16 20:44:48,366 INFO vex_extract.cursor:   Cursor: 20/24 frames (20 detections)
2026-03-16 20:44:48,373 INFO vex_extract.cursor:   Cursor: 22/24 frames (22 detections)
2026-03-16 20:44:49,603 INFO vex_extract.cursor:   Cursor: pass 2 — 15 frames at 5.0 FPS [224500ms-227500ms]
2026-03-16 20:44:49,623 INFO vex_extract.cursor:   Cursor: 1/15 frames (1 detections)
2026-03-16 20:44:49,626 INFO vex_extract.cursor:   Cursor: 2/15 frames (2 detections)
2026-03-16 20:44:49,630 INFO vex_extract.cursor:   Cursor: 3/15 frames (3 detections)
2026-03-16 20:44:49,633 INFO vex_extract.cursor:   Cursor: 4/15 frames (4 detections)
2026-03-16 20:44:49,637 INFO vex_extract.cursor:   Cursor: 5/15 frames (5 detections)
2026-03-16 20:44:49,640 INFO vex_extract.cursor:   Cursor: 6/15 frames (6 detections)
2026-03-16 20:44:49,643 INFO vex_extract.cursor:   Cursor: 7/15 frames (7 detections)
2026-03-16 20:44:49,647 INFO vex_extract.cursor:   Cursor: 8/15 frames (8 detections)
2026-03-16 20:44:49,650 INFO vex_extract.cursor:   Cursor: 9/15 frames (9 detections)
2026-03-16 20:44:49,654 INFO vex_extract.cursor:   Cursor: 10/15 frames (10 detections)
2026-03-16 20:44:49,657 INFO vex_extract.cursor:   Cursor: 11/15 frames (11 detections)
2026-03-16 20:44:49,660 INFO vex_extract.cursor:   Cursor: 12/15 frames (12 detections)
2026-03-16 20:44:49,664 INFO vex_extract.cursor:   Cursor: 13/15 frames (13 detections)
2026-03-16 20:44:49,667 INFO vex_extract.cursor:   Cursor: 14/15 frames (14 detections)
2026-03-16 20:44:51,084 INFO vex_extract.cursor:   Cursor: pass 2 — 33 frames at 5.0 FPS [228500ms-235500ms]
2026-03-16 20:44:51,111 INFO vex_extract.cursor:   Cursor: 3/33 frames (3 detections)
2026-03-16 20:44:51,121 INFO vex_extract.cursor:   Cursor: 6/33 frames (6 detections)
2026-03-16 20:44:51,132 INFO vex_extract.cursor:   Cursor: 9/33 frames (9 detections)
2026-03-16 20:44:51,142 INFO vex_extract.cursor:   Cursor: 12/33 frames (12 detections)
2026-03-16 20:44:51,152 INFO vex_extract.cursor:   Cursor: 15/33 frames (15 detections)
2026-03-16 20:44:51,162 INFO vex_extract.cursor:   Cursor: 18/33 frames (18 detections)
2026-03-16 20:44:51,172 INFO vex_extract.cursor:   Cursor: 21/33 frames (21 detections)
2026-03-16 20:44:51,183 INFO vex_extract.cursor:   Cursor: 24/33 frames (24 detections)
2026-03-16 20:44:51,193 INFO vex_extract.cursor:   Cursor: 27/33 frames (27 detections)
2026-03-16 20:44:51,203 INFO vex_extract.cursor:   Cursor: 30/33 frames (30 detections)
2026-03-16 20:44:51,213 INFO vex_extract.cursor:   Cursor: merged 913 detections (912 detected)
2026-03-16 20:44:51,213 INFO vex_extract.cursor:   Cursor: filtering 10 static detections at (894.0, 1397.0) spanning 3367ms
2026-03-16 20:44:51,213 INFO vex_extract.cursor:   Cursor: filtering 9 static detections at (883.0, 1609.0) spanning 3633ms
2026-03-16 20:44:51,213 INFO vex_extract.cursor:   Cursor: filtering 16 static detections at (725.0, 718.0) spanning 3167ms
2026-03-16 20:44:51,213 INFO vex_extract.cursor:   Cursor: filtering 12 static detections at (733.0, 1507.0) spanning 8900ms
2026-03-16 20:44:51,213 INFO vex_extract.cursor:   Cursor: filtering 16 static detections at (947.0, 53.0) spanning 3000ms
2026-03-16 20:44:51,213 INFO vex_extract.cursor:   Cursor: filtering 17 static detections at (612.0, 1744.0) spanning 3467ms
2026-03-16 20:44:51,213 INFO vex_extract.cursor:   Cursor: filtering 15 static detections at (620.0, 1754.0) spanning 6600ms
2026-03-16 20:44:51,213 INFO vex_extract.cursor:   Cursor: filtering 13 static detections at (957.0, 1287.0) spanning 4600ms
2026-03-16 20:44:51,213 INFO vex_extract.cursor:   Cursor: filtering 12 static detections at (404.0, 486.0) spanning 6600ms
2026-03-16 20:44:51,214 INFO vex_extract.cursor:   Cursor: filtering 36 static detections at (789.0, 1642.0) spanning 7500ms
2026-03-16 20:44:51,214 INFO vex_extract.cursor:   Cursor: filtering 7 static detections at (199.0, 50.0) spanning 3200ms
2026-03-16 20:44:51,214 INFO vex_extract.cursor:   Cursor: filtering 16 static detections at (319.0, 53.0) spanning 3000ms
2026-03-16 20:44:51,214 INFO vex_extract.cursor:   Cursor: filtering 33 static detections at (319.0, 53.0) spanning 6400ms
2026-03-16 20:44:51,214 INFO vex_extract.cursor:   Cursor: filtering 26 static detections at (319.0, 53.0) spanning 5000ms
2026-03-16 20:44:51,214 INFO vex_extract.cursor:   Cursor: filtering 13 static detections at (733.0, 1507.0) spanning 4767ms
2026-03-16 20:44:51,214 INFO vex_extract.cursor:   Cursor: filtering 9 static detections at (498.0, 588.0) spanning 4533ms
2026-03-16 20:44:51,217 INFO vex_extract.pipeline:   Cached cursor trajectory: /Users/nic/Developer/spike-air-315-vision-processing/candidates/2026-03-14/tmp/cv/cfs_home_loan_serene_7476a342_cursor/cursor_trajectory.json
2026-03-16 20:44:51,217 INFO vex_extract.pipeline:   913 cursor detections (652 detected) in 29.8s
2026-03-16 20:44:51,217 INFO vex_extract.pipeline: Step 3: Computing optical flow...
2026-03-16 20:44:52,595 INFO vex_extract.flow:   Flow: computing across 479 frame pairs...
2026-03-16 20:44:53,336 INFO vex_extract.pipeline:   Cached flow windows: /Users/nic/Developer/spike-air-315-vision-processing/candidates/2026-03-14/tmp/cv/cfs_home_loan_serene_bb5a87ef_7476a342_flow/flow_windows.json
2026-03-16 20:44:53,336 INFO vex_extract.pipeline:   478 flow windows in 2.1s
2026-03-16 20:44:53,338 INFO vex_extract.pipeline: Step 4: Creating video segments...
2026-03-16 20:44:53,338 INFO vex_extract.pipeline:   4 segments
2026-03-16 20:44:53,338 INFO vex_extract.pipeline:   Segment 0: cached
2026-03-16 20:44:53,338 INFO vex_extract.pipeline:   Segment 1: cached
2026-03-16 20:44:53,338 INFO vex_extract.pipeline:   Segment 2: cached
2026-03-16 20:44:53,338 INFO vex_extract.pipeline:   Segment 3: cached
2026-03-16 20:44:53,338 INFO vex_extract.pipeline: Step 5: Preparing prompts...
2026-03-16 20:44:53,339 INFO vex_extract.analysis: Segment 0: prompt prepared (11285 chars)
2026-03-16 20:44:53,340 INFO vex_extract.analysis: Segment 1: prompt prepared (11284 chars)
2026-03-16 20:44:53,341 INFO vex_extract.analysis: Segment 2: prompt prepared (11803 chars)
2026-03-16 20:44:53,341 INFO vex_extract.analysis: Segment 3: prompt prepared (11468 chars)
2026-03-16 20:44:53,341 INFO vex_extract.pipeline:   4 prompts prepared
2026-03-16 20:44:53,341 INFO vex_extract.pipeline: Stopped after: prompt
