2026-03-16 20:30:47,476 INFO vex_extract.pipeline: === Video Event Extractor ===
2026-03-16 20:30:47,476 INFO vex_extract.pipeline: Video: /Users/nic/Developer/spike-air-315-vision-processing/input_data/screen_tracks/travel_expert_veronika.webm
2026-03-16 20:30:47,476 INFO vex_extract.pipeline: Offset: 33442 ms
2026-03-16 20:30:47,476 INFO vex_extract.pipeline: Run ID: 2026-03-16_103047
2026-03-16 20:30:47,476 INFO vex_extract.pipeline: Stop after: prompt
2026-03-16 20:30:47,476 INFO vex_extract.pipeline: Step 1: Normalizing video...
2026-03-16 20:30:47,476 INFO vex_extract.pipeline:   Using cached normalized video: /Users/nic/Developer/spike-air-315-vision-processing/candidates/2026-03-14/tmp/travel_expert_veronika_normalized.mp4
2026-03-16 20:30:47,501 INFO vex_extract.pipeline:   Duration: 314.9s, 1916x1082, 59.9 fps
2026-03-16 20:30:47,502 INFO vex_extract.pipeline: Step 2: Tracking cursor...
2026-03-16 20:30:48,931 INFO vex_extract.cursor:   Cursor: pass 1 — matching 293 frames at 1.0 FPS against 6 templates x 7 scales at 540p...
2026-03-16 20:30:49,779 INFO vex_extract.cursor:   Cursor: 29/293 frames (29 detections)
2026-03-16 20:30:50,349 INFO vex_extract.cursor:   Cursor: 58/293 frames (58 detections)
2026-03-16 20:30:51,109 INFO vex_extract.cursor:   Cursor: 87/293 frames (87 detections)
2026-03-16 20:30:51,493 INFO vex_extract.cursor:   Cursor: 116/293 frames (116 detections)
2026-03-16 20:30:51,876 INFO vex_extract.cursor:   Cursor: 145/293 frames (145 detections)
2026-03-16 20:30:52,261 INFO vex_extract.cursor:   Cursor: 174/293 frames (174 detections)
2026-03-16 20:30:52,719 INFO vex_extract.cursor:   Cursor: 203/293 frames (203 detections)
2026-03-16 20:30:53,111 INFO vex_extract.cursor:   Cursor: 232/293 frames (232 detections)
2026-03-16 20:30:54,099 INFO vex_extract.cursor:   Cursor: 261/293 frames (260 detections)
2026-03-16 20:30:54,485 INFO vex_extract.cursor:   Cursor: 290/293 frames (289 detections)
2026-03-16 20:30:54,525 INFO vex_extract.cursor:   Cursor: calibrated to scales (0.3, 0.4) from coarse pass
2026-03-16 20:30:54,525 INFO vex_extract.cursor:   Cursor: 44 active regions identified
2026-03-16 20:30:54,593 INFO vex_extract.cursor:   Cursor: pass 2 — 19 frames at 5.0 FPS [501ms-4504ms]
2026-03-16 20:30:54,672 INFO vex_extract.cursor:   Cursor: 1/19 frames (1 detections)
2026-03-16 20:30:54,685 INFO vex_extract.cursor:   Cursor: 2/19 frames (2 detections)
2026-03-16 20:30:54,699 INFO vex_extract.cursor:   Cursor: 3/19 frames (3 detections)
2026-03-16 20:30:54,712 INFO vex_extract.cursor:   Cursor: 4/19 frames (4 detections)
2026-03-16 20:30:54,725 INFO vex_extract.cursor:   Cursor: 5/19 frames (5 detections)
2026-03-16 20:30:54,738 INFO vex_extract.cursor:   Cursor: 6/19 frames (6 detections)
2026-03-16 20:30:54,751 INFO vex_extract.cursor:   Cursor: 7/19 frames (7 detections)
2026-03-16 20:30:54,765 INFO vex_extract.cursor:   Cursor: 8/19 frames (8 detections)
2026-03-16 20:30:54,778 INFO vex_extract.cursor:   Cursor: 9/19 frames (9 detections)
2026-03-16 20:30:54,791 INFO vex_extract.cursor:   Cursor: 10/19 frames (10 detections)
2026-03-16 20:30:54,804 INFO vex_extract.cursor:   Cursor: 11/19 frames (11 detections)
2026-03-16 20:30:54,818 INFO vex_extract.cursor:   Cursor: 12/19 frames (12 detections)
2026-03-16 20:30:54,830 INFO vex_extract.cursor:   Cursor: 13/19 frames (13 detections)
2026-03-16 20:30:54,844 INFO vex_extract.cursor:   Cursor: 14/19 frames (14 detections)
2026-03-16 20:30:54,857 INFO vex_extract.cursor:   Cursor: 15/19 frames (15 detections)
2026-03-16 20:30:54,870 INFO vex_extract.cursor:   Cursor: 16/19 frames (16 detections)
2026-03-16 20:30:54,883 INFO vex_extract.cursor:   Cursor: 17/19 frames (17 detections)
2026-03-16 20:30:54,897 INFO vex_extract.cursor:   Cursor: 18/19 frames (18 detections)
2026-03-16 20:30:55,230 INFO vex_extract.cursor:   Cursor: pass 2 — 99 frames at 5.0 FPS [4505ms-24708ms]
2026-03-16 20:30:55,492 INFO vex_extract.cursor:   Cursor: 9/99 frames (9 detections)
2026-03-16 20:30:55,609 INFO vex_extract.cursor:   Cursor: 18/99 frames (18 detections)
2026-03-16 20:30:55,729 INFO vex_extract.cursor:   Cursor: 27/99 frames (27 detections)
2026-03-16 20:30:55,849 INFO vex_extract.cursor:   Cursor: 36/99 frames (36 detections)
2026-03-16 20:30:55,970 INFO vex_extract.cursor:   Cursor: 45/99 frames (45 detections)
2026-03-16 20:30:56,088 INFO vex_extract.cursor:   Cursor: 54/99 frames (54 detections)
2026-03-16 20:30:56,208 INFO vex_extract.cursor:   Cursor: 63/99 frames (63 detections)
2026-03-16 20:30:56,328 INFO vex_extract.cursor:   Cursor: 72/99 frames (72 detections)
2026-03-16 20:30:56,448 INFO vex_extract.cursor:   Cursor: 81/99 frames (81 detections)
2026-03-16 20:30:56,567 INFO vex_extract.cursor:   Cursor: 90/99 frames (90 detections)
2026-03-16 20:30:56,838 INFO vex_extract.cursor:   Cursor: pass 2 — 30 frames at 5.0 FPS [24775ms-30830ms]
2026-03-16 20:30:56,943 INFO vex_extract.cursor:   Cursor: 3/30 frames (3 detections)
2026-03-16 20:30:56,983 INFO vex_extract.cursor:   Cursor: 6/30 frames (6 detections)
2026-03-16 20:30:57,021 INFO vex_extract.cursor:   Cursor: 9/30 frames (9 detections)
2026-03-16 20:30:57,060 INFO vex_extract.cursor:   Cursor: 12/30 frames (12 detections)
2026-03-16 20:30:57,100 INFO vex_extract.cursor:   Cursor: 15/30 frames (15 detections)
2026-03-16 20:30:57,139 INFO vex_extract.cursor:   Cursor: 18/30 frames (18 detections)
2026-03-16 20:30:57,178 INFO vex_extract.cursor:   Cursor: 21/30 frames (21 detections)
2026-03-16 20:30:57,217 INFO vex_extract.cursor:   Cursor: 24/30 frames (24 detections)
2026-03-16 20:30:57,257 INFO vex_extract.cursor:   Cursor: 27/30 frames (27 detections)
2026-03-16 20:30:57,420 INFO vex_extract.cursor:   Cursor: pass 2 — 15 frames at 5.0 FPS [30831ms-33883ms]
2026-03-16 20:30:57,498 INFO vex_extract.cursor:   Cursor: 1/15 frames (1 detections)
2026-03-16 20:30:57,511 INFO vex_extract.cursor:   Cursor: 2/15 frames (2 detections)
2026-03-16 20:30:57,525 INFO vex_extract.cursor:   Cursor: 3/15 frames (3 detections)
2026-03-16 20:30:57,537 INFO vex_extract.cursor:   Cursor: 4/15 frames (4 detections)
2026-03-16 20:30:57,551 INFO vex_extract.cursor:   Cursor: 5/15 frames (5 detections)
2026-03-16 20:30:57,564 INFO vex_extract.cursor:   Cursor: 6/15 frames (6 detections)
2026-03-16 20:30:57,577 INFO vex_extract.cursor:   Cursor: 7/15 frames (7 detections)
2026-03-16 20:30:57,590 INFO vex_extract.cursor:   Cursor: 8/15 frames (8 detections)
2026-03-16 20:30:57,604 INFO vex_extract.cursor:   Cursor: 9/15 frames (9 detections)
2026-03-16 20:30:57,616 INFO vex_extract.cursor:   Cursor: 10/15 frames (10 detections)
2026-03-16 20:30:57,629 INFO vex_extract.cursor:   Cursor: 11/15 frames (11 detections)
2026-03-16 20:30:57,643 INFO vex_extract.cursor:   Cursor: 12/15 frames (12 detections)
2026-03-16 20:30:57,656 INFO vex_extract.cursor:   Cursor: 13/15 frames (13 detections)
2026-03-16 20:30:57,669 INFO vex_extract.cursor:   Cursor: 14/15 frames (14 detections)
2026-03-16 20:30:57,814 INFO vex_extract.cursor:   Cursor: pass 2 — 15 frames at 5.0 FPS [33901ms-36986ms]
2026-03-16 20:30:57,893 INFO vex_extract.cursor:   Cursor: 1/15 frames (1 detections)
2026-03-16 20:30:57,906 INFO vex_extract.cursor:   Cursor: 2/15 frames (2 detections)
2026-03-16 20:30:57,920 INFO vex_extract.cursor:   Cursor: 3/15 frames (3 detections)
2026-03-16 20:30:57,933 INFO vex_extract.cursor:   Cursor: 4/15 frames (4 detections)
2026-03-16 20:30:57,946 INFO vex_extract.cursor:   Cursor: 5/15 frames (5 detections)
2026-03-16 20:30:57,960 INFO vex_extract.cursor:   Cursor: 6/15 frames (6 detections)
2026-03-16 20:30:57,973 INFO vex_extract.cursor:   Cursor: 7/15 frames (7 detections)
2026-03-16 20:30:57,986 INFO vex_extract.cursor:   Cursor: 8/15 frames (8 detections)
2026-03-16 20:30:57,999 INFO vex_extract.cursor:   Cursor: 9/15 frames (9 detections)
2026-03-16 20:30:58,012 INFO vex_extract.cursor:   Cursor: 10/15 frames (10 detections)
2026-03-16 20:30:58,025 INFO vex_extract.cursor:   Cursor: 11/15 frames (11 detections)
2026-03-16 20:30:58,038 INFO vex_extract.cursor:   Cursor: 12/15 frames (12 detections)
2026-03-16 20:30:58,051 INFO vex_extract.cursor:   Cursor: 13/15 frames (13 detections)
2026-03-16 20:30:58,064 INFO vex_extract.cursor:   Cursor: 14/15 frames (14 detections)
2026-03-16 20:30:58,313 INFO vex_extract.cursor:   Cursor: pass 2 — 48 frames at 5.0 FPS [36987ms-49315ms]
2026-03-16 20:30:58,431 INFO vex_extract.cursor:   Cursor: 4/48 frames (4 detections)
2026-03-16 20:30:58,484 INFO vex_extract.cursor:   Cursor: 8/48 frames (8 detections)
2026-03-16 20:30:58,537 INFO vex_extract.cursor:   Cursor: 12/48 frames (12 detections)
2026-03-16 20:30:58,589 INFO vex_extract.cursor:   Cursor: 16/48 frames (16 detections)
2026-03-16 20:30:58,642 INFO vex_extract.cursor:   Cursor: 20/48 frames (20 detections)
2026-03-16 20:30:58,694 INFO vex_extract.cursor:   Cursor: 24/48 frames (24 detections)
2026-03-16 20:30:58,747 INFO vex_extract.cursor:   Cursor: 28/48 frames (28 detections)
2026-03-16 20:30:58,801 INFO vex_extract.cursor:   Cursor: 32/48 frames (32 detections)
2026-03-16 20:30:58,854 INFO vex_extract.cursor:   Cursor: 36/48 frames (36 detections)
2026-03-16 20:30:58,907 INFO vex_extract.cursor:   Cursor: 40/48 frames (40 detections)
2026-03-16 20:30:58,959 INFO vex_extract.cursor:   Cursor: 44/48 frames (44 detections)
2026-03-16 20:30:59,158 INFO vex_extract.cursor:   Cursor: pass 2 — 9 frames at 5.0 FPS [49333ms-51351ms]
2026-03-16 20:30:59,237 INFO vex_extract.cursor:   Cursor: 1/9 frames (1 detections)
2026-03-16 20:30:59,251 INFO vex_extract.cursor:   Cursor: 2/9 frames (2 detections)
2026-03-16 20:30:59,264 INFO vex_extract.cursor:   Cursor: 3/9 frames (3 detections)
2026-03-16 20:30:59,277 INFO vex_extract.cursor:   Cursor: 4/9 frames (4 detections)
2026-03-16 20:30:59,290 INFO vex_extract.cursor:   Cursor: 5/9 frames (5 detections)
2026-03-16 20:30:59,303 INFO vex_extract.cursor:   Cursor: 6/9 frames (6 detections)
2026-03-16 20:30:59,316 INFO vex_extract.cursor:   Cursor: 7/9 frames (7 detections)
2026-03-16 20:30:59,330 INFO vex_extract.cursor:   Cursor: 8/9 frames (8 detections)
2026-03-16 20:30:59,500 INFO vex_extract.cursor:   Cursor: pass 2 — 14 frames at 5.0 FPS [51419ms-54504ms]
2026-03-16 20:30:59,580 INFO vex_extract.cursor:   Cursor: 1/14 frames (1 detections)
2026-03-16 20:30:59,593 INFO vex_extract.cursor:   Cursor: 2/14 frames (2 detections)
2026-03-16 20:30:59,606 INFO vex_extract.cursor:   Cursor: 3/14 frames (3 detections)
2026-03-16 20:30:59,620 INFO vex_extract.cursor:   Cursor: 4/14 frames (4 detections)
2026-03-16 20:30:59,633 INFO vex_extract.cursor:   Cursor: 5/14 frames (5 detections)
2026-03-16 20:30:59,646 INFO vex_extract.cursor:   Cursor: 6/14 frames (6 detections)
2026-03-16 20:30:59,659 INFO vex_extract.cursor:   Cursor: 7/14 frames (7 detections)
2026-03-16 20:30:59,672 INFO vex_extract.cursor:   Cursor: 8/14 frames (8 detections)
2026-03-16 20:30:59,685 INFO vex_extract.cursor:   Cursor: 9/14 frames (9 detections)
2026-03-16 20:30:59,699 INFO vex_extract.cursor:   Cursor: 10/14 frames (10 detections)
2026-03-16 20:30:59,711 INFO vex_extract.cursor:   Cursor: 11/14 frames (11 detections)
2026-03-16 20:30:59,724 INFO vex_extract.cursor:   Cursor: 12/14 frames (12 detections)
2026-03-16 20:30:59,737 INFO vex_extract.cursor:   Cursor: 13/14 frames (13 detections)
2026-03-16 20:30:59,945 INFO vex_extract.cursor:   Cursor: pass 2 — 24 frames at 5.0 FPS [55573ms-60577ms]
2026-03-16 20:31:00,035 INFO vex_extract.cursor:   Cursor: 2/24 frames (2 detections)
2026-03-16 20:31:00,061 INFO vex_extract.cursor:   Cursor: 4/24 frames (4 detections)
2026-03-16 20:31:00,088 INFO vex_extract.cursor:   Cursor: 6/24 frames (6 detections)
2026-03-16 20:31:00,114 INFO vex_extract.cursor:   Cursor: 8/24 frames (8 detections)
2026-03-16 20:31:00,141 INFO vex_extract.cursor:   Cursor: 10/24 frames (10 detections)
2026-03-16 20:31:00,167 INFO vex_extract.cursor:   Cursor: 12/24 frames (12 detections)
2026-03-16 20:31:00,194 INFO vex_extract.cursor:   Cursor: 14/24 frames (14 detections)
2026-03-16 20:31:00,221 INFO vex_extract.cursor:   Cursor: 16/24 frames (16 detections)
2026-03-16 20:31:00,246 INFO vex_extract.cursor:   Cursor: 18/24 frames (18 detections)
2026-03-16 20:31:00,273 INFO vex_extract.cursor:   Cursor: 20/24 frames (20 detections)
2026-03-16 20:31:00,299 INFO vex_extract.cursor:   Cursor: 22/24 frames (22 detections)
2026-03-16 20:31:00,555 INFO vex_extract.cursor:   Cursor: pass 2 — 33 frames at 5.0 FPS [61629ms-69052ms]
2026-03-16 20:31:00,661 INFO vex_extract.cursor:   Cursor: 3/33 frames (3 detections)
2026-03-16 20:31:00,700 INFO vex_extract.cursor:   Cursor: 6/33 frames (6 detections)
2026-03-16 20:31:00,739 INFO vex_extract.cursor:   Cursor: 9/33 frames (9 detections)
2026-03-16 20:31:00,778 INFO vex_extract.cursor:   Cursor: 12/33 frames (12 detections)
2026-03-16 20:31:00,818 INFO vex_extract.cursor:   Cursor: 15/33 frames (15 detections)
2026-03-16 20:31:00,858 INFO vex_extract.cursor:   Cursor: 18/33 frames (18 detections)
2026-03-16 20:31:00,897 INFO vex_extract.cursor:   Cursor: 21/33 frames (21 detections)
2026-03-16 20:31:00,937 INFO vex_extract.cursor:   Cursor: 24/33 frames (24 detections)
2026-03-16 20:31:00,976 INFO vex_extract.cursor:   Cursor: 27/33 frames (27 detections)
2026-03-16 20:31:01,015 INFO vex_extract.cursor:   Cursor: 30/33 frames (30 detections)
2026-03-16 20:31:01,224 INFO vex_extract.cursor:   Cursor: pass 2 — 8 frames at 5.0 FPS [70354ms-72388ms]
2026-03-16 20:31:01,304 INFO vex_extract.cursor:   Cursor: 1/8 frames (1 detections)
2026-03-16 20:31:01,317 INFO vex_extract.cursor:   Cursor: 2/8 frames (2 detections)
2026-03-16 20:31:01,410 INFO vex_extract.cursor:   Cursor: 3/8 frames (3 detections)
2026-03-16 20:31:01,423 INFO vex_extract.cursor:   Cursor: 4/8 frames (4 detections)
2026-03-16 20:31:01,436 INFO vex_extract.cursor:   Cursor: 5/8 frames (5 detections)
2026-03-16 20:31:01,449 INFO vex_extract.cursor:   Cursor: 6/8 frames (6 detections)
2026-03-16 20:31:01,463 INFO vex_extract.cursor:   Cursor: 7/8 frames (7 detections)
2026-03-16 20:31:01,672 INFO vex_extract.cursor:   Cursor: pass 2 — 15 frames at 5.0 FPS [72473ms-75575ms]
2026-03-16 20:31:01,752 INFO vex_extract.cursor:   Cursor: 1/15 frames (1 detections)
2026-03-16 20:31:01,765 INFO vex_extract.cursor:   Cursor: 2/15 frames (2 detections)
2026-03-16 20:31:01,778 INFO vex_extract.cursor:   Cursor: 3/15 frames (3 detections)
2026-03-16 20:31:01,792 INFO vex_extract.cursor:   Cursor: 4/15 frames (4 detections)
2026-03-16 20:31:01,805 INFO vex_extract.cursor:   Cursor: 5/15 frames (5 detections)
2026-03-16 20:31:01,818 INFO vex_extract.cursor:   Cursor: 6/15 frames (6 detections)
2026-03-16 20:31:01,832 INFO vex_extract.cursor:   Cursor: 7/15 frames (7 detections)
2026-03-16 20:31:01,845 INFO vex_extract.cursor:   Cursor: 8/15 frames (8 detections)
2026-03-16 20:31:01,858 INFO vex_extract.cursor:   Cursor: 9/15 frames (9 detections)
2026-03-16 20:31:01,871 INFO vex_extract.cursor:   Cursor: 10/15 frames (10 detections)
2026-03-16 20:31:01,884 INFO vex_extract.cursor:   Cursor: 11/15 frames (11 detections)
2026-03-16 20:31:01,897 INFO vex_extract.cursor:   Cursor: 12/15 frames (12 detections)
2026-03-16 20:31:01,910 INFO vex_extract.cursor:   Cursor: 13/15 frames (13 detections)
2026-03-16 20:31:01,923 INFO vex_extract.cursor:   Cursor: 14/15 frames (14 detections)
2026-03-16 20:31:02,144 INFO vex_extract.cursor:   Cursor: pass 2 — 10 frames at 5.0 FPS [84635ms-86636ms]
2026-03-16 20:31:02,224 INFO vex_extract.cursor:   Cursor: 1/10 frames (1 detections)
2026-03-16 20:31:02,237 INFO vex_extract.cursor:   Cursor: 2/10 frames (2 detections)
2026-03-16 20:31:02,250 INFO vex_extract.cursor:   Cursor: 3/10 frames (3 detections)
2026-03-16 20:31:02,264 INFO vex_extract.cursor:   Cursor: 4/10 frames (4 detections)
2026-03-16 20:31:02,277 INFO vex_extract.cursor:   Cursor: 5/10 frames (5 detections)
2026-03-16 20:31:02,290 INFO vex_extract.cursor:   Cursor: 6/10 frames (6 detections)
2026-03-16 20:31:02,303 INFO vex_extract.cursor:   Cursor: 7/10 frames (7 detections)
2026-03-16 20:31:02,317 INFO vex_extract.cursor:   Cursor: 8/10 frames (8 detections)
2026-03-16 20:31:02,330 INFO vex_extract.cursor:   Cursor: 9/10 frames (9 detections)
2026-03-16 20:31:02,582 INFO vex_extract.cursor:   Cursor: pass 2 — 19 frames at 5.0 FPS [86637ms-90640ms]
2026-03-16 20:31:02,662 INFO vex_extract.cursor:   Cursor: 1/19 frames (1 detections)
2026-03-16 20:31:02,675 INFO vex_extract.cursor:   Cursor: 2/19 frames (2 detections)
2026-03-16 20:31:02,688 INFO vex_extract.cursor:   Cursor: 3/19 frames (3 detections)
2026-03-16 20:31:02,702 INFO vex_extract.cursor:   Cursor: 4/19 frames (4 detections)
2026-03-16 20:31:02,715 INFO vex_extract.cursor:   Cursor: 5/19 frames (5 detections)
2026-03-16 20:31:02,728 INFO vex_extract.cursor:   Cursor: 6/19 frames (6 detections)
2026-03-16 20:31:02,741 INFO vex_extract.cursor:   Cursor: 7/19 frames (7 detections)
2026-03-16 20:31:02,754 INFO vex_extract.cursor:   Cursor: 8/19 frames (8 detections)
2026-03-16 20:31:02,767 INFO vex_extract.cursor:   Cursor: 9/19 frames (9 detections)
2026-03-16 20:31:02,780 INFO vex_extract.cursor:   Cursor: 10/19 frames (10 detections)
2026-03-16 20:31:02,794 INFO vex_extract.cursor:   Cursor: 11/19 frames (11 detections)
2026-03-16 20:31:02,807 INFO vex_extract.cursor:   Cursor: 12/19 frames (12 detections)
2026-03-16 20:31:02,820 INFO vex_extract.cursor:   Cursor: 13/19 frames (13 detections)
2026-03-16 20:31:02,833 INFO vex_extract.cursor:   Cursor: 14/19 frames (14 detections)
2026-03-16 20:31:02,847 INFO vex_extract.cursor:   Cursor: 15/19 frames (15 detections)
2026-03-16 20:31:02,860 INFO vex_extract.cursor:   Cursor: 16/19 frames (16 detections)
2026-03-16 20:31:02,874 INFO vex_extract.cursor:   Cursor: 17/19 frames (17 detections)
2026-03-16 20:31:02,887 INFO vex_extract.cursor:   Cursor: 18/19 frames (18 detections)
2026-03-16 20:31:03,124 INFO vex_extract.cursor:   Cursor: pass 2 — 10 frames at 5.0 FPS [91659ms-93726ms]
2026-03-16 20:31:03,204 INFO vex_extract.cursor:   Cursor: 1/10 frames (1 detections)
2026-03-16 20:31:03,218 INFO vex_extract.cursor:   Cursor: 2/10 frames (2 detections)
2026-03-16 20:31:03,231 INFO vex_extract.cursor:   Cursor: 3/10 frames (3 detections)
2026-03-16 20:31:03,244 INFO vex_extract.cursor:   Cursor: 4/10 frames (4 detections)
2026-03-16 20:31:03,257 INFO vex_extract.cursor:   Cursor: 5/10 frames (5 detections)
2026-03-16 20:31:03,270 INFO vex_extract.cursor:   Cursor: 6/10 frames (6 detections)
2026-03-16 20:31:03,283 INFO vex_extract.cursor:   Cursor: 7/10 frames (7 detections)
2026-03-16 20:31:03,297 INFO vex_extract.cursor:   Cursor: 8/10 frames (8 detections)
2026-03-16 20:31:03,311 INFO vex_extract.cursor:   Cursor: 9/10 frames (9 detections)
2026-03-16 20:31:03,636 INFO vex_extract.cursor:   Cursor: pass 2 — 34 frames at 5.0 FPS [100417ms-107590ms]
2026-03-16 20:31:03,742 INFO vex_extract.cursor:   Cursor: 3/34 frames (3 detections)
2026-03-16 20:31:03,781 INFO vex_extract.cursor:   Cursor: 6/34 frames (6 detections)
2026-03-16 20:31:03,820 INFO vex_extract.cursor:   Cursor: 9/34 frames (9 detections)
2026-03-16 20:31:03,859 INFO vex_extract.cursor:   Cursor: 12/34 frames (12 detections)
2026-03-16 20:31:03,899 INFO vex_extract.cursor:   Cursor: 15/34 frames (15 detections)
2026-03-16 20:31:03,939 INFO vex_extract.cursor:   Cursor: 18/34 frames (18 detections)
2026-03-16 20:31:03,978 INFO vex_extract.cursor:   Cursor: 21/34 frames (21 detections)
2026-03-16 20:31:04,017 INFO vex_extract.cursor:   Cursor: 24/34 frames (24 detections)
2026-03-16 20:31:04,057 INFO vex_extract.cursor:   Cursor: 27/34 frames (27 detections)
2026-03-16 20:31:04,096 INFO vex_extract.cursor:   Cursor: 30/34 frames (30 detections)
2026-03-16 20:31:04,136 INFO vex_extract.cursor:   Cursor: 33/34 frames (33 detections)
2026-03-16 20:31:04,490 INFO vex_extract.cursor:   Cursor: pass 2 — 36 frames at 5.0 FPS [107591ms-121938ms]
2026-03-16 20:31:04,596 INFO vex_extract.cursor:   Cursor: 3/36 frames (3 detections)
2026-03-16 20:31:04,636 INFO vex_extract.cursor:   Cursor: 6/36 frames (6 detections)
2026-03-16 20:31:04,676 INFO vex_extract.cursor:   Cursor: 9/36 frames (9 detections)
2026-03-16 20:31:04,715 INFO vex_extract.cursor:   Cursor: 12/36 frames (12 detections)
2026-03-16 20:31:04,755 INFO vex_extract.cursor:   Cursor: 15/36 frames (15 detections)
2026-03-16 20:31:04,794 INFO vex_extract.cursor:   Cursor: 18/36 frames (18 detections)
2026-03-16 20:31:04,834 INFO vex_extract.cursor:   Cursor: 21/36 frames (21 detections)
2026-03-16 20:31:04,874 INFO vex_extract.cursor:   Cursor: 24/36 frames (24 detections)
2026-03-16 20:31:04,914 INFO vex_extract.cursor:   Cursor: 27/36 frames (27 detections)
2026-03-16 20:31:04,953 INFO vex_extract.cursor:   Cursor: 30/36 frames (30 detections)
2026-03-16 20:31:04,993 INFO vex_extract.cursor:   Cursor: 33/36 frames (33 detections)
2026-03-16 20:31:05,297 INFO vex_extract.cursor:   Cursor: pass 2 — 6 frames at 5.0 FPS [121939ms-127944ms]
2026-03-16 20:31:05,377 INFO vex_extract.cursor:   Cursor: 1/6 frames (1 detections)
2026-03-16 20:31:05,390 INFO vex_extract.cursor:   Cursor: 2/6 frames (2 detections)
2026-03-16 20:31:05,403 INFO vex_extract.cursor:   Cursor: 3/6 frames (3 detections)
2026-03-16 20:31:05,416 INFO vex_extract.cursor:   Cursor: 4/6 frames (4 detections)
2026-03-16 20:31:05,430 INFO vex_extract.cursor:   Cursor: 5/6 frames (5 detections)
2026-03-16 20:31:05,703 INFO vex_extract.cursor:   Cursor: pass 2 — 4 frames at 5.0 FPS [130965ms-134968ms]
2026-03-16 20:31:05,782 INFO vex_extract.cursor:   Cursor: 1/4 frames (1 detections)
2026-03-16 20:31:05,796 INFO vex_extract.cursor:   Cursor: 2/4 frames (2 detections)
2026-03-16 20:31:05,809 INFO vex_extract.cursor:   Cursor: 3/4 frames (3 detections)
2026-03-16 20:31:06,078 INFO vex_extract.cursor:   Cursor: pass 2 — 2 frames at 5.0 FPS [134969ms-136970ms]
2026-03-16 20:31:06,157 INFO vex_extract.cursor:   Cursor: 1/2 frames (1 detections)
2026-03-16 20:31:06,440 INFO vex_extract.cursor:   Cursor: pass 2 — 6 frames at 5.0 FPS [137972ms-141007ms]
2026-03-16 20:31:06,521 INFO vex_extract.cursor:   Cursor: 1/6 frames (1 detections)
2026-03-16 20:31:06,535 INFO vex_extract.cursor:   Cursor: 2/6 frames (2 detections)
2026-03-16 20:31:06,547 INFO vex_extract.cursor:   Cursor: 3/6 frames (3 detections)
2026-03-16 20:31:06,561 INFO vex_extract.cursor:   Cursor: 4/6 frames (4 detections)
2026-03-16 20:31:06,574 INFO vex_extract.cursor:   Cursor: 5/6 frames (5 detections)
2026-03-16 20:31:06,892 INFO vex_extract.cursor:   Cursor: pass 2 — 15 frames at 5.0 FPS [144128ms-148715ms]
2026-03-16 20:31:06,971 INFO vex_extract.cursor:   Cursor: 1/15 frames (1 detections)
2026-03-16 20:31:06,985 INFO vex_extract.cursor:   Cursor: 2/15 frames (2 detections)
2026-03-16 20:31:06,998 INFO vex_extract.cursor:   Cursor: 3/15 frames (3 detections)
2026-03-16 20:31:07,011 INFO vex_extract.cursor:   Cursor: 4/15 frames (4 detections)
2026-03-16 20:31:07,024 INFO vex_extract.cursor:   Cursor: 5/15 frames (5 detections)
2026-03-16 20:31:07,037 INFO vex_extract.cursor:   Cursor: 6/15 frames (6 detections)
2026-03-16 20:31:07,050 INFO vex_extract.cursor:   Cursor: 7/15 frames (7 detections)
2026-03-16 20:31:07,064 INFO vex_extract.cursor:   Cursor: 8/15 frames (8 detections)
2026-03-16 20:31:07,077 INFO vex_extract.cursor:   Cursor: 9/15 frames (9 detections)
2026-03-16 20:31:07,090 INFO vex_extract.cursor:   Cursor: 10/15 frames (10 detections)
2026-03-16 20:31:07,104 INFO vex_extract.cursor:   Cursor: 11/15 frames (11 detections)
2026-03-16 20:31:07,116 INFO vex_extract.cursor:   Cursor: 12/15 frames (12 detections)
2026-03-16 20:31:07,130 INFO vex_extract.cursor:   Cursor: 13/15 frames (13 detections)
2026-03-16 20:31:07,143 INFO vex_extract.cursor:   Cursor: 14/15 frames (14 detections)
2026-03-16 20:31:07,539 INFO vex_extract.cursor:   Cursor: pass 2 — 27 frames at 5.0 FPS [153504ms-161110ms]
2026-03-16 20:31:07,631 INFO vex_extract.cursor:   Cursor: 2/27 frames (2 detections)
2026-03-16 20:31:07,658 INFO vex_extract.cursor:   Cursor: 4/27 frames (4 detections)
2026-03-16 20:31:07,685 INFO vex_extract.cursor:   Cursor: 6/27 frames (6 detections)
2026-03-16 20:31:07,710 INFO vex_extract.cursor:   Cursor: 8/27 frames (8 detections)
2026-03-16 20:31:07,737 INFO vex_extract.cursor:   Cursor: 10/27 frames (10 detections)
2026-03-16 20:31:07,764 INFO vex_extract.cursor:   Cursor: 12/27 frames (12 detections)
2026-03-16 20:31:07,791 INFO vex_extract.cursor:   Cursor: 14/27 frames (14 detections)
2026-03-16 20:31:07,817 INFO vex_extract.cursor:   Cursor: 16/27 frames (16 detections)
2026-03-16 20:31:07,844 INFO vex_extract.cursor:   Cursor: 18/27 frames (18 detections)
2026-03-16 20:31:07,870 INFO vex_extract.cursor:   Cursor: 20/27 frames (20 detections)
2026-03-16 20:31:07,896 INFO vex_extract.cursor:   Cursor: 22/27 frames (22 detections)
2026-03-16 20:31:07,923 INFO vex_extract.cursor:   Cursor: 24/27 frames (24 detections)
2026-03-16 20:31:07,948 INFO vex_extract.cursor:   Cursor: 26/27 frames (26 detections)
2026-03-16 20:31:08,306 INFO vex_extract.cursor:   Cursor: pass 2 — 18 frames at 5.0 FPS [161128ms-165164ms]
2026-03-16 20:31:08,386 INFO vex_extract.cursor:   Cursor: 1/18 frames (1 detections)
2026-03-16 20:31:08,399 INFO vex_extract.cursor:   Cursor: 2/18 frames (2 detections)
2026-03-16 20:31:08,412 INFO vex_extract.cursor:   Cursor: 3/18 frames (3 detections)
2026-03-16 20:31:08,426 INFO vex_extract.cursor:   Cursor: 4/18 frames (4 detections)
2026-03-16 20:31:08,439 INFO vex_extract.cursor:   Cursor: 5/18 frames (5 detections)
2026-03-16 20:31:08,453 INFO vex_extract.cursor:   Cursor: 6/18 frames (6 detections)
2026-03-16 20:31:08,466 INFO vex_extract.cursor:   Cursor: 7/18 frames (7 detections)
2026-03-16 20:31:08,479 INFO vex_extract.cursor:   Cursor: 8/18 frames (8 detections)
2026-03-16 20:31:08,492 INFO vex_extract.cursor:   Cursor: 9/18 frames (9 detections)
2026-03-16 20:31:08,506 INFO vex_extract.cursor:   Cursor: 10/18 frames (10 detections)
2026-03-16 20:31:08,519 INFO vex_extract.cursor:   Cursor: 11/18 frames (11 detections)
2026-03-16 20:31:08,532 INFO vex_extract.cursor:   Cursor: 12/18 frames (12 detections)
2026-03-16 20:31:08,545 INFO vex_extract.cursor:   Cursor: 13/18 frames (13 detections)
2026-03-16 20:31:08,558 INFO vex_extract.cursor:   Cursor: 14/18 frames (14 detections)
2026-03-16 20:31:08,572 INFO vex_extract.cursor:   Cursor: 15/18 frames (15 detections)
2026-03-16 20:31:08,585 INFO vex_extract.cursor:   Cursor: 16/18 frames (16 detections)
2026-03-16 20:31:08,598 INFO vex_extract.cursor:   Cursor: 17/18 frames (17 detections)
2026-03-16 20:31:08,989 INFO vex_extract.cursor:   Cursor: pass 2 — 22 frames at 5.0 FPS [168235ms-173239ms]
2026-03-16 20:31:09,083 INFO vex_extract.cursor:   Cursor: 2/22 frames (2 detections)
2026-03-16 20:31:09,110 INFO vex_extract.cursor:   Cursor: 4/22 frames (4 detections)
2026-03-16 20:31:09,137 INFO vex_extract.cursor:   Cursor: 6/22 frames (6 detections)
2026-03-16 20:31:09,163 INFO vex_extract.cursor:   Cursor: 8/22 frames (8 detections)
2026-03-16 20:31:09,190 INFO vex_extract.cursor:   Cursor: 10/22 frames (10 detections)
2026-03-16 20:31:09,216 INFO vex_extract.cursor:   Cursor: 12/22 frames (12 detections)
2026-03-16 20:31:09,242 INFO vex_extract.cursor:   Cursor: 14/22 frames (14 detections)
2026-03-16 20:31:09,269 INFO vex_extract.cursor:   Cursor: 16/22 frames (16 detections)
2026-03-16 20:31:09,295 INFO vex_extract.cursor:   Cursor: 18/22 frames (18 detections)
2026-03-16 20:31:09,322 INFO vex_extract.cursor:   Cursor: 20/22 frames (20 detections)
2026-03-16 20:31:09,772 INFO vex_extract.cursor:   Cursor: pass 2 — 20 frames at 5.0 FPS [188556ms-192625ms]
2026-03-16 20:31:09,865 INFO vex_extract.cursor:   Cursor: 2/20 frames (2 detections)
2026-03-16 20:31:09,892 INFO vex_extract.cursor:   Cursor: 4/20 frames (4 detections)
2026-03-16 20:31:09,919 INFO vex_extract.cursor:   Cursor: 6/20 frames (6 detections)
2026-03-16 20:31:09,945 INFO vex_extract.cursor:   Cursor: 8/20 frames (8 detections)
2026-03-16 20:31:09,972 INFO vex_extract.cursor:   Cursor: 10/20 frames (10 detections)
2026-03-16 20:31:09,998 INFO vex_extract.cursor:   Cursor: 12/20 frames (12 detections)
2026-03-16 20:31:10,025 INFO vex_extract.cursor:   Cursor: 14/20 frames (14 detections)
2026-03-16 20:31:10,051 INFO vex_extract.cursor:   Cursor: 16/20 frames (16 detections)
2026-03-16 20:31:10,077 INFO vex_extract.cursor:   Cursor: 18/20 frames (18 detections)
2026-03-16 20:31:10,563 INFO vex_extract.cursor:   Cursor: pass 2 — 19 frames at 5.0 FPS [197798ms-201851ms]
2026-03-16 20:31:10,643 INFO vex_extract.cursor:   Cursor: 1/19 frames (1 detections)
2026-03-16 20:31:10,657 INFO vex_extract.cursor:   Cursor: 2/19 frames (2 detections)
2026-03-16 20:31:10,670 INFO vex_extract.cursor:   Cursor: 3/19 frames (3 detections)
2026-03-16 20:31:10,683 INFO vex_extract.cursor:   Cursor: 4/19 frames (4 detections)
2026-03-16 20:31:10,697 INFO vex_extract.cursor:   Cursor: 5/19 frames (5 detections)
2026-03-16 20:31:10,710 INFO vex_extract.cursor:   Cursor: 6/19 frames (6 detections)
2026-03-16 20:31:10,723 INFO vex_extract.cursor:   Cursor: 7/19 frames (7 detections)
2026-03-16 20:31:10,736 INFO vex_extract.cursor:   Cursor: 8/19 frames (8 detections)
2026-03-16 20:31:10,750 INFO vex_extract.cursor:   Cursor: 9/19 frames (9 detections)
2026-03-16 20:31:10,764 INFO vex_extract.cursor:   Cursor: 10/19 frames (10 detections)
2026-03-16 20:31:10,777 INFO vex_extract.cursor:   Cursor: 11/19 frames (11 detections)
2026-03-16 20:31:10,791 INFO vex_extract.cursor:   Cursor: 12/19 frames (12 detections)
2026-03-16 20:31:10,804 INFO vex_extract.cursor:   Cursor: 13/19 frames (13 detections)
2026-03-16 20:31:10,817 INFO vex_extract.cursor:   Cursor: 14/19 frames (14 detections)
2026-03-16 20:31:10,831 INFO vex_extract.cursor:   Cursor: 15/19 frames (15 detections)
2026-03-16 20:31:10,844 INFO vex_extract.cursor:   Cursor: 16/19 frames (16 detections)
2026-03-16 20:31:10,857 INFO vex_extract.cursor:   Cursor: 17/19 frames (17 detections)
2026-03-16 20:31:10,871 INFO vex_extract.cursor:   Cursor: 18/19 frames (18 detections)
2026-03-16 20:31:11,323 INFO vex_extract.cursor:   Cursor: pass 2 — 9 frames at 5.0 FPS [201886ms-203887ms]
2026-03-16 20:31:11,403 INFO vex_extract.cursor:   Cursor: 1/9 frames (1 detections)
2026-03-16 20:31:11,416 INFO vex_extract.cursor:   Cursor: 2/9 frames (2 detections)
2026-03-16 20:31:11,430 INFO vex_extract.cursor:   Cursor: 3/9 frames (3 detections)
2026-03-16 20:31:11,444 INFO vex_extract.cursor:   Cursor: 4/9 frames (4 detections)
2026-03-16 20:31:11,457 INFO vex_extract.cursor:   Cursor: 5/9 frames (5 detections)
2026-03-16 20:31:11,470 INFO vex_extract.cursor:   Cursor: 6/9 frames (6 detections)
2026-03-16 20:31:11,483 INFO vex_extract.cursor:   Cursor: 7/9 frames (7 detections)
2026-03-16 20:31:11,496 INFO vex_extract.cursor:   Cursor: 8/9 frames (8 detections)
2026-03-16 20:31:11,966 INFO vex_extract.cursor:   Cursor: pass 2 — 9 frames at 5.0 FPS [203888ms-205922ms]
2026-03-16 20:31:12,046 INFO vex_extract.cursor:   Cursor: 1/9 frames (1 detections)
2026-03-16 20:31:12,060 INFO vex_extract.cursor:   Cursor: 2/9 frames (2 detections)
2026-03-16 20:31:12,074 INFO vex_extract.cursor:   Cursor: 3/9 frames (3 detections)
2026-03-16 20:31:12,087 INFO vex_extract.cursor:   Cursor: 4/9 frames (4 detections)
2026-03-16 20:31:12,100 INFO vex_extract.cursor:   Cursor: 5/9 frames (5 detections)
2026-03-16 20:31:12,113 INFO vex_extract.cursor:   Cursor: 6/9 frames (6 detections)
2026-03-16 20:31:12,126 INFO vex_extract.cursor:   Cursor: 7/9 frames (7 detections)
2026-03-16 20:31:12,140 INFO vex_extract.cursor:   Cursor: 8/9 frames (8 detections)
2026-03-16 20:31:12,691 INFO vex_extract.cursor:   Cursor: pass 2 — 29 frames at 5.0 FPS [207041ms-213212ms]
2026-03-16 20:31:12,784 INFO vex_extract.cursor:   Cursor: 2/29 frames (2 detections)
2026-03-16 20:31:12,811 INFO vex_extract.cursor:   Cursor: 4/29 frames (4 detections)
2026-03-16 20:31:12,838 INFO vex_extract.cursor:   Cursor: 6/29 frames (6 detections)
2026-03-16 20:31:12,864 INFO vex_extract.cursor:   Cursor: 8/29 frames (8 detections)
2026-03-16 20:31:12,891 INFO vex_extract.cursor:   Cursor: 10/29 frames (10 detections)
2026-03-16 20:31:12,917 INFO vex_extract.cursor:   Cursor: 12/29 frames (12 detections)
2026-03-16 20:31:12,943 INFO vex_extract.cursor:   Cursor: 14/29 frames (14 detections)
2026-03-16 20:31:12,969 INFO vex_extract.cursor:   Cursor: 16/29 frames (16 detections)
2026-03-16 20:31:12,996 INFO vex_extract.cursor:   Cursor: 18/29 frames (18 detections)
2026-03-16 20:31:13,022 INFO vex_extract.cursor:   Cursor: 20/29 frames (20 detections)
2026-03-16 20:31:13,049 INFO vex_extract.cursor:   Cursor: 22/29 frames (22 detections)
2026-03-16 20:31:13,076 INFO vex_extract.cursor:   Cursor: 24/29 frames (24 detections)
2026-03-16 20:31:13,102 INFO vex_extract.cursor:   Cursor: 26/29 frames (26 detections)
2026-03-16 20:31:13,129 INFO vex_extract.cursor:   Cursor: 28/29 frames (28 detections)
2026-03-16 20:31:13,702 INFO vex_extract.cursor:   Cursor: pass 2 — 11 frames at 5.0 FPS [231165ms-234300ms]
2026-03-16 20:31:13,782 INFO vex_extract.cursor:   Cursor: 1/11 frames (1 detections)
2026-03-16 20:31:13,795 INFO vex_extract.cursor:   Cursor: 2/11 frames (2 detections)
2026-03-16 20:31:13,809 INFO vex_extract.cursor:   Cursor: 3/11 frames (3 detections)
2026-03-16 20:31:13,822 INFO vex_extract.cursor:   Cursor: 4/11 frames (4 detections)
2026-03-16 20:31:13,836 INFO vex_extract.cursor:   Cursor: 5/11 frames (5 detections)
2026-03-16 20:31:13,849 INFO vex_extract.cursor:   Cursor: 6/11 frames (6 detections)
2026-03-16 20:31:13,862 INFO vex_extract.cursor:   Cursor: 7/11 frames (7 detections)
2026-03-16 20:31:13,877 INFO vex_extract.cursor:   Cursor: 8/11 frames (8 detections)
2026-03-16 20:31:13,969 INFO vex_extract.cursor:   Cursor: 9/11 frames (9 detections)
2026-03-16 20:31:13,982 INFO vex_extract.cursor:   Cursor: 10/11 frames (10 detections)
2026-03-16 20:31:14,561 INFO vex_extract.cursor:   Cursor: pass 2 — 7 frames at 5.0 FPS [236403ms-238438ms]
2026-03-16 20:31:14,640 INFO vex_extract.cursor:   Cursor: 1/7 frames (1 detections)
2026-03-16 20:31:14,653 INFO vex_extract.cursor:   Cursor: 2/7 frames (2 detections)
2026-03-16 20:31:14,667 INFO vex_extract.cursor:   Cursor: 3/7 frames (3 detections)
2026-03-16 20:31:14,681 INFO vex_extract.cursor:   Cursor: 4/7 frames (4 detections)
2026-03-16 20:31:14,694 INFO vex_extract.cursor:   Cursor: 5/7 frames (5 detections)
2026-03-16 20:31:14,707 INFO vex_extract.cursor:   Cursor: 6/7 frames (6 detections)
2026-03-16 20:31:15,317 INFO vex_extract.cursor:   Cursor: pass 2 — 12 frames at 5.0 FPS [238722ms-241874ms]
2026-03-16 20:31:15,398 INFO vex_extract.cursor:   Cursor: 1/12 frames (1 detections)
2026-03-16 20:31:15,411 INFO vex_extract.cursor:   Cursor: 2/12 frames (2 detections)
2026-03-16 20:31:15,424 INFO vex_extract.cursor:   Cursor: 3/12 frames (3 detections)
2026-03-16 20:31:15,438 INFO vex_extract.cursor:   Cursor: 4/12 frames (4 detections)
2026-03-16 20:31:15,451 INFO vex_extract.cursor:   Cursor: 5/12 frames (5 detections)
2026-03-16 20:31:15,464 INFO vex_extract.cursor:   Cursor: 6/12 frames (6 detections)
2026-03-16 20:31:15,477 INFO vex_extract.cursor:   Cursor: 7/12 frames (7 detections)
2026-03-16 20:31:15,491 INFO vex_extract.cursor:   Cursor: 8/12 frames (8 detections)
2026-03-16 20:31:15,503 INFO vex_extract.cursor:   Cursor: 9/12 frames (9 detections)
2026-03-16 20:31:15,516 INFO vex_extract.cursor:   Cursor: 10/12 frames (10 detections)
2026-03-16 20:31:15,530 INFO vex_extract.cursor:   Cursor: 11/12 frames (11 detections)
2026-03-16 20:31:16,157 INFO vex_extract.cursor:   Cursor: pass 2 — 10 frames at 5.0 FPS [243911ms-246963ms]
2026-03-16 20:31:16,236 INFO vex_extract.cursor:   Cursor: 1/10 frames (1 detections)
2026-03-16 20:31:16,249 INFO vex_extract.cursor:   Cursor: 2/10 frames (2 detections)
2026-03-16 20:31:16,262 INFO vex_extract.cursor:   Cursor: 3/10 frames (3 detections)
2026-03-16 20:31:16,275 INFO vex_extract.cursor:   Cursor: 4/10 frames (4 detections)
2026-03-16 20:31:16,289 INFO vex_extract.cursor:   Cursor: 5/10 frames (5 detections)
2026-03-16 20:31:16,302 INFO vex_extract.cursor:   Cursor: 6/10 frames (6 detections)
2026-03-16 20:31:16,315 INFO vex_extract.cursor:   Cursor: 7/10 frames (7 detections)
2026-03-16 20:31:16,328 INFO vex_extract.cursor:   Cursor: 8/10 frames (8 detections)
2026-03-16 20:31:16,342 INFO vex_extract.cursor:   Cursor: 9/10 frames (9 detections)
2026-03-16 20:31:16,987 INFO vex_extract.cursor:   Cursor: pass 2 — 9 frames at 5.0 FPS [249984ms-253486ms]
2026-03-16 20:31:17,068 INFO vex_extract.cursor:   Cursor: 1/9 frames (1 detections)
2026-03-16 20:31:17,081 INFO vex_extract.cursor:   Cursor: 2/9 frames (2 detections)
2026-03-16 20:31:17,094 INFO vex_extract.cursor:   Cursor: 3/9 frames (3 detections)
2026-03-16 20:31:17,108 INFO vex_extract.cursor:   Cursor: 4/9 frames (4 detections)
2026-03-16 20:31:17,121 INFO vex_extract.cursor:   Cursor: 5/9 frames (5 detections)
2026-03-16 20:31:17,134 INFO vex_extract.cursor:   Cursor: 6/9 frames (6 detections)
2026-03-16 20:31:17,148 INFO vex_extract.cursor:   Cursor: 7/9 frames (7 detections)
2026-03-16 20:31:17,161 INFO vex_extract.cursor:   Cursor: 8/9 frames (8 detections)
2026-03-16 20:31:17,824 INFO vex_extract.cursor:   Cursor: pass 2 — 12 frames at 5.0 FPS [254505ms-259342ms]
2026-03-16 20:31:17,904 INFO vex_extract.cursor:   Cursor: 1/12 frames (1 detections)
2026-03-16 20:31:17,917 INFO vex_extract.cursor:   Cursor: 2/12 frames (2 detections)
2026-03-16 20:31:18,009 INFO vex_extract.cursor:   Cursor: 3/12 frames (2 detections)
2026-03-16 20:31:18,086 INFO vex_extract.cursor:   Cursor: 4/12 frames (2 detections)
2026-03-16 20:31:18,166 INFO vex_extract.cursor:   Cursor: 5/12 frames (3 detections)
2026-03-16 20:31:18,179 INFO vex_extract.cursor:   Cursor: 6/12 frames (4 detections)
2026-03-16 20:31:18,193 INFO vex_extract.cursor:   Cursor: 7/12 frames (5 detections)
2026-03-16 20:31:18,206 INFO vex_extract.cursor:   Cursor: 8/12 frames (6 detections)
2026-03-16 20:31:18,219 INFO vex_extract.cursor:   Cursor: 9/12 frames (7 detections)
2026-03-16 20:31:18,232 INFO vex_extract.cursor:   Cursor: 10/12 frames (8 detections)
2026-03-16 20:31:18,246 INFO vex_extract.cursor:   Cursor: 11/12 frames (9 detections)
2026-03-16 20:31:18,912 INFO vex_extract.cursor:   Cursor: pass 2 — 9 frames at 5.0 FPS [259410ms-265481ms]
2026-03-16 20:31:18,991 INFO vex_extract.cursor:   Cursor: 1/9 frames (1 detections)
2026-03-16 20:31:19,004 INFO vex_extract.cursor:   Cursor: 2/9 frames (2 detections)
2026-03-16 20:31:19,018 INFO vex_extract.cursor:   Cursor: 3/9 frames (3 detections)
2026-03-16 20:31:19,031 INFO vex_extract.cursor:   Cursor: 4/9 frames (4 detections)
2026-03-16 20:31:19,044 INFO vex_extract.cursor:   Cursor: 5/9 frames (5 detections)
2026-03-16 20:31:19,057 INFO vex_extract.cursor:   Cursor: 6/9 frames (6 detections)
2026-03-16 20:31:19,070 INFO vex_extract.cursor:   Cursor: 7/9 frames (7 detections)
2026-03-16 20:31:19,083 INFO vex_extract.cursor:   Cursor: 8/9 frames (8 detections)
2026-03-16 20:31:19,804 INFO vex_extract.cursor:   Cursor: pass 2 — 26 frames at 5.0 FPS [265499ms-277710ms]
2026-03-16 20:31:19,897 INFO vex_extract.cursor:   Cursor: 2/26 frames (2 detections)
2026-03-16 20:31:19,924 INFO vex_extract.cursor:   Cursor: 4/26 frames (4 detections)
2026-03-16 20:31:19,950 INFO vex_extract.cursor:   Cursor: 6/26 frames (6 detections)
2026-03-16 20:31:19,977 INFO vex_extract.cursor:   Cursor: 8/26 frames (8 detections)
2026-03-16 20:31:20,004 INFO vex_extract.cursor:   Cursor: 10/26 frames (10 detections)
2026-03-16 20:31:20,030 INFO vex_extract.cursor:   Cursor: 12/26 frames (12 detections)
2026-03-16 20:31:20,057 INFO vex_extract.cursor:   Cursor: 14/26 frames (14 detections)
2026-03-16 20:31:20,083 INFO vex_extract.cursor:   Cursor: 16/26 frames (16 detections)
2026-03-16 20:31:20,109 INFO vex_extract.cursor:   Cursor: 18/26 frames (18 detections)
2026-03-16 20:31:20,136 INFO vex_extract.cursor:   Cursor: 20/26 frames (20 detections)
2026-03-16 20:31:20,162 INFO vex_extract.cursor:   Cursor: 22/26 frames (22 detections)
2026-03-16 20:31:20,189 INFO vex_extract.cursor:   Cursor: 24/26 frames (24 detections)
2026-03-16 20:31:20,877 INFO vex_extract.cursor:   Cursor: pass 2 — 4 frames at 5.0 FPS [278712ms-280713ms]
2026-03-16 20:31:20,956 INFO vex_extract.cursor:   Cursor: 1/4 frames (1 detections)
2026-03-16 20:31:20,969 INFO vex_extract.cursor:   Cursor: 2/4 frames (2 detections)
2026-03-16 20:31:20,983 INFO vex_extract.cursor:   Cursor: 3/4 frames (3 detections)
2026-03-16 20:31:21,708 INFO vex_extract.cursor:   Cursor: pass 2 — 18 frames at 5.0 FPS [281715ms-289722ms]
2026-03-16 20:31:21,787 INFO vex_extract.cursor:   Cursor: 1/18 frames (1 detections)
2026-03-16 20:31:21,800 INFO vex_extract.cursor:   Cursor: 2/18 frames (2 detections)
2026-03-16 20:31:21,813 INFO vex_extract.cursor:   Cursor: 3/18 frames (3 detections)
2026-03-16 20:31:21,827 INFO vex_extract.cursor:   Cursor: 4/18 frames (4 detections)
2026-03-16 20:31:21,840 INFO vex_extract.cursor:   Cursor: 5/18 frames (5 detections)
2026-03-16 20:31:21,853 INFO vex_extract.cursor:   Cursor: 6/18 frames (6 detections)
2026-03-16 20:31:21,866 INFO vex_extract.cursor:   Cursor: 7/18 frames (7 detections)
2026-03-16 20:31:21,880 INFO vex_extract.cursor:   Cursor: 8/18 frames (8 detections)
2026-03-16 20:31:21,893 INFO vex_extract.cursor:   Cursor: 9/18 frames (9 detections)
2026-03-16 20:31:21,907 INFO vex_extract.cursor:   Cursor: 10/18 frames (10 detections)
2026-03-16 20:31:21,920 INFO vex_extract.cursor:   Cursor: 11/18 frames (11 detections)
2026-03-16 20:31:21,934 INFO vex_extract.cursor:   Cursor: 12/18 frames (12 detections)
2026-03-16 20:31:21,947 INFO vex_extract.cursor:   Cursor: 13/18 frames (13 detections)
2026-03-16 20:31:21,961 INFO vex_extract.cursor:   Cursor: 14/18 frames (14 detections)
2026-03-16 20:31:21,974 INFO vex_extract.cursor:   Cursor: 15/18 frames (15 detections)
2026-03-16 20:31:21,988 INFO vex_extract.cursor:   Cursor: 16/18 frames (16 detections)
2026-03-16 20:31:22,001 INFO vex_extract.cursor:   Cursor: 17/18 frames (17 detections)
2026-03-16 20:31:22,759 INFO vex_extract.cursor:   Cursor: pass 2 — 14 frames at 5.0 FPS [292726ms-297163ms]
2026-03-16 20:31:22,837 INFO vex_extract.cursor:   Cursor: 1/14 frames (1 detections)
2026-03-16 20:31:22,851 INFO vex_extract.cursor:   Cursor: 2/14 frames (2 detections)
2026-03-16 20:31:22,864 INFO vex_extract.cursor:   Cursor: 3/14 frames (3 detections)
2026-03-16 20:31:22,877 INFO vex_extract.cursor:   Cursor: 4/14 frames (4 detections)
2026-03-16 20:31:22,891 INFO vex_extract.cursor:   Cursor: 5/14 frames (5 detections)
2026-03-16 20:31:22,903 INFO vex_extract.cursor:   Cursor: 6/14 frames (6 detections)
2026-03-16 20:31:22,917 INFO vex_extract.cursor:   Cursor: 7/14 frames (7 detections)
2026-03-16 20:31:22,930 INFO vex_extract.cursor:   Cursor: 8/14 frames (8 detections)
2026-03-16 20:31:22,943 INFO vex_extract.cursor:   Cursor: 9/14 frames (9 detections)
2026-03-16 20:31:22,956 INFO vex_extract.cursor:   Cursor: 10/14 frames (10 detections)
2026-03-16 20:31:22,970 INFO vex_extract.cursor:   Cursor: 11/14 frames (11 detections)
2026-03-16 20:31:22,983 INFO vex_extract.cursor:   Cursor: 12/14 frames (12 detections)
2026-03-16 20:31:22,996 INFO vex_extract.cursor:   Cursor: 13/14 frames (13 detections)
2026-03-16 20:31:23,750 INFO vex_extract.cursor:   Cursor: pass 2 — 11 frames at 5.0 FPS [298432ms-302652ms]
2026-03-16 20:31:23,831 INFO vex_extract.cursor:   Cursor: 1/11 frames (1 detections)
2026-03-16 20:31:23,844 INFO vex_extract.cursor:   Cursor: 2/11 frames (2 detections)
2026-03-16 20:31:23,858 INFO vex_extract.cursor:   Cursor: 3/11 frames (3 detections)
2026-03-16 20:31:23,871 INFO vex_extract.cursor:   Cursor: 4/11 frames (4 detections)
2026-03-16 20:31:23,884 INFO vex_extract.cursor:   Cursor: 5/11 frames (5 detections)
2026-03-16 20:31:23,898 INFO vex_extract.cursor:   Cursor: 6/11 frames (6 detections)
2026-03-16 20:31:23,911 INFO vex_extract.cursor:   Cursor: 7/11 frames (7 detections)
2026-03-16 20:31:23,924 INFO vex_extract.cursor:   Cursor: 8/11 frames (8 detections)
2026-03-16 20:31:23,937 INFO vex_extract.cursor:   Cursor: 9/11 frames (9 detections)
2026-03-16 20:31:23,950 INFO vex_extract.cursor:   Cursor: 10/11 frames (10 detections)
2026-03-16 20:31:24,706 INFO vex_extract.cursor:   Cursor: pass 2 — 7 frames at 5.0 FPS [302653ms-306723ms]
2026-03-16 20:31:24,787 INFO vex_extract.cursor:   Cursor: 1/7 frames (1 detections)
2026-03-16 20:31:24,800 INFO vex_extract.cursor:   Cursor: 2/7 frames (2 detections)
2026-03-16 20:31:24,813 INFO vex_extract.cursor:   Cursor: 3/7 frames (3 detections)
2026-03-16 20:31:24,826 INFO vex_extract.cursor:   Cursor: 4/7 frames (4 detections)
2026-03-16 20:31:24,839 INFO vex_extract.cursor:   Cursor: 5/7 frames (5 detections)
2026-03-16 20:31:24,853 INFO vex_extract.cursor:   Cursor: 6/7 frames (6 detections)
2026-03-16 20:31:25,679 INFO vex_extract.cursor:   Cursor: pass 2 — 30 frames at 5.0 FPS [306774ms-312812ms]
2026-03-16 20:31:25,786 INFO vex_extract.cursor:   Cursor: 3/30 frames (3 detections)
2026-03-16 20:31:25,826 INFO vex_extract.cursor:   Cursor: 6/30 frames (6 detections)
2026-03-16 20:31:25,866 INFO vex_extract.cursor:   Cursor: 9/30 frames (9 detections)
2026-03-16 20:31:25,906 INFO vex_extract.cursor:   Cursor: 12/30 frames (12 detections)
2026-03-16 20:31:25,946 INFO vex_extract.cursor:   Cursor: 15/30 frames (15 detections)
2026-03-16 20:31:25,985 INFO vex_extract.cursor:   Cursor: 18/30 frames (18 detections)
2026-03-16 20:31:26,024 INFO vex_extract.cursor:   Cursor: 21/30 frames (21 detections)
2026-03-16 20:31:26,064 INFO vex_extract.cursor:   Cursor: 24/30 frames (24 detections)
2026-03-16 20:31:26,103 INFO vex_extract.cursor:   Cursor: 27/30 frames (27 detections)
2026-03-16 20:31:26,144 INFO vex_extract.cursor:   Cursor: merged 887 detections (885 detected)
2026-03-16 20:31:26,144 INFO vex_extract.cursor:   Cursor: filtering 94 static detections at (585.0, 338.0) spanning 19069ms
2026-03-16 20:31:26,144 INFO vex_extract.cursor:   Cursor: filtering 32 static detections at (1106.0, 583.0) spanning 7541ms
2026-03-16 20:31:26,144 INFO vex_extract.cursor:   Cursor: filtering 9 static detections at (499.0, 456.0) spanning 8058ms
2026-03-16 20:31:26,144 INFO vex_extract.cursor:   Cursor: filtering 4 static detections at (631.0, 242.0) spanning 3504ms
2026-03-16 20:31:26,144 INFO vex_extract.cursor:   Cursor: filtering 22 static detections at (945.0, 827.0) spanning 4872ms
2026-03-16 20:31:26,145 INFO vex_extract.cursor:   Cursor: filtering 15 static detections at (1657.0, 394.0) spanning 14298ms
2026-03-16 20:31:26,145 INFO vex_extract.cursor:   Cursor: filtering 5 static detections at (1626.0, 516.0) spanning 4154ms
2026-03-16 20:31:26,145 INFO vex_extract.cursor:   Cursor: filtering 17 static detections at (1657.0, 242.0) spanning 16934ms
2026-03-16 20:31:26,145 INFO vex_extract.cursor:   Cursor: filtering 10 static detections at (289.0, 363.0) spanning 3103ms
2026-03-16 20:31:26,145 INFO vex_extract.cursor:   Cursor: filtering 4 static detections at (793.0, 281.0) spanning 3003ms
2026-03-16 20:31:26,145 INFO vex_extract.cursor:   Cursor: filtering 5 static detections at (1252.0, 328.0) spanning 3504ms
2026-03-16 20:31:26,147 INFO vex_extract.pipeline:   Cached cursor trajectory: /Users/nic/Developer/spike-air-315-vision-processing/candidates/2026-03-14/tmp/cv/travel_expert_veronika_7476a342_cursor/cursor_trajectory.json
2026-03-16 20:31:26,147 INFO vex_extract.pipeline:   887 cursor detections (668 detected) in 38.6s
2026-03-16 20:31:26,148 INFO vex_extract.pipeline: Step 3: Computing optical flow...
2026-03-16 20:31:27,138 INFO vex_extract.flow:   Flow: computing across 513 frame pairs...
2026-03-16 20:31:28,722 INFO vex_extract.pipeline:   Cached flow windows: /Users/nic/Developer/spike-air-315-vision-processing/candidates/2026-03-14/tmp/cv/travel_expert_veronika_bb5a87ef_7476a342_flow/flow_windows.json
2026-03-16 20:31:28,722 INFO vex_extract.pipeline:   405 flow windows in 2.6s
2026-03-16 20:31:28,723 INFO vex_extract.pipeline: Step 4: Creating video segments...
2026-03-16 20:31:28,723 INFO vex_extract.pipeline:   5 segments
2026-03-16 20:31:28,723 INFO vex_extract.pipeline:   Segment 0: cached
2026-03-16 20:31:28,723 INFO vex_extract.pipeline:   Segment 1: cached
2026-03-16 20:31:28,723 INFO vex_extract.pipeline:   Segment 2: cached
2026-03-16 20:31:28,723 INFO vex_extract.pipeline:   Segment 3: cached
2026-03-16 20:31:28,723 INFO vex_extract.pipeline:   Segment 4: cached
2026-03-16 20:31:28,723 INFO vex_extract.pipeline: Step 5: Preparing prompts...
2026-03-16 20:31:28,724 INFO vex_extract.analysis: Segment 0: prompt prepared (12584 chars)
2026-03-16 20:31:28,724 INFO vex_extract.analysis: Segment 1: prompt prepared (11743 chars)
2026-03-16 20:31:28,725 INFO vex_extract.analysis: Segment 2: prompt prepared (10597 chars)
2026-03-16 20:31:28,725 INFO vex_extract.analysis: Segment 3: prompt prepared (10660 chars)
2026-03-16 20:31:28,726 INFO vex_extract.analysis: Segment 4: prompt prepared (11599 chars)
2026-03-16 20:31:28,726 INFO vex_extract.pipeline:   5 prompts prepared
2026-03-16 20:31:28,726 INFO vex_extract.pipeline: Stopped after: prompt
