2026-03-16 20:27:22,661 INFO vex_extract.pipeline: === Video Event Extractor ===
2026-03-16 20:27:22,661 INFO vex_extract.pipeline: Video: /Users/nic/Developer/spike-air-315-vision-processing/input_data/screen_tracks/cfs_home_loan_sasha.mp4
2026-03-16 20:27:22,661 INFO vex_extract.pipeline: Offset: 0 ms
2026-03-16 20:27:22,662 INFO vex_extract.pipeline: Run ID: 2026-03-16_102722
2026-03-16 20:27:22,662 INFO vex_extract.pipeline: Stop after: prompt
2026-03-16 20:27:22,662 INFO vex_extract.pipeline: Step 1: Normalizing video...
2026-03-16 20:27:22,662 INFO vex_extract.pipeline:   Using cached normalized video: /Users/nic/Developer/spike-air-315-vision-processing/candidates/2026-03-14/tmp/cfs_home_loan_sasha_normalized.mp4
2026-03-16 20:27:22,688 INFO vex_extract.pipeline:   Duration: 549.8s, 1912x1084, 30.0 fps
2026-03-16 20:27:22,688 INFO vex_extract.pipeline: Step 2: Tracking cursor...
2026-03-16 20:27:28,072 INFO vex_extract.cursor:   Cursor: pass 1 — matching 1100 frames at 2.0 FPS against 6 templates x 7 scales at 540p...
2026-03-16 20:27:30,399 INFO vex_extract.cursor:   Cursor: 110/1100 frames (108 detections)
2026-03-16 20:27:31,867 INFO vex_extract.cursor:   Cursor: 220/1100 frames (218 detections)
2026-03-16 20:27:33,946 INFO vex_extract.cursor:   Cursor: 330/1100 frames (327 detections)
2026-03-16 20:27:35,437 INFO vex_extract.cursor:   Cursor: 440/1100 frames (437 detections)
2026-03-16 20:27:36,911 INFO vex_extract.cursor:   Cursor: 550/1100 frames (547 detections)
2026-03-16 20:27:38,423 INFO vex_extract.cursor:   Cursor: 660/1100 frames (657 detections)
2026-03-16 20:27:39,890 INFO vex_extract.cursor:   Cursor: 770/1100 frames (767 detections)
2026-03-16 20:27:41,358 INFO vex_extract.cursor:   Cursor: 880/1100 frames (877 detections)
2026-03-16 20:27:43,129 INFO vex_extract.cursor:   Cursor: 990/1100 frames (987 detections)
2026-03-16 20:27:44,664 INFO vex_extract.cursor:   Cursor: calibrated to scales (0.3, 0.4) from coarse pass
2026-03-16 20:27:44,665 INFO vex_extract.cursor:   Cursor: 60 active regions identified
2026-03-16 20:27:44,772 INFO vex_extract.cursor:   Cursor: pass 2 — 25 frames at 4.0 FPS [3000ms-9500ms]
2026-03-16 20:27:44,863 INFO vex_extract.cursor:   Cursor: 2/25 frames (2 detections)
2026-03-16 20:27:44,889 INFO vex_extract.cursor:   Cursor: 4/25 frames (4 detections)
2026-03-16 20:27:44,916 INFO vex_extract.cursor:   Cursor: 6/25 frames (6 detections)
2026-03-16 20:27:44,942 INFO vex_extract.cursor:   Cursor: 8/25 frames (8 detections)
2026-03-16 20:27:44,968 INFO vex_extract.cursor:   Cursor: 10/25 frames (10 detections)
2026-03-16 20:27:44,995 INFO vex_extract.cursor:   Cursor: 12/25 frames (12 detections)
2026-03-16 20:27:45,021 INFO vex_extract.cursor:   Cursor: 14/25 frames (14 detections)
2026-03-16 20:27:45,048 INFO vex_extract.cursor:   Cursor: 16/25 frames (16 detections)
2026-03-16 20:27:45,074 INFO vex_extract.cursor:   Cursor: 18/25 frames (18 detections)
2026-03-16 20:27:45,100 INFO vex_extract.cursor:   Cursor: 20/25 frames (20 detections)
2026-03-16 20:27:45,126 INFO vex_extract.cursor:   Cursor: 22/25 frames (22 detections)
2026-03-16 20:27:45,153 INFO vex_extract.cursor:   Cursor: 24/25 frames (24 detections)
2026-03-16 20:27:45,237 INFO vex_extract.cursor:   Cursor: pass 2 — 6 frames at 4.0 FPS [11500ms-13000ms]
2026-03-16 20:27:45,316 INFO vex_extract.cursor:   Cursor: 1/6 frames (1 detections)
2026-03-16 20:27:45,329 INFO vex_extract.cursor:   Cursor: 2/6 frames (2 detections)
2026-03-16 20:27:45,342 INFO vex_extract.cursor:   Cursor: 3/6 frames (3 detections)
2026-03-16 20:27:45,355 INFO vex_extract.cursor:   Cursor: 4/6 frames (4 detections)
2026-03-16 20:27:45,368 INFO vex_extract.cursor:   Cursor: 5/6 frames (5 detections)
2026-03-16 20:27:45,515 INFO vex_extract.cursor:   Cursor: pass 2 — 6 frames at 4.0 FPS [28000ms-29500ms]
2026-03-16 20:27:45,594 INFO vex_extract.cursor:   Cursor: 1/6 frames (1 detections)
2026-03-16 20:27:45,607 INFO vex_extract.cursor:   Cursor: 2/6 frames (2 detections)
2026-03-16 20:27:45,620 INFO vex_extract.cursor:   Cursor: 3/6 frames (3 detections)
2026-03-16 20:27:45,634 INFO vex_extract.cursor:   Cursor: 4/6 frames (4 detections)
2026-03-16 20:27:45,647 INFO vex_extract.cursor:   Cursor: 5/6 frames (5 detections)
2026-03-16 20:27:45,821 INFO vex_extract.cursor:   Cursor: pass 2 — 6 frames at 4.0 FPS [36500ms-38000ms]
2026-03-16 20:27:45,901 INFO vex_extract.cursor:   Cursor: 1/6 frames (1 detections)
2026-03-16 20:27:45,915 INFO vex_extract.cursor:   Cursor: 2/6 frames (2 detections)
2026-03-16 20:27:45,928 INFO vex_extract.cursor:   Cursor: 3/6 frames (3 detections)
2026-03-16 20:27:45,941 INFO vex_extract.cursor:   Cursor: 4/6 frames (4 detections)
2026-03-16 20:27:45,954 INFO vex_extract.cursor:   Cursor: 5/6 frames (5 detections)
2026-03-16 20:27:46,165 INFO vex_extract.cursor:   Cursor: pass 2 — 6 frames at 4.0 FPS [45000ms-46500ms]
2026-03-16 20:27:46,245 INFO vex_extract.cursor:   Cursor: 1/6 frames (1 detections)
2026-03-16 20:27:46,258 INFO vex_extract.cursor:   Cursor: 2/6 frames (2 detections)
2026-03-16 20:27:46,271 INFO vex_extract.cursor:   Cursor: 3/6 frames (3 detections)
2026-03-16 20:27:46,284 INFO vex_extract.cursor:   Cursor: 4/6 frames (4 detections)
2026-03-16 20:27:46,297 INFO vex_extract.cursor:   Cursor: 5/6 frames (5 detections)
2026-03-16 20:27:46,517 INFO vex_extract.cursor:   Cursor: pass 2 — 6 frames at 4.0 FPS [47000ms-48500ms]
2026-03-16 20:27:46,597 INFO vex_extract.cursor:   Cursor: 1/6 frames (1 detections)
2026-03-16 20:27:46,610 INFO vex_extract.cursor:   Cursor: 2/6 frames (2 detections)
2026-03-16 20:27:46,623 INFO vex_extract.cursor:   Cursor: 3/6 frames (3 detections)
2026-03-16 20:27:46,637 INFO vex_extract.cursor:   Cursor: 4/6 frames (4 detections)
2026-03-16 20:27:46,649 INFO vex_extract.cursor:   Cursor: 5/6 frames (5 detections)
2026-03-16 20:27:46,942 INFO vex_extract.cursor:   Cursor: pass 2 — 21 frames at 4.0 FPS [53000ms-58500ms]
2026-03-16 20:27:47,035 INFO vex_extract.cursor:   Cursor: 2/21 frames (2 detections)
2026-03-16 20:27:47,061 INFO vex_extract.cursor:   Cursor: 4/21 frames (4 detections)
2026-03-16 20:27:47,087 INFO vex_extract.cursor:   Cursor: 6/21 frames (6 detections)
2026-03-16 20:27:47,113 INFO vex_extract.cursor:   Cursor: 8/21 frames (8 detections)
2026-03-16 20:27:47,139 INFO vex_extract.cursor:   Cursor: 10/21 frames (10 detections)
2026-03-16 20:27:47,166 INFO vex_extract.cursor:   Cursor: 12/21 frames (12 detections)
2026-03-16 20:27:47,192 INFO vex_extract.cursor:   Cursor: 14/21 frames (14 detections)
2026-03-16 20:27:47,218 INFO vex_extract.cursor:   Cursor: 16/21 frames (16 detections)
2026-03-16 20:27:47,245 INFO vex_extract.cursor:   Cursor: 18/21 frames (18 detections)
2026-03-16 20:27:47,271 INFO vex_extract.cursor:   Cursor: 20/21 frames (20 detections)
2026-03-16 20:27:47,604 INFO vex_extract.cursor:   Cursor: pass 2 — 6 frames at 4.0 FPS [76000ms-77500ms]
2026-03-16 20:27:47,684 INFO vex_extract.cursor:   Cursor: 1/6 frames (1 detections)
2026-03-16 20:27:47,697 INFO vex_extract.cursor:   Cursor: 2/6 frames (2 detections)
2026-03-16 20:27:47,710 INFO vex_extract.cursor:   Cursor: 3/6 frames (3 detections)
2026-03-16 20:27:47,723 INFO vex_extract.cursor:   Cursor: 4/6 frames (4 detections)
2026-03-16 20:27:47,736 INFO vex_extract.cursor:   Cursor: 5/6 frames (5 detections)
2026-03-16 20:27:48,309 INFO vex_extract.cursor:   Cursor: pass 2 — 12 frames at 4.0 FPS [121000ms-124000ms]
2026-03-16 20:27:48,390 INFO vex_extract.cursor:   Cursor: 1/12 frames (1 detections)
2026-03-16 20:27:48,404 INFO vex_extract.cursor:   Cursor: 2/12 frames (2 detections)
2026-03-16 20:27:48,417 INFO vex_extract.cursor:   Cursor: 3/12 frames (3 detections)
2026-03-16 20:27:48,431 INFO vex_extract.cursor:   Cursor: 4/12 frames (4 detections)
2026-03-16 20:27:48,444 INFO vex_extract.cursor:   Cursor: 5/12 frames (5 detections)
2026-03-16 20:27:48,458 INFO vex_extract.cursor:   Cursor: 6/12 frames (6 detections)
2026-03-16 20:27:48,471 INFO vex_extract.cursor:   Cursor: 7/12 frames (7 detections)
2026-03-16 20:27:48,484 INFO vex_extract.cursor:   Cursor: 8/12 frames (8 detections)
2026-03-16 20:27:48,498 INFO vex_extract.cursor:   Cursor: 9/12 frames (9 detections)
2026-03-16 20:27:48,511 INFO vex_extract.cursor:   Cursor: 10/12 frames (10 detections)
2026-03-16 20:27:48,525 INFO vex_extract.cursor:   Cursor: 11/12 frames (11 detections)
2026-03-16 20:27:49,095 INFO vex_extract.cursor:   Cursor: pass 2 — 6 frames at 4.0 FPS [124500ms-126000ms]
2026-03-16 20:27:49,175 INFO vex_extract.cursor:   Cursor: 1/6 frames (1 detections)
2026-03-16 20:27:49,189 INFO vex_extract.cursor:   Cursor: 2/6 frames (2 detections)
2026-03-16 20:27:49,202 INFO vex_extract.cursor:   Cursor: 3/6 frames (3 detections)
2026-03-16 20:27:49,215 INFO vex_extract.cursor:   Cursor: 4/6 frames (4 detections)
2026-03-16 20:27:49,229 INFO vex_extract.cursor:   Cursor: 5/6 frames (5 detections)
2026-03-16 20:27:49,814 INFO vex_extract.cursor:   Cursor: pass 2 — 8 frames at 4.0 FPS [126500ms-128500ms]
2026-03-16 20:27:49,895 INFO vex_extract.cursor:   Cursor: 1/8 frames (1 detections)
2026-03-16 20:27:49,908 INFO vex_extract.cursor:   Cursor: 2/8 frames (2 detections)
2026-03-16 20:27:49,922 INFO vex_extract.cursor:   Cursor: 3/8 frames (3 detections)
2026-03-16 20:27:49,935 INFO vex_extract.cursor:   Cursor: 4/8 frames (4 detections)
2026-03-16 20:27:49,949 INFO vex_extract.cursor:   Cursor: 5/8 frames (5 detections)
2026-03-16 20:27:49,962 INFO vex_extract.cursor:   Cursor: 6/8 frames (6 detections)
2026-03-16 20:27:49,976 INFO vex_extract.cursor:   Cursor: 7/8 frames (7 detections)
2026-03-16 20:27:50,580 INFO vex_extract.cursor:   Cursor: pass 2 — 8 frames at 4.0 FPS [131000ms-133000ms]
2026-03-16 20:27:50,661 INFO vex_extract.cursor:   Cursor: 1/8 frames (1 detections)
2026-03-16 20:27:50,674 INFO vex_extract.cursor:   Cursor: 2/8 frames (2 detections)
2026-03-16 20:27:50,688 INFO vex_extract.cursor:   Cursor: 3/8 frames (3 detections)
2026-03-16 20:27:50,701 INFO vex_extract.cursor:   Cursor: 4/8 frames (4 detections)
2026-03-16 20:27:50,715 INFO vex_extract.cursor:   Cursor: 5/8 frames (5 detections)
2026-03-16 20:27:50,728 INFO vex_extract.cursor:   Cursor: 6/8 frames (6 detections)
2026-03-16 20:27:50,742 INFO vex_extract.cursor:   Cursor: 7/8 frames (7 detections)
2026-03-16 20:27:51,392 INFO vex_extract.cursor:   Cursor: pass 2 — 16 frames at 4.0 FPS [133500ms-137500ms]
2026-03-16 20:27:51,472 INFO vex_extract.cursor:   Cursor: 1/16 frames (1 detections)
2026-03-16 20:27:51,485 INFO vex_extract.cursor:   Cursor: 2/16 frames (2 detections)
2026-03-16 20:27:51,498 INFO vex_extract.cursor:   Cursor: 3/16 frames (3 detections)
2026-03-16 20:27:51,512 INFO vex_extract.cursor:   Cursor: 4/16 frames (4 detections)
2026-03-16 20:27:51,525 INFO vex_extract.cursor:   Cursor: 5/16 frames (5 detections)
2026-03-16 20:27:51,538 INFO vex_extract.cursor:   Cursor: 6/16 frames (6 detections)
2026-03-16 20:27:51,552 INFO vex_extract.cursor:   Cursor: 7/16 frames (7 detections)
2026-03-16 20:27:51,565 INFO vex_extract.cursor:   Cursor: 8/16 frames (8 detections)
2026-03-16 20:27:51,578 INFO vex_extract.cursor:   Cursor: 9/16 frames (9 detections)
2026-03-16 20:27:51,591 INFO vex_extract.cursor:   Cursor: 10/16 frames (10 detections)
2026-03-16 20:27:51,605 INFO vex_extract.cursor:   Cursor: 11/16 frames (11 detections)
2026-03-16 20:27:51,618 INFO vex_extract.cursor:   Cursor: 12/16 frames (12 detections)
2026-03-16 20:27:51,632 INFO vex_extract.cursor:   Cursor: 13/16 frames (13 detections)
2026-03-16 20:27:51,645 INFO vex_extract.cursor:   Cursor: 14/16 frames (14 detections)
2026-03-16 20:27:51,658 INFO vex_extract.cursor:   Cursor: 15/16 frames (15 detections)
2026-03-16 20:27:52,344 INFO vex_extract.cursor:   Cursor: pass 2 — 19 frames at 4.0 FPS [138000ms-143000ms]
2026-03-16 20:27:52,424 INFO vex_extract.cursor:   Cursor: 1/19 frames (1 detections)
2026-03-16 20:27:52,437 INFO vex_extract.cursor:   Cursor: 2/19 frames (2 detections)
2026-03-16 20:27:52,451 INFO vex_extract.cursor:   Cursor: 3/19 frames (3 detections)
2026-03-16 20:27:52,464 INFO vex_extract.cursor:   Cursor: 4/19 frames (4 detections)
2026-03-16 20:27:52,477 INFO vex_extract.cursor:   Cursor: 5/19 frames (5 detections)
2026-03-16 20:27:52,490 INFO vex_extract.cursor:   Cursor: 6/19 frames (6 detections)
2026-03-16 20:27:52,504 INFO vex_extract.cursor:   Cursor: 7/19 frames (7 detections)
2026-03-16 20:27:52,517 INFO vex_extract.cursor:   Cursor: 8/19 frames (8 detections)
2026-03-16 20:27:52,532 INFO vex_extract.cursor:   Cursor: 9/19 frames (9 detections)
2026-03-16 20:27:52,546 INFO vex_extract.cursor:   Cursor: 10/19 frames (10 detections)
2026-03-16 20:27:52,559 INFO vex_extract.cursor:   Cursor: 11/19 frames (11 detections)
2026-03-16 20:27:52,572 INFO vex_extract.cursor:   Cursor: 12/19 frames (12 detections)
2026-03-16 20:27:52,585 INFO vex_extract.cursor:   Cursor: 13/19 frames (13 detections)
2026-03-16 20:27:52,599 INFO vex_extract.cursor:   Cursor: 14/19 frames (14 detections)
2026-03-16 20:27:52,612 INFO vex_extract.cursor:   Cursor: 15/19 frames (15 detections)
2026-03-16 20:27:52,705 INFO vex_extract.cursor:   Cursor: 16/19 frames (15 detections)
2026-03-16 20:27:52,783 INFO vex_extract.cursor:   Cursor: 17/19 frames (16 detections)
2026-03-16 20:27:52,797 INFO vex_extract.cursor:   Cursor: 18/19 frames (17 detections)
2026-03-16 20:27:53,479 INFO vex_extract.cursor:   Cursor: pass 2 — 6 frames at 4.0 FPS [149000ms-150500ms]
2026-03-16 20:27:53,559 INFO vex_extract.cursor:   Cursor: 1/6 frames (1 detections)
2026-03-16 20:27:53,573 INFO vex_extract.cursor:   Cursor: 2/6 frames (2 detections)
2026-03-16 20:27:53,586 INFO vex_extract.cursor:   Cursor: 3/6 frames (3 detections)
2026-03-16 20:27:53,599 INFO vex_extract.cursor:   Cursor: 4/6 frames (4 detections)
2026-03-16 20:27:53,612 INFO vex_extract.cursor:   Cursor: 5/6 frames (5 detections)
2026-03-16 20:27:54,304 INFO vex_extract.cursor:   Cursor: pass 2 — 6 frames at 4.0 FPS [152500ms-154000ms]
2026-03-16 20:27:54,383 INFO vex_extract.cursor:   Cursor: 1/6 frames (1 detections)
2026-03-16 20:27:54,396 INFO vex_extract.cursor:   Cursor: 2/6 frames (2 detections)
2026-03-16 20:27:54,410 INFO vex_extract.cursor:   Cursor: 3/6 frames (3 detections)
2026-03-16 20:27:54,423 INFO vex_extract.cursor:   Cursor: 4/6 frames (4 detections)
2026-03-16 20:27:54,436 INFO vex_extract.cursor:   Cursor: 5/6 frames (5 detections)
2026-03-16 20:27:55,248 INFO vex_extract.cursor:   Cursor: pass 2 — 19 frames at 4.0 FPS [175500ms-180500ms]
2026-03-16 20:27:55,328 INFO vex_extract.cursor:   Cursor: 1/19 frames (1 detections)
2026-03-16 20:27:55,341 INFO vex_extract.cursor:   Cursor: 2/19 frames (2 detections)
2026-03-16 20:27:55,354 INFO vex_extract.cursor:   Cursor: 3/19 frames (3 detections)
2026-03-16 20:27:55,368 INFO vex_extract.cursor:   Cursor: 4/19 frames (4 detections)
2026-03-16 20:27:55,381 INFO vex_extract.cursor:   Cursor: 5/19 frames (5 detections)
2026-03-16 20:27:55,394 INFO vex_extract.cursor:   Cursor: 6/19 frames (6 detections)
2026-03-16 20:27:55,407 INFO vex_extract.cursor:   Cursor: 7/19 frames (7 detections)
2026-03-16 20:27:55,420 INFO vex_extract.cursor:   Cursor: 8/19 frames (8 detections)
2026-03-16 20:27:55,433 INFO vex_extract.cursor:   Cursor: 9/19 frames (9 detections)
2026-03-16 20:27:55,447 INFO vex_extract.cursor:   Cursor: 10/19 frames (10 detections)
2026-03-16 20:27:55,460 INFO vex_extract.cursor:   Cursor: 11/19 frames (11 detections)
2026-03-16 20:27:55,473 INFO vex_extract.cursor:   Cursor: 12/19 frames (12 detections)
2026-03-16 20:27:55,486 INFO vex_extract.cursor:   Cursor: 13/19 frames (13 detections)
2026-03-16 20:27:55,499 INFO vex_extract.cursor:   Cursor: 14/19 frames (14 detections)
2026-03-16 20:27:55,513 INFO vex_extract.cursor:   Cursor: 15/19 frames (15 detections)
2026-03-16 20:27:55,526 INFO vex_extract.cursor:   Cursor: 16/19 frames (16 detections)
2026-03-16 20:27:55,539 INFO vex_extract.cursor:   Cursor: 17/19 frames (17 detections)
2026-03-16 20:27:55,552 INFO vex_extract.cursor:   Cursor: 18/19 frames (18 detections)
2026-03-16 20:27:56,365 INFO vex_extract.cursor:   Cursor: pass 2 — 10 frames at 4.0 FPS [185000ms-187500ms]
2026-03-16 20:27:56,444 INFO vex_extract.cursor:   Cursor: 1/10 frames (1 detections)
2026-03-16 20:27:56,457 INFO vex_extract.cursor:   Cursor: 2/10 frames (2 detections)
2026-03-16 20:27:56,470 INFO vex_extract.cursor:   Cursor: 3/10 frames (3 detections)
2026-03-16 20:27:56,484 INFO vex_extract.cursor:   Cursor: 4/10 frames (4 detections)
2026-03-16 20:27:56,497 INFO vex_extract.cursor:   Cursor: 5/10 frames (5 detections)
2026-03-16 20:27:56,510 INFO vex_extract.cursor:   Cursor: 6/10 frames (6 detections)
2026-03-16 20:27:56,523 INFO vex_extract.cursor:   Cursor: 7/10 frames (7 detections)
2026-03-16 20:27:56,537 INFO vex_extract.cursor:   Cursor: 8/10 frames (8 detections)
2026-03-16 20:27:56,550 INFO vex_extract.cursor:   Cursor: 9/10 frames (9 detections)
2026-03-16 20:27:57,394 INFO vex_extract.cursor:   Cursor: pass 2 — 14 frames at 4.0 FPS [189000ms-192500ms]
2026-03-16 20:27:57,475 INFO vex_extract.cursor:   Cursor: 1/14 frames (1 detections)
2026-03-16 20:27:57,488 INFO vex_extract.cursor:   Cursor: 2/14 frames (2 detections)
2026-03-16 20:27:57,502 INFO vex_extract.cursor:   Cursor: 3/14 frames (3 detections)
2026-03-16 20:27:57,514 INFO vex_extract.cursor:   Cursor: 4/14 frames (4 detections)
2026-03-16 20:27:57,528 INFO vex_extract.cursor:   Cursor: 5/14 frames (5 detections)
2026-03-16 20:27:57,541 INFO vex_extract.cursor:   Cursor: 6/14 frames (6 detections)
2026-03-16 20:27:57,554 INFO vex_extract.cursor:   Cursor: 7/14 frames (7 detections)
2026-03-16 20:27:57,568 INFO vex_extract.cursor:   Cursor: 8/14 frames (8 detections)
2026-03-16 20:27:57,581 INFO vex_extract.cursor:   Cursor: 9/14 frames (9 detections)
2026-03-16 20:27:57,594 INFO vex_extract.cursor:   Cursor: 10/14 frames (10 detections)
2026-03-16 20:27:57,607 INFO vex_extract.cursor:   Cursor: 11/14 frames (11 detections)
2026-03-16 20:27:57,699 INFO vex_extract.cursor:   Cursor: 12/14 frames (12 detections)
2026-03-16 20:27:57,712 INFO vex_extract.cursor:   Cursor: 13/14 frames (13 detections)
2026-03-16 20:27:58,573 INFO vex_extract.cursor:   Cursor: pass 2 — 6 frames at 4.0 FPS [197000ms-198500ms]
2026-03-16 20:27:58,654 INFO vex_extract.cursor:   Cursor: 1/6 frames (1 detections)
2026-03-16 20:27:58,667 INFO vex_extract.cursor:   Cursor: 2/6 frames (2 detections)
2026-03-16 20:27:58,681 INFO vex_extract.cursor:   Cursor: 3/6 frames (3 detections)
2026-03-16 20:27:58,694 INFO vex_extract.cursor:   Cursor: 4/6 frames (4 detections)
2026-03-16 20:27:58,707 INFO vex_extract.cursor:   Cursor: 5/6 frames (5 detections)
2026-03-16 20:27:59,593 INFO vex_extract.cursor:   Cursor: pass 2 — 8 frames at 4.0 FPS [201500ms-203500ms]
2026-03-16 20:27:59,672 INFO vex_extract.cursor:   Cursor: 1/8 frames (1 detections)
2026-03-16 20:27:59,685 INFO vex_extract.cursor:   Cursor: 2/8 frames (2 detections)
2026-03-16 20:27:59,698 INFO vex_extract.cursor:   Cursor: 3/8 frames (3 detections)
2026-03-16 20:27:59,712 INFO vex_extract.cursor:   Cursor: 4/8 frames (4 detections)
2026-03-16 20:27:59,725 INFO vex_extract.cursor:   Cursor: 5/8 frames (5 detections)
2026-03-16 20:27:59,738 INFO vex_extract.cursor:   Cursor: 6/8 frames (6 detections)
2026-03-16 20:27:59,751 INFO vex_extract.cursor:   Cursor: 7/8 frames (7 detections)
2026-03-16 20:28:00,748 INFO vex_extract.cursor:   Cursor: pass 2 — 27 frames at 4.0 FPS [207000ms-214000ms]
2026-03-16 20:28:00,841 INFO vex_extract.cursor:   Cursor: 2/27 frames (2 detections)
2026-03-16 20:28:00,867 INFO vex_extract.cursor:   Cursor: 4/27 frames (4 detections)
2026-03-16 20:28:00,894 INFO vex_extract.cursor:   Cursor: 6/27 frames (6 detections)
2026-03-16 20:28:00,920 INFO vex_extract.cursor:   Cursor: 8/27 frames (8 detections)
2026-03-16 20:28:00,947 INFO vex_extract.cursor:   Cursor: 10/27 frames (10 detections)
2026-03-16 20:28:00,974 INFO vex_extract.cursor:   Cursor: 12/27 frames (12 detections)
2026-03-16 20:28:01,001 INFO vex_extract.cursor:   Cursor: 14/27 frames (14 detections)
2026-03-16 20:28:01,027 INFO vex_extract.cursor:   Cursor: 16/27 frames (16 detections)
2026-03-16 20:28:01,053 INFO vex_extract.cursor:   Cursor: 18/27 frames (18 detections)
2026-03-16 20:28:01,080 INFO vex_extract.cursor:   Cursor: 20/27 frames (20 detections)
2026-03-16 20:28:01,106 INFO vex_extract.cursor:   Cursor: 22/27 frames (22 detections)
2026-03-16 20:28:01,133 INFO vex_extract.cursor:   Cursor: 24/27 frames (24 detections)
2026-03-16 20:28:01,159 INFO vex_extract.cursor:   Cursor: 26/27 frames (26 detections)
2026-03-16 20:28:02,196 INFO vex_extract.cursor:   Cursor: pass 2 — 25 frames at 4.0 FPS [214500ms-221000ms]
2026-03-16 20:28:02,290 INFO vex_extract.cursor:   Cursor: 2/25 frames (2 detections)
2026-03-16 20:28:02,317 INFO vex_extract.cursor:   Cursor: 4/25 frames (4 detections)
2026-03-16 20:28:02,342 INFO vex_extract.cursor:   Cursor: 6/25 frames (6 detections)
2026-03-16 20:28:02,369 INFO vex_extract.cursor:   Cursor: 8/25 frames (8 detections)
2026-03-16 20:28:02,396 INFO vex_extract.cursor:   Cursor: 10/25 frames (10 detections)
2026-03-16 20:28:02,422 INFO vex_extract.cursor:   Cursor: 12/25 frames (12 detections)
2026-03-16 20:28:02,449 INFO vex_extract.cursor:   Cursor: 14/25 frames (14 detections)
2026-03-16 20:28:02,476 INFO vex_extract.cursor:   Cursor: 16/25 frames (16 detections)
2026-03-16 20:28:02,503 INFO vex_extract.cursor:   Cursor: 18/25 frames (18 detections)
2026-03-16 20:28:02,530 INFO vex_extract.cursor:   Cursor: 20/25 frames (20 detections)
2026-03-16 20:28:02,556 INFO vex_extract.cursor:   Cursor: 22/25 frames (22 detections)
2026-03-16 20:28:02,583 INFO vex_extract.cursor:   Cursor: 24/25 frames (24 detections)
2026-03-16 20:28:03,595 INFO vex_extract.cursor:   Cursor: pass 2 — 6 frames at 4.0 FPS [224500ms-226000ms]
2026-03-16 20:28:03,674 INFO vex_extract.cursor:   Cursor: 1/6 frames (1 detections)
2026-03-16 20:28:03,688 INFO vex_extract.cursor:   Cursor: 2/6 frames (2 detections)
2026-03-16 20:28:03,701 INFO vex_extract.cursor:   Cursor: 3/6 frames (3 detections)
2026-03-16 20:28:03,715 INFO vex_extract.cursor:   Cursor: 4/6 frames (4 detections)
2026-03-16 20:28:03,728 INFO vex_extract.cursor:   Cursor: 5/6 frames (5 detections)
2026-03-16 20:28:04,815 INFO vex_extract.cursor:   Cursor: pass 2 — 23 frames at 4.0 FPS [228000ms-234000ms]
2026-03-16 20:28:04,909 INFO vex_extract.cursor:   Cursor: 2/23 frames (2 detections)
2026-03-16 20:28:04,935 INFO vex_extract.cursor:   Cursor: 4/23 frames (4 detections)
2026-03-16 20:28:04,962 INFO vex_extract.cursor:   Cursor: 6/23 frames (6 detections)
2026-03-16 20:28:04,989 INFO vex_extract.cursor:   Cursor: 8/23 frames (8 detections)
2026-03-16 20:28:05,015 INFO vex_extract.cursor:   Cursor: 10/23 frames (10 detections)
2026-03-16 20:28:05,042 INFO vex_extract.cursor:   Cursor: 12/23 frames (12 detections)
2026-03-16 20:28:05,068 INFO vex_extract.cursor:   Cursor: 14/23 frames (14 detections)
2026-03-16 20:28:05,094 INFO vex_extract.cursor:   Cursor: 16/23 frames (16 detections)
2026-03-16 20:28:05,121 INFO vex_extract.cursor:   Cursor: 18/23 frames (18 detections)
2026-03-16 20:28:05,141 INFO vex_extract.cursor:   Cursor: 20/23 frames (20 detections)
2026-03-16 20:28:05,168 INFO vex_extract.cursor:   Cursor: 22/23 frames (22 detections)
2026-03-16 20:28:06,243 INFO vex_extract.cursor:   Cursor: pass 2 — 6 frames at 4.0 FPS [237000ms-238500ms]
2026-03-16 20:28:06,323 INFO vex_extract.cursor:   Cursor: 1/6 frames (1 detections)
2026-03-16 20:28:06,337 INFO vex_extract.cursor:   Cursor: 2/6 frames (2 detections)
2026-03-16 20:28:06,351 INFO vex_extract.cursor:   Cursor: 3/6 frames (3 detections)
2026-03-16 20:28:06,365 INFO vex_extract.cursor:   Cursor: 4/6 frames (4 detections)
2026-03-16 20:28:06,379 INFO vex_extract.cursor:   Cursor: 5/6 frames (5 detections)
2026-03-16 20:28:07,481 INFO vex_extract.cursor:   Cursor: pass 2 — 6 frames at 4.0 FPS [243500ms-245000ms]
2026-03-16 20:28:07,560 INFO vex_extract.cursor:   Cursor: 1/6 frames (1 detections)
2026-03-16 20:28:07,573 INFO vex_extract.cursor:   Cursor: 2/6 frames (2 detections)
2026-03-16 20:28:07,587 INFO vex_extract.cursor:   Cursor: 3/6 frames (3 detections)
2026-03-16 20:28:07,600 INFO vex_extract.cursor:   Cursor: 4/6 frames (4 detections)
2026-03-16 20:28:07,613 INFO vex_extract.cursor:   Cursor: 5/6 frames (5 detections)
2026-03-16 20:28:08,826 INFO vex_extract.cursor:   Cursor: pass 2 — 29 frames at 4.0 FPS [248500ms-256000ms]
2026-03-16 20:28:08,920 INFO vex_extract.cursor:   Cursor: 2/29 frames (2 detections)
2026-03-16 20:28:08,946 INFO vex_extract.cursor:   Cursor: 4/29 frames (4 detections)
2026-03-16 20:28:08,973 INFO vex_extract.cursor:   Cursor: 6/29 frames (6 detections)
2026-03-16 20:28:09,000 INFO vex_extract.cursor:   Cursor: 8/29 frames (8 detections)
2026-03-16 20:28:09,026 INFO vex_extract.cursor:   Cursor: 10/29 frames (10 detections)
2026-03-16 20:28:09,053 INFO vex_extract.cursor:   Cursor: 12/29 frames (12 detections)
2026-03-16 20:28:09,080 INFO vex_extract.cursor:   Cursor: 14/29 frames (14 detections)
2026-03-16 20:28:09,107 INFO vex_extract.cursor:   Cursor: 16/29 frames (16 detections)
2026-03-16 20:28:09,133 INFO vex_extract.cursor:   Cursor: 18/29 frames (18 detections)
2026-03-16 20:28:09,160 INFO vex_extract.cursor:   Cursor: 20/29 frames (20 detections)
2026-03-16 20:28:09,187 INFO vex_extract.cursor:   Cursor: 22/29 frames (22 detections)
2026-03-16 20:28:09,213 INFO vex_extract.cursor:   Cursor: 24/29 frames (24 detections)
2026-03-16 20:28:09,240 INFO vex_extract.cursor:   Cursor: 26/29 frames (26 detections)
2026-03-16 20:28:09,267 INFO vex_extract.cursor:   Cursor: 28/29 frames (28 detections)
2026-03-16 20:28:10,467 INFO vex_extract.cursor:   Cursor: pass 2 — 10 frames at 4.0 FPS [258500ms-261000ms]
2026-03-16 20:28:10,547 INFO vex_extract.cursor:   Cursor: 1/10 frames (1 detections)
2026-03-16 20:28:10,561 INFO vex_extract.cursor:   Cursor: 2/10 frames (2 detections)
2026-03-16 20:28:10,574 INFO vex_extract.cursor:   Cursor: 3/10 frames (3 detections)
2026-03-16 20:28:10,588 INFO vex_extract.cursor:   Cursor: 4/10 frames (4 detections)
2026-03-16 20:28:10,601 INFO vex_extract.cursor:   Cursor: 5/10 frames (5 detections)
2026-03-16 20:28:10,615 INFO vex_extract.cursor:   Cursor: 6/10 frames (6 detections)
2026-03-16 20:28:10,628 INFO vex_extract.cursor:   Cursor: 7/10 frames (7 detections)
2026-03-16 20:28:10,641 INFO vex_extract.cursor:   Cursor: 8/10 frames (8 detections)
2026-03-16 20:28:10,655 INFO vex_extract.cursor:   Cursor: 9/10 frames (9 detections)
2026-03-16 20:28:11,877 INFO vex_extract.cursor:   Cursor: pass 2 — 10 frames at 4.0 FPS [261500ms-264000ms]
2026-03-16 20:28:11,956 INFO vex_extract.cursor:   Cursor: 1/10 frames (1 detections)
2026-03-16 20:28:11,969 INFO vex_extract.cursor:   Cursor: 2/10 frames (2 detections)
2026-03-16 20:28:11,983 INFO vex_extract.cursor:   Cursor: 3/10 frames (3 detections)
2026-03-16 20:28:11,996 INFO vex_extract.cursor:   Cursor: 4/10 frames (4 detections)
2026-03-16 20:28:12,010 INFO vex_extract.cursor:   Cursor: 5/10 frames (5 detections)
2026-03-16 20:28:12,023 INFO vex_extract.cursor:   Cursor: 6/10 frames (6 detections)
2026-03-16 20:28:12,037 INFO vex_extract.cursor:   Cursor: 7/10 frames (7 detections)
2026-03-16 20:28:12,050 INFO vex_extract.cursor:   Cursor: 8/10 frames (8 detections)
2026-03-16 20:28:12,063 INFO vex_extract.cursor:   Cursor: 9/10 frames (9 detections)
2026-03-16 20:28:13,497 INFO vex_extract.cursor:   Cursor: pass 2 — 62 frames at 4.0 FPS [264500ms-281000ms]
2026-03-16 20:28:13,642 INFO vex_extract.cursor:   Cursor: 6/62 frames (6 detections)
2026-03-16 20:28:13,721 INFO vex_extract.cursor:   Cursor: 12/62 frames (12 detections)
2026-03-16 20:28:13,801 INFO vex_extract.cursor:   Cursor: 18/62 frames (18 detections)
2026-03-16 20:28:13,881 INFO vex_extract.cursor:   Cursor: 24/62 frames (24 detections)
2026-03-16 20:28:13,961 INFO vex_extract.cursor:   Cursor: 30/62 frames (30 detections)
2026-03-16 20:28:14,041 INFO vex_extract.cursor:   Cursor: 36/62 frames (36 detections)
2026-03-16 20:28:14,121 INFO vex_extract.cursor:   Cursor: 42/62 frames (42 detections)
2026-03-16 20:28:14,202 INFO vex_extract.cursor:   Cursor: 48/62 frames (48 detections)
2026-03-16 20:28:14,283 INFO vex_extract.cursor:   Cursor: 54/62 frames (54 detections)
2026-03-16 20:28:14,363 INFO vex_extract.cursor:   Cursor: 60/62 frames (60 detections)
2026-03-16 20:28:15,767 INFO vex_extract.cursor:   Cursor: pass 2 — 19 frames at 4.0 FPS [281500ms-286500ms]
2026-03-16 20:28:15,847 INFO vex_extract.cursor:   Cursor: 1/19 frames (1 detections)
2026-03-16 20:28:15,860 INFO vex_extract.cursor:   Cursor: 2/19 frames (2 detections)
2026-03-16 20:28:15,874 INFO vex_extract.cursor:   Cursor: 3/19 frames (3 detections)
2026-03-16 20:28:15,887 INFO vex_extract.cursor:   Cursor: 4/19 frames (4 detections)
2026-03-16 20:28:15,980 INFO vex_extract.cursor:   Cursor: 5/19 frames (5 detections)
2026-03-16 20:28:15,993 INFO vex_extract.cursor:   Cursor: 6/19 frames (6 detections)
2026-03-16 20:28:16,006 INFO vex_extract.cursor:   Cursor: 7/19 frames (7 detections)
2026-03-16 20:28:16,019 INFO vex_extract.cursor:   Cursor: 8/19 frames (8 detections)
2026-03-16 20:28:16,033 INFO vex_extract.cursor:   Cursor: 9/19 frames (9 detections)
2026-03-16 20:28:16,046 INFO vex_extract.cursor:   Cursor: 10/19 frames (10 detections)
2026-03-16 20:28:16,059 INFO vex_extract.cursor:   Cursor: 11/19 frames (11 detections)
2026-03-16 20:28:16,073 INFO vex_extract.cursor:   Cursor: 12/19 frames (12 detections)
2026-03-16 20:28:16,086 INFO vex_extract.cursor:   Cursor: 13/19 frames (13 detections)
2026-03-16 20:28:16,099 INFO vex_extract.cursor:   Cursor: 14/19 frames (14 detections)
2026-03-16 20:28:16,112 INFO vex_extract.cursor:   Cursor: 15/19 frames (15 detections)
2026-03-16 20:28:16,125 INFO vex_extract.cursor:   Cursor: 16/19 frames (16 detections)
2026-03-16 20:28:16,139 INFO vex_extract.cursor:   Cursor: 17/19 frames (17 detections)
2026-03-16 20:28:16,152 INFO vex_extract.cursor:   Cursor: 18/19 frames (18 detections)
2026-03-16 20:28:17,718 INFO vex_extract.cursor:   Cursor: pass 2 — 55 frames at 4.0 FPS [289000ms-303500ms]
2026-03-16 20:28:17,852 INFO vex_extract.cursor:   Cursor: 5/55 frames (5 detections)
2026-03-16 20:28:17,918 INFO vex_extract.cursor:   Cursor: 10/55 frames (10 detections)
2026-03-16 20:28:17,984 INFO vex_extract.cursor:   Cursor: 15/55 frames (15 detections)
2026-03-16 20:28:18,050 INFO vex_extract.cursor:   Cursor: 20/55 frames (20 detections)
2026-03-16 20:28:18,117 INFO vex_extract.cursor:   Cursor: 25/55 frames (25 detections)
2026-03-16 20:28:18,184 INFO vex_extract.cursor:   Cursor: 30/55 frames (30 detections)
2026-03-16 20:28:18,250 INFO vex_extract.cursor:   Cursor: 35/55 frames (35 detections)
2026-03-16 20:28:18,317 INFO vex_extract.cursor:   Cursor: 40/55 frames (40 detections)
2026-03-16 20:28:18,384 INFO vex_extract.cursor:   Cursor: 45/55 frames (45 detections)
2026-03-16 20:28:18,452 INFO vex_extract.cursor:   Cursor: 50/55 frames (50 detections)
2026-03-16 20:28:19,982 INFO vex_extract.cursor:   Cursor: pass 2 — 6 frames at 4.0 FPS [305000ms-306500ms]
2026-03-16 20:28:20,061 INFO vex_extract.cursor:   Cursor: 1/6 frames (1 detections)
2026-03-16 20:28:20,074 INFO vex_extract.cursor:   Cursor: 2/6 frames (2 detections)
2026-03-16 20:28:20,088 INFO vex_extract.cursor:   Cursor: 3/6 frames (3 detections)
2026-03-16 20:28:20,101 INFO vex_extract.cursor:   Cursor: 4/6 frames (4 detections)
2026-03-16 20:28:20,114 INFO vex_extract.cursor:   Cursor: 5/6 frames (5 detections)
2026-03-16 20:28:21,727 INFO vex_extract.cursor:   Cursor: pass 2 — 40 frames at 4.0 FPS [308000ms-318500ms]
2026-03-16 20:28:21,848 INFO vex_extract.cursor:   Cursor: 4/40 frames (4 detections)
2026-03-16 20:28:21,902 INFO vex_extract.cursor:   Cursor: 8/40 frames (8 detections)
2026-03-16 20:28:21,954 INFO vex_extract.cursor:   Cursor: 12/40 frames (12 detections)
2026-03-16 20:28:22,008 INFO vex_extract.cursor:   Cursor: 16/40 frames (16 detections)
2026-03-16 20:28:22,061 INFO vex_extract.cursor:   Cursor: 20/40 frames (20 detections)
2026-03-16 20:28:22,114 INFO vex_extract.cursor:   Cursor: 24/40 frames (24 detections)
2026-03-16 20:28:22,168 INFO vex_extract.cursor:   Cursor: 28/40 frames (28 detections)
2026-03-16 20:28:22,222 INFO vex_extract.cursor:   Cursor: 32/40 frames (32 detections)
2026-03-16 20:28:22,277 INFO vex_extract.cursor:   Cursor: 36/40 frames (36 detections)
2026-03-16 20:28:23,905 INFO vex_extract.cursor:   Cursor: pass 2 — 8 frames at 4.0 FPS [323000ms-325000ms]
2026-03-16 20:28:23,985 INFO vex_extract.cursor:   Cursor: 1/8 frames (1 detections)
2026-03-16 20:28:23,998 INFO vex_extract.cursor:   Cursor: 2/8 frames (2 detections)
2026-03-16 20:28:24,012 INFO vex_extract.cursor:   Cursor: 3/8 frames (3 detections)
2026-03-16 20:28:24,025 INFO vex_extract.cursor:   Cursor: 4/8 frames (4 detections)
2026-03-16 20:28:24,039 INFO vex_extract.cursor:   Cursor: 5/8 frames (5 detections)
2026-03-16 20:28:24,052 INFO vex_extract.cursor:   Cursor: 6/8 frames (6 detections)
2026-03-16 20:28:24,066 INFO vex_extract.cursor:   Cursor: 7/8 frames (7 detections)
2026-03-16 20:28:25,666 INFO vex_extract.cursor:   Cursor: pass 2 — 10 frames at 4.0 FPS [326500ms-329000ms]
2026-03-16 20:28:25,747 INFO vex_extract.cursor:   Cursor: 1/10 frames (1 detections)
2026-03-16 20:28:25,760 INFO vex_extract.cursor:   Cursor: 2/10 frames (2 detections)
2026-03-16 20:28:25,774 INFO vex_extract.cursor:   Cursor: 3/10 frames (3 detections)
2026-03-16 20:28:25,787 INFO vex_extract.cursor:   Cursor: 4/10 frames (4 detections)
2026-03-16 20:28:25,801 INFO vex_extract.cursor:   Cursor: 5/10 frames (5 detections)
2026-03-16 20:28:25,814 INFO vex_extract.cursor:   Cursor: 6/10 frames (6 detections)
2026-03-16 20:28:25,827 INFO vex_extract.cursor:   Cursor: 7/10 frames (7 detections)
2026-03-16 20:28:25,841 INFO vex_extract.cursor:   Cursor: 8/10 frames (8 detections)
2026-03-16 20:28:25,854 INFO vex_extract.cursor:   Cursor: 9/10 frames (9 detections)
2026-03-16 20:28:27,470 INFO vex_extract.cursor:   Cursor: pass 2 — 8 frames at 4.0 FPS [329500ms-331500ms]
2026-03-16 20:28:27,549 INFO vex_extract.cursor:   Cursor: 1/8 frames (1 detections)
2026-03-16 20:28:27,562 INFO vex_extract.cursor:   Cursor: 2/8 frames (2 detections)
2026-03-16 20:28:27,576 INFO vex_extract.cursor:   Cursor: 3/8 frames (3 detections)
2026-03-16 20:28:27,589 INFO vex_extract.cursor:   Cursor: 4/8 frames (4 detections)
2026-03-16 20:28:27,603 INFO vex_extract.cursor:   Cursor: 5/8 frames (5 detections)
2026-03-16 20:28:27,616 INFO vex_extract.cursor:   Cursor: 6/8 frames (6 detections)
2026-03-16 20:28:27,629 INFO vex_extract.cursor:   Cursor: 7/8 frames (7 detections)
2026-03-16 20:28:29,258 INFO vex_extract.cursor:   Cursor: pass 2 — 10 frames at 4.0 FPS [332500ms-335000ms]
2026-03-16 20:28:29,338 INFO vex_extract.cursor:   Cursor: 1/10 frames (1 detections)
2026-03-16 20:28:29,351 INFO vex_extract.cursor:   Cursor: 2/10 frames (2 detections)
2026-03-16 20:28:29,365 INFO vex_extract.cursor:   Cursor: 3/10 frames (3 detections)
2026-03-16 20:28:29,378 INFO vex_extract.cursor:   Cursor: 4/10 frames (4 detections)
2026-03-16 20:28:29,391 INFO vex_extract.cursor:   Cursor: 5/10 frames (5 detections)
2026-03-16 20:28:29,404 INFO vex_extract.cursor:   Cursor: 6/10 frames (6 detections)
2026-03-16 20:28:29,417 INFO vex_extract.cursor:   Cursor: 7/10 frames (7 detections)
2026-03-16 20:28:29,431 INFO vex_extract.cursor:   Cursor: 8/10 frames (8 detections)
2026-03-16 20:28:29,444 INFO vex_extract.cursor:   Cursor: 9/10 frames (9 detections)
2026-03-16 20:28:31,105 INFO vex_extract.cursor:   Cursor: pass 2 — 10 frames at 4.0 FPS [338000ms-340500ms]
2026-03-16 20:28:31,186 INFO vex_extract.cursor:   Cursor: 1/10 frames (1 detections)
2026-03-16 20:28:31,199 INFO vex_extract.cursor:   Cursor: 2/10 frames (2 detections)
2026-03-16 20:28:31,213 INFO vex_extract.cursor:   Cursor: 3/10 frames (3 detections)
2026-03-16 20:28:31,226 INFO vex_extract.cursor:   Cursor: 4/10 frames (4 detections)
2026-03-16 20:28:31,240 INFO vex_extract.cursor:   Cursor: 5/10 frames (5 detections)
2026-03-16 20:28:31,253 INFO vex_extract.cursor:   Cursor: 6/10 frames (6 detections)
2026-03-16 20:28:31,267 INFO vex_extract.cursor:   Cursor: 7/10 frames (7 detections)
2026-03-16 20:28:31,280 INFO vex_extract.cursor:   Cursor: 8/10 frames (8 detections)
2026-03-16 20:28:31,294 INFO vex_extract.cursor:   Cursor: 9/10 frames (9 detections)
2026-03-16 20:28:33,121 INFO vex_extract.cursor:   Cursor: pass 2 — 32 frames at 4.0 FPS [341000ms-349500ms]
2026-03-16 20:28:33,239 INFO vex_extract.cursor:   Cursor: 3/32 frames (3 detections)
2026-03-16 20:28:33,279 INFO vex_extract.cursor:   Cursor: 6/32 frames (6 detections)
2026-03-16 20:28:33,320 INFO vex_extract.cursor:   Cursor: 9/32 frames (9 detections)
2026-03-16 20:28:33,359 INFO vex_extract.cursor:   Cursor: 12/32 frames (12 detections)
2026-03-16 20:28:33,398 INFO vex_extract.cursor:   Cursor: 15/32 frames (15 detections)
2026-03-16 20:28:33,438 INFO vex_extract.cursor:   Cursor: 18/32 frames (18 detections)
2026-03-16 20:28:33,477 INFO vex_extract.cursor:   Cursor: 21/32 frames (21 detections)
2026-03-16 20:28:33,516 INFO vex_extract.cursor:   Cursor: 24/32 frames (24 detections)
2026-03-16 20:28:33,555 INFO vex_extract.cursor:   Cursor: 27/32 frames (27 detections)
2026-03-16 20:28:33,595 INFO vex_extract.cursor:   Cursor: 30/32 frames (30 detections)
2026-03-16 20:28:35,379 INFO vex_extract.cursor:   Cursor: pass 2 — 25 frames at 4.0 FPS [350000ms-356500ms]
2026-03-16 20:28:35,471 INFO vex_extract.cursor:   Cursor: 2/25 frames (2 detections)
2026-03-16 20:28:35,498 INFO vex_extract.cursor:   Cursor: 4/25 frames (4 detections)
2026-03-16 20:28:35,524 INFO vex_extract.cursor:   Cursor: 6/25 frames (6 detections)
2026-03-16 20:28:35,551 INFO vex_extract.cursor:   Cursor: 8/25 frames (8 detections)
2026-03-16 20:28:35,577 INFO vex_extract.cursor:   Cursor: 10/25 frames (10 detections)
2026-03-16 20:28:35,603 INFO vex_extract.cursor:   Cursor: 12/25 frames (12 detections)
2026-03-16 20:28:35,629 INFO vex_extract.cursor:   Cursor: 14/25 frames (14 detections)
2026-03-16 20:28:35,656 INFO vex_extract.cursor:   Cursor: 16/25 frames (16 detections)
2026-03-16 20:28:35,682 INFO vex_extract.cursor:   Cursor: 18/25 frames (18 detections)
2026-03-16 20:28:35,709 INFO vex_extract.cursor:   Cursor: 20/25 frames (20 detections)
2026-03-16 20:28:35,735 INFO vex_extract.cursor:   Cursor: 22/25 frames (22 detections)
2026-03-16 20:28:35,762 INFO vex_extract.cursor:   Cursor: 24/25 frames (24 detections)
2026-03-16 20:28:37,534 INFO vex_extract.cursor:   Cursor: pass 2 — 8 frames at 4.0 FPS [358000ms-360000ms]
2026-03-16 20:28:37,613 INFO vex_extract.cursor:   Cursor: 1/8 frames (1 detections)
2026-03-16 20:28:37,627 INFO vex_extract.cursor:   Cursor: 2/8 frames (2 detections)
2026-03-16 20:28:37,639 INFO vex_extract.cursor:   Cursor: 3/8 frames (3 detections)
2026-03-16 20:28:37,653 INFO vex_extract.cursor:   Cursor: 4/8 frames (4 detections)
2026-03-16 20:28:37,666 INFO vex_extract.cursor:   Cursor: 5/8 frames (5 detections)
2026-03-16 20:28:37,680 INFO vex_extract.cursor:   Cursor: 6/8 frames (6 detections)
2026-03-16 20:28:37,693 INFO vex_extract.cursor:   Cursor: 7/8 frames (7 detections)
2026-03-16 20:28:39,874 INFO vex_extract.cursor:   Cursor: pass 2 — 98 frames at 4.0 FPS [360500ms-386500ms]
2026-03-16 20:28:40,058 INFO vex_extract.cursor:   Cursor: 9/98 frames (9 detections)
2026-03-16 20:28:40,176 INFO vex_extract.cursor:   Cursor: 18/98 frames (18 detections)
2026-03-16 20:28:40,295 INFO vex_extract.cursor:   Cursor: 27/98 frames (27 detections)
2026-03-16 20:28:40,416 INFO vex_extract.cursor:   Cursor: 36/98 frames (36 detections)
2026-03-16 20:28:40,536 INFO vex_extract.cursor:   Cursor: 45/98 frames (45 detections)
2026-03-16 20:28:40,653 INFO vex_extract.cursor:   Cursor: 54/98 frames (54 detections)
2026-03-16 20:28:40,772 INFO vex_extract.cursor:   Cursor: 63/98 frames (63 detections)
2026-03-16 20:28:40,892 INFO vex_extract.cursor:   Cursor: 72/98 frames (72 detections)
2026-03-16 20:28:41,011 INFO vex_extract.cursor:   Cursor: 81/98 frames (81 detections)
2026-03-16 20:28:41,138 INFO vex_extract.cursor:   Cursor: 90/98 frames (90 detections)
2026-03-16 20:28:43,294 INFO vex_extract.cursor:   Cursor: pass 2 — 6 frames at 4.0 FPS [387000ms-388500ms]
2026-03-16 20:28:43,373 INFO vex_extract.cursor:   Cursor: 1/6 frames (1 detections)
2026-03-16 20:28:43,386 INFO vex_extract.cursor:   Cursor: 2/6 frames (2 detections)
2026-03-16 20:28:43,400 INFO vex_extract.cursor:   Cursor: 3/6 frames (3 detections)
2026-03-16 20:28:43,413 INFO vex_extract.cursor:   Cursor: 4/6 frames (4 detections)
2026-03-16 20:28:43,426 INFO vex_extract.cursor:   Cursor: 5/6 frames (5 detections)
2026-03-16 20:28:45,422 INFO vex_extract.cursor:   Cursor: pass 2 — 8 frames at 4.0 FPS [392000ms-394000ms]
2026-03-16 20:28:45,502 INFO vex_extract.cursor:   Cursor: 1/8 frames (1 detections)
2026-03-16 20:28:45,515 INFO vex_extract.cursor:   Cursor: 2/8 frames (2 detections)
2026-03-16 20:28:45,528 INFO vex_extract.cursor:   Cursor: 3/8 frames (3 detections)
2026-03-16 20:28:45,541 INFO vex_extract.cursor:   Cursor: 4/8 frames (4 detections)
2026-03-16 20:28:45,554 INFO vex_extract.cursor:   Cursor: 5/8 frames (5 detections)
2026-03-16 20:28:45,568 INFO vex_extract.cursor:   Cursor: 6/8 frames (6 detections)
2026-03-16 20:28:45,581 INFO vex_extract.cursor:   Cursor: 7/8 frames (7 detections)
2026-03-16 20:28:47,592 INFO vex_extract.cursor:   Cursor: pass 2 — 6 frames at 4.0 FPS [395000ms-396500ms]
2026-03-16 20:28:47,671 INFO vex_extract.cursor:   Cursor: 1/6 frames (1 detections)
2026-03-16 20:28:47,684 INFO vex_extract.cursor:   Cursor: 2/6 frames (2 detections)
2026-03-16 20:28:47,698 INFO vex_extract.cursor:   Cursor: 3/6 frames (3 detections)
2026-03-16 20:28:47,711 INFO vex_extract.cursor:   Cursor: 4/6 frames (4 detections)
2026-03-16 20:28:47,724 INFO vex_extract.cursor:   Cursor: 5/6 frames (5 detections)
2026-03-16 20:28:49,777 INFO vex_extract.cursor:   Cursor: pass 2 — 6 frames at 4.0 FPS [398500ms-400000ms]
2026-03-16 20:28:49,857 INFO vex_extract.cursor:   Cursor: 1/6 frames (1 detections)
2026-03-16 20:28:49,870 INFO vex_extract.cursor:   Cursor: 2/6 frames (2 detections)
2026-03-16 20:28:49,884 INFO vex_extract.cursor:   Cursor: 3/6 frames (3 detections)
2026-03-16 20:28:49,897 INFO vex_extract.cursor:   Cursor: 4/6 frames (4 detections)
2026-03-16 20:28:49,911 INFO vex_extract.cursor:   Cursor: 5/6 frames (5 detections)
2026-03-16 20:28:52,091 INFO vex_extract.cursor:   Cursor: pass 2 — 44 frames at 4.0 FPS [400500ms-412000ms]
2026-03-16 20:28:52,209 INFO vex_extract.cursor:   Cursor: 4/44 frames (4 detections)
2026-03-16 20:28:52,263 INFO vex_extract.cursor:   Cursor: 8/44 frames (8 detections)
2026-03-16 20:28:52,316 INFO vex_extract.cursor:   Cursor: 12/44 frames (12 detections)
2026-03-16 20:28:52,369 INFO vex_extract.cursor:   Cursor: 16/44 frames (16 detections)
2026-03-16 20:28:52,423 INFO vex_extract.cursor:   Cursor: 20/44 frames (20 detections)
2026-03-16 20:28:52,476 INFO vex_extract.cursor:   Cursor: 24/44 frames (24 detections)
2026-03-16 20:28:52,530 INFO vex_extract.cursor:   Cursor: 28/44 frames (28 detections)
2026-03-16 20:28:52,582 INFO vex_extract.cursor:   Cursor: 32/44 frames (32 detections)
2026-03-16 20:28:52,635 INFO vex_extract.cursor:   Cursor: 36/44 frames (36 detections)
2026-03-16 20:28:52,689 INFO vex_extract.cursor:   Cursor: 40/44 frames (40 detections)
2026-03-16 20:28:54,863 INFO vex_extract.cursor:   Cursor: pass 2 — 14 frames at 4.0 FPS [412500ms-416000ms]
2026-03-16 20:28:54,944 INFO vex_extract.cursor:   Cursor: 1/14 frames (1 detections)
2026-03-16 20:28:54,957 INFO vex_extract.cursor:   Cursor: 2/14 frames (2 detections)
2026-03-16 20:28:54,971 INFO vex_extract.cursor:   Cursor: 3/14 frames (3 detections)
2026-03-16 20:28:54,984 INFO vex_extract.cursor:   Cursor: 4/14 frames (4 detections)
2026-03-16 20:28:54,997 INFO vex_extract.cursor:   Cursor: 5/14 frames (5 detections)
2026-03-16 20:28:55,011 INFO vex_extract.cursor:   Cursor: 6/14 frames (6 detections)
2026-03-16 20:28:55,024 INFO vex_extract.cursor:   Cursor: 7/14 frames (7 detections)
2026-03-16 20:28:55,037 INFO vex_extract.cursor:   Cursor: 8/14 frames (8 detections)
2026-03-16 20:28:55,050 INFO vex_extract.cursor:   Cursor: 9/14 frames (9 detections)
2026-03-16 20:28:55,064 INFO vex_extract.cursor:   Cursor: 10/14 frames (10 detections)
2026-03-16 20:28:55,077 INFO vex_extract.cursor:   Cursor: 11/14 frames (11 detections)
2026-03-16 20:28:55,091 INFO vex_extract.cursor:   Cursor: 12/14 frames (12 detections)
2026-03-16 20:28:55,104 INFO vex_extract.cursor:   Cursor: 13/14 frames (13 detections)
2026-03-16 20:28:57,323 INFO vex_extract.cursor:   Cursor: pass 2 — 34 frames at 4.0 FPS [416500ms-425500ms]
2026-03-16 20:28:57,429 INFO vex_extract.cursor:   Cursor: 3/34 frames (3 detections)
2026-03-16 20:28:57,468 INFO vex_extract.cursor:   Cursor: 6/34 frames (6 detections)
2026-03-16 20:28:57,508 INFO vex_extract.cursor:   Cursor: 9/34 frames (9 detections)
2026-03-16 20:28:57,626 INFO vex_extract.cursor:   Cursor: 12/34 frames (12 detections)
2026-03-16 20:28:57,665 INFO vex_extract.cursor:   Cursor: 15/34 frames (15 detections)
2026-03-16 20:28:57,705 INFO vex_extract.cursor:   Cursor: 18/34 frames (18 detections)
2026-03-16 20:28:57,744 INFO vex_extract.cursor:   Cursor: 21/34 frames (21 detections)
2026-03-16 20:28:57,784 INFO vex_extract.cursor:   Cursor: 24/34 frames (24 detections)
2026-03-16 20:28:57,823 INFO vex_extract.cursor:   Cursor: 27/34 frames (27 detections)
2026-03-16 20:28:57,864 INFO vex_extract.cursor:   Cursor: 30/34 frames (30 detections)
2026-03-16 20:28:57,904 INFO vex_extract.cursor:   Cursor: 33/34 frames (33 detections)
2026-03-16 20:29:00,334 INFO vex_extract.cursor:   Cursor: pass 2 — 6 frames at 4.0 FPS [485500ms-487000ms]
2026-03-16 20:29:00,414 INFO vex_extract.cursor:   Cursor: 1/6 frames (1 detections)
2026-03-16 20:29:00,427 INFO vex_extract.cursor:   Cursor: 2/6 frames (2 detections)
2026-03-16 20:29:00,441 INFO vex_extract.cursor:   Cursor: 3/6 frames (3 detections)
2026-03-16 20:29:00,454 INFO vex_extract.cursor:   Cursor: 4/6 frames (4 detections)
2026-03-16 20:29:00,468 INFO vex_extract.cursor:   Cursor: 5/6 frames (5 detections)
2026-03-16 20:29:02,886 INFO vex_extract.cursor:   Cursor: pass 2 — 8 frames at 4.0 FPS [488500ms-490500ms]
2026-03-16 20:29:02,967 INFO vex_extract.cursor:   Cursor: 1/8 frames (1 detections)
2026-03-16 20:29:02,980 INFO vex_extract.cursor:   Cursor: 2/8 frames (2 detections)
2026-03-16 20:29:02,994 INFO vex_extract.cursor:   Cursor: 3/8 frames (3 detections)
2026-03-16 20:29:03,007 INFO vex_extract.cursor:   Cursor: 4/8 frames (4 detections)
2026-03-16 20:29:03,021 INFO vex_extract.cursor:   Cursor: 5/8 frames (5 detections)
2026-03-16 20:29:03,034 INFO vex_extract.cursor:   Cursor: 6/8 frames (6 detections)
2026-03-16 20:29:03,047 INFO vex_extract.cursor:   Cursor: 7/8 frames (7 detections)
2026-03-16 20:29:05,511 INFO vex_extract.cursor:   Cursor: pass 2 — 16 frames at 4.0 FPS [492500ms-496500ms]
2026-03-16 20:29:05,590 INFO vex_extract.cursor:   Cursor: 1/16 frames (1 detections)
2026-03-16 20:29:05,604 INFO vex_extract.cursor:   Cursor: 2/16 frames (2 detections)
2026-03-16 20:29:05,617 INFO vex_extract.cursor:   Cursor: 3/16 frames (3 detections)
2026-03-16 20:29:05,630 INFO vex_extract.cursor:   Cursor: 4/16 frames (4 detections)
2026-03-16 20:29:05,643 INFO vex_extract.cursor:   Cursor: 5/16 frames (5 detections)
2026-03-16 20:29:05,657 INFO vex_extract.cursor:   Cursor: 6/16 frames (6 detections)
2026-03-16 20:29:05,670 INFO vex_extract.cursor:   Cursor: 7/16 frames (7 detections)
2026-03-16 20:29:05,683 INFO vex_extract.cursor:   Cursor: 8/16 frames (8 detections)
2026-03-16 20:29:05,696 INFO vex_extract.cursor:   Cursor: 9/16 frames (9 detections)
2026-03-16 20:29:05,710 INFO vex_extract.cursor:   Cursor: 10/16 frames (10 detections)
2026-03-16 20:29:05,723 INFO vex_extract.cursor:   Cursor: 11/16 frames (11 detections)
2026-03-16 20:29:05,737 INFO vex_extract.cursor:   Cursor: 12/16 frames (12 detections)
2026-03-16 20:29:05,750 INFO vex_extract.cursor:   Cursor: 13/16 frames (13 detections)
2026-03-16 20:29:05,764 INFO vex_extract.cursor:   Cursor: 14/16 frames (14 detections)
2026-03-16 20:29:05,777 INFO vex_extract.cursor:   Cursor: 15/16 frames (15 detections)
2026-03-16 20:29:08,253 INFO vex_extract.cursor:   Cursor: pass 2 — 14 frames at 4.0 FPS [497500ms-501000ms]
2026-03-16 20:29:08,333 INFO vex_extract.cursor:   Cursor: 1/14 frames (1 detections)
2026-03-16 20:29:08,347 INFO vex_extract.cursor:   Cursor: 2/14 frames (2 detections)
2026-03-16 20:29:08,360 INFO vex_extract.cursor:   Cursor: 3/14 frames (3 detections)
2026-03-16 20:29:08,374 INFO vex_extract.cursor:   Cursor: 4/14 frames (4 detections)
2026-03-16 20:29:08,387 INFO vex_extract.cursor:   Cursor: 5/14 frames (5 detections)
2026-03-16 20:29:08,401 INFO vex_extract.cursor:   Cursor: 6/14 frames (6 detections)
2026-03-16 20:29:08,414 INFO vex_extract.cursor:   Cursor: 7/14 frames (7 detections)
2026-03-16 20:29:08,427 INFO vex_extract.cursor:   Cursor: 8/14 frames (8 detections)
2026-03-16 20:29:08,441 INFO vex_extract.cursor:   Cursor: 9/14 frames (9 detections)
2026-03-16 20:29:08,454 INFO vex_extract.cursor:   Cursor: 10/14 frames (10 detections)
2026-03-16 20:29:08,468 INFO vex_extract.cursor:   Cursor: 11/14 frames (11 detections)
2026-03-16 20:29:08,481 INFO vex_extract.cursor:   Cursor: 12/14 frames (12 detections)
2026-03-16 20:29:08,495 INFO vex_extract.cursor:   Cursor: 13/14 frames (13 detections)
2026-03-16 20:29:11,004 INFO vex_extract.cursor:   Cursor: pass 2 — 16 frames at 4.0 FPS [503000ms-507000ms]
2026-03-16 20:29:11,084 INFO vex_extract.cursor:   Cursor: 1/16 frames (1 detections)
2026-03-16 20:29:11,098 INFO vex_extract.cursor:   Cursor: 2/16 frames (2 detections)
2026-03-16 20:29:11,111 INFO vex_extract.cursor:   Cursor: 3/16 frames (3 detections)
2026-03-16 20:29:11,125 INFO vex_extract.cursor:   Cursor: 4/16 frames (4 detections)
2026-03-16 20:29:11,138 INFO vex_extract.cursor:   Cursor: 5/16 frames (5 detections)
2026-03-16 20:29:11,152 INFO vex_extract.cursor:   Cursor: 6/16 frames (6 detections)
2026-03-16 20:29:11,165 INFO vex_extract.cursor:   Cursor: 7/16 frames (7 detections)
2026-03-16 20:29:11,179 INFO vex_extract.cursor:   Cursor: 8/16 frames (8 detections)
2026-03-16 20:29:11,192 INFO vex_extract.cursor:   Cursor: 9/16 frames (9 detections)
2026-03-16 20:29:11,205 INFO vex_extract.cursor:   Cursor: 10/16 frames (10 detections)
2026-03-16 20:29:11,218 INFO vex_extract.cursor:   Cursor: 11/16 frames (11 detections)
2026-03-16 20:29:11,231 INFO vex_extract.cursor:   Cursor: 12/16 frames (12 detections)
2026-03-16 20:29:11,245 INFO vex_extract.cursor:   Cursor: 13/16 frames (13 detections)
2026-03-16 20:29:11,258 INFO vex_extract.cursor:   Cursor: 14/16 frames (14 detections)
2026-03-16 20:29:11,271 INFO vex_extract.cursor:   Cursor: 15/16 frames (15 detections)
2026-03-16 20:29:13,840 INFO vex_extract.cursor:   Cursor: pass 2 — 25 frames at 4.0 FPS [507500ms-514000ms]
2026-03-16 20:29:13,934 INFO vex_extract.cursor:   Cursor: 2/25 frames (2 detections)
2026-03-16 20:29:13,961 INFO vex_extract.cursor:   Cursor: 4/25 frames (4 detections)
2026-03-16 20:29:13,987 INFO vex_extract.cursor:   Cursor: 6/25 frames (6 detections)
2026-03-16 20:29:14,014 INFO vex_extract.cursor:   Cursor: 8/25 frames (8 detections)
2026-03-16 20:29:14,041 INFO vex_extract.cursor:   Cursor: 10/25 frames (10 detections)
2026-03-16 20:29:14,067 INFO vex_extract.cursor:   Cursor: 12/25 frames (12 detections)
2026-03-16 20:29:14,094 INFO vex_extract.cursor:   Cursor: 14/25 frames (14 detections)
2026-03-16 20:29:14,121 INFO vex_extract.cursor:   Cursor: 16/25 frames (16 detections)
2026-03-16 20:29:14,148 INFO vex_extract.cursor:   Cursor: 18/25 frames (18 detections)
2026-03-16 20:29:14,175 INFO vex_extract.cursor:   Cursor: 20/25 frames (20 detections)
2026-03-16 20:29:14,202 INFO vex_extract.cursor:   Cursor: 22/25 frames (22 detections)
2026-03-16 20:29:14,229 INFO vex_extract.cursor:   Cursor: 24/25 frames (24 detections)
2026-03-16 20:29:16,953 INFO vex_extract.cursor:   Cursor: pass 2 — 53 frames at 4.0 FPS [515000ms-529000ms]
2026-03-16 20:29:17,087 INFO vex_extract.cursor:   Cursor: 5/53 frames (5 detections)
2026-03-16 20:29:17,153 INFO vex_extract.cursor:   Cursor: 10/53 frames (10 detections)
2026-03-16 20:29:17,220 INFO vex_extract.cursor:   Cursor: 15/53 frames (15 detections)
2026-03-16 20:29:17,287 INFO vex_extract.cursor:   Cursor: 20/53 frames (20 detections)
2026-03-16 20:29:17,354 INFO vex_extract.cursor:   Cursor: 25/53 frames (25 detections)
2026-03-16 20:29:17,421 INFO vex_extract.cursor:   Cursor: 30/53 frames (30 detections)
2026-03-16 20:29:17,487 INFO vex_extract.cursor:   Cursor: 35/53 frames (35 detections)
2026-03-16 20:29:17,554 INFO vex_extract.cursor:   Cursor: 40/53 frames (40 detections)
2026-03-16 20:29:17,622 INFO vex_extract.cursor:   Cursor: 45/53 frames (45 detections)
2026-03-16 20:29:17,690 INFO vex_extract.cursor:   Cursor: 50/53 frames (50 detections)
2026-03-16 20:29:20,355 INFO vex_extract.cursor:   Cursor: pass 2 — 6 frames at 4.0 FPS [532500ms-534000ms]
2026-03-16 20:29:20,436 INFO vex_extract.cursor:   Cursor: 1/6 frames (1 detections)
2026-03-16 20:29:20,449 INFO vex_extract.cursor:   Cursor: 2/6 frames (2 detections)
2026-03-16 20:29:20,463 INFO vex_extract.cursor:   Cursor: 3/6 frames (3 detections)
2026-03-16 20:29:20,477 INFO vex_extract.cursor:   Cursor: 4/6 frames (4 detections)
2026-03-16 20:29:20,490 INFO vex_extract.cursor:   Cursor: 5/6 frames (5 detections)
2026-03-16 20:29:23,169 INFO vex_extract.cursor:   Cursor: pass 2 — 6 frames at 4.0 FPS [541000ms-542500ms]
2026-03-16 20:29:23,249 INFO vex_extract.cursor:   Cursor: 1/6 frames (1 detections)
2026-03-16 20:29:23,262 INFO vex_extract.cursor:   Cursor: 2/6 frames (2 detections)
2026-03-16 20:29:23,276 INFO vex_extract.cursor:   Cursor: 3/6 frames (3 detections)
2026-03-16 20:29:23,290 INFO vex_extract.cursor:   Cursor: 4/6 frames (4 detections)
2026-03-16 20:29:23,304 INFO vex_extract.cursor:   Cursor: 5/6 frames (5 detections)
2026-03-16 20:29:23,319 INFO vex_extract.cursor:   Cursor: merged 1533 detections (1530 detected)
2026-03-16 20:29:23,319 INFO vex_extract.cursor:   Cursor: filtering 29 static detections at (148.0, 148.0) spanning 14000ms
2026-03-16 20:29:23,319 INFO vex_extract.cursor:   Cursor: filtering 13 static detections at (16.0, 760.0) spanning 6000ms
2026-03-16 20:29:23,319 INFO vex_extract.cursor:   Cursor: filtering 13 static detections at (148.0, 148.0) spanning 6000ms
2026-03-16 20:29:23,319 INFO vex_extract.cursor:   Cursor: filtering 8 static detections at (867.0, 379.0) spanning 3500ms
2026-03-16 20:29:23,319 INFO vex_extract.cursor:   Cursor: filtering 34 static detections at (560.0, 393.0) spanning 16500ms
2026-03-16 20:29:23,319 INFO vex_extract.cursor:   Cursor: filtering 86 static detections at (313.0, 54.0) spanning 42500ms
2026-03-16 20:29:23,320 INFO vex_extract.cursor:   Cursor: filtering 11 static detections at (1719.0, 724.0) spanning 3067ms
2026-03-16 20:29:23,320 INFO vex_extract.cursor:   Cursor: filtering 11 static detections at (216.0, 64.0) spanning 5000ms
2026-03-16 20:29:23,320 INFO vex_extract.cursor:   Cursor: filtering 46 static detections at (216.0, 64.0) spanning 21967ms
2026-03-16 20:29:23,320 INFO vex_extract.cursor:   Cursor: filtering 18 static detections at (1700.0, 51.0) spanning 4533ms
2026-03-16 20:29:23,320 INFO vex_extract.cursor:   Cursor: filtering 12 static detections at (216.0, 64.0) spanning 4800ms
2026-03-16 20:29:23,320 INFO vex_extract.cursor:   Cursor: filtering 8 static detections at (377.0, 126.0) spanning 3500ms
2026-03-16 20:29:23,320 INFO vex_extract.cursor:   Cursor: filtering 9 static detections at (228.0, 995.0) spanning 4000ms
2026-03-16 20:29:23,320 INFO vex_extract.cursor:   Cursor: filtering 10 static detections at (524.0, 353.0) spanning 3767ms
2026-03-16 20:29:23,320 INFO vex_extract.cursor:   Cursor: filtering 8 static detections at (612.0, 251.0) spanning 3500ms
2026-03-16 20:29:23,320 INFO vex_extract.cursor:   Cursor: filtering 66 static detections at (313.0, 56.0) spanning 32500ms
2026-03-16 20:29:23,320 INFO vex_extract.cursor:   Cursor: filtering 20 static detections at (313.0, 56.0) spanning 9500ms
2026-03-16 20:29:23,320 INFO vex_extract.cursor:   Cursor: filtering 29 static detections at (313.0, 56.0) spanning 14000ms
2026-03-16 20:29:23,320 INFO vex_extract.cursor:   Cursor: filtering 41 static detections at (313.0, 54.0) spanning 10900ms
2026-03-16 20:29:23,320 INFO vex_extract.cursor:   Cursor: filtering 38 static detections at (313.0, 54.0) spanning 9867ms
2026-03-16 20:29:23,320 INFO vex_extract.cursor:   Cursor: filtering 10 static detections at (1782.0, 1060.0) spanning 3800ms
2026-03-16 20:29:23,320 INFO vex_extract.cursor:   Cursor: filtering 18 static detections at (1449.0, 708.0) spanning 7967ms
2026-03-16 20:29:23,320 INFO vex_extract.cursor:   Cursor: filtering 16 static detections at (1047.0, 650.0) spanning 7433ms
2026-03-16 20:29:23,324 INFO vex_extract.pipeline:   Cached cursor trajectory: /Users/nic/Developer/spike-air-315-vision-processing/candidates/2026-03-14/tmp/cv/cfs_home_loan_sasha_f0ebba1b_cursor/cursor_trajectory.json
2026-03-16 20:29:23,324 INFO vex_extract.pipeline:   1533 cursor detections (976 detected) in 120.6s
2026-03-16 20:29:23,325 INFO vex_extract.pipeline: Step 3: Computing optical flow...
2026-03-16 20:29:26,686 INFO vex_extract.flow:   Flow: computing across 1099 frame pairs...
2026-03-16 20:29:30,399 INFO vex_extract.pipeline:   Cached flow windows: /Users/nic/Developer/spike-air-315-vision-processing/candidates/2026-03-14/tmp/cv/cfs_home_loan_sasha_bb5a87ef_f0ebba1b_flow/flow_windows.json
2026-03-16 20:29:30,399 INFO vex_extract.pipeline:   1098 flow windows in 7.1s
2026-03-16 20:29:30,399 INFO vex_extract.pipeline: Step 4: Creating video segments...
2026-03-16 20:29:30,400 INFO vex_extract.pipeline:   8 segments
2026-03-16 20:29:30,400 INFO vex_extract.pipeline:   Segment 0: cached
2026-03-16 20:29:30,400 INFO vex_extract.pipeline:   Segment 1: cached
2026-03-16 20:29:30,400 INFO vex_extract.pipeline:   Segment 2: cached
2026-03-16 20:29:30,400 INFO vex_extract.pipeline:   Segment 3: cached
2026-03-16 20:29:30,400 INFO vex_extract.pipeline:   Segment 4: cached
2026-03-16 20:29:30,400 INFO vex_extract.pipeline:   Segment 5: cached
2026-03-16 20:29:30,400 INFO vex_extract.pipeline:   Segment 6: cached
2026-03-16 20:29:30,400 INFO vex_extract.pipeline:   Segment 7: cached
2026-03-16 20:29:30,400 INFO vex_extract.pipeline: Step 5: Preparing prompts...
2026-03-16 20:29:30,401 INFO vex_extract.analysis: Segment 0: prompt prepared (10938 chars)
2026-03-16 20:29:30,401 INFO vex_extract.analysis: Segment 1: prompt prepared (10578 chars)
2026-03-16 20:29:30,402 INFO vex_extract.analysis: Segment 2: prompt prepared (11092 chars)
2026-03-16 20:29:30,403 INFO vex_extract.analysis: Segment 3: prompt prepared (12954 chars)
2026-03-16 20:29:30,403 INFO vex_extract.analysis: Segment 4: prompt prepared (13357 chars)
2026-03-16 20:29:30,404 INFO vex_extract.analysis: Segment 5: prompt prepared (13487 chars)
2026-03-16 20:29:30,405 INFO vex_extract.analysis: Segment 6: prompt prepared (10476 chars)
2026-03-16 20:29:30,405 INFO vex_extract.analysis: Segment 7: prompt prepared (10401 chars)
2026-03-16 20:29:30,405 INFO vex_extract.pipeline:   8 prompts prepared
2026-03-16 20:29:30,405 INFO vex_extract.pipeline: Stopped after: prompt
