2026-03-16 21:02:25,105 INFO vex_extract.pipeline: === Video Event Extractor ===
2026-03-16 21:02:25,105 INFO vex_extract.pipeline: Video: /Users/nic/Developer/spike-air-315-vision-processing/input_data/screen_tracks/opportunity_list_ben.mp4
2026-03-16 21:02:25,105 INFO vex_extract.pipeline: Offset: 182908 ms
2026-03-16 21:02:25,105 INFO vex_extract.pipeline: Run ID: 2026-03-16_110225
2026-03-16 21:02:25,106 INFO vex_extract.pipeline: Stop after: prompt
2026-03-16 21:02:25,106 INFO vex_extract.pipeline: Step 1: Normalizing video...
2026-03-16 21:02:25,106 INFO vex_extract.pipeline:   Using cached normalized video: /Users/nic/Developer/spike-air-315-vision-processing/candidates/2026-03-14/tmp/opportunity_list_ben_normalized.mp4
2026-03-16 21:02:25,155 INFO vex_extract.pipeline:   Duration: 463.4s, 1922x1078, 30.0 fps
2026-03-16 21:02:25,155 INFO vex_extract.pipeline: Step 2: Tracking cursor...
2026-03-16 21:02:30,456 INFO vex_extract.cursor:   Cursor: pass 1 — matching 1367 frames at 3.0 FPS against 6 templates x 7 scales at 540p...
2026-03-16 21:02:33,168 INFO vex_extract.cursor:   Cursor: 136/1367 frames (134 detections)
2026-03-16 21:02:35,099 INFO vex_extract.cursor:   Cursor: 272/1367 frames (270 detections)
2026-03-16 21:02:37,092 INFO vex_extract.cursor:   Cursor: 408/1367 frames (406 detections)
2026-03-16 21:02:39,235 INFO vex_extract.cursor:   Cursor: 544/1367 frames (542 detections)
2026-03-16 21:02:41,446 INFO vex_extract.cursor:   Cursor: 680/1367 frames (678 detections)
2026-03-16 21:02:43,730 INFO vex_extract.cursor:   Cursor: 816/1367 frames (814 detections)
2026-03-16 21:02:45,908 INFO vex_extract.cursor:   Cursor: 952/1367 frames (950 detections)
2026-03-16 21:02:48,058 INFO vex_extract.cursor:   Cursor: 1088/1367 frames (1086 detections)
2026-03-16 21:02:50,104 INFO vex_extract.cursor:   Cursor: 1224/1367 frames (1222 detections)
2026-03-16 21:02:52,032 INFO vex_extract.cursor:   Cursor: 1360/1367 frames (1358 detections)
2026-03-16 21:02:52,155 INFO vex_extract.cursor:   Cursor: calibrated to scales (0.3, 0.4) from coarse pass
2026-03-16 21:02:52,156 INFO vex_extract.cursor:   Cursor: 84 active regions identified
2026-03-16 21:02:52,213 INFO vex_extract.cursor:   Cursor: pass 2 — 7 frames at 5.0 FPS [6933ms-8267ms]
2026-03-16 21:02:52,246 INFO vex_extract.cursor:   Cursor: 1/7 frames (1 detections)
2026-03-16 21:02:52,253 INFO vex_extract.cursor:   Cursor: 2/7 frames (2 detections)
2026-03-16 21:02:52,260 INFO vex_extract.cursor:   Cursor: 3/7 frames (3 detections)
2026-03-16 21:02:52,273 INFO vex_extract.cursor:   Cursor: 4/7 frames (4 detections)
2026-03-16 21:02:52,286 INFO vex_extract.cursor:   Cursor: 5/7 frames (5 detections)
2026-03-16 21:02:52,300 INFO vex_extract.cursor:   Cursor: 6/7 frames (6 detections)
2026-03-16 21:02:52,545 INFO vex_extract.cursor:   Cursor: pass 2 — 15 frames at 5.0 FPS [47600ms-50400ms]
2026-03-16 21:02:52,558 INFO vex_extract.cursor:   Cursor: 1/15 frames (1 detections)
2026-03-16 21:02:52,572 INFO vex_extract.cursor:   Cursor: 2/15 frames (2 detections)
2026-03-16 21:02:52,585 INFO vex_extract.cursor:   Cursor: 3/15 frames (3 detections)
2026-03-16 21:02:52,598 INFO vex_extract.cursor:   Cursor: 4/15 frames (4 detections)
2026-03-16 21:02:52,612 INFO vex_extract.cursor:   Cursor: 5/15 frames (5 detections)
2026-03-16 21:02:52,625 INFO vex_extract.cursor:   Cursor: 6/15 frames (6 detections)
2026-03-16 21:02:52,638 INFO vex_extract.cursor:   Cursor: 7/15 frames (7 detections)
2026-03-16 21:02:52,652 INFO vex_extract.cursor:   Cursor: 8/15 frames (8 detections)
2026-03-16 21:02:52,665 INFO vex_extract.cursor:   Cursor: 9/15 frames (9 detections)
2026-03-16 21:02:52,678 INFO vex_extract.cursor:   Cursor: 10/15 frames (10 detections)
2026-03-16 21:02:52,692 INFO vex_extract.cursor:   Cursor: 11/15 frames (11 detections)
2026-03-16 21:02:52,705 INFO vex_extract.cursor:   Cursor: 12/15 frames (12 detections)
2026-03-16 21:02:52,718 INFO vex_extract.cursor:   Cursor: 13/15 frames (13 detections)
2026-03-16 21:02:52,732 INFO vex_extract.cursor:   Cursor: 14/15 frames (14 detections)
2026-03-16 21:02:53,013 INFO vex_extract.cursor:   Cursor: pass 2 — 17 frames at 5.0 FPS [54367ms-57867ms]
2026-03-16 21:02:53,093 INFO vex_extract.cursor:   Cursor: 1/17 frames (1 detections)
2026-03-16 21:02:53,107 INFO vex_extract.cursor:   Cursor: 2/17 frames (2 detections)
2026-03-16 21:02:53,120 INFO vex_extract.cursor:   Cursor: 3/17 frames (3 detections)
2026-03-16 21:02:53,134 INFO vex_extract.cursor:   Cursor: 4/17 frames (4 detections)
2026-03-16 21:02:53,147 INFO vex_extract.cursor:   Cursor: 5/17 frames (5 detections)
2026-03-16 21:02:53,160 INFO vex_extract.cursor:   Cursor: 6/17 frames (6 detections)
2026-03-16 21:02:53,174 INFO vex_extract.cursor:   Cursor: 7/17 frames (7 detections)
2026-03-16 21:02:53,187 INFO vex_extract.cursor:   Cursor: 8/17 frames (8 detections)
2026-03-16 21:02:53,200 INFO vex_extract.cursor:   Cursor: 9/17 frames (9 detections)
2026-03-16 21:02:53,212 INFO vex_extract.cursor:   Cursor: 10/17 frames (10 detections)
2026-03-16 21:02:53,226 INFO vex_extract.cursor:   Cursor: 11/17 frames (11 detections)
2026-03-16 21:02:53,239 INFO vex_extract.cursor:   Cursor: 12/17 frames (12 detections)
2026-03-16 21:02:53,252 INFO vex_extract.cursor:   Cursor: 13/17 frames (13 detections)
2026-03-16 21:02:53,265 INFO vex_extract.cursor:   Cursor: 14/17 frames (14 detections)
2026-03-16 21:02:53,279 INFO vex_extract.cursor:   Cursor: 15/17 frames (15 detections)
2026-03-16 21:02:53,292 INFO vex_extract.cursor:   Cursor: 16/17 frames (16 detections)
2026-03-16 21:02:53,581 INFO vex_extract.cursor:   Cursor: pass 2 — 14 frames at 5.0 FPS [58700ms-61467ms]
2026-03-16 21:02:53,661 INFO vex_extract.cursor:   Cursor: 1/14 frames (1 detections)
2026-03-16 21:02:53,674 INFO vex_extract.cursor:   Cursor: 2/14 frames (2 detections)
2026-03-16 21:02:53,687 INFO vex_extract.cursor:   Cursor: 3/14 frames (3 detections)
2026-03-16 21:02:53,700 INFO vex_extract.cursor:   Cursor: 4/14 frames (4 detections)
2026-03-16 21:02:53,713 INFO vex_extract.cursor:   Cursor: 5/14 frames (5 detections)
2026-03-16 21:02:53,727 INFO vex_extract.cursor:   Cursor: 6/14 frames (6 detections)
2026-03-16 21:02:53,740 INFO vex_extract.cursor:   Cursor: 7/14 frames (7 detections)
2026-03-16 21:02:53,753 INFO vex_extract.cursor:   Cursor: 8/14 frames (8 detections)
2026-03-16 21:02:53,767 INFO vex_extract.cursor:   Cursor: 9/14 frames (9 detections)
2026-03-16 21:02:53,780 INFO vex_extract.cursor:   Cursor: 10/14 frames (10 detections)
2026-03-16 21:02:53,793 INFO vex_extract.cursor:   Cursor: 11/14 frames (11 detections)
2026-03-16 21:02:53,807 INFO vex_extract.cursor:   Cursor: 12/14 frames (12 detections)
2026-03-16 21:02:53,820 INFO vex_extract.cursor:   Cursor: 13/14 frames (13 detections)
2026-03-16 21:02:54,105 INFO vex_extract.cursor:   Cursor: pass 2 — 7 frames at 5.0 FPS [64400ms-65767ms]
2026-03-16 21:02:54,185 INFO vex_extract.cursor:   Cursor: 1/7 frames (1 detections)
2026-03-16 21:02:54,199 INFO vex_extract.cursor:   Cursor: 2/7 frames (2 detections)
2026-03-16 21:02:54,212 INFO vex_extract.cursor:   Cursor: 3/7 frames (3 detections)
2026-03-16 21:02:54,226 INFO vex_extract.cursor:   Cursor: 4/7 frames (4 detections)
2026-03-16 21:02:54,239 INFO vex_extract.cursor:   Cursor: 5/7 frames (5 detections)
2026-03-16 21:02:54,252 INFO vex_extract.cursor:   Cursor: 6/7 frames (6 detections)
2026-03-16 21:02:54,549 INFO vex_extract.cursor:   Cursor: pass 2 — 7 frames at 5.0 FPS [67100ms-68433ms]
2026-03-16 21:02:54,629 INFO vex_extract.cursor:   Cursor: 1/7 frames (1 detections)
2026-03-16 21:02:54,643 INFO vex_extract.cursor:   Cursor: 2/7 frames (2 detections)
2026-03-16 21:02:54,656 INFO vex_extract.cursor:   Cursor: 3/7 frames (3 detections)
2026-03-16 21:02:54,669 INFO vex_extract.cursor:   Cursor: 4/7 frames (4 detections)
2026-03-16 21:02:54,683 INFO vex_extract.cursor:   Cursor: 5/7 frames (5 detections)
2026-03-16 21:02:54,696 INFO vex_extract.cursor:   Cursor: 6/7 frames (6 detections)
2026-03-16 21:02:55,072 INFO vex_extract.cursor:   Cursor: pass 2 — 29 frames at 5.0 FPS [69433ms-75100ms]
2026-03-16 21:02:55,164 INFO vex_extract.cursor:   Cursor: 2/29 frames (2 detections)
2026-03-16 21:02:55,190 INFO vex_extract.cursor:   Cursor: 4/29 frames (4 detections)
2026-03-16 21:02:55,217 INFO vex_extract.cursor:   Cursor: 6/29 frames (6 detections)
2026-03-16 21:02:55,243 INFO vex_extract.cursor:   Cursor: 8/29 frames (8 detections)
2026-03-16 21:02:55,269 INFO vex_extract.cursor:   Cursor: 10/29 frames (10 detections)
2026-03-16 21:02:55,296 INFO vex_extract.cursor:   Cursor: 12/29 frames (12 detections)
2026-03-16 21:02:55,322 INFO vex_extract.cursor:   Cursor: 14/29 frames (14 detections)
2026-03-16 21:02:55,348 INFO vex_extract.cursor:   Cursor: 16/29 frames (16 detections)
2026-03-16 21:02:55,375 INFO vex_extract.cursor:   Cursor: 18/29 frames (18 detections)
2026-03-16 21:02:55,401 INFO vex_extract.cursor:   Cursor: 20/29 frames (20 detections)
2026-03-16 21:02:55,427 INFO vex_extract.cursor:   Cursor: 22/29 frames (22 detections)
2026-03-16 21:02:55,454 INFO vex_extract.cursor:   Cursor: 24/29 frames (24 detections)
2026-03-16 21:02:55,481 INFO vex_extract.cursor:   Cursor: 26/29 frames (26 detections)
2026-03-16 21:02:55,508 INFO vex_extract.cursor:   Cursor: 28/29 frames (28 detections)
2026-03-16 21:02:55,842 INFO vex_extract.cursor:   Cursor: pass 2 — 7 frames at 5.0 FPS [75433ms-76767ms]
2026-03-16 21:02:55,921 INFO vex_extract.cursor:   Cursor: 1/7 frames (1 detections)
2026-03-16 21:02:55,935 INFO vex_extract.cursor:   Cursor: 2/7 frames (2 detections)
2026-03-16 21:02:55,948 INFO vex_extract.cursor:   Cursor: 3/7 frames (3 detections)
2026-03-16 21:02:55,962 INFO vex_extract.cursor:   Cursor: 4/7 frames (4 detections)
2026-03-16 21:02:55,975 INFO vex_extract.cursor:   Cursor: 5/7 frames (5 detections)
2026-03-16 21:02:55,988 INFO vex_extract.cursor:   Cursor: 6/7 frames (6 detections)
2026-03-16 21:02:56,333 INFO vex_extract.cursor:   Cursor: pass 2 — 7 frames at 5.0 FPS [78767ms-80100ms]
2026-03-16 21:02:56,413 INFO vex_extract.cursor:   Cursor: 1/7 frames (1 detections)
2026-03-16 21:02:56,426 INFO vex_extract.cursor:   Cursor: 2/7 frames (2 detections)
2026-03-16 21:02:56,439 INFO vex_extract.cursor:   Cursor: 3/7 frames (3 detections)
2026-03-16 21:02:56,453 INFO vex_extract.cursor:   Cursor: 4/7 frames (4 detections)
2026-03-16 21:02:56,466 INFO vex_extract.cursor:   Cursor: 5/7 frames (5 detections)
2026-03-16 21:02:56,480 INFO vex_extract.cursor:   Cursor: 6/7 frames (6 detections)
2026-03-16 21:02:56,995 INFO vex_extract.cursor:   Cursor: pass 2 — 52 frames at 5.0 FPS [82767ms-93100ms]
2026-03-16 21:02:57,128 INFO vex_extract.cursor:   Cursor: 5/52 frames (5 detections)
2026-03-16 21:02:57,194 INFO vex_extract.cursor:   Cursor: 10/52 frames (10 detections)
2026-03-16 21:02:57,260 INFO vex_extract.cursor:   Cursor: 15/52 frames (15 detections)
2026-03-16 21:02:57,327 INFO vex_extract.cursor:   Cursor: 20/52 frames (20 detections)
2026-03-16 21:02:57,393 INFO vex_extract.cursor:   Cursor: 25/52 frames (25 detections)
2026-03-16 21:02:57,459 INFO vex_extract.cursor:   Cursor: 30/52 frames (30 detections)
2026-03-16 21:02:57,525 INFO vex_extract.cursor:   Cursor: 35/52 frames (35 detections)
2026-03-16 21:02:57,592 INFO vex_extract.cursor:   Cursor: 40/52 frames (40 detections)
2026-03-16 21:02:57,659 INFO vex_extract.cursor:   Cursor: 45/52 frames (45 detections)
2026-03-16 21:02:57,727 INFO vex_extract.cursor:   Cursor: 50/52 frames (50 detections)
2026-03-16 21:02:58,240 INFO vex_extract.cursor:   Cursor: pass 2 — 35 frames at 5.0 FPS [93433ms-100433ms]
2026-03-16 21:02:58,347 INFO vex_extract.cursor:   Cursor: 3/35 frames (3 detections)
2026-03-16 21:02:58,387 INFO vex_extract.cursor:   Cursor: 6/35 frames (6 detections)
2026-03-16 21:02:58,427 INFO vex_extract.cursor:   Cursor: 9/35 frames (9 detections)
2026-03-16 21:02:58,466 INFO vex_extract.cursor:   Cursor: 12/35 frames (12 detections)
2026-03-16 21:02:58,505 INFO vex_extract.cursor:   Cursor: 15/35 frames (15 detections)
2026-03-16 21:02:58,545 INFO vex_extract.cursor:   Cursor: 18/35 frames (18 detections)
2026-03-16 21:02:58,585 INFO vex_extract.cursor:   Cursor: 21/35 frames (21 detections)
2026-03-16 21:02:58,625 INFO vex_extract.cursor:   Cursor: 24/35 frames (24 detections)
2026-03-16 21:02:58,664 INFO vex_extract.cursor:   Cursor: 27/35 frames (27 detections)
2026-03-16 21:02:58,705 INFO vex_extract.cursor:   Cursor: 30/35 frames (30 detections)
2026-03-16 21:02:58,745 INFO vex_extract.cursor:   Cursor: 33/35 frames (33 detections)
2026-03-16 21:02:59,225 INFO vex_extract.cursor:   Cursor: pass 2 — 11 frames at 5.0 FPS [104433ms-106767ms]
2026-03-16 21:02:59,257 INFO vex_extract.cursor:   Cursor: 1/11 frames (1 detections)
2026-03-16 21:02:59,264 INFO vex_extract.cursor:   Cursor: 2/11 frames (2 detections)
2026-03-16 21:02:59,271 INFO vex_extract.cursor:   Cursor: 3/11 frames (3 detections)
2026-03-16 21:02:59,278 INFO vex_extract.cursor:   Cursor: 4/11 frames (4 detections)
2026-03-16 21:02:59,284 INFO vex_extract.cursor:   Cursor: 5/11 frames (5 detections)
2026-03-16 21:02:59,291 INFO vex_extract.cursor:   Cursor: 6/11 frames (6 detections)
2026-03-16 21:02:59,298 INFO vex_extract.cursor:   Cursor: 7/11 frames (7 detections)
2026-03-16 21:02:59,304 INFO vex_extract.cursor:   Cursor: 8/11 frames (8 detections)
2026-03-16 21:02:59,318 INFO vex_extract.cursor:   Cursor: 9/11 frames (9 detections)
2026-03-16 21:02:59,331 INFO vex_extract.cursor:   Cursor: 10/11 frames (10 detections)
2026-03-16 21:02:59,823 INFO vex_extract.cursor:   Cursor: pass 2 — 16 frames at 5.0 FPS [107100ms-110433ms]
2026-03-16 21:02:59,903 INFO vex_extract.cursor:   Cursor: 1/16 frames (1 detections)
2026-03-16 21:02:59,916 INFO vex_extract.cursor:   Cursor: 2/16 frames (2 detections)
2026-03-16 21:02:59,929 INFO vex_extract.cursor:   Cursor: 3/16 frames (3 detections)
2026-03-16 21:02:59,942 INFO vex_extract.cursor:   Cursor: 4/16 frames (4 detections)
2026-03-16 21:02:59,955 INFO vex_extract.cursor:   Cursor: 5/16 frames (5 detections)
2026-03-16 21:02:59,968 INFO vex_extract.cursor:   Cursor: 6/16 frames (6 detections)
2026-03-16 21:02:59,981 INFO vex_extract.cursor:   Cursor: 7/16 frames (7 detections)
2026-03-16 21:02:59,994 INFO vex_extract.cursor:   Cursor: 8/16 frames (8 detections)
2026-03-16 21:03:00,008 INFO vex_extract.cursor:   Cursor: 9/16 frames (9 detections)
2026-03-16 21:03:00,021 INFO vex_extract.cursor:   Cursor: 10/16 frames (10 detections)
2026-03-16 21:03:00,034 INFO vex_extract.cursor:   Cursor: 11/16 frames (11 detections)
2026-03-16 21:03:00,047 INFO vex_extract.cursor:   Cursor: 12/16 frames (12 detections)
2026-03-16 21:03:00,060 INFO vex_extract.cursor:   Cursor: 13/16 frames (13 detections)
2026-03-16 21:03:00,073 INFO vex_extract.cursor:   Cursor: 14/16 frames (14 detections)
2026-03-16 21:03:00,087 INFO vex_extract.cursor:   Cursor: 15/16 frames (15 detections)
2026-03-16 21:03:00,567 INFO vex_extract.cursor:   Cursor: pass 2 — 7 frames at 5.0 FPS [111767ms-113100ms]
2026-03-16 21:03:00,647 INFO vex_extract.cursor:   Cursor: 1/7 frames (1 detections)
2026-03-16 21:03:00,661 INFO vex_extract.cursor:   Cursor: 2/7 frames (2 detections)
2026-03-16 21:03:00,674 INFO vex_extract.cursor:   Cursor: 3/7 frames (3 detections)
2026-03-16 21:03:00,688 INFO vex_extract.cursor:   Cursor: 4/7 frames (4 detections)
2026-03-16 21:03:00,701 INFO vex_extract.cursor:   Cursor: 5/7 frames (5 detections)
2026-03-16 21:03:00,714 INFO vex_extract.cursor:   Cursor: 6/7 frames (6 detections)
2026-03-16 21:03:01,212 INFO vex_extract.cursor:   Cursor: pass 2 — 11 frames at 5.0 FPS [113433ms-115767ms]
2026-03-16 21:03:01,291 INFO vex_extract.cursor:   Cursor: 1/11 frames (1 detections)
2026-03-16 21:03:01,305 INFO vex_extract.cursor:   Cursor: 2/11 frames (2 detections)
2026-03-16 21:03:01,318 INFO vex_extract.cursor:   Cursor: 3/11 frames (3 detections)
2026-03-16 21:03:01,331 INFO vex_extract.cursor:   Cursor: 4/11 frames (4 detections)
2026-03-16 21:03:01,344 INFO vex_extract.cursor:   Cursor: 5/11 frames (5 detections)
2026-03-16 21:03:01,358 INFO vex_extract.cursor:   Cursor: 6/11 frames (6 detections)
2026-03-16 21:03:01,371 INFO vex_extract.cursor:   Cursor: 7/11 frames (7 detections)
2026-03-16 21:03:01,384 INFO vex_extract.cursor:   Cursor: 8/11 frames (8 detections)
2026-03-16 21:03:01,397 INFO vex_extract.cursor:   Cursor: 9/11 frames (9 detections)
2026-03-16 21:03:01,410 INFO vex_extract.cursor:   Cursor: 10/11 frames (10 detections)
2026-03-16 21:03:01,908 INFO vex_extract.cursor:   Cursor: pass 2 — 7 frames at 5.0 FPS [116767ms-118100ms]
2026-03-16 21:03:01,988 INFO vex_extract.cursor:   Cursor: 1/7 frames (1 detections)
2026-03-16 21:03:02,002 INFO vex_extract.cursor:   Cursor: 2/7 frames (2 detections)
2026-03-16 21:03:02,016 INFO vex_extract.cursor:   Cursor: 3/7 frames (3 detections)
2026-03-16 21:03:02,029 INFO vex_extract.cursor:   Cursor: 4/7 frames (4 detections)
2026-03-16 21:03:02,042 INFO vex_extract.cursor:   Cursor: 5/7 frames (5 detections)
2026-03-16 21:03:02,055 INFO vex_extract.cursor:   Cursor: 6/7 frames (6 detections)
2026-03-16 21:03:02,621 INFO vex_extract.cursor:   Cursor: pass 2 — 18 frames at 5.0 FPS [124100ms-127767ms]
2026-03-16 21:03:02,702 INFO vex_extract.cursor:   Cursor: 1/18 frames (1 detections)
2026-03-16 21:03:02,715 INFO vex_extract.cursor:   Cursor: 2/18 frames (2 detections)
2026-03-16 21:03:02,729 INFO vex_extract.cursor:   Cursor: 3/18 frames (3 detections)
2026-03-16 21:03:02,742 INFO vex_extract.cursor:   Cursor: 4/18 frames (4 detections)
2026-03-16 21:03:02,755 INFO vex_extract.cursor:   Cursor: 5/18 frames (5 detections)
2026-03-16 21:03:02,769 INFO vex_extract.cursor:   Cursor: 6/18 frames (6 detections)
2026-03-16 21:03:02,783 INFO vex_extract.cursor:   Cursor: 7/18 frames (7 detections)
2026-03-16 21:03:02,796 INFO vex_extract.cursor:   Cursor: 8/18 frames (8 detections)
2026-03-16 21:03:02,809 INFO vex_extract.cursor:   Cursor: 9/18 frames (9 detections)
2026-03-16 21:03:02,823 INFO vex_extract.cursor:   Cursor: 10/18 frames (10 detections)
2026-03-16 21:03:02,837 INFO vex_extract.cursor:   Cursor: 11/18 frames (11 detections)
2026-03-16 21:03:02,850 INFO vex_extract.cursor:   Cursor: 12/18 frames (12 detections)
2026-03-16 21:03:02,863 INFO vex_extract.cursor:   Cursor: 13/18 frames (13 detections)
2026-03-16 21:03:02,876 INFO vex_extract.cursor:   Cursor: 14/18 frames (14 detections)
2026-03-16 21:03:02,889 INFO vex_extract.cursor:   Cursor: 15/18 frames (15 detections)
2026-03-16 21:03:02,902 INFO vex_extract.cursor:   Cursor: 16/18 frames (16 detections)
2026-03-16 21:03:02,915 INFO vex_extract.cursor:   Cursor: 17/18 frames (17 detections)
2026-03-16 21:03:03,470 INFO vex_extract.cursor:   Cursor: pass 2 — 10 frames at 5.0 FPS [127800ms-129833ms]
2026-03-16 21:03:03,503 INFO vex_extract.cursor:   Cursor: 1/10 frames (1 detections)
2026-03-16 21:03:03,516 INFO vex_extract.cursor:   Cursor: 2/10 frames (2 detections)
2026-03-16 21:03:03,530 INFO vex_extract.cursor:   Cursor: 3/10 frames (3 detections)
2026-03-16 21:03:03,537 INFO vex_extract.cursor:   Cursor: 4/10 frames (4 detections)
2026-03-16 21:03:03,543 INFO vex_extract.cursor:   Cursor: 5/10 frames (5 detections)
2026-03-16 21:03:03,550 INFO vex_extract.cursor:   Cursor: 6/10 frames (6 detections)
2026-03-16 21:03:03,557 INFO vex_extract.cursor:   Cursor: 7/10 frames (7 detections)
2026-03-16 21:03:03,570 INFO vex_extract.cursor:   Cursor: 8/10 frames (8 detections)
2026-03-16 21:03:03,577 INFO vex_extract.cursor:   Cursor: 9/10 frames (9 detections)
2026-03-16 21:03:04,211 INFO vex_extract.cursor:   Cursor: pass 2 — 31 frames at 5.0 FPS [129867ms-136067ms]
2026-03-16 21:03:04,251 INFO vex_extract.cursor:   Cursor: 3/31 frames (3 detections)
2026-03-16 21:03:04,291 INFO vex_extract.cursor:   Cursor: 6/31 frames (6 detections)
2026-03-16 21:03:04,332 INFO vex_extract.cursor:   Cursor: 9/31 frames (9 detections)
2026-03-16 21:03:04,372 INFO vex_extract.cursor:   Cursor: 12/31 frames (12 detections)
2026-03-16 21:03:04,412 INFO vex_extract.cursor:   Cursor: 15/31 frames (15 detections)
2026-03-16 21:03:04,452 INFO vex_extract.cursor:   Cursor: 18/31 frames (18 detections)
2026-03-16 21:03:04,492 INFO vex_extract.cursor:   Cursor: 21/31 frames (21 detections)
2026-03-16 21:03:04,532 INFO vex_extract.cursor:   Cursor: 24/31 frames (24 detections)
2026-03-16 21:03:04,572 INFO vex_extract.cursor:   Cursor: 27/31 frames (27 detections)
2026-03-16 21:03:04,612 INFO vex_extract.cursor:   Cursor: 30/31 frames (30 detections)
2026-03-16 21:03:05,208 INFO vex_extract.cursor:   Cursor: pass 2 — 11 frames at 5.0 FPS [136100ms-138167ms]
2026-03-16 21:03:05,286 INFO vex_extract.cursor:   Cursor: 1/11 frames (1 detections)
2026-03-16 21:03:05,300 INFO vex_extract.cursor:   Cursor: 2/11 frames (2 detections)
2026-03-16 21:03:05,313 INFO vex_extract.cursor:   Cursor: 3/11 frames (3 detections)
2026-03-16 21:03:05,326 INFO vex_extract.cursor:   Cursor: 4/11 frames (4 detections)
2026-03-16 21:03:05,339 INFO vex_extract.cursor:   Cursor: 5/11 frames (5 detections)
2026-03-16 21:03:05,353 INFO vex_extract.cursor:   Cursor: 6/11 frames (6 detections)
2026-03-16 21:03:05,367 INFO vex_extract.cursor:   Cursor: 7/11 frames (7 detections)
2026-03-16 21:03:05,380 INFO vex_extract.cursor:   Cursor: 8/11 frames (8 detections)
2026-03-16 21:03:05,394 INFO vex_extract.cursor:   Cursor: 9/11 frames (9 detections)
2026-03-16 21:03:05,407 INFO vex_extract.cursor:   Cursor: 10/11 frames (10 detections)
2026-03-16 21:03:06,010 INFO vex_extract.cursor:   Cursor: pass 2 — 9 frames at 5.0 FPS [140267ms-141933ms]
2026-03-16 21:03:06,090 INFO vex_extract.cursor:   Cursor: 1/9 frames (1 detections)
2026-03-16 21:03:06,104 INFO vex_extract.cursor:   Cursor: 2/9 frames (2 detections)
2026-03-16 21:03:06,118 INFO vex_extract.cursor:   Cursor: 3/9 frames (3 detections)
2026-03-16 21:03:06,131 INFO vex_extract.cursor:   Cursor: 4/9 frames (4 detections)
2026-03-16 21:03:06,145 INFO vex_extract.cursor:   Cursor: 5/9 frames (5 detections)
2026-03-16 21:03:06,159 INFO vex_extract.cursor:   Cursor: 6/9 frames (6 detections)
2026-03-16 21:03:06,172 INFO vex_extract.cursor:   Cursor: 7/9 frames (7 detections)
2026-03-16 21:03:06,186 INFO vex_extract.cursor:   Cursor: 8/9 frames (8 detections)
2026-03-16 21:03:06,824 INFO vex_extract.cursor:   Cursor: pass 2 — 14 frames at 5.0 FPS [144067ms-146800ms]
2026-03-16 21:03:06,904 INFO vex_extract.cursor:   Cursor: 1/14 frames (1 detections)
2026-03-16 21:03:06,917 INFO vex_extract.cursor:   Cursor: 2/14 frames (2 detections)
2026-03-16 21:03:06,930 INFO vex_extract.cursor:   Cursor: 3/14 frames (3 detections)
2026-03-16 21:03:06,944 INFO vex_extract.cursor:   Cursor: 4/14 frames (4 detections)
2026-03-16 21:03:06,957 INFO vex_extract.cursor:   Cursor: 5/14 frames (5 detections)
2026-03-16 21:03:06,970 INFO vex_extract.cursor:   Cursor: 6/14 frames (6 detections)
2026-03-16 21:03:06,984 INFO vex_extract.cursor:   Cursor: 7/14 frames (7 detections)
2026-03-16 21:03:06,997 INFO vex_extract.cursor:   Cursor: 8/14 frames (8 detections)
2026-03-16 21:03:07,010 INFO vex_extract.cursor:   Cursor: 9/14 frames (9 detections)
2026-03-16 21:03:07,024 INFO vex_extract.cursor:   Cursor: 10/14 frames (10 detections)
2026-03-16 21:03:07,037 INFO vex_extract.cursor:   Cursor: 11/14 frames (11 detections)
2026-03-16 21:03:07,050 INFO vex_extract.cursor:   Cursor: 12/14 frames (12 detections)
2026-03-16 21:03:07,064 INFO vex_extract.cursor:   Cursor: 13/14 frames (13 detections)
2026-03-16 21:03:07,701 INFO vex_extract.cursor:   Cursor: pass 2 — 10 frames at 5.0 FPS [147533ms-149567ms]
2026-03-16 21:03:07,735 INFO vex_extract.cursor:   Cursor: 1/10 frames (1 detections)
2026-03-16 21:03:07,742 INFO vex_extract.cursor:   Cursor: 2/10 frames (2 detections)
2026-03-16 21:03:07,748 INFO vex_extract.cursor:   Cursor: 3/10 frames (3 detections)
2026-03-16 21:03:07,762 INFO vex_extract.cursor:   Cursor: 4/10 frames (4 detections)
2026-03-16 21:03:07,775 INFO vex_extract.cursor:   Cursor: 5/10 frames (5 detections)
2026-03-16 21:03:07,788 INFO vex_extract.cursor:   Cursor: 6/10 frames (6 detections)
2026-03-16 21:03:07,802 INFO vex_extract.cursor:   Cursor: 7/10 frames (7 detections)
2026-03-16 21:03:07,815 INFO vex_extract.cursor:   Cursor: 8/10 frames (8 detections)
2026-03-16 21:03:07,822 INFO vex_extract.cursor:   Cursor: 9/10 frames (9 detections)
2026-03-16 21:03:08,491 INFO vex_extract.cursor:   Cursor: pass 2 — 16 frames at 5.0 FPS [152367ms-155433ms]
2026-03-16 21:03:08,525 INFO vex_extract.cursor:   Cursor: 1/16 frames (1 detections)
2026-03-16 21:03:08,532 INFO vex_extract.cursor:   Cursor: 2/16 frames (2 detections)
2026-03-16 21:03:08,539 INFO vex_extract.cursor:   Cursor: 3/16 frames (3 detections)
2026-03-16 21:03:08,545 INFO vex_extract.cursor:   Cursor: 4/16 frames (4 detections)
2026-03-16 21:03:08,559 INFO vex_extract.cursor:   Cursor: 5/16 frames (5 detections)
2026-03-16 21:03:08,572 INFO vex_extract.cursor:   Cursor: 6/16 frames (6 detections)
2026-03-16 21:03:08,585 INFO vex_extract.cursor:   Cursor: 7/16 frames (7 detections)
2026-03-16 21:03:08,598 INFO vex_extract.cursor:   Cursor: 8/16 frames (8 detections)
2026-03-16 21:03:08,612 INFO vex_extract.cursor:   Cursor: 9/16 frames (9 detections)
2026-03-16 21:03:08,625 INFO vex_extract.cursor:   Cursor: 10/16 frames (10 detections)
2026-03-16 21:03:08,638 INFO vex_extract.cursor:   Cursor: 11/16 frames (11 detections)
2026-03-16 21:03:08,652 INFO vex_extract.cursor:   Cursor: 12/16 frames (12 detections)
2026-03-16 21:03:08,665 INFO vex_extract.cursor:   Cursor: 13/16 frames (13 detections)
2026-03-16 21:03:08,678 INFO vex_extract.cursor:   Cursor: 14/16 frames (14 detections)
2026-03-16 21:03:08,692 INFO vex_extract.cursor:   Cursor: 15/16 frames (15 detections)
2026-03-16 21:03:09,358 INFO vex_extract.cursor:   Cursor: pass 2 — 7 frames at 5.0 FPS [157233ms-158567ms]
2026-03-16 21:03:09,438 INFO vex_extract.cursor:   Cursor: 1/7 frames (1 detections)
2026-03-16 21:03:09,451 INFO vex_extract.cursor:   Cursor: 2/7 frames (2 detections)
2026-03-16 21:03:09,464 INFO vex_extract.cursor:   Cursor: 3/7 frames (3 detections)
2026-03-16 21:03:09,478 INFO vex_extract.cursor:   Cursor: 4/7 frames (4 detections)
2026-03-16 21:03:09,491 INFO vex_extract.cursor:   Cursor: 5/7 frames (5 detections)
2026-03-16 21:03:09,504 INFO vex_extract.cursor:   Cursor: 6/7 frames (6 detections)
2026-03-16 21:03:10,190 INFO vex_extract.cursor:   Cursor: pass 2 — 9 frames at 5.0 FPS [160700ms-162367ms]
2026-03-16 21:03:10,270 INFO vex_extract.cursor:   Cursor: 1/9 frames (1 detections)
2026-03-16 21:03:10,284 INFO vex_extract.cursor:   Cursor: 2/9 frames (2 detections)
2026-03-16 21:03:10,297 INFO vex_extract.cursor:   Cursor: 3/9 frames (3 detections)
2026-03-16 21:03:10,310 INFO vex_extract.cursor:   Cursor: 4/9 frames (4 detections)
2026-03-16 21:03:10,323 INFO vex_extract.cursor:   Cursor: 5/9 frames (5 detections)
2026-03-16 21:03:10,337 INFO vex_extract.cursor:   Cursor: 6/9 frames (6 detections)
2026-03-16 21:03:10,350 INFO vex_extract.cursor:   Cursor: 7/9 frames (7 detections)
2026-03-16 21:03:10,364 INFO vex_extract.cursor:   Cursor: 8/9 frames (8 detections)
2026-03-16 21:03:11,135 INFO vex_extract.cursor:   Cursor: pass 2 — 33 frames at 5.0 FPS [162400ms-168933ms]
2026-03-16 21:03:11,243 INFO vex_extract.cursor:   Cursor: 3/33 frames (3 detections)
2026-03-16 21:03:11,282 INFO vex_extract.cursor:   Cursor: 6/33 frames (6 detections)
2026-03-16 21:03:11,322 INFO vex_extract.cursor:   Cursor: 9/33 frames (9 detections)
2026-03-16 21:03:11,362 INFO vex_extract.cursor:   Cursor: 12/33 frames (12 detections)
2026-03-16 21:03:11,402 INFO vex_extract.cursor:   Cursor: 15/33 frames (15 detections)
2026-03-16 21:03:11,442 INFO vex_extract.cursor:   Cursor: 18/33 frames (18 detections)
2026-03-16 21:03:11,481 INFO vex_extract.cursor:   Cursor: 21/33 frames (21 detections)
2026-03-16 21:03:11,522 INFO vex_extract.cursor:   Cursor: 24/33 frames (24 detections)
2026-03-16 21:03:11,562 INFO vex_extract.cursor:   Cursor: 27/33 frames (27 detections)
2026-03-16 21:03:11,601 INFO vex_extract.cursor:   Cursor: 30/33 frames (30 detections)
2026-03-16 21:03:12,425 INFO vex_extract.cursor:   Cursor: pass 2 — 31 frames at 5.0 FPS [171067ms-177267ms]
2026-03-16 21:03:12,472 INFO vex_extract.cursor:   Cursor: 3/31 frames (3 detections)
2026-03-16 21:03:12,505 INFO vex_extract.cursor:   Cursor: 6/31 frames (6 detections)
2026-03-16 21:03:12,544 INFO vex_extract.cursor:   Cursor: 9/31 frames (9 detections)
2026-03-16 21:03:12,583 INFO vex_extract.cursor:   Cursor: 12/31 frames (12 detections)
2026-03-16 21:03:12,623 INFO vex_extract.cursor:   Cursor: 15/31 frames (15 detections)
2026-03-16 21:03:12,663 INFO vex_extract.cursor:   Cursor: 18/31 frames (18 detections)
2026-03-16 21:03:12,703 INFO vex_extract.cursor:   Cursor: 21/31 frames (21 detections)
2026-03-16 21:03:12,743 INFO vex_extract.cursor:   Cursor: 24/31 frames (24 detections)
2026-03-16 21:03:12,782 INFO vex_extract.cursor:   Cursor: 27/31 frames (27 detections)
2026-03-16 21:03:12,823 INFO vex_extract.cursor:   Cursor: 30/31 frames (30 detections)
2026-03-16 21:03:13,584 INFO vex_extract.cursor:   Cursor: pass 2 — 11 frames at 5.0 FPS [178700ms-180733ms]
2026-03-16 21:03:13,617 INFO vex_extract.cursor:   Cursor: 1/11 frames (1 detections)
2026-03-16 21:03:13,624 INFO vex_extract.cursor:   Cursor: 2/11 frames (2 detections)
2026-03-16 21:03:13,631 INFO vex_extract.cursor:   Cursor: 3/11 frames (3 detections)
2026-03-16 21:03:13,638 INFO vex_extract.cursor:   Cursor: 4/11 frames (4 detections)
2026-03-16 21:03:13,651 INFO vex_extract.cursor:   Cursor: 5/11 frames (5 detections)
2026-03-16 21:03:13,664 INFO vex_extract.cursor:   Cursor: 6/11 frames (6 detections)
2026-03-16 21:03:13,678 INFO vex_extract.cursor:   Cursor: 7/11 frames (7 detections)
2026-03-16 21:03:13,691 INFO vex_extract.cursor:   Cursor: 8/11 frames (8 detections)
2026-03-16 21:03:13,704 INFO vex_extract.cursor:   Cursor: 9/11 frames (9 detections)
2026-03-16 21:03:13,718 INFO vex_extract.cursor:   Cursor: 10/11 frames (10 detections)
2026-03-16 21:03:14,500 INFO vex_extract.cursor:   Cursor: pass 2 — 14 frames at 5.0 FPS [180767ms-183500ms]
2026-03-16 21:03:14,580 INFO vex_extract.cursor:   Cursor: 1/14 frames (1 detections)
2026-03-16 21:03:14,594 INFO vex_extract.cursor:   Cursor: 2/14 frames (2 detections)
2026-03-16 21:03:14,607 INFO vex_extract.cursor:   Cursor: 3/14 frames (3 detections)
2026-03-16 21:03:14,620 INFO vex_extract.cursor:   Cursor: 4/14 frames (4 detections)
2026-03-16 21:03:14,633 INFO vex_extract.cursor:   Cursor: 5/14 frames (5 detections)
2026-03-16 21:03:14,647 INFO vex_extract.cursor:   Cursor: 6/14 frames (6 detections)
2026-03-16 21:03:14,654 INFO vex_extract.cursor:   Cursor: 7/14 frames (7 detections)
2026-03-16 21:03:14,661 INFO vex_extract.cursor:   Cursor: 8/14 frames (8 detections)
2026-03-16 21:03:14,668 INFO vex_extract.cursor:   Cursor: 9/14 frames (9 detections)
2026-03-16 21:03:14,674 INFO vex_extract.cursor:   Cursor: 10/14 frames (10 detections)
2026-03-16 21:03:14,681 INFO vex_extract.cursor:   Cursor: 11/14 frames (11 detections)
2026-03-16 21:03:14,688 INFO vex_extract.cursor:   Cursor: 12/14 frames (12 detections)
2026-03-16 21:03:14,694 INFO vex_extract.cursor:   Cursor: 13/14 frames (13 detections)
2026-03-16 21:03:15,461 INFO vex_extract.cursor:   Cursor: pass 2 — 7 frames at 5.0 FPS [183533ms-184867ms]
2026-03-16 21:03:15,495 INFO vex_extract.cursor:   Cursor: 1/7 frames (1 detections)
2026-03-16 21:03:15,502 INFO vex_extract.cursor:   Cursor: 2/7 frames (2 detections)
2026-03-16 21:03:15,508 INFO vex_extract.cursor:   Cursor: 3/7 frames (3 detections)
2026-03-16 21:03:15,515 INFO vex_extract.cursor:   Cursor: 4/7 frames (4 detections)
2026-03-16 21:03:15,529 INFO vex_extract.cursor:   Cursor: 5/7 frames (5 detections)
2026-03-16 21:03:15,541 INFO vex_extract.cursor:   Cursor: 6/7 frames (6 detections)
2026-03-16 21:03:16,335 INFO vex_extract.cursor:   Cursor: pass 2 — 9 frames at 5.0 FPS [187333ms-189033ms]
2026-03-16 21:03:16,395 INFO vex_extract.cursor:   Cursor: 1/9 frames (1 detections)
2026-03-16 21:03:16,402 INFO vex_extract.cursor:   Cursor: 2/9 frames (2 detections)
2026-03-16 21:03:16,408 INFO vex_extract.cursor:   Cursor: 3/9 frames (3 detections)
2026-03-16 21:03:16,415 INFO vex_extract.cursor:   Cursor: 4/9 frames (4 detections)
2026-03-16 21:03:16,429 INFO vex_extract.cursor:   Cursor: 5/9 frames (5 detections)
2026-03-16 21:03:16,442 INFO vex_extract.cursor:   Cursor: 6/9 frames (6 detections)
2026-03-16 21:03:16,456 INFO vex_extract.cursor:   Cursor: 7/9 frames (7 detections)
2026-03-16 21:03:16,470 INFO vex_extract.cursor:   Cursor: 8/9 frames (8 detections)
2026-03-16 21:03:17,429 INFO vex_extract.cursor:   Cursor: pass 2 — 54 frames at 5.0 FPS [194267ms-204933ms]
2026-03-16 21:03:17,563 INFO vex_extract.cursor:   Cursor: 5/54 frames (5 detections)
2026-03-16 21:03:17,629 INFO vex_extract.cursor:   Cursor: 10/54 frames (10 detections)
2026-03-16 21:03:17,696 INFO vex_extract.cursor:   Cursor: 15/54 frames (15 detections)
2026-03-16 21:03:17,763 INFO vex_extract.cursor:   Cursor: 20/54 frames (20 detections)
2026-03-16 21:03:17,830 INFO vex_extract.cursor:   Cursor: 25/54 frames (25 detections)
2026-03-16 21:03:17,897 INFO vex_extract.cursor:   Cursor: 30/54 frames (30 detections)
2026-03-16 21:03:17,963 INFO vex_extract.cursor:   Cursor: 35/54 frames (35 detections)
2026-03-16 21:03:18,031 INFO vex_extract.cursor:   Cursor: 40/54 frames (40 detections)
2026-03-16 21:03:18,097 INFO vex_extract.cursor:   Cursor: 45/54 frames (45 detections)
2026-03-16 21:03:18,156 INFO vex_extract.cursor:   Cursor: 50/54 frames (50 detections)
2026-03-16 21:03:19,069 INFO vex_extract.cursor:   Cursor: pass 2 — 10 frames at 5.0 FPS [213967ms-216033ms]
2026-03-16 21:03:19,103 INFO vex_extract.cursor:   Cursor: 1/10 frames (1 detections)
2026-03-16 21:03:19,109 INFO vex_extract.cursor:   Cursor: 2/10 frames (2 detections)
2026-03-16 21:03:19,116 INFO vex_extract.cursor:   Cursor: 3/10 frames (3 detections)
2026-03-16 21:03:19,123 INFO vex_extract.cursor:   Cursor: 4/10 frames (4 detections)
2026-03-16 21:03:19,129 INFO vex_extract.cursor:   Cursor: 5/10 frames (5 detections)
2026-03-16 21:03:19,143 INFO vex_extract.cursor:   Cursor: 6/10 frames (6 detections)
2026-03-16 21:03:19,157 INFO vex_extract.cursor:   Cursor: 7/10 frames (7 detections)
2026-03-16 21:03:19,170 INFO vex_extract.cursor:   Cursor: 8/10 frames (8 detections)
2026-03-16 21:03:19,183 INFO vex_extract.cursor:   Cursor: 9/10 frames (9 detections)
2026-03-16 21:03:20,148 INFO vex_extract.cursor:   Cursor: pass 2 — 8 frames at 5.0 FPS [216767ms-218433ms]
2026-03-16 21:03:20,229 INFO vex_extract.cursor:   Cursor: 1/8 frames (1 detections)
2026-03-16 21:03:20,243 INFO vex_extract.cursor:   Cursor: 2/8 frames (2 detections)
2026-03-16 21:03:20,256 INFO vex_extract.cursor:   Cursor: 3/8 frames (3 detections)
2026-03-16 21:03:20,269 INFO vex_extract.cursor:   Cursor: 4/8 frames (4 detections)
2026-03-16 21:03:20,282 INFO vex_extract.cursor:   Cursor: 5/8 frames (5 detections)
2026-03-16 21:03:20,295 INFO vex_extract.cursor:   Cursor: 6/8 frames (6 detections)
2026-03-16 21:03:20,308 INFO vex_extract.cursor:   Cursor: 7/8 frames (7 detections)
2026-03-16 21:03:21,233 INFO vex_extract.cursor:   Cursor: pass 2 — 10 frames at 5.0 FPS [219200ms-221233ms]
2026-03-16 21:03:21,313 INFO vex_extract.cursor:   Cursor: 1/10 frames (1 detections)
2026-03-16 21:03:21,327 INFO vex_extract.cursor:   Cursor: 2/10 frames (2 detections)
2026-03-16 21:03:21,340 INFO vex_extract.cursor:   Cursor: 3/10 frames (3 detections)
2026-03-16 21:03:21,354 INFO vex_extract.cursor:   Cursor: 4/10 frames (4 detections)
2026-03-16 21:03:21,367 INFO vex_extract.cursor:   Cursor: 5/10 frames (5 detections)
2026-03-16 21:03:21,381 INFO vex_extract.cursor:   Cursor: 6/10 frames (6 detections)
2026-03-16 21:03:21,395 INFO vex_extract.cursor:   Cursor: 7/10 frames (7 detections)
2026-03-16 21:03:21,408 INFO vex_extract.cursor:   Cursor: 8/10 frames (8 detections)
2026-03-16 21:03:21,422 INFO vex_extract.cursor:   Cursor: 9/10 frames (9 detections)
2026-03-16 21:03:22,397 INFO vex_extract.cursor:   Cursor: pass 2 — 23 frames at 5.0 FPS [221267ms-226067ms]
2026-03-16 21:03:22,490 INFO vex_extract.cursor:   Cursor: 2/23 frames (2 detections)
2026-03-16 21:03:22,516 INFO vex_extract.cursor:   Cursor: 4/23 frames (4 detections)
2026-03-16 21:03:22,542 INFO vex_extract.cursor:   Cursor: 6/23 frames (6 detections)
2026-03-16 21:03:22,569 INFO vex_extract.cursor:   Cursor: 8/23 frames (8 detections)
2026-03-16 21:03:22,595 INFO vex_extract.cursor:   Cursor: 10/23 frames (10 detections)
2026-03-16 21:03:22,622 INFO vex_extract.cursor:   Cursor: 12/23 frames (12 detections)
2026-03-16 21:03:22,649 INFO vex_extract.cursor:   Cursor: 14/23 frames (14 detections)
2026-03-16 21:03:22,675 INFO vex_extract.cursor:   Cursor: 16/23 frames (16 detections)
2026-03-16 21:03:22,701 INFO vex_extract.cursor:   Cursor: 18/23 frames (18 detections)
2026-03-16 21:03:22,729 INFO vex_extract.cursor:   Cursor: 20/23 frames (20 detections)
2026-03-16 21:03:22,755 INFO vex_extract.cursor:   Cursor: 22/23 frames (22 detections)
2026-03-16 21:03:23,730 INFO vex_extract.cursor:   Cursor: pass 2 — 13 frames at 5.0 FPS [228200ms-230900ms]
2026-03-16 21:03:23,809 INFO vex_extract.cursor:   Cursor: 1/13 frames (1 detections)
2026-03-16 21:03:23,823 INFO vex_extract.cursor:   Cursor: 2/13 frames (2 detections)
2026-03-16 21:03:23,836 INFO vex_extract.cursor:   Cursor: 3/13 frames (3 detections)
2026-03-16 21:03:23,849 INFO vex_extract.cursor:   Cursor: 4/13 frames (4 detections)
2026-03-16 21:03:23,863 INFO vex_extract.cursor:   Cursor: 5/13 frames (5 detections)
2026-03-16 21:03:23,877 INFO vex_extract.cursor:   Cursor: 6/13 frames (6 detections)
2026-03-16 21:03:23,890 INFO vex_extract.cursor:   Cursor: 7/13 frames (7 detections)
2026-03-16 21:03:23,903 INFO vex_extract.cursor:   Cursor: 8/13 frames (8 detections)
2026-03-16 21:03:23,917 INFO vex_extract.cursor:   Cursor: 9/13 frames (9 detections)
2026-03-16 21:03:23,930 INFO vex_extract.cursor:   Cursor: 10/13 frames (10 detections)
2026-03-16 21:03:23,943 INFO vex_extract.cursor:   Cursor: 11/13 frames (11 detections)
2026-03-16 21:03:23,956 INFO vex_extract.cursor:   Cursor: 12/13 frames (12 detections)
2026-03-16 21:03:25,033 INFO vex_extract.cursor:   Cursor: pass 2 — 41 frames at 5.0 FPS [231300ms-239900ms]
2026-03-16 21:03:25,152 INFO vex_extract.cursor:   Cursor: 4/41 frames (4 detections)
2026-03-16 21:03:25,205 INFO vex_extract.cursor:   Cursor: 8/41 frames (8 detections)
2026-03-16 21:03:25,259 INFO vex_extract.cursor:   Cursor: 12/41 frames (12 detections)
2026-03-16 21:03:25,312 INFO vex_extract.cursor:   Cursor: 16/41 frames (16 detections)
2026-03-16 21:03:25,365 INFO vex_extract.cursor:   Cursor: 20/41 frames (20 detections)
2026-03-16 21:03:25,419 INFO vex_extract.cursor:   Cursor: 24/41 frames (24 detections)
2026-03-16 21:03:25,473 INFO vex_extract.cursor:   Cursor: 28/41 frames (28 detections)
2026-03-16 21:03:25,527 INFO vex_extract.cursor:   Cursor: 32/41 frames (32 detections)
2026-03-16 21:03:25,581 INFO vex_extract.cursor:   Cursor: 36/41 frames (36 detections)
2026-03-16 21:03:25,634 INFO vex_extract.cursor:   Cursor: 40/41 frames (40 detections)
2026-03-16 21:03:26,645 INFO vex_extract.cursor:   Cursor: pass 2 — 8 frames at 5.0 FPS [239933ms-241633ms]
2026-03-16 21:03:26,725 INFO vex_extract.cursor:   Cursor: 1/8 frames (1 detections)
2026-03-16 21:03:26,738 INFO vex_extract.cursor:   Cursor: 2/8 frames (2 detections)
2026-03-16 21:03:26,752 INFO vex_extract.cursor:   Cursor: 3/8 frames (3 detections)
2026-03-16 21:03:26,765 INFO vex_extract.cursor:   Cursor: 4/8 frames (4 detections)
2026-03-16 21:03:26,779 INFO vex_extract.cursor:   Cursor: 5/8 frames (5 detections)
2026-03-16 21:03:26,793 INFO vex_extract.cursor:   Cursor: 6/8 frames (6 detections)
2026-03-16 21:03:26,807 INFO vex_extract.cursor:   Cursor: 7/8 frames (7 detections)
2026-03-16 21:03:27,823 INFO vex_extract.cursor:   Cursor: pass 2 — 9 frames at 5.0 FPS [241700ms-243367ms]
2026-03-16 21:03:27,903 INFO vex_extract.cursor:   Cursor: 1/9 frames (1 detections)
2026-03-16 21:03:27,917 INFO vex_extract.cursor:   Cursor: 2/9 frames (2 detections)
2026-03-16 21:03:27,930 INFO vex_extract.cursor:   Cursor: 3/9 frames (3 detections)
2026-03-16 21:03:27,943 INFO vex_extract.cursor:   Cursor: 4/9 frames (4 detections)
2026-03-16 21:03:27,956 INFO vex_extract.cursor:   Cursor: 5/9 frames (5 detections)
2026-03-16 21:03:27,969 INFO vex_extract.cursor:   Cursor: 6/9 frames (6 detections)
2026-03-16 21:03:27,983 INFO vex_extract.cursor:   Cursor: 7/9 frames (7 detections)
2026-03-16 21:03:27,996 INFO vex_extract.cursor:   Cursor: 8/9 frames (8 detections)
2026-03-16 21:03:29,032 INFO vex_extract.cursor:   Cursor: pass 2 — 10 frames at 5.0 FPS [244100ms-246133ms]
2026-03-16 21:03:29,112 INFO vex_extract.cursor:   Cursor: 1/10 frames (1 detections)
2026-03-16 21:03:29,125 INFO vex_extract.cursor:   Cursor: 2/10 frames (2 detections)
2026-03-16 21:03:29,138 INFO vex_extract.cursor:   Cursor: 3/10 frames (3 detections)
2026-03-16 21:03:29,152 INFO vex_extract.cursor:   Cursor: 4/10 frames (4 detections)
2026-03-16 21:03:29,165 INFO vex_extract.cursor:   Cursor: 5/10 frames (5 detections)
2026-03-16 21:03:29,178 INFO vex_extract.cursor:   Cursor: 6/10 frames (6 detections)
2026-03-16 21:03:29,192 INFO vex_extract.cursor:   Cursor: 7/10 frames (7 detections)
2026-03-16 21:03:29,205 INFO vex_extract.cursor:   Cursor: 8/10 frames (8 detections)
2026-03-16 21:03:29,218 INFO vex_extract.cursor:   Cursor: 9/10 frames (9 detections)
2026-03-16 21:03:30,300 INFO vex_extract.cursor:   Cursor: pass 2 — 15 frames at 5.0 FPS [252400ms-255467ms]
2026-03-16 21:03:30,313 INFO vex_extract.cursor:   Cursor: 1/15 frames (1 detections)
2026-03-16 21:03:30,327 INFO vex_extract.cursor:   Cursor: 2/15 frames (2 detections)
2026-03-16 21:03:30,340 INFO vex_extract.cursor:   Cursor: 3/15 frames (3 detections)
2026-03-16 21:03:30,354 INFO vex_extract.cursor:   Cursor: 4/15 frames (4 detections)
2026-03-16 21:03:30,367 INFO vex_extract.cursor:   Cursor: 5/15 frames (5 detections)
2026-03-16 21:03:30,381 INFO vex_extract.cursor:   Cursor: 6/15 frames (6 detections)
2026-03-16 21:03:30,394 INFO vex_extract.cursor:   Cursor: 7/15 frames (7 detections)
2026-03-16 21:03:30,407 INFO vex_extract.cursor:   Cursor: 8/15 frames (8 detections)
2026-03-16 21:03:30,421 INFO vex_extract.cursor:   Cursor: 9/15 frames (9 detections)
2026-03-16 21:03:30,434 INFO vex_extract.cursor:   Cursor: 10/15 frames (10 detections)
2026-03-16 21:03:30,448 INFO vex_extract.cursor:   Cursor: 11/15 frames (11 detections)
2026-03-16 21:03:30,461 INFO vex_extract.cursor:   Cursor: 12/15 frames (12 detections)
2026-03-16 21:03:30,474 INFO vex_extract.cursor:   Cursor: 13/15 frames (13 detections)
2026-03-16 21:03:30,487 INFO vex_extract.cursor:   Cursor: 14/15 frames (14 detections)
2026-03-16 21:03:31,559 INFO vex_extract.cursor:   Cursor: pass 2 — 7 frames at 5.0 FPS [255933ms-257300ms]
2026-03-16 21:03:31,638 INFO vex_extract.cursor:   Cursor: 1/7 frames (1 detections)
2026-03-16 21:03:31,651 INFO vex_extract.cursor:   Cursor: 2/7 frames (2 detections)
2026-03-16 21:03:31,665 INFO vex_extract.cursor:   Cursor: 3/7 frames (3 detections)
2026-03-16 21:03:31,679 INFO vex_extract.cursor:   Cursor: 4/7 frames (4 detections)
2026-03-16 21:03:31,692 INFO vex_extract.cursor:   Cursor: 5/7 frames (5 detections)
2026-03-16 21:03:31,705 INFO vex_extract.cursor:   Cursor: 6/7 frames (6 detections)
2026-03-16 21:03:32,793 INFO vex_extract.cursor:   Cursor: pass 2 — 10 frames at 5.0 FPS [257733ms-259800ms]
2026-03-16 21:03:32,874 INFO vex_extract.cursor:   Cursor: 1/10 frames (1 detections)
2026-03-16 21:03:32,887 INFO vex_extract.cursor:   Cursor: 2/10 frames (2 detections)
2026-03-16 21:03:32,901 INFO vex_extract.cursor:   Cursor: 3/10 frames (3 detections)
2026-03-16 21:03:32,915 INFO vex_extract.cursor:   Cursor: 4/10 frames (4 detections)
2026-03-16 21:03:32,928 INFO vex_extract.cursor:   Cursor: 5/10 frames (5 detections)
2026-03-16 21:03:32,941 INFO vex_extract.cursor:   Cursor: 6/10 frames (6 detections)
2026-03-16 21:03:32,954 INFO vex_extract.cursor:   Cursor: 7/10 frames (7 detections)
2026-03-16 21:03:32,967 INFO vex_extract.cursor:   Cursor: 8/10 frames (8 detections)
2026-03-16 21:03:32,980 INFO vex_extract.cursor:   Cursor: 9/10 frames (9 detections)
2026-03-16 21:03:34,074 INFO vex_extract.cursor:   Cursor: pass 2 — 7 frames at 5.0 FPS [259867ms-261233ms]
2026-03-16 21:03:34,154 INFO vex_extract.cursor:   Cursor: 1/7 frames (1 detections)
2026-03-16 21:03:34,168 INFO vex_extract.cursor:   Cursor: 2/7 frames (2 detections)
2026-03-16 21:03:34,181 INFO vex_extract.cursor:   Cursor: 3/7 frames (3 detections)
2026-03-16 21:03:34,195 INFO vex_extract.cursor:   Cursor: 4/7 frames (4 detections)
2026-03-16 21:03:34,208 INFO vex_extract.cursor:   Cursor: 5/7 frames (5 detections)
2026-03-16 21:03:34,221 INFO vex_extract.cursor:   Cursor: 6/7 frames (6 detections)
2026-03-16 21:03:35,328 INFO vex_extract.cursor:   Cursor: pass 2 — 7 frames at 5.0 FPS [261300ms-262667ms]
2026-03-16 21:03:35,362 INFO vex_extract.cursor:   Cursor: 1/7 frames (1 detections)
2026-03-16 21:03:35,369 INFO vex_extract.cursor:   Cursor: 2/7 frames (2 detections)
2026-03-16 21:03:35,375 INFO vex_extract.cursor:   Cursor: 3/7 frames (3 detections)
2026-03-16 21:03:35,382 INFO vex_extract.cursor:   Cursor: 4/7 frames (4 detections)
2026-03-16 21:03:35,396 INFO vex_extract.cursor:   Cursor: 5/7 frames (5 detections)
2026-03-16 21:03:35,408 INFO vex_extract.cursor:   Cursor: 6/7 frames (6 detections)
2026-03-16 21:03:36,535 INFO vex_extract.cursor:   Cursor: pass 2 — 9 frames at 5.0 FPS [266333ms-268000ms]
2026-03-16 21:03:36,615 INFO vex_extract.cursor:   Cursor: 1/9 frames (1 detections)
2026-03-16 21:03:36,628 INFO vex_extract.cursor:   Cursor: 2/9 frames (2 detections)
2026-03-16 21:03:36,642 INFO vex_extract.cursor:   Cursor: 3/9 frames (3 detections)
2026-03-16 21:03:36,655 INFO vex_extract.cursor:   Cursor: 4/9 frames (4 detections)
2026-03-16 21:03:36,669 INFO vex_extract.cursor:   Cursor: 5/9 frames (5 detections)
2026-03-16 21:03:36,682 INFO vex_extract.cursor:   Cursor: 6/9 frames (6 detections)
2026-03-16 21:03:36,696 INFO vex_extract.cursor:   Cursor: 7/9 frames (7 detections)
2026-03-16 21:03:36,709 INFO vex_extract.cursor:   Cursor: 8/9 frames (8 detections)
2026-03-16 21:03:37,866 INFO vex_extract.cursor:   Cursor: pass 2 — 10 frames at 5.0 FPS [274667ms-276667ms]
2026-03-16 21:03:37,947 INFO vex_extract.cursor:   Cursor: 1/10 frames (1 detections)
2026-03-16 21:03:37,960 INFO vex_extract.cursor:   Cursor: 2/10 frames (2 detections)
2026-03-16 21:03:37,974 INFO vex_extract.cursor:   Cursor: 3/10 frames (3 detections)
2026-03-16 21:03:37,987 INFO vex_extract.cursor:   Cursor: 4/10 frames (4 detections)
2026-03-16 21:03:38,000 INFO vex_extract.cursor:   Cursor: 5/10 frames (5 detections)
2026-03-16 21:03:38,014 INFO vex_extract.cursor:   Cursor: 6/10 frames (6 detections)
2026-03-16 21:03:38,027 INFO vex_extract.cursor:   Cursor: 7/10 frames (7 detections)
2026-03-16 21:03:38,041 INFO vex_extract.cursor:   Cursor: 8/10 frames (8 detections)
2026-03-16 21:03:38,055 INFO vex_extract.cursor:   Cursor: 9/10 frames (9 detections)
2026-03-16 21:03:39,241 INFO vex_extract.cursor:   Cursor: pass 2 — 12 frames at 5.0 FPS [279333ms-281667ms]
2026-03-16 21:03:39,322 INFO vex_extract.cursor:   Cursor: 1/12 frames (1 detections)
2026-03-16 21:03:39,335 INFO vex_extract.cursor:   Cursor: 2/12 frames (2 detections)
2026-03-16 21:03:39,348 INFO vex_extract.cursor:   Cursor: 3/12 frames (3 detections)
2026-03-16 21:03:39,362 INFO vex_extract.cursor:   Cursor: 4/12 frames (4 detections)
2026-03-16 21:03:39,376 INFO vex_extract.cursor:   Cursor: 5/12 frames (5 detections)
2026-03-16 21:03:39,389 INFO vex_extract.cursor:   Cursor: 6/12 frames (6 detections)
2026-03-16 21:03:39,402 INFO vex_extract.cursor:   Cursor: 7/12 frames (7 detections)
2026-03-16 21:03:39,416 INFO vex_extract.cursor:   Cursor: 8/12 frames (8 detections)
2026-03-16 21:03:39,429 INFO vex_extract.cursor:   Cursor: 9/12 frames (9 detections)
2026-03-16 21:03:39,443 INFO vex_extract.cursor:   Cursor: 10/12 frames (10 detections)
2026-03-16 21:03:39,456 INFO vex_extract.cursor:   Cursor: 11/12 frames (11 detections)
2026-03-16 21:03:40,747 INFO vex_extract.cursor:   Cursor: pass 2 — 37 frames at 5.0 FPS [285667ms-293000ms]
2026-03-16 21:03:40,821 INFO vex_extract.cursor:   Cursor: 3/37 frames (3 detections)
2026-03-16 21:03:40,841 INFO vex_extract.cursor:   Cursor: 6/37 frames (6 detections)
2026-03-16 21:03:40,860 INFO vex_extract.cursor:   Cursor: 9/37 frames (9 detections)
2026-03-16 21:03:40,880 INFO vex_extract.cursor:   Cursor: 12/37 frames (12 detections)
2026-03-16 21:03:40,900 INFO vex_extract.cursor:   Cursor: 15/37 frames (15 detections)
2026-03-16 21:03:40,920 INFO vex_extract.cursor:   Cursor: 18/37 frames (18 detections)
2026-03-16 21:03:40,946 INFO vex_extract.cursor:   Cursor: 21/37 frames (21 detections)
2026-03-16 21:03:40,985 INFO vex_extract.cursor:   Cursor: 24/37 frames (24 detections)
2026-03-16 21:03:41,026 INFO vex_extract.cursor:   Cursor: 27/37 frames (27 detections)
2026-03-16 21:03:41,066 INFO vex_extract.cursor:   Cursor: 30/37 frames (30 detections)
2026-03-16 21:03:41,106 INFO vex_extract.cursor:   Cursor: 33/37 frames (33 detections)
2026-03-16 21:03:41,146 INFO vex_extract.cursor:   Cursor: 36/37 frames (36 detections)
2026-03-16 21:03:42,395 INFO vex_extract.cursor:   Cursor: pass 2 — 12 frames at 5.0 FPS [296333ms-298667ms]
2026-03-16 21:03:42,475 INFO vex_extract.cursor:   Cursor: 1/12 frames (1 detections)
2026-03-16 21:03:42,489 INFO vex_extract.cursor:   Cursor: 2/12 frames (2 detections)
2026-03-16 21:03:42,503 INFO vex_extract.cursor:   Cursor: 3/12 frames (3 detections)
2026-03-16 21:03:42,516 INFO vex_extract.cursor:   Cursor: 4/12 frames (4 detections)
2026-03-16 21:03:42,529 INFO vex_extract.cursor:   Cursor: 5/12 frames (5 detections)
2026-03-16 21:03:42,543 INFO vex_extract.cursor:   Cursor: 6/12 frames (6 detections)
2026-03-16 21:03:42,556 INFO vex_extract.cursor:   Cursor: 7/12 frames (7 detections)
2026-03-16 21:03:42,570 INFO vex_extract.cursor:   Cursor: 8/12 frames (8 detections)
2026-03-16 21:03:42,583 INFO vex_extract.cursor:   Cursor: 9/12 frames (9 detections)
2026-03-16 21:03:42,597 INFO vex_extract.cursor:   Cursor: 10/12 frames (10 detections)
2026-03-16 21:03:42,609 INFO vex_extract.cursor:   Cursor: 11/12 frames (11 detections)
2026-03-16 21:03:43,858 INFO vex_extract.cursor:   Cursor: pass 2 — 7 frames at 5.0 FPS [299667ms-301000ms]
2026-03-16 21:03:43,939 INFO vex_extract.cursor:   Cursor: 1/7 frames (1 detections)
2026-03-16 21:03:43,952 INFO vex_extract.cursor:   Cursor: 2/7 frames (2 detections)
2026-03-16 21:03:43,966 INFO vex_extract.cursor:   Cursor: 3/7 frames (3 detections)
2026-03-16 21:03:43,979 INFO vex_extract.cursor:   Cursor: 4/7 frames (4 detections)
2026-03-16 21:03:43,992 INFO vex_extract.cursor:   Cursor: 5/7 frames (5 detections)
2026-03-16 21:03:44,005 INFO vex_extract.cursor:   Cursor: 6/7 frames (6 detections)
2026-03-16 21:03:45,316 INFO vex_extract.cursor:   Cursor: pass 2 — 22 frames at 5.0 FPS [302667ms-307000ms]
2026-03-16 21:03:45,410 INFO vex_extract.cursor:   Cursor: 2/22 frames (2 detections)
2026-03-16 21:03:45,437 INFO vex_extract.cursor:   Cursor: 4/22 frames (4 detections)
2026-03-16 21:03:45,464 INFO vex_extract.cursor:   Cursor: 6/22 frames (6 detections)
2026-03-16 21:03:45,490 INFO vex_extract.cursor:   Cursor: 8/22 frames (8 detections)
2026-03-16 21:03:45,516 INFO vex_extract.cursor:   Cursor: 10/22 frames (10 detections)
2026-03-16 21:03:45,543 INFO vex_extract.cursor:   Cursor: 12/22 frames (12 detections)
2026-03-16 21:03:45,570 INFO vex_extract.cursor:   Cursor: 14/22 frames (14 detections)
2026-03-16 21:03:45,597 INFO vex_extract.cursor:   Cursor: 16/22 frames (16 detections)
2026-03-16 21:03:45,624 INFO vex_extract.cursor:   Cursor: 18/22 frames (18 detections)
2026-03-16 21:03:45,650 INFO vex_extract.cursor:   Cursor: 20/22 frames (20 detections)
2026-03-16 21:03:46,975 INFO vex_extract.cursor:   Cursor: pass 2 — 17 frames at 5.0 FPS [307333ms-310667ms]
2026-03-16 21:03:47,056 INFO vex_extract.cursor:   Cursor: 1/17 frames (1 detections)
2026-03-16 21:03:47,069 INFO vex_extract.cursor:   Cursor: 2/17 frames (2 detections)
2026-03-16 21:03:47,083 INFO vex_extract.cursor:   Cursor: 3/17 frames (3 detections)
2026-03-16 21:03:47,096 INFO vex_extract.cursor:   Cursor: 4/17 frames (4 detections)
2026-03-16 21:03:47,109 INFO vex_extract.cursor:   Cursor: 5/17 frames (5 detections)
2026-03-16 21:03:47,123 INFO vex_extract.cursor:   Cursor: 6/17 frames (6 detections)
2026-03-16 21:03:47,136 INFO vex_extract.cursor:   Cursor: 7/17 frames (7 detections)
2026-03-16 21:03:47,149 INFO vex_extract.cursor:   Cursor: 8/17 frames (8 detections)
2026-03-16 21:03:47,163 INFO vex_extract.cursor:   Cursor: 9/17 frames (9 detections)
2026-03-16 21:03:47,177 INFO vex_extract.cursor:   Cursor: 10/17 frames (10 detections)
2026-03-16 21:03:47,190 INFO vex_extract.cursor:   Cursor: 11/17 frames (11 detections)
2026-03-16 21:03:47,203 INFO vex_extract.cursor:   Cursor: 12/17 frames (12 detections)
2026-03-16 21:03:47,217 INFO vex_extract.cursor:   Cursor: 13/17 frames (13 detections)
2026-03-16 21:03:47,230 INFO vex_extract.cursor:   Cursor: 14/17 frames (14 detections)
2026-03-16 21:03:47,244 INFO vex_extract.cursor:   Cursor: 15/17 frames (15 detections)
2026-03-16 21:03:47,257 INFO vex_extract.cursor:   Cursor: 16/17 frames (16 detections)
2026-03-16 21:03:48,625 INFO vex_extract.cursor:   Cursor: pass 2 — 27 frames at 5.0 FPS [312333ms-317667ms]
2026-03-16 21:03:48,717 INFO vex_extract.cursor:   Cursor: 2/27 frames (2 detections)
2026-03-16 21:03:48,744 INFO vex_extract.cursor:   Cursor: 4/27 frames (4 detections)
2026-03-16 21:03:48,771 INFO vex_extract.cursor:   Cursor: 6/27 frames (6 detections)
2026-03-16 21:03:48,797 INFO vex_extract.cursor:   Cursor: 8/27 frames (8 detections)
2026-03-16 21:03:48,824 INFO vex_extract.cursor:   Cursor: 10/27 frames (10 detections)
2026-03-16 21:03:48,850 INFO vex_extract.cursor:   Cursor: 12/27 frames (12 detections)
2026-03-16 21:03:48,877 INFO vex_extract.cursor:   Cursor: 14/27 frames (14 detections)
2026-03-16 21:03:48,904 INFO vex_extract.cursor:   Cursor: 16/27 frames (16 detections)
2026-03-16 21:03:48,931 INFO vex_extract.cursor:   Cursor: 18/27 frames (18 detections)
2026-03-16 21:03:48,958 INFO vex_extract.cursor:   Cursor: 20/27 frames (20 detections)
2026-03-16 21:03:48,984 INFO vex_extract.cursor:   Cursor: 22/27 frames (22 detections)
2026-03-16 21:03:49,011 INFO vex_extract.cursor:   Cursor: 24/27 frames (24 detections)
2026-03-16 21:03:49,038 INFO vex_extract.cursor:   Cursor: 26/27 frames (26 detections)
2026-03-16 21:03:50,402 INFO vex_extract.cursor:   Cursor: pass 2 — 19 frames at 5.0 FPS [318000ms-321667ms]
2026-03-16 21:03:50,483 INFO vex_extract.cursor:   Cursor: 1/19 frames (1 detections)
2026-03-16 21:03:50,496 INFO vex_extract.cursor:   Cursor: 2/19 frames (2 detections)
2026-03-16 21:03:50,510 INFO vex_extract.cursor:   Cursor: 3/19 frames (3 detections)
2026-03-16 21:03:50,523 INFO vex_extract.cursor:   Cursor: 4/19 frames (4 detections)
2026-03-16 21:03:50,536 INFO vex_extract.cursor:   Cursor: 5/19 frames (5 detections)
2026-03-16 21:03:50,550 INFO vex_extract.cursor:   Cursor: 6/19 frames (6 detections)
2026-03-16 21:03:50,563 INFO vex_extract.cursor:   Cursor: 7/19 frames (7 detections)
2026-03-16 21:03:50,576 INFO vex_extract.cursor:   Cursor: 8/19 frames (8 detections)
2026-03-16 21:03:50,589 INFO vex_extract.cursor:   Cursor: 9/19 frames (9 detections)
2026-03-16 21:03:50,602 INFO vex_extract.cursor:   Cursor: 10/19 frames (10 detections)
2026-03-16 21:03:50,616 INFO vex_extract.cursor:   Cursor: 11/19 frames (11 detections)
2026-03-16 21:03:50,629 INFO vex_extract.cursor:   Cursor: 12/19 frames (12 detections)
2026-03-16 21:03:50,642 INFO vex_extract.cursor:   Cursor: 13/19 frames (13 detections)
2026-03-16 21:03:50,655 INFO vex_extract.cursor:   Cursor: 14/19 frames (14 detections)
2026-03-16 21:03:50,668 INFO vex_extract.cursor:   Cursor: 15/19 frames (15 detections)
2026-03-16 21:03:50,682 INFO vex_extract.cursor:   Cursor: 16/19 frames (16 detections)
2026-03-16 21:03:50,695 INFO vex_extract.cursor:   Cursor: 17/19 frames (17 detections)
2026-03-16 21:03:50,709 INFO vex_extract.cursor:   Cursor: 18/19 frames (18 detections)
2026-03-16 21:03:52,081 INFO vex_extract.cursor:   Cursor: pass 2 — 16 frames at 5.0 FPS [323000ms-326000ms]
2026-03-16 21:03:52,161 INFO vex_extract.cursor:   Cursor: 1/16 frames (1 detections)
2026-03-16 21:03:52,174 INFO vex_extract.cursor:   Cursor: 2/16 frames (2 detections)
2026-03-16 21:03:52,188 INFO vex_extract.cursor:   Cursor: 3/16 frames (3 detections)
2026-03-16 21:03:52,202 INFO vex_extract.cursor:   Cursor: 4/16 frames (4 detections)
2026-03-16 21:03:52,215 INFO vex_extract.cursor:   Cursor: 5/16 frames (5 detections)
2026-03-16 21:03:52,228 INFO vex_extract.cursor:   Cursor: 6/16 frames (6 detections)
2026-03-16 21:03:52,242 INFO vex_extract.cursor:   Cursor: 7/16 frames (7 detections)
2026-03-16 21:03:52,255 INFO vex_extract.cursor:   Cursor: 8/16 frames (8 detections)
2026-03-16 21:03:52,268 INFO vex_extract.cursor:   Cursor: 9/16 frames (9 detections)
2026-03-16 21:03:52,282 INFO vex_extract.cursor:   Cursor: 10/16 frames (10 detections)
2026-03-16 21:03:52,295 INFO vex_extract.cursor:   Cursor: 11/16 frames (11 detections)
2026-03-16 21:03:52,309 INFO vex_extract.cursor:   Cursor: 12/16 frames (12 detections)
2026-03-16 21:03:52,322 INFO vex_extract.cursor:   Cursor: 13/16 frames (13 detections)
2026-03-16 21:03:52,335 INFO vex_extract.cursor:   Cursor: 14/16 frames (14 detections)
2026-03-16 21:03:52,349 INFO vex_extract.cursor:   Cursor: 15/16 frames (15 detections)
2026-03-16 21:03:53,711 INFO vex_extract.cursor:   Cursor: pass 2 — 9 frames at 5.0 FPS [326333ms-328000ms]
2026-03-16 21:03:53,791 INFO vex_extract.cursor:   Cursor: 1/9 frames (1 detections)
2026-03-16 21:03:53,805 INFO vex_extract.cursor:   Cursor: 2/9 frames (2 detections)
2026-03-16 21:03:53,818 INFO vex_extract.cursor:   Cursor: 3/9 frames (3 detections)
2026-03-16 21:03:53,832 INFO vex_extract.cursor:   Cursor: 4/9 frames (4 detections)
2026-03-16 21:03:53,845 INFO vex_extract.cursor:   Cursor: 5/9 frames (5 detections)
2026-03-16 21:03:53,859 INFO vex_extract.cursor:   Cursor: 6/9 frames (6 detections)
2026-03-16 21:03:53,872 INFO vex_extract.cursor:   Cursor: 7/9 frames (7 detections)
2026-03-16 21:03:53,886 INFO vex_extract.cursor:   Cursor: 8/9 frames (8 detections)
2026-03-16 21:03:55,296 INFO vex_extract.cursor:   Cursor: pass 2 — 19 frames at 5.0 FPS [329667ms-333333ms]
2026-03-16 21:03:55,377 INFO vex_extract.cursor:   Cursor: 1/19 frames (1 detections)
2026-03-16 21:03:55,390 INFO vex_extract.cursor:   Cursor: 2/19 frames (2 detections)
2026-03-16 21:03:55,403 INFO vex_extract.cursor:   Cursor: 3/19 frames (3 detections)
2026-03-16 21:03:55,417 INFO vex_extract.cursor:   Cursor: 4/19 frames (4 detections)
2026-03-16 21:03:55,430 INFO vex_extract.cursor:   Cursor: 5/19 frames (5 detections)
2026-03-16 21:03:55,444 INFO vex_extract.cursor:   Cursor: 6/19 frames (6 detections)
2026-03-16 21:03:55,458 INFO vex_extract.cursor:   Cursor: 7/19 frames (7 detections)
2026-03-16 21:03:55,471 INFO vex_extract.cursor:   Cursor: 8/19 frames (8 detections)
2026-03-16 21:03:55,485 INFO vex_extract.cursor:   Cursor: 9/19 frames (9 detections)
2026-03-16 21:03:55,498 INFO vex_extract.cursor:   Cursor: 10/19 frames (10 detections)
2026-03-16 21:03:55,511 INFO vex_extract.cursor:   Cursor: 11/19 frames (11 detections)
2026-03-16 21:03:55,525 INFO vex_extract.cursor:   Cursor: 12/19 frames (12 detections)
2026-03-16 21:03:55,538 INFO vex_extract.cursor:   Cursor: 13/19 frames (13 detections)
2026-03-16 21:03:55,552 INFO vex_extract.cursor:   Cursor: 14/19 frames (14 detections)
2026-03-16 21:03:55,565 INFO vex_extract.cursor:   Cursor: 15/19 frames (15 detections)
2026-03-16 21:03:55,578 INFO vex_extract.cursor:   Cursor: 16/19 frames (16 detections)
2026-03-16 21:03:55,592 INFO vex_extract.cursor:   Cursor: 17/19 frames (17 detections)
2026-03-16 21:03:55,605 INFO vex_extract.cursor:   Cursor: 18/19 frames (18 detections)
2026-03-16 21:03:56,998 INFO vex_extract.cursor:   Cursor: pass 2 — 7 frames at 5.0 FPS [333667ms-335000ms]
2026-03-16 21:03:57,078 INFO vex_extract.cursor:   Cursor: 1/7 frames (1 detections)
2026-03-16 21:03:57,091 INFO vex_extract.cursor:   Cursor: 2/7 frames (2 detections)
2026-03-16 21:03:57,104 INFO vex_extract.cursor:   Cursor: 3/7 frames (3 detections)
2026-03-16 21:03:57,117 INFO vex_extract.cursor:   Cursor: 4/7 frames (4 detections)
2026-03-16 21:03:57,130 INFO vex_extract.cursor:   Cursor: 5/7 frames (5 detections)
2026-03-16 21:03:57,144 INFO vex_extract.cursor:   Cursor: 6/7 frames (6 detections)
2026-03-16 21:03:58,575 INFO vex_extract.cursor:   Cursor: pass 2 — 16 frames at 5.0 FPS [336000ms-339000ms]
2026-03-16 21:03:58,589 INFO vex_extract.cursor:   Cursor: 1/16 frames (1 detections)
2026-03-16 21:03:58,602 INFO vex_extract.cursor:   Cursor: 2/16 frames (2 detections)
2026-03-16 21:03:58,615 INFO vex_extract.cursor:   Cursor: 3/16 frames (3 detections)
2026-03-16 21:03:58,629 INFO vex_extract.cursor:   Cursor: 4/16 frames (4 detections)
2026-03-16 21:03:58,642 INFO vex_extract.cursor:   Cursor: 5/16 frames (5 detections)
2026-03-16 21:03:58,656 INFO vex_extract.cursor:   Cursor: 6/16 frames (6 detections)
2026-03-16 21:03:58,669 INFO vex_extract.cursor:   Cursor: 7/16 frames (7 detections)
2026-03-16 21:03:58,683 INFO vex_extract.cursor:   Cursor: 8/16 frames (8 detections)
2026-03-16 21:03:58,696 INFO vex_extract.cursor:   Cursor: 9/16 frames (9 detections)
2026-03-16 21:03:58,709 INFO vex_extract.cursor:   Cursor: 10/16 frames (10 detections)
2026-03-16 21:03:58,722 INFO vex_extract.cursor:   Cursor: 11/16 frames (11 detections)
2026-03-16 21:03:58,736 INFO vex_extract.cursor:   Cursor: 12/16 frames (12 detections)
2026-03-16 21:03:58,749 INFO vex_extract.cursor:   Cursor: 13/16 frames (13 detections)
2026-03-16 21:03:58,762 INFO vex_extract.cursor:   Cursor: 14/16 frames (14 detections)
2026-03-16 21:03:58,775 INFO vex_extract.cursor:   Cursor: 15/16 frames (15 detections)
2026-03-16 21:04:00,279 INFO vex_extract.cursor:   Cursor: pass 2 — 34 frames at 5.0 FPS [340333ms-347000ms]
2026-03-16 21:04:00,385 INFO vex_extract.cursor:   Cursor: 3/34 frames (3 detections)
2026-03-16 21:04:00,424 INFO vex_extract.cursor:   Cursor: 6/34 frames (6 detections)
2026-03-16 21:04:00,464 INFO vex_extract.cursor:   Cursor: 9/34 frames (9 detections)
2026-03-16 21:04:00,504 INFO vex_extract.cursor:   Cursor: 12/34 frames (12 detections)
2026-03-16 21:04:00,543 INFO vex_extract.cursor:   Cursor: 15/34 frames (15 detections)
2026-03-16 21:04:00,582 INFO vex_extract.cursor:   Cursor: 18/34 frames (18 detections)
2026-03-16 21:04:00,622 INFO vex_extract.cursor:   Cursor: 21/34 frames (21 detections)
2026-03-16 21:04:00,662 INFO vex_extract.cursor:   Cursor: 24/34 frames (24 detections)
2026-03-16 21:04:00,702 INFO vex_extract.cursor:   Cursor: 27/34 frames (27 detections)
2026-03-16 21:04:00,742 INFO vex_extract.cursor:   Cursor: 30/34 frames (30 detections)
2026-03-16 21:04:00,782 INFO vex_extract.cursor:   Cursor: 33/34 frames (33 detections)
2026-03-16 21:04:02,263 INFO vex_extract.cursor:   Cursor: pass 2 — 12 frames at 5.0 FPS [352333ms-354667ms]
2026-03-16 21:04:02,296 INFO vex_extract.cursor:   Cursor: 1/12 frames (1 detections)
2026-03-16 21:04:02,303 INFO vex_extract.cursor:   Cursor: 2/12 frames (2 detections)
2026-03-16 21:04:02,310 INFO vex_extract.cursor:   Cursor: 3/12 frames (3 detections)
2026-03-16 21:04:02,316 INFO vex_extract.cursor:   Cursor: 4/12 frames (4 detections)
2026-03-16 21:04:02,323 INFO vex_extract.cursor:   Cursor: 5/12 frames (5 detections)
2026-03-16 21:04:02,336 INFO vex_extract.cursor:   Cursor: 6/12 frames (6 detections)
2026-03-16 21:04:02,350 INFO vex_extract.cursor:   Cursor: 7/12 frames (7 detections)
2026-03-16 21:04:02,363 INFO vex_extract.cursor:   Cursor: 8/12 frames (8 detections)
2026-03-16 21:04:02,376 INFO vex_extract.cursor:   Cursor: 9/12 frames (9 detections)
2026-03-16 21:04:02,390 INFO vex_extract.cursor:   Cursor: 10/12 frames (10 detections)
2026-03-16 21:04:02,403 INFO vex_extract.cursor:   Cursor: 11/12 frames (11 detections)
2026-03-16 21:04:03,919 INFO vex_extract.cursor:   Cursor: pass 2 — 11 frames at 5.0 FPS [361000ms-363000ms]
2026-03-16 21:04:03,999 INFO vex_extract.cursor:   Cursor: 1/11 frames (1 detections)
2026-03-16 21:04:04,012 INFO vex_extract.cursor:   Cursor: 2/11 frames (2 detections)
2026-03-16 21:04:04,025 INFO vex_extract.cursor:   Cursor: 3/11 frames (3 detections)
2026-03-16 21:04:04,038 INFO vex_extract.cursor:   Cursor: 4/11 frames (4 detections)
2026-03-16 21:04:04,052 INFO vex_extract.cursor:   Cursor: 5/11 frames (5 detections)
2026-03-16 21:04:04,065 INFO vex_extract.cursor:   Cursor: 6/11 frames (6 detections)
2026-03-16 21:04:04,078 INFO vex_extract.cursor:   Cursor: 7/11 frames (7 detections)
2026-03-16 21:04:04,091 INFO vex_extract.cursor:   Cursor: 8/11 frames (8 detections)
2026-03-16 21:04:04,104 INFO vex_extract.cursor:   Cursor: 9/11 frames (9 detections)
2026-03-16 21:04:04,118 INFO vex_extract.cursor:   Cursor: 10/11 frames (10 detections)
2026-03-16 21:04:05,633 INFO vex_extract.cursor:   Cursor: pass 2 — 9 frames at 5.0 FPS [365000ms-366667ms]
2026-03-16 21:04:05,713 INFO vex_extract.cursor:   Cursor: 1/9 frames (1 detections)
2026-03-16 21:04:05,726 INFO vex_extract.cursor:   Cursor: 2/9 frames (2 detections)
2026-03-16 21:04:05,740 INFO vex_extract.cursor:   Cursor: 3/9 frames (3 detections)
2026-03-16 21:04:05,753 INFO vex_extract.cursor:   Cursor: 4/9 frames (4 detections)
2026-03-16 21:04:05,767 INFO vex_extract.cursor:   Cursor: 5/9 frames (5 detections)
2026-03-16 21:04:05,780 INFO vex_extract.cursor:   Cursor: 6/9 frames (6 detections)
2026-03-16 21:04:05,794 INFO vex_extract.cursor:   Cursor: 7/9 frames (7 detections)
2026-03-16 21:04:05,807 INFO vex_extract.cursor:   Cursor: 8/9 frames (8 detections)
2026-03-16 21:04:07,348 INFO vex_extract.cursor:   Cursor: pass 2 — 7 frames at 5.0 FPS [371000ms-372333ms]
2026-03-16 21:04:07,429 INFO vex_extract.cursor:   Cursor: 1/7 frames (1 detections)
2026-03-16 21:04:07,442 INFO vex_extract.cursor:   Cursor: 2/7 frames (2 detections)
2026-03-16 21:04:07,455 INFO vex_extract.cursor:   Cursor: 3/7 frames (3 detections)
2026-03-16 21:04:07,469 INFO vex_extract.cursor:   Cursor: 4/7 frames (4 detections)
2026-03-16 21:04:07,482 INFO vex_extract.cursor:   Cursor: 5/7 frames (5 detections)
2026-03-16 21:04:07,496 INFO vex_extract.cursor:   Cursor: 6/7 frames (6 detections)
2026-03-16 21:04:09,047 INFO vex_extract.cursor:   Cursor: pass 2 — 10 frames at 5.0 FPS [372667ms-374667ms]
2026-03-16 21:04:09,127 INFO vex_extract.cursor:   Cursor: 1/10 frames (1 detections)
2026-03-16 21:04:09,141 INFO vex_extract.cursor:   Cursor: 2/10 frames (2 detections)
2026-03-16 21:04:09,154 INFO vex_extract.cursor:   Cursor: 3/10 frames (3 detections)
2026-03-16 21:04:09,168 INFO vex_extract.cursor:   Cursor: 4/10 frames (4 detections)
2026-03-16 21:04:09,181 INFO vex_extract.cursor:   Cursor: 5/10 frames (5 detections)
2026-03-16 21:04:09,194 INFO vex_extract.cursor:   Cursor: 6/10 frames (6 detections)
2026-03-16 21:04:09,208 INFO vex_extract.cursor:   Cursor: 7/10 frames (7 detections)
2026-03-16 21:04:09,221 INFO vex_extract.cursor:   Cursor: 8/10 frames (8 detections)
2026-03-16 21:04:09,235 INFO vex_extract.cursor:   Cursor: 9/10 frames (9 detections)
2026-03-16 21:04:10,868 INFO vex_extract.cursor:   Cursor: pass 2 — 27 frames at 5.0 FPS [377667ms-383000ms]
2026-03-16 21:04:10,909 INFO vex_extract.cursor:   Cursor: 2/27 frames (2 detections)
2026-03-16 21:04:10,922 INFO vex_extract.cursor:   Cursor: 4/27 frames (4 detections)
2026-03-16 21:04:10,941 INFO vex_extract.cursor:   Cursor: 6/27 frames (6 detections)
2026-03-16 21:04:10,968 INFO vex_extract.cursor:   Cursor: 8/27 frames (8 detections)
2026-03-16 21:04:10,995 INFO vex_extract.cursor:   Cursor: 10/27 frames (10 detections)
2026-03-16 21:04:11,021 INFO vex_extract.cursor:   Cursor: 12/27 frames (12 detections)
2026-03-16 21:04:11,048 INFO vex_extract.cursor:   Cursor: 14/27 frames (14 detections)
2026-03-16 21:04:11,074 INFO vex_extract.cursor:   Cursor: 16/27 frames (16 detections)
2026-03-16 21:04:11,100 INFO vex_extract.cursor:   Cursor: 18/27 frames (18 detections)
2026-03-16 21:04:11,127 INFO vex_extract.cursor:   Cursor: 20/27 frames (20 detections)
2026-03-16 21:04:11,153 INFO vex_extract.cursor:   Cursor: 22/27 frames (22 detections)
2026-03-16 21:04:11,179 INFO vex_extract.cursor:   Cursor: 24/27 frames (24 detections)
2026-03-16 21:04:11,206 INFO vex_extract.cursor:   Cursor: 26/27 frames (26 detections)
2026-03-16 21:04:12,837 INFO vex_extract.cursor:   Cursor: pass 2 — 20 frames at 5.0 FPS [383333ms-387333ms]
2026-03-16 21:04:12,932 INFO vex_extract.cursor:   Cursor: 2/20 frames (2 detections)
2026-03-16 21:04:12,959 INFO vex_extract.cursor:   Cursor: 4/20 frames (4 detections)
2026-03-16 21:04:12,986 INFO vex_extract.cursor:   Cursor: 6/20 frames (6 detections)
2026-03-16 21:04:13,012 INFO vex_extract.cursor:   Cursor: 8/20 frames (8 detections)
2026-03-16 21:04:13,038 INFO vex_extract.cursor:   Cursor: 10/20 frames (10 detections)
2026-03-16 21:04:13,065 INFO vex_extract.cursor:   Cursor: 12/20 frames (12 detections)
2026-03-16 21:04:13,092 INFO vex_extract.cursor:   Cursor: 14/20 frames (14 detections)
2026-03-16 21:04:13,119 INFO vex_extract.cursor:   Cursor: 16/20 frames (16 detections)
2026-03-16 21:04:13,146 INFO vex_extract.cursor:   Cursor: 18/20 frames (18 detections)
2026-03-16 21:04:14,832 INFO vex_extract.cursor:   Cursor: pass 2 — 10 frames at 5.0 FPS [391333ms-393333ms]
2026-03-16 21:04:14,914 INFO vex_extract.cursor:   Cursor: 1/10 frames (1 detections)
2026-03-16 21:04:14,928 INFO vex_extract.cursor:   Cursor: 2/10 frames (2 detections)
2026-03-16 21:04:14,941 INFO vex_extract.cursor:   Cursor: 3/10 frames (3 detections)
2026-03-16 21:04:14,955 INFO vex_extract.cursor:   Cursor: 4/10 frames (4 detections)
2026-03-16 21:04:14,968 INFO vex_extract.cursor:   Cursor: 5/10 frames (5 detections)
2026-03-16 21:04:14,982 INFO vex_extract.cursor:   Cursor: 6/10 frames (6 detections)
2026-03-16 21:04:14,996 INFO vex_extract.cursor:   Cursor: 7/10 frames (7 detections)
2026-03-16 21:04:15,009 INFO vex_extract.cursor:   Cursor: 8/10 frames (8 detections)
2026-03-16 21:04:15,023 INFO vex_extract.cursor:   Cursor: 9/10 frames (9 detections)
2026-03-16 21:04:16,708 INFO vex_extract.cursor:   Cursor: pass 2 — 17 frames at 5.0 FPS [396667ms-400000ms]
2026-03-16 21:04:16,741 INFO vex_extract.cursor:   Cursor: 1/17 frames (1 detections)
2026-03-16 21:04:16,747 INFO vex_extract.cursor:   Cursor: 2/17 frames (2 detections)
2026-03-16 21:04:16,754 INFO vex_extract.cursor:   Cursor: 3/17 frames (3 detections)
2026-03-16 21:04:16,760 INFO vex_extract.cursor:   Cursor: 4/17 frames (4 detections)
2026-03-16 21:04:16,767 INFO vex_extract.cursor:   Cursor: 5/17 frames (5 detections)
2026-03-16 21:04:16,781 INFO vex_extract.cursor:   Cursor: 6/17 frames (6 detections)
2026-03-16 21:04:16,794 INFO vex_extract.cursor:   Cursor: 7/17 frames (7 detections)
2026-03-16 21:04:16,807 INFO vex_extract.cursor:   Cursor: 8/17 frames (8 detections)
2026-03-16 21:04:16,820 INFO vex_extract.cursor:   Cursor: 9/17 frames (9 detections)
2026-03-16 21:04:16,834 INFO vex_extract.cursor:   Cursor: 10/17 frames (10 detections)
2026-03-16 21:04:16,847 INFO vex_extract.cursor:   Cursor: 11/17 frames (11 detections)
2026-03-16 21:04:16,860 INFO vex_extract.cursor:   Cursor: 12/17 frames (12 detections)
2026-03-16 21:04:16,873 INFO vex_extract.cursor:   Cursor: 13/17 frames (13 detections)
2026-03-16 21:04:16,886 INFO vex_extract.cursor:   Cursor: 14/17 frames (14 detections)
2026-03-16 21:04:16,899 INFO vex_extract.cursor:   Cursor: 15/17 frames (15 detections)
2026-03-16 21:04:16,912 INFO vex_extract.cursor:   Cursor: 16/17 frames (16 detections)
2026-03-16 21:04:18,611 INFO vex_extract.cursor:   Cursor: pass 2 — 19 frames at 5.0 FPS [400333ms-404000ms]
2026-03-16 21:04:18,691 INFO vex_extract.cursor:   Cursor: 1/19 frames (1 detections)
2026-03-16 21:04:18,704 INFO vex_extract.cursor:   Cursor: 2/19 frames (2 detections)
2026-03-16 21:04:18,718 INFO vex_extract.cursor:   Cursor: 3/19 frames (3 detections)
2026-03-16 21:04:18,731 INFO vex_extract.cursor:   Cursor: 4/19 frames (4 detections)
2026-03-16 21:04:18,745 INFO vex_extract.cursor:   Cursor: 5/19 frames (5 detections)
2026-03-16 21:04:18,759 INFO vex_extract.cursor:   Cursor: 6/19 frames (6 detections)
2026-03-16 21:04:18,772 INFO vex_extract.cursor:   Cursor: 7/19 frames (7 detections)
2026-03-16 21:04:18,785 INFO vex_extract.cursor:   Cursor: 8/19 frames (8 detections)
2026-03-16 21:04:18,798 INFO vex_extract.cursor:   Cursor: 9/19 frames (9 detections)
2026-03-16 21:04:18,812 INFO vex_extract.cursor:   Cursor: 10/19 frames (10 detections)
2026-03-16 21:04:18,825 INFO vex_extract.cursor:   Cursor: 11/19 frames (11 detections)
2026-03-16 21:04:18,838 INFO vex_extract.cursor:   Cursor: 12/19 frames (12 detections)
2026-03-16 21:04:18,851 INFO vex_extract.cursor:   Cursor: 13/19 frames (13 detections)
2026-03-16 21:04:18,864 INFO vex_extract.cursor:   Cursor: 14/19 frames (14 detections)
2026-03-16 21:04:18,877 INFO vex_extract.cursor:   Cursor: 15/19 frames (15 detections)
2026-03-16 21:04:18,890 INFO vex_extract.cursor:   Cursor: 16/19 frames (16 detections)
2026-03-16 21:04:18,904 INFO vex_extract.cursor:   Cursor: 17/19 frames (17 detections)
2026-03-16 21:04:18,917 INFO vex_extract.cursor:   Cursor: 18/19 frames (18 detections)
2026-03-16 21:04:20,612 INFO vex_extract.cursor:   Cursor: pass 2 — 9 frames at 5.0 FPS [405667ms-407333ms]
2026-03-16 21:04:20,691 INFO vex_extract.cursor:   Cursor: 1/9 frames (1 detections)
2026-03-16 21:04:20,705 INFO vex_extract.cursor:   Cursor: 2/9 frames (2 detections)
2026-03-16 21:04:20,718 INFO vex_extract.cursor:   Cursor: 3/9 frames (3 detections)
2026-03-16 21:04:20,732 INFO vex_extract.cursor:   Cursor: 4/9 frames (4 detections)
2026-03-16 21:04:20,745 INFO vex_extract.cursor:   Cursor: 5/9 frames (5 detections)
2026-03-16 21:04:20,759 INFO vex_extract.cursor:   Cursor: 6/9 frames (6 detections)
2026-03-16 21:04:20,772 INFO vex_extract.cursor:   Cursor: 7/9 frames (7 detections)
2026-03-16 21:04:20,785 INFO vex_extract.cursor:   Cursor: 8/9 frames (8 detections)
2026-03-16 21:04:22,522 INFO vex_extract.cursor:   Cursor: pass 2 — 22 frames at 5.0 FPS [408000ms-412333ms]
2026-03-16 21:04:22,615 INFO vex_extract.cursor:   Cursor: 2/22 frames (2 detections)
2026-03-16 21:04:22,642 INFO vex_extract.cursor:   Cursor: 4/22 frames (4 detections)
2026-03-16 21:04:22,668 INFO vex_extract.cursor:   Cursor: 6/22 frames (6 detections)
2026-03-16 21:04:22,695 INFO vex_extract.cursor:   Cursor: 8/22 frames (8 detections)
2026-03-16 21:04:22,722 INFO vex_extract.cursor:   Cursor: 10/22 frames (10 detections)
2026-03-16 21:04:22,748 INFO vex_extract.cursor:   Cursor: 12/22 frames (12 detections)
2026-03-16 21:04:22,775 INFO vex_extract.cursor:   Cursor: 14/22 frames (14 detections)
2026-03-16 21:04:22,801 INFO vex_extract.cursor:   Cursor: 16/22 frames (16 detections)
2026-03-16 21:04:22,828 INFO vex_extract.cursor:   Cursor: 18/22 frames (18 detections)
2026-03-16 21:04:22,854 INFO vex_extract.cursor:   Cursor: 20/22 frames (20 detections)
2026-03-16 21:04:24,658 INFO vex_extract.cursor:   Cursor: pass 2 — 26 frames at 5.0 FPS [420000ms-425333ms]
2026-03-16 21:04:24,750 INFO vex_extract.cursor:   Cursor: 2/26 frames (2 detections)
2026-03-16 21:04:24,778 INFO vex_extract.cursor:   Cursor: 4/26 frames (4 detections)
2026-03-16 21:04:24,804 INFO vex_extract.cursor:   Cursor: 6/26 frames (6 detections)
2026-03-16 21:04:24,830 INFO vex_extract.cursor:   Cursor: 8/26 frames (8 detections)
2026-03-16 21:04:24,857 INFO vex_extract.cursor:   Cursor: 10/26 frames (10 detections)
2026-03-16 21:04:24,883 INFO vex_extract.cursor:   Cursor: 12/26 frames (12 detections)
2026-03-16 21:04:24,910 INFO vex_extract.cursor:   Cursor: 14/26 frames (14 detections)
2026-03-16 21:04:24,936 INFO vex_extract.cursor:   Cursor: 16/26 frames (16 detections)
2026-03-16 21:04:24,963 INFO vex_extract.cursor:   Cursor: 18/26 frames (18 detections)
2026-03-16 21:04:24,989 INFO vex_extract.cursor:   Cursor: 20/26 frames (20 detections)
2026-03-16 21:04:25,016 INFO vex_extract.cursor:   Cursor: 22/26 frames (22 detections)
2026-03-16 21:04:25,043 INFO vex_extract.cursor:   Cursor: 24/26 frames (24 detections)
2026-03-16 21:04:26,848 INFO vex_extract.cursor:   Cursor: pass 2 — 18 frames at 5.0 FPS [426000ms-429667ms]
2026-03-16 21:04:26,861 INFO vex_extract.cursor:   Cursor: 1/18 frames (1 detections)
2026-03-16 21:04:26,875 INFO vex_extract.cursor:   Cursor: 2/18 frames (2 detections)
2026-03-16 21:04:26,888 INFO vex_extract.cursor:   Cursor: 3/18 frames (3 detections)
2026-03-16 21:04:26,901 INFO vex_extract.cursor:   Cursor: 4/18 frames (4 detections)
2026-03-16 21:04:26,914 INFO vex_extract.cursor:   Cursor: 5/18 frames (5 detections)
2026-03-16 21:04:26,928 INFO vex_extract.cursor:   Cursor: 6/18 frames (6 detections)
2026-03-16 21:04:26,941 INFO vex_extract.cursor:   Cursor: 7/18 frames (7 detections)
2026-03-16 21:04:26,954 INFO vex_extract.cursor:   Cursor: 8/18 frames (8 detections)
2026-03-16 21:04:26,968 INFO vex_extract.cursor:   Cursor: 9/18 frames (9 detections)
2026-03-16 21:04:26,981 INFO vex_extract.cursor:   Cursor: 10/18 frames (10 detections)
2026-03-16 21:04:26,995 INFO vex_extract.cursor:   Cursor: 11/18 frames (11 detections)
2026-03-16 21:04:27,008 INFO vex_extract.cursor:   Cursor: 12/18 frames (12 detections)
2026-03-16 21:04:27,022 INFO vex_extract.cursor:   Cursor: 13/18 frames (13 detections)
2026-03-16 21:04:27,035 INFO vex_extract.cursor:   Cursor: 14/18 frames (14 detections)
2026-03-16 21:04:27,049 INFO vex_extract.cursor:   Cursor: 15/18 frames (15 detections)
2026-03-16 21:04:27,062 INFO vex_extract.cursor:   Cursor: 16/18 frames (16 detections)
2026-03-16 21:04:27,075 INFO vex_extract.cursor:   Cursor: 17/18 frames (17 detections)
2026-03-16 21:04:28,884 INFO vex_extract.cursor:   Cursor: pass 2 — 17 frames at 5.0 FPS [430667ms-434000ms]
2026-03-16 21:04:28,965 INFO vex_extract.cursor:   Cursor: 1/17 frames (1 detections)
2026-03-16 21:04:28,979 INFO vex_extract.cursor:   Cursor: 2/17 frames (2 detections)
2026-03-16 21:04:28,992 INFO vex_extract.cursor:   Cursor: 3/17 frames (3 detections)
2026-03-16 21:04:29,005 INFO vex_extract.cursor:   Cursor: 4/17 frames (4 detections)
2026-03-16 21:04:29,018 INFO vex_extract.cursor:   Cursor: 5/17 frames (5 detections)
2026-03-16 21:04:29,032 INFO vex_extract.cursor:   Cursor: 6/17 frames (6 detections)
2026-03-16 21:04:29,045 INFO vex_extract.cursor:   Cursor: 7/17 frames (7 detections)
2026-03-16 21:04:29,058 INFO vex_extract.cursor:   Cursor: 8/17 frames (8 detections)
2026-03-16 21:04:29,072 INFO vex_extract.cursor:   Cursor: 9/17 frames (9 detections)
2026-03-16 21:04:29,085 INFO vex_extract.cursor:   Cursor: 10/17 frames (10 detections)
2026-03-16 21:04:29,099 INFO vex_extract.cursor:   Cursor: 11/17 frames (11 detections)
2026-03-16 21:04:29,112 INFO vex_extract.cursor:   Cursor: 12/17 frames (12 detections)
2026-03-16 21:04:29,126 INFO vex_extract.cursor:   Cursor: 13/17 frames (13 detections)
2026-03-16 21:04:29,139 INFO vex_extract.cursor:   Cursor: 14/17 frames (14 detections)
2026-03-16 21:04:29,152 INFO vex_extract.cursor:   Cursor: 15/17 frames (15 detections)
2026-03-16 21:04:29,166 INFO vex_extract.cursor:   Cursor: 16/17 frames (16 detections)
2026-03-16 21:04:31,005 INFO vex_extract.cursor:   Cursor: pass 2 — 20 frames at 5.0 FPS [434667ms-438667ms]
2026-03-16 21:04:31,098 INFO vex_extract.cursor:   Cursor: 2/20 frames (2 detections)
2026-03-16 21:04:31,125 INFO vex_extract.cursor:   Cursor: 4/20 frames (4 detections)
2026-03-16 21:04:31,151 INFO vex_extract.cursor:   Cursor: 6/20 frames (6 detections)
2026-03-16 21:04:31,177 INFO vex_extract.cursor:   Cursor: 8/20 frames (8 detections)
2026-03-16 21:04:31,204 INFO vex_extract.cursor:   Cursor: 10/20 frames (10 detections)
2026-03-16 21:04:31,230 INFO vex_extract.cursor:   Cursor: 12/20 frames (12 detections)
2026-03-16 21:04:31,256 INFO vex_extract.cursor:   Cursor: 14/20 frames (14 detections)
2026-03-16 21:04:31,283 INFO vex_extract.cursor:   Cursor: 16/20 frames (16 detections)
2026-03-16 21:04:31,310 INFO vex_extract.cursor:   Cursor: 18/20 frames (18 detections)
2026-03-16 21:04:33,210 INFO vex_extract.cursor:   Cursor: pass 2 — 28 frames at 5.0 FPS [442333ms-448000ms]
2026-03-16 21:04:33,237 INFO vex_extract.cursor:   Cursor: 2/28 frames (2 detections)
2026-03-16 21:04:33,263 INFO vex_extract.cursor:   Cursor: 4/28 frames (4 detections)
2026-03-16 21:04:33,290 INFO vex_extract.cursor:   Cursor: 6/28 frames (6 detections)
2026-03-16 21:04:33,316 INFO vex_extract.cursor:   Cursor: 8/28 frames (8 detections)
2026-03-16 21:04:33,344 INFO vex_extract.cursor:   Cursor: 10/28 frames (10 detections)
2026-03-16 21:04:33,371 INFO vex_extract.cursor:   Cursor: 12/28 frames (12 detections)
2026-03-16 21:04:33,398 INFO vex_extract.cursor:   Cursor: 14/28 frames (14 detections)
2026-03-16 21:04:33,424 INFO vex_extract.cursor:   Cursor: 16/28 frames (16 detections)
2026-03-16 21:04:33,451 INFO vex_extract.cursor:   Cursor: 18/28 frames (18 detections)
2026-03-16 21:04:33,478 INFO vex_extract.cursor:   Cursor: 20/28 frames (20 detections)
2026-03-16 21:04:33,505 INFO vex_extract.cursor:   Cursor: 22/28 frames (22 detections)
2026-03-16 21:04:33,531 INFO vex_extract.cursor:   Cursor: 24/28 frames (24 detections)
2026-03-16 21:04:33,557 INFO vex_extract.cursor:   Cursor: 26/28 frames (26 detections)
2026-03-16 21:04:35,416 INFO vex_extract.cursor:   Cursor: pass 2 — 7 frames at 5.0 FPS [448333ms-449667ms]
2026-03-16 21:04:35,496 INFO vex_extract.cursor:   Cursor: 1/7 frames (1 detections)
2026-03-16 21:04:35,510 INFO vex_extract.cursor:   Cursor: 2/7 frames (2 detections)
2026-03-16 21:04:35,523 INFO vex_extract.cursor:   Cursor: 3/7 frames (3 detections)
2026-03-16 21:04:35,536 INFO vex_extract.cursor:   Cursor: 4/7 frames (4 detections)
2026-03-16 21:04:35,550 INFO vex_extract.cursor:   Cursor: 5/7 frames (5 detections)
2026-03-16 21:04:35,563 INFO vex_extract.cursor:   Cursor: 6/7 frames (6 detections)
2026-03-16 21:04:37,423 INFO vex_extract.cursor:   Cursor: pass 2 — 10 frames at 5.0 FPS [450000ms-452000ms]
2026-03-16 21:04:37,503 INFO vex_extract.cursor:   Cursor: 1/10 frames (1 detections)
2026-03-16 21:04:37,517 INFO vex_extract.cursor:   Cursor: 2/10 frames (2 detections)
2026-03-16 21:04:37,531 INFO vex_extract.cursor:   Cursor: 3/10 frames (3 detections)
2026-03-16 21:04:37,544 INFO vex_extract.cursor:   Cursor: 4/10 frames (4 detections)
2026-03-16 21:04:37,558 INFO vex_extract.cursor:   Cursor: 5/10 frames (5 detections)
2026-03-16 21:04:37,571 INFO vex_extract.cursor:   Cursor: 6/10 frames (6 detections)
2026-03-16 21:04:37,585 INFO vex_extract.cursor:   Cursor: 7/10 frames (7 detections)
2026-03-16 21:04:37,598 INFO vex_extract.cursor:   Cursor: 8/10 frames (8 detections)
2026-03-16 21:04:37,611 INFO vex_extract.cursor:   Cursor: 9/10 frames (9 detections)
2026-03-16 21:04:39,478 INFO vex_extract.cursor:   Cursor: pass 2 — 9 frames at 5.0 FPS [453333ms-455000ms]
2026-03-16 21:04:39,512 INFO vex_extract.cursor:   Cursor: 1/9 frames (1 detections)
2026-03-16 21:04:39,519 INFO vex_extract.cursor:   Cursor: 2/9 frames (2 detections)
2026-03-16 21:04:39,526 INFO vex_extract.cursor:   Cursor: 3/9 frames (3 detections)
2026-03-16 21:04:39,533 INFO vex_extract.cursor:   Cursor: 4/9 frames (4 detections)
2026-03-16 21:04:39,546 INFO vex_extract.cursor:   Cursor: 5/9 frames (5 detections)
2026-03-16 21:04:39,552 INFO vex_extract.cursor:   Cursor: 6/9 frames (6 detections)
2026-03-16 21:04:39,559 INFO vex_extract.cursor:   Cursor: 7/9 frames (7 detections)
2026-03-16 21:04:39,566 INFO vex_extract.cursor:   Cursor: 8/9 frames (8 detections)
2026-03-16 21:04:41,457 INFO vex_extract.cursor:   Cursor: pass 2 — 5 frames at 5.0 FPS [462333ms-463667ms]
2026-03-16 21:04:41,537 INFO vex_extract.cursor:   Cursor: 1/5 frames (1 detections)
2026-03-16 21:04:41,544 INFO vex_extract.cursor:   Cursor: 2/5 frames (2 detections)
2026-03-16 21:04:41,551 INFO vex_extract.cursor:   Cursor: 3/5 frames (3 detections)
2026-03-16 21:04:41,564 INFO vex_extract.cursor:   Cursor: 4/5 frames (4 detections)
2026-03-16 21:04:41,574 INFO vex_extract.cursor:   Cursor: merged 1907 detections (1905 detected)
2026-03-16 21:04:41,574 INFO vex_extract.cursor:   Cursor: filtering 12 static detections at (1178.0, 894.0) spanning 3700ms
2026-03-16 21:04:41,574 INFO vex_extract.cursor:   Cursor: filtering 24 static detections at (1263.0, 838.0) spanning 7967ms
2026-03-16 21:04:41,574 INFO vex_extract.cursor:   Cursor: filtering 31 static detections at (1263.0, 838.0) spanning 10000ms
2026-03-16 21:04:41,574 INFO vex_extract.cursor:   Cursor: filtering 10 static detections at (1254.0, 808.0) spanning 3000ms
2026-03-16 21:04:41,574 INFO vex_extract.cursor:   Cursor: filtering 50 static detections at (1257.0, 808.0) spanning 16800ms
2026-03-16 21:04:41,574 INFO vex_extract.cursor:   Cursor: filtering 15 static detections at (1268.0, 949.0) spanning 4400ms
2026-03-16 21:04:41,574 INFO vex_extract.cursor:   Cursor: filtering 16 static detections at (637.0, 266.0) spanning 4500ms
2026-03-16 21:04:41,574 INFO vex_extract.cursor:   Cursor: filtering 18 static detections at (1839.0, 774.0) spanning 5667ms
2026-03-16 21:04:41,574 INFO vex_extract.cursor:   Cursor: filtering 25 static detections at (407.0, 1019.0) spanning 4700ms
2026-03-16 21:04:41,574 INFO vex_extract.cursor:   Cursor: filtering 15 static detections at (1176.0, 412.0) spanning 4833ms
2026-03-16 21:04:41,575 INFO vex_extract.cursor:   Cursor: filtering 23 static detections at (1856.0, 800.0) spanning 4400ms
2026-03-16 21:04:41,575 INFO vex_extract.cursor:   Cursor: filtering 26 static detections at (731.0, 343.0) spanning 8633ms
2026-03-16 21:04:41,575 INFO vex_extract.cursor:   Cursor: filtering 23 static detections at (285.0, 1068.0) spanning 4700ms
2026-03-16 21:04:41,575 INFO vex_extract.cursor:   Cursor: filtering 16 static detections at (18.0, 103.0) spanning 3200ms
2026-03-16 21:04:41,575 INFO vex_extract.cursor:   Cursor: filtering 20 static detections at (820.0, 397.0) spanning 6267ms
2026-03-16 21:04:41,575 INFO vex_extract.cursor:   Cursor: filtering 11 static detections at (142.0, 197.0) spanning 3333ms
2026-03-16 21:04:41,575 INFO vex_extract.cursor:   Cursor: filtering 20 static detections at (302.0, 712.0) spanning 6333ms
2026-03-16 21:04:41,575 INFO vex_extract.cursor:   Cursor: filtering 20 static detections at (722.0, 419.0) spanning 3833ms
2026-03-16 21:04:41,575 INFO vex_extract.cursor:   Cursor: filtering 10 static detections at (983.0, 786.0) spanning 3000ms
2026-03-16 21:04:41,575 INFO vex_extract.cursor:   Cursor: filtering 16 static detections at (818.0, 413.0) spanning 5000ms
2026-03-16 21:04:41,575 INFO vex_extract.cursor:   Cursor: filtering 23 static detections at (64.0, 828.0) spanning 6767ms
2026-03-16 21:04:41,575 INFO vex_extract.cursor:   Cursor: filtering 13 static detections at (378.0, 1044.0) spanning 4000ms
2026-03-16 21:04:41,575 INFO vex_extract.cursor:   Cursor: filtering 12 static detections at (1570.0, 838.0) spanning 3667ms
2026-03-16 21:04:41,575 INFO vex_extract.cursor:   Cursor: filtering 10 static detections at (940.0, 513.0) spanning 3000ms
2026-03-16 21:04:41,575 INFO vex_extract.cursor:   Cursor: filtering 27 static detections at (1735.0, 762.0) spanning 8133ms
2026-03-16 21:04:41,575 INFO vex_extract.cursor:   Cursor: filtering 17 static detections at (1671.0, 960.0) spanning 3333ms
2026-03-16 21:04:41,575 INFO vex_extract.cursor:   Cursor: filtering 15 static detections at (898.0, 325.0) spanning 4133ms
2026-03-16 21:04:41,575 INFO vex_extract.cursor:   Cursor: filtering 12 static detections at (709.0, 551.0) spanning 3667ms
2026-03-16 21:04:41,575 INFO vex_extract.cursor:   Cursor: filtering 11 static detections at (711.0, 553.0) spanning 3167ms
2026-03-16 21:04:41,581 INFO vex_extract.pipeline:   Cached cursor trajectory: /Users/nic/Developer/spike-air-315-vision-processing/candidates/2026-03-14/tmp/cv/opportunity_list_ben_4c5714dc_cursor/cursor_trajectory.json
2026-03-16 21:04:41,581 INFO vex_extract.pipeline:   1907 cursor detections (1364 detected) in 136.4s
2026-03-16 21:04:41,582 INFO vex_extract.pipeline: Step 3: Computing optical flow...
2026-03-16 21:04:44,035 INFO vex_extract.flow:   Flow: computing across 926 frame pairs...
2026-03-16 21:04:47,147 INFO vex_extract.pipeline:   Cached flow windows: /Users/nic/Developer/spike-air-315-vision-processing/candidates/2026-03-14/tmp/cv/opportunity_list_ben_bb5a87ef_4c5714dc_flow/flow_windows.json
2026-03-16 21:04:47,147 INFO vex_extract.pipeline:   925 flow windows in 5.6s
2026-03-16 21:04:47,147 INFO vex_extract.pipeline: Step 4: Creating video segments...
2026-03-16 21:04:47,147 INFO vex_extract.pipeline:   7 segments
2026-03-16 21:04:47,147 INFO vex_extract.pipeline:   Segment 0: cached
2026-03-16 21:04:47,147 INFO vex_extract.pipeline:   Segment 1: cached
2026-03-16 21:04:47,147 INFO vex_extract.pipeline:   Segment 2: cached
2026-03-16 21:04:47,147 INFO vex_extract.pipeline:   Segment 3: cached
2026-03-16 21:04:47,147 INFO vex_extract.pipeline:   Segment 4: cached
2026-03-16 21:04:47,147 INFO vex_extract.pipeline:   Segment 5: cached
2026-03-16 21:04:47,147 INFO vex_extract.pipeline:   Segment 6: cached
2026-03-16 21:04:47,147 INFO vex_extract.pipeline: Step 5: Preparing prompts...
2026-03-16 21:04:47,148 INFO vex_extract.analysis: Segment 0: prompt prepared (10950 chars)
2026-03-16 21:04:47,149 INFO vex_extract.analysis: Segment 1: prompt prepared (12368 chars)
2026-03-16 21:04:47,150 INFO vex_extract.analysis: Segment 2: prompt prepared (12005 chars)
2026-03-16 21:04:47,151 INFO vex_extract.analysis: Segment 3: prompt prepared (11864 chars)
2026-03-16 21:04:47,151 INFO vex_extract.analysis: Segment 4: prompt prepared (11891 chars)
2026-03-16 21:04:47,152 INFO vex_extract.analysis: Segment 5: prompt prepared (11814 chars)
2026-03-16 21:04:47,153 INFO vex_extract.analysis: Segment 6: prompt prepared (11535 chars)
2026-03-16 21:04:47,153 INFO vex_extract.pipeline:   7 prompts prepared
2026-03-16 21:04:47,153 INFO vex_extract.pipeline: Stopped after: prompt
