2026-03-16 20:25:01,151 INFO vex_extract.pipeline: === Video Event Extractor ===
2026-03-16 20:25:01,151 INFO vex_extract.pipeline: Video: /Users/nic/Developer/spike-air-315-vision-processing/input_data/screen_tracks/flight_centre_booking_kay.mp4
2026-03-16 20:25:01,151 INFO vex_extract.pipeline: Offset: 349348 ms
2026-03-16 20:25:01,151 INFO vex_extract.pipeline: Run ID: 2026-03-16_102501
2026-03-16 20:25:01,151 INFO vex_extract.pipeline: Stop after: prompt
2026-03-16 20:25:01,151 INFO vex_extract.pipeline: Step 1: Normalizing video...
2026-03-16 20:25:01,151 INFO vex_extract.pipeline:   Using cached normalized video: /Users/nic/Developer/spike-air-315-vision-processing/candidates/2026-03-14/tmp/flight_centre_booking_kay_normalized.mp4
2026-03-16 20:25:01,178 INFO vex_extract.pipeline:   Duration: 391.4s, 1982x1046, 30.0 fps
2026-03-16 20:25:01,178 INFO vex_extract.pipeline: Step 2: Tracking cursor...
2026-03-16 20:25:04,868 INFO vex_extract.cursor:   Cursor: pass 1 — matching 783 frames at 2.0 FPS against 6 templates x 7 scales at 540p...
2026-03-16 20:25:06,747 INFO vex_extract.cursor:   Cursor: 78/783 frames (77 detections)
2026-03-16 20:25:08,468 INFO vex_extract.cursor:   Cursor: 156/783 frames (155 detections)
2026-03-16 20:25:09,755 INFO vex_extract.cursor:   Cursor: 234/783 frames (233 detections)
2026-03-16 20:25:11,057 INFO vex_extract.cursor:   Cursor: 312/783 frames (311 detections)
2026-03-16 20:25:12,382 INFO vex_extract.cursor:   Cursor: 390/783 frames (389 detections)
2026-03-16 20:25:13,622 INFO vex_extract.cursor:   Cursor: 468/783 frames (467 detections)
2026-03-16 20:25:14,917 INFO vex_extract.cursor:   Cursor: 546/783 frames (545 detections)
2026-03-16 20:25:16,365 INFO vex_extract.cursor:   Cursor: 624/783 frames (623 detections)
2026-03-16 20:25:17,605 INFO vex_extract.cursor:   Cursor: 702/783 frames (701 detections)
2026-03-16 20:25:18,882 INFO vex_extract.cursor:   Cursor: 780/783 frames (779 detections)
2026-03-16 20:25:18,929 INFO vex_extract.cursor:   Cursor: calibrated to scales (0.3, 0.4) from coarse pass
2026-03-16 20:25:18,930 INFO vex_extract.cursor:   Cursor: 56 active regions identified
2026-03-16 20:25:19,081 INFO vex_extract.cursor:   Cursor: pass 2 — 40 frames at 4.0 FPS [0ms-10500ms]
2026-03-16 20:25:19,298 INFO vex_extract.cursor:   Cursor: 4/40 frames (3 detections)
2026-03-16 20:25:19,360 INFO vex_extract.cursor:   Cursor: 8/40 frames (7 detections)
2026-03-16 20:25:19,422 INFO vex_extract.cursor:   Cursor: 12/40 frames (11 detections)
2026-03-16 20:25:19,485 INFO vex_extract.cursor:   Cursor: 16/40 frames (15 detections)
2026-03-16 20:25:19,548 INFO vex_extract.cursor:   Cursor: 20/40 frames (19 detections)
2026-03-16 20:25:19,611 INFO vex_extract.cursor:   Cursor: 24/40 frames (23 detections)
2026-03-16 20:25:19,674 INFO vex_extract.cursor:   Cursor: 28/40 frames (27 detections)
2026-03-16 20:25:19,736 INFO vex_extract.cursor:   Cursor: 32/40 frames (31 detections)
2026-03-16 20:25:19,799 INFO vex_extract.cursor:   Cursor: 36/40 frames (35 detections)
2026-03-16 20:25:19,991 INFO vex_extract.cursor:   Cursor: pass 2 — 16 frames at 4.0 FPS [16500ms-20500ms]
2026-03-16 20:25:20,085 INFO vex_extract.cursor:   Cursor: 1/16 frames (1 detections)
2026-03-16 20:25:20,100 INFO vex_extract.cursor:   Cursor: 2/16 frames (2 detections)
2026-03-16 20:25:20,116 INFO vex_extract.cursor:   Cursor: 3/16 frames (3 detections)
2026-03-16 20:25:20,131 INFO vex_extract.cursor:   Cursor: 4/16 frames (4 detections)
2026-03-16 20:25:20,147 INFO vex_extract.cursor:   Cursor: 5/16 frames (5 detections)
2026-03-16 20:25:20,163 INFO vex_extract.cursor:   Cursor: 6/16 frames (6 detections)
2026-03-16 20:25:20,178 INFO vex_extract.cursor:   Cursor: 7/16 frames (7 detections)
2026-03-16 20:25:20,194 INFO vex_extract.cursor:   Cursor: 8/16 frames (8 detections)
2026-03-16 20:25:20,209 INFO vex_extract.cursor:   Cursor: 9/16 frames (9 detections)
2026-03-16 20:25:20,225 INFO vex_extract.cursor:   Cursor: 10/16 frames (10 detections)
2026-03-16 20:25:20,241 INFO vex_extract.cursor:   Cursor: 11/16 frames (11 detections)
2026-03-16 20:25:20,256 INFO vex_extract.cursor:   Cursor: 12/16 frames (12 detections)
2026-03-16 20:25:20,271 INFO vex_extract.cursor:   Cursor: 13/16 frames (13 detections)
2026-03-16 20:25:20,287 INFO vex_extract.cursor:   Cursor: 14/16 frames (14 detections)
2026-03-16 20:25:20,303 INFO vex_extract.cursor:   Cursor: 15/16 frames (15 detections)
2026-03-16 20:25:20,469 INFO vex_extract.cursor:   Cursor: pass 2 — 16 frames at 4.0 FPS [21500ms-25500ms]
2026-03-16 20:25:20,562 INFO vex_extract.cursor:   Cursor: 1/16 frames (1 detections)
2026-03-16 20:25:20,578 INFO vex_extract.cursor:   Cursor: 2/16 frames (2 detections)
2026-03-16 20:25:20,594 INFO vex_extract.cursor:   Cursor: 3/16 frames (3 detections)
2026-03-16 20:25:20,609 INFO vex_extract.cursor:   Cursor: 4/16 frames (4 detections)
2026-03-16 20:25:20,625 INFO vex_extract.cursor:   Cursor: 5/16 frames (5 detections)
2026-03-16 20:25:20,640 INFO vex_extract.cursor:   Cursor: 6/16 frames (6 detections)
2026-03-16 20:25:20,656 INFO vex_extract.cursor:   Cursor: 7/16 frames (7 detections)
2026-03-16 20:25:20,672 INFO vex_extract.cursor:   Cursor: 8/16 frames (8 detections)
2026-03-16 20:25:20,687 INFO vex_extract.cursor:   Cursor: 9/16 frames (9 detections)
2026-03-16 20:25:20,703 INFO vex_extract.cursor:   Cursor: 10/16 frames (10 detections)
2026-03-16 20:25:20,718 INFO vex_extract.cursor:   Cursor: 11/16 frames (11 detections)
2026-03-16 20:25:20,734 INFO vex_extract.cursor:   Cursor: 12/16 frames (12 detections)
2026-03-16 20:25:20,750 INFO vex_extract.cursor:   Cursor: 13/16 frames (13 detections)
2026-03-16 20:25:20,765 INFO vex_extract.cursor:   Cursor: 14/16 frames (14 detections)
2026-03-16 20:25:20,781 INFO vex_extract.cursor:   Cursor: 15/16 frames (15 detections)
2026-03-16 20:25:20,941 INFO vex_extract.cursor:   Cursor: pass 2 — 6 frames at 4.0 FPS [29000ms-30500ms]
2026-03-16 20:25:21,035 INFO vex_extract.cursor:   Cursor: 1/6 frames (1 detections)
2026-03-16 20:25:21,051 INFO vex_extract.cursor:   Cursor: 2/6 frames (2 detections)
2026-03-16 20:25:21,067 INFO vex_extract.cursor:   Cursor: 3/6 frames (3 detections)
2026-03-16 20:25:21,082 INFO vex_extract.cursor:   Cursor: 4/6 frames (4 detections)
2026-03-16 20:25:21,098 INFO vex_extract.cursor:   Cursor: 5/6 frames (5 detections)
2026-03-16 20:25:21,315 INFO vex_extract.cursor:   Cursor: pass 2 — 19 frames at 4.0 FPS [32500ms-37500ms]
2026-03-16 20:25:21,409 INFO vex_extract.cursor:   Cursor: 1/19 frames (1 detections)
2026-03-16 20:25:21,425 INFO vex_extract.cursor:   Cursor: 2/19 frames (2 detections)
2026-03-16 20:25:21,441 INFO vex_extract.cursor:   Cursor: 3/19 frames (3 detections)
2026-03-16 20:25:21,457 INFO vex_extract.cursor:   Cursor: 4/19 frames (4 detections)
2026-03-16 20:25:21,472 INFO vex_extract.cursor:   Cursor: 5/19 frames (5 detections)
2026-03-16 20:25:21,488 INFO vex_extract.cursor:   Cursor: 6/19 frames (6 detections)
2026-03-16 20:25:21,504 INFO vex_extract.cursor:   Cursor: 7/19 frames (7 detections)
2026-03-16 20:25:21,519 INFO vex_extract.cursor:   Cursor: 8/19 frames (8 detections)
2026-03-16 20:25:21,535 INFO vex_extract.cursor:   Cursor: 9/19 frames (9 detections)
2026-03-16 20:25:21,551 INFO vex_extract.cursor:   Cursor: 10/19 frames (10 detections)
2026-03-16 20:25:21,566 INFO vex_extract.cursor:   Cursor: 11/19 frames (11 detections)
2026-03-16 20:25:21,582 INFO vex_extract.cursor:   Cursor: 12/19 frames (12 detections)
2026-03-16 20:25:21,597 INFO vex_extract.cursor:   Cursor: 13/19 frames (13 detections)
2026-03-16 20:25:21,613 INFO vex_extract.cursor:   Cursor: 14/19 frames (14 detections)
2026-03-16 20:25:21,629 INFO vex_extract.cursor:   Cursor: 15/19 frames (15 detections)
2026-03-16 20:25:21,645 INFO vex_extract.cursor:   Cursor: 16/19 frames (16 detections)
2026-03-16 20:25:21,661 INFO vex_extract.cursor:   Cursor: 17/19 frames (17 detections)
2026-03-16 20:25:21,676 INFO vex_extract.cursor:   Cursor: 18/19 frames (18 detections)
2026-03-16 20:25:21,908 INFO vex_extract.cursor:   Cursor: pass 2 — 17 frames at 4.0 FPS [38000ms-42500ms]
2026-03-16 20:25:22,004 INFO vex_extract.cursor:   Cursor: 1/17 frames (1 detections)
2026-03-16 20:25:22,020 INFO vex_extract.cursor:   Cursor: 2/17 frames (2 detections)
2026-03-16 20:25:22,035 INFO vex_extract.cursor:   Cursor: 3/17 frames (3 detections)
2026-03-16 20:25:22,050 INFO vex_extract.cursor:   Cursor: 4/17 frames (4 detections)
2026-03-16 20:25:22,066 INFO vex_extract.cursor:   Cursor: 5/17 frames (5 detections)
2026-03-16 20:25:22,082 INFO vex_extract.cursor:   Cursor: 6/17 frames (6 detections)
2026-03-16 20:25:22,098 INFO vex_extract.cursor:   Cursor: 7/17 frames (7 detections)
2026-03-16 20:25:22,114 INFO vex_extract.cursor:   Cursor: 8/17 frames (8 detections)
2026-03-16 20:25:22,129 INFO vex_extract.cursor:   Cursor: 9/17 frames (9 detections)
2026-03-16 20:25:22,145 INFO vex_extract.cursor:   Cursor: 10/17 frames (10 detections)
2026-03-16 20:25:22,161 INFO vex_extract.cursor:   Cursor: 11/17 frames (11 detections)
2026-03-16 20:25:22,177 INFO vex_extract.cursor:   Cursor: 12/17 frames (12 detections)
2026-03-16 20:25:22,192 INFO vex_extract.cursor:   Cursor: 13/17 frames (13 detections)
2026-03-16 20:25:22,208 INFO vex_extract.cursor:   Cursor: 14/17 frames (14 detections)
2026-03-16 20:25:22,224 INFO vex_extract.cursor:   Cursor: 15/17 frames (15 detections)
2026-03-16 20:25:22,239 INFO vex_extract.cursor:   Cursor: 16/17 frames (16 detections)
2026-03-16 20:25:22,480 INFO vex_extract.cursor:   Cursor: pass 2 — 12 frames at 4.0 FPS [45500ms-48500ms]
2026-03-16 20:25:22,574 INFO vex_extract.cursor:   Cursor: 1/12 frames (1 detections)
2026-03-16 20:25:22,590 INFO vex_extract.cursor:   Cursor: 2/12 frames (2 detections)
2026-03-16 20:25:22,606 INFO vex_extract.cursor:   Cursor: 3/12 frames (3 detections)
2026-03-16 20:25:22,622 INFO vex_extract.cursor:   Cursor: 4/12 frames (4 detections)
2026-03-16 20:25:22,637 INFO vex_extract.cursor:   Cursor: 5/12 frames (5 detections)
2026-03-16 20:25:22,653 INFO vex_extract.cursor:   Cursor: 6/12 frames (6 detections)
2026-03-16 20:25:22,668 INFO vex_extract.cursor:   Cursor: 7/12 frames (7 detections)
2026-03-16 20:25:22,684 INFO vex_extract.cursor:   Cursor: 8/12 frames (8 detections)
2026-03-16 20:25:22,699 INFO vex_extract.cursor:   Cursor: 9/12 frames (9 detections)
2026-03-16 20:25:22,715 INFO vex_extract.cursor:   Cursor: 10/12 frames (10 detections)
2026-03-16 20:25:22,731 INFO vex_extract.cursor:   Cursor: 11/12 frames (11 detections)
2026-03-16 20:25:23,049 INFO vex_extract.cursor:   Cursor: pass 2 — 29 frames at 4.0 FPS [49000ms-56500ms]
2026-03-16 20:25:23,159 INFO vex_extract.cursor:   Cursor: 2/29 frames (2 detections)
2026-03-16 20:25:23,190 INFO vex_extract.cursor:   Cursor: 4/29 frames (4 detections)
2026-03-16 20:25:23,222 INFO vex_extract.cursor:   Cursor: 6/29 frames (6 detections)
2026-03-16 20:25:23,253 INFO vex_extract.cursor:   Cursor: 8/29 frames (8 detections)
2026-03-16 20:25:23,285 INFO vex_extract.cursor:   Cursor: 10/29 frames (10 detections)
2026-03-16 20:25:23,410 INFO vex_extract.cursor:   Cursor: 12/29 frames (12 detections)
2026-03-16 20:25:23,441 INFO vex_extract.cursor:   Cursor: 14/29 frames (14 detections)
2026-03-16 20:25:23,472 INFO vex_extract.cursor:   Cursor: 16/29 frames (16 detections)
2026-03-16 20:25:23,504 INFO vex_extract.cursor:   Cursor: 18/29 frames (18 detections)
2026-03-16 20:25:23,534 INFO vex_extract.cursor:   Cursor: 20/29 frames (20 detections)
2026-03-16 20:25:23,565 INFO vex_extract.cursor:   Cursor: 22/29 frames (22 detections)
2026-03-16 20:25:23,597 INFO vex_extract.cursor:   Cursor: 24/29 frames (24 detections)
2026-03-16 20:25:23,628 INFO vex_extract.cursor:   Cursor: 26/29 frames (26 detections)
2026-03-16 20:25:23,659 INFO vex_extract.cursor:   Cursor: 28/29 frames (28 detections)
2026-03-16 20:25:23,933 INFO vex_extract.cursor:   Cursor: pass 2 — 6 frames at 4.0 FPS [57500ms-59000ms]
2026-03-16 20:25:24,026 INFO vex_extract.cursor:   Cursor: 1/6 frames (1 detections)
2026-03-16 20:25:24,041 INFO vex_extract.cursor:   Cursor: 2/6 frames (2 detections)
2026-03-16 20:25:24,057 INFO vex_extract.cursor:   Cursor: 3/6 frames (3 detections)
2026-03-16 20:25:24,072 INFO vex_extract.cursor:   Cursor: 4/6 frames (4 detections)
2026-03-16 20:25:24,088 INFO vex_extract.cursor:   Cursor: 5/6 frames (5 detections)
2026-03-16 20:25:24,373 INFO vex_extract.cursor:   Cursor: pass 2 — 6 frames at 4.0 FPS [60500ms-62000ms]
2026-03-16 20:25:24,466 INFO vex_extract.cursor:   Cursor: 1/6 frames (1 detections)
2026-03-16 20:25:24,481 INFO vex_extract.cursor:   Cursor: 2/6 frames (2 detections)
2026-03-16 20:25:24,497 INFO vex_extract.cursor:   Cursor: 3/6 frames (3 detections)
2026-03-16 20:25:24,513 INFO vex_extract.cursor:   Cursor: 4/6 frames (4 detections)
2026-03-16 20:25:24,528 INFO vex_extract.cursor:   Cursor: 5/6 frames (5 detections)
2026-03-16 20:25:24,848 INFO vex_extract.cursor:   Cursor: pass 2 — 12 frames at 4.0 FPS [64000ms-67000ms]
2026-03-16 20:25:24,943 INFO vex_extract.cursor:   Cursor: 1/12 frames (1 detections)
2026-03-16 20:25:24,959 INFO vex_extract.cursor:   Cursor: 2/12 frames (2 detections)
2026-03-16 20:25:24,975 INFO vex_extract.cursor:   Cursor: 3/12 frames (3 detections)
2026-03-16 20:25:24,990 INFO vex_extract.cursor:   Cursor: 4/12 frames (4 detections)
2026-03-16 20:25:25,006 INFO vex_extract.cursor:   Cursor: 5/12 frames (5 detections)
2026-03-16 20:25:25,022 INFO vex_extract.cursor:   Cursor: 6/12 frames (6 detections)
2026-03-16 20:25:25,037 INFO vex_extract.cursor:   Cursor: 7/12 frames (7 detections)
2026-03-16 20:25:25,053 INFO vex_extract.cursor:   Cursor: 8/12 frames (8 detections)
2026-03-16 20:25:25,069 INFO vex_extract.cursor:   Cursor: 9/12 frames (9 detections)
2026-03-16 20:25:25,084 INFO vex_extract.cursor:   Cursor: 10/12 frames (10 detections)
2026-03-16 20:25:25,100 INFO vex_extract.cursor:   Cursor: 11/12 frames (11 detections)
2026-03-16 20:25:25,442 INFO vex_extract.cursor:   Cursor: pass 2 — 10 frames at 4.0 FPS [70000ms-72500ms]
2026-03-16 20:25:25,537 INFO vex_extract.cursor:   Cursor: 1/10 frames (1 detections)
2026-03-16 20:25:25,553 INFO vex_extract.cursor:   Cursor: 2/10 frames (2 detections)
2026-03-16 20:25:25,568 INFO vex_extract.cursor:   Cursor: 3/10 frames (3 detections)
2026-03-16 20:25:25,584 INFO vex_extract.cursor:   Cursor: 4/10 frames (4 detections)
2026-03-16 20:25:25,600 INFO vex_extract.cursor:   Cursor: 5/10 frames (5 detections)
2026-03-16 20:25:25,615 INFO vex_extract.cursor:   Cursor: 6/10 frames (6 detections)
2026-03-16 20:25:25,631 INFO vex_extract.cursor:   Cursor: 7/10 frames (7 detections)
2026-03-16 20:25:25,647 INFO vex_extract.cursor:   Cursor: 8/10 frames (8 detections)
2026-03-16 20:25:25,662 INFO vex_extract.cursor:   Cursor: 9/10 frames (9 detections)
2026-03-16 20:25:26,024 INFO vex_extract.cursor:   Cursor: pass 2 — 10 frames at 4.0 FPS [74000ms-76500ms]
2026-03-16 20:25:26,120 INFO vex_extract.cursor:   Cursor: 1/10 frames (1 detections)
2026-03-16 20:25:26,136 INFO vex_extract.cursor:   Cursor: 2/10 frames (2 detections)
2026-03-16 20:25:26,152 INFO vex_extract.cursor:   Cursor: 3/10 frames (3 detections)
2026-03-16 20:25:26,167 INFO vex_extract.cursor:   Cursor: 4/10 frames (4 detections)
2026-03-16 20:25:26,183 INFO vex_extract.cursor:   Cursor: 5/10 frames (5 detections)
2026-03-16 20:25:26,199 INFO vex_extract.cursor:   Cursor: 6/10 frames (6 detections)
2026-03-16 20:25:26,215 INFO vex_extract.cursor:   Cursor: 7/10 frames (7 detections)
2026-03-16 20:25:26,231 INFO vex_extract.cursor:   Cursor: 8/10 frames (8 detections)
2026-03-16 20:25:26,246 INFO vex_extract.cursor:   Cursor: 9/10 frames (9 detections)
2026-03-16 20:25:26,638 INFO vex_extract.cursor:   Cursor: pass 2 — 12 frames at 4.0 FPS [80000ms-83000ms]
2026-03-16 20:25:26,733 INFO vex_extract.cursor:   Cursor: 1/12 frames (1 detections)
2026-03-16 20:25:26,749 INFO vex_extract.cursor:   Cursor: 2/12 frames (2 detections)
2026-03-16 20:25:26,765 INFO vex_extract.cursor:   Cursor: 3/12 frames (3 detections)
2026-03-16 20:25:26,780 INFO vex_extract.cursor:   Cursor: 4/12 frames (4 detections)
2026-03-16 20:25:26,796 INFO vex_extract.cursor:   Cursor: 5/12 frames (5 detections)
2026-03-16 20:25:26,813 INFO vex_extract.cursor:   Cursor: 6/12 frames (6 detections)
2026-03-16 20:25:26,829 INFO vex_extract.cursor:   Cursor: 7/12 frames (7 detections)
2026-03-16 20:25:26,844 INFO vex_extract.cursor:   Cursor: 8/12 frames (8 detections)
2026-03-16 20:25:26,860 INFO vex_extract.cursor:   Cursor: 9/12 frames (9 detections)
2026-03-16 20:25:26,876 INFO vex_extract.cursor:   Cursor: 10/12 frames (10 detections)
2026-03-16 20:25:26,892 INFO vex_extract.cursor:   Cursor: 11/12 frames (11 detections)
2026-03-16 20:25:27,280 INFO vex_extract.cursor:   Cursor: pass 2 — 6 frames at 4.0 FPS [85000ms-86500ms]
2026-03-16 20:25:27,375 INFO vex_extract.cursor:   Cursor: 1/6 frames (1 detections)
2026-03-16 20:25:27,391 INFO vex_extract.cursor:   Cursor: 2/6 frames (2 detections)
2026-03-16 20:25:27,407 INFO vex_extract.cursor:   Cursor: 3/6 frames (3 detections)
2026-03-16 20:25:27,423 INFO vex_extract.cursor:   Cursor: 4/6 frames (4 detections)
2026-03-16 20:25:27,439 INFO vex_extract.cursor:   Cursor: 5/6 frames (5 detections)
2026-03-16 20:25:27,851 INFO vex_extract.cursor:   Cursor: pass 2 — 6 frames at 4.0 FPS [88500ms-90000ms]
2026-03-16 20:25:27,945 INFO vex_extract.cursor:   Cursor: 1/6 frames (1 detections)
2026-03-16 20:25:27,961 INFO vex_extract.cursor:   Cursor: 2/6 frames (2 detections)
2026-03-16 20:25:27,977 INFO vex_extract.cursor:   Cursor: 3/6 frames (3 detections)
2026-03-16 20:25:27,993 INFO vex_extract.cursor:   Cursor: 4/6 frames (4 detections)
2026-03-16 20:25:28,008 INFO vex_extract.cursor:   Cursor: 5/6 frames (5 detections)
2026-03-16 20:25:28,440 INFO vex_extract.cursor:   Cursor: pass 2 — 10 frames at 4.0 FPS [90500ms-93000ms]
2026-03-16 20:25:28,534 INFO vex_extract.cursor:   Cursor: 1/10 frames (1 detections)
2026-03-16 20:25:28,550 INFO vex_extract.cursor:   Cursor: 2/10 frames (2 detections)
2026-03-16 20:25:28,565 INFO vex_extract.cursor:   Cursor: 3/10 frames (3 detections)
2026-03-16 20:25:28,581 INFO vex_extract.cursor:   Cursor: 4/10 frames (4 detections)
2026-03-16 20:25:28,597 INFO vex_extract.cursor:   Cursor: 5/10 frames (5 detections)
2026-03-16 20:25:28,612 INFO vex_extract.cursor:   Cursor: 6/10 frames (6 detections)
2026-03-16 20:25:28,628 INFO vex_extract.cursor:   Cursor: 7/10 frames (7 detections)
2026-03-16 20:25:28,644 INFO vex_extract.cursor:   Cursor: 8/10 frames (8 detections)
2026-03-16 20:25:28,660 INFO vex_extract.cursor:   Cursor: 9/10 frames (9 detections)
2026-03-16 20:25:29,126 INFO vex_extract.cursor:   Cursor: pass 2 — 14 frames at 4.0 FPS [95500ms-99000ms]
2026-03-16 20:25:29,221 INFO vex_extract.cursor:   Cursor: 1/14 frames (1 detections)
2026-03-16 20:25:29,237 INFO vex_extract.cursor:   Cursor: 2/14 frames (2 detections)
2026-03-16 20:25:29,252 INFO vex_extract.cursor:   Cursor: 3/14 frames (3 detections)
2026-03-16 20:25:29,267 INFO vex_extract.cursor:   Cursor: 4/14 frames (4 detections)
2026-03-16 20:25:29,283 INFO vex_extract.cursor:   Cursor: 5/14 frames (5 detections)
2026-03-16 20:25:29,299 INFO vex_extract.cursor:   Cursor: 6/14 frames (6 detections)
2026-03-16 20:25:29,315 INFO vex_extract.cursor:   Cursor: 7/14 frames (7 detections)
2026-03-16 20:25:29,330 INFO vex_extract.cursor:   Cursor: 8/14 frames (8 detections)
2026-03-16 20:25:29,346 INFO vex_extract.cursor:   Cursor: 9/14 frames (9 detections)
2026-03-16 20:25:29,362 INFO vex_extract.cursor:   Cursor: 10/14 frames (10 detections)
2026-03-16 20:25:29,378 INFO vex_extract.cursor:   Cursor: 11/14 frames (11 detections)
2026-03-16 20:25:29,394 INFO vex_extract.cursor:   Cursor: 12/14 frames (12 detections)
2026-03-16 20:25:29,409 INFO vex_extract.cursor:   Cursor: 13/14 frames (13 detections)
2026-03-16 20:25:29,899 INFO vex_extract.cursor:   Cursor: pass 2 — 6 frames at 4.0 FPS [105500ms-107000ms]
2026-03-16 20:25:29,992 INFO vex_extract.cursor:   Cursor: 1/6 frames (1 detections)
2026-03-16 20:25:30,008 INFO vex_extract.cursor:   Cursor: 2/6 frames (2 detections)
2026-03-16 20:25:30,023 INFO vex_extract.cursor:   Cursor: 3/6 frames (3 detections)
2026-03-16 20:25:30,038 INFO vex_extract.cursor:   Cursor: 4/6 frames (4 detections)
2026-03-16 20:25:30,054 INFO vex_extract.cursor:   Cursor: 5/6 frames (5 detections)
2026-03-16 20:25:30,572 INFO vex_extract.cursor:   Cursor: pass 2 — 8 frames at 4.0 FPS [110500ms-112500ms]
2026-03-16 20:25:30,666 INFO vex_extract.cursor:   Cursor: 1/8 frames (1 detections)
2026-03-16 20:25:30,681 INFO vex_extract.cursor:   Cursor: 2/8 frames (2 detections)
2026-03-16 20:25:30,698 INFO vex_extract.cursor:   Cursor: 3/8 frames (3 detections)
2026-03-16 20:25:30,713 INFO vex_extract.cursor:   Cursor: 4/8 frames (4 detections)
2026-03-16 20:25:30,729 INFO vex_extract.cursor:   Cursor: 5/8 frames (5 detections)
2026-03-16 20:25:30,744 INFO vex_extract.cursor:   Cursor: 6/8 frames (6 detections)
2026-03-16 20:25:30,760 INFO vex_extract.cursor:   Cursor: 7/8 frames (7 detections)
2026-03-16 20:25:31,292 INFO vex_extract.cursor:   Cursor: pass 2 — 6 frames at 4.0 FPS [116000ms-117500ms]
2026-03-16 20:25:31,387 INFO vex_extract.cursor:   Cursor: 1/6 frames (1 detections)
2026-03-16 20:25:31,403 INFO vex_extract.cursor:   Cursor: 2/6 frames (2 detections)
2026-03-16 20:25:31,419 INFO vex_extract.cursor:   Cursor: 3/6 frames (3 detections)
2026-03-16 20:25:31,434 INFO vex_extract.cursor:   Cursor: 4/6 frames (4 detections)
2026-03-16 20:25:31,450 INFO vex_extract.cursor:   Cursor: 5/6 frames (5 detections)
2026-03-16 20:25:32,008 INFO vex_extract.cursor:   Cursor: pass 2 — 10 frames at 4.0 FPS [120500ms-123000ms]
2026-03-16 20:25:32,102 INFO vex_extract.cursor:   Cursor: 1/10 frames (1 detections)
2026-03-16 20:25:32,118 INFO vex_extract.cursor:   Cursor: 2/10 frames (2 detections)
2026-03-16 20:25:32,134 INFO vex_extract.cursor:   Cursor: 3/10 frames (3 detections)
2026-03-16 20:25:32,149 INFO vex_extract.cursor:   Cursor: 4/10 frames (4 detections)
2026-03-16 20:25:32,165 INFO vex_extract.cursor:   Cursor: 5/10 frames (5 detections)
2026-03-16 20:25:32,181 INFO vex_extract.cursor:   Cursor: 6/10 frames (6 detections)
2026-03-16 20:25:32,197 INFO vex_extract.cursor:   Cursor: 7/10 frames (7 detections)
2026-03-16 20:25:32,212 INFO vex_extract.cursor:   Cursor: 8/10 frames (8 detections)
2026-03-16 20:25:32,228 INFO vex_extract.cursor:   Cursor: 9/10 frames (9 detections)
2026-03-16 20:25:32,866 INFO vex_extract.cursor:   Cursor: pass 2 — 27 frames at 4.0 FPS [123500ms-130500ms]
2026-03-16 20:25:32,976 INFO vex_extract.cursor:   Cursor: 2/27 frames (2 detections)
2026-03-16 20:25:33,007 INFO vex_extract.cursor:   Cursor: 4/27 frames (4 detections)
2026-03-16 20:25:33,038 INFO vex_extract.cursor:   Cursor: 6/27 frames (6 detections)
2026-03-16 20:25:33,070 INFO vex_extract.cursor:   Cursor: 8/27 frames (8 detections)
2026-03-16 20:25:33,101 INFO vex_extract.cursor:   Cursor: 10/27 frames (10 detections)
2026-03-16 20:25:33,132 INFO vex_extract.cursor:   Cursor: 12/27 frames (12 detections)
2026-03-16 20:25:33,164 INFO vex_extract.cursor:   Cursor: 14/27 frames (14 detections)
2026-03-16 20:25:33,195 INFO vex_extract.cursor:   Cursor: 16/27 frames (16 detections)
2026-03-16 20:25:33,227 INFO vex_extract.cursor:   Cursor: 18/27 frames (18 detections)
2026-03-16 20:25:33,259 INFO vex_extract.cursor:   Cursor: 20/27 frames (20 detections)
2026-03-16 20:25:33,290 INFO vex_extract.cursor:   Cursor: 22/27 frames (22 detections)
2026-03-16 20:25:33,322 INFO vex_extract.cursor:   Cursor: 24/27 frames (24 detections)
2026-03-16 20:25:33,354 INFO vex_extract.cursor:   Cursor: 26/27 frames (26 detections)
2026-03-16 20:25:33,962 INFO vex_extract.cursor:   Cursor: pass 2 — 8 frames at 4.0 FPS [132000ms-134000ms]
2026-03-16 20:25:34,056 INFO vex_extract.cursor:   Cursor: 1/8 frames (1 detections)
2026-03-16 20:25:34,072 INFO vex_extract.cursor:   Cursor: 2/8 frames (2 detections)
2026-03-16 20:25:34,088 INFO vex_extract.cursor:   Cursor: 3/8 frames (3 detections)
2026-03-16 20:25:34,103 INFO vex_extract.cursor:   Cursor: 4/8 frames (4 detections)
2026-03-16 20:25:34,119 INFO vex_extract.cursor:   Cursor: 5/8 frames (5 detections)
2026-03-16 20:25:34,135 INFO vex_extract.cursor:   Cursor: 6/8 frames (6 detections)
2026-03-16 20:25:34,150 INFO vex_extract.cursor:   Cursor: 7/8 frames (7 detections)
2026-03-16 20:25:34,792 INFO vex_extract.cursor:   Cursor: pass 2 — 10 frames at 4.0 FPS [140000ms-142500ms]
2026-03-16 20:25:34,887 INFO vex_extract.cursor:   Cursor: 1/10 frames (1 detections)
2026-03-16 20:25:34,903 INFO vex_extract.cursor:   Cursor: 2/10 frames (2 detections)
2026-03-16 20:25:34,918 INFO vex_extract.cursor:   Cursor: 3/10 frames (3 detections)
2026-03-16 20:25:34,934 INFO vex_extract.cursor:   Cursor: 4/10 frames (4 detections)
2026-03-16 20:25:34,949 INFO vex_extract.cursor:   Cursor: 5/10 frames (5 detections)
2026-03-16 20:25:34,965 INFO vex_extract.cursor:   Cursor: 6/10 frames (6 detections)
2026-03-16 20:25:34,980 INFO vex_extract.cursor:   Cursor: 7/10 frames (7 detections)
2026-03-16 20:25:34,996 INFO vex_extract.cursor:   Cursor: 8/10 frames (8 detections)
2026-03-16 20:25:35,012 INFO vex_extract.cursor:   Cursor: 9/10 frames (9 detections)
2026-03-16 20:25:35,694 INFO vex_extract.cursor:   Cursor: pass 2 — 6 frames at 4.0 FPS [154000ms-155500ms]
2026-03-16 20:25:35,789 INFO vex_extract.cursor:   Cursor: 1/6 frames (1 detections)
2026-03-16 20:25:35,805 INFO vex_extract.cursor:   Cursor: 2/6 frames (2 detections)
2026-03-16 20:25:35,821 INFO vex_extract.cursor:   Cursor: 3/6 frames (3 detections)
2026-03-16 20:25:35,836 INFO vex_extract.cursor:   Cursor: 4/6 frames (4 detections)
2026-03-16 20:25:35,851 INFO vex_extract.cursor:   Cursor: 5/6 frames (5 detections)
2026-03-16 20:25:36,603 INFO vex_extract.cursor:   Cursor: pass 2 — 19 frames at 4.0 FPS [162000ms-167000ms]
2026-03-16 20:25:36,699 INFO vex_extract.cursor:   Cursor: 1/19 frames (1 detections)
2026-03-16 20:25:36,714 INFO vex_extract.cursor:   Cursor: 2/19 frames (2 detections)
2026-03-16 20:25:36,730 INFO vex_extract.cursor:   Cursor: 3/19 frames (3 detections)
2026-03-16 20:25:36,746 INFO vex_extract.cursor:   Cursor: 4/19 frames (4 detections)
2026-03-16 20:25:36,762 INFO vex_extract.cursor:   Cursor: 5/19 frames (5 detections)
2026-03-16 20:25:36,778 INFO vex_extract.cursor:   Cursor: 6/19 frames (6 detections)
2026-03-16 20:25:36,793 INFO vex_extract.cursor:   Cursor: 7/19 frames (7 detections)
2026-03-16 20:25:36,809 INFO vex_extract.cursor:   Cursor: 8/19 frames (8 detections)
2026-03-16 20:25:36,825 INFO vex_extract.cursor:   Cursor: 9/19 frames (9 detections)
2026-03-16 20:25:36,840 INFO vex_extract.cursor:   Cursor: 10/19 frames (10 detections)
2026-03-16 20:25:36,856 INFO vex_extract.cursor:   Cursor: 11/19 frames (11 detections)
2026-03-16 20:25:36,871 INFO vex_extract.cursor:   Cursor: 12/19 frames (12 detections)
2026-03-16 20:25:36,887 INFO vex_extract.cursor:   Cursor: 13/19 frames (13 detections)
2026-03-16 20:25:36,903 INFO vex_extract.cursor:   Cursor: 14/19 frames (14 detections)
2026-03-16 20:25:36,919 INFO vex_extract.cursor:   Cursor: 15/19 frames (15 detections)
2026-03-16 20:25:36,935 INFO vex_extract.cursor:   Cursor: 16/19 frames (16 detections)
2026-03-16 20:25:36,950 INFO vex_extract.cursor:   Cursor: 17/19 frames (17 detections)
2026-03-16 20:25:36,966 INFO vex_extract.cursor:   Cursor: 18/19 frames (18 detections)
2026-03-16 20:25:37,706 INFO vex_extract.cursor:   Cursor: pass 2 — 6 frames at 4.0 FPS [170500ms-172000ms]
2026-03-16 20:25:37,801 INFO vex_extract.cursor:   Cursor: 1/6 frames (1 detections)
2026-03-16 20:25:37,817 INFO vex_extract.cursor:   Cursor: 2/6 frames (2 detections)
2026-03-16 20:25:37,832 INFO vex_extract.cursor:   Cursor: 3/6 frames (3 detections)
2026-03-16 20:25:37,848 INFO vex_extract.cursor:   Cursor: 4/6 frames (4 detections)
2026-03-16 20:25:37,863 INFO vex_extract.cursor:   Cursor: 5/6 frames (5 detections)
2026-03-16 20:25:38,646 INFO vex_extract.cursor:   Cursor: pass 2 — 10 frames at 4.0 FPS [178000ms-180500ms]
2026-03-16 20:25:38,740 INFO vex_extract.cursor:   Cursor: 1/10 frames (1 detections)
2026-03-16 20:25:38,756 INFO vex_extract.cursor:   Cursor: 2/10 frames (2 detections)
2026-03-16 20:25:38,772 INFO vex_extract.cursor:   Cursor: 3/10 frames (3 detections)
2026-03-16 20:25:38,788 INFO vex_extract.cursor:   Cursor: 4/10 frames (4 detections)
2026-03-16 20:25:38,803 INFO vex_extract.cursor:   Cursor: 5/10 frames (5 detections)
2026-03-16 20:25:38,819 INFO vex_extract.cursor:   Cursor: 6/10 frames (6 detections)
2026-03-16 20:25:38,835 INFO vex_extract.cursor:   Cursor: 7/10 frames (7 detections)
2026-03-16 20:25:38,850 INFO vex_extract.cursor:   Cursor: 8/10 frames (8 detections)
2026-03-16 20:25:38,866 INFO vex_extract.cursor:   Cursor: 9/10 frames (9 detections)
2026-03-16 20:25:39,668 INFO vex_extract.cursor:   Cursor: pass 2 — 8 frames at 4.0 FPS [184000ms-186000ms]
2026-03-16 20:25:39,763 INFO vex_extract.cursor:   Cursor: 1/8 frames (1 detections)
2026-03-16 20:25:39,779 INFO vex_extract.cursor:   Cursor: 2/8 frames (2 detections)
2026-03-16 20:25:39,795 INFO vex_extract.cursor:   Cursor: 3/8 frames (3 detections)
2026-03-16 20:25:39,811 INFO vex_extract.cursor:   Cursor: 4/8 frames (4 detections)
2026-03-16 20:25:39,826 INFO vex_extract.cursor:   Cursor: 5/8 frames (5 detections)
2026-03-16 20:25:39,842 INFO vex_extract.cursor:   Cursor: 6/8 frames (6 detections)
2026-03-16 20:25:39,857 INFO vex_extract.cursor:   Cursor: 7/8 frames (7 detections)
2026-03-16 20:25:40,706 INFO vex_extract.cursor:   Cursor: pass 2 — 14 frames at 4.0 FPS [191000ms-194500ms]
2026-03-16 20:25:40,801 INFO vex_extract.cursor:   Cursor: 1/14 frames (1 detections)
2026-03-16 20:25:40,817 INFO vex_extract.cursor:   Cursor: 2/14 frames (2 detections)
2026-03-16 20:25:40,833 INFO vex_extract.cursor:   Cursor: 3/14 frames (3 detections)
2026-03-16 20:25:40,849 INFO vex_extract.cursor:   Cursor: 4/14 frames (4 detections)
2026-03-16 20:25:40,864 INFO vex_extract.cursor:   Cursor: 5/14 frames (5 detections)
2026-03-16 20:25:40,880 INFO vex_extract.cursor:   Cursor: 6/14 frames (6 detections)
2026-03-16 20:25:40,896 INFO vex_extract.cursor:   Cursor: 7/14 frames (7 detections)
2026-03-16 20:25:40,912 INFO vex_extract.cursor:   Cursor: 8/14 frames (8 detections)
2026-03-16 20:25:40,928 INFO vex_extract.cursor:   Cursor: 9/14 frames (9 detections)
2026-03-16 20:25:40,944 INFO vex_extract.cursor:   Cursor: 10/14 frames (10 detections)
2026-03-16 20:25:40,960 INFO vex_extract.cursor:   Cursor: 11/14 frames (11 detections)
2026-03-16 20:25:40,976 INFO vex_extract.cursor:   Cursor: 12/14 frames (12 detections)
2026-03-16 20:25:40,992 INFO vex_extract.cursor:   Cursor: 13/14 frames (13 detections)
2026-03-16 20:25:41,835 INFO vex_extract.cursor:   Cursor: pass 2 — 6 frames at 4.0 FPS [197000ms-198500ms]
2026-03-16 20:25:41,930 INFO vex_extract.cursor:   Cursor: 1/6 frames (1 detections)
2026-03-16 20:25:41,946 INFO vex_extract.cursor:   Cursor: 2/6 frames (2 detections)
2026-03-16 20:25:41,962 INFO vex_extract.cursor:   Cursor: 3/6 frames (3 detections)
2026-03-16 20:25:41,977 INFO vex_extract.cursor:   Cursor: 4/6 frames (4 detections)
2026-03-16 20:25:41,993 INFO vex_extract.cursor:   Cursor: 5/6 frames (5 detections)
2026-03-16 20:25:42,873 INFO vex_extract.cursor:   Cursor: pass 2 — 8 frames at 4.0 FPS [204500ms-206500ms]
2026-03-16 20:25:42,969 INFO vex_extract.cursor:   Cursor: 1/8 frames (1 detections)
2026-03-16 20:25:42,985 INFO vex_extract.cursor:   Cursor: 2/8 frames (2 detections)
2026-03-16 20:25:43,000 INFO vex_extract.cursor:   Cursor: 3/8 frames (3 detections)
2026-03-16 20:25:43,016 INFO vex_extract.cursor:   Cursor: 4/8 frames (4 detections)
2026-03-16 20:25:43,032 INFO vex_extract.cursor:   Cursor: 5/8 frames (5 detections)
2026-03-16 20:25:43,047 INFO vex_extract.cursor:   Cursor: 6/8 frames (6 detections)
2026-03-16 20:25:43,063 INFO vex_extract.cursor:   Cursor: 7/8 frames (7 detections)
2026-03-16 20:25:43,963 INFO vex_extract.cursor:   Cursor: pass 2 — 6 frames at 4.0 FPS [209500ms-211000ms]
2026-03-16 20:25:44,057 INFO vex_extract.cursor:   Cursor: 1/6 frames (1 detections)
2026-03-16 20:25:44,073 INFO vex_extract.cursor:   Cursor: 2/6 frames (2 detections)
2026-03-16 20:25:44,089 INFO vex_extract.cursor:   Cursor: 3/6 frames (3 detections)
2026-03-16 20:25:44,104 INFO vex_extract.cursor:   Cursor: 4/6 frames (4 detections)
2026-03-16 20:25:44,121 INFO vex_extract.cursor:   Cursor: 5/6 frames (5 detections)
2026-03-16 20:25:45,084 INFO vex_extract.cursor:   Cursor: pass 2 — 6 frames at 4.0 FPS [226500ms-228000ms]
2026-03-16 20:25:45,179 INFO vex_extract.cursor:   Cursor: 1/6 frames (1 detections)
2026-03-16 20:25:45,195 INFO vex_extract.cursor:   Cursor: 2/6 frames (2 detections)
2026-03-16 20:25:45,211 INFO vex_extract.cursor:   Cursor: 3/6 frames (3 detections)
2026-03-16 20:25:45,227 INFO vex_extract.cursor:   Cursor: 4/6 frames (4 detections)
2026-03-16 20:25:45,242 INFO vex_extract.cursor:   Cursor: 5/6 frames (5 detections)
2026-03-16 20:25:46,291 INFO vex_extract.cursor:   Cursor: pass 2 — 29 frames at 4.0 FPS [228500ms-236000ms]
2026-03-16 20:25:46,404 INFO vex_extract.cursor:   Cursor: 2/29 frames (2 detections)
2026-03-16 20:25:46,437 INFO vex_extract.cursor:   Cursor: 4/29 frames (4 detections)
2026-03-16 20:25:46,469 INFO vex_extract.cursor:   Cursor: 6/29 frames (6 detections)
2026-03-16 20:25:46,500 INFO vex_extract.cursor:   Cursor: 8/29 frames (8 detections)
2026-03-16 20:25:46,532 INFO vex_extract.cursor:   Cursor: 10/29 frames (10 detections)
2026-03-16 20:25:46,563 INFO vex_extract.cursor:   Cursor: 12/29 frames (12 detections)
2026-03-16 20:25:46,595 INFO vex_extract.cursor:   Cursor: 14/29 frames (14 detections)
2026-03-16 20:25:46,627 INFO vex_extract.cursor:   Cursor: 16/29 frames (16 detections)
2026-03-16 20:25:46,659 INFO vex_extract.cursor:   Cursor: 18/29 frames (18 detections)
2026-03-16 20:25:46,691 INFO vex_extract.cursor:   Cursor: 20/29 frames (20 detections)
2026-03-16 20:25:46,723 INFO vex_extract.cursor:   Cursor: 22/29 frames (22 detections)
2026-03-16 20:25:46,754 INFO vex_extract.cursor:   Cursor: 24/29 frames (24 detections)
2026-03-16 20:25:46,786 INFO vex_extract.cursor:   Cursor: 26/29 frames (26 detections)
2026-03-16 20:25:46,818 INFO vex_extract.cursor:   Cursor: 28/29 frames (28 detections)
2026-03-16 20:25:47,840 INFO vex_extract.cursor:   Cursor: pass 2 — 10 frames at 4.0 FPS [238500ms-241000ms]
2026-03-16 20:25:47,935 INFO vex_extract.cursor:   Cursor: 1/10 frames (1 detections)
2026-03-16 20:25:47,951 INFO vex_extract.cursor:   Cursor: 2/10 frames (2 detections)
2026-03-16 20:25:47,966 INFO vex_extract.cursor:   Cursor: 3/10 frames (3 detections)
2026-03-16 20:25:47,982 INFO vex_extract.cursor:   Cursor: 4/10 frames (4 detections)
2026-03-16 20:25:47,998 INFO vex_extract.cursor:   Cursor: 5/10 frames (5 detections)
2026-03-16 20:25:48,014 INFO vex_extract.cursor:   Cursor: 6/10 frames (6 detections)
2026-03-16 20:25:48,029 INFO vex_extract.cursor:   Cursor: 7/10 frames (7 detections)
2026-03-16 20:25:48,045 INFO vex_extract.cursor:   Cursor: 8/10 frames (8 detections)
2026-03-16 20:25:48,061 INFO vex_extract.cursor:   Cursor: 9/10 frames (9 detections)
2026-03-16 20:25:49,080 INFO vex_extract.cursor:   Cursor: pass 2 — 6 frames at 4.0 FPS [241500ms-243000ms]
2026-03-16 20:25:49,174 INFO vex_extract.cursor:   Cursor: 1/6 frames (1 detections)
2026-03-16 20:25:49,190 INFO vex_extract.cursor:   Cursor: 2/6 frames (2 detections)
2026-03-16 20:25:49,206 INFO vex_extract.cursor:   Cursor: 3/6 frames (3 detections)
2026-03-16 20:25:49,223 INFO vex_extract.cursor:   Cursor: 4/6 frames (4 detections)
2026-03-16 20:25:49,239 INFO vex_extract.cursor:   Cursor: 5/6 frames (5 detections)
2026-03-16 20:25:50,342 INFO vex_extract.cursor:   Cursor: pass 2 — 8 frames at 4.0 FPS [262000ms-264000ms]
2026-03-16 20:25:50,440 INFO vex_extract.cursor:   Cursor: 1/8 frames (1 detections)
2026-03-16 20:25:50,456 INFO vex_extract.cursor:   Cursor: 2/8 frames (2 detections)
2026-03-16 20:25:50,472 INFO vex_extract.cursor:   Cursor: 3/8 frames (3 detections)
2026-03-16 20:25:50,489 INFO vex_extract.cursor:   Cursor: 4/8 frames (4 detections)
2026-03-16 20:25:50,505 INFO vex_extract.cursor:   Cursor: 5/8 frames (5 detections)
2026-03-16 20:25:50,521 INFO vex_extract.cursor:   Cursor: 6/8 frames (6 detections)
2026-03-16 20:25:50,537 INFO vex_extract.cursor:   Cursor: 7/8 frames (7 detections)
2026-03-16 20:25:51,762 INFO vex_extract.cursor:   Cursor: pass 2 — 27 frames at 4.0 FPS [266500ms-273500ms]
2026-03-16 20:25:51,873 INFO vex_extract.cursor:   Cursor: 2/27 frames (2 detections)
2026-03-16 20:25:51,906 INFO vex_extract.cursor:   Cursor: 4/27 frames (4 detections)
2026-03-16 20:25:51,937 INFO vex_extract.cursor:   Cursor: 6/27 frames (6 detections)
2026-03-16 20:25:51,968 INFO vex_extract.cursor:   Cursor: 8/27 frames (8 detections)
2026-03-16 20:25:52,000 INFO vex_extract.cursor:   Cursor: 10/27 frames (10 detections)
2026-03-16 20:25:52,031 INFO vex_extract.cursor:   Cursor: 12/27 frames (12 detections)
2026-03-16 20:25:52,063 INFO vex_extract.cursor:   Cursor: 14/27 frames (14 detections)
2026-03-16 20:25:52,094 INFO vex_extract.cursor:   Cursor: 16/27 frames (16 detections)
2026-03-16 20:25:52,126 INFO vex_extract.cursor:   Cursor: 18/27 frames (18 detections)
2026-03-16 20:25:52,158 INFO vex_extract.cursor:   Cursor: 20/27 frames (20 detections)
2026-03-16 20:25:52,190 INFO vex_extract.cursor:   Cursor: 22/27 frames (22 detections)
2026-03-16 20:25:52,222 INFO vex_extract.cursor:   Cursor: 24/27 frames (24 detections)
2026-03-16 20:25:52,253 INFO vex_extract.cursor:   Cursor: 26/27 frames (26 detections)
2026-03-16 20:25:53,519 INFO vex_extract.cursor:   Cursor: pass 2 — 38 frames at 4.0 FPS [274500ms-284500ms]
2026-03-16 20:25:53,646 INFO vex_extract.cursor:   Cursor: 3/38 frames (3 detections)
2026-03-16 20:25:53,694 INFO vex_extract.cursor:   Cursor: 6/38 frames (6 detections)
2026-03-16 20:25:53,742 INFO vex_extract.cursor:   Cursor: 9/38 frames (9 detections)
2026-03-16 20:25:53,789 INFO vex_extract.cursor:   Cursor: 12/38 frames (12 detections)
2026-03-16 20:25:53,836 INFO vex_extract.cursor:   Cursor: 15/38 frames (15 detections)
2026-03-16 20:25:53,884 INFO vex_extract.cursor:   Cursor: 18/38 frames (18 detections)
2026-03-16 20:25:53,932 INFO vex_extract.cursor:   Cursor: 21/38 frames (21 detections)
2026-03-16 20:25:53,980 INFO vex_extract.cursor:   Cursor: 24/38 frames (24 detections)
2026-03-16 20:25:54,028 INFO vex_extract.cursor:   Cursor: 27/38 frames (27 detections)
2026-03-16 20:25:54,075 INFO vex_extract.cursor:   Cursor: 30/38 frames (30 detections)
2026-03-16 20:25:54,123 INFO vex_extract.cursor:   Cursor: 33/38 frames (33 detections)
2026-03-16 20:25:54,171 INFO vex_extract.cursor:   Cursor: 36/38 frames (36 detections)
2026-03-16 20:25:55,381 INFO vex_extract.cursor:   Cursor: pass 2 — 6 frames at 4.0 FPS [285500ms-287000ms]
2026-03-16 20:25:55,475 INFO vex_extract.cursor:   Cursor: 1/6 frames (1 detections)
2026-03-16 20:25:55,491 INFO vex_extract.cursor:   Cursor: 2/6 frames (2 detections)
2026-03-16 20:25:55,506 INFO vex_extract.cursor:   Cursor: 3/6 frames (3 detections)
2026-03-16 20:25:55,522 INFO vex_extract.cursor:   Cursor: 4/6 frames (4 detections)
2026-03-16 20:25:55,538 INFO vex_extract.cursor:   Cursor: 5/6 frames (5 detections)
2026-03-16 20:25:56,788 INFO vex_extract.cursor:   Cursor: pass 2 — 8 frames at 4.0 FPS [299500ms-301500ms]
2026-03-16 20:25:56,883 INFO vex_extract.cursor:   Cursor: 1/8 frames (1 detections)
2026-03-16 20:25:56,899 INFO vex_extract.cursor:   Cursor: 2/8 frames (2 detections)
2026-03-16 20:25:56,915 INFO vex_extract.cursor:   Cursor: 3/8 frames (3 detections)
2026-03-16 20:25:56,931 INFO vex_extract.cursor:   Cursor: 4/8 frames (4 detections)
2026-03-16 20:25:56,947 INFO vex_extract.cursor:   Cursor: 5/8 frames (5 detections)
2026-03-16 20:25:56,962 INFO vex_extract.cursor:   Cursor: 6/8 frames (6 detections)
2026-03-16 20:25:56,978 INFO vex_extract.cursor:   Cursor: 7/8 frames (7 detections)
2026-03-16 20:25:58,240 INFO vex_extract.cursor:   Cursor: pass 2 — 8 frames at 4.0 FPS [304500ms-306500ms]
2026-03-16 20:25:58,335 INFO vex_extract.cursor:   Cursor: 1/8 frames (1 detections)
2026-03-16 20:25:58,351 INFO vex_extract.cursor:   Cursor: 2/8 frames (2 detections)
2026-03-16 20:25:58,367 INFO vex_extract.cursor:   Cursor: 3/8 frames (3 detections)
2026-03-16 20:25:58,383 INFO vex_extract.cursor:   Cursor: 4/8 frames (4 detections)
2026-03-16 20:25:58,399 INFO vex_extract.cursor:   Cursor: 5/8 frames (5 detections)
2026-03-16 20:25:58,415 INFO vex_extract.cursor:   Cursor: 6/8 frames (6 detections)
2026-03-16 20:25:58,432 INFO vex_extract.cursor:   Cursor: 7/8 frames (7 detections)
2026-03-16 20:25:59,738 INFO vex_extract.cursor:   Cursor: pass 2 — 8 frames at 4.0 FPS [316500ms-318500ms]
2026-03-16 20:25:59,833 INFO vex_extract.cursor:   Cursor: 1/8 frames (1 detections)
2026-03-16 20:25:59,850 INFO vex_extract.cursor:   Cursor: 2/8 frames (2 detections)
2026-03-16 20:25:59,866 INFO vex_extract.cursor:   Cursor: 3/8 frames (3 detections)
2026-03-16 20:25:59,882 INFO vex_extract.cursor:   Cursor: 4/8 frames (4 detections)
2026-03-16 20:25:59,898 INFO vex_extract.cursor:   Cursor: 5/8 frames (5 detections)
2026-03-16 20:25:59,913 INFO vex_extract.cursor:   Cursor: 6/8 frames (6 detections)
2026-03-16 20:25:59,929 INFO vex_extract.cursor:   Cursor: 7/8 frames (7 detections)
2026-03-16 20:26:01,266 INFO vex_extract.cursor:   Cursor: pass 2 — 12 frames at 4.0 FPS [319500ms-322500ms]
2026-03-16 20:26:01,360 INFO vex_extract.cursor:   Cursor: 1/12 frames (1 detections)
2026-03-16 20:26:01,376 INFO vex_extract.cursor:   Cursor: 2/12 frames (2 detections)
2026-03-16 20:26:01,392 INFO vex_extract.cursor:   Cursor: 3/12 frames (3 detections)
2026-03-16 20:26:01,408 INFO vex_extract.cursor:   Cursor: 4/12 frames (4 detections)
2026-03-16 20:26:01,423 INFO vex_extract.cursor:   Cursor: 5/12 frames (5 detections)
2026-03-16 20:26:01,439 INFO vex_extract.cursor:   Cursor: 6/12 frames (6 detections)
2026-03-16 20:26:01,455 INFO vex_extract.cursor:   Cursor: 7/12 frames (7 detections)
2026-03-16 20:26:01,471 INFO vex_extract.cursor:   Cursor: 8/12 frames (8 detections)
2026-03-16 20:26:01,487 INFO vex_extract.cursor:   Cursor: 9/12 frames (9 detections)
2026-03-16 20:26:01,503 INFO vex_extract.cursor:   Cursor: 10/12 frames (10 detections)
2026-03-16 20:26:01,519 INFO vex_extract.cursor:   Cursor: 11/12 frames (11 detections)
2026-03-16 20:26:02,862 INFO vex_extract.cursor:   Cursor: pass 2 — 10 frames at 4.0 FPS [324000ms-326500ms]
2026-03-16 20:26:02,956 INFO vex_extract.cursor:   Cursor: 1/10 frames (1 detections)
2026-03-16 20:26:02,972 INFO vex_extract.cursor:   Cursor: 2/10 frames (2 detections)
2026-03-16 20:26:02,987 INFO vex_extract.cursor:   Cursor: 3/10 frames (3 detections)
2026-03-16 20:26:03,003 INFO vex_extract.cursor:   Cursor: 4/10 frames (4 detections)
2026-03-16 20:26:03,019 INFO vex_extract.cursor:   Cursor: 5/10 frames (5 detections)
2026-03-16 20:26:03,034 INFO vex_extract.cursor:   Cursor: 6/10 frames (6 detections)
2026-03-16 20:26:03,050 INFO vex_extract.cursor:   Cursor: 7/10 frames (7 detections)
2026-03-16 20:26:03,066 INFO vex_extract.cursor:   Cursor: 8/10 frames (8 detections)
2026-03-16 20:26:03,082 INFO vex_extract.cursor:   Cursor: 9/10 frames (9 detections)
2026-03-16 20:26:04,445 INFO vex_extract.cursor:   Cursor: pass 2 — 6 frames at 4.0 FPS [333000ms-334500ms]
2026-03-16 20:26:04,539 INFO vex_extract.cursor:   Cursor: 1/6 frames (1 detections)
2026-03-16 20:26:04,554 INFO vex_extract.cursor:   Cursor: 2/6 frames (2 detections)
2026-03-16 20:26:04,570 INFO vex_extract.cursor:   Cursor: 3/6 frames (3 detections)
2026-03-16 20:26:04,585 INFO vex_extract.cursor:   Cursor: 4/6 frames (4 detections)
2026-03-16 20:26:04,602 INFO vex_extract.cursor:   Cursor: 5/6 frames (5 detections)
2026-03-16 20:26:06,000 INFO vex_extract.cursor:   Cursor: pass 2 — 8 frames at 4.0 FPS [339000ms-341000ms]
2026-03-16 20:26:06,095 INFO vex_extract.cursor:   Cursor: 1/8 frames (1 detections)
2026-03-16 20:26:06,111 INFO vex_extract.cursor:   Cursor: 2/8 frames (2 detections)
2026-03-16 20:26:06,126 INFO vex_extract.cursor:   Cursor: 3/8 frames (3 detections)
2026-03-16 20:26:06,142 INFO vex_extract.cursor:   Cursor: 4/8 frames (4 detections)
2026-03-16 20:26:06,158 INFO vex_extract.cursor:   Cursor: 5/8 frames (5 detections)
2026-03-16 20:26:06,174 INFO vex_extract.cursor:   Cursor: 6/8 frames (6 detections)
2026-03-16 20:26:06,190 INFO vex_extract.cursor:   Cursor: 7/8 frames (7 detections)
2026-03-16 20:26:07,703 INFO vex_extract.cursor:   Cursor: pass 2 — 31 frames at 4.0 FPS [347500ms-355500ms]
2026-03-16 20:26:07,830 INFO vex_extract.cursor:   Cursor: 3/31 frames (3 detections)
2026-03-16 20:26:07,877 INFO vex_extract.cursor:   Cursor: 6/31 frames (6 detections)
2026-03-16 20:26:07,925 INFO vex_extract.cursor:   Cursor: 9/31 frames (9 detections)
2026-03-16 20:26:07,972 INFO vex_extract.cursor:   Cursor: 12/31 frames (12 detections)
2026-03-16 20:26:08,018 INFO vex_extract.cursor:   Cursor: 15/31 frames (15 detections)
2026-03-16 20:26:08,066 INFO vex_extract.cursor:   Cursor: 18/31 frames (18 detections)
2026-03-16 20:26:08,113 INFO vex_extract.cursor:   Cursor: 21/31 frames (21 detections)
2026-03-16 20:26:08,160 INFO vex_extract.cursor:   Cursor: 24/31 frames (24 detections)
2026-03-16 20:26:08,208 INFO vex_extract.cursor:   Cursor: 27/31 frames (27 detections)
2026-03-16 20:26:08,255 INFO vex_extract.cursor:   Cursor: 30/31 frames (30 detections)
2026-03-16 20:26:09,739 INFO vex_extract.cursor:   Cursor: pass 2 — 12 frames at 4.0 FPS [356500ms-359500ms]
2026-03-16 20:26:09,835 INFO vex_extract.cursor:   Cursor: 1/12 frames (1 detections)
2026-03-16 20:26:09,851 INFO vex_extract.cursor:   Cursor: 2/12 frames (2 detections)
2026-03-16 20:26:09,867 INFO vex_extract.cursor:   Cursor: 3/12 frames (3 detections)
2026-03-16 20:26:09,883 INFO vex_extract.cursor:   Cursor: 4/12 frames (4 detections)
2026-03-16 20:26:09,899 INFO vex_extract.cursor:   Cursor: 5/12 frames (5 detections)
2026-03-16 20:26:09,915 INFO vex_extract.cursor:   Cursor: 6/12 frames (6 detections)
2026-03-16 20:26:09,930 INFO vex_extract.cursor:   Cursor: 7/12 frames (7 detections)
2026-03-16 20:26:09,946 INFO vex_extract.cursor:   Cursor: 8/12 frames (8 detections)
2026-03-16 20:26:09,962 INFO vex_extract.cursor:   Cursor: 9/12 frames (9 detections)
2026-03-16 20:26:09,978 INFO vex_extract.cursor:   Cursor: 10/12 frames (10 detections)
2026-03-16 20:26:09,994 INFO vex_extract.cursor:   Cursor: 11/12 frames (11 detections)
2026-03-16 20:26:11,491 INFO vex_extract.cursor:   Cursor: pass 2 — 10 frames at 4.0 FPS [361500ms-364000ms]
2026-03-16 20:26:11,586 INFO vex_extract.cursor:   Cursor: 1/10 frames (1 detections)
2026-03-16 20:26:11,602 INFO vex_extract.cursor:   Cursor: 2/10 frames (2 detections)
2026-03-16 20:26:11,617 INFO vex_extract.cursor:   Cursor: 3/10 frames (3 detections)
2026-03-16 20:26:11,633 INFO vex_extract.cursor:   Cursor: 4/10 frames (4 detections)
2026-03-16 20:26:11,649 INFO vex_extract.cursor:   Cursor: 5/10 frames (5 detections)
2026-03-16 20:26:11,665 INFO vex_extract.cursor:   Cursor: 6/10 frames (6 detections)
2026-03-16 20:26:11,681 INFO vex_extract.cursor:   Cursor: 7/10 frames (7 detections)
2026-03-16 20:26:11,697 INFO vex_extract.cursor:   Cursor: 8/10 frames (8 detections)
2026-03-16 20:26:11,713 INFO vex_extract.cursor:   Cursor: 9/10 frames (9 detections)
2026-03-16 20:26:13,223 INFO vex_extract.cursor:   Cursor: pass 2 — 6 frames at 4.0 FPS [366500ms-368000ms]
2026-03-16 20:26:13,317 INFO vex_extract.cursor:   Cursor: 1/6 frames (1 detections)
2026-03-16 20:26:13,333 INFO vex_extract.cursor:   Cursor: 2/6 frames (2 detections)
2026-03-16 20:26:13,349 INFO vex_extract.cursor:   Cursor: 3/6 frames (3 detections)
2026-03-16 20:26:13,364 INFO vex_extract.cursor:   Cursor: 4/6 frames (4 detections)
2026-03-16 20:26:13,380 INFO vex_extract.cursor:   Cursor: 5/6 frames (5 detections)
2026-03-16 20:26:14,915 INFO vex_extract.cursor:   Cursor: pass 2 — 8 frames at 4.0 FPS [372000ms-374000ms]
2026-03-16 20:26:15,010 INFO vex_extract.cursor:   Cursor: 1/8 frames (1 detections)
2026-03-16 20:26:15,026 INFO vex_extract.cursor:   Cursor: 2/8 frames (2 detections)
2026-03-16 20:26:15,042 INFO vex_extract.cursor:   Cursor: 3/8 frames (3 detections)
2026-03-16 20:26:15,058 INFO vex_extract.cursor:   Cursor: 4/8 frames (4 detections)
2026-03-16 20:26:15,073 INFO vex_extract.cursor:   Cursor: 5/8 frames (5 detections)
2026-03-16 20:26:15,089 INFO vex_extract.cursor:   Cursor: 6/8 frames (6 detections)
2026-03-16 20:26:15,105 INFO vex_extract.cursor:   Cursor: 7/8 frames (7 detections)
2026-03-16 20:26:16,648 INFO vex_extract.cursor:   Cursor: pass 2 — 6 frames at 4.0 FPS [374500ms-376000ms]
2026-03-16 20:26:16,743 INFO vex_extract.cursor:   Cursor: 1/6 frames (1 detections)
2026-03-16 20:26:16,758 INFO vex_extract.cursor:   Cursor: 2/6 frames (2 detections)
2026-03-16 20:26:16,774 INFO vex_extract.cursor:   Cursor: 3/6 frames (3 detections)
2026-03-16 20:26:16,790 INFO vex_extract.cursor:   Cursor: 4/6 frames (4 detections)
2026-03-16 20:26:16,806 INFO vex_extract.cursor:   Cursor: 5/6 frames (5 detections)
2026-03-16 20:26:18,383 INFO vex_extract.cursor:   Cursor: pass 2 — 10 frames at 4.0 FPS [380000ms-382500ms]
2026-03-16 20:26:18,478 INFO vex_extract.cursor:   Cursor: 1/10 frames (1 detections)
2026-03-16 20:26:18,494 INFO vex_extract.cursor:   Cursor: 2/10 frames (2 detections)
2026-03-16 20:26:18,510 INFO vex_extract.cursor:   Cursor: 3/10 frames (3 detections)
2026-03-16 20:26:18,526 INFO vex_extract.cursor:   Cursor: 4/10 frames (4 detections)
2026-03-16 20:26:18,541 INFO vex_extract.cursor:   Cursor: 5/10 frames (5 detections)
2026-03-16 20:26:18,557 INFO vex_extract.cursor:   Cursor: 6/10 frames (6 detections)
2026-03-16 20:26:18,573 INFO vex_extract.cursor:   Cursor: 7/10 frames (7 detections)
2026-03-16 20:26:18,589 INFO vex_extract.cursor:   Cursor: 8/10 frames (8 detections)
2026-03-16 20:26:18,606 INFO vex_extract.cursor:   Cursor: 9/10 frames (9 detections)
2026-03-16 20:26:18,623 INFO vex_extract.cursor:   Cursor: merged 1060 detections (1059 detected)
2026-03-16 20:26:18,623 INFO vex_extract.cursor:   Cursor: filtering 19 static detections at (993.0, 588.0) spanning 7700ms
2026-03-16 20:26:18,623 INFO vex_extract.cursor:   Cursor: filtering 10 static detections at (1937.0, 873.0) spanning 3800ms
2026-03-16 20:26:18,623 INFO vex_extract.cursor:   Cursor: filtering 10 static detections at (1937.0, 472.0) spanning 4033ms
2026-03-16 20:26:18,623 INFO vex_extract.cursor:   Cursor: filtering 8 static detections at (1091.0, 555.0) spanning 3100ms
2026-03-16 20:26:18,623 INFO vex_extract.cursor:   Cursor: filtering 16 static detections at (1416.0, 875.0) spanning 6800ms
2026-03-16 20:26:18,623 INFO vex_extract.cursor:   Cursor: filtering 12 static detections at (860.0, 604.0) spanning 4733ms
2026-03-16 20:26:18,623 INFO vex_extract.cursor:   Cursor: filtering 9 static detections at (1238.0, 786.0) spanning 3667ms
2026-03-16 20:26:18,623 INFO vex_extract.cursor:   Cursor: filtering 32 static detections at (918.0, 34.0) spanning 8600ms
2026-03-16 20:26:18,623 INFO vex_extract.cursor:   Cursor: filtering 11 static detections at (1122.0, 303.0) spanning 5000ms
2026-03-16 20:26:18,623 INFO vex_extract.cursor:   Cursor: filtering 22 static detections at (1461.0, 303.0) spanning 10500ms
2026-03-16 20:26:18,623 INFO vex_extract.cursor:   Cursor: filtering 12 static detections at (684.0, 592.0) spanning 5500ms
2026-03-16 20:26:18,623 INFO vex_extract.cursor:   Cursor: filtering 11 static detections at (1304.0, 821.0) spanning 5000ms
2026-03-16 20:26:18,623 INFO vex_extract.cursor:   Cursor: filtering 9 static detections at (1461.0, 303.0) spanning 4000ms
2026-03-16 20:26:18,623 INFO vex_extract.cursor:   Cursor: filtering 11 static detections at (1461.0, 303.0) spanning 5000ms
2026-03-16 20:26:18,623 INFO vex_extract.cursor:   Cursor: filtering 30 static detections at (607.0, 832.0) spanning 14500ms
2026-03-16 20:26:18,623 INFO vex_extract.cursor:   Cursor: filtering 15 static detections at (908.0, 647.0) spanning 3733ms
2026-03-16 20:26:18,623 INFO vex_extract.cursor:   Cursor: filtering 37 static detections at (1360.0, 780.0) spanning 18000ms
2026-03-16 20:26:18,623 INFO vex_extract.cursor:   Cursor: filtering 20 static detections at (1259.0, 840.0) spanning 5067ms
2026-03-16 20:26:18,623 INFO vex_extract.cursor:   Cursor: filtering 10 static detections at (1108.0, 561.0) spanning 4500ms
2026-03-16 20:26:18,623 INFO vex_extract.cursor:   Cursor: filtering 14 static detections at (1108.0, 563.0) spanning 6500ms
2026-03-16 20:26:18,624 INFO vex_extract.cursor:   Cursor: filtering 17 static detections at (481.0, 764.0) spanning 7767ms
2026-03-16 20:26:18,624 INFO vex_extract.cursor:   Cursor: filtering 15 static detections at (1161.0, 948.0) spanning 6533ms
2026-03-16 20:26:18,624 INFO vex_extract.cursor:   Cursor: filtering 11 static detections at (1461.0, 303.0) spanning 4700ms
2026-03-16 20:26:18,624 INFO vex_extract.cursor:   Cursor: filtering 12 static detections at (1461.0, 303.0) spanning 5500ms
2026-03-16 20:26:18,624 INFO vex_extract.cursor:   Cursor: filtering 7 static detections at (1848.0, 329.0) spanning 3000ms
2026-03-16 20:26:18,624 INFO vex_extract.cursor:   Cursor: filtering 7 static detections at (1225.0, 718.0) spanning 3000ms
2026-03-16 20:26:18,624 INFO vex_extract.cursor:   Cursor: filtering 17 static detections at (605.0, 1028.0) spanning 8000ms
2026-03-16 20:26:18,627 INFO vex_extract.pipeline:   Cached cursor trajectory: /Users/nic/Developer/spike-air-315-vision-processing/candidates/2026-03-14/tmp/cv/flight_centre_booking_kay_f0ebba1b_cursor/cursor_trajectory.json
2026-03-16 20:26:18,627 INFO vex_extract.pipeline:   1060 cursor detections (655 detected) in 77.4s
2026-03-16 20:26:18,627 INFO vex_extract.pipeline: Step 3: Computing optical flow...
2026-03-16 20:26:20,731 INFO vex_extract.flow:   Flow: computing across 782 frame pairs...
2026-03-16 20:26:23,633 INFO vex_extract.pipeline:   Cached flow windows: /Users/nic/Developer/spike-air-315-vision-processing/candidates/2026-03-14/tmp/cv/flight_centre_booking_kay_bb5a87ef_f0ebba1b_flow/flow_windows.json
2026-03-16 20:26:23,633 INFO vex_extract.pipeline:   781 flow windows in 5.0s
2026-03-16 20:26:23,633 INFO vex_extract.pipeline: Step 4: Creating video segments...
2026-03-16 20:26:23,633 INFO vex_extract.pipeline:   6 segments
2026-03-16 20:26:23,634 INFO vex_extract.pipeline:   Segment 0: cached
2026-03-16 20:26:23,634 INFO vex_extract.pipeline:   Segment 1: cached
2026-03-16 20:26:23,634 INFO vex_extract.pipeline:   Segment 2: cached
2026-03-16 20:26:23,634 INFO vex_extract.pipeline:   Segment 3: cached
2026-03-16 20:26:23,634 INFO vex_extract.pipeline:   Segment 4: cached
2026-03-16 20:26:23,634 INFO vex_extract.pipeline:   Segment 5: cached
2026-03-16 20:26:23,634 INFO vex_extract.pipeline: Step 5: Preparing prompts...
2026-03-16 20:26:23,635 INFO vex_extract.analysis: Segment 0: prompt prepared (12040 chars)
2026-03-16 20:26:23,635 INFO vex_extract.analysis: Segment 1: prompt prepared (11156 chars)
2026-03-16 20:26:23,636 INFO vex_extract.analysis: Segment 2: prompt prepared (10663 chars)
2026-03-16 20:26:23,636 INFO vex_extract.analysis: Segment 3: prompt prepared (10586 chars)
2026-03-16 20:26:23,637 INFO vex_extract.analysis: Segment 4: prompt prepared (10771 chars)
2026-03-16 20:26:23,638 INFO vex_extract.analysis: Segment 5: prompt prepared (10998 chars)
2026-03-16 20:26:23,638 INFO vex_extract.pipeline:   6 prompts prepared
2026-03-16 20:26:23,638 INFO vex_extract.pipeline: Stopped after: prompt
