2026-03-16 20:26:44,102 INFO vex_extract.pipeline: === Video Event Extractor ===
2026-03-16 20:26:44,102 INFO vex_extract.pipeline: Video: /Users/nic/Developer/spike-air-315-vision-processing/input_data/screen_tracks/cfs_home_loan_serene.mp4
2026-03-16 20:26:44,102 INFO vex_extract.pipeline: Offset: 0 ms
2026-03-16 20:26:44,102 INFO vex_extract.pipeline: Run ID: 2026-03-16_102644
2026-03-16 20:26:44,102 INFO vex_extract.pipeline: Stop after: prompt
2026-03-16 20:26:44,102 INFO vex_extract.pipeline: Step 1: Normalizing video...
2026-03-16 20:26:44,102 INFO vex_extract.pipeline:   Using cached normalized video: /Users/nic/Developer/spike-air-315-vision-processing/candidates/2026-03-14/tmp/cfs_home_loan_serene_normalized.mp4
2026-03-16 20:26:44,128 INFO vex_extract.pipeline:   Duration: 239.9s, 978x2120, 30.0 fps
2026-03-16 20:26:44,128 INFO vex_extract.pipeline: Step 2: Tracking cursor...
2026-03-16 20:26:48,333 INFO vex_extract.cursor:   Cursor: pass 1 — matching 480 frames at 2.0 FPS against 6 templates x 7 scales at 540p...
2026-03-16 20:26:48,632 INFO vex_extract.cursor:   Cursor: 48/480 frames (47 detections)
2026-03-16 20:26:48,793 INFO vex_extract.cursor:   Cursor: 96/480 frames (95 detections)
2026-03-16 20:26:48,961 INFO vex_extract.cursor:   Cursor: 144/480 frames (143 detections)
2026-03-16 20:26:49,129 INFO vex_extract.cursor:   Cursor: 192/480 frames (191 detections)
2026-03-16 20:26:49,293 INFO vex_extract.cursor:   Cursor: 240/480 frames (239 detections)
2026-03-16 20:26:49,475 INFO vex_extract.cursor:   Cursor: 288/480 frames (287 detections)
2026-03-16 20:26:49,645 INFO vex_extract.cursor:   Cursor: 336/480 frames (335 detections)
2026-03-16 20:26:49,811 INFO vex_extract.cursor:   Cursor: 384/480 frames (383 detections)
2026-03-16 20:26:49,972 INFO vex_extract.cursor:   Cursor: 432/480 frames (431 detections)
2026-03-16 20:26:50,140 INFO vex_extract.cursor:   Cursor: calibrated to scales (0.3, 0.4) from coarse pass
2026-03-16 20:26:50,140 INFO vex_extract.cursor:   Cursor: 41 active regions identified
2026-03-16 20:26:50,190 INFO vex_extract.cursor:   Cursor: pass 2 — 6 frames at 4.0 FPS [0ms-1500ms]
2026-03-16 20:26:50,210 INFO vex_extract.cursor:   Cursor: 1/6 frames (0 detections)
2026-03-16 20:26:50,230 INFO vex_extract.cursor:   Cursor: 2/6 frames (1 detections)
2026-03-16 20:26:50,233 INFO vex_extract.cursor:   Cursor: 3/6 frames (2 detections)
2026-03-16 20:26:50,236 INFO vex_extract.cursor:   Cursor: 4/6 frames (3 detections)
2026-03-16 20:26:50,240 INFO vex_extract.cursor:   Cursor: 5/6 frames (4 detections)
2026-03-16 20:26:50,348 INFO vex_extract.cursor:   Cursor: pass 2 — 12 frames at 4.0 FPS [2500ms-5500ms]
2026-03-16 20:26:50,368 INFO vex_extract.cursor:   Cursor: 1/12 frames (1 detections)
2026-03-16 20:26:50,371 INFO vex_extract.cursor:   Cursor: 2/12 frames (2 detections)
2026-03-16 20:26:50,375 INFO vex_extract.cursor:   Cursor: 3/12 frames (3 detections)
2026-03-16 20:26:50,378 INFO vex_extract.cursor:   Cursor: 4/12 frames (4 detections)
2026-03-16 20:26:50,381 INFO vex_extract.cursor:   Cursor: 5/12 frames (5 detections)
2026-03-16 20:26:50,385 INFO vex_extract.cursor:   Cursor: 6/12 frames (6 detections)
2026-03-16 20:26:50,388 INFO vex_extract.cursor:   Cursor: 7/12 frames (7 detections)
2026-03-16 20:26:50,392 INFO vex_extract.cursor:   Cursor: 8/12 frames (8 detections)
2026-03-16 20:26:50,395 INFO vex_extract.cursor:   Cursor: 9/12 frames (9 detections)
2026-03-16 20:26:50,399 INFO vex_extract.cursor:   Cursor: 10/12 frames (10 detections)
2026-03-16 20:26:50,402 INFO vex_extract.cursor:   Cursor: 11/12 frames (11 detections)
2026-03-16 20:26:50,482 INFO vex_extract.cursor:   Cursor: pass 2 — 6 frames at 4.0 FPS [7500ms-9000ms]
2026-03-16 20:26:50,502 INFO vex_extract.cursor:   Cursor: 1/6 frames (1 detections)
2026-03-16 20:26:50,506 INFO vex_extract.cursor:   Cursor: 2/6 frames (2 detections)
2026-03-16 20:26:50,509 INFO vex_extract.cursor:   Cursor: 3/6 frames (3 detections)
2026-03-16 20:26:50,512 INFO vex_extract.cursor:   Cursor: 4/6 frames (4 detections)
2026-03-16 20:26:50,516 INFO vex_extract.cursor:   Cursor: 5/6 frames (5 detections)
2026-03-16 20:26:50,727 INFO vex_extract.cursor:   Cursor: pass 2 — 21 frames at 4.0 FPS [12500ms-18000ms]
2026-03-16 20:26:50,750 INFO vex_extract.cursor:   Cursor: 2/21 frames (2 detections)
2026-03-16 20:26:50,757 INFO vex_extract.cursor:   Cursor: 4/21 frames (4 detections)
2026-03-16 20:26:50,764 INFO vex_extract.cursor:   Cursor: 6/21 frames (6 detections)
2026-03-16 20:26:50,770 INFO vex_extract.cursor:   Cursor: 8/21 frames (8 detections)
2026-03-16 20:26:50,777 INFO vex_extract.cursor:   Cursor: 10/21 frames (10 detections)
2026-03-16 20:26:50,784 INFO vex_extract.cursor:   Cursor: 12/21 frames (12 detections)
2026-03-16 20:26:50,791 INFO vex_extract.cursor:   Cursor: 14/21 frames (14 detections)
2026-03-16 20:26:50,798 INFO vex_extract.cursor:   Cursor: 16/21 frames (16 detections)
2026-03-16 20:26:50,804 INFO vex_extract.cursor:   Cursor: 18/21 frames (18 detections)
2026-03-16 20:26:50,811 INFO vex_extract.cursor:   Cursor: 20/21 frames (20 detections)
2026-03-16 20:26:50,983 INFO vex_extract.cursor:   Cursor: pass 2 — 8 frames at 4.0 FPS [23500ms-25500ms]
2026-03-16 20:26:51,003 INFO vex_extract.cursor:   Cursor: 1/8 frames (1 detections)
2026-03-16 20:26:51,007 INFO vex_extract.cursor:   Cursor: 2/8 frames (2 detections)
2026-03-16 20:26:51,010 INFO vex_extract.cursor:   Cursor: 3/8 frames (3 detections)
2026-03-16 20:26:51,013 INFO vex_extract.cursor:   Cursor: 4/8 frames (4 detections)
2026-03-16 20:26:51,017 INFO vex_extract.cursor:   Cursor: 5/8 frames (5 detections)
2026-03-16 20:26:51,020 INFO vex_extract.cursor:   Cursor: 6/8 frames (6 detections)
2026-03-16 20:26:51,023 INFO vex_extract.cursor:   Cursor: 7/8 frames (7 detections)
2026-03-16 20:26:51,329 INFO vex_extract.cursor:   Cursor: pass 2 — 23 frames at 4.0 FPS [27500ms-33500ms]
2026-03-16 20:26:51,352 INFO vex_extract.cursor:   Cursor: 2/23 frames (2 detections)
2026-03-16 20:26:51,359 INFO vex_extract.cursor:   Cursor: 4/23 frames (4 detections)
2026-03-16 20:26:51,366 INFO vex_extract.cursor:   Cursor: 6/23 frames (6 detections)
2026-03-16 20:26:51,373 INFO vex_extract.cursor:   Cursor: 8/23 frames (8 detections)
2026-03-16 20:26:51,379 INFO vex_extract.cursor:   Cursor: 10/23 frames (10 detections)
2026-03-16 20:26:51,386 INFO vex_extract.cursor:   Cursor: 12/23 frames (12 detections)
2026-03-16 20:26:51,393 INFO vex_extract.cursor:   Cursor: 14/23 frames (14 detections)
2026-03-16 20:26:51,399 INFO vex_extract.cursor:   Cursor: 16/23 frames (16 detections)
2026-03-16 20:26:51,406 INFO vex_extract.cursor:   Cursor: 18/23 frames (18 detections)
2026-03-16 20:26:51,413 INFO vex_extract.cursor:   Cursor: 20/23 frames (20 detections)
2026-03-16 20:26:51,419 INFO vex_extract.cursor:   Cursor: 22/23 frames (22 detections)
2026-03-16 20:26:51,679 INFO vex_extract.cursor:   Cursor: pass 2 — 12 frames at 4.0 FPS [34500ms-37500ms]
2026-03-16 20:26:51,699 INFO vex_extract.cursor:   Cursor: 1/12 frames (1 detections)
2026-03-16 20:26:51,702 INFO vex_extract.cursor:   Cursor: 2/12 frames (2 detections)
2026-03-16 20:26:51,706 INFO vex_extract.cursor:   Cursor: 3/12 frames (3 detections)
2026-03-16 20:26:51,709 INFO vex_extract.cursor:   Cursor: 4/12 frames (4 detections)
2026-03-16 20:26:51,712 INFO vex_extract.cursor:   Cursor: 5/12 frames (5 detections)
2026-03-16 20:26:51,716 INFO vex_extract.cursor:   Cursor: 6/12 frames (6 detections)
2026-03-16 20:26:51,719 INFO vex_extract.cursor:   Cursor: 7/12 frames (7 detections)
2026-03-16 20:26:51,723 INFO vex_extract.cursor:   Cursor: 8/12 frames (8 detections)
2026-03-16 20:26:51,726 INFO vex_extract.cursor:   Cursor: 9/12 frames (9 detections)
2026-03-16 20:26:51,729 INFO vex_extract.cursor:   Cursor: 10/12 frames (10 detections)
2026-03-16 20:26:51,733 INFO vex_extract.cursor:   Cursor: 11/12 frames (11 detections)
2026-03-16 20:26:52,167 INFO vex_extract.cursor:   Cursor: pass 2 — 32 frames at 4.0 FPS [38000ms-46500ms]
2026-03-16 20:26:52,194 INFO vex_extract.cursor:   Cursor: 3/32 frames (3 detections)
2026-03-16 20:26:52,204 INFO vex_extract.cursor:   Cursor: 6/32 frames (6 detections)
2026-03-16 20:26:52,214 INFO vex_extract.cursor:   Cursor: 9/32 frames (9 detections)
2026-03-16 20:26:52,224 INFO vex_extract.cursor:   Cursor: 12/32 frames (12 detections)
2026-03-16 20:26:52,233 INFO vex_extract.cursor:   Cursor: 15/32 frames (15 detections)
2026-03-16 20:26:52,244 INFO vex_extract.cursor:   Cursor: 18/32 frames (18 detections)
2026-03-16 20:26:52,254 INFO vex_extract.cursor:   Cursor: 21/32 frames (21 detections)
2026-03-16 20:26:52,264 INFO vex_extract.cursor:   Cursor: 24/32 frames (24 detections)
2026-03-16 20:26:52,274 INFO vex_extract.cursor:   Cursor: 27/32 frames (27 detections)
2026-03-16 20:26:52,284 INFO vex_extract.cursor:   Cursor: 30/32 frames (30 detections)
2026-03-16 20:26:52,617 INFO vex_extract.cursor:   Cursor: pass 2 — 10 frames at 4.0 FPS [47500ms-50000ms]
2026-03-16 20:26:52,637 INFO vex_extract.cursor:   Cursor: 1/10 frames (1 detections)
2026-03-16 20:26:52,640 INFO vex_extract.cursor:   Cursor: 2/10 frames (2 detections)
2026-03-16 20:26:52,643 INFO vex_extract.cursor:   Cursor: 3/10 frames (3 detections)
2026-03-16 20:26:52,647 INFO vex_extract.cursor:   Cursor: 4/10 frames (4 detections)
2026-03-16 20:26:52,650 INFO vex_extract.cursor:   Cursor: 5/10 frames (5 detections)
2026-03-16 20:26:52,654 INFO vex_extract.cursor:   Cursor: 6/10 frames (6 detections)
2026-03-16 20:26:52,657 INFO vex_extract.cursor:   Cursor: 7/10 frames (7 detections)
2026-03-16 20:26:52,660 INFO vex_extract.cursor:   Cursor: 8/10 frames (8 detections)
2026-03-16 20:26:52,664 INFO vex_extract.cursor:   Cursor: 9/10 frames (9 detections)
2026-03-16 20:26:53,075 INFO vex_extract.cursor:   Cursor: pass 2 — 19 frames at 4.0 FPS [51000ms-56000ms]
2026-03-16 20:26:53,095 INFO vex_extract.cursor:   Cursor: 1/19 frames (1 detections)
2026-03-16 20:26:53,098 INFO vex_extract.cursor:   Cursor: 2/19 frames (2 detections)
2026-03-16 20:26:53,101 INFO vex_extract.cursor:   Cursor: 3/19 frames (3 detections)
2026-03-16 20:26:53,105 INFO vex_extract.cursor:   Cursor: 4/19 frames (4 detections)
2026-03-16 20:26:53,108 INFO vex_extract.cursor:   Cursor: 5/19 frames (5 detections)
2026-03-16 20:26:53,111 INFO vex_extract.cursor:   Cursor: 6/19 frames (6 detections)
2026-03-16 20:26:53,115 INFO vex_extract.cursor:   Cursor: 7/19 frames (7 detections)
2026-03-16 20:26:53,118 INFO vex_extract.cursor:   Cursor: 8/19 frames (8 detections)
2026-03-16 20:26:53,121 INFO vex_extract.cursor:   Cursor: 9/19 frames (9 detections)
2026-03-16 20:26:53,125 INFO vex_extract.cursor:   Cursor: 10/19 frames (10 detections)
2026-03-16 20:26:53,128 INFO vex_extract.cursor:   Cursor: 11/19 frames (11 detections)
2026-03-16 20:26:53,132 INFO vex_extract.cursor:   Cursor: 12/19 frames (12 detections)
2026-03-16 20:26:53,135 INFO vex_extract.cursor:   Cursor: 13/19 frames (13 detections)
2026-03-16 20:26:53,138 INFO vex_extract.cursor:   Cursor: 14/19 frames (14 detections)
2026-03-16 20:26:53,142 INFO vex_extract.cursor:   Cursor: 15/19 frames (15 detections)
2026-03-16 20:26:53,145 INFO vex_extract.cursor:   Cursor: 16/19 frames (16 detections)
2026-03-16 20:26:53,148 INFO vex_extract.cursor:   Cursor: 17/19 frames (17 detections)
2026-03-16 20:26:53,150 INFO vex_extract.cursor:   Cursor: 18/19 frames (18 detections)
2026-03-16 20:26:53,514 INFO vex_extract.cursor:   Cursor: pass 2 — 10 frames at 4.0 FPS [56500ms-59000ms]
2026-03-16 20:26:53,528 INFO vex_extract.cursor:   Cursor: 1/10 frames (1 detections)
2026-03-16 20:26:53,530 INFO vex_extract.cursor:   Cursor: 2/10 frames (2 detections)
2026-03-16 20:26:53,532 INFO vex_extract.cursor:   Cursor: 3/10 frames (3 detections)
2026-03-16 20:26:53,535 INFO vex_extract.cursor:   Cursor: 4/10 frames (4 detections)
2026-03-16 20:26:53,539 INFO vex_extract.cursor:   Cursor: 5/10 frames (5 detections)
2026-03-16 20:26:53,542 INFO vex_extract.cursor:   Cursor: 6/10 frames (6 detections)
2026-03-16 20:26:53,545 INFO vex_extract.cursor:   Cursor: 7/10 frames (7 detections)
2026-03-16 20:26:53,549 INFO vex_extract.cursor:   Cursor: 8/10 frames (8 detections)
2026-03-16 20:26:53,552 INFO vex_extract.cursor:   Cursor: 9/10 frames (9 detections)
2026-03-16 20:26:53,899 INFO vex_extract.cursor:   Cursor: pass 2 — 6 frames at 4.0 FPS [59500ms-61000ms]
2026-03-16 20:26:53,919 INFO vex_extract.cursor:   Cursor: 1/6 frames (1 detections)
2026-03-16 20:26:53,923 INFO vex_extract.cursor:   Cursor: 2/6 frames (2 detections)
2026-03-16 20:26:53,926 INFO vex_extract.cursor:   Cursor: 3/6 frames (3 detections)
2026-03-16 20:26:53,929 INFO vex_extract.cursor:   Cursor: 4/6 frames (4 detections)
2026-03-16 20:26:53,933 INFO vex_extract.cursor:   Cursor: 5/6 frames (5 detections)
2026-03-16 20:26:54,316 INFO vex_extract.cursor:   Cursor: pass 2 — 10 frames at 4.0 FPS [62000ms-64500ms]
2026-03-16 20:26:54,336 INFO vex_extract.cursor:   Cursor: 1/10 frames (1 detections)
2026-03-16 20:26:54,339 INFO vex_extract.cursor:   Cursor: 2/10 frames (2 detections)
2026-03-16 20:26:54,342 INFO vex_extract.cursor:   Cursor: 3/10 frames (3 detections)
2026-03-16 20:26:54,346 INFO vex_extract.cursor:   Cursor: 4/10 frames (4 detections)
2026-03-16 20:26:54,349 INFO vex_extract.cursor:   Cursor: 5/10 frames (5 detections)
2026-03-16 20:26:54,353 INFO vex_extract.cursor:   Cursor: 6/10 frames (6 detections)
2026-03-16 20:26:54,356 INFO vex_extract.cursor:   Cursor: 7/10 frames (7 detections)
2026-03-16 20:26:54,359 INFO vex_extract.cursor:   Cursor: 8/10 frames (8 detections)
2026-03-16 20:26:54,362 INFO vex_extract.cursor:   Cursor: 9/10 frames (9 detections)
2026-03-16 20:26:54,747 INFO vex_extract.cursor:   Cursor: pass 2 — 8 frames at 4.0 FPS [65500ms-67500ms]
2026-03-16 20:26:54,767 INFO vex_extract.cursor:   Cursor: 1/8 frames (1 detections)
2026-03-16 20:26:54,770 INFO vex_extract.cursor:   Cursor: 2/8 frames (2 detections)
2026-03-16 20:26:54,774 INFO vex_extract.cursor:   Cursor: 3/8 frames (3 detections)
2026-03-16 20:26:54,777 INFO vex_extract.cursor:   Cursor: 4/8 frames (4 detections)
2026-03-16 20:26:54,780 INFO vex_extract.cursor:   Cursor: 5/8 frames (5 detections)
2026-03-16 20:26:54,784 INFO vex_extract.cursor:   Cursor: 6/8 frames (6 detections)
2026-03-16 20:26:54,787 INFO vex_extract.cursor:   Cursor: 7/8 frames (7 detections)
2026-03-16 20:26:55,179 INFO vex_extract.cursor:   Cursor: pass 2 — 8 frames at 4.0 FPS [68000ms-70000ms]
2026-03-16 20:26:55,199 INFO vex_extract.cursor:   Cursor: 1/8 frames (1 detections)
2026-03-16 20:26:55,203 INFO vex_extract.cursor:   Cursor: 2/8 frames (2 detections)
2026-03-16 20:26:55,206 INFO vex_extract.cursor:   Cursor: 3/8 frames (3 detections)
2026-03-16 20:26:55,209 INFO vex_extract.cursor:   Cursor: 4/8 frames (4 detections)
2026-03-16 20:26:55,212 INFO vex_extract.cursor:   Cursor: 5/8 frames (5 detections)
2026-03-16 20:26:55,216 INFO vex_extract.cursor:   Cursor: 6/8 frames (6 detections)
2026-03-16 20:26:55,219 INFO vex_extract.cursor:   Cursor: 7/8 frames (7 detections)
2026-03-16 20:26:55,829 INFO vex_extract.cursor:   Cursor: pass 2 — 34 frames at 4.0 FPS [75500ms-84500ms]
2026-03-16 20:26:55,855 INFO vex_extract.cursor:   Cursor: 3/34 frames (3 detections)
2026-03-16 20:26:55,866 INFO vex_extract.cursor:   Cursor: 6/34 frames (6 detections)
2026-03-16 20:26:55,875 INFO vex_extract.cursor:   Cursor: 9/34 frames (9 detections)
2026-03-16 20:26:55,885 INFO vex_extract.cursor:   Cursor: 12/34 frames (12 detections)
2026-03-16 20:26:55,895 INFO vex_extract.cursor:   Cursor: 15/34 frames (15 detections)
2026-03-16 20:26:55,905 INFO vex_extract.cursor:   Cursor: 18/34 frames (18 detections)
2026-03-16 20:26:55,915 INFO vex_extract.cursor:   Cursor: 21/34 frames (21 detections)
2026-03-16 20:26:55,926 INFO vex_extract.cursor:   Cursor: 24/34 frames (24 detections)
2026-03-16 20:26:55,936 INFO vex_extract.cursor:   Cursor: 27/34 frames (27 detections)
2026-03-16 20:26:55,946 INFO vex_extract.cursor:   Cursor: 30/34 frames (30 detections)
2026-03-16 20:26:55,956 INFO vex_extract.cursor:   Cursor: 33/34 frames (33 detections)
2026-03-16 20:26:56,456 INFO vex_extract.cursor:   Cursor: pass 2 — 12 frames at 4.0 FPS [87500ms-90500ms]
2026-03-16 20:26:56,476 INFO vex_extract.cursor:   Cursor: 1/12 frames (1 detections)
2026-03-16 20:26:56,479 INFO vex_extract.cursor:   Cursor: 2/12 frames (2 detections)
2026-03-16 20:26:56,483 INFO vex_extract.cursor:   Cursor: 3/12 frames (3 detections)
2026-03-16 20:26:56,486 INFO vex_extract.cursor:   Cursor: 4/12 frames (4 detections)
2026-03-16 20:26:56,490 INFO vex_extract.cursor:   Cursor: 5/12 frames (5 detections)
2026-03-16 20:26:56,493 INFO vex_extract.cursor:   Cursor: 6/12 frames (6 detections)
2026-03-16 20:26:56,497 INFO vex_extract.cursor:   Cursor: 7/12 frames (7 detections)
2026-03-16 20:26:56,500 INFO vex_extract.cursor:   Cursor: 8/12 frames (8 detections)
2026-03-16 20:26:56,503 INFO vex_extract.cursor:   Cursor: 9/12 frames (9 detections)
2026-03-16 20:26:56,507 INFO vex_extract.cursor:   Cursor: 10/12 frames (10 detections)
2026-03-16 20:26:56,510 INFO vex_extract.cursor:   Cursor: 11/12 frames (11 detections)
2026-03-16 20:26:56,990 INFO vex_extract.cursor:   Cursor: pass 2 — 6 frames at 4.0 FPS [91500ms-93000ms]
2026-03-16 20:26:57,010 INFO vex_extract.cursor:   Cursor: 1/6 frames (1 detections)
2026-03-16 20:26:57,013 INFO vex_extract.cursor:   Cursor: 2/6 frames (2 detections)
2026-03-16 20:26:57,016 INFO vex_extract.cursor:   Cursor: 3/6 frames (3 detections)
2026-03-16 20:26:57,020 INFO vex_extract.cursor:   Cursor: 4/6 frames (4 detections)
2026-03-16 20:26:57,023 INFO vex_extract.cursor:   Cursor: 5/6 frames (5 detections)
2026-03-16 20:26:57,586 INFO vex_extract.cursor:   Cursor: pass 2 — 16 frames at 4.0 FPS [95000ms-99000ms]
2026-03-16 20:26:57,606 INFO vex_extract.cursor:   Cursor: 1/16 frames (1 detections)
2026-03-16 20:26:57,610 INFO vex_extract.cursor:   Cursor: 2/16 frames (2 detections)
2026-03-16 20:26:57,613 INFO vex_extract.cursor:   Cursor: 3/16 frames (3 detections)
2026-03-16 20:26:57,617 INFO vex_extract.cursor:   Cursor: 4/16 frames (4 detections)
2026-03-16 20:26:57,620 INFO vex_extract.cursor:   Cursor: 5/16 frames (5 detections)
2026-03-16 20:26:57,623 INFO vex_extract.cursor:   Cursor: 6/16 frames (6 detections)
2026-03-16 20:26:57,627 INFO vex_extract.cursor:   Cursor: 7/16 frames (7 detections)
2026-03-16 20:26:57,630 INFO vex_extract.cursor:   Cursor: 8/16 frames (8 detections)
2026-03-16 20:26:57,634 INFO vex_extract.cursor:   Cursor: 9/16 frames (9 detections)
2026-03-16 20:26:57,637 INFO vex_extract.cursor:   Cursor: 10/16 frames (10 detections)
2026-03-16 20:26:57,640 INFO vex_extract.cursor:   Cursor: 11/16 frames (11 detections)
2026-03-16 20:26:57,644 INFO vex_extract.cursor:   Cursor: 12/16 frames (12 detections)
2026-03-16 20:26:57,647 INFO vex_extract.cursor:   Cursor: 13/16 frames (13 detections)
2026-03-16 20:26:57,650 INFO vex_extract.cursor:   Cursor: 14/16 frames (14 detections)
2026-03-16 20:26:57,654 INFO vex_extract.cursor:   Cursor: 15/16 frames (15 detections)
2026-03-16 20:26:58,195 INFO vex_extract.cursor:   Cursor: pass 2 — 10 frames at 4.0 FPS [101500ms-104000ms]
2026-03-16 20:26:58,215 INFO vex_extract.cursor:   Cursor: 1/10 frames (1 detections)
2026-03-16 20:26:58,218 INFO vex_extract.cursor:   Cursor: 2/10 frames (2 detections)
2026-03-16 20:26:58,222 INFO vex_extract.cursor:   Cursor: 3/10 frames (3 detections)
2026-03-16 20:26:58,225 INFO vex_extract.cursor:   Cursor: 4/10 frames (4 detections)
2026-03-16 20:26:58,229 INFO vex_extract.cursor:   Cursor: 5/10 frames (5 detections)
2026-03-16 20:26:58,232 INFO vex_extract.cursor:   Cursor: 6/10 frames (6 detections)
2026-03-16 20:26:58,235 INFO vex_extract.cursor:   Cursor: 7/10 frames (7 detections)
2026-03-16 20:26:58,239 INFO vex_extract.cursor:   Cursor: 8/10 frames (8 detections)
2026-03-16 20:26:58,242 INFO vex_extract.cursor:   Cursor: 9/10 frames (9 detections)
2026-03-16 20:26:59,023 INFO vex_extract.cursor:   Cursor: pass 2 — 38 frames at 4.0 FPS [110500ms-120500ms]
2026-03-16 20:26:59,050 INFO vex_extract.cursor:   Cursor: 3/38 frames (3 detections)
2026-03-16 20:26:59,060 INFO vex_extract.cursor:   Cursor: 6/38 frames (6 detections)
2026-03-16 20:26:59,070 INFO vex_extract.cursor:   Cursor: 9/38 frames (9 detections)
2026-03-16 20:26:59,080 INFO vex_extract.cursor:   Cursor: 12/38 frames (12 detections)
2026-03-16 20:26:59,090 INFO vex_extract.cursor:   Cursor: 15/38 frames (15 detections)
2026-03-16 20:26:59,100 INFO vex_extract.cursor:   Cursor: 18/38 frames (18 detections)
2026-03-16 20:26:59,111 INFO vex_extract.cursor:   Cursor: 21/38 frames (21 detections)
2026-03-16 20:26:59,120 INFO vex_extract.cursor:   Cursor: 24/38 frames (24 detections)
2026-03-16 20:26:59,131 INFO vex_extract.cursor:   Cursor: 27/38 frames (27 detections)
2026-03-16 20:26:59,141 INFO vex_extract.cursor:   Cursor: 30/38 frames (30 detections)
2026-03-16 20:26:59,151 INFO vex_extract.cursor:   Cursor: 33/38 frames (33 detections)
2026-03-16 20:26:59,161 INFO vex_extract.cursor:   Cursor: 36/38 frames (36 detections)
2026-03-16 20:26:59,936 INFO vex_extract.cursor:   Cursor: pass 2 — 31 frames at 4.0 FPS [122500ms-130500ms]
2026-03-16 20:26:59,962 INFO vex_extract.cursor:   Cursor: 3/31 frames (3 detections)
2026-03-16 20:26:59,972 INFO vex_extract.cursor:   Cursor: 6/31 frames (6 detections)
2026-03-16 20:26:59,982 INFO vex_extract.cursor:   Cursor: 9/31 frames (9 detections)
2026-03-16 20:26:59,992 INFO vex_extract.cursor:   Cursor: 12/31 frames (12 detections)
2026-03-16 20:27:00,002 INFO vex_extract.cursor:   Cursor: 15/31 frames (15 detections)
2026-03-16 20:27:00,012 INFO vex_extract.cursor:   Cursor: 18/31 frames (18 detections)
2026-03-16 20:27:00,022 INFO vex_extract.cursor:   Cursor: 21/31 frames (21 detections)
2026-03-16 20:27:00,032 INFO vex_extract.cursor:   Cursor: 24/31 frames (24 detections)
2026-03-16 20:27:00,042 INFO vex_extract.cursor:   Cursor: 27/31 frames (27 detections)
2026-03-16 20:27:00,052 INFO vex_extract.cursor:   Cursor: 30/31 frames (30 detections)
2026-03-16 20:27:00,719 INFO vex_extract.cursor:   Cursor: pass 2 — 8 frames at 4.0 FPS [133500ms-135500ms]
2026-03-16 20:27:00,740 INFO vex_extract.cursor:   Cursor: 1/8 frames (1 detections)
2026-03-16 20:27:00,743 INFO vex_extract.cursor:   Cursor: 2/8 frames (2 detections)
2026-03-16 20:27:00,746 INFO vex_extract.cursor:   Cursor: 3/8 frames (3 detections)
2026-03-16 20:27:00,750 INFO vex_extract.cursor:   Cursor: 4/8 frames (4 detections)
2026-03-16 20:27:00,753 INFO vex_extract.cursor:   Cursor: 5/8 frames (5 detections)
2026-03-16 20:27:00,757 INFO vex_extract.cursor:   Cursor: 6/8 frames (6 detections)
2026-03-16 20:27:00,760 INFO vex_extract.cursor:   Cursor: 7/8 frames (7 detections)
2026-03-16 20:27:01,473 INFO vex_extract.cursor:   Cursor: pass 2 — 12 frames at 4.0 FPS [136500ms-139500ms]
2026-03-16 20:27:01,494 INFO vex_extract.cursor:   Cursor: 1/12 frames (1 detections)
2026-03-16 20:27:01,497 INFO vex_extract.cursor:   Cursor: 2/12 frames (2 detections)
2026-03-16 20:27:01,501 INFO vex_extract.cursor:   Cursor: 3/12 frames (3 detections)
2026-03-16 20:27:01,504 INFO vex_extract.cursor:   Cursor: 4/12 frames (4 detections)
2026-03-16 20:27:01,507 INFO vex_extract.cursor:   Cursor: 5/12 frames (5 detections)
2026-03-16 20:27:01,511 INFO vex_extract.cursor:   Cursor: 6/12 frames (6 detections)
2026-03-16 20:27:01,514 INFO vex_extract.cursor:   Cursor: 7/12 frames (7 detections)
2026-03-16 20:27:01,518 INFO vex_extract.cursor:   Cursor: 8/12 frames (8 detections)
2026-03-16 20:27:01,521 INFO vex_extract.cursor:   Cursor: 9/12 frames (9 detections)
2026-03-16 20:27:01,524 INFO vex_extract.cursor:   Cursor: 10/12 frames (10 detections)
2026-03-16 20:27:01,528 INFO vex_extract.cursor:   Cursor: 11/12 frames (11 detections)
2026-03-16 20:27:02,429 INFO vex_extract.cursor:   Cursor: pass 2 — 34 frames at 4.0 FPS [141000ms-150000ms]
2026-03-16 20:27:02,456 INFO vex_extract.cursor:   Cursor: 3/34 frames (3 detections)
2026-03-16 20:27:02,466 INFO vex_extract.cursor:   Cursor: 6/34 frames (6 detections)
2026-03-16 20:27:02,476 INFO vex_extract.cursor:   Cursor: 9/34 frames (9 detections)
2026-03-16 20:27:02,486 INFO vex_extract.cursor:   Cursor: 12/34 frames (12 detections)
2026-03-16 20:27:02,496 INFO vex_extract.cursor:   Cursor: 15/34 frames (15 detections)
2026-03-16 20:27:02,506 INFO vex_extract.cursor:   Cursor: 18/34 frames (18 detections)
2026-03-16 20:27:02,516 INFO vex_extract.cursor:   Cursor: 21/34 frames (21 detections)
2026-03-16 20:27:02,526 INFO vex_extract.cursor:   Cursor: 24/34 frames (24 detections)
2026-03-16 20:27:02,537 INFO vex_extract.cursor:   Cursor: 27/34 frames (27 detections)
2026-03-16 20:27:02,547 INFO vex_extract.cursor:   Cursor: 30/34 frames (30 detections)
2026-03-16 20:27:02,557 INFO vex_extract.cursor:   Cursor: 33/34 frames (33 detections)
2026-03-16 20:27:03,405 INFO vex_extract.cursor:   Cursor: pass 2 — 19 frames at 4.0 FPS [150500ms-155500ms]
2026-03-16 20:27:03,426 INFO vex_extract.cursor:   Cursor: 1/19 frames (1 detections)
2026-03-16 20:27:03,429 INFO vex_extract.cursor:   Cursor: 2/19 frames (2 detections)
2026-03-16 20:27:03,433 INFO vex_extract.cursor:   Cursor: 3/19 frames (3 detections)
2026-03-16 20:27:03,436 INFO vex_extract.cursor:   Cursor: 4/19 frames (4 detections)
2026-03-16 20:27:03,440 INFO vex_extract.cursor:   Cursor: 5/19 frames (5 detections)
2026-03-16 20:27:03,443 INFO vex_extract.cursor:   Cursor: 6/19 frames (6 detections)
2026-03-16 20:27:03,446 INFO vex_extract.cursor:   Cursor: 7/19 frames (7 detections)
2026-03-16 20:27:03,450 INFO vex_extract.cursor:   Cursor: 8/19 frames (8 detections)
2026-03-16 20:27:03,453 INFO vex_extract.cursor:   Cursor: 9/19 frames (9 detections)
2026-03-16 20:27:03,456 INFO vex_extract.cursor:   Cursor: 10/19 frames (10 detections)
2026-03-16 20:27:03,460 INFO vex_extract.cursor:   Cursor: 11/19 frames (11 detections)
2026-03-16 20:27:03,463 INFO vex_extract.cursor:   Cursor: 12/19 frames (12 detections)
2026-03-16 20:27:03,466 INFO vex_extract.cursor:   Cursor: 13/19 frames (13 detections)
2026-03-16 20:27:03,470 INFO vex_extract.cursor:   Cursor: 14/19 frames (14 detections)
2026-03-16 20:27:03,473 INFO vex_extract.cursor:   Cursor: 15/19 frames (15 detections)
2026-03-16 20:27:03,477 INFO vex_extract.cursor:   Cursor: 16/19 frames (16 detections)
2026-03-16 20:27:03,480 INFO vex_extract.cursor:   Cursor: 17/19 frames (17 detections)
2026-03-16 20:27:03,483 INFO vex_extract.cursor:   Cursor: 18/19 frames (18 detections)
2026-03-16 20:27:04,394 INFO vex_extract.cursor:   Cursor: pass 2 — 21 frames at 4.0 FPS [156500ms-162000ms]
2026-03-16 20:27:04,418 INFO vex_extract.cursor:   Cursor: 2/21 frames (2 detections)
2026-03-16 20:27:04,425 INFO vex_extract.cursor:   Cursor: 4/21 frames (4 detections)
2026-03-16 20:27:04,432 INFO vex_extract.cursor:   Cursor: 6/21 frames (6 detections)
2026-03-16 20:27:04,438 INFO vex_extract.cursor:   Cursor: 8/21 frames (8 detections)
2026-03-16 20:27:04,445 INFO vex_extract.cursor:   Cursor: 10/21 frames (10 detections)
2026-03-16 20:27:04,452 INFO vex_extract.cursor:   Cursor: 12/21 frames (12 detections)
2026-03-16 20:27:04,459 INFO vex_extract.cursor:   Cursor: 14/21 frames (14 detections)
2026-03-16 20:27:04,466 INFO vex_extract.cursor:   Cursor: 16/21 frames (16 detections)
2026-03-16 20:27:04,473 INFO vex_extract.cursor:   Cursor: 18/21 frames (18 detections)
2026-03-16 20:27:04,479 INFO vex_extract.cursor:   Cursor: 20/21 frames (20 detections)
2026-03-16 20:27:05,373 INFO vex_extract.cursor:   Cursor: pass 2 — 12 frames at 4.0 FPS [163000ms-166000ms]
2026-03-16 20:27:05,393 INFO vex_extract.cursor:   Cursor: 1/12 frames (1 detections)
2026-03-16 20:27:05,396 INFO vex_extract.cursor:   Cursor: 2/12 frames (2 detections)
2026-03-16 20:27:05,400 INFO vex_extract.cursor:   Cursor: 3/12 frames (3 detections)
2026-03-16 20:27:05,403 INFO vex_extract.cursor:   Cursor: 4/12 frames (4 detections)
2026-03-16 20:27:05,406 INFO vex_extract.cursor:   Cursor: 5/12 frames (5 detections)
2026-03-16 20:27:05,410 INFO vex_extract.cursor:   Cursor: 6/12 frames (6 detections)
2026-03-16 20:27:05,413 INFO vex_extract.cursor:   Cursor: 7/12 frames (7 detections)
2026-03-16 20:27:05,417 INFO vex_extract.cursor:   Cursor: 8/12 frames (8 detections)
2026-03-16 20:27:05,420 INFO vex_extract.cursor:   Cursor: 9/12 frames (9 detections)
2026-03-16 20:27:05,423 INFO vex_extract.cursor:   Cursor: 10/12 frames (10 detections)
2026-03-16 20:27:05,426 INFO vex_extract.cursor:   Cursor: 11/12 frames (11 detections)
2026-03-16 20:27:06,302 INFO vex_extract.cursor:   Cursor: pass 2 — 6 frames at 4.0 FPS [167000ms-168500ms]
2026-03-16 20:27:06,323 INFO vex_extract.cursor:   Cursor: 1/6 frames (1 detections)
2026-03-16 20:27:06,326 INFO vex_extract.cursor:   Cursor: 2/6 frames (2 detections)
2026-03-16 20:27:06,330 INFO vex_extract.cursor:   Cursor: 3/6 frames (3 detections)
2026-03-16 20:27:06,333 INFO vex_extract.cursor:   Cursor: 4/6 frames (4 detections)
2026-03-16 20:27:06,337 INFO vex_extract.cursor:   Cursor: 5/6 frames (5 detections)
2026-03-16 20:27:07,215 INFO vex_extract.cursor:   Cursor: pass 2 — 6 frames at 4.0 FPS [169000ms-170500ms]
2026-03-16 20:27:07,235 INFO vex_extract.cursor:   Cursor: 1/6 frames (1 detections)
2026-03-16 20:27:07,239 INFO vex_extract.cursor:   Cursor: 2/6 frames (2 detections)
2026-03-16 20:27:07,242 INFO vex_extract.cursor:   Cursor: 3/6 frames (3 detections)
2026-03-16 20:27:07,246 INFO vex_extract.cursor:   Cursor: 4/6 frames (4 detections)
2026-03-16 20:27:07,249 INFO vex_extract.cursor:   Cursor: 5/6 frames (5 detections)
2026-03-16 20:27:08,179 INFO vex_extract.cursor:   Cursor: pass 2 — 12 frames at 4.0 FPS [172500ms-175500ms]
2026-03-16 20:27:08,199 INFO vex_extract.cursor:   Cursor: 1/12 frames (1 detections)
2026-03-16 20:27:08,202 INFO vex_extract.cursor:   Cursor: 2/12 frames (2 detections)
2026-03-16 20:27:08,206 INFO vex_extract.cursor:   Cursor: 3/12 frames (3 detections)
2026-03-16 20:27:08,209 INFO vex_extract.cursor:   Cursor: 4/12 frames (4 detections)
2026-03-16 20:27:08,213 INFO vex_extract.cursor:   Cursor: 5/12 frames (5 detections)
2026-03-16 20:27:08,216 INFO vex_extract.cursor:   Cursor: 6/12 frames (6 detections)
2026-03-16 20:27:08,219 INFO vex_extract.cursor:   Cursor: 7/12 frames (7 detections)
2026-03-16 20:27:08,223 INFO vex_extract.cursor:   Cursor: 8/12 frames (8 detections)
2026-03-16 20:27:08,226 INFO vex_extract.cursor:   Cursor: 9/12 frames (9 detections)
2026-03-16 20:27:08,230 INFO vex_extract.cursor:   Cursor: 10/12 frames (10 detections)
2026-03-16 20:27:08,233 INFO vex_extract.cursor:   Cursor: 11/12 frames (11 detections)
2026-03-16 20:27:09,226 INFO vex_extract.cursor:   Cursor: pass 2 — 17 frames at 4.0 FPS [177000ms-181500ms]
2026-03-16 20:27:09,246 INFO vex_extract.cursor:   Cursor: 1/17 frames (1 detections)
2026-03-16 20:27:09,250 INFO vex_extract.cursor:   Cursor: 2/17 frames (2 detections)
2026-03-16 20:27:09,253 INFO vex_extract.cursor:   Cursor: 3/17 frames (3 detections)
2026-03-16 20:27:09,257 INFO vex_extract.cursor:   Cursor: 4/17 frames (4 detections)
2026-03-16 20:27:09,260 INFO vex_extract.cursor:   Cursor: 5/17 frames (5 detections)
2026-03-16 20:27:09,264 INFO vex_extract.cursor:   Cursor: 6/17 frames (6 detections)
2026-03-16 20:27:09,267 INFO vex_extract.cursor:   Cursor: 7/17 frames (7 detections)
2026-03-16 20:27:09,270 INFO vex_extract.cursor:   Cursor: 8/17 frames (8 detections)
2026-03-16 20:27:09,274 INFO vex_extract.cursor:   Cursor: 9/17 frames (9 detections)
2026-03-16 20:27:09,277 INFO vex_extract.cursor:   Cursor: 10/17 frames (10 detections)
2026-03-16 20:27:09,281 INFO vex_extract.cursor:   Cursor: 11/17 frames (11 detections)
2026-03-16 20:27:09,284 INFO vex_extract.cursor:   Cursor: 12/17 frames (12 detections)
2026-03-16 20:27:09,287 INFO vex_extract.cursor:   Cursor: 13/17 frames (13 detections)
2026-03-16 20:27:09,291 INFO vex_extract.cursor:   Cursor: 14/17 frames (14 detections)
2026-03-16 20:27:09,294 INFO vex_extract.cursor:   Cursor: 15/17 frames (15 detections)
2026-03-16 20:27:09,298 INFO vex_extract.cursor:   Cursor: 16/17 frames (16 detections)
2026-03-16 20:27:10,304 INFO vex_extract.cursor:   Cursor: pass 2 — 14 frames at 4.0 FPS [185000ms-188500ms]
2026-03-16 20:27:10,324 INFO vex_extract.cursor:   Cursor: 1/14 frames (1 detections)
2026-03-16 20:27:10,328 INFO vex_extract.cursor:   Cursor: 2/14 frames (2 detections)
2026-03-16 20:27:10,331 INFO vex_extract.cursor:   Cursor: 3/14 frames (3 detections)
2026-03-16 20:27:10,335 INFO vex_extract.cursor:   Cursor: 4/14 frames (4 detections)
2026-03-16 20:27:10,338 INFO vex_extract.cursor:   Cursor: 5/14 frames (5 detections)
2026-03-16 20:27:10,342 INFO vex_extract.cursor:   Cursor: 6/14 frames (6 detections)
2026-03-16 20:27:10,345 INFO vex_extract.cursor:   Cursor: 7/14 frames (7 detections)
2026-03-16 20:27:10,348 INFO vex_extract.cursor:   Cursor: 8/14 frames (8 detections)
2026-03-16 20:27:10,352 INFO vex_extract.cursor:   Cursor: 9/14 frames (9 detections)
2026-03-16 20:27:10,355 INFO vex_extract.cursor:   Cursor: 10/14 frames (10 detections)
2026-03-16 20:27:10,358 INFO vex_extract.cursor:   Cursor: 11/14 frames (11 detections)
2026-03-16 20:27:10,362 INFO vex_extract.cursor:   Cursor: 12/14 frames (12 detections)
2026-03-16 20:27:10,365 INFO vex_extract.cursor:   Cursor: 13/14 frames (13 detections)
2026-03-16 20:27:11,501 INFO vex_extract.cursor:   Cursor: pass 2 — 29 frames at 4.0 FPS [189000ms-196500ms]
2026-03-16 20:27:11,525 INFO vex_extract.cursor:   Cursor: 2/29 frames (2 detections)
2026-03-16 20:27:11,532 INFO vex_extract.cursor:   Cursor: 4/29 frames (4 detections)
2026-03-16 20:27:11,538 INFO vex_extract.cursor:   Cursor: 6/29 frames (6 detections)
2026-03-16 20:27:11,545 INFO vex_extract.cursor:   Cursor: 8/29 frames (8 detections)
2026-03-16 20:27:11,552 INFO vex_extract.cursor:   Cursor: 10/29 frames (10 detections)
2026-03-16 20:27:11,558 INFO vex_extract.cursor:   Cursor: 12/29 frames (12 detections)
2026-03-16 20:27:11,565 INFO vex_extract.cursor:   Cursor: 14/29 frames (14 detections)
2026-03-16 20:27:11,572 INFO vex_extract.cursor:   Cursor: 16/29 frames (16 detections)
2026-03-16 20:27:11,578 INFO vex_extract.cursor:   Cursor: 18/29 frames (18 detections)
2026-03-16 20:27:11,585 INFO vex_extract.cursor:   Cursor: 20/29 frames (20 detections)
2026-03-16 20:27:11,592 INFO vex_extract.cursor:   Cursor: 22/29 frames (22 detections)
2026-03-16 20:27:11,598 INFO vex_extract.cursor:   Cursor: 24/29 frames (24 detections)
2026-03-16 20:27:11,605 INFO vex_extract.cursor:   Cursor: 26/29 frames (26 detections)
2026-03-16 20:27:11,612 INFO vex_extract.cursor:   Cursor: 28/29 frames (28 detections)
2026-03-16 20:27:12,650 INFO vex_extract.cursor:   Cursor: pass 2 — 10 frames at 4.0 FPS [199000ms-201500ms]
2026-03-16 20:27:12,670 INFO vex_extract.cursor:   Cursor: 1/10 frames (1 detections)
2026-03-16 20:27:12,674 INFO vex_extract.cursor:   Cursor: 2/10 frames (2 detections)
2026-03-16 20:27:12,677 INFO vex_extract.cursor:   Cursor: 3/10 frames (3 detections)
2026-03-16 20:27:12,681 INFO vex_extract.cursor:   Cursor: 4/10 frames (4 detections)
2026-03-16 20:27:12,684 INFO vex_extract.cursor:   Cursor: 5/10 frames (5 detections)
2026-03-16 20:27:12,687 INFO vex_extract.cursor:   Cursor: 6/10 frames (6 detections)
2026-03-16 20:27:12,691 INFO vex_extract.cursor:   Cursor: 7/10 frames (7 detections)
2026-03-16 20:27:12,694 INFO vex_extract.cursor:   Cursor: 8/10 frames (8 detections)
2026-03-16 20:27:12,698 INFO vex_extract.cursor:   Cursor: 9/10 frames (9 detections)
2026-03-16 20:27:13,754 INFO vex_extract.cursor:   Cursor: pass 2 — 10 frames at 4.0 FPS [203500ms-206000ms]
2026-03-16 20:27:13,774 INFO vex_extract.cursor:   Cursor: 1/10 frames (1 detections)
2026-03-16 20:27:13,778 INFO vex_extract.cursor:   Cursor: 2/10 frames (2 detections)
2026-03-16 20:27:13,781 INFO vex_extract.cursor:   Cursor: 3/10 frames (3 detections)
2026-03-16 20:27:13,785 INFO vex_extract.cursor:   Cursor: 4/10 frames (4 detections)
2026-03-16 20:27:13,788 INFO vex_extract.cursor:   Cursor: 5/10 frames (5 detections)
2026-03-16 20:27:13,792 INFO vex_extract.cursor:   Cursor: 6/10 frames (6 detections)
2026-03-16 20:27:13,795 INFO vex_extract.cursor:   Cursor: 7/10 frames (7 detections)
2026-03-16 20:27:13,798 INFO vex_extract.cursor:   Cursor: 8/10 frames (8 detections)
2026-03-16 20:27:13,802 INFO vex_extract.cursor:   Cursor: 9/10 frames (9 detections)
2026-03-16 20:27:14,918 INFO vex_extract.cursor:   Cursor: pass 2 — 16 frames at 4.0 FPS [206500ms-210500ms]
2026-03-16 20:27:14,938 INFO vex_extract.cursor:   Cursor: 1/16 frames (1 detections)
2026-03-16 20:27:14,942 INFO vex_extract.cursor:   Cursor: 2/16 frames (2 detections)
2026-03-16 20:27:14,945 INFO vex_extract.cursor:   Cursor: 3/16 frames (3 detections)
2026-03-16 20:27:14,948 INFO vex_extract.cursor:   Cursor: 4/16 frames (4 detections)
2026-03-16 20:27:14,952 INFO vex_extract.cursor:   Cursor: 5/16 frames (5 detections)
2026-03-16 20:27:14,955 INFO vex_extract.cursor:   Cursor: 6/16 frames (6 detections)
2026-03-16 20:27:14,958 INFO vex_extract.cursor:   Cursor: 7/16 frames (7 detections)
2026-03-16 20:27:14,962 INFO vex_extract.cursor:   Cursor: 8/16 frames (8 detections)
2026-03-16 20:27:14,965 INFO vex_extract.cursor:   Cursor: 9/16 frames (9 detections)
2026-03-16 20:27:14,968 INFO vex_extract.cursor:   Cursor: 10/16 frames (10 detections)
2026-03-16 20:27:14,972 INFO vex_extract.cursor:   Cursor: 11/16 frames (11 detections)
2026-03-16 20:27:14,975 INFO vex_extract.cursor:   Cursor: 12/16 frames (12 detections)
2026-03-16 20:27:14,978 INFO vex_extract.cursor:   Cursor: 13/16 frames (13 detections)
2026-03-16 20:27:14,982 INFO vex_extract.cursor:   Cursor: 14/16 frames (14 detections)
2026-03-16 20:27:14,985 INFO vex_extract.cursor:   Cursor: 15/16 frames (15 detections)
2026-03-16 20:27:16,134 INFO vex_extract.cursor:   Cursor: pass 2 — 14 frames at 4.0 FPS [212000ms-215500ms]
2026-03-16 20:27:16,154 INFO vex_extract.cursor:   Cursor: 1/14 frames (1 detections)
2026-03-16 20:27:16,157 INFO vex_extract.cursor:   Cursor: 2/14 frames (2 detections)
2026-03-16 20:27:16,161 INFO vex_extract.cursor:   Cursor: 3/14 frames (3 detections)
2026-03-16 20:27:16,164 INFO vex_extract.cursor:   Cursor: 4/14 frames (4 detections)
2026-03-16 20:27:16,168 INFO vex_extract.cursor:   Cursor: 5/14 frames (5 detections)
2026-03-16 20:27:16,171 INFO vex_extract.cursor:   Cursor: 6/14 frames (6 detections)
2026-03-16 20:27:16,174 INFO vex_extract.cursor:   Cursor: 7/14 frames (7 detections)
2026-03-16 20:27:16,178 INFO vex_extract.cursor:   Cursor: 8/14 frames (8 detections)
2026-03-16 20:27:16,181 INFO vex_extract.cursor:   Cursor: 9/14 frames (9 detections)
2026-03-16 20:27:16,185 INFO vex_extract.cursor:   Cursor: 10/14 frames (10 detections)
2026-03-16 20:27:16,188 INFO vex_extract.cursor:   Cursor: 11/14 frames (11 detections)
2026-03-16 20:27:16,191 INFO vex_extract.cursor:   Cursor: 12/14 frames (12 detections)
2026-03-16 20:27:16,195 INFO vex_extract.cursor:   Cursor: 13/14 frames (13 detections)
2026-03-16 20:27:17,389 INFO vex_extract.cursor:   Cursor: pass 2 — 16 frames at 4.0 FPS [217000ms-221000ms]
2026-03-16 20:27:17,409 INFO vex_extract.cursor:   Cursor: 1/16 frames (1 detections)
2026-03-16 20:27:17,412 INFO vex_extract.cursor:   Cursor: 2/16 frames (2 detections)
2026-03-16 20:27:17,416 INFO vex_extract.cursor:   Cursor: 3/16 frames (3 detections)
2026-03-16 20:27:17,419 INFO vex_extract.cursor:   Cursor: 4/16 frames (4 detections)
2026-03-16 20:27:17,423 INFO vex_extract.cursor:   Cursor: 5/16 frames (5 detections)
2026-03-16 20:27:17,426 INFO vex_extract.cursor:   Cursor: 6/16 frames (6 detections)
2026-03-16 20:27:17,429 INFO vex_extract.cursor:   Cursor: 7/16 frames (7 detections)
2026-03-16 20:27:17,433 INFO vex_extract.cursor:   Cursor: 8/16 frames (8 detections)
2026-03-16 20:27:17,436 INFO vex_extract.cursor:   Cursor: 9/16 frames (9 detections)
2026-03-16 20:27:17,439 INFO vex_extract.cursor:   Cursor: 10/16 frames (10 detections)
2026-03-16 20:27:17,443 INFO vex_extract.cursor:   Cursor: 11/16 frames (11 detections)
2026-03-16 20:27:17,446 INFO vex_extract.cursor:   Cursor: 12/16 frames (12 detections)
2026-03-16 20:27:17,450 INFO vex_extract.cursor:   Cursor: 13/16 frames (13 detections)
2026-03-16 20:27:17,453 INFO vex_extract.cursor:   Cursor: 14/16 frames (14 detections)
2026-03-16 20:27:17,456 INFO vex_extract.cursor:   Cursor: 15/16 frames (15 detections)
2026-03-16 20:27:18,646 INFO vex_extract.cursor:   Cursor: pass 2 — 10 frames at 4.0 FPS [224500ms-227000ms]
2026-03-16 20:27:18,666 INFO vex_extract.cursor:   Cursor: 1/10 frames (1 detections)
2026-03-16 20:27:18,670 INFO vex_extract.cursor:   Cursor: 2/10 frames (2 detections)
2026-03-16 20:27:18,673 INFO vex_extract.cursor:   Cursor: 3/10 frames (3 detections)
2026-03-16 20:27:18,677 INFO vex_extract.cursor:   Cursor: 4/10 frames (4 detections)
2026-03-16 20:27:18,680 INFO vex_extract.cursor:   Cursor: 5/10 frames (5 detections)
2026-03-16 20:27:18,683 INFO vex_extract.cursor:   Cursor: 6/10 frames (6 detections)
2026-03-16 20:27:18,687 INFO vex_extract.cursor:   Cursor: 7/10 frames (7 detections)
2026-03-16 20:27:18,690 INFO vex_extract.cursor:   Cursor: 8/10 frames (8 detections)
2026-03-16 20:27:18,693 INFO vex_extract.cursor:   Cursor: 9/10 frames (9 detections)
2026-03-16 20:27:19,997 INFO vex_extract.cursor:   Cursor: pass 2 — 23 frames at 4.0 FPS [229000ms-235000ms]
2026-03-16 20:27:20,021 INFO vex_extract.cursor:   Cursor: 2/23 frames (2 detections)
2026-03-16 20:27:20,027 INFO vex_extract.cursor:   Cursor: 4/23 frames (4 detections)
2026-03-16 20:27:20,034 INFO vex_extract.cursor:   Cursor: 6/23 frames (6 detections)
2026-03-16 20:27:20,041 INFO vex_extract.cursor:   Cursor: 8/23 frames (8 detections)
2026-03-16 20:27:20,048 INFO vex_extract.cursor:   Cursor: 10/23 frames (10 detections)
2026-03-16 20:27:20,055 INFO vex_extract.cursor:   Cursor: 12/23 frames (12 detections)
2026-03-16 20:27:20,062 INFO vex_extract.cursor:   Cursor: 14/23 frames (14 detections)
2026-03-16 20:27:20,068 INFO vex_extract.cursor:   Cursor: 16/23 frames (16 detections)
2026-03-16 20:27:20,075 INFO vex_extract.cursor:   Cursor: 18/23 frames (18 detections)
2026-03-16 20:27:20,082 INFO vex_extract.cursor:   Cursor: 20/23 frames (20 detections)
2026-03-16 20:27:20,089 INFO vex_extract.cursor:   Cursor: 22/23 frames (22 detections)
2026-03-16 20:27:20,092 INFO vex_extract.cursor:   Cursor: merged 744 detections (743 detected)
2026-03-16 20:27:20,093 INFO vex_extract.cursor:   Cursor: filtering 10 static detections at (894.0, 1397.0) spanning 3400ms
2026-03-16 20:27:20,093 INFO vex_extract.cursor:   Cursor: filtering 8 static detections at (883.0, 1609.0) spanning 3433ms
2026-03-16 20:27:20,093 INFO vex_extract.cursor:   Cursor: filtering 14 static detections at (733.0, 1507.0) spanning 5800ms
2026-03-16 20:27:20,093 INFO vex_extract.cursor:   Cursor: filtering 9 static detections at (733.0, 1507.0) spanning 3200ms
2026-03-16 20:27:20,093 INFO vex_extract.cursor:   Cursor: filtering 15 static detections at (620.0, 1754.0) spanning 6433ms
2026-03-16 20:27:20,093 INFO vex_extract.cursor:   Cursor: filtering 12 static detections at (957.0, 1287.0) spanning 4533ms
2026-03-16 20:27:20,093 INFO vex_extract.cursor:   Cursor: filtering 15 static detections at (404.0, 486.0) spanning 6633ms
2026-03-16 20:27:20,093 INFO vex_extract.cursor:   Cursor: filtering 29 static detections at (789.0, 1642.0) spanning 7467ms
2026-03-16 20:27:20,093 INFO vex_extract.cursor:   Cursor: filtering 17 static detections at (319.0, 53.0) spanning 4267ms
2026-03-16 20:27:20,093 INFO vex_extract.cursor:   Cursor: filtering 15 static detections at (319.0, 53.0) spanning 3733ms
2026-03-16 20:27:20,093 INFO vex_extract.cursor:   Cursor: filtering 13 static detections at (733.0, 1507.0) spanning 4833ms
2026-03-16 20:27:20,093 INFO vex_extract.cursor:   Cursor: filtering 12 static detections at (498.0, 588.0) spanning 5167ms
2026-03-16 20:27:20,095 INFO vex_extract.pipeline:   Cached cursor trajectory: /Users/nic/Developer/spike-air-315-vision-processing/candidates/2026-03-14/tmp/cv/cfs_home_loan_serene_f0ebba1b_cursor/cursor_trajectory.json
2026-03-16 20:27:20,095 INFO vex_extract.pipeline:   744 cursor detections (574 detected) in 36.0s
2026-03-16 20:27:20,096 INFO vex_extract.pipeline: Step 3: Computing optical flow...
2026-03-16 20:27:21,453 INFO vex_extract.flow:   Flow: computing across 479 frame pairs...
2026-03-16 20:27:22,180 INFO vex_extract.pipeline:   Cached flow windows: /Users/nic/Developer/spike-air-315-vision-processing/candidates/2026-03-14/tmp/cv/cfs_home_loan_serene_bb5a87ef_f0ebba1b_flow/flow_windows.json
2026-03-16 20:27:22,180 INFO vex_extract.pipeline:   478 flow windows in 2.1s
2026-03-16 20:27:22,181 INFO vex_extract.pipeline: Step 4: Creating video segments...
2026-03-16 20:27:22,181 INFO vex_extract.pipeline:   4 segments
2026-03-16 20:27:22,181 INFO vex_extract.pipeline:   Segment 0: cached
2026-03-16 20:27:22,181 INFO vex_extract.pipeline:   Segment 1: cached
2026-03-16 20:27:22,181 INFO vex_extract.pipeline:   Segment 2: cached
2026-03-16 20:27:22,181 INFO vex_extract.pipeline:   Segment 3: cached
2026-03-16 20:27:22,181 INFO vex_extract.pipeline: Step 5: Preparing prompts...
2026-03-16 20:27:22,182 INFO vex_extract.analysis: Segment 0: prompt prepared (11755 chars)
2026-03-16 20:27:22,182 INFO vex_extract.analysis: Segment 1: prompt prepared (11033 chars)
2026-03-16 20:27:22,183 INFO vex_extract.analysis: Segment 2: prompt prepared (11540 chars)
2026-03-16 20:27:22,183 INFO vex_extract.analysis: Segment 3: prompt prepared (11148 chars)
2026-03-16 20:27:22,183 INFO vex_extract.pipeline:   4 prompts prepared
2026-03-16 20:27:22,183 INFO vex_extract.pipeline: Stopped after: prompt
