2026-03-16 20:48:16,942 INFO vex_extract.pipeline: === Video Event Extractor ===
2026-03-16 20:48:16,942 INFO vex_extract.pipeline: Video: /Users/nic/Developer/spike-air-315-vision-processing/input_data/screen_tracks/travel_expert_lisa.webm
2026-03-16 20:48:16,942 INFO vex_extract.pipeline: Offset: 29690 ms
2026-03-16 20:48:16,942 INFO vex_extract.pipeline: Run ID: 2026-03-16_104816
2026-03-16 20:48:16,942 INFO vex_extract.pipeline: Stop after: prompt
2026-03-16 20:48:16,942 INFO vex_extract.pipeline: Step 1: Normalizing video...
2026-03-16 20:48:16,942 INFO vex_extract.pipeline:   Using cached normalized video: /Users/nic/Developer/spike-air-315-vision-processing/candidates/2026-03-14/tmp/travel_expert_lisa_normalized.mp4
2026-03-16 20:48:16,971 INFO vex_extract.pipeline:   Duration: 656.3s, 1790x1158, 29.4 fps
2026-03-16 20:48:16,971 INFO vex_extract.pipeline: Step 2: Tracking cursor...
2026-03-16 20:48:22,033 INFO vex_extract.cursor:   Cursor: pass 1 — matching 1429 frames at 3.0 FPS against 6 templates x 7 scales at 540p...
2026-03-16 20:48:24,121 INFO vex_extract.cursor:   Cursor: 142/1429 frames (142 detections)
2026-03-16 20:48:25,948 INFO vex_extract.cursor:   Cursor: 284/1429 frames (284 detections)
2026-03-16 20:48:27,761 INFO vex_extract.cursor:   Cursor: 426/1429 frames (426 detections)
2026-03-16 20:48:29,580 INFO vex_extract.cursor:   Cursor: 568/1429 frames (568 detections)
2026-03-16 20:48:31,454 INFO vex_extract.cursor:   Cursor: 710/1429 frames (710 detections)
2026-03-16 20:48:33,311 INFO vex_extract.cursor:   Cursor: 852/1429 frames (852 detections)
2026-03-16 20:48:35,133 INFO vex_extract.cursor:   Cursor: 994/1429 frames (994 detections)
2026-03-16 20:48:36,984 INFO vex_extract.cursor:   Cursor: 1136/1429 frames (1136 detections)
2026-03-16 20:48:38,800 INFO vex_extract.cursor:   Cursor: 1278/1429 frames (1278 detections)
2026-03-16 20:48:40,883 INFO vex_extract.cursor:   Cursor: 1420/1429 frames (1420 detections)
2026-03-16 20:48:41,010 INFO vex_extract.cursor:   Cursor: calibrated to scales (0.3, 0.4) from coarse pass
2026-03-16 20:48:41,011 INFO vex_extract.cursor:   Cursor: 90 active regions identified
2026-03-16 20:48:41,071 INFO vex_extract.cursor:   Cursor: pass 2 — 15 frames at 5.0 FPS [0ms-2948ms]
2026-03-16 20:48:41,146 INFO vex_extract.cursor:   Cursor: 1/15 frames (1 detections)
2026-03-16 20:48:41,159 INFO vex_extract.cursor:   Cursor: 2/15 frames (2 detections)
2026-03-16 20:48:41,172 INFO vex_extract.cursor:   Cursor: 3/15 frames (3 detections)
2026-03-16 20:48:41,184 INFO vex_extract.cursor:   Cursor: 4/15 frames (4 detections)
2026-03-16 20:48:41,197 INFO vex_extract.cursor:   Cursor: 5/15 frames (5 detections)
2026-03-16 20:48:41,210 INFO vex_extract.cursor:   Cursor: 6/15 frames (6 detections)
2026-03-16 20:48:41,222 INFO vex_extract.cursor:   Cursor: 7/15 frames (7 detections)
2026-03-16 20:48:41,235 INFO vex_extract.cursor:   Cursor: 8/15 frames (8 detections)
2026-03-16 20:48:41,248 INFO vex_extract.cursor:   Cursor: 9/15 frames (9 detections)
2026-03-16 20:48:41,260 INFO vex_extract.cursor:   Cursor: 10/15 frames (10 detections)
2026-03-16 20:48:41,273 INFO vex_extract.cursor:   Cursor: 11/15 frames (11 detections)
2026-03-16 20:48:41,285 INFO vex_extract.cursor:   Cursor: 12/15 frames (12 detections)
2026-03-16 20:48:41,298 INFO vex_extract.cursor:   Cursor: 13/15 frames (13 detections)
2026-03-16 20:48:41,311 INFO vex_extract.cursor:   Cursor: 14/15 frames (14 detections)
2026-03-16 20:48:41,451 INFO vex_extract.cursor:   Cursor: pass 2 — 7 frames at 5.0 FPS [39375ms-40749ms]
2026-03-16 20:48:41,528 INFO vex_extract.cursor:   Cursor: 1/7 frames (1 detections)
2026-03-16 20:48:41,540 INFO vex_extract.cursor:   Cursor: 2/7 frames (2 detections)
2026-03-16 20:48:41,554 INFO vex_extract.cursor:   Cursor: 3/7 frames (3 detections)
2026-03-16 20:48:41,566 INFO vex_extract.cursor:   Cursor: 4/7 frames (4 detections)
2026-03-16 20:48:41,579 INFO vex_extract.cursor:   Cursor: 5/7 frames (5 detections)
2026-03-16 20:48:41,592 INFO vex_extract.cursor:   Cursor: 6/7 frames (6 detections)
2026-03-16 20:48:41,730 INFO vex_extract.cursor:   Cursor: pass 2 — 5 frames at 5.0 FPS [42843ms-44217ms]
2026-03-16 20:48:41,807 INFO vex_extract.cursor:   Cursor: 1/5 frames (1 detections)
2026-03-16 20:48:41,819 INFO vex_extract.cursor:   Cursor: 2/5 frames (2 detections)
2026-03-16 20:48:41,832 INFO vex_extract.cursor:   Cursor: 3/5 frames (3 detections)
2026-03-16 20:48:41,844 INFO vex_extract.cursor:   Cursor: 4/5 frames (4 detections)
2026-03-16 20:48:41,988 INFO vex_extract.cursor:   Cursor: pass 2 — 5 frames at 5.0 FPS [44441ms-45814ms]
2026-03-16 20:48:42,065 INFO vex_extract.cursor:   Cursor: 1/5 frames (1 detections)
2026-03-16 20:48:42,078 INFO vex_extract.cursor:   Cursor: 2/5 frames (2 detections)
2026-03-16 20:48:42,091 INFO vex_extract.cursor:   Cursor: 3/5 frames (3 detections)
2026-03-16 20:48:42,103 INFO vex_extract.cursor:   Cursor: 4/5 frames (4 detections)
2026-03-16 20:48:42,283 INFO vex_extract.cursor:   Cursor: pass 2 — 15 frames at 5.0 FPS [47908ms-51016ms]
2026-03-16 20:48:42,359 INFO vex_extract.cursor:   Cursor: 1/15 frames (1 detections)
2026-03-16 20:48:42,372 INFO vex_extract.cursor:   Cursor: 2/15 frames (2 detections)
2026-03-16 20:48:42,385 INFO vex_extract.cursor:   Cursor: 3/15 frames (3 detections)
2026-03-16 20:48:42,398 INFO vex_extract.cursor:   Cursor: 4/15 frames (4 detections)
2026-03-16 20:48:42,411 INFO vex_extract.cursor:   Cursor: 5/15 frames (5 detections)
2026-03-16 20:48:42,424 INFO vex_extract.cursor:   Cursor: 6/15 frames (6 detections)
2026-03-16 20:48:42,436 INFO vex_extract.cursor:   Cursor: 7/15 frames (7 detections)
2026-03-16 20:48:42,449 INFO vex_extract.cursor:   Cursor: 8/15 frames (8 detections)
2026-03-16 20:48:42,461 INFO vex_extract.cursor:   Cursor: 9/15 frames (9 detections)
2026-03-16 20:48:42,474 INFO vex_extract.cursor:   Cursor: 10/15 frames (10 detections)
2026-03-16 20:48:42,487 INFO vex_extract.cursor:   Cursor: 11/15 frames (11 detections)
2026-03-16 20:48:42,499 INFO vex_extract.cursor:   Cursor: 12/15 frames (12 detections)
2026-03-16 20:48:42,512 INFO vex_extract.cursor:   Cursor: 13/15 frames (13 detections)
2026-03-16 20:48:42,524 INFO vex_extract.cursor:   Cursor: 14/15 frames (14 detections)
2026-03-16 20:48:42,694 INFO vex_extract.cursor:   Cursor: pass 2 — 8 frames at 5.0 FPS [59772ms-62948ms]
2026-03-16 20:48:42,770 INFO vex_extract.cursor:   Cursor: 1/8 frames (1 detections)
2026-03-16 20:48:42,783 INFO vex_extract.cursor:   Cursor: 2/8 frames (2 detections)
2026-03-16 20:48:42,796 INFO vex_extract.cursor:   Cursor: 3/8 frames (3 detections)
2026-03-16 20:48:42,808 INFO vex_extract.cursor:   Cursor: 4/8 frames (4 detections)
2026-03-16 20:48:42,821 INFO vex_extract.cursor:   Cursor: 5/8 frames (5 detections)
2026-03-16 20:48:42,833 INFO vex_extract.cursor:   Cursor: 6/8 frames (6 detections)
2026-03-16 20:48:42,846 INFO vex_extract.cursor:   Cursor: 7/8 frames (7 detections)
2026-03-16 20:48:43,036 INFO vex_extract.cursor:   Cursor: pass 2 — 13 frames at 5.0 FPS [63171ms-65905ms]
2026-03-16 20:48:43,112 INFO vex_extract.cursor:   Cursor: 1/13 frames (1 detections)
2026-03-16 20:48:43,125 INFO vex_extract.cursor:   Cursor: 2/13 frames (2 detections)
2026-03-16 20:48:43,137 INFO vex_extract.cursor:   Cursor: 3/13 frames (3 detections)
2026-03-16 20:48:43,150 INFO vex_extract.cursor:   Cursor: 4/13 frames (4 detections)
2026-03-16 20:48:43,163 INFO vex_extract.cursor:   Cursor: 5/13 frames (5 detections)
2026-03-16 20:48:43,176 INFO vex_extract.cursor:   Cursor: 6/13 frames (6 detections)
2026-03-16 20:48:43,188 INFO vex_extract.cursor:   Cursor: 7/13 frames (7 detections)
2026-03-16 20:48:43,201 INFO vex_extract.cursor:   Cursor: 8/13 frames (8 detections)
2026-03-16 20:48:43,214 INFO vex_extract.cursor:   Cursor: 9/13 frames (9 detections)
2026-03-16 20:48:43,226 INFO vex_extract.cursor:   Cursor: 10/13 frames (10 detections)
2026-03-16 20:48:43,239 INFO vex_extract.cursor:   Cursor: 11/13 frames (11 detections)
2026-03-16 20:48:43,252 INFO vex_extract.cursor:   Cursor: 12/13 frames (12 detections)
2026-03-16 20:48:43,423 INFO vex_extract.cursor:   Cursor: pass 2 — 4 frames at 5.0 FPS [69426ms-70800ms]
2026-03-16 20:48:43,499 INFO vex_extract.cursor:   Cursor: 1/4 frames (1 detections)
2026-03-16 20:48:43,511 INFO vex_extract.cursor:   Cursor: 2/4 frames (2 detections)
2026-03-16 20:48:43,524 INFO vex_extract.cursor:   Cursor: 3/4 frames (3 detections)
2026-03-16 20:48:43,709 INFO vex_extract.cursor:   Cursor: pass 2 — 7 frames at 5.0 FPS [71840ms-73180ms]
2026-03-16 20:48:43,785 INFO vex_extract.cursor:   Cursor: 1/7 frames (1 detections)
2026-03-16 20:48:43,798 INFO vex_extract.cursor:   Cursor: 2/7 frames (2 detections)
2026-03-16 20:48:43,811 INFO vex_extract.cursor:   Cursor: 3/7 frames (3 detections)
2026-03-16 20:48:43,824 INFO vex_extract.cursor:   Cursor: 4/7 frames (4 detections)
2026-03-16 20:48:43,836 INFO vex_extract.cursor:   Cursor: 5/7 frames (5 detections)
2026-03-16 20:48:43,849 INFO vex_extract.cursor:   Cursor: 6/7 frames (6 detections)
2026-03-16 20:48:44,042 INFO vex_extract.cursor:   Cursor: pass 2 — 8 frames at 5.0 FPS [73574ms-75254ms]
2026-03-16 20:48:44,119 INFO vex_extract.cursor:   Cursor: 1/8 frames (1 detections)
2026-03-16 20:48:44,132 INFO vex_extract.cursor:   Cursor: 2/8 frames (2 detections)
2026-03-16 20:48:44,144 INFO vex_extract.cursor:   Cursor: 3/8 frames (3 detections)
2026-03-16 20:48:44,157 INFO vex_extract.cursor:   Cursor: 4/8 frames (4 detections)
2026-03-16 20:48:44,169 INFO vex_extract.cursor:   Cursor: 5/8 frames (5 detections)
2026-03-16 20:48:44,181 INFO vex_extract.cursor:   Cursor: 6/8 frames (6 detections)
2026-03-16 20:48:44,194 INFO vex_extract.cursor:   Cursor: 7/8 frames (7 detections)
2026-03-16 20:48:44,413 INFO vex_extract.cursor:   Cursor: pass 2 — 10 frames at 5.0 FPS [77823ms-79843ms]
2026-03-16 20:48:44,489 INFO vex_extract.cursor:   Cursor: 1/10 frames (1 detections)
2026-03-16 20:48:44,502 INFO vex_extract.cursor:   Cursor: 2/10 frames (2 detections)
2026-03-16 20:48:44,515 INFO vex_extract.cursor:   Cursor: 3/10 frames (3 detections)
2026-03-16 20:48:44,527 INFO vex_extract.cursor:   Cursor: 4/10 frames (4 detections)
2026-03-16 20:48:44,540 INFO vex_extract.cursor:   Cursor: 5/10 frames (5 detections)
2026-03-16 20:48:44,553 INFO vex_extract.cursor:   Cursor: 6/10 frames (6 detections)
2026-03-16 20:48:44,565 INFO vex_extract.cursor:   Cursor: 7/10 frames (7 detections)
2026-03-16 20:48:44,578 INFO vex_extract.cursor:   Cursor: 8/10 frames (8 detections)
2026-03-16 20:48:44,591 INFO vex_extract.cursor:   Cursor: 9/10 frames (9 detections)
2026-03-16 20:48:44,838 INFO vex_extract.cursor:   Cursor: pass 2 — 15 frames at 5.0 FPS [80950ms-84024ms]
2026-03-16 20:48:44,915 INFO vex_extract.cursor:   Cursor: 1/15 frames (1 detections)
2026-03-16 20:48:44,928 INFO vex_extract.cursor:   Cursor: 2/15 frames (2 detections)
2026-03-16 20:48:44,941 INFO vex_extract.cursor:   Cursor: 3/15 frames (3 detections)
2026-03-16 20:48:44,953 INFO vex_extract.cursor:   Cursor: 4/15 frames (4 detections)
2026-03-16 20:48:44,966 INFO vex_extract.cursor:   Cursor: 5/15 frames (5 detections)
2026-03-16 20:48:44,979 INFO vex_extract.cursor:   Cursor: 6/15 frames (6 detections)
2026-03-16 20:48:44,992 INFO vex_extract.cursor:   Cursor: 7/15 frames (7 detections)
2026-03-16 20:48:45,005 INFO vex_extract.cursor:   Cursor: 8/15 frames (8 detections)
2026-03-16 20:48:45,017 INFO vex_extract.cursor:   Cursor: 9/15 frames (9 detections)
2026-03-16 20:48:45,030 INFO vex_extract.cursor:   Cursor: 10/15 frames (10 detections)
2026-03-16 20:48:45,042 INFO vex_extract.cursor:   Cursor: 11/15 frames (11 detections)
2026-03-16 20:48:45,054 INFO vex_extract.cursor:   Cursor: 12/15 frames (12 detections)
2026-03-16 20:48:45,067 INFO vex_extract.cursor:   Cursor: 13/15 frames (13 detections)
2026-03-16 20:48:45,079 INFO vex_extract.cursor:   Cursor: 14/15 frames (14 detections)
2026-03-16 20:48:45,320 INFO vex_extract.cursor:   Cursor: pass 2 — 8 frames at 5.0 FPS [84826ms-86506ms]
2026-03-16 20:48:45,397 INFO vex_extract.cursor:   Cursor: 1/8 frames (1 detections)
2026-03-16 20:48:45,410 INFO vex_extract.cursor:   Cursor: 2/8 frames (2 detections)
2026-03-16 20:48:45,423 INFO vex_extract.cursor:   Cursor: 3/8 frames (3 detections)
2026-03-16 20:48:45,436 INFO vex_extract.cursor:   Cursor: 4/8 frames (4 detections)
2026-03-16 20:48:45,448 INFO vex_extract.cursor:   Cursor: 5/8 frames (5 detections)
2026-03-16 20:48:45,461 INFO vex_extract.cursor:   Cursor: 6/8 frames (6 detections)
2026-03-16 20:48:45,473 INFO vex_extract.cursor:   Cursor: 7/8 frames (7 detections)
2026-03-16 20:48:45,743 INFO vex_extract.cursor:   Cursor: pass 2 — 8 frames at 5.0 FPS [89347ms-91027ms]
2026-03-16 20:48:45,819 INFO vex_extract.cursor:   Cursor: 1/8 frames (1 detections)
2026-03-16 20:48:45,832 INFO vex_extract.cursor:   Cursor: 2/8 frames (2 detections)
2026-03-16 20:48:45,845 INFO vex_extract.cursor:   Cursor: 3/8 frames (3 detections)
2026-03-16 20:48:45,858 INFO vex_extract.cursor:   Cursor: 4/8 frames (4 detections)
2026-03-16 20:48:45,870 INFO vex_extract.cursor:   Cursor: 5/8 frames (5 detections)
2026-03-16 20:48:45,883 INFO vex_extract.cursor:   Cursor: 6/8 frames (6 detections)
2026-03-16 20:48:45,896 INFO vex_extract.cursor:   Cursor: 7/8 frames (7 detections)
2026-03-16 20:48:46,194 INFO vex_extract.cursor:   Cursor: pass 2 — 9 frames at 5.0 FPS [94888ms-96636ms]
2026-03-16 20:48:46,270 INFO vex_extract.cursor:   Cursor: 1/9 frames (1 detections)
2026-03-16 20:48:46,282 INFO vex_extract.cursor:   Cursor: 2/9 frames (2 detections)
2026-03-16 20:48:46,295 INFO vex_extract.cursor:   Cursor: 3/9 frames (3 detections)
2026-03-16 20:48:46,308 INFO vex_extract.cursor:   Cursor: 4/9 frames (4 detections)
2026-03-16 20:48:46,321 INFO vex_extract.cursor:   Cursor: 5/9 frames (5 detections)
2026-03-16 20:48:46,335 INFO vex_extract.cursor:   Cursor: 6/9 frames (6 detections)
2026-03-16 20:48:46,348 INFO vex_extract.cursor:   Cursor: 7/9 frames (7 detections)
2026-03-16 20:48:46,361 INFO vex_extract.cursor:   Cursor: 8/9 frames (8 detections)
2026-03-16 20:48:46,697 INFO vex_extract.cursor:   Cursor: pass 2 — 15 frames at 5.0 FPS [97370ms-100477ms]
2026-03-16 20:48:46,773 INFO vex_extract.cursor:   Cursor: 1/15 frames (1 detections)
2026-03-16 20:48:46,786 INFO vex_extract.cursor:   Cursor: 2/15 frames (2 detections)
2026-03-16 20:48:46,799 INFO vex_extract.cursor:   Cursor: 3/15 frames (3 detections)
2026-03-16 20:48:46,811 INFO vex_extract.cursor:   Cursor: 4/15 frames (4 detections)
2026-03-16 20:48:46,824 INFO vex_extract.cursor:   Cursor: 5/15 frames (5 detections)
2026-03-16 20:48:46,837 INFO vex_extract.cursor:   Cursor: 6/15 frames (6 detections)
2026-03-16 20:48:46,850 INFO vex_extract.cursor:   Cursor: 7/15 frames (7 detections)
2026-03-16 20:48:46,862 INFO vex_extract.cursor:   Cursor: 8/15 frames (8 detections)
2026-03-16 20:48:46,875 INFO vex_extract.cursor:   Cursor: 9/15 frames (9 detections)
2026-03-16 20:48:46,887 INFO vex_extract.cursor:   Cursor: 10/15 frames (10 detections)
2026-03-16 20:48:46,900 INFO vex_extract.cursor:   Cursor: 11/15 frames (11 detections)
2026-03-16 20:48:46,913 INFO vex_extract.cursor:   Cursor: 12/15 frames (12 detections)
2026-03-16 20:48:46,926 INFO vex_extract.cursor:   Cursor: 13/15 frames (13 detections)
2026-03-16 20:48:46,938 INFO vex_extract.cursor:   Cursor: 14/15 frames (14 detections)
2026-03-16 20:48:47,382 INFO vex_extract.cursor:   Cursor: pass 2 — 38 frames at 5.0 FPS [102673ms-110778ms]
2026-03-16 20:48:47,483 INFO vex_extract.cursor:   Cursor: 3/38 frames (3 detections)
2026-03-16 20:48:47,522 INFO vex_extract.cursor:   Cursor: 6/38 frames (6 detections)
2026-03-16 20:48:47,559 INFO vex_extract.cursor:   Cursor: 9/38 frames (9 detections)
2026-03-16 20:48:47,597 INFO vex_extract.cursor:   Cursor: 12/38 frames (12 detections)
2026-03-16 20:48:47,635 INFO vex_extract.cursor:   Cursor: 15/38 frames (15 detections)
2026-03-16 20:48:47,674 INFO vex_extract.cursor:   Cursor: 18/38 frames (18 detections)
2026-03-16 20:48:47,712 INFO vex_extract.cursor:   Cursor: 21/38 frames (21 detections)
2026-03-16 20:48:47,750 INFO vex_extract.cursor:   Cursor: 24/38 frames (24 detections)
2026-03-16 20:48:47,788 INFO vex_extract.cursor:   Cursor: 27/38 frames (27 detections)
2026-03-16 20:48:47,826 INFO vex_extract.cursor:   Cursor: 30/38 frames (30 detections)
2026-03-16 20:48:47,865 INFO vex_extract.cursor:   Cursor: 33/38 frames (33 detections)
2026-03-16 20:48:47,902 INFO vex_extract.cursor:   Cursor: 36/38 frames (36 detections)
2026-03-16 20:48:48,305 INFO vex_extract.cursor:   Cursor: pass 2 — 7 frames at 5.0 FPS [111205ms-112613ms]
2026-03-16 20:48:48,381 INFO vex_extract.cursor:   Cursor: 1/7 frames (1 detections)
2026-03-16 20:48:48,394 INFO vex_extract.cursor:   Cursor: 2/7 frames (2 detections)
2026-03-16 20:48:48,407 INFO vex_extract.cursor:   Cursor: 3/7 frames (3 detections)
2026-03-16 20:48:48,420 INFO vex_extract.cursor:   Cursor: 4/7 frames (4 detections)
2026-03-16 20:48:48,432 INFO vex_extract.cursor:   Cursor: 5/7 frames (5 detections)
2026-03-16 20:48:48,445 INFO vex_extract.cursor:   Cursor: 6/7 frames (6 detections)
2026-03-16 20:48:48,857 INFO vex_extract.cursor:   Cursor: pass 2 — 7 frames at 5.0 FPS [115795ms-117135ms]
2026-03-16 20:48:48,933 INFO vex_extract.cursor:   Cursor: 1/7 frames (1 detections)
2026-03-16 20:48:48,946 INFO vex_extract.cursor:   Cursor: 2/7 frames (2 detections)
2026-03-16 20:48:48,959 INFO vex_extract.cursor:   Cursor: 3/7 frames (3 detections)
2026-03-16 20:48:48,972 INFO vex_extract.cursor:   Cursor: 4/7 frames (4 detections)
2026-03-16 20:48:48,984 INFO vex_extract.cursor:   Cursor: 5/7 frames (5 detections)
2026-03-16 20:48:48,997 INFO vex_extract.cursor:   Cursor: 6/7 frames (6 detections)
2026-03-16 20:48:49,495 INFO vex_extract.cursor:   Cursor: pass 2 — 9 frames at 5.0 FPS [130378ms-132126ms]
2026-03-16 20:48:49,572 INFO vex_extract.cursor:   Cursor: 1/9 frames (1 detections)
2026-03-16 20:48:49,584 INFO vex_extract.cursor:   Cursor: 2/9 frames (2 detections)
2026-03-16 20:48:49,597 INFO vex_extract.cursor:   Cursor: 3/9 frames (3 detections)
2026-03-16 20:48:49,609 INFO vex_extract.cursor:   Cursor: 4/9 frames (4 detections)
2026-03-16 20:48:49,622 INFO vex_extract.cursor:   Cursor: 5/9 frames (5 detections)
2026-03-16 20:48:49,635 INFO vex_extract.cursor:   Cursor: 6/9 frames (6 detections)
2026-03-16 20:48:49,648 INFO vex_extract.cursor:   Cursor: 7/9 frames (7 detections)
2026-03-16 20:48:49,660 INFO vex_extract.cursor:   Cursor: 8/9 frames (8 detections)
2026-03-16 20:48:50,217 INFO vex_extract.cursor:   Cursor: pass 2 — 8 frames at 5.0 FPS [142344ms-144024ms]
2026-03-16 20:48:50,293 INFO vex_extract.cursor:   Cursor: 1/8 frames (1 detections)
2026-03-16 20:48:50,306 INFO vex_extract.cursor:   Cursor: 2/8 frames (2 detections)
2026-03-16 20:48:50,319 INFO vex_extract.cursor:   Cursor: 3/8 frames (3 detections)
2026-03-16 20:48:50,332 INFO vex_extract.cursor:   Cursor: 4/8 frames (4 detections)
2026-03-16 20:48:50,345 INFO vex_extract.cursor:   Cursor: 5/8 frames (5 detections)
2026-03-16 20:48:50,358 INFO vex_extract.cursor:   Cursor: 6/8 frames (6 detections)
2026-03-16 20:48:50,370 INFO vex_extract.cursor:   Cursor: 7/8 frames (7 detections)
2026-03-16 20:48:50,949 INFO vex_extract.cursor:   Cursor: pass 2 — 11 frames at 5.0 FPS [144792ms-147152ms]
2026-03-16 20:48:51,025 INFO vex_extract.cursor:   Cursor: 1/11 frames (1 detections)
2026-03-16 20:48:51,038 INFO vex_extract.cursor:   Cursor: 2/11 frames (2 detections)
2026-03-16 20:48:51,050 INFO vex_extract.cursor:   Cursor: 3/11 frames (3 detections)
2026-03-16 20:48:51,063 INFO vex_extract.cursor:   Cursor: 4/11 frames (4 detections)
2026-03-16 20:48:51,076 INFO vex_extract.cursor:   Cursor: 5/11 frames (5 detections)
2026-03-16 20:48:51,088 INFO vex_extract.cursor:   Cursor: 6/11 frames (6 detections)
2026-03-16 20:48:51,101 INFO vex_extract.cursor:   Cursor: 7/11 frames (7 detections)
2026-03-16 20:48:51,114 INFO vex_extract.cursor:   Cursor: 8/11 frames (8 detections)
2026-03-16 20:48:51,126 INFO vex_extract.cursor:   Cursor: 9/11 frames (9 detections)
2026-03-16 20:48:51,139 INFO vex_extract.cursor:   Cursor: 10/11 frames (10 detections)
2026-03-16 20:48:51,747 INFO vex_extract.cursor:   Cursor: pass 2 — 19 frames at 5.0 FPS [147239ms-151129ms]
2026-03-16 20:48:51,823 INFO vex_extract.cursor:   Cursor: 1/19 frames (1 detections)
2026-03-16 20:48:51,835 INFO vex_extract.cursor:   Cursor: 2/19 frames (2 detections)
2026-03-16 20:48:51,848 INFO vex_extract.cursor:   Cursor: 3/19 frames (3 detections)
2026-03-16 20:48:51,861 INFO vex_extract.cursor:   Cursor: 4/19 frames (4 detections)
2026-03-16 20:48:51,873 INFO vex_extract.cursor:   Cursor: 5/19 frames (5 detections)
2026-03-16 20:48:51,886 INFO vex_extract.cursor:   Cursor: 6/19 frames (6 detections)
2026-03-16 20:48:51,898 INFO vex_extract.cursor:   Cursor: 7/19 frames (7 detections)
2026-03-16 20:48:51,910 INFO vex_extract.cursor:   Cursor: 8/19 frames (8 detections)
2026-03-16 20:48:51,923 INFO vex_extract.cursor:   Cursor: 9/19 frames (9 detections)
2026-03-16 20:48:51,935 INFO vex_extract.cursor:   Cursor: 10/19 frames (10 detections)
2026-03-16 20:48:51,948 INFO vex_extract.cursor:   Cursor: 11/19 frames (11 detections)
2026-03-16 20:48:51,960 INFO vex_extract.cursor:   Cursor: 12/19 frames (12 detections)
2026-03-16 20:48:51,973 INFO vex_extract.cursor:   Cursor: 13/19 frames (13 detections)
2026-03-16 20:48:51,986 INFO vex_extract.cursor:   Cursor: 14/19 frames (14 detections)
2026-03-16 20:48:51,998 INFO vex_extract.cursor:   Cursor: 15/19 frames (15 detections)
2026-03-16 20:48:52,011 INFO vex_extract.cursor:   Cursor: 16/19 frames (16 detections)
2026-03-16 20:48:52,023 INFO vex_extract.cursor:   Cursor: 17/19 frames (17 detections)
2026-03-16 20:48:52,035 INFO vex_extract.cursor:   Cursor: 18/19 frames (18 detections)
2026-03-16 20:48:52,642 INFO vex_extract.cursor:   Cursor: pass 2 — 9 frames at 5.0 FPS [154616ms-156330ms]
2026-03-16 20:48:52,718 INFO vex_extract.cursor:   Cursor: 1/9 frames (1 detections)
2026-03-16 20:48:52,730 INFO vex_extract.cursor:   Cursor: 2/9 frames (2 detections)
2026-03-16 20:48:52,743 INFO vex_extract.cursor:   Cursor: 3/9 frames (3 detections)
2026-03-16 20:48:52,756 INFO vex_extract.cursor:   Cursor: 4/9 frames (4 detections)
2026-03-16 20:48:52,768 INFO vex_extract.cursor:   Cursor: 5/9 frames (5 detections)
2026-03-16 20:48:52,781 INFO vex_extract.cursor:   Cursor: 6/9 frames (6 detections)
2026-03-16 20:48:52,794 INFO vex_extract.cursor:   Cursor: 7/9 frames (7 detections)
2026-03-16 20:48:52,807 INFO vex_extract.cursor:   Cursor: 8/9 frames (8 detections)
2026-03-16 20:48:53,424 INFO vex_extract.cursor:   Cursor: pass 2 — 8 frames at 5.0 FPS [158118ms-159797ms]
2026-03-16 20:48:53,501 INFO vex_extract.cursor:   Cursor: 1/8 frames (1 detections)
2026-03-16 20:48:53,513 INFO vex_extract.cursor:   Cursor: 2/8 frames (2 detections)
2026-03-16 20:48:53,526 INFO vex_extract.cursor:   Cursor: 3/8 frames (3 detections)
2026-03-16 20:48:53,539 INFO vex_extract.cursor:   Cursor: 4/8 frames (4 detections)
2026-03-16 20:48:53,551 INFO vex_extract.cursor:   Cursor: 5/8 frames (5 detections)
2026-03-16 20:48:53,564 INFO vex_extract.cursor:   Cursor: 6/8 frames (6 detections)
2026-03-16 20:48:53,576 INFO vex_extract.cursor:   Cursor: 7/8 frames (7 detections)
2026-03-16 20:48:54,268 INFO vex_extract.cursor:   Cursor: pass 2 — 24 frames at 5.0 FPS [162299ms-167140ms]
2026-03-16 20:48:54,356 INFO vex_extract.cursor:   Cursor: 2/24 frames (2 detections)
2026-03-16 20:48:54,382 INFO vex_extract.cursor:   Cursor: 4/24 frames (4 detections)
2026-03-16 20:48:54,407 INFO vex_extract.cursor:   Cursor: 6/24 frames (6 detections)
2026-03-16 20:48:54,432 INFO vex_extract.cursor:   Cursor: 8/24 frames (8 detections)
2026-03-16 20:48:54,457 INFO vex_extract.cursor:   Cursor: 10/24 frames (10 detections)
2026-03-16 20:48:54,482 INFO vex_extract.cursor:   Cursor: 12/24 frames (12 detections)
2026-03-16 20:48:54,508 INFO vex_extract.cursor:   Cursor: 14/24 frames (14 detections)
2026-03-16 20:48:54,533 INFO vex_extract.cursor:   Cursor: 16/24 frames (16 detections)
2026-03-16 20:48:54,558 INFO vex_extract.cursor:   Cursor: 18/24 frames (18 detections)
2026-03-16 20:48:54,583 INFO vex_extract.cursor:   Cursor: 20/24 frames (20 detections)
2026-03-16 20:48:54,608 INFO vex_extract.cursor:   Cursor: 22/24 frames (22 detections)
2026-03-16 20:48:55,283 INFO vex_extract.cursor:   Cursor: pass 2 — 8 frames at 5.0 FPS [167534ms-169214ms]
2026-03-16 20:48:55,360 INFO vex_extract.cursor:   Cursor: 1/8 frames (1 detections)
2026-03-16 20:48:55,373 INFO vex_extract.cursor:   Cursor: 2/8 frames (2 detections)
2026-03-16 20:48:55,386 INFO vex_extract.cursor:   Cursor: 3/8 frames (3 detections)
2026-03-16 20:48:55,399 INFO vex_extract.cursor:   Cursor: 4/8 frames (4 detections)
2026-03-16 20:48:55,411 INFO vex_extract.cursor:   Cursor: 5/8 frames (5 detections)
2026-03-16 20:48:55,424 INFO vex_extract.cursor:   Cursor: 6/8 frames (6 detections)
2026-03-16 20:48:55,437 INFO vex_extract.cursor:   Cursor: 7/8 frames (7 detections)
2026-03-16 20:48:56,138 INFO vex_extract.cursor:   Cursor: pass 2 — 10 frames at 5.0 FPS [173891ms-175945ms]
2026-03-16 20:48:56,213 INFO vex_extract.cursor:   Cursor: 1/10 frames (1 detections)
2026-03-16 20:48:56,226 INFO vex_extract.cursor:   Cursor: 2/10 frames (2 detections)
2026-03-16 20:48:56,239 INFO vex_extract.cursor:   Cursor: 3/10 frames (3 detections)
2026-03-16 20:48:56,252 INFO vex_extract.cursor:   Cursor: 4/10 frames (4 detections)
2026-03-16 20:48:56,265 INFO vex_extract.cursor:   Cursor: 5/10 frames (5 detections)
2026-03-16 20:48:56,278 INFO vex_extract.cursor:   Cursor: 6/10 frames (6 detections)
2026-03-16 20:48:56,290 INFO vex_extract.cursor:   Cursor: 7/10 frames (7 detections)
2026-03-16 20:48:56,303 INFO vex_extract.cursor:   Cursor: 8/10 frames (8 detections)
2026-03-16 20:48:56,316 INFO vex_extract.cursor:   Cursor: 9/10 frames (9 detections)
2026-03-16 20:48:57,064 INFO vex_extract.cursor:   Cursor: pass 2 — 17 frames at 5.0 FPS [177358ms-180806ms]
2026-03-16 20:48:57,140 INFO vex_extract.cursor:   Cursor: 1/17 frames (1 detections)
2026-03-16 20:48:57,153 INFO vex_extract.cursor:   Cursor: 2/17 frames (2 detections)
2026-03-16 20:48:57,165 INFO vex_extract.cursor:   Cursor: 3/17 frames (3 detections)
2026-03-16 20:48:57,178 INFO vex_extract.cursor:   Cursor: 4/17 frames (4 detections)
2026-03-16 20:48:57,190 INFO vex_extract.cursor:   Cursor: 5/17 frames (5 detections)
2026-03-16 20:48:57,203 INFO vex_extract.cursor:   Cursor: 6/17 frames (6 detections)
2026-03-16 20:48:57,216 INFO vex_extract.cursor:   Cursor: 7/17 frames (7 detections)
2026-03-16 20:48:57,229 INFO vex_extract.cursor:   Cursor: 8/17 frames (8 detections)
2026-03-16 20:48:57,241 INFO vex_extract.cursor:   Cursor: 9/17 frames (9 detections)
2026-03-16 20:48:57,254 INFO vex_extract.cursor:   Cursor: 10/17 frames (10 detections)
2026-03-16 20:48:57,267 INFO vex_extract.cursor:   Cursor: 11/17 frames (11 detections)
2026-03-16 20:48:57,280 INFO vex_extract.cursor:   Cursor: 12/17 frames (12 detections)
2026-03-16 20:48:57,292 INFO vex_extract.cursor:   Cursor: 13/17 frames (13 detections)
2026-03-16 20:48:57,305 INFO vex_extract.cursor:   Cursor: 14/17 frames (14 detections)
2026-03-16 20:48:57,318 INFO vex_extract.cursor:   Cursor: 15/17 frames (15 detections)
2026-03-16 20:48:57,331 INFO vex_extract.cursor:   Cursor: 16/17 frames (16 detections)
2026-03-16 20:48:58,097 INFO vex_extract.cursor:   Cursor: pass 2 — 15 frames at 5.0 FPS [180826ms-183933ms]
2026-03-16 20:48:58,173 INFO vex_extract.cursor:   Cursor: 1/15 frames (1 detections)
2026-03-16 20:48:58,186 INFO vex_extract.cursor:   Cursor: 2/15 frames (2 detections)
2026-03-16 20:48:58,199 INFO vex_extract.cursor:   Cursor: 3/15 frames (3 detections)
2026-03-16 20:48:58,211 INFO vex_extract.cursor:   Cursor: 4/15 frames (4 detections)
2026-03-16 20:48:58,224 INFO vex_extract.cursor:   Cursor: 5/15 frames (5 detections)
2026-03-16 20:48:58,237 INFO vex_extract.cursor:   Cursor: 6/15 frames (6 detections)
2026-03-16 20:48:58,250 INFO vex_extract.cursor:   Cursor: 7/15 frames (7 detections)
2026-03-16 20:48:58,263 INFO vex_extract.cursor:   Cursor: 8/15 frames (8 detections)
2026-03-16 20:48:58,275 INFO vex_extract.cursor:   Cursor: 9/15 frames (9 detections)
2026-03-16 20:48:58,288 INFO vex_extract.cursor:   Cursor: 10/15 frames (10 detections)
2026-03-16 20:48:58,300 INFO vex_extract.cursor:   Cursor: 11/15 frames (11 detections)
2026-03-16 20:48:58,313 INFO vex_extract.cursor:   Cursor: 12/15 frames (12 detections)
2026-03-16 20:48:58,326 INFO vex_extract.cursor:   Cursor: 13/15 frames (13 detections)
2026-03-16 20:48:58,338 INFO vex_extract.cursor:   Cursor: 14/15 frames (14 detections)
2026-03-16 20:48:59,096 INFO vex_extract.cursor:   Cursor: pass 2 — 7 frames at 5.0 FPS [184667ms-186007ms]
2026-03-16 20:48:59,171 INFO vex_extract.cursor:   Cursor: 1/7 frames (1 detections)
2026-03-16 20:48:59,184 INFO vex_extract.cursor:   Cursor: 2/7 frames (2 detections)
2026-03-16 20:48:59,197 INFO vex_extract.cursor:   Cursor: 3/7 frames (3 detections)
2026-03-16 20:48:59,209 INFO vex_extract.cursor:   Cursor: 4/7 frames (4 detections)
2026-03-16 20:48:59,222 INFO vex_extract.cursor:   Cursor: 5/7 frames (5 detections)
2026-03-16 20:48:59,235 INFO vex_extract.cursor:   Cursor: 6/7 frames (6 detections)
2026-03-16 20:49:00,046 INFO vex_extract.cursor:   Cursor: pass 2 — 20 frames at 5.0 FPS [186027ms-190154ms]
2026-03-16 20:49:00,135 INFO vex_extract.cursor:   Cursor: 2/20 frames (2 detections)
2026-03-16 20:49:00,161 INFO vex_extract.cursor:   Cursor: 4/20 frames (4 detections)
2026-03-16 20:49:00,186 INFO vex_extract.cursor:   Cursor: 6/20 frames (6 detections)
2026-03-16 20:49:00,212 INFO vex_extract.cursor:   Cursor: 8/20 frames (8 detections)
2026-03-16 20:49:00,238 INFO vex_extract.cursor:   Cursor: 10/20 frames (10 detections)
2026-03-16 20:49:00,263 INFO vex_extract.cursor:   Cursor: 12/20 frames (12 detections)
2026-03-16 20:49:00,289 INFO vex_extract.cursor:   Cursor: 14/20 frames (14 detections)
2026-03-16 20:49:00,314 INFO vex_extract.cursor:   Cursor: 16/20 frames (16 detections)
2026-03-16 20:49:00,340 INFO vex_extract.cursor:   Cursor: 18/20 frames (18 detections)
2026-03-16 20:49:01,140 INFO vex_extract.cursor:   Cursor: pass 2 — 7 frames at 5.0 FPS [191228ms-192602ms]
2026-03-16 20:49:01,217 INFO vex_extract.cursor:   Cursor: 1/7 frames (1 detections)
2026-03-16 20:49:01,230 INFO vex_extract.cursor:   Cursor: 2/7 frames (2 detections)
2026-03-16 20:49:01,242 INFO vex_extract.cursor:   Cursor: 3/7 frames (3 detections)
2026-03-16 20:49:01,254 INFO vex_extract.cursor:   Cursor: 4/7 frames (4 detections)
2026-03-16 20:49:01,267 INFO vex_extract.cursor:   Cursor: 5/7 frames (5 detections)
2026-03-16 20:49:01,280 INFO vex_extract.cursor:   Cursor: 6/7 frames (6 detections)
2026-03-16 20:49:02,092 INFO vex_extract.cursor:   Cursor: pass 2 — 8 frames at 5.0 FPS [193676ms-195356ms]
2026-03-16 20:49:02,168 INFO vex_extract.cursor:   Cursor: 1/8 frames (1 detections)
2026-03-16 20:49:02,181 INFO vex_extract.cursor:   Cursor: 2/8 frames (2 detections)
2026-03-16 20:49:02,194 INFO vex_extract.cursor:   Cursor: 3/8 frames (3 detections)
2026-03-16 20:49:02,206 INFO vex_extract.cursor:   Cursor: 4/8 frames (4 detections)
2026-03-16 20:49:02,219 INFO vex_extract.cursor:   Cursor: 5/8 frames (5 detections)
2026-03-16 20:49:02,232 INFO vex_extract.cursor:   Cursor: 6/8 frames (6 detections)
2026-03-16 20:49:02,245 INFO vex_extract.cursor:   Cursor: 7/8 frames (7 detections)
2026-03-16 20:49:03,087 INFO vex_extract.cursor:   Cursor: pass 2 — 15 frames at 5.0 FPS [196089ms-199197ms]
2026-03-16 20:49:03,164 INFO vex_extract.cursor:   Cursor: 1/15 frames (1 detections)
2026-03-16 20:49:03,177 INFO vex_extract.cursor:   Cursor: 2/15 frames (2 detections)
2026-03-16 20:49:03,189 INFO vex_extract.cursor:   Cursor: 3/15 frames (3 detections)
2026-03-16 20:49:03,202 INFO vex_extract.cursor:   Cursor: 4/15 frames (4 detections)
2026-03-16 20:49:03,215 INFO vex_extract.cursor:   Cursor: 5/15 frames (5 detections)
2026-03-16 20:49:03,227 INFO vex_extract.cursor:   Cursor: 6/15 frames (6 detections)
2026-03-16 20:49:03,240 INFO vex_extract.cursor:   Cursor: 7/15 frames (7 detections)
2026-03-16 20:49:03,253 INFO vex_extract.cursor:   Cursor: 8/15 frames (8 detections)
2026-03-16 20:49:03,266 INFO vex_extract.cursor:   Cursor: 9/15 frames (9 detections)
2026-03-16 20:49:03,279 INFO vex_extract.cursor:   Cursor: 10/15 frames (10 detections)
2026-03-16 20:49:03,292 INFO vex_extract.cursor:   Cursor: 11/15 frames (11 detections)
2026-03-16 20:49:03,305 INFO vex_extract.cursor:   Cursor: 12/15 frames (12 detections)
2026-03-16 20:49:03,318 INFO vex_extract.cursor:   Cursor: 13/15 frames (13 detections)
2026-03-16 20:49:03,331 INFO vex_extract.cursor:   Cursor: 14/15 frames (14 detections)
2026-03-16 20:49:04,197 INFO vex_extract.cursor:   Cursor: pass 2 — 18 frames at 5.0 FPS [199625ms-203956ms]
2026-03-16 20:49:04,274 INFO vex_extract.cursor:   Cursor: 1/18 frames (1 detections)
2026-03-16 20:49:04,287 INFO vex_extract.cursor:   Cursor: 2/18 frames (2 detections)
2026-03-16 20:49:04,299 INFO vex_extract.cursor:   Cursor: 3/18 frames (3 detections)
2026-03-16 20:49:04,312 INFO vex_extract.cursor:   Cursor: 4/18 frames (4 detections)
2026-03-16 20:49:04,324 INFO vex_extract.cursor:   Cursor: 5/18 frames (5 detections)
2026-03-16 20:49:04,337 INFO vex_extract.cursor:   Cursor: 6/18 frames (6 detections)
2026-03-16 20:49:04,350 INFO vex_extract.cursor:   Cursor: 7/18 frames (7 detections)
2026-03-16 20:49:04,363 INFO vex_extract.cursor:   Cursor: 8/18 frames (8 detections)
2026-03-16 20:49:04,376 INFO vex_extract.cursor:   Cursor: 9/18 frames (9 detections)
2026-03-16 20:49:04,388 INFO vex_extract.cursor:   Cursor: 10/18 frames (10 detections)
2026-03-16 20:49:04,401 INFO vex_extract.cursor:   Cursor: 11/18 frames (11 detections)
2026-03-16 20:49:04,414 INFO vex_extract.cursor:   Cursor: 12/18 frames (12 detections)
2026-03-16 20:49:04,427 INFO vex_extract.cursor:   Cursor: 13/18 frames (13 detections)
2026-03-16 20:49:04,440 INFO vex_extract.cursor:   Cursor: 14/18 frames (14 detections)
2026-03-16 20:49:04,452 INFO vex_extract.cursor:   Cursor: 15/18 frames (15 detections)
2026-03-16 20:49:04,465 INFO vex_extract.cursor:   Cursor: 16/18 frames (16 detections)
2026-03-16 20:49:04,477 INFO vex_extract.cursor:   Cursor: 17/18 frames (17 detections)
2026-03-16 20:49:05,324 INFO vex_extract.cursor:   Cursor: pass 2 — 8 frames at 5.0 FPS [204010ms-207559ms]
2026-03-16 20:49:05,401 INFO vex_extract.cursor:   Cursor: 1/8 frames (1 detections)
2026-03-16 20:49:05,413 INFO vex_extract.cursor:   Cursor: 2/8 frames (2 detections)
2026-03-16 20:49:05,426 INFO vex_extract.cursor:   Cursor: 3/8 frames (3 detections)
2026-03-16 20:49:05,439 INFO vex_extract.cursor:   Cursor: 4/8 frames (4 detections)
2026-03-16 20:49:05,451 INFO vex_extract.cursor:   Cursor: 5/8 frames (5 detections)
2026-03-16 20:49:05,464 INFO vex_extract.cursor:   Cursor: 6/8 frames (6 detections)
2026-03-16 20:49:05,477 INFO vex_extract.cursor:   Cursor: 7/8 frames (7 detections)
2026-03-16 20:49:06,389 INFO vex_extract.cursor:   Cursor: pass 2 — 26 frames at 5.0 FPS [207681ms-213339ms]
2026-03-16 20:49:06,479 INFO vex_extract.cursor:   Cursor: 2/26 frames (2 detections)
2026-03-16 20:49:06,504 INFO vex_extract.cursor:   Cursor: 4/26 frames (4 detections)
2026-03-16 20:49:06,530 INFO vex_extract.cursor:   Cursor: 6/26 frames (6 detections)
2026-03-16 20:49:06,555 INFO vex_extract.cursor:   Cursor: 8/26 frames (8 detections)
2026-03-16 20:49:06,581 INFO vex_extract.cursor:   Cursor: 10/26 frames (10 detections)
2026-03-16 20:49:06,607 INFO vex_extract.cursor:   Cursor: 12/26 frames (12 detections)
2026-03-16 20:49:06,632 INFO vex_extract.cursor:   Cursor: 14/26 frames (14 detections)
2026-03-16 20:49:06,657 INFO vex_extract.cursor:   Cursor: 16/26 frames (16 detections)
2026-03-16 20:49:06,682 INFO vex_extract.cursor:   Cursor: 18/26 frames (18 detections)
2026-03-16 20:49:06,708 INFO vex_extract.cursor:   Cursor: 20/26 frames (20 detections)
2026-03-16 20:49:06,733 INFO vex_extract.cursor:   Cursor: 22/26 frames (22 detections)
2026-03-16 20:49:06,758 INFO vex_extract.cursor:   Cursor: 24/26 frames (24 detections)
2026-03-16 20:49:07,651 INFO vex_extract.cursor:   Cursor: pass 2 — 8 frames at 5.0 FPS [214820ms-216500ms]
2026-03-16 20:49:07,727 INFO vex_extract.cursor:   Cursor: 1/8 frames (1 detections)
2026-03-16 20:49:07,740 INFO vex_extract.cursor:   Cursor: 2/8 frames (2 detections)
2026-03-16 20:49:07,753 INFO vex_extract.cursor:   Cursor: 3/8 frames (3 detections)
2026-03-16 20:49:07,766 INFO vex_extract.cursor:   Cursor: 4/8 frames (4 detections)
2026-03-16 20:49:07,778 INFO vex_extract.cursor:   Cursor: 5/8 frames (5 detections)
2026-03-16 20:49:07,791 INFO vex_extract.cursor:   Cursor: 6/8 frames (6 detections)
2026-03-16 20:49:07,804 INFO vex_extract.cursor:   Cursor: 7/8 frames (7 detections)
2026-03-16 20:49:08,683 INFO vex_extract.cursor:   Cursor: pass 2 — 6 frames at 5.0 FPS [216622ms-217962ms]
2026-03-16 20:49:08,759 INFO vex_extract.cursor:   Cursor: 1/6 frames (1 detections)
2026-03-16 20:49:08,772 INFO vex_extract.cursor:   Cursor: 2/6 frames (2 detections)
2026-03-16 20:49:08,785 INFO vex_extract.cursor:   Cursor: 3/6 frames (3 detections)
2026-03-16 20:49:08,798 INFO vex_extract.cursor:   Cursor: 4/6 frames (4 detections)
2026-03-16 20:49:08,811 INFO vex_extract.cursor:   Cursor: 5/6 frames (5 detections)
2026-03-16 20:49:09,744 INFO vex_extract.cursor:   Cursor: pass 2 — 22 frames at 5.0 FPS [218729ms-225169ms]
2026-03-16 20:49:09,833 INFO vex_extract.cursor:   Cursor: 2/22 frames (2 detections)
2026-03-16 20:49:09,859 INFO vex_extract.cursor:   Cursor: 4/22 frames (4 detections)
2026-03-16 20:49:09,884 INFO vex_extract.cursor:   Cursor: 6/22 frames (6 detections)
2026-03-16 20:49:09,910 INFO vex_extract.cursor:   Cursor: 8/22 frames (8 detections)
2026-03-16 20:49:09,936 INFO vex_extract.cursor:   Cursor: 10/22 frames (10 detections)
2026-03-16 20:49:09,961 INFO vex_extract.cursor:   Cursor: 12/22 frames (12 detections)
2026-03-16 20:49:09,986 INFO vex_extract.cursor:   Cursor: 14/22 frames (14 detections)
2026-03-16 20:49:10,011 INFO vex_extract.cursor:   Cursor: 16/22 frames (16 detections)
2026-03-16 20:49:10,037 INFO vex_extract.cursor:   Cursor: 18/22 frames (18 detections)
2026-03-16 20:49:10,062 INFO vex_extract.cursor:   Cursor: 20/22 frames (20 detections)
2026-03-16 20:49:10,992 INFO vex_extract.cursor:   Cursor: pass 2 — 9 frames at 5.0 FPS [248780ms-253180ms]
2026-03-16 20:49:11,070 INFO vex_extract.cursor:   Cursor: 1/9 frames (1 detections)
2026-03-16 20:49:11,083 INFO vex_extract.cursor:   Cursor: 2/9 frames (2 detections)
2026-03-16 20:49:11,096 INFO vex_extract.cursor:   Cursor: 3/9 frames (3 detections)
2026-03-16 20:49:11,108 INFO vex_extract.cursor:   Cursor: 4/9 frames (4 detections)
2026-03-16 20:49:11,121 INFO vex_extract.cursor:   Cursor: 5/9 frames (5 detections)
2026-03-16 20:49:11,134 INFO vex_extract.cursor:   Cursor: 6/9 frames (6 detections)
2026-03-16 20:49:11,147 INFO vex_extract.cursor:   Cursor: 7/9 frames (7 detections)
2026-03-16 20:49:11,160 INFO vex_extract.cursor:   Cursor: 8/9 frames (8 detections)
2026-03-16 20:49:12,122 INFO vex_extract.cursor:   Cursor: pass 2 — 19 frames at 5.0 FPS [254186ms-260183ms]
2026-03-16 20:49:12,199 INFO vex_extract.cursor:   Cursor: 1/19 frames (1 detections)
2026-03-16 20:49:12,211 INFO vex_extract.cursor:   Cursor: 2/19 frames (2 detections)
2026-03-16 20:49:12,224 INFO vex_extract.cursor:   Cursor: 3/19 frames (3 detections)
2026-03-16 20:49:12,237 INFO vex_extract.cursor:   Cursor: 4/19 frames (4 detections)
2026-03-16 20:49:12,249 INFO vex_extract.cursor:   Cursor: 5/19 frames (5 detections)
2026-03-16 20:49:12,262 INFO vex_extract.cursor:   Cursor: 6/19 frames (6 detections)
2026-03-16 20:49:12,275 INFO vex_extract.cursor:   Cursor: 7/19 frames (7 detections)
2026-03-16 20:49:12,288 INFO vex_extract.cursor:   Cursor: 8/19 frames (8 detections)
2026-03-16 20:49:12,300 INFO vex_extract.cursor:   Cursor: 9/19 frames (9 detections)
2026-03-16 20:49:12,313 INFO vex_extract.cursor:   Cursor: 10/19 frames (10 detections)
2026-03-16 20:49:12,326 INFO vex_extract.cursor:   Cursor: 11/19 frames (11 detections)
2026-03-16 20:49:12,339 INFO vex_extract.cursor:   Cursor: 12/19 frames (12 detections)
2026-03-16 20:49:12,352 INFO vex_extract.cursor:   Cursor: 13/19 frames (13 detections)
2026-03-16 20:49:12,365 INFO vex_extract.cursor:   Cursor: 14/19 frames (14 detections)
2026-03-16 20:49:12,377 INFO vex_extract.cursor:   Cursor: 15/19 frames (15 detections)
2026-03-16 20:49:12,390 INFO vex_extract.cursor:   Cursor: 16/19 frames (16 detections)
2026-03-16 20:49:12,402 INFO vex_extract.cursor:   Cursor: 17/19 frames (17 detections)
2026-03-16 20:49:12,415 INFO vex_extract.cursor:   Cursor: 18/19 frames (18 detections)
2026-03-16 20:49:13,373 INFO vex_extract.cursor:   Cursor: pass 2 — 10 frames at 5.0 FPS [281007ms-283061ms]
2026-03-16 20:49:13,449 INFO vex_extract.cursor:   Cursor: 1/10 frames (1 detections)
2026-03-16 20:49:13,462 INFO vex_extract.cursor:   Cursor: 2/10 frames (2 detections)
2026-03-16 20:49:13,474 INFO vex_extract.cursor:   Cursor: 3/10 frames (3 detections)
2026-03-16 20:49:13,487 INFO vex_extract.cursor:   Cursor: 4/10 frames (4 detections)
2026-03-16 20:49:13,500 INFO vex_extract.cursor:   Cursor: 5/10 frames (5 detections)
2026-03-16 20:49:13,513 INFO vex_extract.cursor:   Cursor: 6/10 frames (6 detections)
2026-03-16 20:49:13,525 INFO vex_extract.cursor:   Cursor: 7/10 frames (7 detections)
2026-03-16 20:49:13,538 INFO vex_extract.cursor:   Cursor: 8/10 frames (8 detections)
2026-03-16 20:49:13,551 INFO vex_extract.cursor:   Cursor: 9/10 frames (9 detections)
2026-03-16 20:49:14,544 INFO vex_extract.cursor:   Cursor: pass 2 — 19 frames at 5.0 FPS [283455ms-287242ms]
2026-03-16 20:49:14,620 INFO vex_extract.cursor:   Cursor: 1/19 frames (1 detections)
2026-03-16 20:49:14,633 INFO vex_extract.cursor:   Cursor: 2/19 frames (2 detections)
2026-03-16 20:49:14,645 INFO vex_extract.cursor:   Cursor: 3/19 frames (3 detections)
2026-03-16 20:49:14,658 INFO vex_extract.cursor:   Cursor: 4/19 frames (4 detections)
2026-03-16 20:49:14,670 INFO vex_extract.cursor:   Cursor: 5/19 frames (5 detections)
2026-03-16 20:49:14,683 INFO vex_extract.cursor:   Cursor: 6/19 frames (6 detections)
2026-03-16 20:49:14,695 INFO vex_extract.cursor:   Cursor: 7/19 frames (7 detections)
2026-03-16 20:49:14,708 INFO vex_extract.cursor:   Cursor: 8/19 frames (8 detections)
2026-03-16 20:49:14,721 INFO vex_extract.cursor:   Cursor: 9/19 frames (9 detections)
2026-03-16 20:49:14,734 INFO vex_extract.cursor:   Cursor: 10/19 frames (10 detections)
2026-03-16 20:49:14,747 INFO vex_extract.cursor:   Cursor: 11/19 frames (11 detections)
2026-03-16 20:49:14,760 INFO vex_extract.cursor:   Cursor: 12/19 frames (12 detections)
2026-03-16 20:49:14,772 INFO vex_extract.cursor:   Cursor: 13/19 frames (13 detections)
2026-03-16 20:49:14,785 INFO vex_extract.cursor:   Cursor: 14/19 frames (14 detections)
2026-03-16 20:49:14,798 INFO vex_extract.cursor:   Cursor: 15/19 frames (15 detections)
2026-03-16 20:49:14,811 INFO vex_extract.cursor:   Cursor: 16/19 frames (16 detections)
2026-03-16 20:49:14,823 INFO vex_extract.cursor:   Cursor: 17/19 frames (17 detections)
2026-03-16 20:49:14,836 INFO vex_extract.cursor:   Cursor: 18/19 frames (18 detections)
2026-03-16 20:49:15,807 INFO vex_extract.cursor:   Cursor: pass 2 — 7 frames at 5.0 FPS [292191ms-293531ms]
2026-03-16 20:49:15,884 INFO vex_extract.cursor:   Cursor: 1/7 frames (1 detections)
2026-03-16 20:49:15,897 INFO vex_extract.cursor:   Cursor: 2/7 frames (2 detections)
2026-03-16 20:49:15,910 INFO vex_extract.cursor:   Cursor: 3/7 frames (3 detections)
2026-03-16 20:49:15,922 INFO vex_extract.cursor:   Cursor: 4/7 frames (4 detections)
2026-03-16 20:49:15,935 INFO vex_extract.cursor:   Cursor: 5/7 frames (5 detections)
2026-03-16 20:49:15,948 INFO vex_extract.cursor:   Cursor: 6/7 frames (6 detections)
2026-03-16 20:49:16,948 INFO vex_extract.cursor:   Cursor: pass 2 — 8 frames at 5.0 FPS [302661ms-304341ms]
2026-03-16 20:49:17,025 INFO vex_extract.cursor:   Cursor: 1/8 frames (1 detections)
2026-03-16 20:49:17,037 INFO vex_extract.cursor:   Cursor: 2/8 frames (2 detections)
2026-03-16 20:49:17,050 INFO vex_extract.cursor:   Cursor: 3/8 frames (3 detections)
2026-03-16 20:49:17,062 INFO vex_extract.cursor:   Cursor: 4/8 frames (4 detections)
2026-03-16 20:49:17,075 INFO vex_extract.cursor:   Cursor: 5/8 frames (5 detections)
2026-03-16 20:49:17,087 INFO vex_extract.cursor:   Cursor: 6/8 frames (6 detections)
2026-03-16 20:49:17,100 INFO vex_extract.cursor:   Cursor: 7/8 frames (7 detections)
2026-03-16 20:49:18,154 INFO vex_extract.cursor:   Cursor: pass 2 — 19 frames at 5.0 FPS [312860ms-317735ms]
2026-03-16 20:49:18,231 INFO vex_extract.cursor:   Cursor: 1/19 frames (1 detections)
2026-03-16 20:49:18,244 INFO vex_extract.cursor:   Cursor: 2/19 frames (2 detections)
2026-03-16 20:49:18,257 INFO vex_extract.cursor:   Cursor: 3/19 frames (3 detections)
2026-03-16 20:49:18,270 INFO vex_extract.cursor:   Cursor: 4/19 frames (4 detections)
2026-03-16 20:49:18,283 INFO vex_extract.cursor:   Cursor: 5/19 frames (5 detections)
2026-03-16 20:49:18,296 INFO vex_extract.cursor:   Cursor: 6/19 frames (6 detections)
2026-03-16 20:49:18,308 INFO vex_extract.cursor:   Cursor: 7/19 frames (7 detections)
2026-03-16 20:49:18,322 INFO vex_extract.cursor:   Cursor: 8/19 frames (8 detections)
2026-03-16 20:49:18,334 INFO vex_extract.cursor:   Cursor: 9/19 frames (9 detections)
2026-03-16 20:49:18,347 INFO vex_extract.cursor:   Cursor: 10/19 frames (10 detections)
2026-03-16 20:49:18,360 INFO vex_extract.cursor:   Cursor: 11/19 frames (11 detections)
2026-03-16 20:49:18,372 INFO vex_extract.cursor:   Cursor: 12/19 frames (12 detections)
2026-03-16 20:49:18,385 INFO vex_extract.cursor:   Cursor: 13/19 frames (13 detections)
2026-03-16 20:49:18,397 INFO vex_extract.cursor:   Cursor: 14/19 frames (14 detections)
2026-03-16 20:49:18,410 INFO vex_extract.cursor:   Cursor: 15/19 frames (15 detections)
2026-03-16 20:49:18,423 INFO vex_extract.cursor:   Cursor: 16/19 frames (16 detections)
2026-03-16 20:49:18,436 INFO vex_extract.cursor:   Cursor: 17/19 frames (17 detections)
2026-03-16 20:49:18,449 INFO vex_extract.cursor:   Cursor: 18/19 frames (18 detections)
2026-03-16 20:49:19,589 INFO vex_extract.cursor:   Cursor: pass 2 — 36 frames at 5.0 FPS [317789ms-327118ms]
2026-03-16 20:49:19,692 INFO vex_extract.cursor:   Cursor: 3/36 frames (3 detections)
2026-03-16 20:49:19,729 INFO vex_extract.cursor:   Cursor: 6/36 frames (6 detections)
2026-03-16 20:49:19,767 INFO vex_extract.cursor:   Cursor: 9/36 frames (9 detections)
2026-03-16 20:49:19,805 INFO vex_extract.cursor:   Cursor: 12/36 frames (12 detections)
2026-03-16 20:49:19,843 INFO vex_extract.cursor:   Cursor: 15/36 frames (15 detections)
2026-03-16 20:49:19,881 INFO vex_extract.cursor:   Cursor: 18/36 frames (18 detections)
2026-03-16 20:49:19,919 INFO vex_extract.cursor:   Cursor: 21/36 frames (21 detections)
2026-03-16 20:49:19,958 INFO vex_extract.cursor:   Cursor: 24/36 frames (24 detections)
2026-03-16 20:49:19,996 INFO vex_extract.cursor:   Cursor: 27/36 frames (27 detections)
2026-03-16 20:49:20,035 INFO vex_extract.cursor:   Cursor: 30/36 frames (30 detections)
2026-03-16 20:49:20,073 INFO vex_extract.cursor:   Cursor: 33/36 frames (33 detections)
2026-03-16 20:49:21,212 INFO vex_extract.cursor:   Cursor: pass 2 — 17 frames at 5.0 FPS [328191ms-331673ms]
2026-03-16 20:49:21,287 INFO vex_extract.cursor:   Cursor: 1/17 frames (1 detections)
2026-03-16 20:49:21,300 INFO vex_extract.cursor:   Cursor: 2/17 frames (2 detections)
2026-03-16 20:49:21,313 INFO vex_extract.cursor:   Cursor: 3/17 frames (3 detections)
2026-03-16 20:49:21,325 INFO vex_extract.cursor:   Cursor: 4/17 frames (4 detections)
2026-03-16 20:49:21,338 INFO vex_extract.cursor:   Cursor: 5/17 frames (5 detections)
2026-03-16 20:49:21,351 INFO vex_extract.cursor:   Cursor: 6/17 frames (6 detections)
2026-03-16 20:49:21,364 INFO vex_extract.cursor:   Cursor: 7/17 frames (7 detections)
2026-03-16 20:49:21,377 INFO vex_extract.cursor:   Cursor: 8/17 frames (8 detections)
2026-03-16 20:49:21,390 INFO vex_extract.cursor:   Cursor: 9/17 frames (9 detections)
2026-03-16 20:49:21,402 INFO vex_extract.cursor:   Cursor: 10/17 frames (10 detections)
2026-03-16 20:49:21,415 INFO vex_extract.cursor:   Cursor: 11/17 frames (11 detections)
2026-03-16 20:49:21,428 INFO vex_extract.cursor:   Cursor: 12/17 frames (12 detections)
2026-03-16 20:49:21,441 INFO vex_extract.cursor:   Cursor: 13/17 frames (13 detections)
2026-03-16 20:49:21,454 INFO vex_extract.cursor:   Cursor: 14/17 frames (14 detections)
2026-03-16 20:49:21,466 INFO vex_extract.cursor:   Cursor: 15/17 frames (15 detections)
2026-03-16 20:49:21,479 INFO vex_extract.cursor:   Cursor: 16/17 frames (16 detections)
2026-03-16 20:49:22,617 INFO vex_extract.cursor:   Cursor: pass 2 — 15 frames at 5.0 FPS [333154ms-336228ms]
2026-03-16 20:49:22,692 INFO vex_extract.cursor:   Cursor: 1/15 frames (1 detections)
2026-03-16 20:49:22,705 INFO vex_extract.cursor:   Cursor: 2/15 frames (2 detections)
2026-03-16 20:49:22,718 INFO vex_extract.cursor:   Cursor: 3/15 frames (3 detections)
2026-03-16 20:49:22,731 INFO vex_extract.cursor:   Cursor: 4/15 frames (4 detections)
2026-03-16 20:49:22,744 INFO vex_extract.cursor:   Cursor: 5/15 frames (5 detections)
2026-03-16 20:49:22,757 INFO vex_extract.cursor:   Cursor: 6/15 frames (6 detections)
2026-03-16 20:49:22,769 INFO vex_extract.cursor:   Cursor: 7/15 frames (7 detections)
2026-03-16 20:49:22,782 INFO vex_extract.cursor:   Cursor: 8/15 frames (8 detections)
2026-03-16 20:49:22,794 INFO vex_extract.cursor:   Cursor: 9/15 frames (9 detections)
2026-03-16 20:49:22,807 INFO vex_extract.cursor:   Cursor: 10/15 frames (10 detections)
2026-03-16 20:49:22,820 INFO vex_extract.cursor:   Cursor: 11/15 frames (11 detections)
2026-03-16 20:49:22,832 INFO vex_extract.cursor:   Cursor: 12/15 frames (12 detections)
2026-03-16 20:49:22,845 INFO vex_extract.cursor:   Cursor: 13/15 frames (13 detections)
2026-03-16 20:49:22,858 INFO vex_extract.cursor:   Cursor: 14/15 frames (14 detections)
2026-03-16 20:49:24,140 INFO vex_extract.cursor:   Cursor: pass 2 — 50 frames at 5.0 FPS [336622ms-347208ms]
2026-03-16 20:49:24,266 INFO vex_extract.cursor:   Cursor: 5/50 frames (5 detections)
2026-03-16 20:49:24,329 INFO vex_extract.cursor:   Cursor: 10/50 frames (10 detections)
2026-03-16 20:49:24,393 INFO vex_extract.cursor:   Cursor: 15/50 frames (15 detections)
2026-03-16 20:49:24,456 INFO vex_extract.cursor:   Cursor: 20/50 frames (20 detections)
2026-03-16 20:49:24,520 INFO vex_extract.cursor:   Cursor: 25/50 frames (25 detections)
2026-03-16 20:49:24,585 INFO vex_extract.cursor:   Cursor: 30/50 frames (30 detections)
2026-03-16 20:49:24,648 INFO vex_extract.cursor:   Cursor: 35/50 frames (35 detections)
2026-03-16 20:49:24,712 INFO vex_extract.cursor:   Cursor: 40/50 frames (40 detections)
2026-03-16 20:49:24,776 INFO vex_extract.cursor:   Cursor: 45/50 frames (45 detections)
2026-03-16 20:49:26,083 INFO vex_extract.cursor:   Cursor: pass 2 — 15 frames at 5.0 FPS [351783ms-354857ms]
2026-03-16 20:49:26,159 INFO vex_extract.cursor:   Cursor: 1/15 frames (1 detections)
2026-03-16 20:49:26,171 INFO vex_extract.cursor:   Cursor: 2/15 frames (2 detections)
2026-03-16 20:49:26,184 INFO vex_extract.cursor:   Cursor: 3/15 frames (3 detections)
2026-03-16 20:49:26,197 INFO vex_extract.cursor:   Cursor: 4/15 frames (4 detections)
2026-03-16 20:49:26,210 INFO vex_extract.cursor:   Cursor: 5/15 frames (5 detections)
2026-03-16 20:49:26,222 INFO vex_extract.cursor:   Cursor: 6/15 frames (6 detections)
2026-03-16 20:49:26,235 INFO vex_extract.cursor:   Cursor: 7/15 frames (7 detections)
2026-03-16 20:49:26,248 INFO vex_extract.cursor:   Cursor: 8/15 frames (8 detections)
2026-03-16 20:49:26,260 INFO vex_extract.cursor:   Cursor: 9/15 frames (9 detections)
2026-03-16 20:49:26,273 INFO vex_extract.cursor:   Cursor: 10/15 frames (10 detections)
2026-03-16 20:49:26,286 INFO vex_extract.cursor:   Cursor: 11/15 frames (11 detections)
2026-03-16 20:49:26,299 INFO vex_extract.cursor:   Cursor: 12/15 frames (12 detections)
2026-03-16 20:49:26,311 INFO vex_extract.cursor:   Cursor: 13/15 frames (13 detections)
2026-03-16 20:49:26,324 INFO vex_extract.cursor:   Cursor: 14/15 frames (14 detections)
2026-03-16 20:49:27,610 INFO vex_extract.cursor:   Cursor: pass 2 — 14 frames at 5.0 FPS [357664ms-360398ms]
2026-03-16 20:49:27,686 INFO vex_extract.cursor:   Cursor: 1/14 frames (1 detections)
2026-03-16 20:49:27,698 INFO vex_extract.cursor:   Cursor: 2/14 frames (2 detections)
2026-03-16 20:49:27,711 INFO vex_extract.cursor:   Cursor: 3/14 frames (3 detections)
2026-03-16 20:49:27,724 INFO vex_extract.cursor:   Cursor: 4/14 frames (4 detections)
2026-03-16 20:49:27,737 INFO vex_extract.cursor:   Cursor: 5/14 frames (5 detections)
2026-03-16 20:49:27,749 INFO vex_extract.cursor:   Cursor: 6/14 frames (6 detections)
2026-03-16 20:49:27,762 INFO vex_extract.cursor:   Cursor: 7/14 frames (7 detections)
2026-03-16 20:49:27,775 INFO vex_extract.cursor:   Cursor: 8/14 frames (8 detections)
2026-03-16 20:49:27,787 INFO vex_extract.cursor:   Cursor: 9/14 frames (9 detections)
2026-03-16 20:49:27,801 INFO vex_extract.cursor:   Cursor: 10/14 frames (10 detections)
2026-03-16 20:49:27,813 INFO vex_extract.cursor:   Cursor: 11/14 frames (11 detections)
2026-03-16 20:49:27,826 INFO vex_extract.cursor:   Cursor: 12/14 frames (12 detections)
2026-03-16 20:49:27,839 INFO vex_extract.cursor:   Cursor: 13/14 frames (13 detections)
2026-03-16 20:49:29,122 INFO vex_extract.cursor:   Cursor: pass 2 — 8 frames at 5.0 FPS [362186ms-363865ms]
2026-03-16 20:49:29,198 INFO vex_extract.cursor:   Cursor: 1/8 frames (1 detections)
2026-03-16 20:49:29,211 INFO vex_extract.cursor:   Cursor: 2/8 frames (2 detections)
2026-03-16 20:49:29,223 INFO vex_extract.cursor:   Cursor: 3/8 frames (3 detections)
2026-03-16 20:49:29,236 INFO vex_extract.cursor:   Cursor: 4/8 frames (4 detections)
2026-03-16 20:49:29,249 INFO vex_extract.cursor:   Cursor: 5/8 frames (5 detections)
2026-03-16 20:49:29,262 INFO vex_extract.cursor:   Cursor: 6/8 frames (6 detections)
2026-03-16 20:49:29,275 INFO vex_extract.cursor:   Cursor: 7/8 frames (7 detections)
2026-03-16 20:49:30,590 INFO vex_extract.cursor:   Cursor: pass 2 — 10 frames at 5.0 FPS [364259ms-366313ms]
2026-03-16 20:49:30,667 INFO vex_extract.cursor:   Cursor: 1/10 frames (1 detections)
2026-03-16 20:49:30,680 INFO vex_extract.cursor:   Cursor: 2/10 frames (2 detections)
2026-03-16 20:49:30,693 INFO vex_extract.cursor:   Cursor: 3/10 frames (3 detections)
2026-03-16 20:49:30,706 INFO vex_extract.cursor:   Cursor: 4/10 frames (4 detections)
2026-03-16 20:49:30,718 INFO vex_extract.cursor:   Cursor: 5/10 frames (5 detections)
2026-03-16 20:49:30,731 INFO vex_extract.cursor:   Cursor: 6/10 frames (6 detections)
2026-03-16 20:49:30,744 INFO vex_extract.cursor:   Cursor: 7/10 frames (7 detections)
2026-03-16 20:49:30,756 INFO vex_extract.cursor:   Cursor: 8/10 frames (8 detections)
2026-03-16 20:49:30,769 INFO vex_extract.cursor:   Cursor: 9/10 frames (9 detections)
2026-03-16 20:49:32,110 INFO vex_extract.cursor:   Cursor: pass 2 — 13 frames at 5.0 FPS [367421ms-370154ms]
2026-03-16 20:49:32,187 INFO vex_extract.cursor:   Cursor: 1/13 frames (1 detections)
2026-03-16 20:49:32,199 INFO vex_extract.cursor:   Cursor: 2/13 frames (2 detections)
2026-03-16 20:49:32,212 INFO vex_extract.cursor:   Cursor: 3/13 frames (3 detections)
2026-03-16 20:49:32,225 INFO vex_extract.cursor:   Cursor: 4/13 frames (4 detections)
2026-03-16 20:49:32,238 INFO vex_extract.cursor:   Cursor: 5/13 frames (5 detections)
2026-03-16 20:49:32,251 INFO vex_extract.cursor:   Cursor: 6/13 frames (6 detections)
2026-03-16 20:49:32,264 INFO vex_extract.cursor:   Cursor: 7/13 frames (7 detections)
2026-03-16 20:49:32,277 INFO vex_extract.cursor:   Cursor: 8/13 frames (8 detections)
2026-03-16 20:49:32,290 INFO vex_extract.cursor:   Cursor: 9/13 frames (9 detections)
2026-03-16 20:49:32,304 INFO vex_extract.cursor:   Cursor: 10/13 frames (10 detections)
2026-03-16 20:49:32,317 INFO vex_extract.cursor:   Cursor: 11/13 frames (11 detections)
2026-03-16 20:49:32,329 INFO vex_extract.cursor:   Cursor: 12/13 frames (12 detections)
2026-03-16 20:49:33,745 INFO vex_extract.cursor:   Cursor: pass 2 — 7 frames at 5.0 FPS [374933ms-376273ms]
2026-03-16 20:49:33,822 INFO vex_extract.cursor:   Cursor: 1/7 frames (1 detections)
2026-03-16 20:49:33,835 INFO vex_extract.cursor:   Cursor: 2/7 frames (2 detections)
2026-03-16 20:49:33,848 INFO vex_extract.cursor:   Cursor: 3/7 frames (3 detections)
2026-03-16 20:49:33,861 INFO vex_extract.cursor:   Cursor: 4/7 frames (4 detections)
2026-03-16 20:49:33,873 INFO vex_extract.cursor:   Cursor: 5/7 frames (5 detections)
2026-03-16 20:49:33,886 INFO vex_extract.cursor:   Cursor: 6/7 frames (6 detections)
2026-03-16 20:49:35,234 INFO vex_extract.cursor:   Cursor: pass 2 — 13 frames at 5.0 FPS [376327ms-379061ms]
2026-03-16 20:49:35,310 INFO vex_extract.cursor:   Cursor: 1/13 frames (1 detections)
2026-03-16 20:49:35,323 INFO vex_extract.cursor:   Cursor: 2/13 frames (2 detections)
2026-03-16 20:49:35,336 INFO vex_extract.cursor:   Cursor: 3/13 frames (3 detections)
2026-03-16 20:49:35,349 INFO vex_extract.cursor:   Cursor: 4/13 frames (4 detections)
2026-03-16 20:49:35,362 INFO vex_extract.cursor:   Cursor: 5/13 frames (5 detections)
2026-03-16 20:49:35,374 INFO vex_extract.cursor:   Cursor: 6/13 frames (6 detections)
2026-03-16 20:49:35,387 INFO vex_extract.cursor:   Cursor: 7/13 frames (7 detections)
2026-03-16 20:49:35,400 INFO vex_extract.cursor:   Cursor: 8/13 frames (8 detections)
2026-03-16 20:49:35,412 INFO vex_extract.cursor:   Cursor: 9/13 frames (9 detections)
2026-03-16 20:49:35,425 INFO vex_extract.cursor:   Cursor: 10/13 frames (10 detections)
2026-03-16 20:49:35,438 INFO vex_extract.cursor:   Cursor: 11/13 frames (11 detections)
2026-03-16 20:49:35,451 INFO vex_extract.cursor:   Cursor: 12/13 frames (12 detections)
2026-03-16 20:49:36,778 INFO vex_extract.cursor:   Cursor: pass 2 — 6 frames at 5.0 FPS [379081ms-380455ms]
2026-03-16 20:49:36,855 INFO vex_extract.cursor:   Cursor: 1/6 frames (1 detections)
2026-03-16 20:49:36,868 INFO vex_extract.cursor:   Cursor: 2/6 frames (2 detections)
2026-03-16 20:49:36,881 INFO vex_extract.cursor:   Cursor: 3/6 frames (3 detections)
2026-03-16 20:49:36,894 INFO vex_extract.cursor:   Cursor: 4/6 frames (4 detections)
2026-03-16 20:49:36,907 INFO vex_extract.cursor:   Cursor: 5/6 frames (5 detections)
2026-03-16 20:49:38,275 INFO vex_extract.cursor:   Cursor: pass 2 — 8 frames at 5.0 FPS [388735ms-390415ms]
2026-03-16 20:49:38,353 INFO vex_extract.cursor:   Cursor: 1/8 frames (1 detections)
2026-03-16 20:49:38,365 INFO vex_extract.cursor:   Cursor: 2/8 frames (2 detections)
2026-03-16 20:49:38,378 INFO vex_extract.cursor:   Cursor: 3/8 frames (3 detections)
2026-03-16 20:49:38,391 INFO vex_extract.cursor:   Cursor: 4/8 frames (4 detections)
2026-03-16 20:49:38,404 INFO vex_extract.cursor:   Cursor: 5/8 frames (5 detections)
2026-03-16 20:49:38,417 INFO vex_extract.cursor:   Cursor: 6/8 frames (6 detections)
2026-03-16 20:49:38,430 INFO vex_extract.cursor:   Cursor: 7/8 frames (7 detections)
2026-03-16 20:49:39,901 INFO vex_extract.cursor:   Cursor: pass 2 — 6 frames at 5.0 FPS [395704ms-397078ms]
2026-03-16 20:49:39,980 INFO vex_extract.cursor:   Cursor: 1/6 frames (1 detections)
2026-03-16 20:49:39,994 INFO vex_extract.cursor:   Cursor: 2/6 frames (2 detections)
2026-03-16 20:49:40,006 INFO vex_extract.cursor:   Cursor: 3/6 frames (3 detections)
2026-03-16 20:49:40,020 INFO vex_extract.cursor:   Cursor: 4/6 frames (4 detections)
2026-03-16 20:49:40,033 INFO vex_extract.cursor:   Cursor: 5/6 frames (5 detections)
2026-03-16 20:49:41,434 INFO vex_extract.cursor:   Cursor: pass 2 — 7 frames at 5.0 FPS [398627ms-400749ms]
2026-03-16 20:49:41,510 INFO vex_extract.cursor:   Cursor: 1/7 frames (1 detections)
2026-03-16 20:49:41,523 INFO vex_extract.cursor:   Cursor: 2/7 frames (2 detections)
2026-03-16 20:49:41,536 INFO vex_extract.cursor:   Cursor: 3/7 frames (3 detections)
2026-03-16 20:49:41,549 INFO vex_extract.cursor:   Cursor: 4/7 frames (4 detections)
2026-03-16 20:49:41,562 INFO vex_extract.cursor:   Cursor: 5/7 frames (5 detections)
2026-03-16 20:49:41,574 INFO vex_extract.cursor:   Cursor: 6/7 frames (6 detections)
2026-03-16 20:49:42,982 INFO vex_extract.cursor:   Cursor: pass 2 — 6 frames at 5.0 FPS [401347ms-403741ms]
2026-03-16 20:49:43,059 INFO vex_extract.cursor:   Cursor: 1/6 frames (1 detections)
2026-03-16 20:49:43,072 INFO vex_extract.cursor:   Cursor: 2/6 frames (2 detections)
2026-03-16 20:49:43,084 INFO vex_extract.cursor:   Cursor: 3/6 frames (3 detections)
2026-03-16 20:49:43,097 INFO vex_extract.cursor:   Cursor: 4/6 frames (4 detections)
2026-03-16 20:49:43,111 INFO vex_extract.cursor:   Cursor: 5/6 frames (5 detections)
2026-03-16 20:49:44,584 INFO vex_extract.cursor:   Cursor: pass 2 — 30 frames at 5.0 FPS [409744ms-420840ms]
2026-03-16 20:49:44,687 INFO vex_extract.cursor:   Cursor: 3/30 frames (3 detections)
2026-03-16 20:49:44,725 INFO vex_extract.cursor:   Cursor: 6/30 frames (6 detections)
2026-03-16 20:49:44,763 INFO vex_extract.cursor:   Cursor: 9/30 frames (9 detections)
2026-03-16 20:49:44,801 INFO vex_extract.cursor:   Cursor: 12/30 frames (12 detections)
2026-03-16 20:49:44,839 INFO vex_extract.cursor:   Cursor: 15/30 frames (15 detections)
2026-03-16 20:49:44,878 INFO vex_extract.cursor:   Cursor: 18/30 frames (18 detections)
2026-03-16 20:49:44,916 INFO vex_extract.cursor:   Cursor: 21/30 frames (21 detections)
2026-03-16 20:49:44,955 INFO vex_extract.cursor:   Cursor: 24/30 frames (24 detections)
2026-03-16 20:49:44,993 INFO vex_extract.cursor:   Cursor: 27/30 frames (27 detections)
2026-03-16 20:49:46,454 INFO vex_extract.cursor:   Cursor: pass 2 — 10 frames at 5.0 FPS [421200ms-424919ms]
2026-03-16 20:49:46,529 INFO vex_extract.cursor:   Cursor: 1/10 frames (1 detections)
2026-03-16 20:49:46,542 INFO vex_extract.cursor:   Cursor: 2/10 frames (2 detections)
2026-03-16 20:49:46,555 INFO vex_extract.cursor:   Cursor: 3/10 frames (3 detections)
2026-03-16 20:49:46,568 INFO vex_extract.cursor:   Cursor: 4/10 frames (4 detections)
2026-03-16 20:49:46,581 INFO vex_extract.cursor:   Cursor: 5/10 frames (5 detections)
2026-03-16 20:49:46,594 INFO vex_extract.cursor:   Cursor: 6/10 frames (6 detections)
2026-03-16 20:49:46,607 INFO vex_extract.cursor:   Cursor: 7/10 frames (7 detections)
2026-03-16 20:49:46,619 INFO vex_extract.cursor:   Cursor: 8/10 frames (8 detections)
2026-03-16 20:49:46,632 INFO vex_extract.cursor:   Cursor: 9/10 frames (9 detections)
2026-03-16 20:49:48,059 INFO vex_extract.cursor:   Cursor: pass 2 — 7 frames at 5.0 FPS [426775ms-430018ms]
2026-03-16 20:49:48,135 INFO vex_extract.cursor:   Cursor: 1/7 frames (1 detections)
2026-03-16 20:49:48,148 INFO vex_extract.cursor:   Cursor: 2/7 frames (2 detections)
2026-03-16 20:49:48,160 INFO vex_extract.cursor:   Cursor: 3/7 frames (3 detections)
2026-03-16 20:49:48,173 INFO vex_extract.cursor:   Cursor: 4/7 frames (4 detections)
2026-03-16 20:49:48,186 INFO vex_extract.cursor:   Cursor: 5/7 frames (5 detections)
2026-03-16 20:49:48,199 INFO vex_extract.cursor:   Cursor: 6/7 frames (6 detections)
2026-03-16 20:49:49,758 INFO vex_extract.cursor:   Cursor: pass 2 — 9 frames at 5.0 FPS [509925ms-513237ms]
2026-03-16 20:49:49,835 INFO vex_extract.cursor:   Cursor: 1/9 frames (1 detections)
2026-03-16 20:49:49,848 INFO vex_extract.cursor:   Cursor: 2/9 frames (2 detections)
2026-03-16 20:49:49,861 INFO vex_extract.cursor:   Cursor: 3/9 frames (3 detections)
2026-03-16 20:49:49,874 INFO vex_extract.cursor:   Cursor: 4/9 frames (4 detections)
2026-03-16 20:49:49,888 INFO vex_extract.cursor:   Cursor: 5/9 frames (5 detections)
2026-03-16 20:49:49,900 INFO vex_extract.cursor:   Cursor: 6/9 frames (6 detections)
2026-03-16 20:49:49,913 INFO vex_extract.cursor:   Cursor: 7/9 frames (7 detections)
2026-03-16 20:49:49,926 INFO vex_extract.cursor:   Cursor: 8/9 frames (8 detections)
2026-03-16 20:49:51,547 INFO vex_extract.cursor:   Cursor: pass 2 — 10 frames at 5.0 FPS [513494ms-515990ms]
2026-03-16 20:49:51,625 INFO vex_extract.cursor:   Cursor: 1/10 frames (1 detections)
2026-03-16 20:49:51,639 INFO vex_extract.cursor:   Cursor: 2/10 frames (2 detections)
2026-03-16 20:49:51,651 INFO vex_extract.cursor:   Cursor: 3/10 frames (3 detections)
2026-03-16 20:49:51,664 INFO vex_extract.cursor:   Cursor: 4/10 frames (4 detections)
2026-03-16 20:49:51,677 INFO vex_extract.cursor:   Cursor: 5/10 frames (5 detections)
2026-03-16 20:49:51,690 INFO vex_extract.cursor:   Cursor: 6/10 frames (6 detections)
2026-03-16 20:49:51,703 INFO vex_extract.cursor:   Cursor: 7/10 frames (7 detections)
2026-03-16 20:49:51,716 INFO vex_extract.cursor:   Cursor: 8/10 frames (8 detections)
2026-03-16 20:49:51,729 INFO vex_extract.cursor:   Cursor: 9/10 frames (9 detections)
2026-03-16 20:49:53,437 INFO vex_extract.cursor:   Cursor: pass 2 — 7 frames at 5.0 FPS [517064ms-518404ms]
2026-03-16 20:49:53,513 INFO vex_extract.cursor:   Cursor: 1/7 frames (1 detections)
2026-03-16 20:49:53,526 INFO vex_extract.cursor:   Cursor: 2/7 frames (2 detections)
2026-03-16 20:49:53,538 INFO vex_extract.cursor:   Cursor: 3/7 frames (3 detections)
2026-03-16 20:49:53,551 INFO vex_extract.cursor:   Cursor: 4/7 frames (4 detections)
2026-03-16 20:49:53,564 INFO vex_extract.cursor:   Cursor: 5/7 frames (5 detections)
2026-03-16 20:49:53,577 INFO vex_extract.cursor:   Cursor: 6/7 frames (6 detections)
2026-03-16 20:49:55,232 INFO vex_extract.cursor:   Cursor: pass 2 — 32 frames at 5.0 FPS [518458ms-525067ms]
2026-03-16 20:49:55,335 INFO vex_extract.cursor:   Cursor: 3/32 frames (3 detections)
2026-03-16 20:49:55,373 INFO vex_extract.cursor:   Cursor: 6/32 frames (6 detections)
2026-03-16 20:49:55,411 INFO vex_extract.cursor:   Cursor: 9/32 frames (9 detections)
2026-03-16 20:49:55,449 INFO vex_extract.cursor:   Cursor: 12/32 frames (12 detections)
2026-03-16 20:49:55,487 INFO vex_extract.cursor:   Cursor: 15/32 frames (15 detections)
2026-03-16 20:49:55,526 INFO vex_extract.cursor:   Cursor: 18/32 frames (18 detections)
2026-03-16 20:49:55,563 INFO vex_extract.cursor:   Cursor: 21/32 frames (21 detections)
2026-03-16 20:49:55,602 INFO vex_extract.cursor:   Cursor: 24/32 frames (24 detections)
2026-03-16 20:49:55,639 INFO vex_extract.cursor:   Cursor: 27/32 frames (27 detections)
2026-03-16 20:49:55,678 INFO vex_extract.cursor:   Cursor: 30/32 frames (30 detections)
2026-03-16 20:49:57,315 INFO vex_extract.cursor:   Cursor: pass 2 — 19 frames at 5.0 FPS [525120ms-529248ms]
2026-03-16 20:49:57,391 INFO vex_extract.cursor:   Cursor: 1/19 frames (1 detections)
2026-03-16 20:49:57,404 INFO vex_extract.cursor:   Cursor: 2/19 frames (2 detections)
2026-03-16 20:49:57,417 INFO vex_extract.cursor:   Cursor: 3/19 frames (3 detections)
2026-03-16 20:49:57,430 INFO vex_extract.cursor:   Cursor: 4/19 frames (4 detections)
2026-03-16 20:49:57,442 INFO vex_extract.cursor:   Cursor: 5/19 frames (5 detections)
2026-03-16 20:49:57,455 INFO vex_extract.cursor:   Cursor: 6/19 frames (6 detections)
2026-03-16 20:49:57,469 INFO vex_extract.cursor:   Cursor: 7/19 frames (7 detections)
2026-03-16 20:49:57,481 INFO vex_extract.cursor:   Cursor: 8/19 frames (8 detections)
2026-03-16 20:49:57,494 INFO vex_extract.cursor:   Cursor: 9/19 frames (9 detections)
2026-03-16 20:49:57,506 INFO vex_extract.cursor:   Cursor: 10/19 frames (10 detections)
2026-03-16 20:49:57,519 INFO vex_extract.cursor:   Cursor: 11/19 frames (11 detections)
2026-03-16 20:49:57,532 INFO vex_extract.cursor:   Cursor: 12/19 frames (12 detections)
2026-03-16 20:49:57,545 INFO vex_extract.cursor:   Cursor: 13/19 frames (13 detections)
2026-03-16 20:49:57,558 INFO vex_extract.cursor:   Cursor: 14/19 frames (14 detections)
2026-03-16 20:49:57,570 INFO vex_extract.cursor:   Cursor: 15/19 frames (15 detections)
2026-03-16 20:49:57,583 INFO vex_extract.cursor:   Cursor: 16/19 frames (16 detections)
2026-03-16 20:49:57,596 INFO vex_extract.cursor:   Cursor: 17/19 frames (17 detections)
2026-03-16 20:49:57,608 INFO vex_extract.cursor:   Cursor: 18/19 frames (18 detections)
2026-03-16 20:49:59,181 INFO vex_extract.cursor:   Cursor: pass 2 — 13 frames at 5.0 FPS [529336ms-532137ms]
2026-03-16 20:49:59,258 INFO vex_extract.cursor:   Cursor: 1/13 frames (1 detections)
2026-03-16 20:49:59,270 INFO vex_extract.cursor:   Cursor: 2/13 frames (2 detections)
2026-03-16 20:49:59,283 INFO vex_extract.cursor:   Cursor: 3/13 frames (3 detections)
2026-03-16 20:49:59,296 INFO vex_extract.cursor:   Cursor: 4/13 frames (4 detections)
2026-03-16 20:49:59,309 INFO vex_extract.cursor:   Cursor: 5/13 frames (5 detections)
2026-03-16 20:49:59,322 INFO vex_extract.cursor:   Cursor: 6/13 frames (6 detections)
2026-03-16 20:49:59,335 INFO vex_extract.cursor:   Cursor: 7/13 frames (7 detections)
2026-03-16 20:49:59,348 INFO vex_extract.cursor:   Cursor: 8/13 frames (8 detections)
2026-03-16 20:49:59,360 INFO vex_extract.cursor:   Cursor: 9/13 frames (9 detections)
2026-03-16 20:49:59,373 INFO vex_extract.cursor:   Cursor: 10/13 frames (10 detections)
2026-03-16 20:49:59,386 INFO vex_extract.cursor:   Cursor: 11/13 frames (11 detections)
2026-03-16 20:49:59,398 INFO vex_extract.cursor:   Cursor: 12/13 frames (12 detections)
2026-03-16 20:50:01,009 INFO vex_extract.cursor:   Cursor: pass 2 — 20 frames at 5.0 FPS [532191ms-536319ms]
2026-03-16 20:50:01,098 INFO vex_extract.cursor:   Cursor: 2/20 frames (2 detections)
2026-03-16 20:50:01,123 INFO vex_extract.cursor:   Cursor: 4/20 frames (4 detections)
2026-03-16 20:50:01,149 INFO vex_extract.cursor:   Cursor: 6/20 frames (6 detections)
2026-03-16 20:50:01,174 INFO vex_extract.cursor:   Cursor: 8/20 frames (8 detections)
2026-03-16 20:50:01,200 INFO vex_extract.cursor:   Cursor: 10/20 frames (10 detections)
2026-03-16 20:50:01,225 INFO vex_extract.cursor:   Cursor: 12/20 frames (12 detections)
2026-03-16 20:50:01,250 INFO vex_extract.cursor:   Cursor: 14/20 frames (14 detections)
2026-03-16 20:50:01,276 INFO vex_extract.cursor:   Cursor: 16/20 frames (16 detections)
2026-03-16 20:50:01,302 INFO vex_extract.cursor:   Cursor: 18/20 frames (18 detections)
2026-03-16 20:50:02,915 INFO vex_extract.cursor:   Cursor: pass 2 — 13 frames at 5.0 FPS [536746ms-539548ms]
2026-03-16 20:50:02,992 INFO vex_extract.cursor:   Cursor: 1/13 frames (1 detections)
2026-03-16 20:50:03,005 INFO vex_extract.cursor:   Cursor: 2/13 frames (2 detections)
2026-03-16 20:50:03,018 INFO vex_extract.cursor:   Cursor: 3/13 frames (3 detections)
2026-03-16 20:50:03,031 INFO vex_extract.cursor:   Cursor: 4/13 frames (4 detections)
2026-03-16 20:50:03,044 INFO vex_extract.cursor:   Cursor: 5/13 frames (5 detections)
2026-03-16 20:50:03,056 INFO vex_extract.cursor:   Cursor: 6/13 frames (6 detections)
2026-03-16 20:50:03,069 INFO vex_extract.cursor:   Cursor: 7/13 frames (7 detections)
2026-03-16 20:50:03,082 INFO vex_extract.cursor:   Cursor: 8/13 frames (8 detections)
2026-03-16 20:50:03,094 INFO vex_extract.cursor:   Cursor: 9/13 frames (9 detections)
2026-03-16 20:50:03,107 INFO vex_extract.cursor:   Cursor: 10/13 frames (10 detections)
2026-03-16 20:50:03,120 INFO vex_extract.cursor:   Cursor: 11/13 frames (11 detections)
2026-03-16 20:50:03,132 INFO vex_extract.cursor:   Cursor: 12/13 frames (12 detections)
2026-03-16 20:50:04,747 INFO vex_extract.cursor:   Cursor: pass 2 — 13 frames at 5.0 FPS [540282ms-543016ms]
2026-03-16 20:50:04,823 INFO vex_extract.cursor:   Cursor: 1/13 frames (1 detections)
2026-03-16 20:50:04,836 INFO vex_extract.cursor:   Cursor: 2/13 frames (2 detections)
2026-03-16 20:50:04,849 INFO vex_extract.cursor:   Cursor: 3/13 frames (3 detections)
2026-03-16 20:50:04,862 INFO vex_extract.cursor:   Cursor: 4/13 frames (4 detections)
2026-03-16 20:50:04,874 INFO vex_extract.cursor:   Cursor: 5/13 frames (5 detections)
2026-03-16 20:50:04,881 INFO vex_extract.cursor:   Cursor: 6/13 frames (6 detections)
2026-03-16 20:50:04,887 INFO vex_extract.cursor:   Cursor: 7/13 frames (7 detections)
2026-03-16 20:50:04,900 INFO vex_extract.cursor:   Cursor: 8/13 frames (8 detections)
2026-03-16 20:50:04,912 INFO vex_extract.cursor:   Cursor: 9/13 frames (9 detections)
2026-03-16 20:50:04,925 INFO vex_extract.cursor:   Cursor: 10/13 frames (10 detections)
2026-03-16 20:50:04,938 INFO vex_extract.cursor:   Cursor: 11/13 frames (11 detections)
2026-03-16 20:50:04,950 INFO vex_extract.cursor:   Cursor: 12/13 frames (12 detections)
2026-03-16 20:50:06,592 INFO vex_extract.cursor:   Cursor: pass 2 — 13 frames at 5.0 FPS [543137ms-545871ms]
2026-03-16 20:50:06,669 INFO vex_extract.cursor:   Cursor: 1/13 frames (1 detections)
2026-03-16 20:50:06,682 INFO vex_extract.cursor:   Cursor: 2/13 frames (2 detections)
2026-03-16 20:50:06,695 INFO vex_extract.cursor:   Cursor: 3/13 frames (3 detections)
2026-03-16 20:50:06,707 INFO vex_extract.cursor:   Cursor: 4/13 frames (4 detections)
2026-03-16 20:50:06,720 INFO vex_extract.cursor:   Cursor: 5/13 frames (5 detections)
2026-03-16 20:50:06,733 INFO vex_extract.cursor:   Cursor: 6/13 frames (6 detections)
2026-03-16 20:50:06,746 INFO vex_extract.cursor:   Cursor: 7/13 frames (7 detections)
2026-03-16 20:50:06,758 INFO vex_extract.cursor:   Cursor: 8/13 frames (8 detections)
2026-03-16 20:50:06,771 INFO vex_extract.cursor:   Cursor: 9/13 frames (9 detections)
2026-03-16 20:50:06,784 INFO vex_extract.cursor:   Cursor: 10/13 frames (10 detections)
2026-03-16 20:50:06,796 INFO vex_extract.cursor:   Cursor: 11/13 frames (11 detections)
2026-03-16 20:50:06,809 INFO vex_extract.cursor:   Cursor: 12/13 frames (12 detections)
2026-03-16 20:50:08,469 INFO vex_extract.cursor:   Cursor: pass 2 — 9 frames at 5.0 FPS [549800ms-551480ms]
2026-03-16 20:50:08,545 INFO vex_extract.cursor:   Cursor: 1/9 frames (1 detections)
2026-03-16 20:50:08,558 INFO vex_extract.cursor:   Cursor: 2/9 frames (2 detections)
2026-03-16 20:50:08,571 INFO vex_extract.cursor:   Cursor: 3/9 frames (3 detections)
2026-03-16 20:50:08,584 INFO vex_extract.cursor:   Cursor: 4/9 frames (4 detections)
2026-03-16 20:50:08,597 INFO vex_extract.cursor:   Cursor: 5/9 frames (5 detections)
2026-03-16 20:50:08,609 INFO vex_extract.cursor:   Cursor: 6/9 frames (6 detections)
2026-03-16 20:50:08,622 INFO vex_extract.cursor:   Cursor: 7/9 frames (7 detections)
2026-03-16 20:50:08,635 INFO vex_extract.cursor:   Cursor: 8/9 frames (8 detections)
2026-03-16 20:50:10,298 INFO vex_extract.cursor:   Cursor: pass 2 — 8 frames at 5.0 FPS [551568ms-553282ms]
2026-03-16 20:50:10,374 INFO vex_extract.cursor:   Cursor: 1/8 frames (1 detections)
2026-03-16 20:50:10,387 INFO vex_extract.cursor:   Cursor: 2/8 frames (2 detections)
2026-03-16 20:50:10,400 INFO vex_extract.cursor:   Cursor: 3/8 frames (3 detections)
2026-03-16 20:50:10,413 INFO vex_extract.cursor:   Cursor: 4/8 frames (4 detections)
2026-03-16 20:50:10,426 INFO vex_extract.cursor:   Cursor: 5/8 frames (5 detections)
2026-03-16 20:50:10,438 INFO vex_extract.cursor:   Cursor: 6/8 frames (6 detections)
2026-03-16 20:50:10,451 INFO vex_extract.cursor:   Cursor: 7/8 frames (7 detections)
2026-03-16 20:50:12,123 INFO vex_extract.cursor:   Cursor: pass 2 — 10 frames at 5.0 FPS [553336ms-555390ms]
2026-03-16 20:50:12,200 INFO vex_extract.cursor:   Cursor: 1/10 frames (1 detections)
2026-03-16 20:50:12,213 INFO vex_extract.cursor:   Cursor: 2/10 frames (2 detections)
2026-03-16 20:50:12,226 INFO vex_extract.cursor:   Cursor: 3/10 frames (3 detections)
2026-03-16 20:50:12,239 INFO vex_extract.cursor:   Cursor: 4/10 frames (4 detections)
2026-03-16 20:50:12,252 INFO vex_extract.cursor:   Cursor: 5/10 frames (5 detections)
2026-03-16 20:50:12,265 INFO vex_extract.cursor:   Cursor: 6/10 frames (6 detections)
2026-03-16 20:50:12,278 INFO vex_extract.cursor:   Cursor: 7/10 frames (7 detections)
2026-03-16 20:50:12,291 INFO vex_extract.cursor:   Cursor: 8/10 frames (8 detections)
2026-03-16 20:50:12,303 INFO vex_extract.cursor:   Cursor: 9/10 frames (9 detections)
2026-03-16 20:50:13,978 INFO vex_extract.cursor:   Cursor: pass 2 — 7 frames at 5.0 FPS [556905ms-558279ms]
2026-03-16 20:50:14,054 INFO vex_extract.cursor:   Cursor: 1/7 frames (1 detections)
2026-03-16 20:50:14,067 INFO vex_extract.cursor:   Cursor: 2/7 frames (2 detections)
2026-03-16 20:50:14,080 INFO vex_extract.cursor:   Cursor: 3/7 frames (3 detections)
2026-03-16 20:50:14,093 INFO vex_extract.cursor:   Cursor: 4/7 frames (4 detections)
2026-03-16 20:50:14,106 INFO vex_extract.cursor:   Cursor: 5/7 frames (5 detections)
2026-03-16 20:50:14,119 INFO vex_extract.cursor:   Cursor: 6/7 frames (6 detections)
2026-03-16 20:50:15,826 INFO vex_extract.cursor:   Cursor: pass 2 — 8 frames at 5.0 FPS [569993ms-571673ms]
2026-03-16 20:50:15,902 INFO vex_extract.cursor:   Cursor: 1/8 frames (1 detections)
2026-03-16 20:50:15,915 INFO vex_extract.cursor:   Cursor: 2/8 frames (2 detections)
2026-03-16 20:50:15,927 INFO vex_extract.cursor:   Cursor: 3/8 frames (3 detections)
2026-03-16 20:50:15,940 INFO vex_extract.cursor:   Cursor: 4/8 frames (4 detections)
2026-03-16 20:50:15,952 INFO vex_extract.cursor:   Cursor: 5/8 frames (5 detections)
2026-03-16 20:50:15,965 INFO vex_extract.cursor:   Cursor: 6/8 frames (6 detections)
2026-03-16 20:50:15,977 INFO vex_extract.cursor:   Cursor: 7/8 frames (7 detections)
2026-03-16 20:50:17,687 INFO vex_extract.cursor:   Cursor: pass 2 — 6 frames at 5.0 FPS [576112ms-577452ms]
2026-03-16 20:50:17,763 INFO vex_extract.cursor:   Cursor: 1/6 frames (1 detections)
2026-03-16 20:50:17,776 INFO vex_extract.cursor:   Cursor: 2/6 frames (2 detections)
2026-03-16 20:50:17,788 INFO vex_extract.cursor:   Cursor: 3/6 frames (3 detections)
2026-03-16 20:50:17,801 INFO vex_extract.cursor:   Cursor: 4/6 frames (4 detections)
2026-03-16 20:50:17,814 INFO vex_extract.cursor:   Cursor: 5/6 frames (5 detections)
2026-03-16 20:50:19,542 INFO vex_extract.cursor:   Cursor: pass 2 — 7 frames at 5.0 FPS [580327ms-582075ms]
2026-03-16 20:50:19,618 INFO vex_extract.cursor:   Cursor: 1/7 frames (1 detections)
2026-03-16 20:50:19,631 INFO vex_extract.cursor:   Cursor: 2/7 frames (2 detections)
2026-03-16 20:50:19,644 INFO vex_extract.cursor:   Cursor: 3/7 frames (3 detections)
2026-03-16 20:50:19,657 INFO vex_extract.cursor:   Cursor: 4/7 frames (4 detections)
2026-03-16 20:50:19,669 INFO vex_extract.cursor:   Cursor: 5/7 frames (5 detections)
2026-03-16 20:50:19,682 INFO vex_extract.cursor:   Cursor: 6/7 frames (6 detections)
2026-03-16 20:50:21,438 INFO vex_extract.cursor:   Cursor: pass 2 — 12 frames at 5.0 FPS [583659ms-588942ms]
2026-03-16 20:50:21,515 INFO vex_extract.cursor:   Cursor: 1/12 frames (1 detections)
2026-03-16 20:50:21,528 INFO vex_extract.cursor:   Cursor: 2/12 frames (2 detections)
2026-03-16 20:50:21,540 INFO vex_extract.cursor:   Cursor: 3/12 frames (3 detections)
2026-03-16 20:50:21,553 INFO vex_extract.cursor:   Cursor: 4/12 frames (4 detections)
2026-03-16 20:50:21,566 INFO vex_extract.cursor:   Cursor: 5/12 frames (5 detections)
2026-03-16 20:50:21,578 INFO vex_extract.cursor:   Cursor: 6/12 frames (6 detections)
2026-03-16 20:50:21,591 INFO vex_extract.cursor:   Cursor: 7/12 frames (7 detections)
2026-03-16 20:50:21,604 INFO vex_extract.cursor:   Cursor: 8/12 frames (8 detections)
2026-03-16 20:50:21,617 INFO vex_extract.cursor:   Cursor: 9/12 frames (9 detections)
2026-03-16 20:50:21,629 INFO vex_extract.cursor:   Cursor: 10/12 frames (10 detections)
2026-03-16 20:50:21,642 INFO vex_extract.cursor:   Cursor: 11/12 frames (11 detections)
2026-03-16 20:50:23,378 INFO vex_extract.cursor:   Cursor: pass 2 — 3 frames at 5.0 FPS [591987ms-594959ms]
2026-03-16 20:50:23,456 INFO vex_extract.cursor:   Cursor: 1/3 frames (1 detections)
2026-03-16 20:50:23,468 INFO vex_extract.cursor:   Cursor: 2/3 frames (2 detections)
2026-03-16 20:50:25,209 INFO vex_extract.cursor:   Cursor: pass 2 — 6 frames at 5.0 FPS [597970ms-601656ms]
2026-03-16 20:50:25,286 INFO vex_extract.cursor:   Cursor: 1/6 frames (1 detections)
2026-03-16 20:50:25,299 INFO vex_extract.cursor:   Cursor: 2/6 frames (2 detections)
2026-03-16 20:50:25,312 INFO vex_extract.cursor:   Cursor: 3/6 frames (3 detections)
2026-03-16 20:50:25,324 INFO vex_extract.cursor:   Cursor: 4/6 frames (4 detections)
2026-03-16 20:50:25,338 INFO vex_extract.cursor:   Cursor: 5/6 frames (5 detections)
2026-03-16 20:50:27,083 INFO vex_extract.cursor:   Cursor: pass 2 — 4 frames at 5.0 FPS [603035ms-605259ms]
2026-03-16 20:50:27,158 INFO vex_extract.cursor:   Cursor: 1/4 frames (1 detections)
2026-03-16 20:50:27,172 INFO vex_extract.cursor:   Cursor: 2/4 frames (2 detections)
2026-03-16 20:50:27,184 INFO vex_extract.cursor:   Cursor: 3/4 frames (3 detections)
2026-03-16 20:50:28,979 INFO vex_extract.cursor:   Cursor: pass 2 — 6 frames at 5.0 FPS [648520ms-653293ms]
2026-03-16 20:50:29,056 INFO vex_extract.cursor:   Cursor: 1/6 frames (1 detections)
2026-03-16 20:50:29,069 INFO vex_extract.cursor:   Cursor: 2/6 frames (2 detections)
2026-03-16 20:50:29,082 INFO vex_extract.cursor:   Cursor: 3/6 frames (3 detections)
2026-03-16 20:50:29,094 INFO vex_extract.cursor:   Cursor: 4/6 frames (4 detections)
2026-03-16 20:50:29,106 INFO vex_extract.cursor:   Cursor: 5/6 frames (5 detections)
2026-03-16 20:50:30,892 INFO vex_extract.cursor:   Cursor: pass 2 — 5 frames at 5.0 FPS [654775ms-656455ms]
2026-03-16 20:50:30,967 INFO vex_extract.cursor:   Cursor: 1/5 frames (1 detections)
2026-03-16 20:50:30,981 INFO vex_extract.cursor:   Cursor: 2/5 frames (2 detections)
2026-03-16 20:50:30,993 INFO vex_extract.cursor:   Cursor: 3/5 frames (3 detections)
2026-03-16 20:50:31,006 INFO vex_extract.cursor:   Cursor: 4/5 frames (4 detections)
2026-03-16 20:50:31,022 INFO vex_extract.cursor:   Cursor: merged 1849 detections (1849 detected)
2026-03-16 20:50:31,022 INFO vex_extract.cursor:   Cursor: filtering 108 static detections at (602.0, 394.0) spanning 36884ms
2026-03-16 20:50:31,022 INFO vex_extract.cursor:   Cursor: filtering 18 static detections at (986.0, 448.0) spanning 8567ms
2026-03-16 20:50:31,022 INFO vex_extract.cursor:   Cursor: filtering 13 static detections at (1563.0, 1040.0) spanning 3603ms
2026-03-16 20:50:31,022 INFO vex_extract.cursor:   Cursor: filtering 25 static detections at (1610.0, 6.0) spanning 5133ms
2026-03-16 20:50:31,022 INFO vex_extract.cursor:   Cursor: filtering 22 static detections at (1509.0, 679.0) spanning 7513ms
2026-03-16 20:50:31,022 INFO vex_extract.cursor:   Cursor: filtering 19 static detections at (1509.0, 677.0) spanning 5915ms
2026-03-16 20:50:31,022 INFO vex_extract.cursor:   Cursor: filtering 37 static detections at (1509.0, 677.0) spanning 11490ms
2026-03-16 20:50:31,022 INFO vex_extract.cursor:   Cursor: filtering 19 static detections at (1610.0, 6.0) spanning 3807ms
2026-03-16 20:50:31,022 INFO vex_extract.cursor:   Cursor: filtering 11 static detections at (1563.0, 988.0) spanning 3331ms
2026-03-16 20:50:31,023 INFO vex_extract.cursor:   Cursor: filtering 31 static detections at (1610.0, 6.0) spanning 8227ms
2026-03-16 20:50:31,023 INFO vex_extract.cursor:   Cursor: filtering 27 static detections at (1541.0, 377.0) spanning 22980ms
2026-03-16 20:50:31,023 INFO vex_extract.cursor:   Cursor: filtering 24 static detections at (757.0, 825.0) spanning 19887ms
2026-03-16 20:50:31,023 INFO vex_extract.cursor:   Cursor: filtering 22 static detections at (1042.0, 722.0) spanning 6221ms
2026-03-16 20:50:31,023 INFO vex_extract.cursor:   Cursor: filtering 29 static detections at (566.0, 523.0) spanning 9416ms
2026-03-16 20:50:31,023 INFO vex_extract.cursor:   Cursor: filtering 24 static detections at (566.0, 523.0) spanning 8125ms
2026-03-16 20:50:31,023 INFO vex_extract.cursor:   Cursor: filtering 39 static detections at (1610.0, 6.0) spanning 10198ms
2026-03-16 20:50:31,023 INFO vex_extract.cursor:   Cursor: filtering 17 static detections at (36.0, 169.0) spanning 5201ms
2026-03-16 20:50:31,023 INFO vex_extract.cursor:   Cursor: filtering 13 static detections at (36.0, 169.0) spanning 3535ms
2026-03-16 20:50:31,023 INFO vex_extract.cursor:   Cursor: filtering 22 static detections at (1548.0, 817.0) spanning 6459ms
2026-03-16 20:50:31,023 INFO vex_extract.cursor:   Cursor: filtering 27 static detections at (1134.0, 570.0) spanning 8907ms
2026-03-16 20:50:31,023 INFO vex_extract.cursor:   Cursor: filtering 14 static detections at (1134.0, 570.0) spanning 4827ms
2026-03-16 20:50:31,023 INFO vex_extract.cursor:   Cursor: filtering 7 static detections at (574.0, 171.0) spanning 4997ms
2026-03-16 20:50:31,023 INFO vex_extract.cursor:   Cursor: filtering 81 static detections at (1767.0, 280.0) spanning 78697ms
2026-03-16 20:50:31,023 INFO vex_extract.cursor:   Cursor: filtering 39 static detections at (1610.0, 6.0) spanning 7819ms
2026-03-16 20:50:31,023 INFO vex_extract.cursor:   Cursor: filtering 33 static detections at (1610.0, 6.0) spanning 6799ms
2026-03-16 20:50:31,023 INFO vex_extract.cursor:   Cursor: filtering 33 static detections at (1095.0, 1125.0) spanning 11354ms
2026-03-16 20:50:31,023 INFO vex_extract.cursor:   Cursor: filtering 12 static detections at (1095.0, 1125.0) spanning 3909ms
2026-03-16 20:50:31,023 INFO vex_extract.cursor:   Cursor: filtering 44 static detections at (1616.0, 756.0) spanning 42187ms
2026-03-16 20:50:31,023 INFO vex_extract.cursor:   Cursor: filtering 6 static detections at (1610.0, 6.0) spanning 4249ms
2026-03-16 20:50:31,029 INFO vex_extract.pipeline:   Cached cursor trajectory: /Users/nic/Developer/spike-air-315-vision-processing/candidates/2026-03-14/tmp/cv/travel_expert_lisa_4c5714dc_cursor/cursor_trajectory.json
2026-03-16 20:50:31,029 INFO vex_extract.pipeline:   1849 cursor detections (1033 detected) in 134.1s
2026-03-16 20:50:31,029 INFO vex_extract.pipeline: Step 3: Computing optical flow...
2026-03-16 20:50:33,238 INFO vex_extract.flow:   Flow: computing across 1021 frame pairs...
2026-03-16 20:50:36,443 INFO vex_extract.pipeline:   Cached flow windows: /Users/nic/Developer/spike-air-315-vision-processing/candidates/2026-03-14/tmp/cv/travel_expert_lisa_bb5a87ef_4c5714dc_flow/flow_windows.json
2026-03-16 20:50:36,444 INFO vex_extract.pipeline:   757 flow windows in 5.4s
2026-03-16 20:50:36,444 INFO vex_extract.pipeline: Step 4: Creating video segments...
2026-03-16 20:50:36,444 INFO vex_extract.pipeline:   9 segments
2026-03-16 20:50:36,444 INFO vex_extract.pipeline:   Segment 0: cached
2026-03-16 20:50:36,444 INFO vex_extract.pipeline:   Segment 1: cached
2026-03-16 20:50:36,444 INFO vex_extract.pipeline:   Segment 2: cached
2026-03-16 20:50:36,444 INFO vex_extract.pipeline:   Segment 3: cached
2026-03-16 20:50:36,444 INFO vex_extract.pipeline:   Segment 4: cached
2026-03-16 20:50:36,444 INFO vex_extract.pipeline:   Segment 5: cached
2026-03-16 20:50:36,444 INFO vex_extract.pipeline:   Segment 6: cached
2026-03-16 20:50:36,444 INFO vex_extract.pipeline:   Segment 7: cached
2026-03-16 20:50:36,444 INFO vex_extract.pipeline:   Segment 8: cached
2026-03-16 20:50:36,444 INFO vex_extract.pipeline: Step 5: Preparing prompts...
2026-03-16 20:50:36,445 INFO vex_extract.analysis: Segment 0: prompt prepared (10784 chars)
2026-03-16 20:50:36,446 INFO vex_extract.analysis: Segment 1: prompt prepared (11000 chars)
2026-03-16 20:50:36,446 INFO vex_extract.analysis: Segment 2: prompt prepared (12299 chars)
2026-03-16 20:50:36,447 INFO vex_extract.analysis: Segment 3: prompt prepared (10763 chars)
2026-03-16 20:50:36,448 INFO vex_extract.analysis: Segment 4: prompt prepared (11944 chars)
2026-03-16 20:50:36,448 INFO vex_extract.analysis: Segment 5: prompt prepared (10877 chars)
2026-03-16 20:50:36,449 INFO vex_extract.analysis: Segment 6: prompt prepared (9627 chars)
2026-03-16 20:50:36,450 INFO vex_extract.analysis: Segment 7: prompt prepared (11453 chars)
2026-03-16 20:50:36,450 INFO vex_extract.analysis: Segment 8: prompt prepared (9994 chars)
2026-03-16 20:50:36,450 INFO vex_extract.pipeline:   9 prompts prepared
2026-03-16 20:50:36,450 INFO vex_extract.pipeline: Stopped after: prompt
