2026-03-16 20:31:29,215 INFO vex_extract.pipeline: === Video Event Extractor ===
2026-03-16 20:31:29,215 INFO vex_extract.pipeline: Video: /Users/nic/Developer/spike-air-315-vision-processing/input_data/screen_tracks/travel_expert_lisa.webm
2026-03-16 20:31:29,215 INFO vex_extract.pipeline: Offset: 29690 ms
2026-03-16 20:31:29,215 INFO vex_extract.pipeline: Run ID: 2026-03-16_103129
2026-03-16 20:31:29,215 INFO vex_extract.pipeline: Stop after: prompt
2026-03-16 20:31:29,215 INFO vex_extract.pipeline: Step 1: Normalizing video...
2026-03-16 20:31:29,215 INFO vex_extract.pipeline:   Using cached normalized video: /Users/nic/Developer/spike-air-315-vision-processing/candidates/2026-03-14/tmp/travel_expert_lisa_normalized.mp4
2026-03-16 20:31:29,244 INFO vex_extract.pipeline:   Duration: 656.3s, 1790x1158, 29.4 fps
2026-03-16 20:31:29,244 INFO vex_extract.pipeline: Step 2: Tracking cursor...
2026-03-16 20:31:32,398 INFO vex_extract.cursor:   Cursor: pass 1 — matching 549 frames at 1.0 FPS against 6 templates x 7 scales at 540p...
2026-03-16 20:31:33,359 INFO vex_extract.cursor:   Cursor: 54/549 frames (54 detections)
2026-03-16 20:31:34,040 INFO vex_extract.cursor:   Cursor: 108/549 frames (108 detections)
2026-03-16 20:31:34,725 INFO vex_extract.cursor:   Cursor: 162/549 frames (162 detections)
2026-03-16 20:31:35,431 INFO vex_extract.cursor:   Cursor: 216/549 frames (216 detections)
2026-03-16 20:31:36,131 INFO vex_extract.cursor:   Cursor: 270/549 frames (270 detections)
2026-03-16 20:31:36,841 INFO vex_extract.cursor:   Cursor: 324/549 frames (324 detections)
2026-03-16 20:31:37,549 INFO vex_extract.cursor:   Cursor: 378/549 frames (378 detections)
2026-03-16 20:31:38,239 INFO vex_extract.cursor:   Cursor: 432/549 frames (432 detections)
2026-03-16 20:31:38,929 INFO vex_extract.cursor:   Cursor: 486/549 frames (486 detections)
2026-03-16 20:31:39,771 INFO vex_extract.cursor:   Cursor: 540/549 frames (540 detections)
2026-03-16 20:31:39,918 INFO vex_extract.cursor:   Cursor: calibrated to scales (0.3, 0.4) from coarse pass
2026-03-16 20:31:39,918 INFO vex_extract.cursor:   Cursor: 76 active regions identified
2026-03-16 20:31:39,981 INFO vex_extract.cursor:   Cursor: pass 2 — 15 frames at 5.0 FPS [554ms-3627ms]
2026-03-16 20:31:40,057 INFO vex_extract.cursor:   Cursor: 1/15 frames (1 detections)
2026-03-16 20:31:40,070 INFO vex_extract.cursor:   Cursor: 2/15 frames (2 detections)
2026-03-16 20:31:40,083 INFO vex_extract.cursor:   Cursor: 3/15 frames (3 detections)
2026-03-16 20:31:40,096 INFO vex_extract.cursor:   Cursor: 4/15 frames (4 detections)
2026-03-16 20:31:40,109 INFO vex_extract.cursor:   Cursor: 5/15 frames (5 detections)
2026-03-16 20:31:40,121 INFO vex_extract.cursor:   Cursor: 6/15 frames (6 detections)
2026-03-16 20:31:40,134 INFO vex_extract.cursor:   Cursor: 7/15 frames (7 detections)
2026-03-16 20:31:40,147 INFO vex_extract.cursor:   Cursor: 8/15 frames (8 detections)
2026-03-16 20:31:40,160 INFO vex_extract.cursor:   Cursor: 9/15 frames (9 detections)
2026-03-16 20:31:40,172 INFO vex_extract.cursor:   Cursor: 10/15 frames (10 detections)
2026-03-16 20:31:40,184 INFO vex_extract.cursor:   Cursor: 11/15 frames (11 detections)
2026-03-16 20:31:40,197 INFO vex_extract.cursor:   Cursor: 12/15 frames (12 detections)
2026-03-16 20:31:40,210 INFO vex_extract.cursor:   Cursor: 13/15 frames (13 detections)
2026-03-16 20:31:40,223 INFO vex_extract.cursor:   Cursor: 14/15 frames (14 detections)
2026-03-16 20:31:40,371 INFO vex_extract.cursor:   Cursor: pass 2 — 10 frames at 5.0 FPS [39035ms-41089ms]
2026-03-16 20:31:40,448 INFO vex_extract.cursor:   Cursor: 1/10 frames (1 detections)
2026-03-16 20:31:40,461 INFO vex_extract.cursor:   Cursor: 2/10 frames (2 detections)
2026-03-16 20:31:40,474 INFO vex_extract.cursor:   Cursor: 3/10 frames (3 detections)
2026-03-16 20:31:40,487 INFO vex_extract.cursor:   Cursor: 4/10 frames (4 detections)
2026-03-16 20:31:40,499 INFO vex_extract.cursor:   Cursor: 5/10 frames (5 detections)
2026-03-16 20:31:40,512 INFO vex_extract.cursor:   Cursor: 6/10 frames (6 detections)
2026-03-16 20:31:40,525 INFO vex_extract.cursor:   Cursor: 7/10 frames (7 detections)
2026-03-16 20:31:40,538 INFO vex_extract.cursor:   Cursor: 8/10 frames (8 detections)
2026-03-16 20:31:40,550 INFO vex_extract.cursor:   Cursor: 9/10 frames (9 detections)
2026-03-16 20:31:40,697 INFO vex_extract.cursor:   Cursor: pass 2 — 8 frames at 5.0 FPS [42163ms-44217ms]
2026-03-16 20:31:40,773 INFO vex_extract.cursor:   Cursor: 1/8 frames (1 detections)
2026-03-16 20:31:40,786 INFO vex_extract.cursor:   Cursor: 2/8 frames (2 detections)
2026-03-16 20:31:40,799 INFO vex_extract.cursor:   Cursor: 3/8 frames (3 detections)
2026-03-16 20:31:40,812 INFO vex_extract.cursor:   Cursor: 4/8 frames (4 detections)
2026-03-16 20:31:40,825 INFO vex_extract.cursor:   Cursor: 5/8 frames (5 detections)
2026-03-16 20:31:40,837 INFO vex_extract.cursor:   Cursor: 6/8 frames (6 detections)
2026-03-16 20:31:40,850 INFO vex_extract.cursor:   Cursor: 7/8 frames (7 detections)
2026-03-16 20:31:41,003 INFO vex_extract.cursor:   Cursor: pass 2 — 8 frames at 5.0 FPS [44441ms-46494ms]
2026-03-16 20:31:41,078 INFO vex_extract.cursor:   Cursor: 1/8 frames (1 detections)
2026-03-16 20:31:41,091 INFO vex_extract.cursor:   Cursor: 2/8 frames (2 detections)
2026-03-16 20:31:41,104 INFO vex_extract.cursor:   Cursor: 3/8 frames (3 detections)
2026-03-16 20:31:41,117 INFO vex_extract.cursor:   Cursor: 4/8 frames (4 detections)
2026-03-16 20:31:41,130 INFO vex_extract.cursor:   Cursor: 5/8 frames (5 detections)
2026-03-16 20:31:41,142 INFO vex_extract.cursor:   Cursor: 6/8 frames (6 detections)
2026-03-16 20:31:41,155 INFO vex_extract.cursor:   Cursor: 7/8 frames (7 detections)
2026-03-16 20:31:41,343 INFO vex_extract.cursor:   Cursor: pass 2 — 18 frames at 5.0 FPS [47568ms-51695ms]
2026-03-16 20:31:41,419 INFO vex_extract.cursor:   Cursor: 1/18 frames (1 detections)
2026-03-16 20:31:41,432 INFO vex_extract.cursor:   Cursor: 2/18 frames (2 detections)
2026-03-16 20:31:41,444 INFO vex_extract.cursor:   Cursor: 3/18 frames (3 detections)
2026-03-16 20:31:41,457 INFO vex_extract.cursor:   Cursor: 4/18 frames (4 detections)
2026-03-16 20:31:41,470 INFO vex_extract.cursor:   Cursor: 5/18 frames (5 detections)
2026-03-16 20:31:41,483 INFO vex_extract.cursor:   Cursor: 6/18 frames (6 detections)
2026-03-16 20:31:41,495 INFO vex_extract.cursor:   Cursor: 7/18 frames (7 detections)
2026-03-16 20:31:41,508 INFO vex_extract.cursor:   Cursor: 8/18 frames (8 detections)
2026-03-16 20:31:41,520 INFO vex_extract.cursor:   Cursor: 9/18 frames (9 detections)
2026-03-16 20:31:41,533 INFO vex_extract.cursor:   Cursor: 10/18 frames (10 detections)
2026-03-16 20:31:41,546 INFO vex_extract.cursor:   Cursor: 11/18 frames (11 detections)
2026-03-16 20:31:41,558 INFO vex_extract.cursor:   Cursor: 12/18 frames (12 detections)
2026-03-16 20:31:41,571 INFO vex_extract.cursor:   Cursor: 13/18 frames (13 detections)
2026-03-16 20:31:41,583 INFO vex_extract.cursor:   Cursor: 14/18 frames (14 detections)
2026-03-16 20:31:41,596 INFO vex_extract.cursor:   Cursor: 15/18 frames (15 detections)
2026-03-16 20:31:41,609 INFO vex_extract.cursor:   Cursor: 16/18 frames (16 detections)
2026-03-16 20:31:41,621 INFO vex_extract.cursor:   Cursor: 17/18 frames (17 detections)
2026-03-16 20:31:41,783 INFO vex_extract.cursor:   Cursor: pass 2 — 5 frames at 5.0 FPS [60826ms-62948ms]
2026-03-16 20:31:41,858 INFO vex_extract.cursor:   Cursor: 1/5 frames (1 detections)
2026-03-16 20:31:41,871 INFO vex_extract.cursor:   Cursor: 2/5 frames (2 detections)
2026-03-16 20:31:41,884 INFO vex_extract.cursor:   Cursor: 3/5 frames (3 detections)
2026-03-16 20:31:41,897 INFO vex_extract.cursor:   Cursor: 4/5 frames (4 detections)
2026-03-16 20:31:42,090 INFO vex_extract.cursor:   Cursor: pass 2 — 14 frames at 5.0 FPS [62967ms-66041ms]
2026-03-16 20:31:42,167 INFO vex_extract.cursor:   Cursor: 1/14 frames (1 detections)
2026-03-16 20:31:42,180 INFO vex_extract.cursor:   Cursor: 2/14 frames (2 detections)
2026-03-16 20:31:42,192 INFO vex_extract.cursor:   Cursor: 3/14 frames (3 detections)
2026-03-16 20:31:42,205 INFO vex_extract.cursor:   Cursor: 4/14 frames (4 detections)
2026-03-16 20:31:42,218 INFO vex_extract.cursor:   Cursor: 5/14 frames (5 detections)
2026-03-16 20:31:42,231 INFO vex_extract.cursor:   Cursor: 6/14 frames (6 detections)
2026-03-16 20:31:42,243 INFO vex_extract.cursor:   Cursor: 7/14 frames (7 detections)
2026-03-16 20:31:42,256 INFO vex_extract.cursor:   Cursor: 8/14 frames (8 detections)
2026-03-16 20:31:42,268 INFO vex_extract.cursor:   Cursor: 9/14 frames (9 detections)
2026-03-16 20:31:42,281 INFO vex_extract.cursor:   Cursor: 10/14 frames (10 detections)
2026-03-16 20:31:42,294 INFO vex_extract.cursor:   Cursor: 11/14 frames (11 detections)
2026-03-16 20:31:42,306 INFO vex_extract.cursor:   Cursor: 12/14 frames (12 detections)
2026-03-16 20:31:42,319 INFO vex_extract.cursor:   Cursor: 13/14 frames (13 detections)
2026-03-16 20:31:42,501 INFO vex_extract.cursor:   Cursor: pass 2 — 7 frames at 5.0 FPS [69426ms-71446ms]
2026-03-16 20:31:42,577 INFO vex_extract.cursor:   Cursor: 1/7 frames (1 detections)
2026-03-16 20:31:42,589 INFO vex_extract.cursor:   Cursor: 2/7 frames (2 detections)
2026-03-16 20:31:42,602 INFO vex_extract.cursor:   Cursor: 3/7 frames (3 detections)
2026-03-16 20:31:42,615 INFO vex_extract.cursor:   Cursor: 4/7 frames (4 detections)
2026-03-16 20:31:42,628 INFO vex_extract.cursor:   Cursor: 5/7 frames (5 detections)
2026-03-16 20:31:42,641 INFO vex_extract.cursor:   Cursor: 6/7 frames (6 detections)
2026-03-16 20:31:42,840 INFO vex_extract.cursor:   Cursor: pass 2 — 10 frames at 5.0 FPS [71500ms-73554ms]
2026-03-16 20:31:42,915 INFO vex_extract.cursor:   Cursor: 1/10 frames (1 detections)
2026-03-16 20:31:42,928 INFO vex_extract.cursor:   Cursor: 2/10 frames (2 detections)
2026-03-16 20:31:42,941 INFO vex_extract.cursor:   Cursor: 3/10 frames (3 detections)
2026-03-16 20:31:42,953 INFO vex_extract.cursor:   Cursor: 4/10 frames (4 detections)
2026-03-16 20:31:42,966 INFO vex_extract.cursor:   Cursor: 5/10 frames (5 detections)
2026-03-16 20:31:42,979 INFO vex_extract.cursor:   Cursor: 6/10 frames (6 detections)
2026-03-16 20:31:42,991 INFO vex_extract.cursor:   Cursor: 7/10 frames (7 detections)
2026-03-16 20:31:43,004 INFO vex_extract.cursor:   Cursor: 8/10 frames (8 detections)
2026-03-16 20:31:43,017 INFO vex_extract.cursor:   Cursor: 9/10 frames (9 detections)
2026-03-16 20:31:43,221 INFO vex_extract.cursor:   Cursor: pass 2 — 10 frames at 5.0 FPS [73574ms-75627ms]
2026-03-16 20:31:43,297 INFO vex_extract.cursor:   Cursor: 1/10 frames (1 detections)
2026-03-16 20:31:43,310 INFO vex_extract.cursor:   Cursor: 2/10 frames (2 detections)
2026-03-16 20:31:43,323 INFO vex_extract.cursor:   Cursor: 3/10 frames (3 detections)
2026-03-16 20:31:43,336 INFO vex_extract.cursor:   Cursor: 4/10 frames (4 detections)
2026-03-16 20:31:43,348 INFO vex_extract.cursor:   Cursor: 5/10 frames (5 detections)
2026-03-16 20:31:43,361 INFO vex_extract.cursor:   Cursor: 6/10 frames (6 detections)
2026-03-16 20:31:43,373 INFO vex_extract.cursor:   Cursor: 7/10 frames (7 detections)
2026-03-16 20:31:43,386 INFO vex_extract.cursor:   Cursor: 8/10 frames (8 detections)
2026-03-16 20:31:43,398 INFO vex_extract.cursor:   Cursor: 9/10 frames (9 detections)
2026-03-16 20:31:43,644 INFO vex_extract.cursor:   Cursor: pass 2 — 15 frames at 5.0 FPS [80882ms-83956ms]
2026-03-16 20:31:43,719 INFO vex_extract.cursor:   Cursor: 1/15 frames (1 detections)
2026-03-16 20:31:43,732 INFO vex_extract.cursor:   Cursor: 2/15 frames (2 detections)
2026-03-16 20:31:43,744 INFO vex_extract.cursor:   Cursor: 3/15 frames (3 detections)
2026-03-16 20:31:43,757 INFO vex_extract.cursor:   Cursor: 4/15 frames (4 detections)
2026-03-16 20:31:43,769 INFO vex_extract.cursor:   Cursor: 5/15 frames (5 detections)
2026-03-16 20:31:43,782 INFO vex_extract.cursor:   Cursor: 6/15 frames (6 detections)
2026-03-16 20:31:43,795 INFO vex_extract.cursor:   Cursor: 7/15 frames (7 detections)
2026-03-16 20:31:43,807 INFO vex_extract.cursor:   Cursor: 8/15 frames (8 detections)
2026-03-16 20:31:43,820 INFO vex_extract.cursor:   Cursor: 9/15 frames (9 detections)
2026-03-16 20:31:43,833 INFO vex_extract.cursor:   Cursor: 10/15 frames (10 detections)
2026-03-16 20:31:43,845 INFO vex_extract.cursor:   Cursor: 11/15 frames (11 detections)
2026-03-16 20:31:43,858 INFO vex_extract.cursor:   Cursor: 12/15 frames (12 detections)
2026-03-16 20:31:43,871 INFO vex_extract.cursor:   Cursor: 13/15 frames (13 detections)
2026-03-16 20:31:43,884 INFO vex_extract.cursor:   Cursor: 14/15 frames (14 detections)
2026-03-16 20:31:44,161 INFO vex_extract.cursor:   Cursor: pass 2 — 20 frames at 5.0 FPS [83976ms-88103ms]
2026-03-16 20:31:44,249 INFO vex_extract.cursor:   Cursor: 2/20 frames (2 detections)
2026-03-16 20:31:44,274 INFO vex_extract.cursor:   Cursor: 4/20 frames (4 detections)
2026-03-16 20:31:44,300 INFO vex_extract.cursor:   Cursor: 6/20 frames (6 detections)
2026-03-16 20:31:44,326 INFO vex_extract.cursor:   Cursor: 8/20 frames (8 detections)
2026-03-16 20:31:44,351 INFO vex_extract.cursor:   Cursor: 10/20 frames (10 detections)
2026-03-16 20:31:44,377 INFO vex_extract.cursor:   Cursor: 12/20 frames (12 detections)
2026-03-16 20:31:44,402 INFO vex_extract.cursor:   Cursor: 14/20 frames (14 detections)
2026-03-16 20:31:44,428 INFO vex_extract.cursor:   Cursor: 16/20 frames (16 detections)
2026-03-16 20:31:44,453 INFO vex_extract.cursor:   Cursor: 18/20 frames (18 detections)
2026-03-16 20:31:44,834 INFO vex_extract.cursor:   Cursor: pass 2 — 30 frames at 5.0 FPS [94412ms-100613ms]
2026-03-16 20:31:44,934 INFO vex_extract.cursor:   Cursor: 3/30 frames (3 detections)
2026-03-16 20:31:44,972 INFO vex_extract.cursor:   Cursor: 6/30 frames (6 detections)
2026-03-16 20:31:45,010 INFO vex_extract.cursor:   Cursor: 9/30 frames (9 detections)
2026-03-16 20:31:45,049 INFO vex_extract.cursor:   Cursor: 12/30 frames (12 detections)
2026-03-16 20:31:45,086 INFO vex_extract.cursor:   Cursor: 15/30 frames (15 detections)
2026-03-16 20:31:45,124 INFO vex_extract.cursor:   Cursor: 18/30 frames (18 detections)
2026-03-16 20:31:45,162 INFO vex_extract.cursor:   Cursor: 21/30 frames (21 detections)
2026-03-16 20:31:45,200 INFO vex_extract.cursor:   Cursor: 24/30 frames (24 detections)
2026-03-16 20:31:45,238 INFO vex_extract.cursor:   Cursor: 27/30 frames (27 detections)
2026-03-16 20:31:45,654 INFO vex_extract.cursor:   Cursor: pass 2 — 25 frames at 5.0 FPS [101687ms-106868ms]
2026-03-16 20:31:45,742 INFO vex_extract.cursor:   Cursor: 2/25 frames (2 detections)
2026-03-16 20:31:45,768 INFO vex_extract.cursor:   Cursor: 4/25 frames (4 detections)
2026-03-16 20:31:45,793 INFO vex_extract.cursor:   Cursor: 6/25 frames (6 detections)
2026-03-16 20:31:45,819 INFO vex_extract.cursor:   Cursor: 8/25 frames (8 detections)
2026-03-16 20:31:45,844 INFO vex_extract.cursor:   Cursor: 10/25 frames (10 detections)
2026-03-16 20:31:45,869 INFO vex_extract.cursor:   Cursor: 12/25 frames (12 detections)
2026-03-16 20:31:45,897 INFO vex_extract.cursor:   Cursor: 14/25 frames (14 detections)
2026-03-16 20:31:45,922 INFO vex_extract.cursor:   Cursor: 16/25 frames (16 detections)
2026-03-16 20:31:45,948 INFO vex_extract.cursor:   Cursor: 18/25 frames (18 detections)
2026-03-16 20:31:45,974 INFO vex_extract.cursor:   Cursor: 20/25 frames (20 detections)
2026-03-16 20:31:45,999 INFO vex_extract.cursor:   Cursor: 22/25 frames (22 detections)
2026-03-16 20:31:46,025 INFO vex_extract.cursor:   Cursor: 24/25 frames (24 detections)
2026-03-16 20:31:46,411 INFO vex_extract.cursor:   Cursor: pass 2 — 15 frames at 5.0 FPS [106888ms-109996ms]
2026-03-16 20:31:46,489 INFO vex_extract.cursor:   Cursor: 1/15 frames (1 detections)
2026-03-16 20:31:46,502 INFO vex_extract.cursor:   Cursor: 2/15 frames (2 detections)
2026-03-16 20:31:46,515 INFO vex_extract.cursor:   Cursor: 3/15 frames (3 detections)
2026-03-16 20:31:46,528 INFO vex_extract.cursor:   Cursor: 4/15 frames (4 detections)
2026-03-16 20:31:46,534 INFO vex_extract.cursor:   Cursor: 5/15 frames (5 detections)
2026-03-16 20:31:46,541 INFO vex_extract.cursor:   Cursor: 6/15 frames (6 detections)
2026-03-16 20:31:46,553 INFO vex_extract.cursor:   Cursor: 7/15 frames (7 detections)
2026-03-16 20:31:46,560 INFO vex_extract.cursor:   Cursor: 8/15 frames (8 detections)
2026-03-16 20:31:46,573 INFO vex_extract.cursor:   Cursor: 9/15 frames (9 detections)
2026-03-16 20:31:46,586 INFO vex_extract.cursor:   Cursor: 10/15 frames (10 detections)
2026-03-16 20:31:46,598 INFO vex_extract.cursor:   Cursor: 11/15 frames (11 detections)
2026-03-16 20:31:46,611 INFO vex_extract.cursor:   Cursor: 12/15 frames (12 detections)
2026-03-16 20:31:46,624 INFO vex_extract.cursor:   Cursor: 13/15 frames (13 detections)
2026-03-16 20:31:46,636 INFO vex_extract.cursor:   Cursor: 14/15 frames (14 detections)
2026-03-16 20:31:47,034 INFO vex_extract.cursor:   Cursor: pass 2 — 10 frames at 5.0 FPS [111035ms-113089ms]
2026-03-16 20:31:47,109 INFO vex_extract.cursor:   Cursor: 1/10 frames (1 detections)
2026-03-16 20:31:47,122 INFO vex_extract.cursor:   Cursor: 2/10 frames (2 detections)
2026-03-16 20:31:47,135 INFO vex_extract.cursor:   Cursor: 3/10 frames (3 detections)
2026-03-16 20:31:47,147 INFO vex_extract.cursor:   Cursor: 4/10 frames (4 detections)
2026-03-16 20:31:47,160 INFO vex_extract.cursor:   Cursor: 5/10 frames (5 detections)
2026-03-16 20:31:47,173 INFO vex_extract.cursor:   Cursor: 6/10 frames (6 detections)
2026-03-16 20:31:47,185 INFO vex_extract.cursor:   Cursor: 7/10 frames (7 detections)
2026-03-16 20:31:47,198 INFO vex_extract.cursor:   Cursor: 8/10 frames (8 detections)
2026-03-16 20:31:47,211 INFO vex_extract.cursor:   Cursor: 9/10 frames (9 detections)
2026-03-16 20:31:47,631 INFO vex_extract.cursor:   Cursor: pass 2 — 10 frames at 5.0 FPS [115217ms-117271ms]
2026-03-16 20:31:47,706 INFO vex_extract.cursor:   Cursor: 1/10 frames (1 detections)
2026-03-16 20:31:47,713 INFO vex_extract.cursor:   Cursor: 2/10 frames (2 detections)
2026-03-16 20:31:47,726 INFO vex_extract.cursor:   Cursor: 3/10 frames (3 detections)
2026-03-16 20:31:47,738 INFO vex_extract.cursor:   Cursor: 4/10 frames (4 detections)
2026-03-16 20:31:47,751 INFO vex_extract.cursor:   Cursor: 5/10 frames (5 detections)
2026-03-16 20:31:47,764 INFO vex_extract.cursor:   Cursor: 6/10 frames (6 detections)
2026-03-16 20:31:47,777 INFO vex_extract.cursor:   Cursor: 7/10 frames (7 detections)
2026-03-16 20:31:47,789 INFO vex_extract.cursor:   Cursor: 8/10 frames (8 detections)
2026-03-16 20:31:47,802 INFO vex_extract.cursor:   Cursor: 9/10 frames (9 detections)
2026-03-16 20:31:48,318 INFO vex_extract.cursor:   Cursor: pass 2 — 15 frames at 5.0 FPS [129800ms-132840ms]
2026-03-16 20:31:48,394 INFO vex_extract.cursor:   Cursor: 1/15 frames (1 detections)
2026-03-16 20:31:48,406 INFO vex_extract.cursor:   Cursor: 2/15 frames (2 detections)
2026-03-16 20:31:48,419 INFO vex_extract.cursor:   Cursor: 3/15 frames (3 detections)
2026-03-16 20:31:48,431 INFO vex_extract.cursor:   Cursor: 4/15 frames (4 detections)
2026-03-16 20:31:48,444 INFO vex_extract.cursor:   Cursor: 5/15 frames (5 detections)
2026-03-16 20:31:48,457 INFO vex_extract.cursor:   Cursor: 6/15 frames (6 detections)
2026-03-16 20:31:48,470 INFO vex_extract.cursor:   Cursor: 7/15 frames (7 detections)
2026-03-16 20:31:48,482 INFO vex_extract.cursor:   Cursor: 8/15 frames (8 detections)
2026-03-16 20:31:48,495 INFO vex_extract.cursor:   Cursor: 9/15 frames (9 detections)
2026-03-16 20:31:48,507 INFO vex_extract.cursor:   Cursor: 10/15 frames (10 detections)
2026-03-16 20:31:48,520 INFO vex_extract.cursor:   Cursor: 11/15 frames (11 detections)
2026-03-16 20:31:48,532 INFO vex_extract.cursor:   Cursor: 12/15 frames (12 detections)
2026-03-16 20:31:48,545 INFO vex_extract.cursor:   Cursor: 13/15 frames (13 detections)
2026-03-16 20:31:48,557 INFO vex_extract.cursor:   Cursor: 14/15 frames (14 detections)
2026-03-16 20:31:49,148 INFO vex_extract.cursor:   Cursor: pass 2 — 15 frames at 5.0 FPS [144350ms-147424ms]
2026-03-16 20:31:49,225 INFO vex_extract.cursor:   Cursor: 1/15 frames (1 detections)
2026-03-16 20:31:49,238 INFO vex_extract.cursor:   Cursor: 2/15 frames (2 detections)
2026-03-16 20:31:49,251 INFO vex_extract.cursor:   Cursor: 3/15 frames (3 detections)
2026-03-16 20:31:49,264 INFO vex_extract.cursor:   Cursor: 4/15 frames (4 detections)
2026-03-16 20:31:49,276 INFO vex_extract.cursor:   Cursor: 5/15 frames (5 detections)
2026-03-16 20:31:49,290 INFO vex_extract.cursor:   Cursor: 6/15 frames (6 detections)
2026-03-16 20:31:49,302 INFO vex_extract.cursor:   Cursor: 7/15 frames (7 detections)
2026-03-16 20:31:49,315 INFO vex_extract.cursor:   Cursor: 8/15 frames (8 detections)
2026-03-16 20:31:49,328 INFO vex_extract.cursor:   Cursor: 9/15 frames (9 detections)
2026-03-16 20:31:49,340 INFO vex_extract.cursor:   Cursor: 10/15 frames (10 detections)
2026-03-16 20:31:49,353 INFO vex_extract.cursor:   Cursor: 11/15 frames (11 detections)
2026-03-16 20:31:49,366 INFO vex_extract.cursor:   Cursor: 12/15 frames (12 detections)
2026-03-16 20:31:49,378 INFO vex_extract.cursor:   Cursor: 13/15 frames (13 detections)
2026-03-16 20:31:49,391 INFO vex_extract.cursor:   Cursor: 14/15 frames (14 detections)
2026-03-16 20:31:50,001 INFO vex_extract.cursor:   Cursor: pass 2 — 20 frames at 5.0 FPS [147477ms-151605ms]
2026-03-16 20:31:50,089 INFO vex_extract.cursor:   Cursor: 2/20 frames (2 detections)
2026-03-16 20:31:50,115 INFO vex_extract.cursor:   Cursor: 4/20 frames (4 detections)
2026-03-16 20:31:50,140 INFO vex_extract.cursor:   Cursor: 6/20 frames (6 detections)
2026-03-16 20:31:50,166 INFO vex_extract.cursor:   Cursor: 8/20 frames (8 detections)
2026-03-16 20:31:50,191 INFO vex_extract.cursor:   Cursor: 10/20 frames (10 detections)
2026-03-16 20:31:50,216 INFO vex_extract.cursor:   Cursor: 12/20 frames (12 detections)
2026-03-16 20:31:50,241 INFO vex_extract.cursor:   Cursor: 14/20 frames (14 detections)
2026-03-16 20:31:50,267 INFO vex_extract.cursor:   Cursor: 16/20 frames (16 detections)
2026-03-16 20:31:50,292 INFO vex_extract.cursor:   Cursor: 18/20 frames (18 detections)
2026-03-16 20:31:50,909 INFO vex_extract.cursor:   Cursor: pass 2 — 10 frames at 5.0 FPS [153732ms-155752ms]
2026-03-16 20:31:50,983 INFO vex_extract.cursor:   Cursor: 1/10 frames (1 detections)
2026-03-16 20:31:50,996 INFO vex_extract.cursor:   Cursor: 2/10 frames (2 detections)
2026-03-16 20:31:51,009 INFO vex_extract.cursor:   Cursor: 3/10 frames (3 detections)
2026-03-16 20:31:51,022 INFO vex_extract.cursor:   Cursor: 4/10 frames (4 detections)
2026-03-16 20:31:51,034 INFO vex_extract.cursor:   Cursor: 5/10 frames (5 detections)
2026-03-16 20:31:51,047 INFO vex_extract.cursor:   Cursor: 6/10 frames (6 detections)
2026-03-16 20:31:51,060 INFO vex_extract.cursor:   Cursor: 7/10 frames (7 detections)
2026-03-16 20:31:51,073 INFO vex_extract.cursor:   Cursor: 8/10 frames (8 detections)
2026-03-16 20:31:51,086 INFO vex_extract.cursor:   Cursor: 9/10 frames (9 detections)
2026-03-16 20:31:51,707 INFO vex_extract.cursor:   Cursor: pass 2 — 10 frames at 5.0 FPS [155806ms-157860ms]
2026-03-16 20:31:51,783 INFO vex_extract.cursor:   Cursor: 1/10 frames (1 detections)
2026-03-16 20:31:51,796 INFO vex_extract.cursor:   Cursor: 2/10 frames (2 detections)
2026-03-16 20:31:51,808 INFO vex_extract.cursor:   Cursor: 3/10 frames (3 detections)
2026-03-16 20:31:51,821 INFO vex_extract.cursor:   Cursor: 4/10 frames (4 detections)
2026-03-16 20:31:51,834 INFO vex_extract.cursor:   Cursor: 5/10 frames (5 detections)
2026-03-16 20:31:51,847 INFO vex_extract.cursor:   Cursor: 6/10 frames (6 detections)
2026-03-16 20:31:51,859 INFO vex_extract.cursor:   Cursor: 7/10 frames (7 detections)
2026-03-16 20:31:51,872 INFO vex_extract.cursor:   Cursor: 8/10 frames (8 detections)
2026-03-16 20:31:51,885 INFO vex_extract.cursor:   Cursor: 9/10 frames (9 detections)
2026-03-16 20:31:52,547 INFO vex_extract.cursor:   Cursor: pass 2 — 15 frames at 5.0 FPS [162095ms-165203ms]
2026-03-16 20:31:52,623 INFO vex_extract.cursor:   Cursor: 1/15 frames (1 detections)
2026-03-16 20:31:52,636 INFO vex_extract.cursor:   Cursor: 2/15 frames (2 detections)
2026-03-16 20:31:52,648 INFO vex_extract.cursor:   Cursor: 3/15 frames (3 detections)
2026-03-16 20:31:52,661 INFO vex_extract.cursor:   Cursor: 4/15 frames (4 detections)
2026-03-16 20:31:52,673 INFO vex_extract.cursor:   Cursor: 5/15 frames (5 detections)
2026-03-16 20:31:52,686 INFO vex_extract.cursor:   Cursor: 6/15 frames (6 detections)
2026-03-16 20:31:52,698 INFO vex_extract.cursor:   Cursor: 7/15 frames (7 detections)
2026-03-16 20:31:52,711 INFO vex_extract.cursor:   Cursor: 8/15 frames (8 detections)
2026-03-16 20:31:52,724 INFO vex_extract.cursor:   Cursor: 9/15 frames (9 detections)
2026-03-16 20:31:52,737 INFO vex_extract.cursor:   Cursor: 10/15 frames (10 detections)
2026-03-16 20:31:52,749 INFO vex_extract.cursor:   Cursor: 11/15 frames (11 detections)
2026-03-16 20:31:52,762 INFO vex_extract.cursor:   Cursor: 12/15 frames (12 detections)
2026-03-16 20:31:52,775 INFO vex_extract.cursor:   Cursor: 13/15 frames (13 detections)
2026-03-16 20:31:52,787 INFO vex_extract.cursor:   Cursor: 14/15 frames (14 detections)
2026-03-16 20:31:53,479 INFO vex_extract.cursor:   Cursor: pass 2 — 20 frames at 5.0 FPS [165222ms-169350ms]
2026-03-16 20:31:53,567 INFO vex_extract.cursor:   Cursor: 2/20 frames (2 detections)
2026-03-16 20:31:53,593 INFO vex_extract.cursor:   Cursor: 4/20 frames (4 detections)
2026-03-16 20:31:53,619 INFO vex_extract.cursor:   Cursor: 6/20 frames (6 detections)
2026-03-16 20:31:53,644 INFO vex_extract.cursor:   Cursor: 8/20 frames (8 detections)
2026-03-16 20:31:53,669 INFO vex_extract.cursor:   Cursor: 10/20 frames (10 detections)
2026-03-16 20:31:53,695 INFO vex_extract.cursor:   Cursor: 12/20 frames (12 detections)
2026-03-16 20:31:53,721 INFO vex_extract.cursor:   Cursor: 14/20 frames (14 detections)
2026-03-16 20:31:53,746 INFO vex_extract.cursor:   Cursor: 16/20 frames (16 detections)
2026-03-16 20:31:53,772 INFO vex_extract.cursor:   Cursor: 18/20 frames (18 detections)
2026-03-16 20:31:54,492 INFO vex_extract.cursor:   Cursor: pass 2 — 10 frames at 5.0 FPS [174571ms-176625ms]
2026-03-16 20:31:54,569 INFO vex_extract.cursor:   Cursor: 1/10 frames (1 detections)
2026-03-16 20:31:54,582 INFO vex_extract.cursor:   Cursor: 2/10 frames (2 detections)
2026-03-16 20:31:54,595 INFO vex_extract.cursor:   Cursor: 3/10 frames (3 detections)
2026-03-16 20:31:54,608 INFO vex_extract.cursor:   Cursor: 4/10 frames (4 detections)
2026-03-16 20:31:54,620 INFO vex_extract.cursor:   Cursor: 5/10 frames (5 detections)
2026-03-16 20:31:54,633 INFO vex_extract.cursor:   Cursor: 6/10 frames (6 detections)
2026-03-16 20:31:54,646 INFO vex_extract.cursor:   Cursor: 7/10 frames (7 detections)
2026-03-16 20:31:54,658 INFO vex_extract.cursor:   Cursor: 8/10 frames (8 detections)
2026-03-16 20:31:54,671 INFO vex_extract.cursor:   Cursor: 9/10 frames (9 detections)
2026-03-16 20:31:55,427 INFO vex_extract.cursor:   Cursor: pass 2 — 20 frames at 5.0 FPS [176678ms-180806ms]
2026-03-16 20:31:55,515 INFO vex_extract.cursor:   Cursor: 2/20 frames (2 detections)
2026-03-16 20:31:55,540 INFO vex_extract.cursor:   Cursor: 4/20 frames (4 detections)
2026-03-16 20:31:55,565 INFO vex_extract.cursor:   Cursor: 6/20 frames (6 detections)
2026-03-16 20:31:55,590 INFO vex_extract.cursor:   Cursor: 8/20 frames (8 detections)
2026-03-16 20:31:55,616 INFO vex_extract.cursor:   Cursor: 10/20 frames (10 detections)
2026-03-16 20:31:55,641 INFO vex_extract.cursor:   Cursor: 12/20 frames (12 detections)
2026-03-16 20:31:55,666 INFO vex_extract.cursor:   Cursor: 14/20 frames (14 detections)
2026-03-16 20:31:55,692 INFO vex_extract.cursor:   Cursor: 16/20 frames (16 detections)
2026-03-16 20:31:55,718 INFO vex_extract.cursor:   Cursor: 18/20 frames (18 detections)
2026-03-16 20:31:56,483 INFO vex_extract.cursor:   Cursor: pass 2 — 10 frames at 5.0 FPS [181880ms-183933ms]
2026-03-16 20:31:56,560 INFO vex_extract.cursor:   Cursor: 1/10 frames (1 detections)
2026-03-16 20:31:56,573 INFO vex_extract.cursor:   Cursor: 2/10 frames (2 detections)
2026-03-16 20:31:56,585 INFO vex_extract.cursor:   Cursor: 3/10 frames (3 detections)
2026-03-16 20:31:56,598 INFO vex_extract.cursor:   Cursor: 4/10 frames (4 detections)
2026-03-16 20:31:56,611 INFO vex_extract.cursor:   Cursor: 5/10 frames (5 detections)
2026-03-16 20:31:56,624 INFO vex_extract.cursor:   Cursor: 6/10 frames (6 detections)
2026-03-16 20:31:56,637 INFO vex_extract.cursor:   Cursor: 7/10 frames (7 detections)
2026-03-16 20:31:56,649 INFO vex_extract.cursor:   Cursor: 8/10 frames (8 detections)
2026-03-16 20:31:56,662 INFO vex_extract.cursor:   Cursor: 9/10 frames (9 detections)
2026-03-16 20:31:57,429 INFO vex_extract.cursor:   Cursor: pass 2 — 10 frames at 5.0 FPS [183953ms-186007ms]
2026-03-16 20:31:57,505 INFO vex_extract.cursor:   Cursor: 1/10 frames (1 detections)
2026-03-16 20:31:57,518 INFO vex_extract.cursor:   Cursor: 2/10 frames (2 detections)
2026-03-16 20:31:57,530 INFO vex_extract.cursor:   Cursor: 3/10 frames (3 detections)
2026-03-16 20:31:57,543 INFO vex_extract.cursor:   Cursor: 4/10 frames (4 detections)
2026-03-16 20:31:57,556 INFO vex_extract.cursor:   Cursor: 5/10 frames (5 detections)
2026-03-16 20:31:57,568 INFO vex_extract.cursor:   Cursor: 6/10 frames (6 detections)
2026-03-16 20:31:57,581 INFO vex_extract.cursor:   Cursor: 7/10 frames (7 detections)
2026-03-16 20:31:57,593 INFO vex_extract.cursor:   Cursor: 8/10 frames (8 detections)
2026-03-16 20:31:57,606 INFO vex_extract.cursor:   Cursor: 9/10 frames (9 detections)
2026-03-16 20:31:58,388 INFO vex_extract.cursor:   Cursor: pass 2 — 10 frames at 5.0 FPS [187081ms-189101ms]
2026-03-16 20:31:58,464 INFO vex_extract.cursor:   Cursor: 1/10 frames (1 detections)
2026-03-16 20:31:58,476 INFO vex_extract.cursor:   Cursor: 2/10 frames (2 detections)
2026-03-16 20:31:58,489 INFO vex_extract.cursor:   Cursor: 3/10 frames (3 detections)
2026-03-16 20:31:58,502 INFO vex_extract.cursor:   Cursor: 4/10 frames (4 detections)
2026-03-16 20:31:58,515 INFO vex_extract.cursor:   Cursor: 5/10 frames (5 detections)
2026-03-16 20:31:58,527 INFO vex_extract.cursor:   Cursor: 6/10 frames (6 detections)
2026-03-16 20:31:58,540 INFO vex_extract.cursor:   Cursor: 7/10 frames (7 detections)
2026-03-16 20:31:58,553 INFO vex_extract.cursor:   Cursor: 8/10 frames (8 detections)
2026-03-16 20:31:58,566 INFO vex_extract.cursor:   Cursor: 9/10 frames (9 detections)
2026-03-16 20:31:59,365 INFO vex_extract.cursor:   Cursor: pass 2 — 10 frames at 5.0 FPS [191228ms-193282ms]
2026-03-16 20:31:59,441 INFO vex_extract.cursor:   Cursor: 1/10 frames (1 detections)
2026-03-16 20:31:59,454 INFO vex_extract.cursor:   Cursor: 2/10 frames (2 detections)
2026-03-16 20:31:59,466 INFO vex_extract.cursor:   Cursor: 3/10 frames (3 detections)
2026-03-16 20:31:59,479 INFO vex_extract.cursor:   Cursor: 4/10 frames (4 detections)
2026-03-16 20:31:59,491 INFO vex_extract.cursor:   Cursor: 5/10 frames (5 detections)
2026-03-16 20:31:59,504 INFO vex_extract.cursor:   Cursor: 6/10 frames (6 detections)
2026-03-16 20:31:59,517 INFO vex_extract.cursor:   Cursor: 7/10 frames (7 detections)
2026-03-16 20:31:59,529 INFO vex_extract.cursor:   Cursor: 8/10 frames (8 detections)
2026-03-16 20:31:59,542 INFO vex_extract.cursor:   Cursor: 9/10 frames (9 detections)
2026-03-16 20:32:00,368 INFO vex_extract.cursor:   Cursor: pass 2 — 10 frames at 5.0 FPS [195409ms-197463ms]
2026-03-16 20:32:00,444 INFO vex_extract.cursor:   Cursor: 1/10 frames (1 detections)
2026-03-16 20:32:00,457 INFO vex_extract.cursor:   Cursor: 2/10 frames (2 detections)
2026-03-16 20:32:00,470 INFO vex_extract.cursor:   Cursor: 3/10 frames (3 detections)
2026-03-16 20:32:00,483 INFO vex_extract.cursor:   Cursor: 4/10 frames (4 detections)
2026-03-16 20:32:00,495 INFO vex_extract.cursor:   Cursor: 5/10 frames (5 detections)
2026-03-16 20:32:00,508 INFO vex_extract.cursor:   Cursor: 6/10 frames (6 detections)
2026-03-16 20:32:00,521 INFO vex_extract.cursor:   Cursor: 7/10 frames (7 detections)
2026-03-16 20:32:00,534 INFO vex_extract.cursor:   Cursor: 8/10 frames (8 detections)
2026-03-16 20:32:00,546 INFO vex_extract.cursor:   Cursor: 9/10 frames (9 detections)
2026-03-16 20:32:01,380 INFO vex_extract.cursor:   Cursor: pass 2 — 10 frames at 5.0 FPS [197483ms-199503ms]
2026-03-16 20:32:01,457 INFO vex_extract.cursor:   Cursor: 1/10 frames (1 detections)
2026-03-16 20:32:01,470 INFO vex_extract.cursor:   Cursor: 2/10 frames (2 detections)
2026-03-16 20:32:01,483 INFO vex_extract.cursor:   Cursor: 3/10 frames (3 detections)
2026-03-16 20:32:01,496 INFO vex_extract.cursor:   Cursor: 4/10 frames (4 detections)
2026-03-16 20:32:01,509 INFO vex_extract.cursor:   Cursor: 5/10 frames (5 detections)
2026-03-16 20:32:01,521 INFO vex_extract.cursor:   Cursor: 6/10 frames (6 detections)
2026-03-16 20:32:01,534 INFO vex_extract.cursor:   Cursor: 7/10 frames (7 detections)
2026-03-16 20:32:01,547 INFO vex_extract.cursor:   Cursor: 8/10 frames (8 detections)
2026-03-16 20:32:01,560 INFO vex_extract.cursor:   Cursor: 9/10 frames (9 detections)
2026-03-16 20:32:02,423 INFO vex_extract.cursor:   Cursor: pass 2 — 19 frames at 5.0 FPS [199557ms-203956ms]
2026-03-16 20:32:02,499 INFO vex_extract.cursor:   Cursor: 1/19 frames (1 detections)
2026-03-16 20:32:02,512 INFO vex_extract.cursor:   Cursor: 2/19 frames (2 detections)
2026-03-16 20:32:02,524 INFO vex_extract.cursor:   Cursor: 3/19 frames (3 detections)
2026-03-16 20:32:02,537 INFO vex_extract.cursor:   Cursor: 4/19 frames (4 detections)
2026-03-16 20:32:02,550 INFO vex_extract.cursor:   Cursor: 5/19 frames (5 detections)
2026-03-16 20:32:02,563 INFO vex_extract.cursor:   Cursor: 6/19 frames (6 detections)
2026-03-16 20:32:02,576 INFO vex_extract.cursor:   Cursor: 7/19 frames (7 detections)
2026-03-16 20:32:02,589 INFO vex_extract.cursor:   Cursor: 8/19 frames (8 detections)
2026-03-16 20:32:02,601 INFO vex_extract.cursor:   Cursor: 9/19 frames (9 detections)
2026-03-16 20:32:02,614 INFO vex_extract.cursor:   Cursor: 10/19 frames (10 detections)
2026-03-16 20:32:02,627 INFO vex_extract.cursor:   Cursor: 11/19 frames (11 detections)
2026-03-16 20:32:02,640 INFO vex_extract.cursor:   Cursor: 12/19 frames (12 detections)
2026-03-16 20:32:02,652 INFO vex_extract.cursor:   Cursor: 13/19 frames (13 detections)
2026-03-16 20:32:02,665 INFO vex_extract.cursor:   Cursor: 14/19 frames (14 detections)
2026-03-16 20:32:02,678 INFO vex_extract.cursor:   Cursor: 15/19 frames (15 detections)
2026-03-16 20:32:02,691 INFO vex_extract.cursor:   Cursor: 16/19 frames (16 detections)
2026-03-16 20:32:02,703 INFO vex_extract.cursor:   Cursor: 17/19 frames (17 detections)
2026-03-16 20:32:02,716 INFO vex_extract.cursor:   Cursor: 18/19 frames (18 detections)
2026-03-16 20:32:03,652 INFO vex_extract.cursor:   Cursor: pass 2 — 35 frames at 5.0 FPS [204010ms-213508ms]
2026-03-16 20:32:03,754 INFO vex_extract.cursor:   Cursor: 3/35 frames (3 detections)
2026-03-16 20:32:03,793 INFO vex_extract.cursor:   Cursor: 6/35 frames (6 detections)
2026-03-16 20:32:03,831 INFO vex_extract.cursor:   Cursor: 9/35 frames (9 detections)
2026-03-16 20:32:03,870 INFO vex_extract.cursor:   Cursor: 12/35 frames (12 detections)
2026-03-16 20:32:03,908 INFO vex_extract.cursor:   Cursor: 15/35 frames (15 detections)
2026-03-16 20:32:03,947 INFO vex_extract.cursor:   Cursor: 18/35 frames (18 detections)
2026-03-16 20:32:03,985 INFO vex_extract.cursor:   Cursor: 21/35 frames (21 detections)
2026-03-16 20:32:04,024 INFO vex_extract.cursor:   Cursor: 24/35 frames (24 detections)
2026-03-16 20:32:04,063 INFO vex_extract.cursor:   Cursor: 27/35 frames (27 detections)
2026-03-16 20:32:04,101 INFO vex_extract.cursor:   Cursor: 30/35 frames (30 detections)
2026-03-16 20:32:04,139 INFO vex_extract.cursor:   Cursor: 33/35 frames (33 detections)
2026-03-16 20:32:05,072 INFO vex_extract.cursor:   Cursor: pass 2 — 10 frames at 5.0 FPS [214548ms-216602ms]
2026-03-16 20:32:05,148 INFO vex_extract.cursor:   Cursor: 1/10 frames (1 detections)
2026-03-16 20:32:05,161 INFO vex_extract.cursor:   Cursor: 2/10 frames (2 detections)
2026-03-16 20:32:05,174 INFO vex_extract.cursor:   Cursor: 3/10 frames (3 detections)
2026-03-16 20:32:05,187 INFO vex_extract.cursor:   Cursor: 4/10 frames (4 detections)
2026-03-16 20:32:05,200 INFO vex_extract.cursor:   Cursor: 5/10 frames (5 detections)
2026-03-16 20:32:05,213 INFO vex_extract.cursor:   Cursor: 6/10 frames (6 detections)
2026-03-16 20:32:05,226 INFO vex_extract.cursor:   Cursor: 7/10 frames (7 detections)
2026-03-16 20:32:05,238 INFO vex_extract.cursor:   Cursor: 8/10 frames (8 detections)
2026-03-16 20:32:05,251 INFO vex_extract.cursor:   Cursor: 9/10 frames (9 detections)
2026-03-16 20:32:06,141 INFO vex_extract.cursor:   Cursor: pass 2 — 10 frames at 5.0 FPS [216622ms-218676ms]
2026-03-16 20:32:06,217 INFO vex_extract.cursor:   Cursor: 1/10 frames (1 detections)
2026-03-16 20:32:06,230 INFO vex_extract.cursor:   Cursor: 2/10 frames (2 detections)
2026-03-16 20:32:06,243 INFO vex_extract.cursor:   Cursor: 3/10 frames (3 detections)
2026-03-16 20:32:06,255 INFO vex_extract.cursor:   Cursor: 4/10 frames (4 detections)
2026-03-16 20:32:06,268 INFO vex_extract.cursor:   Cursor: 5/10 frames (5 detections)
2026-03-16 20:32:06,281 INFO vex_extract.cursor:   Cursor: 6/10 frames (6 detections)
2026-03-16 20:32:06,293 INFO vex_extract.cursor:   Cursor: 7/10 frames (7 detections)
2026-03-16 20:32:06,306 INFO vex_extract.cursor:   Cursor: 8/10 frames (8 detections)
2026-03-16 20:32:06,319 INFO vex_extract.cursor:   Cursor: 9/10 frames (9 detections)
2026-03-16 20:32:07,220 INFO vex_extract.cursor:   Cursor: pass 2 — 11 frames at 5.0 FPS [218695ms-221769ms]
2026-03-16 20:32:07,296 INFO vex_extract.cursor:   Cursor: 1/11 frames (1 detections)
2026-03-16 20:32:07,309 INFO vex_extract.cursor:   Cursor: 2/11 frames (2 detections)
2026-03-16 20:32:07,322 INFO vex_extract.cursor:   Cursor: 3/11 frames (3 detections)
2026-03-16 20:32:07,335 INFO vex_extract.cursor:   Cursor: 4/11 frames (4 detections)
2026-03-16 20:32:07,348 INFO vex_extract.cursor:   Cursor: 5/11 frames (5 detections)
2026-03-16 20:32:07,360 INFO vex_extract.cursor:   Cursor: 6/11 frames (6 detections)
2026-03-16 20:32:07,373 INFO vex_extract.cursor:   Cursor: 7/11 frames (7 detections)
2026-03-16 20:32:07,386 INFO vex_extract.cursor:   Cursor: 8/11 frames (8 detections)
2026-03-16 20:32:07,399 INFO vex_extract.cursor:   Cursor: 9/11 frames (9 detections)
2026-03-16 20:32:07,411 INFO vex_extract.cursor:   Cursor: 10/11 frames (10 detections)
2026-03-16 20:32:08,318 INFO vex_extract.cursor:   Cursor: pass 2 — 12 frames at 5.0 FPS [221789ms-225169ms]
2026-03-16 20:32:08,394 INFO vex_extract.cursor:   Cursor: 1/12 frames (1 detections)
2026-03-16 20:32:08,407 INFO vex_extract.cursor:   Cursor: 2/12 frames (2 detections)
2026-03-16 20:32:08,419 INFO vex_extract.cursor:   Cursor: 3/12 frames (3 detections)
2026-03-16 20:32:08,432 INFO vex_extract.cursor:   Cursor: 4/12 frames (4 detections)
2026-03-16 20:32:08,445 INFO vex_extract.cursor:   Cursor: 5/12 frames (5 detections)
2026-03-16 20:32:08,458 INFO vex_extract.cursor:   Cursor: 6/12 frames (6 detections)
2026-03-16 20:32:08,471 INFO vex_extract.cursor:   Cursor: 7/12 frames (7 detections)
2026-03-16 20:32:08,483 INFO vex_extract.cursor:   Cursor: 8/12 frames (8 detections)
2026-03-16 20:32:08,496 INFO vex_extract.cursor:   Cursor: 9/12 frames (9 detections)
2026-03-16 20:32:08,509 INFO vex_extract.cursor:   Cursor: 10/12 frames (10 detections)
2026-03-16 20:32:08,521 INFO vex_extract.cursor:   Cursor: 11/12 frames (11 detections)
2026-03-16 20:32:09,446 INFO vex_extract.cursor:   Cursor: pass 2 — 9 frames at 5.0 FPS [248780ms-253180ms]
2026-03-16 20:32:09,522 INFO vex_extract.cursor:   Cursor: 1/9 frames (1 detections)
2026-03-16 20:32:09,534 INFO vex_extract.cursor:   Cursor: 2/9 frames (2 detections)
2026-03-16 20:32:09,547 INFO vex_extract.cursor:   Cursor: 3/9 frames (3 detections)
2026-03-16 20:32:09,560 INFO vex_extract.cursor:   Cursor: 4/9 frames (4 detections)
2026-03-16 20:32:09,573 INFO vex_extract.cursor:   Cursor: 5/9 frames (5 detections)
2026-03-16 20:32:09,585 INFO vex_extract.cursor:   Cursor: 6/9 frames (6 detections)
2026-03-16 20:32:09,598 INFO vex_extract.cursor:   Cursor: 7/9 frames (7 detections)
2026-03-16 20:32:09,611 INFO vex_extract.cursor:   Cursor: 8/9 frames (8 detections)
2026-03-16 20:32:10,551 INFO vex_extract.cursor:   Cursor: pass 2 — 11 frames at 5.0 FPS [254186ms-257497ms]
2026-03-16 20:32:10,627 INFO vex_extract.cursor:   Cursor: 1/11 frames (1 detections)
2026-03-16 20:32:10,640 INFO vex_extract.cursor:   Cursor: 2/11 frames (2 detections)
2026-03-16 20:32:10,653 INFO vex_extract.cursor:   Cursor: 3/11 frames (3 detections)
2026-03-16 20:32:10,666 INFO vex_extract.cursor:   Cursor: 4/11 frames (4 detections)
2026-03-16 20:32:10,678 INFO vex_extract.cursor:   Cursor: 5/11 frames (5 detections)
2026-03-16 20:32:10,691 INFO vex_extract.cursor:   Cursor: 6/11 frames (6 detections)
2026-03-16 20:32:10,704 INFO vex_extract.cursor:   Cursor: 7/11 frames (7 detections)
2026-03-16 20:32:10,717 INFO vex_extract.cursor:   Cursor: 8/11 frames (8 detections)
2026-03-16 20:32:10,729 INFO vex_extract.cursor:   Cursor: 9/11 frames (9 detections)
2026-03-16 20:32:10,742 INFO vex_extract.cursor:   Cursor: 10/11 frames (10 detections)
2026-03-16 20:32:11,690 INFO vex_extract.cursor:   Cursor: pass 2 — 9 frames at 5.0 FPS [257551ms-261441ms]
2026-03-16 20:32:11,766 INFO vex_extract.cursor:   Cursor: 1/9 frames (1 detections)
2026-03-16 20:32:11,778 INFO vex_extract.cursor:   Cursor: 2/9 frames (2 detections)
2026-03-16 20:32:11,792 INFO vex_extract.cursor:   Cursor: 3/9 frames (3 detections)
2026-03-16 20:32:11,804 INFO vex_extract.cursor:   Cursor: 4/9 frames (4 detections)
2026-03-16 20:32:11,817 INFO vex_extract.cursor:   Cursor: 5/9 frames (5 detections)
2026-03-16 20:32:11,829 INFO vex_extract.cursor:   Cursor: 6/9 frames (6 detections)
2026-03-16 20:32:11,842 INFO vex_extract.cursor:   Cursor: 7/9 frames (7 detections)
2026-03-16 20:32:11,854 INFO vex_extract.cursor:   Cursor: 8/9 frames (8 detections)
2026-03-16 20:32:12,829 INFO vex_extract.cursor:   Cursor: pass 2 — 15 frames at 5.0 FPS [280055ms-283129ms]
2026-03-16 20:32:12,905 INFO vex_extract.cursor:   Cursor: 1/15 frames (1 detections)
2026-03-16 20:32:12,918 INFO vex_extract.cursor:   Cursor: 2/15 frames (2 detections)
2026-03-16 20:32:12,931 INFO vex_extract.cursor:   Cursor: 3/15 frames (3 detections)
2026-03-16 20:32:12,944 INFO vex_extract.cursor:   Cursor: 4/15 frames (4 detections)
2026-03-16 20:32:12,956 INFO vex_extract.cursor:   Cursor: 5/15 frames (5 detections)
2026-03-16 20:32:12,969 INFO vex_extract.cursor:   Cursor: 6/15 frames (6 detections)
2026-03-16 20:32:12,981 INFO vex_extract.cursor:   Cursor: 7/15 frames (7 detections)
2026-03-16 20:32:12,994 INFO vex_extract.cursor:   Cursor: 8/15 frames (8 detections)
2026-03-16 20:32:13,006 INFO vex_extract.cursor:   Cursor: 9/15 frames (9 detections)
2026-03-16 20:32:13,019 INFO vex_extract.cursor:   Cursor: 10/15 frames (10 detections)
2026-03-16 20:32:13,032 INFO vex_extract.cursor:   Cursor: 11/15 frames (11 detections)
2026-03-16 20:32:13,045 INFO vex_extract.cursor:   Cursor: 12/15 frames (12 detections)
2026-03-16 20:32:13,058 INFO vex_extract.cursor:   Cursor: 13/15 frames (13 detections)
2026-03-16 20:32:13,070 INFO vex_extract.cursor:   Cursor: 14/15 frames (14 detections)
2026-03-16 20:32:14,053 INFO vex_extract.cursor:   Cursor: pass 2 — 10 frames at 5.0 FPS [291477ms-293531ms]
2026-03-16 20:32:14,129 INFO vex_extract.cursor:   Cursor: 1/10 frames (1 detections)
2026-03-16 20:32:14,142 INFO vex_extract.cursor:   Cursor: 2/10 frames (2 detections)
2026-03-16 20:32:14,155 INFO vex_extract.cursor:   Cursor: 3/10 frames (3 detections)
2026-03-16 20:32:14,168 INFO vex_extract.cursor:   Cursor: 4/10 frames (4 detections)
2026-03-16 20:32:14,181 INFO vex_extract.cursor:   Cursor: 5/10 frames (5 detections)
2026-03-16 20:32:14,193 INFO vex_extract.cursor:   Cursor: 6/10 frames (6 detections)
2026-03-16 20:32:14,206 INFO vex_extract.cursor:   Cursor: 7/10 frames (7 detections)
2026-03-16 20:32:14,218 INFO vex_extract.cursor:   Cursor: 8/10 frames (8 detections)
2026-03-16 20:32:14,231 INFO vex_extract.cursor:   Cursor: 9/10 frames (9 detections)
2026-03-16 20:32:15,251 INFO vex_extract.cursor:   Cursor: pass 2 — 15 frames at 5.0 FPS [301948ms-305055ms]
2026-03-16 20:32:15,328 INFO vex_extract.cursor:   Cursor: 1/15 frames (1 detections)
2026-03-16 20:32:15,341 INFO vex_extract.cursor:   Cursor: 2/15 frames (2 detections)
2026-03-16 20:32:15,353 INFO vex_extract.cursor:   Cursor: 3/15 frames (3 detections)
2026-03-16 20:32:15,366 INFO vex_extract.cursor:   Cursor: 4/15 frames (4 detections)
2026-03-16 20:32:15,379 INFO vex_extract.cursor:   Cursor: 5/15 frames (5 detections)
2026-03-16 20:32:15,392 INFO vex_extract.cursor:   Cursor: 6/15 frames (6 detections)
2026-03-16 20:32:15,405 INFO vex_extract.cursor:   Cursor: 7/15 frames (7 detections)
2026-03-16 20:32:15,418 INFO vex_extract.cursor:   Cursor: 8/15 frames (8 detections)
2026-03-16 20:32:15,430 INFO vex_extract.cursor:   Cursor: 9/15 frames (9 detections)
2026-03-16 20:32:15,443 INFO vex_extract.cursor:   Cursor: 10/15 frames (10 detections)
2026-03-16 20:32:15,456 INFO vex_extract.cursor:   Cursor: 11/15 frames (11 detections)
2026-03-16 20:32:15,469 INFO vex_extract.cursor:   Cursor: 12/15 frames (12 detections)
2026-03-16 20:32:15,481 INFO vex_extract.cursor:   Cursor: 13/15 frames (13 detections)
2026-03-16 20:32:15,494 INFO vex_extract.cursor:   Cursor: 14/15 frames (14 detections)
2026-03-16 20:32:16,649 INFO vex_extract.cursor:   Cursor: pass 2 — 47 frames at 5.0 FPS [312384ms-324942ms]
2026-03-16 20:32:16,764 INFO vex_extract.cursor:   Cursor: 4/47 frames (4 detections)
2026-03-16 20:32:16,815 INFO vex_extract.cursor:   Cursor: 8/47 frames (8 detections)
2026-03-16 20:32:16,866 INFO vex_extract.cursor:   Cursor: 12/47 frames (12 detections)
2026-03-16 20:32:16,918 INFO vex_extract.cursor:   Cursor: 16/47 frames (16 detections)
2026-03-16 20:32:16,968 INFO vex_extract.cursor:   Cursor: 20/47 frames (20 detections)
2026-03-16 20:32:17,019 INFO vex_extract.cursor:   Cursor: 24/47 frames (24 detections)
2026-03-16 20:32:17,070 INFO vex_extract.cursor:   Cursor: 28/47 frames (28 detections)
2026-03-16 20:32:17,121 INFO vex_extract.cursor:   Cursor: 32/47 frames (32 detections)
2026-03-16 20:32:17,173 INFO vex_extract.cursor:   Cursor: 36/47 frames (36 detections)
2026-03-16 20:32:17,224 INFO vex_extract.cursor:   Cursor: 40/47 frames (40 detections)
2026-03-16 20:32:17,274 INFO vex_extract.cursor:   Cursor: 44/47 frames (44 detections)
2026-03-16 20:32:18,375 INFO vex_extract.cursor:   Cursor: pass 2 — 10 frames at 5.0 FPS [324996ms-327016ms]
2026-03-16 20:32:18,452 INFO vex_extract.cursor:   Cursor: 1/10 frames (1 detections)
2026-03-16 20:32:18,465 INFO vex_extract.cursor:   Cursor: 2/10 frames (2 detections)
2026-03-16 20:32:18,477 INFO vex_extract.cursor:   Cursor: 3/10 frames (3 detections)
2026-03-16 20:32:18,490 INFO vex_extract.cursor:   Cursor: 4/10 frames (4 detections)
2026-03-16 20:32:18,502 INFO vex_extract.cursor:   Cursor: 5/10 frames (5 detections)
2026-03-16 20:32:18,515 INFO vex_extract.cursor:   Cursor: 6/10 frames (6 detections)
2026-03-16 20:32:18,528 INFO vex_extract.cursor:   Cursor: 7/10 frames (7 detections)
2026-03-16 20:32:18,541 INFO vex_extract.cursor:   Cursor: 8/10 frames (8 detections)
2026-03-16 20:32:18,553 INFO vex_extract.cursor:   Cursor: 9/10 frames (9 detections)
2026-03-16 20:32:19,679 INFO vex_extract.cursor:   Cursor: pass 2 — 20 frames at 5.0 FPS [328123ms-332285ms]
2026-03-16 20:32:19,768 INFO vex_extract.cursor:   Cursor: 2/20 frames (2 detections)
2026-03-16 20:32:19,794 INFO vex_extract.cursor:   Cursor: 4/20 frames (4 detections)
2026-03-16 20:32:19,819 INFO vex_extract.cursor:   Cursor: 6/20 frames (6 detections)
2026-03-16 20:32:19,845 INFO vex_extract.cursor:   Cursor: 8/20 frames (8 detections)
2026-03-16 20:32:19,870 INFO vex_extract.cursor:   Cursor: 10/20 frames (10 detections)
2026-03-16 20:32:19,895 INFO vex_extract.cursor:   Cursor: 12/20 frames (12 detections)
2026-03-16 20:32:19,921 INFO vex_extract.cursor:   Cursor: 14/20 frames (14 detections)
2026-03-16 20:32:19,947 INFO vex_extract.cursor:   Cursor: 16/20 frames (16 detections)
2026-03-16 20:32:19,972 INFO vex_extract.cursor:   Cursor: 18/20 frames (18 detections)
2026-03-16 20:32:21,134 INFO vex_extract.cursor:   Cursor: pass 2 — 20 frames at 5.0 FPS [332339ms-336432ms]
2026-03-16 20:32:21,223 INFO vex_extract.cursor:   Cursor: 2/20 frames (2 detections)
2026-03-16 20:32:21,248 INFO vex_extract.cursor:   Cursor: 4/20 frames (4 detections)
2026-03-16 20:32:21,274 INFO vex_extract.cursor:   Cursor: 6/20 frames (6 detections)
2026-03-16 20:32:21,299 INFO vex_extract.cursor:   Cursor: 8/20 frames (8 detections)
2026-03-16 20:32:21,324 INFO vex_extract.cursor:   Cursor: 10/20 frames (10 detections)
2026-03-16 20:32:21,350 INFO vex_extract.cursor:   Cursor: 12/20 frames (12 detections)
2026-03-16 20:32:21,377 INFO vex_extract.cursor:   Cursor: 14/20 frames (14 detections)
2026-03-16 20:32:21,403 INFO vex_extract.cursor:   Cursor: 16/20 frames (16 detections)
2026-03-16 20:32:21,429 INFO vex_extract.cursor:   Cursor: 18/20 frames (18 detections)
2026-03-16 20:32:22,741 INFO vex_extract.cursor:   Cursor: pass 2 — 54 frames at 5.0 FPS [336452ms-347922ms]
2026-03-16 20:32:22,868 INFO vex_extract.cursor:   Cursor: 5/54 frames (5 detections)
2026-03-16 20:32:22,930 INFO vex_extract.cursor:   Cursor: 10/54 frames (10 detections)
2026-03-16 20:32:22,993 INFO vex_extract.cursor:   Cursor: 15/54 frames (15 detections)
2026-03-16 20:32:23,056 INFO vex_extract.cursor:   Cursor: 20/54 frames (20 detections)
2026-03-16 20:32:23,119 INFO vex_extract.cursor:   Cursor: 25/54 frames (25 detections)
2026-03-16 20:32:23,183 INFO vex_extract.cursor:   Cursor: 30/54 frames (30 detections)
2026-03-16 20:32:23,247 INFO vex_extract.cursor:   Cursor: 35/54 frames (35 detections)
2026-03-16 20:32:23,311 INFO vex_extract.cursor:   Cursor: 40/54 frames (40 detections)
2026-03-16 20:32:23,375 INFO vex_extract.cursor:   Cursor: 45/54 frames (45 detections)
2026-03-16 20:32:23,440 INFO vex_extract.cursor:   Cursor: 50/54 frames (50 detections)
2026-03-16 20:32:24,731 INFO vex_extract.cursor:   Cursor: pass 2 — 15 frames at 5.0 FPS [351069ms-354143ms]
2026-03-16 20:32:24,807 INFO vex_extract.cursor:   Cursor: 1/15 frames (1 detections)
2026-03-16 20:32:24,820 INFO vex_extract.cursor:   Cursor: 2/15 frames (2 detections)
2026-03-16 20:32:24,833 INFO vex_extract.cursor:   Cursor: 3/15 frames (3 detections)
2026-03-16 20:32:24,845 INFO vex_extract.cursor:   Cursor: 4/15 frames (4 detections)
2026-03-16 20:32:24,858 INFO vex_extract.cursor:   Cursor: 5/15 frames (5 detections)
2026-03-16 20:32:24,871 INFO vex_extract.cursor:   Cursor: 6/15 frames (6 detections)
2026-03-16 20:32:24,884 INFO vex_extract.cursor:   Cursor: 7/15 frames (7 detections)
2026-03-16 20:32:24,896 INFO vex_extract.cursor:   Cursor: 8/15 frames (8 detections)
2026-03-16 20:32:24,909 INFO vex_extract.cursor:   Cursor: 9/15 frames (9 detections)
2026-03-16 20:32:24,922 INFO vex_extract.cursor:   Cursor: 10/15 frames (10 detections)
2026-03-16 20:32:24,934 INFO vex_extract.cursor:   Cursor: 11/15 frames (11 detections)
2026-03-16 20:32:24,947 INFO vex_extract.cursor:   Cursor: 12/15 frames (12 detections)
2026-03-16 20:32:24,960 INFO vex_extract.cursor:   Cursor: 13/15 frames (13 detections)
2026-03-16 20:32:24,972 INFO vex_extract.cursor:   Cursor: 14/15 frames (14 detections)
2026-03-16 20:32:26,309 INFO vex_extract.cursor:   Cursor: pass 2 — 25 frames at 5.0 FPS [361472ms-366653ms]
2026-03-16 20:32:26,399 INFO vex_extract.cursor:   Cursor: 2/25 frames (2 detections)
2026-03-16 20:32:26,425 INFO vex_extract.cursor:   Cursor: 4/25 frames (4 detections)
2026-03-16 20:32:26,450 INFO vex_extract.cursor:   Cursor: 6/25 frames (6 detections)
2026-03-16 20:32:26,475 INFO vex_extract.cursor:   Cursor: 8/25 frames (8 detections)
2026-03-16 20:32:26,500 INFO vex_extract.cursor:   Cursor: 10/25 frames (10 detections)
2026-03-16 20:32:26,525 INFO vex_extract.cursor:   Cursor: 12/25 frames (12 detections)
2026-03-16 20:32:26,551 INFO vex_extract.cursor:   Cursor: 14/25 frames (14 detections)
2026-03-16 20:32:26,577 INFO vex_extract.cursor:   Cursor: 16/25 frames (16 detections)
2026-03-16 20:32:26,603 INFO vex_extract.cursor:   Cursor: 18/25 frames (18 detections)
2026-03-16 20:32:26,628 INFO vex_extract.cursor:   Cursor: 20/25 frames (20 detections)
2026-03-16 20:32:26,654 INFO vex_extract.cursor:   Cursor: 22/25 frames (22 detections)
2026-03-16 20:32:26,679 INFO vex_extract.cursor:   Cursor: 24/25 frames (24 detections)
2026-03-16 20:32:28,029 INFO vex_extract.cursor:   Cursor: pass 2 — 20 frames at 5.0 FPS [366673ms-370800ms]
2026-03-16 20:32:28,119 INFO vex_extract.cursor:   Cursor: 2/20 frames (2 detections)
2026-03-16 20:32:28,145 INFO vex_extract.cursor:   Cursor: 4/20 frames (4 detections)
2026-03-16 20:32:28,170 INFO vex_extract.cursor:   Cursor: 6/20 frames (6 detections)
2026-03-16 20:32:28,195 INFO vex_extract.cursor:   Cursor: 8/20 frames (8 detections)
2026-03-16 20:32:28,220 INFO vex_extract.cursor:   Cursor: 10/20 frames (10 detections)
2026-03-16 20:32:28,246 INFO vex_extract.cursor:   Cursor: 12/20 frames (12 detections)
2026-03-16 20:32:28,271 INFO vex_extract.cursor:   Cursor: 14/20 frames (14 detections)
2026-03-16 20:32:28,297 INFO vex_extract.cursor:   Cursor: 16/20 frames (16 detections)
2026-03-16 20:32:28,323 INFO vex_extract.cursor:   Cursor: 18/20 frames (18 detections)
2026-03-16 20:32:29,697 INFO vex_extract.cursor:   Cursor: pass 2 — 14 frames at 5.0 FPS [375001ms-378143ms]
2026-03-16 20:32:29,774 INFO vex_extract.cursor:   Cursor: 1/14 frames (1 detections)
2026-03-16 20:32:29,787 INFO vex_extract.cursor:   Cursor: 2/14 frames (2 detections)
2026-03-16 20:32:29,800 INFO vex_extract.cursor:   Cursor: 3/14 frames (3 detections)
2026-03-16 20:32:29,813 INFO vex_extract.cursor:   Cursor: 4/14 frames (4 detections)
2026-03-16 20:32:29,826 INFO vex_extract.cursor:   Cursor: 5/14 frames (5 detections)
2026-03-16 20:32:29,840 INFO vex_extract.cursor:   Cursor: 6/14 frames (6 detections)
2026-03-16 20:32:29,853 INFO vex_extract.cursor:   Cursor: 7/14 frames (7 detections)
2026-03-16 20:32:29,866 INFO vex_extract.cursor:   Cursor: 8/14 frames (8 detections)
2026-03-16 20:32:29,878 INFO vex_extract.cursor:   Cursor: 9/14 frames (9 detections)
2026-03-16 20:32:29,892 INFO vex_extract.cursor:   Cursor: 10/14 frames (10 detections)
2026-03-16 20:32:29,905 INFO vex_extract.cursor:   Cursor: 11/14 frames (11 detections)
2026-03-16 20:32:29,918 INFO vex_extract.cursor:   Cursor: 12/14 frames (12 detections)
2026-03-16 20:32:29,931 INFO vex_extract.cursor:   Cursor: 13/14 frames (13 detections)
2026-03-16 20:32:31,288 INFO vex_extract.cursor:   Cursor: pass 2 — 9 frames at 5.0 FPS [378163ms-380183ms]
2026-03-16 20:32:31,366 INFO vex_extract.cursor:   Cursor: 1/9 frames (1 detections)
2026-03-16 20:32:31,379 INFO vex_extract.cursor:   Cursor: 2/9 frames (2 detections)
2026-03-16 20:32:31,392 INFO vex_extract.cursor:   Cursor: 3/9 frames (3 detections)
2026-03-16 20:32:31,405 INFO vex_extract.cursor:   Cursor: 4/9 frames (4 detections)
2026-03-16 20:32:31,420 INFO vex_extract.cursor:   Cursor: 5/9 frames (5 detections)
2026-03-16 20:32:31,434 INFO vex_extract.cursor:   Cursor: 6/9 frames (6 detections)
2026-03-16 20:32:31,448 INFO vex_extract.cursor:   Cursor: 7/9 frames (7 detections)
2026-03-16 20:32:31,462 INFO vex_extract.cursor:   Cursor: 8/9 frames (8 detections)
2026-03-16 20:32:32,843 INFO vex_extract.cursor:   Cursor: pass 2 — 9 frames at 5.0 FPS [394786ms-396806ms]
2026-03-16 20:32:32,921 INFO vex_extract.cursor:   Cursor: 1/9 frames (1 detections)
2026-03-16 20:32:32,934 INFO vex_extract.cursor:   Cursor: 2/9 frames (2 detections)
2026-03-16 20:32:32,947 INFO vex_extract.cursor:   Cursor: 3/9 frames (3 detections)
2026-03-16 20:32:32,960 INFO vex_extract.cursor:   Cursor: 4/9 frames (4 detections)
2026-03-16 20:32:32,972 INFO vex_extract.cursor:   Cursor: 5/9 frames (5 detections)
2026-03-16 20:32:32,985 INFO vex_extract.cursor:   Cursor: 6/9 frames (6 detections)
2026-03-16 20:32:32,998 INFO vex_extract.cursor:   Cursor: 7/9 frames (7 detections)
2026-03-16 20:32:33,011 INFO vex_extract.cursor:   Cursor: 8/9 frames (8 detections)
2026-03-16 20:32:34,424 INFO vex_extract.cursor:   Cursor: pass 2 — 18 frames at 5.0 FPS [397880ms-403809ms]
2026-03-16 20:32:34,501 INFO vex_extract.cursor:   Cursor: 1/18 frames (1 detections)
2026-03-16 20:32:34,514 INFO vex_extract.cursor:   Cursor: 2/18 frames (2 detections)
2026-03-16 20:32:34,526 INFO vex_extract.cursor:   Cursor: 3/18 frames (3 detections)
2026-03-16 20:32:34,539 INFO vex_extract.cursor:   Cursor: 4/18 frames (4 detections)
2026-03-16 20:32:34,551 INFO vex_extract.cursor:   Cursor: 5/18 frames (5 detections)
2026-03-16 20:32:34,564 INFO vex_extract.cursor:   Cursor: 6/18 frames (6 detections)
2026-03-16 20:32:34,577 INFO vex_extract.cursor:   Cursor: 7/18 frames (7 detections)
2026-03-16 20:32:34,590 INFO vex_extract.cursor:   Cursor: 8/18 frames (8 detections)
2026-03-16 20:32:34,603 INFO vex_extract.cursor:   Cursor: 9/18 frames (9 detections)
2026-03-16 20:32:34,616 INFO vex_extract.cursor:   Cursor: 10/18 frames (10 detections)
2026-03-16 20:32:34,629 INFO vex_extract.cursor:   Cursor: 11/18 frames (11 detections)
2026-03-16 20:32:34,641 INFO vex_extract.cursor:   Cursor: 12/18 frames (12 detections)
2026-03-16 20:32:34,654 INFO vex_extract.cursor:   Cursor: 13/18 frames (13 detections)
2026-03-16 20:32:34,667 INFO vex_extract.cursor:   Cursor: 14/18 frames (14 detections)
2026-03-16 20:32:34,680 INFO vex_extract.cursor:   Cursor: 15/18 frames (15 detections)
2026-03-16 20:32:34,692 INFO vex_extract.cursor:   Cursor: 16/18 frames (16 detections)
2026-03-16 20:32:34,705 INFO vex_extract.cursor:   Cursor: 17/18 frames (17 detections)
2026-03-16 20:32:36,222 INFO vex_extract.cursor:   Cursor: pass 2 — 42 frames at 5.0 FPS [409744ms-425361ms]
2026-03-16 20:32:36,336 INFO vex_extract.cursor:   Cursor: 4/42 frames (4 detections)
2026-03-16 20:32:36,387 INFO vex_extract.cursor:   Cursor: 8/42 frames (8 detections)
2026-03-16 20:32:36,438 INFO vex_extract.cursor:   Cursor: 12/42 frames (12 detections)
2026-03-16 20:32:36,489 INFO vex_extract.cursor:   Cursor: 16/42 frames (16 detections)
2026-03-16 20:32:36,540 INFO vex_extract.cursor:   Cursor: 20/42 frames (20 detections)
2026-03-16 20:32:36,591 INFO vex_extract.cursor:   Cursor: 24/42 frames (24 detections)
2026-03-16 20:32:36,643 INFO vex_extract.cursor:   Cursor: 28/42 frames (28 detections)
2026-03-16 20:32:36,695 INFO vex_extract.cursor:   Cursor: 32/42 frames (32 detections)
2026-03-16 20:32:36,746 INFO vex_extract.cursor:   Cursor: 36/42 frames (36 detections)
2026-03-16 20:32:36,797 INFO vex_extract.cursor:   Cursor: 40/42 frames (40 detections)
2026-03-16 20:32:38,256 INFO vex_extract.cursor:   Cursor: pass 2 — 9 frames at 5.0 FPS [426435ms-430018ms]
2026-03-16 20:32:38,333 INFO vex_extract.cursor:   Cursor: 1/9 frames (1 detections)
2026-03-16 20:32:38,346 INFO vex_extract.cursor:   Cursor: 2/9 frames (2 detections)
2026-03-16 20:32:38,359 INFO vex_extract.cursor:   Cursor: 3/9 frames (3 detections)
2026-03-16 20:32:38,372 INFO vex_extract.cursor:   Cursor: 4/9 frames (4 detections)
2026-03-16 20:32:38,385 INFO vex_extract.cursor:   Cursor: 5/9 frames (5 detections)
2026-03-16 20:32:38,398 INFO vex_extract.cursor:   Cursor: 6/9 frames (6 detections)
2026-03-16 20:32:38,411 INFO vex_extract.cursor:   Cursor: 7/9 frames (7 detections)
2026-03-16 20:32:38,424 INFO vex_extract.cursor:   Cursor: 8/9 frames (8 detections)
2026-03-16 20:32:39,888 INFO vex_extract.cursor:   Cursor: pass 2 — 6 frames at 5.0 FPS [508939ms-511809ms]
2026-03-16 20:32:39,964 INFO vex_extract.cursor:   Cursor: 1/6 frames (1 detections)
2026-03-16 20:32:39,977 INFO vex_extract.cursor:   Cursor: 2/6 frames (2 detections)
2026-03-16 20:32:39,989 INFO vex_extract.cursor:   Cursor: 3/6 frames (3 detections)
2026-03-16 20:32:40,002 INFO vex_extract.cursor:   Cursor: 4/6 frames (4 detections)
2026-03-16 20:32:40,014 INFO vex_extract.cursor:   Cursor: 5/6 frames (5 detections)
2026-03-16 20:32:41,507 INFO vex_extract.cursor:   Cursor: pass 2 — 13 frames at 5.0 FPS [513120ms-516330ms]
2026-03-16 20:32:41,584 INFO vex_extract.cursor:   Cursor: 1/13 frames (1 detections)
2026-03-16 20:32:41,597 INFO vex_extract.cursor:   Cursor: 2/13 frames (2 detections)
2026-03-16 20:32:41,609 INFO vex_extract.cursor:   Cursor: 3/13 frames (3 detections)
2026-03-16 20:32:41,622 INFO vex_extract.cursor:   Cursor: 4/13 frames (4 detections)
2026-03-16 20:32:41,635 INFO vex_extract.cursor:   Cursor: 5/13 frames (5 detections)
2026-03-16 20:32:41,648 INFO vex_extract.cursor:   Cursor: 6/13 frames (6 detections)
2026-03-16 20:32:41,661 INFO vex_extract.cursor:   Cursor: 7/13 frames (7 detections)
2026-03-16 20:32:41,674 INFO vex_extract.cursor:   Cursor: 8/13 frames (8 detections)
2026-03-16 20:32:41,687 INFO vex_extract.cursor:   Cursor: 9/13 frames (9 detections)
2026-03-16 20:32:41,700 INFO vex_extract.cursor:   Cursor: 10/13 frames (10 detections)
2026-03-16 20:32:41,713 INFO vex_extract.cursor:   Cursor: 11/13 frames (11 detections)
2026-03-16 20:32:41,725 INFO vex_extract.cursor:   Cursor: 12/13 frames (12 detections)
2026-03-16 20:32:43,220 INFO vex_extract.cursor:   Cursor: pass 2 — 10 frames at 5.0 FPS [516384ms-518404ms]
2026-03-16 20:32:43,296 INFO vex_extract.cursor:   Cursor: 1/10 frames (1 detections)
2026-03-16 20:32:43,309 INFO vex_extract.cursor:   Cursor: 2/10 frames (2 detections)
2026-03-16 20:32:43,322 INFO vex_extract.cursor:   Cursor: 3/10 frames (3 detections)
2026-03-16 20:32:43,335 INFO vex_extract.cursor:   Cursor: 4/10 frames (4 detections)
2026-03-16 20:32:43,348 INFO vex_extract.cursor:   Cursor: 5/10 frames (5 detections)
2026-03-16 20:32:43,361 INFO vex_extract.cursor:   Cursor: 6/10 frames (6 detections)
2026-03-16 20:32:43,373 INFO vex_extract.cursor:   Cursor: 7/10 frames (7 detections)
2026-03-16 20:32:43,386 INFO vex_extract.cursor:   Cursor: 8/10 frames (8 detections)
2026-03-16 20:32:43,399 INFO vex_extract.cursor:   Cursor: 9/10 frames (9 detections)
2026-03-16 20:32:45,003 INFO vex_extract.cursor:   Cursor: pass 2 — 40 frames at 5.0 FPS [518458ms-526732ms]
2026-03-16 20:32:45,118 INFO vex_extract.cursor:   Cursor: 4/40 frames (4 detections)
2026-03-16 20:32:45,169 INFO vex_extract.cursor:   Cursor: 8/40 frames (8 detections)
2026-03-16 20:32:45,219 INFO vex_extract.cursor:   Cursor: 12/40 frames (12 detections)
2026-03-16 20:32:45,270 INFO vex_extract.cursor:   Cursor: 16/40 frames (16 detections)
2026-03-16 20:32:45,322 INFO vex_extract.cursor:   Cursor: 20/40 frames (20 detections)
2026-03-16 20:32:45,372 INFO vex_extract.cursor:   Cursor: 24/40 frames (24 detections)
2026-03-16 20:32:45,423 INFO vex_extract.cursor:   Cursor: 28/40 frames (28 detections)
2026-03-16 20:32:45,474 INFO vex_extract.cursor:   Cursor: 32/40 frames (32 detections)
2026-03-16 20:32:45,525 INFO vex_extract.cursor:   Cursor: 36/40 frames (36 detections)
2026-03-16 20:32:47,177 INFO vex_extract.cursor:   Cursor: pass 2 — 29 frames at 5.0 FPS [526786ms-532919ms]
2026-03-16 20:32:47,265 INFO vex_extract.cursor:   Cursor: 2/29 frames (2 detections)
2026-03-16 20:32:47,290 INFO vex_extract.cursor:   Cursor: 4/29 frames (4 detections)
2026-03-16 20:32:47,316 INFO vex_extract.cursor:   Cursor: 6/29 frames (6 detections)
2026-03-16 20:32:47,341 INFO vex_extract.cursor:   Cursor: 8/29 frames (8 detections)
2026-03-16 20:32:47,366 INFO vex_extract.cursor:   Cursor: 10/29 frames (10 detections)
2026-03-16 20:32:47,391 INFO vex_extract.cursor:   Cursor: 12/29 frames (12 detections)
2026-03-16 20:32:47,417 INFO vex_extract.cursor:   Cursor: 14/29 frames (14 detections)
2026-03-16 20:32:47,442 INFO vex_extract.cursor:   Cursor: 16/29 frames (16 detections)
2026-03-16 20:32:47,467 INFO vex_extract.cursor:   Cursor: 18/29 frames (18 detections)
2026-03-16 20:32:47,493 INFO vex_extract.cursor:   Cursor: 20/29 frames (20 detections)
2026-03-16 20:32:47,518 INFO vex_extract.cursor:   Cursor: 22/29 frames (22 detections)
2026-03-16 20:32:47,543 INFO vex_extract.cursor:   Cursor: 24/29 frames (24 detections)
2026-03-16 20:32:47,569 INFO vex_extract.cursor:   Cursor: 26/29 frames (26 detections)
2026-03-16 20:32:47,595 INFO vex_extract.cursor:   Cursor: 28/29 frames (28 detections)
2026-03-16 20:32:49,248 INFO vex_extract.cursor:   Cursor: pass 2 — 29 frames at 5.0 FPS [533993ms-540160ms]
2026-03-16 20:32:49,338 INFO vex_extract.cursor:   Cursor: 2/29 frames (2 detections)
2026-03-16 20:32:49,363 INFO vex_extract.cursor:   Cursor: 4/29 frames (4 detections)
2026-03-16 20:32:49,388 INFO vex_extract.cursor:   Cursor: 6/29 frames (6 detections)
2026-03-16 20:32:49,414 INFO vex_extract.cursor:   Cursor: 8/29 frames (8 detections)
2026-03-16 20:32:49,439 INFO vex_extract.cursor:   Cursor: 10/29 frames (10 detections)
2026-03-16 20:32:49,464 INFO vex_extract.cursor:   Cursor: 12/29 frames (12 detections)
2026-03-16 20:32:49,490 INFO vex_extract.cursor:   Cursor: 14/29 frames (14 detections)
2026-03-16 20:32:49,515 INFO vex_extract.cursor:   Cursor: 16/29 frames (16 detections)
2026-03-16 20:32:49,541 INFO vex_extract.cursor:   Cursor: 18/29 frames (18 detections)
2026-03-16 20:32:49,567 INFO vex_extract.cursor:   Cursor: 20/29 frames (20 detections)
2026-03-16 20:32:49,591 INFO vex_extract.cursor:   Cursor: 22/29 frames (22 detections)
2026-03-16 20:32:49,617 INFO vex_extract.cursor:   Cursor: 24/29 frames (24 detections)
2026-03-16 20:32:49,643 INFO vex_extract.cursor:   Cursor: 26/29 frames (26 detections)
2026-03-16 20:32:49,668 INFO vex_extract.cursor:   Cursor: 28/29 frames (28 detections)
2026-03-16 20:32:51,275 INFO vex_extract.cursor:   Cursor: pass 2 — 10 frames at 5.0 FPS [540214ms-542268ms]
2026-03-16 20:32:51,352 INFO vex_extract.cursor:   Cursor: 1/10 frames (1 detections)
2026-03-16 20:32:51,364 INFO vex_extract.cursor:   Cursor: 2/10 frames (2 detections)
2026-03-16 20:32:51,377 INFO vex_extract.cursor:   Cursor: 3/10 frames (3 detections)
2026-03-16 20:32:51,390 INFO vex_extract.cursor:   Cursor: 4/10 frames (4 detections)
2026-03-16 20:32:51,403 INFO vex_extract.cursor:   Cursor: 5/10 frames (5 detections)
2026-03-16 20:32:51,409 INFO vex_extract.cursor:   Cursor: 6/10 frames (6 detections)
2026-03-16 20:32:51,416 INFO vex_extract.cursor:   Cursor: 7/10 frames (7 detections)
2026-03-16 20:32:51,422 INFO vex_extract.cursor:   Cursor: 8/10 frames (8 detections)
2026-03-16 20:32:51,435 INFO vex_extract.cursor:   Cursor: 9/10 frames (9 detections)
2026-03-16 20:32:53,100 INFO vex_extract.cursor:   Cursor: pass 2 — 20 frames at 5.0 FPS [542288ms-546449ms]
2026-03-16 20:32:53,189 INFO vex_extract.cursor:   Cursor: 2/20 frames (2 detections)
2026-03-16 20:32:53,214 INFO vex_extract.cursor:   Cursor: 4/20 frames (4 detections)
2026-03-16 20:32:53,240 INFO vex_extract.cursor:   Cursor: 6/20 frames (6 detections)
2026-03-16 20:32:53,265 INFO vex_extract.cursor:   Cursor: 8/20 frames (8 detections)
2026-03-16 20:32:53,291 INFO vex_extract.cursor:   Cursor: 10/20 frames (10 detections)
2026-03-16 20:32:53,316 INFO vex_extract.cursor:   Cursor: 12/20 frames (12 detections)
2026-03-16 20:32:53,342 INFO vex_extract.cursor:   Cursor: 14/20 frames (14 detections)
2026-03-16 20:32:53,367 INFO vex_extract.cursor:   Cursor: 16/20 frames (16 detections)
2026-03-16 20:32:53,393 INFO vex_extract.cursor:   Cursor: 18/20 frames (18 detections)
2026-03-16 20:32:55,099 INFO vex_extract.cursor:   Cursor: pass 2 — 20 frames at 5.0 FPS [549664ms-553792ms]
2026-03-16 20:32:55,187 INFO vex_extract.cursor:   Cursor: 2/20 frames (2 detections)
2026-03-16 20:32:55,212 INFO vex_extract.cursor:   Cursor: 4/20 frames (4 detections)
2026-03-16 20:32:55,237 INFO vex_extract.cursor:   Cursor: 6/20 frames (6 detections)
2026-03-16 20:32:55,263 INFO vex_extract.cursor:   Cursor: 8/20 frames (8 detections)
2026-03-16 20:32:55,289 INFO vex_extract.cursor:   Cursor: 10/20 frames (10 detections)
2026-03-16 20:32:55,314 INFO vex_extract.cursor:   Cursor: 12/20 frames (12 detections)
2026-03-16 20:32:55,340 INFO vex_extract.cursor:   Cursor: 14/20 frames (14 detections)
2026-03-16 20:32:55,366 INFO vex_extract.cursor:   Cursor: 16/20 frames (16 detections)
2026-03-16 20:32:55,391 INFO vex_extract.cursor:   Cursor: 18/20 frames (18 detections)
2026-03-16 20:32:57,081 INFO vex_extract.cursor:   Cursor: pass 2 — 10 frames at 5.0 FPS [553812ms-555899ms]
2026-03-16 20:32:57,158 INFO vex_extract.cursor:   Cursor: 1/10 frames (1 detections)
2026-03-16 20:32:57,170 INFO vex_extract.cursor:   Cursor: 2/10 frames (2 detections)
2026-03-16 20:32:57,183 INFO vex_extract.cursor:   Cursor: 3/10 frames (3 detections)
2026-03-16 20:32:57,196 INFO vex_extract.cursor:   Cursor: 4/10 frames (4 detections)
2026-03-16 20:32:57,208 INFO vex_extract.cursor:   Cursor: 5/10 frames (5 detections)
2026-03-16 20:32:57,222 INFO vex_extract.cursor:   Cursor: 6/10 frames (6 detections)
2026-03-16 20:32:57,234 INFO vex_extract.cursor:   Cursor: 7/10 frames (7 detections)
2026-03-16 20:32:57,246 INFO vex_extract.cursor:   Cursor: 8/10 frames (8 detections)
2026-03-16 20:32:57,259 INFO vex_extract.cursor:   Cursor: 9/10 frames (9 detections)
2026-03-16 20:32:58,937 INFO vex_extract.cursor:   Cursor: pass 2 — 10 frames at 5.0 FPS [556939ms-558959ms]
2026-03-16 20:32:59,013 INFO vex_extract.cursor:   Cursor: 1/10 frames (1 detections)
2026-03-16 20:32:59,025 INFO vex_extract.cursor:   Cursor: 2/10 frames (2 detections)
2026-03-16 20:32:59,038 INFO vex_extract.cursor:   Cursor: 3/10 frames (3 detections)
2026-03-16 20:32:59,051 INFO vex_extract.cursor:   Cursor: 4/10 frames (4 detections)
2026-03-16 20:32:59,064 INFO vex_extract.cursor:   Cursor: 5/10 frames (5 detections)
2026-03-16 20:32:59,077 INFO vex_extract.cursor:   Cursor: 6/10 frames (6 detections)
2026-03-16 20:32:59,089 INFO vex_extract.cursor:   Cursor: 7/10 frames (7 detections)
2026-03-16 20:32:59,102 INFO vex_extract.cursor:   Cursor: 8/10 frames (8 detections)
2026-03-16 20:32:59,114 INFO vex_extract.cursor:   Cursor: 9/10 frames (9 detections)
2026-03-16 20:33:00,834 INFO vex_extract.cursor:   Cursor: pass 2 — 9 frames at 5.0 FPS [575704ms-577724ms]
2026-03-16 20:33:00,911 INFO vex_extract.cursor:   Cursor: 1/9 frames (1 detections)
2026-03-16 20:33:00,924 INFO vex_extract.cursor:   Cursor: 2/9 frames (2 detections)
2026-03-16 20:33:00,937 INFO vex_extract.cursor:   Cursor: 3/9 frames (3 detections)
2026-03-16 20:33:00,950 INFO vex_extract.cursor:   Cursor: 4/9 frames (4 detections)
2026-03-16 20:33:00,963 INFO vex_extract.cursor:   Cursor: 5/9 frames (5 detections)
2026-03-16 20:33:00,975 INFO vex_extract.cursor:   Cursor: 6/9 frames (6 detections)
2026-03-16 20:33:00,988 INFO vex_extract.cursor:   Cursor: 7/9 frames (7 detections)
2026-03-16 20:33:01,000 INFO vex_extract.cursor:   Cursor: 8/9 frames (8 detections)
2026-03-16 20:33:02,735 INFO vex_extract.cursor:   Cursor: pass 2 — 9 frames at 5.0 FPS [579817ms-581905ms]
2026-03-16 20:33:02,811 INFO vex_extract.cursor:   Cursor: 1/9 frames (1 detections)
2026-03-16 20:33:02,825 INFO vex_extract.cursor:   Cursor: 2/9 frames (2 detections)
2026-03-16 20:33:02,837 INFO vex_extract.cursor:   Cursor: 3/9 frames (3 detections)
2026-03-16 20:33:02,850 INFO vex_extract.cursor:   Cursor: 4/9 frames (4 detections)
2026-03-16 20:33:02,863 INFO vex_extract.cursor:   Cursor: 5/9 frames (5 detections)
2026-03-16 20:33:02,875 INFO vex_extract.cursor:   Cursor: 6/9 frames (6 detections)
2026-03-16 20:33:02,888 INFO vex_extract.cursor:   Cursor: 7/9 frames (7 detections)
2026-03-16 20:33:02,901 INFO vex_extract.cursor:   Cursor: 8/9 frames (8 detections)
2026-03-16 20:33:04,644 INFO vex_extract.cursor:   Cursor: pass 2 — 11 frames at 5.0 FPS [583659ms-588058ms]
2026-03-16 20:33:04,720 INFO vex_extract.cursor:   Cursor: 1/11 frames (1 detections)
2026-03-16 20:33:04,733 INFO vex_extract.cursor:   Cursor: 2/11 frames (2 detections)
2026-03-16 20:33:04,746 INFO vex_extract.cursor:   Cursor: 3/11 frames (3 detections)
2026-03-16 20:33:04,759 INFO vex_extract.cursor:   Cursor: 4/11 frames (4 detections)
2026-03-16 20:33:04,772 INFO vex_extract.cursor:   Cursor: 5/11 frames (5 detections)
2026-03-16 20:33:04,784 INFO vex_extract.cursor:   Cursor: 6/11 frames (6 detections)
2026-03-16 20:33:04,797 INFO vex_extract.cursor:   Cursor: 7/11 frames (7 detections)
2026-03-16 20:33:04,810 INFO vex_extract.cursor:   Cursor: 8/11 frames (8 detections)
2026-03-16 20:33:04,822 INFO vex_extract.cursor:   Cursor: 9/11 frames (9 detections)
2026-03-16 20:33:04,835 INFO vex_extract.cursor:   Cursor: 10/11 frames (10 detections)
2026-03-16 20:33:06,566 INFO vex_extract.cursor:   Cursor: pass 2 — 3 frames at 5.0 FPS [596984ms-599990ms]
2026-03-16 20:33:06,642 INFO vex_extract.cursor:   Cursor: 1/3 frames (1 detections)
2026-03-16 20:33:06,654 INFO vex_extract.cursor:   Cursor: 2/3 frames (2 detections)
2026-03-16 20:33:08,400 INFO vex_extract.cursor:   Cursor: pass 2 — 7 frames at 5.0 FPS [600214ms-602268ms]
2026-03-16 20:33:08,477 INFO vex_extract.cursor:   Cursor: 1/7 frames (1 detections)
2026-03-16 20:33:08,490 INFO vex_extract.cursor:   Cursor: 2/7 frames (2 detections)
2026-03-16 20:33:08,503 INFO vex_extract.cursor:   Cursor: 3/7 frames (3 detections)
2026-03-16 20:33:08,515 INFO vex_extract.cursor:   Cursor: 4/7 frames (4 detections)
2026-03-16 20:33:08,528 INFO vex_extract.cursor:   Cursor: 5/7 frames (5 detections)
2026-03-16 20:33:08,541 INFO vex_extract.cursor:   Cursor: 6/7 frames (6 detections)
2026-03-16 20:33:10,291 INFO vex_extract.cursor:   Cursor: pass 2 — 6 frames at 5.0 FPS [602288ms-605259ms]
2026-03-16 20:33:10,367 INFO vex_extract.cursor:   Cursor: 1/6 frames (1 detections)
2026-03-16 20:33:10,380 INFO vex_extract.cursor:   Cursor: 2/6 frames (2 detections)
2026-03-16 20:33:10,393 INFO vex_extract.cursor:   Cursor: 3/6 frames (3 detections)
2026-03-16 20:33:10,406 INFO vex_extract.cursor:   Cursor: 4/6 frames (4 detections)
2026-03-16 20:33:10,419 INFO vex_extract.cursor:   Cursor: 5/6 frames (5 detections)
2026-03-16 20:33:12,204 INFO vex_extract.cursor:   Cursor: pass 2 — 6 frames at 5.0 FPS [648520ms-653293ms]
2026-03-16 20:33:12,281 INFO vex_extract.cursor:   Cursor: 1/6 frames (1 detections)
2026-03-16 20:33:12,294 INFO vex_extract.cursor:   Cursor: 2/6 frames (2 detections)
2026-03-16 20:33:12,307 INFO vex_extract.cursor:   Cursor: 3/6 frames (3 detections)
2026-03-16 20:33:12,320 INFO vex_extract.cursor:   Cursor: 4/6 frames (4 detections)
2026-03-16 20:33:12,333 INFO vex_extract.cursor:   Cursor: 5/6 frames (5 detections)
2026-03-16 20:33:12,346 INFO vex_extract.cursor:   Cursor: merged 1441 detections (1441 detected)
2026-03-16 20:33:12,346 INFO vex_extract.cursor:   Cursor: filtering 42 static detections at (602.0, 394.0) spanning 36476ms
2026-03-16 20:33:12,346 INFO vex_extract.cursor:   Cursor: filtering 16 static detections at (1610.0, 6.0) spanning 4215ms
2026-03-16 20:33:12,347 INFO vex_extract.cursor:   Cursor: filtering 8 static detections at (986.0, 448.0) spanning 9076ms
2026-03-16 20:33:12,347 INFO vex_extract.cursor:   Cursor: filtering 19 static detections at (1610.0, 6.0) spanning 4997ms
2026-03-16 20:33:12,347 INFO vex_extract.cursor:   Cursor: filtering 17 static detections at (1610.0, 6.0) spanning 3467ms
2026-03-16 20:33:12,347 INFO vex_extract.cursor:   Cursor: filtering 7 static detections at (19.0, 386.0) spanning 4181ms
2026-03-16 20:33:12,347 INFO vex_extract.cursor:   Cursor: filtering 12 static detections at (1563.0, 1040.0) spanning 3603ms
2026-03-16 20:33:12,347 INFO vex_extract.cursor:   Cursor: filtering 9 static detections at (1563.0, 1040.0) spanning 3739ms
2026-03-16 20:33:12,347 INFO vex_extract.cursor:   Cursor: filtering 16 static detections at (1610.0, 6.0) spanning 3195ms
2026-03-16 20:33:12,347 INFO vex_extract.cursor:   Cursor: filtering 8 static detections at (1509.0, 679.0) spanning 7309ms
2026-03-16 20:33:12,347 INFO vex_extract.cursor:   Cursor: filtering 11 static detections at (1509.0, 677.0) spanning 4963ms
2026-03-16 20:33:12,347 INFO vex_extract.cursor:   Cursor: filtering 16 static detections at (1509.0, 677.0) spanning 11830ms
2026-03-16 20:33:12,347 INFO vex_extract.cursor:   Cursor: filtering 20 static detections at (1610.0, 6.0) spanning 3977ms
2026-03-16 20:33:12,347 INFO vex_extract.cursor:   Cursor: filtering 6 static detections at (1561.0, 984.0) spanning 3059ms
2026-03-16 20:33:12,347 INFO vex_extract.cursor:   Cursor: filtering 8 static detections at (1561.0, 986.0) spanning 4419ms
2026-03-16 20:33:12,347 INFO vex_extract.cursor:   Cursor: filtering 11 static detections at (351.0, 598.0) spanning 3739ms
2026-03-16 20:33:12,347 INFO vex_extract.cursor:   Cursor: filtering 10 static detections at (1419.0, 585.0) spanning 3535ms
2026-03-16 20:33:12,347 INFO vex_extract.cursor:   Cursor: filtering 31 static detections at (1610.0, 6.0) spanning 8227ms
2026-03-16 20:33:12,347 INFO vex_extract.cursor:   Cursor: filtering 15 static detections at (1541.0, 377.0) spanning 21008ms
2026-03-16 20:33:12,347 INFO vex_extract.cursor:   Cursor: filtering 3 static detections at (1610.0, 6.0) spanning 3093ms
2026-03-16 20:33:12,347 INFO vex_extract.cursor:   Cursor: filtering 12 static detections at (757.0, 825.0) spanning 16929ms
2026-03-16 20:33:12,347 INFO vex_extract.cursor:   Cursor: filtering 16 static detections at (1042.0, 722.0) spanning 9280ms
2026-03-16 20:33:12,347 INFO vex_extract.cursor:   Cursor: filtering 10 static detections at (566.0, 523.0) spanning 8261ms
2026-03-16 20:33:12,347 INFO vex_extract.cursor:   Cursor: filtering 7 static detections at (566.0, 523.0) spanning 6221ms
2026-03-16 20:33:12,347 INFO vex_extract.cursor:   Cursor: filtering 39 static detections at (1610.0, 6.0) spanning 10198ms
2026-03-16 20:33:12,347 INFO vex_extract.cursor:   Cursor: filtering 16 static detections at (36.0, 169.0) spanning 5711ms
2026-03-16 20:33:12,347 INFO vex_extract.cursor:   Cursor: filtering 14 static detections at (36.0, 169.0) spanning 8057ms
2026-03-16 20:33:12,347 INFO vex_extract.cursor:   Cursor: filtering 13 static detections at (1548.0, 817.0) spanning 5847ms
2026-03-16 20:33:12,347 INFO vex_extract.cursor:   Cursor: filtering 14 static detections at (1134.0, 570.0) spanning 13530ms
2026-03-16 20:33:12,347 INFO vex_extract.cursor:   Cursor: filtering 5 static detections at (574.0, 171.0) spanning 4997ms
2026-03-16 20:33:12,347 INFO vex_extract.cursor:   Cursor: filtering 9 static detections at (1478.0, 541.0) spanning 3059ms
2026-03-16 20:33:12,347 INFO vex_extract.cursor:   Cursor: filtering 45 static detections at (1767.0, 280.0) spanning 77847ms
2026-03-16 20:33:12,347 INFO vex_extract.cursor:   Cursor: filtering 58 static detections at (1610.0, 6.0) spanning 11796ms
2026-03-16 20:33:12,348 INFO vex_extract.cursor:   Cursor: filtering 16 static detections at (1095.0, 1125.0) spanning 15671ms
2026-03-16 20:33:12,348 INFO vex_extract.cursor:   Cursor: filtering 10 static detections at (1610.0, 6.0) spanning 4623ms
2026-03-16 20:33:12,348 INFO vex_extract.cursor:   Cursor: filtering 27 static detections at (1616.0, 756.0) spanning 41167ms
2026-03-16 20:33:12,348 INFO vex_extract.cursor:   Cursor: filtering 6 static detections at (1610.0, 6.0) spanning 4249ms
2026-03-16 20:33:12,352 INFO vex_extract.pipeline:   Cached cursor trajectory: /Users/nic/Developer/spike-air-315-vision-processing/candidates/2026-03-14/tmp/cv/travel_expert_lisa_7476a342_cursor/cursor_trajectory.json
2026-03-16 20:33:12,352 INFO vex_extract.pipeline:   1441 cursor detections (839 detected) in 103.1s
2026-03-16 20:33:12,352 INFO vex_extract.pipeline: Step 3: Computing optical flow...
2026-03-16 20:33:14,555 INFO vex_extract.flow:   Flow: computing across 1021 frame pairs...
2026-03-16 20:33:17,728 INFO vex_extract.pipeline:   Cached flow windows: /Users/nic/Developer/spike-air-315-vision-processing/candidates/2026-03-14/tmp/cv/travel_expert_lisa_bb5a87ef_7476a342_flow/flow_windows.json
2026-03-16 20:33:17,728 INFO vex_extract.pipeline:   757 flow windows in 5.4s
2026-03-16 20:33:17,728 INFO vex_extract.pipeline: Step 4: Creating video segments...
2026-03-16 20:33:17,728 INFO vex_extract.pipeline:   9 segments
2026-03-16 20:33:17,728 INFO vex_extract.pipeline:   Segment 0: cached
2026-03-16 20:33:17,728 INFO vex_extract.pipeline:   Segment 1: cached
2026-03-16 20:33:17,729 INFO vex_extract.pipeline:   Segment 2: cached
2026-03-16 20:33:17,729 INFO vex_extract.pipeline:   Segment 3: cached
2026-03-16 20:33:17,729 INFO vex_extract.pipeline:   Segment 4: cached
2026-03-16 20:33:17,729 INFO vex_extract.pipeline:   Segment 5: cached
2026-03-16 20:33:17,729 INFO vex_extract.pipeline:   Segment 6: cached
2026-03-16 20:33:17,729 INFO vex_extract.pipeline:   Segment 7: cached
2026-03-16 20:33:17,729 INFO vex_extract.pipeline:   Segment 8: cached
2026-03-16 20:33:17,729 INFO vex_extract.pipeline: Step 5: Preparing prompts...
2026-03-16 20:33:17,729 INFO vex_extract.analysis: Segment 0: prompt prepared (10511 chars)
2026-03-16 20:33:17,730 INFO vex_extract.analysis: Segment 1: prompt prepared (10992 chars)
2026-03-16 20:33:17,731 INFO vex_extract.analysis: Segment 2: prompt prepared (11325 chars)
2026-03-16 20:33:17,731 INFO vex_extract.analysis: Segment 3: prompt prepared (10365 chars)
2026-03-16 20:33:17,732 INFO vex_extract.analysis: Segment 4: prompt prepared (11735 chars)
2026-03-16 20:33:17,733 INFO vex_extract.analysis: Segment 5: prompt prepared (10714 chars)
2026-03-16 20:33:17,733 INFO vex_extract.analysis: Segment 6: prompt prepared (9587 chars)
2026-03-16 20:33:17,734 INFO vex_extract.analysis: Segment 7: prompt prepared (11600 chars)
2026-03-16 20:33:17,734 INFO vex_extract.analysis: Segment 8: prompt prepared (9828 chars)
2026-03-16 20:33:17,734 INFO vex_extract.pipeline:   9 prompts prepared
2026-03-16 20:33:17,734 INFO vex_extract.pipeline: Stopped after: prompt
