2026-03-15 21:45:29,993 INFO vex_extract.pipeline: === Video Event Extractor ===
2026-03-15 21:45:29,993 INFO vex_extract.pipeline: Video: /Users/nic/Developer/spike-air-315-vision-processing/input_data/screen_tracks/flight_centre_booking_james.mp4
2026-03-15 21:45:29,993 INFO vex_extract.pipeline: Offset: 238982 ms
2026-03-15 21:45:29,993 INFO vex_extract.pipeline: Run ID: 2026-03-15_114529
2026-03-15 21:45:29,993 INFO vex_extract.pipeline: Stop after: prompt
2026-03-15 21:45:29,993 INFO vex_extract.pipeline: Step 1: Normalizing video...
2026-03-15 21:45:29,993 INFO vex_extract.pipeline:   Using cached normalized video: /Users/nic/Developer/spike-air-315-vision-processing/candidates/2026-03-14/tmp/flight_centre_booking_james_normalized.mp4
2026-03-15 21:45:30,019 INFO vex_extract.pipeline:   Duration: 176.9s, 1954x1060, 30.0 fps
2026-03-15 21:45:30,020 INFO vex_extract.pipeline: Step 2: Tracking cursor...
2026-03-15 21:45:30,020 INFO vex_extract.pipeline:   Using cached cursor trajectory: /Users/nic/Developer/spike-air-315-vision-processing/candidates/2026-03-14/tmp/cv/flight_centre_booking_james_2fc83d38_cursor/cursor_trajectory.json
2026-03-15 21:45:30,022 INFO vex_extract.pipeline:   1418 cursor detections (283 detected) [cached]
2026-03-15 21:45:30,022 INFO vex_extract.pipeline: Step 3: Computing optical flow...
2026-03-15 21:45:30,023 INFO vex_extract.pipeline:   Using cached flow windows: /Users/nic/Developer/spike-air-315-vision-processing/candidates/2026-03-14/tmp/cv/flight_centre_booking_james_bb5a87ef_2fc83d38_flow/flow_windows.json
2026-03-15 21:45:30,023 INFO vex_extract.pipeline:   352 flow windows [cached]
2026-03-15 21:45:30,023 INFO vex_extract.pipeline: Step 4: Creating video segments...
2026-03-15 21:45:30,024 INFO vex_extract.pipeline:   3 segments
2026-03-15 21:45:30,024 INFO vex_extract.pipeline:   Segment 0: cached
2026-03-15 21:45:30,024 INFO vex_extract.pipeline:   Segment 1: cached
2026-03-15 21:45:30,024 INFO vex_extract.pipeline:   Segment 2: cached
2026-03-15 21:45:30,024 INFO vex_extract.pipeline: Step 5: Preparing prompts...
2026-03-15 21:45:30,025 INFO vex_extract.analysis: Segment 0: prompt prepared (10288 chars)
2026-03-15 21:45:30,025 INFO vex_extract.analysis: Segment 1: prompt prepared (10364 chars)
2026-03-15 21:45:30,026 INFO vex_extract.analysis: Segment 2: prompt prepared (10752 chars)
2026-03-15 21:45:30,026 INFO vex_extract.pipeline:   3 prompts prepared
2026-03-15 21:45:30,026 INFO vex_extract.pipeline: Stopped after: prompt
