2026-03-16 21:04:47,660 INFO vex_extract.pipeline: === Video Event Extractor ===
2026-03-16 21:04:47,660 INFO vex_extract.pipeline: Video: /Users/nic/Developer/spike-air-315-vision-processing/input_data/screen_tracks/flight_centre_booking_kay.mp4
2026-03-16 21:04:47,661 INFO vex_extract.pipeline: Offset: 349348 ms
2026-03-16 21:04:47,661 INFO vex_extract.pipeline: Run ID: 2026-03-16_110447
2026-03-16 21:04:47,661 INFO vex_extract.pipeline: Stop after: prompt
2026-03-16 21:04:47,661 INFO vex_extract.pipeline: Step 1: Normalizing video...
2026-03-16 21:04:47,661 INFO vex_extract.pipeline:   Using cached normalized video: /Users/nic/Developer/spike-air-315-vision-processing/candidates/2026-03-14/tmp/flight_centre_booking_kay_normalized.mp4
2026-03-16 21:04:47,685 INFO vex_extract.pipeline:   Duration: 391.4s, 1982x1046, 30.0 fps
2026-03-16 21:04:47,685 INFO vex_extract.pipeline: Step 2: Tracking cursor...
2026-03-16 21:04:52,230 INFO vex_extract.cursor:   Cursor: pass 1 — matching 1151 frames at 3.0 FPS against 6 templates x 7 scales at 540p...
2026-03-16 21:04:54,701 INFO vex_extract.cursor:   Cursor: 115/1151 frames (114 detections)
2026-03-16 21:04:57,083 INFO vex_extract.cursor:   Cursor: 230/1151 frames (229 detections)
2026-03-16 21:04:58,970 INFO vex_extract.cursor:   Cursor: 345/1151 frames (344 detections)
2026-03-16 21:05:00,905 INFO vex_extract.cursor:   Cursor: 460/1151 frames (459 detections)
2026-03-16 21:05:02,852 INFO vex_extract.cursor:   Cursor: 575/1151 frames (574 detections)
2026-03-16 21:05:04,723 INFO vex_extract.cursor:   Cursor: 690/1151 frames (689 detections)
2026-03-16 21:05:06,703 INFO vex_extract.cursor:   Cursor: 805/1151 frames (804 detections)
2026-03-16 21:05:08,935 INFO vex_extract.cursor:   Cursor: 920/1151 frames (919 detections)
2026-03-16 21:05:10,766 INFO vex_extract.cursor:   Cursor: 1035/1151 frames (1034 detections)
2026-03-16 21:05:12,639 INFO vex_extract.cursor:   Cursor: 1150/1151 frames (1149 detections)
2026-03-16 21:05:12,655 INFO vex_extract.cursor:   Cursor: calibrated to scales (0.3, 0.4) from coarse pass
2026-03-16 21:05:12,656 INFO vex_extract.cursor:   Cursor: 66 active regions identified
2026-03-16 21:05:12,731 INFO vex_extract.cursor:   Cursor: pass 2 — 19 frames at 5.0 FPS [167ms-3900ms]
2026-03-16 21:05:12,826 INFO vex_extract.cursor:   Cursor: 1/19 frames (1 detections)
2026-03-16 21:05:12,841 INFO vex_extract.cursor:   Cursor: 2/19 frames (2 detections)
2026-03-16 21:05:12,857 INFO vex_extract.cursor:   Cursor: 3/19 frames (3 detections)
2026-03-16 21:05:12,873 INFO vex_extract.cursor:   Cursor: 4/19 frames (4 detections)
2026-03-16 21:05:12,889 INFO vex_extract.cursor:   Cursor: 5/19 frames (5 detections)
2026-03-16 21:05:12,905 INFO vex_extract.cursor:   Cursor: 6/19 frames (6 detections)
2026-03-16 21:05:12,920 INFO vex_extract.cursor:   Cursor: 7/19 frames (7 detections)
2026-03-16 21:05:12,936 INFO vex_extract.cursor:   Cursor: 8/19 frames (8 detections)
2026-03-16 21:05:12,951 INFO vex_extract.cursor:   Cursor: 9/19 frames (9 detections)
2026-03-16 21:05:12,967 INFO vex_extract.cursor:   Cursor: 10/19 frames (10 detections)
2026-03-16 21:05:12,983 INFO vex_extract.cursor:   Cursor: 11/19 frames (11 detections)
2026-03-16 21:05:12,998 INFO vex_extract.cursor:   Cursor: 12/19 frames (12 detections)
2026-03-16 21:05:13,014 INFO vex_extract.cursor:   Cursor: 13/19 frames (13 detections)
2026-03-16 21:05:13,029 INFO vex_extract.cursor:   Cursor: 14/19 frames (14 detections)
2026-03-16 21:05:13,045 INFO vex_extract.cursor:   Cursor: 15/19 frames (15 detections)
2026-03-16 21:05:13,061 INFO vex_extract.cursor:   Cursor: 16/19 frames (16 detections)
2026-03-16 21:05:13,077 INFO vex_extract.cursor:   Cursor: 17/19 frames (17 detections)
2026-03-16 21:05:13,093 INFO vex_extract.cursor:   Cursor: 18/19 frames (18 detections)
2026-03-16 21:05:13,237 INFO vex_extract.cursor:   Cursor: pass 2 — 30 frames at 5.0 FPS [4267ms-10333ms]
2026-03-16 21:05:13,361 INFO vex_extract.cursor:   Cursor: 3/30 frames (3 detections)
2026-03-16 21:05:13,408 INFO vex_extract.cursor:   Cursor: 6/30 frames (6 detections)
2026-03-16 21:05:13,456 INFO vex_extract.cursor:   Cursor: 9/30 frames (9 detections)
2026-03-16 21:05:13,502 INFO vex_extract.cursor:   Cursor: 12/30 frames (12 detections)
2026-03-16 21:05:13,549 INFO vex_extract.cursor:   Cursor: 15/30 frames (15 detections)
2026-03-16 21:05:13,596 INFO vex_extract.cursor:   Cursor: 18/30 frames (18 detections)
2026-03-16 21:05:13,644 INFO vex_extract.cursor:   Cursor: 21/30 frames (21 detections)
2026-03-16 21:05:13,691 INFO vex_extract.cursor:   Cursor: 24/30 frames (24 detections)
2026-03-16 21:05:13,739 INFO vex_extract.cursor:   Cursor: 27/30 frames (27 detections)
2026-03-16 21:05:13,884 INFO vex_extract.cursor:   Cursor: pass 2 — 7 frames at 5.0 FPS [16567ms-17900ms]
2026-03-16 21:05:13,978 INFO vex_extract.cursor:   Cursor: 1/7 frames (1 detections)
2026-03-16 21:05:13,994 INFO vex_extract.cursor:   Cursor: 2/7 frames (2 detections)
2026-03-16 21:05:14,010 INFO vex_extract.cursor:   Cursor: 3/7 frames (3 detections)
2026-03-16 21:05:14,026 INFO vex_extract.cursor:   Cursor: 4/7 frames (4 detections)
2026-03-16 21:05:14,041 INFO vex_extract.cursor:   Cursor: 5/7 frames (5 detections)
2026-03-16 21:05:14,057 INFO vex_extract.cursor:   Cursor: 6/7 frames (6 detections)
2026-03-16 21:05:14,264 INFO vex_extract.cursor:   Cursor: pass 2 — 31 frames at 5.0 FPS [19900ms-25900ms]
2026-03-16 21:05:14,391 INFO vex_extract.cursor:   Cursor: 3/31 frames (3 detections)
2026-03-16 21:05:14,438 INFO vex_extract.cursor:   Cursor: 6/31 frames (6 detections)
2026-03-16 21:05:14,484 INFO vex_extract.cursor:   Cursor: 9/31 frames (9 detections)
2026-03-16 21:05:14,531 INFO vex_extract.cursor:   Cursor: 12/31 frames (12 detections)
2026-03-16 21:05:14,578 INFO vex_extract.cursor:   Cursor: 15/31 frames (15 detections)
2026-03-16 21:05:14,624 INFO vex_extract.cursor:   Cursor: 18/31 frames (18 detections)
2026-03-16 21:05:14,672 INFO vex_extract.cursor:   Cursor: 21/31 frames (21 detections)
2026-03-16 21:05:14,719 INFO vex_extract.cursor:   Cursor: 24/31 frames (24 detections)
2026-03-16 21:05:14,766 INFO vex_extract.cursor:   Cursor: 27/31 frames (27 detections)
2026-03-16 21:05:14,813 INFO vex_extract.cursor:   Cursor: 30/31 frames (30 detections)
2026-03-16 21:05:14,976 INFO vex_extract.cursor:   Cursor: pass 2 — 7 frames at 5.0 FPS [29233ms-30567ms]
2026-03-16 21:05:15,072 INFO vex_extract.cursor:   Cursor: 1/7 frames (1 detections)
2026-03-16 21:05:15,087 INFO vex_extract.cursor:   Cursor: 2/7 frames (2 detections)
2026-03-16 21:05:15,103 INFO vex_extract.cursor:   Cursor: 3/7 frames (3 detections)
2026-03-16 21:05:15,119 INFO vex_extract.cursor:   Cursor: 4/7 frames (4 detections)
2026-03-16 21:05:15,134 INFO vex_extract.cursor:   Cursor: 5/7 frames (5 detections)
2026-03-16 21:05:15,150 INFO vex_extract.cursor:   Cursor: 6/7 frames (6 detections)
2026-03-16 21:05:15,385 INFO vex_extract.cursor:   Cursor: pass 2 — 25 frames at 5.0 FPS [32300ms-37200ms]
2026-03-16 21:05:15,496 INFO vex_extract.cursor:   Cursor: 2/25 frames (2 detections)
2026-03-16 21:05:15,527 INFO vex_extract.cursor:   Cursor: 4/25 frames (4 detections)
2026-03-16 21:05:15,559 INFO vex_extract.cursor:   Cursor: 6/25 frames (6 detections)
2026-03-16 21:05:15,591 INFO vex_extract.cursor:   Cursor: 8/25 frames (8 detections)
2026-03-16 21:05:15,623 INFO vex_extract.cursor:   Cursor: 10/25 frames (10 detections)
2026-03-16 21:05:15,655 INFO vex_extract.cursor:   Cursor: 12/25 frames (12 detections)
2026-03-16 21:05:15,686 INFO vex_extract.cursor:   Cursor: 14/25 frames (14 detections)
2026-03-16 21:05:15,718 INFO vex_extract.cursor:   Cursor: 16/25 frames (16 detections)
2026-03-16 21:05:15,749 INFO vex_extract.cursor:   Cursor: 18/25 frames (18 detections)
2026-03-16 21:05:15,781 INFO vex_extract.cursor:   Cursor: 20/25 frames (20 detections)
2026-03-16 21:05:15,813 INFO vex_extract.cursor:   Cursor: 22/25 frames (22 detections)
2026-03-16 21:05:15,844 INFO vex_extract.cursor:   Cursor: 24/25 frames (24 detections)
2026-03-16 21:05:16,079 INFO vex_extract.cursor:   Cursor: pass 2 — 18 frames at 5.0 FPS [38700ms-42200ms]
2026-03-16 21:05:16,175 INFO vex_extract.cursor:   Cursor: 1/18 frames (1 detections)
2026-03-16 21:05:16,190 INFO vex_extract.cursor:   Cursor: 2/18 frames (2 detections)
2026-03-16 21:05:16,206 INFO vex_extract.cursor:   Cursor: 3/18 frames (3 detections)
2026-03-16 21:05:16,223 INFO vex_extract.cursor:   Cursor: 4/18 frames (4 detections)
2026-03-16 21:05:16,239 INFO vex_extract.cursor:   Cursor: 5/18 frames (5 detections)
2026-03-16 21:05:16,254 INFO vex_extract.cursor:   Cursor: 6/18 frames (6 detections)
2026-03-16 21:05:16,270 INFO vex_extract.cursor:   Cursor: 7/18 frames (7 detections)
2026-03-16 21:05:16,286 INFO vex_extract.cursor:   Cursor: 8/18 frames (8 detections)
2026-03-16 21:05:16,302 INFO vex_extract.cursor:   Cursor: 9/18 frames (9 detections)
2026-03-16 21:05:16,318 INFO vex_extract.cursor:   Cursor: 10/18 frames (10 detections)
2026-03-16 21:05:16,334 INFO vex_extract.cursor:   Cursor: 11/18 frames (11 detections)
2026-03-16 21:05:16,350 INFO vex_extract.cursor:   Cursor: 12/18 frames (12 detections)
2026-03-16 21:05:16,366 INFO vex_extract.cursor:   Cursor: 13/18 frames (13 detections)
2026-03-16 21:05:16,382 INFO vex_extract.cursor:   Cursor: 14/18 frames (14 detections)
2026-03-16 21:05:16,398 INFO vex_extract.cursor:   Cursor: 15/18 frames (15 detections)
2026-03-16 21:05:16,414 INFO vex_extract.cursor:   Cursor: 16/18 frames (16 detections)
2026-03-16 21:05:16,430 INFO vex_extract.cursor:   Cursor: 17/18 frames (17 detections)
2026-03-16 21:05:16,717 INFO vex_extract.cursor:   Cursor: pass 2 — 27 frames at 5.0 FPS [43333ms-48600ms]
2026-03-16 21:05:16,828 INFO vex_extract.cursor:   Cursor: 2/27 frames (2 detections)
2026-03-16 21:05:16,860 INFO vex_extract.cursor:   Cursor: 4/27 frames (4 detections)
2026-03-16 21:05:16,891 INFO vex_extract.cursor:   Cursor: 6/27 frames (6 detections)
2026-03-16 21:05:16,922 INFO vex_extract.cursor:   Cursor: 8/27 frames (8 detections)
2026-03-16 21:05:16,953 INFO vex_extract.cursor:   Cursor: 10/27 frames (10 detections)
2026-03-16 21:05:16,984 INFO vex_extract.cursor:   Cursor: 12/27 frames (12 detections)
2026-03-16 21:05:17,016 INFO vex_extract.cursor:   Cursor: 14/27 frames (14 detections)
2026-03-16 21:05:17,047 INFO vex_extract.cursor:   Cursor: 16/27 frames (16 detections)
2026-03-16 21:05:17,078 INFO vex_extract.cursor:   Cursor: 18/27 frames (18 detections)
2026-03-16 21:05:17,110 INFO vex_extract.cursor:   Cursor: 20/27 frames (20 detections)
2026-03-16 21:05:17,141 INFO vex_extract.cursor:   Cursor: 22/27 frames (22 detections)
2026-03-16 21:05:17,173 INFO vex_extract.cursor:   Cursor: 24/27 frames (24 detections)
2026-03-16 21:05:17,205 INFO vex_extract.cursor:   Cursor: 26/27 frames (26 detections)
2026-03-16 21:05:17,444 INFO vex_extract.cursor:   Cursor: pass 2 — 7 frames at 5.0 FPS [49400ms-50733ms]
2026-03-16 21:05:17,539 INFO vex_extract.cursor:   Cursor: 1/7 frames (1 detections)
2026-03-16 21:05:17,555 INFO vex_extract.cursor:   Cursor: 2/7 frames (2 detections)
2026-03-16 21:05:17,571 INFO vex_extract.cursor:   Cursor: 3/7 frames (3 detections)
2026-03-16 21:05:17,587 INFO vex_extract.cursor:   Cursor: 4/7 frames (4 detections)
2026-03-16 21:05:17,602 INFO vex_extract.cursor:   Cursor: 5/7 frames (5 detections)
2026-03-16 21:05:17,618 INFO vex_extract.cursor:   Cursor: 6/7 frames (6 detections)
2026-03-16 21:05:17,881 INFO vex_extract.cursor:   Cursor: pass 2 — 12 frames at 5.0 FPS [50833ms-53233ms]
2026-03-16 21:05:17,977 INFO vex_extract.cursor:   Cursor: 1/12 frames (1 detections)
2026-03-16 21:05:17,993 INFO vex_extract.cursor:   Cursor: 2/12 frames (2 detections)
2026-03-16 21:05:18,008 INFO vex_extract.cursor:   Cursor: 3/12 frames (3 detections)
2026-03-16 21:05:18,024 INFO vex_extract.cursor:   Cursor: 4/12 frames (4 detections)
2026-03-16 21:05:18,040 INFO vex_extract.cursor:   Cursor: 5/12 frames (5 detections)
2026-03-16 21:05:18,148 INFO vex_extract.cursor:   Cursor: 6/12 frames (6 detections)
2026-03-16 21:05:18,163 INFO vex_extract.cursor:   Cursor: 7/12 frames (7 detections)
2026-03-16 21:05:18,178 INFO vex_extract.cursor:   Cursor: 8/12 frames (8 detections)
2026-03-16 21:05:18,194 INFO vex_extract.cursor:   Cursor: 9/12 frames (9 detections)
2026-03-16 21:05:18,210 INFO vex_extract.cursor:   Cursor: 10/12 frames (10 detections)
2026-03-16 21:05:18,225 INFO vex_extract.cursor:   Cursor: 11/12 frames (11 detections)
2026-03-16 21:05:18,507 INFO vex_extract.cursor:   Cursor: pass 2 — 15 frames at 5.0 FPS [53333ms-56467ms]
2026-03-16 21:05:18,601 INFO vex_extract.cursor:   Cursor: 1/15 frames (1 detections)
2026-03-16 21:05:18,617 INFO vex_extract.cursor:   Cursor: 2/15 frames (2 detections)
2026-03-16 21:05:18,632 INFO vex_extract.cursor:   Cursor: 3/15 frames (3 detections)
2026-03-16 21:05:18,648 INFO vex_extract.cursor:   Cursor: 4/15 frames (4 detections)
2026-03-16 21:05:18,664 INFO vex_extract.cursor:   Cursor: 5/15 frames (5 detections)
2026-03-16 21:05:18,679 INFO vex_extract.cursor:   Cursor: 6/15 frames (6 detections)
2026-03-16 21:05:18,695 INFO vex_extract.cursor:   Cursor: 7/15 frames (7 detections)
2026-03-16 21:05:18,710 INFO vex_extract.cursor:   Cursor: 8/15 frames (8 detections)
2026-03-16 21:05:18,726 INFO vex_extract.cursor:   Cursor: 9/15 frames (9 detections)
2026-03-16 21:05:18,742 INFO vex_extract.cursor:   Cursor: 10/15 frames (10 detections)
2026-03-16 21:05:18,757 INFO vex_extract.cursor:   Cursor: 11/15 frames (11 detections)
2026-03-16 21:05:18,773 INFO vex_extract.cursor:   Cursor: 12/15 frames (12 detections)
2026-03-16 21:05:18,789 INFO vex_extract.cursor:   Cursor: 13/15 frames (13 detections)
2026-03-16 21:05:18,804 INFO vex_extract.cursor:   Cursor: 14/15 frames (14 detections)
2026-03-16 21:05:19,082 INFO vex_extract.cursor:   Cursor: pass 2 — 7 frames at 5.0 FPS [57600ms-58967ms]
2026-03-16 21:05:19,175 INFO vex_extract.cursor:   Cursor: 1/7 frames (1 detections)
2026-03-16 21:05:19,191 INFO vex_extract.cursor:   Cursor: 2/7 frames (2 detections)
2026-03-16 21:05:19,206 INFO vex_extract.cursor:   Cursor: 3/7 frames (3 detections)
2026-03-16 21:05:19,222 INFO vex_extract.cursor:   Cursor: 4/7 frames (4 detections)
2026-03-16 21:05:19,237 INFO vex_extract.cursor:   Cursor: 5/7 frames (5 detections)
2026-03-16 21:05:19,253 INFO vex_extract.cursor:   Cursor: 6/7 frames (6 detections)
2026-03-16 21:05:19,549 INFO vex_extract.cursor:   Cursor: pass 2 — 9 frames at 5.0 FPS [60467ms-62200ms]
2026-03-16 21:05:19,643 INFO vex_extract.cursor:   Cursor: 1/9 frames (1 detections)
2026-03-16 21:05:19,658 INFO vex_extract.cursor:   Cursor: 2/9 frames (2 detections)
2026-03-16 21:05:19,673 INFO vex_extract.cursor:   Cursor: 3/9 frames (3 detections)
2026-03-16 21:05:19,689 INFO vex_extract.cursor:   Cursor: 4/9 frames (4 detections)
2026-03-16 21:05:19,705 INFO vex_extract.cursor:   Cursor: 5/9 frames (5 detections)
2026-03-16 21:05:19,721 INFO vex_extract.cursor:   Cursor: 6/9 frames (6 detections)
2026-03-16 21:05:19,736 INFO vex_extract.cursor:   Cursor: 7/9 frames (7 detections)
2026-03-16 21:05:19,751 INFO vex_extract.cursor:   Cursor: 8/9 frames (8 detections)
2026-03-16 21:05:20,084 INFO vex_extract.cursor:   Cursor: pass 2 — 15 frames at 5.0 FPS [64033ms-67100ms]
2026-03-16 21:05:20,177 INFO vex_extract.cursor:   Cursor: 1/15 frames (1 detections)
2026-03-16 21:05:20,193 INFO vex_extract.cursor:   Cursor: 2/15 frames (2 detections)
2026-03-16 21:05:20,208 INFO vex_extract.cursor:   Cursor: 3/15 frames (3 detections)
2026-03-16 21:05:20,224 INFO vex_extract.cursor:   Cursor: 4/15 frames (4 detections)
2026-03-16 21:05:20,239 INFO vex_extract.cursor:   Cursor: 5/15 frames (5 detections)
2026-03-16 21:05:20,255 INFO vex_extract.cursor:   Cursor: 6/15 frames (6 detections)
2026-03-16 21:05:20,271 INFO vex_extract.cursor:   Cursor: 7/15 frames (7 detections)
2026-03-16 21:05:20,287 INFO vex_extract.cursor:   Cursor: 8/15 frames (8 detections)
2026-03-16 21:05:20,303 INFO vex_extract.cursor:   Cursor: 9/15 frames (9 detections)
2026-03-16 21:05:20,319 INFO vex_extract.cursor:   Cursor: 10/15 frames (10 detections)
2026-03-16 21:05:20,334 INFO vex_extract.cursor:   Cursor: 11/15 frames (11 detections)
2026-03-16 21:05:20,349 INFO vex_extract.cursor:   Cursor: 12/15 frames (12 detections)
2026-03-16 21:05:20,365 INFO vex_extract.cursor:   Cursor: 13/15 frames (13 detections)
2026-03-16 21:05:20,380 INFO vex_extract.cursor:   Cursor: 14/15 frames (14 detections)
2026-03-16 21:05:20,737 INFO vex_extract.cursor:   Cursor: pass 2 — 14 frames at 5.0 FPS [70433ms-73100ms]
2026-03-16 21:05:20,831 INFO vex_extract.cursor:   Cursor: 1/14 frames (1 detections)
2026-03-16 21:05:20,847 INFO vex_extract.cursor:   Cursor: 2/14 frames (2 detections)
2026-03-16 21:05:20,864 INFO vex_extract.cursor:   Cursor: 3/14 frames (3 detections)
2026-03-16 21:05:20,879 INFO vex_extract.cursor:   Cursor: 4/14 frames (4 detections)
2026-03-16 21:05:20,895 INFO vex_extract.cursor:   Cursor: 5/14 frames (5 detections)
2026-03-16 21:05:20,911 INFO vex_extract.cursor:   Cursor: 6/14 frames (6 detections)
2026-03-16 21:05:20,927 INFO vex_extract.cursor:   Cursor: 7/14 frames (7 detections)
2026-03-16 21:05:20,943 INFO vex_extract.cursor:   Cursor: 8/14 frames (8 detections)
2026-03-16 21:05:20,959 INFO vex_extract.cursor:   Cursor: 9/14 frames (9 detections)
2026-03-16 21:05:20,974 INFO vex_extract.cursor:   Cursor: 10/14 frames (10 detections)
2026-03-16 21:05:20,990 INFO vex_extract.cursor:   Cursor: 11/14 frames (11 detections)
2026-03-16 21:05:21,006 INFO vex_extract.cursor:   Cursor: 12/14 frames (12 detections)
2026-03-16 21:05:21,022 INFO vex_extract.cursor:   Cursor: 13/14 frames (13 detections)
2026-03-16 21:05:21,399 INFO vex_extract.cursor:   Cursor: pass 2 — 14 frames at 5.0 FPS [74100ms-76767ms]
2026-03-16 21:05:21,494 INFO vex_extract.cursor:   Cursor: 1/14 frames (1 detections)
2026-03-16 21:05:21,510 INFO vex_extract.cursor:   Cursor: 2/14 frames (2 detections)
2026-03-16 21:05:21,525 INFO vex_extract.cursor:   Cursor: 3/14 frames (3 detections)
2026-03-16 21:05:21,541 INFO vex_extract.cursor:   Cursor: 4/14 frames (4 detections)
2026-03-16 21:05:21,557 INFO vex_extract.cursor:   Cursor: 5/14 frames (5 detections)
2026-03-16 21:05:21,573 INFO vex_extract.cursor:   Cursor: 6/14 frames (6 detections)
2026-03-16 21:05:21,589 INFO vex_extract.cursor:   Cursor: 7/14 frames (7 detections)
2026-03-16 21:05:21,604 INFO vex_extract.cursor:   Cursor: 8/14 frames (8 detections)
2026-03-16 21:05:21,620 INFO vex_extract.cursor:   Cursor: 9/14 frames (9 detections)
2026-03-16 21:05:21,636 INFO vex_extract.cursor:   Cursor: 10/14 frames (10 detections)
2026-03-16 21:05:21,652 INFO vex_extract.cursor:   Cursor: 11/14 frames (11 detections)
2026-03-16 21:05:21,667 INFO vex_extract.cursor:   Cursor: 12/14 frames (12 detections)
2026-03-16 21:05:21,683 INFO vex_extract.cursor:   Cursor: 13/14 frames (13 detections)
2026-03-16 21:05:22,090 INFO vex_extract.cursor:   Cursor: pass 2 — 16 frames at 5.0 FPS [80100ms-83100ms]
2026-03-16 21:05:22,185 INFO vex_extract.cursor:   Cursor: 1/16 frames (1 detections)
2026-03-16 21:05:22,201 INFO vex_extract.cursor:   Cursor: 2/16 frames (2 detections)
2026-03-16 21:05:22,216 INFO vex_extract.cursor:   Cursor: 3/16 frames (3 detections)
2026-03-16 21:05:22,233 INFO vex_extract.cursor:   Cursor: 4/16 frames (4 detections)
2026-03-16 21:05:22,248 INFO vex_extract.cursor:   Cursor: 5/16 frames (5 detections)
2026-03-16 21:05:22,263 INFO vex_extract.cursor:   Cursor: 6/16 frames (6 detections)
2026-03-16 21:05:22,279 INFO vex_extract.cursor:   Cursor: 7/16 frames (7 detections)
2026-03-16 21:05:22,295 INFO vex_extract.cursor:   Cursor: 8/16 frames (8 detections)
2026-03-16 21:05:22,311 INFO vex_extract.cursor:   Cursor: 9/16 frames (9 detections)
2026-03-16 21:05:22,327 INFO vex_extract.cursor:   Cursor: 10/16 frames (10 detections)
2026-03-16 21:05:22,343 INFO vex_extract.cursor:   Cursor: 11/16 frames (11 detections)
2026-03-16 21:05:22,359 INFO vex_extract.cursor:   Cursor: 12/16 frames (12 detections)
2026-03-16 21:05:22,374 INFO vex_extract.cursor:   Cursor: 13/16 frames (13 detections)
2026-03-16 21:05:22,390 INFO vex_extract.cursor:   Cursor: 14/16 frames (14 detections)
2026-03-16 21:05:22,406 INFO vex_extract.cursor:   Cursor: 15/16 frames (15 detections)
2026-03-16 21:05:22,809 INFO vex_extract.cursor:   Cursor: pass 2 — 7 frames at 5.0 FPS [85100ms-86433ms]
2026-03-16 21:05:22,902 INFO vex_extract.cursor:   Cursor: 1/7 frames (1 detections)
2026-03-16 21:05:22,917 INFO vex_extract.cursor:   Cursor: 2/7 frames (2 detections)
2026-03-16 21:05:22,933 INFO vex_extract.cursor:   Cursor: 3/7 frames (3 detections)
2026-03-16 21:05:22,949 INFO vex_extract.cursor:   Cursor: 4/7 frames (4 detections)
2026-03-16 21:05:22,965 INFO vex_extract.cursor:   Cursor: 5/7 frames (5 detections)
2026-03-16 21:05:22,981 INFO vex_extract.cursor:   Cursor: 6/7 frames (6 detections)
2026-03-16 21:05:23,397 INFO vex_extract.cursor:   Cursor: pass 2 — 7 frames at 5.0 FPS [88767ms-90100ms]
2026-03-16 21:05:23,493 INFO vex_extract.cursor:   Cursor: 1/7 frames (1 detections)
2026-03-16 21:05:23,508 INFO vex_extract.cursor:   Cursor: 2/7 frames (2 detections)
2026-03-16 21:05:23,524 INFO vex_extract.cursor:   Cursor: 3/7 frames (3 detections)
2026-03-16 21:05:23,540 INFO vex_extract.cursor:   Cursor: 4/7 frames (4 detections)
2026-03-16 21:05:23,556 INFO vex_extract.cursor:   Cursor: 5/7 frames (5 detections)
2026-03-16 21:05:23,572 INFO vex_extract.cursor:   Cursor: 6/7 frames (6 detections)
2026-03-16 21:05:24,003 INFO vex_extract.cursor:   Cursor: pass 2 — 7 frames at 5.0 FPS [91433ms-92767ms]
2026-03-16 21:05:24,097 INFO vex_extract.cursor:   Cursor: 1/7 frames (1 detections)
2026-03-16 21:05:24,113 INFO vex_extract.cursor:   Cursor: 2/7 frames (2 detections)
2026-03-16 21:05:24,129 INFO vex_extract.cursor:   Cursor: 3/7 frames (3 detections)
2026-03-16 21:05:24,145 INFO vex_extract.cursor:   Cursor: 4/7 frames (4 detections)
2026-03-16 21:05:24,161 INFO vex_extract.cursor:   Cursor: 5/7 frames (5 detections)
2026-03-16 21:05:24,177 INFO vex_extract.cursor:   Cursor: 6/7 frames (6 detections)
2026-03-16 21:05:24,641 INFO vex_extract.cursor:   Cursor: pass 2 — 12 frames at 5.0 FPS [95433ms-97767ms]
2026-03-16 21:05:24,734 INFO vex_extract.cursor:   Cursor: 1/12 frames (1 detections)
2026-03-16 21:05:24,750 INFO vex_extract.cursor:   Cursor: 2/12 frames (2 detections)
2026-03-16 21:05:24,765 INFO vex_extract.cursor:   Cursor: 3/12 frames (3 detections)
2026-03-16 21:05:24,780 INFO vex_extract.cursor:   Cursor: 4/12 frames (4 detections)
2026-03-16 21:05:24,796 INFO vex_extract.cursor:   Cursor: 5/12 frames (5 detections)
2026-03-16 21:05:24,812 INFO vex_extract.cursor:   Cursor: 6/12 frames (6 detections)
2026-03-16 21:05:24,828 INFO vex_extract.cursor:   Cursor: 7/12 frames (7 detections)
2026-03-16 21:05:24,843 INFO vex_extract.cursor:   Cursor: 8/12 frames (8 detections)
2026-03-16 21:05:24,858 INFO vex_extract.cursor:   Cursor: 9/12 frames (9 detections)
2026-03-16 21:05:24,875 INFO vex_extract.cursor:   Cursor: 10/12 frames (10 detections)
2026-03-16 21:05:24,891 INFO vex_extract.cursor:   Cursor: 11/12 frames (11 detections)
2026-03-16 21:05:25,385 INFO vex_extract.cursor:   Cursor: pass 2 — 7 frames at 5.0 FPS [105767ms-107100ms]
2026-03-16 21:05:25,480 INFO vex_extract.cursor:   Cursor: 1/7 frames (1 detections)
2026-03-16 21:05:25,496 INFO vex_extract.cursor:   Cursor: 2/7 frames (2 detections)
2026-03-16 21:05:25,512 INFO vex_extract.cursor:   Cursor: 3/7 frames (3 detections)
2026-03-16 21:05:25,528 INFO vex_extract.cursor:   Cursor: 4/7 frames (4 detections)
2026-03-16 21:05:25,544 INFO vex_extract.cursor:   Cursor: 5/7 frames (5 detections)
2026-03-16 21:05:25,559 INFO vex_extract.cursor:   Cursor: 6/7 frames (6 detections)
2026-03-16 21:05:26,081 INFO vex_extract.cursor:   Cursor: pass 2 — 9 frames at 5.0 FPS [110767ms-112433ms]
2026-03-16 21:05:26,176 INFO vex_extract.cursor:   Cursor: 1/9 frames (1 detections)
2026-03-16 21:05:26,192 INFO vex_extract.cursor:   Cursor: 2/9 frames (2 detections)
2026-03-16 21:05:26,207 INFO vex_extract.cursor:   Cursor: 3/9 frames (3 detections)
2026-03-16 21:05:26,223 INFO vex_extract.cursor:   Cursor: 4/9 frames (4 detections)
2026-03-16 21:05:26,239 INFO vex_extract.cursor:   Cursor: 5/9 frames (5 detections)
2026-03-16 21:05:26,254 INFO vex_extract.cursor:   Cursor: 6/9 frames (6 detections)
2026-03-16 21:05:26,270 INFO vex_extract.cursor:   Cursor: 7/9 frames (7 detections)
2026-03-16 21:05:26,286 INFO vex_extract.cursor:   Cursor: 8/9 frames (8 detections)
2026-03-16 21:05:26,825 INFO vex_extract.cursor:   Cursor: pass 2 — 7 frames at 5.0 FPS [116100ms-117433ms]
2026-03-16 21:05:26,920 INFO vex_extract.cursor:   Cursor: 1/7 frames (1 detections)
2026-03-16 21:05:26,936 INFO vex_extract.cursor:   Cursor: 2/7 frames (2 detections)
2026-03-16 21:05:26,951 INFO vex_extract.cursor:   Cursor: 3/7 frames (3 detections)
2026-03-16 21:05:26,967 INFO vex_extract.cursor:   Cursor: 4/7 frames (4 detections)
2026-03-16 21:05:26,983 INFO vex_extract.cursor:   Cursor: 5/7 frames (5 detections)
2026-03-16 21:05:26,999 INFO vex_extract.cursor:   Cursor: 6/7 frames (6 detections)
2026-03-16 21:05:27,575 INFO vex_extract.cursor:   Cursor: pass 2 — 12 frames at 5.0 FPS [120767ms-123100ms]
2026-03-16 21:05:27,669 INFO vex_extract.cursor:   Cursor: 1/12 frames (1 detections)
2026-03-16 21:05:27,685 INFO vex_extract.cursor:   Cursor: 2/12 frames (2 detections)
2026-03-16 21:05:27,700 INFO vex_extract.cursor:   Cursor: 3/12 frames (3 detections)
2026-03-16 21:05:27,716 INFO vex_extract.cursor:   Cursor: 4/12 frames (4 detections)
2026-03-16 21:05:27,732 INFO vex_extract.cursor:   Cursor: 5/12 frames (5 detections)
2026-03-16 21:05:27,748 INFO vex_extract.cursor:   Cursor: 6/12 frames (6 detections)
2026-03-16 21:05:27,764 INFO vex_extract.cursor:   Cursor: 7/12 frames (7 detections)
2026-03-16 21:05:27,779 INFO vex_extract.cursor:   Cursor: 8/12 frames (8 detections)
2026-03-16 21:05:27,795 INFO vex_extract.cursor:   Cursor: 9/12 frames (9 detections)
2026-03-16 21:05:27,811 INFO vex_extract.cursor:   Cursor: 10/12 frames (10 detections)
2026-03-16 21:05:27,827 INFO vex_extract.cursor:   Cursor: 11/12 frames (11 detections)
2026-03-16 21:05:28,423 INFO vex_extract.cursor:   Cursor: pass 2 — 13 frames at 5.0 FPS [123433ms-126100ms]
2026-03-16 21:05:28,517 INFO vex_extract.cursor:   Cursor: 1/13 frames (1 detections)
2026-03-16 21:05:28,532 INFO vex_extract.cursor:   Cursor: 2/13 frames (2 detections)
2026-03-16 21:05:28,548 INFO vex_extract.cursor:   Cursor: 3/13 frames (3 detections)
2026-03-16 21:05:28,563 INFO vex_extract.cursor:   Cursor: 4/13 frames (4 detections)
2026-03-16 21:05:28,579 INFO vex_extract.cursor:   Cursor: 5/13 frames (5 detections)
2026-03-16 21:05:28,595 INFO vex_extract.cursor:   Cursor: 6/13 frames (6 detections)
2026-03-16 21:05:28,610 INFO vex_extract.cursor:   Cursor: 7/13 frames (7 detections)
2026-03-16 21:05:28,626 INFO vex_extract.cursor:   Cursor: 8/13 frames (8 detections)
2026-03-16 21:05:28,641 INFO vex_extract.cursor:   Cursor: 9/13 frames (9 detections)
2026-03-16 21:05:28,657 INFO vex_extract.cursor:   Cursor: 10/13 frames (10 detections)
2026-03-16 21:05:28,672 INFO vex_extract.cursor:   Cursor: 11/13 frames (11 detections)
2026-03-16 21:05:28,688 INFO vex_extract.cursor:   Cursor: 12/13 frames (12 detections)
2026-03-16 21:05:29,309 INFO vex_extract.cursor:   Cursor: pass 2 — 18 frames at 5.0 FPS [126433ms-130200ms]
2026-03-16 21:05:29,403 INFO vex_extract.cursor:   Cursor: 1/18 frames (1 detections)
2026-03-16 21:05:29,419 INFO vex_extract.cursor:   Cursor: 2/18 frames (2 detections)
2026-03-16 21:05:29,435 INFO vex_extract.cursor:   Cursor: 3/18 frames (3 detections)
2026-03-16 21:05:29,451 INFO vex_extract.cursor:   Cursor: 4/18 frames (4 detections)
2026-03-16 21:05:29,467 INFO vex_extract.cursor:   Cursor: 5/18 frames (5 detections)
2026-03-16 21:05:29,482 INFO vex_extract.cursor:   Cursor: 6/18 frames (6 detections)
2026-03-16 21:05:29,498 INFO vex_extract.cursor:   Cursor: 7/18 frames (7 detections)
2026-03-16 21:05:29,514 INFO vex_extract.cursor:   Cursor: 8/18 frames (8 detections)
2026-03-16 21:05:29,530 INFO vex_extract.cursor:   Cursor: 9/18 frames (9 detections)
2026-03-16 21:05:29,546 INFO vex_extract.cursor:   Cursor: 10/18 frames (10 detections)
2026-03-16 21:05:29,561 INFO vex_extract.cursor:   Cursor: 11/18 frames (11 detections)
2026-03-16 21:05:29,577 INFO vex_extract.cursor:   Cursor: 12/18 frames (12 detections)
2026-03-16 21:05:29,593 INFO vex_extract.cursor:   Cursor: 13/18 frames (13 detections)
2026-03-16 21:05:29,609 INFO vex_extract.cursor:   Cursor: 14/18 frames (14 detections)
2026-03-16 21:05:29,624 INFO vex_extract.cursor:   Cursor: 15/18 frames (15 detections)
2026-03-16 21:05:29,640 INFO vex_extract.cursor:   Cursor: 16/18 frames (16 detections)
2026-03-16 21:05:29,656 INFO vex_extract.cursor:   Cursor: 17/18 frames (17 detections)
2026-03-16 21:05:30,272 INFO vex_extract.cursor:   Cursor: pass 2 — 9 frames at 5.0 FPS [130233ms-131900ms]
2026-03-16 21:05:30,367 INFO vex_extract.cursor:   Cursor: 1/9 frames (1 detections)
2026-03-16 21:05:30,383 INFO vex_extract.cursor:   Cursor: 2/9 frames (2 detections)
2026-03-16 21:05:30,398 INFO vex_extract.cursor:   Cursor: 3/9 frames (3 detections)
2026-03-16 21:05:30,414 INFO vex_extract.cursor:   Cursor: 4/9 frames (4 detections)
2026-03-16 21:05:30,429 INFO vex_extract.cursor:   Cursor: 5/9 frames (5 detections)
2026-03-16 21:05:30,445 INFO vex_extract.cursor:   Cursor: 6/9 frames (6 detections)
2026-03-16 21:05:30,461 INFO vex_extract.cursor:   Cursor: 7/9 frames (7 detections)
2026-03-16 21:05:30,477 INFO vex_extract.cursor:   Cursor: 8/9 frames (8 detections)
2026-03-16 21:05:31,097 INFO vex_extract.cursor:   Cursor: pass 2 — 9 frames at 5.0 FPS [133700ms-135367ms]
2026-03-16 21:05:31,191 INFO vex_extract.cursor:   Cursor: 1/9 frames (1 detections)
2026-03-16 21:05:31,207 INFO vex_extract.cursor:   Cursor: 2/9 frames (2 detections)
2026-03-16 21:05:31,223 INFO vex_extract.cursor:   Cursor: 3/9 frames (3 detections)
2026-03-16 21:05:31,238 INFO vex_extract.cursor:   Cursor: 4/9 frames (4 detections)
2026-03-16 21:05:31,255 INFO vex_extract.cursor:   Cursor: 5/9 frames (5 detections)
2026-03-16 21:05:31,271 INFO vex_extract.cursor:   Cursor: 6/9 frames (6 detections)
2026-03-16 21:05:31,286 INFO vex_extract.cursor:   Cursor: 7/9 frames (7 detections)
2026-03-16 21:05:31,302 INFO vex_extract.cursor:   Cursor: 8/9 frames (8 detections)
2026-03-16 21:05:31,940 INFO vex_extract.cursor:   Cursor: pass 2 — 9 frames at 5.0 FPS [135767ms-137433ms]
2026-03-16 21:05:32,035 INFO vex_extract.cursor:   Cursor: 1/9 frames (1 detections)
2026-03-16 21:05:32,051 INFO vex_extract.cursor:   Cursor: 2/9 frames (2 detections)
2026-03-16 21:05:32,067 INFO vex_extract.cursor:   Cursor: 3/9 frames (3 detections)
2026-03-16 21:05:32,083 INFO vex_extract.cursor:   Cursor: 4/9 frames (4 detections)
2026-03-16 21:05:32,099 INFO vex_extract.cursor:   Cursor: 5/9 frames (5 detections)
2026-03-16 21:05:32,115 INFO vex_extract.cursor:   Cursor: 6/9 frames (6 detections)
2026-03-16 21:05:32,131 INFO vex_extract.cursor:   Cursor: 7/9 frames (7 detections)
2026-03-16 21:05:32,147 INFO vex_extract.cursor:   Cursor: 8/9 frames (8 detections)
2026-03-16 21:05:32,803 INFO vex_extract.cursor:   Cursor: pass 2 — 11 frames at 5.0 FPS [140267ms-142300ms]
2026-03-16 21:05:32,897 INFO vex_extract.cursor:   Cursor: 1/11 frames (1 detections)
2026-03-16 21:05:32,912 INFO vex_extract.cursor:   Cursor: 2/11 frames (2 detections)
2026-03-16 21:05:32,928 INFO vex_extract.cursor:   Cursor: 3/11 frames (3 detections)
2026-03-16 21:05:32,944 INFO vex_extract.cursor:   Cursor: 4/11 frames (4 detections)
2026-03-16 21:05:32,960 INFO vex_extract.cursor:   Cursor: 5/11 frames (5 detections)
2026-03-16 21:05:32,976 INFO vex_extract.cursor:   Cursor: 6/11 frames (6 detections)
2026-03-16 21:05:32,992 INFO vex_extract.cursor:   Cursor: 7/11 frames (7 detections)
2026-03-16 21:05:33,008 INFO vex_extract.cursor:   Cursor: 8/11 frames (8 detections)
2026-03-16 21:05:33,025 INFO vex_extract.cursor:   Cursor: 9/11 frames (9 detections)
2026-03-16 21:05:33,041 INFO vex_extract.cursor:   Cursor: 10/11 frames (10 detections)
2026-03-16 21:05:33,728 INFO vex_extract.cursor:   Cursor: pass 2 — 7 frames at 5.0 FPS [153767ms-155100ms]
2026-03-16 21:05:33,823 INFO vex_extract.cursor:   Cursor: 1/7 frames (1 detections)
2026-03-16 21:05:33,839 INFO vex_extract.cursor:   Cursor: 2/7 frames (2 detections)
2026-03-16 21:05:33,855 INFO vex_extract.cursor:   Cursor: 3/7 frames (3 detections)
2026-03-16 21:05:33,871 INFO vex_extract.cursor:   Cursor: 4/7 frames (4 detections)
2026-03-16 21:05:33,887 INFO vex_extract.cursor:   Cursor: 5/7 frames (5 detections)
2026-03-16 21:05:33,903 INFO vex_extract.cursor:   Cursor: 6/7 frames (6 detections)
2026-03-16 21:05:34,676 INFO vex_extract.cursor:   Cursor: pass 2 — 23 frames at 5.0 FPS [162400ms-166867ms]
2026-03-16 21:05:34,785 INFO vex_extract.cursor:   Cursor: 2/23 frames (2 detections)
2026-03-16 21:05:34,817 INFO vex_extract.cursor:   Cursor: 4/23 frames (4 detections)
2026-03-16 21:05:34,848 INFO vex_extract.cursor:   Cursor: 6/23 frames (6 detections)
2026-03-16 21:05:34,879 INFO vex_extract.cursor:   Cursor: 8/23 frames (8 detections)
2026-03-16 21:05:34,911 INFO vex_extract.cursor:   Cursor: 10/23 frames (10 detections)
2026-03-16 21:05:34,943 INFO vex_extract.cursor:   Cursor: 12/23 frames (12 detections)
2026-03-16 21:05:34,974 INFO vex_extract.cursor:   Cursor: 14/23 frames (14 detections)
2026-03-16 21:05:35,006 INFO vex_extract.cursor:   Cursor: 16/23 frames (16 detections)
2026-03-16 21:05:35,038 INFO vex_extract.cursor:   Cursor: 18/23 frames (18 detections)
2026-03-16 21:05:35,072 INFO vex_extract.cursor:   Cursor: 20/23 frames (20 detections)
2026-03-16 21:05:35,104 INFO vex_extract.cursor:   Cursor: 22/23 frames (22 detections)
2026-03-16 21:05:35,859 INFO vex_extract.cursor:   Cursor: pass 2 — 7 frames at 5.0 FPS [170733ms-172067ms]
2026-03-16 21:05:35,953 INFO vex_extract.cursor:   Cursor: 1/7 frames (1 detections)
2026-03-16 21:05:35,969 INFO vex_extract.cursor:   Cursor: 2/7 frames (2 detections)
2026-03-16 21:05:35,985 INFO vex_extract.cursor:   Cursor: 3/7 frames (3 detections)
2026-03-16 21:05:36,001 INFO vex_extract.cursor:   Cursor: 4/7 frames (4 detections)
2026-03-16 21:05:36,017 INFO vex_extract.cursor:   Cursor: 5/7 frames (5 detections)
2026-03-16 21:05:36,033 INFO vex_extract.cursor:   Cursor: 6/7 frames (6 detections)
2026-03-16 21:05:36,852 INFO vex_extract.cursor:   Cursor: pass 2 — 19 frames at 5.0 FPS [178000ms-181767ms]
2026-03-16 21:05:36,947 INFO vex_extract.cursor:   Cursor: 1/19 frames (1 detections)
2026-03-16 21:05:36,963 INFO vex_extract.cursor:   Cursor: 2/19 frames (2 detections)
2026-03-16 21:05:36,978 INFO vex_extract.cursor:   Cursor: 3/19 frames (3 detections)
2026-03-16 21:05:36,994 INFO vex_extract.cursor:   Cursor: 4/19 frames (4 detections)
2026-03-16 21:05:37,010 INFO vex_extract.cursor:   Cursor: 5/19 frames (5 detections)
2026-03-16 21:05:37,026 INFO vex_extract.cursor:   Cursor: 6/19 frames (6 detections)
2026-03-16 21:05:37,042 INFO vex_extract.cursor:   Cursor: 7/19 frames (7 detections)
2026-03-16 21:05:37,058 INFO vex_extract.cursor:   Cursor: 8/19 frames (8 detections)
2026-03-16 21:05:37,074 INFO vex_extract.cursor:   Cursor: 9/19 frames (9 detections)
2026-03-16 21:05:37,089 INFO vex_extract.cursor:   Cursor: 10/19 frames (10 detections)
2026-03-16 21:05:37,105 INFO vex_extract.cursor:   Cursor: 11/19 frames (11 detections)
2026-03-16 21:05:37,121 INFO vex_extract.cursor:   Cursor: 12/19 frames (12 detections)
2026-03-16 21:05:37,136 INFO vex_extract.cursor:   Cursor: 13/19 frames (13 detections)
2026-03-16 21:05:37,152 INFO vex_extract.cursor:   Cursor: 14/19 frames (14 detections)
2026-03-16 21:05:37,168 INFO vex_extract.cursor:   Cursor: 15/19 frames (15 detections)
2026-03-16 21:05:37,184 INFO vex_extract.cursor:   Cursor: 16/19 frames (16 detections)
2026-03-16 21:05:37,200 INFO vex_extract.cursor:   Cursor: 17/19 frames (17 detections)
2026-03-16 21:05:37,215 INFO vex_extract.cursor:   Cursor: 18/19 frames (18 detections)
2026-03-16 21:05:38,062 INFO vex_extract.cursor:   Cursor: pass 2 — 21 frames at 5.0 FPS [181800ms-185900ms]
2026-03-16 21:05:38,173 INFO vex_extract.cursor:   Cursor: 2/21 frames (2 detections)
2026-03-16 21:05:38,205 INFO vex_extract.cursor:   Cursor: 4/21 frames (4 detections)
2026-03-16 21:05:38,237 INFO vex_extract.cursor:   Cursor: 6/21 frames (6 detections)
2026-03-16 21:05:38,268 INFO vex_extract.cursor:   Cursor: 8/21 frames (8 detections)
2026-03-16 21:05:38,300 INFO vex_extract.cursor:   Cursor: 10/21 frames (10 detections)
2026-03-16 21:05:38,331 INFO vex_extract.cursor:   Cursor: 12/21 frames (12 detections)
2026-03-16 21:05:38,362 INFO vex_extract.cursor:   Cursor: 14/21 frames (14 detections)
2026-03-16 21:05:38,393 INFO vex_extract.cursor:   Cursor: 16/21 frames (16 detections)
2026-03-16 21:05:38,425 INFO vex_extract.cursor:   Cursor: 18/21 frames (18 detections)
2026-03-16 21:05:38,456 INFO vex_extract.cursor:   Cursor: 20/21 frames (20 detections)
2026-03-16 21:05:39,280 INFO vex_extract.cursor:   Cursor: pass 2 — 9 frames at 5.0 FPS [187333ms-189033ms]
2026-03-16 21:05:39,374 INFO vex_extract.cursor:   Cursor: 1/9 frames (1 detections)
2026-03-16 21:05:39,390 INFO vex_extract.cursor:   Cursor: 2/9 frames (2 detections)
2026-03-16 21:05:39,406 INFO vex_extract.cursor:   Cursor: 3/9 frames (3 detections)
2026-03-16 21:05:39,422 INFO vex_extract.cursor:   Cursor: 4/9 frames (4 detections)
2026-03-16 21:05:39,438 INFO vex_extract.cursor:   Cursor: 5/9 frames (5 detections)
2026-03-16 21:05:39,454 INFO vex_extract.cursor:   Cursor: 6/9 frames (6 detections)
2026-03-16 21:05:39,470 INFO vex_extract.cursor:   Cursor: 7/9 frames (7 detections)
2026-03-16 21:05:39,486 INFO vex_extract.cursor:   Cursor: 8/9 frames (8 detections)
2026-03-16 21:05:40,367 INFO vex_extract.cursor:   Cursor: pass 2 — 19 frames at 5.0 FPS [190800ms-194567ms]
2026-03-16 21:05:40,462 INFO vex_extract.cursor:   Cursor: 1/19 frames (1 detections)
2026-03-16 21:05:40,477 INFO vex_extract.cursor:   Cursor: 2/19 frames (2 detections)
2026-03-16 21:05:40,493 INFO vex_extract.cursor:   Cursor: 3/19 frames (3 detections)
2026-03-16 21:05:40,508 INFO vex_extract.cursor:   Cursor: 4/19 frames (4 detections)
2026-03-16 21:05:40,524 INFO vex_extract.cursor:   Cursor: 5/19 frames (5 detections)
2026-03-16 21:05:40,540 INFO vex_extract.cursor:   Cursor: 6/19 frames (6 detections)
2026-03-16 21:05:40,556 INFO vex_extract.cursor:   Cursor: 7/19 frames (7 detections)
2026-03-16 21:05:40,572 INFO vex_extract.cursor:   Cursor: 8/19 frames (8 detections)
2026-03-16 21:05:40,588 INFO vex_extract.cursor:   Cursor: 9/19 frames (9 detections)
2026-03-16 21:05:40,603 INFO vex_extract.cursor:   Cursor: 10/19 frames (10 detections)
2026-03-16 21:05:40,620 INFO vex_extract.cursor:   Cursor: 11/19 frames (11 detections)
2026-03-16 21:05:40,635 INFO vex_extract.cursor:   Cursor: 12/19 frames (12 detections)
2026-03-16 21:05:40,651 INFO vex_extract.cursor:   Cursor: 13/19 frames (13 detections)
2026-03-16 21:05:40,666 INFO vex_extract.cursor:   Cursor: 14/19 frames (14 detections)
2026-03-16 21:05:40,682 INFO vex_extract.cursor:   Cursor: 15/19 frames (15 detections)
2026-03-16 21:05:40,698 INFO vex_extract.cursor:   Cursor: 16/19 frames (16 detections)
2026-03-16 21:05:40,714 INFO vex_extract.cursor:   Cursor: 17/19 frames (17 detections)
2026-03-16 21:05:40,730 INFO vex_extract.cursor:   Cursor: 18/19 frames (18 detections)
2026-03-16 21:05:41,589 INFO vex_extract.cursor:   Cursor: pass 2 — 7 frames at 5.0 FPS [197033ms-198367ms]
2026-03-16 21:05:41,684 INFO vex_extract.cursor:   Cursor: 1/7 frames (1 detections)
2026-03-16 21:05:41,701 INFO vex_extract.cursor:   Cursor: 2/7 frames (2 detections)
2026-03-16 21:05:41,717 INFO vex_extract.cursor:   Cursor: 3/7 frames (3 detections)
2026-03-16 21:05:41,733 INFO vex_extract.cursor:   Cursor: 4/7 frames (4 detections)
2026-03-16 21:05:41,748 INFO vex_extract.cursor:   Cursor: 5/7 frames (5 detections)
2026-03-16 21:05:41,764 INFO vex_extract.cursor:   Cursor: 6/7 frames (6 detections)
2026-03-16 21:05:42,670 INFO vex_extract.cursor:   Cursor: pass 2 — 10 frames at 5.0 FPS [204667ms-206700ms]
2026-03-16 21:05:42,764 INFO vex_extract.cursor:   Cursor: 1/10 frames (1 detections)
2026-03-16 21:05:42,780 INFO vex_extract.cursor:   Cursor: 2/10 frames (2 detections)
2026-03-16 21:05:42,795 INFO vex_extract.cursor:   Cursor: 3/10 frames (3 detections)
2026-03-16 21:05:42,811 INFO vex_extract.cursor:   Cursor: 4/10 frames (4 detections)
2026-03-16 21:05:42,827 INFO vex_extract.cursor:   Cursor: 5/10 frames (5 detections)
2026-03-16 21:05:42,843 INFO vex_extract.cursor:   Cursor: 6/10 frames (6 detections)
2026-03-16 21:05:42,859 INFO vex_extract.cursor:   Cursor: 7/10 frames (7 detections)
2026-03-16 21:05:42,875 INFO vex_extract.cursor:   Cursor: 8/10 frames (8 detections)
2026-03-16 21:05:42,891 INFO vex_extract.cursor:   Cursor: 9/10 frames (9 detections)
2026-03-16 21:05:43,800 INFO vex_extract.cursor:   Cursor: pass 2 — 7 frames at 5.0 FPS [209833ms-211200ms]
2026-03-16 21:05:43,896 INFO vex_extract.cursor:   Cursor: 1/7 frames (1 detections)
2026-03-16 21:05:43,913 INFO vex_extract.cursor:   Cursor: 2/7 frames (2 detections)
2026-03-16 21:05:43,929 INFO vex_extract.cursor:   Cursor: 3/7 frames (3 detections)
2026-03-16 21:05:43,944 INFO vex_extract.cursor:   Cursor: 4/7 frames (4 detections)
2026-03-16 21:05:43,960 INFO vex_extract.cursor:   Cursor: 5/7 frames (5 detections)
2026-03-16 21:05:43,976 INFO vex_extract.cursor:   Cursor: 6/7 frames (6 detections)
2026-03-16 21:05:44,952 INFO vex_extract.cursor:   Cursor: pass 2 — 7 frames at 5.0 FPS [226433ms-227800ms]
2026-03-16 21:05:45,047 INFO vex_extract.cursor:   Cursor: 1/7 frames (1 detections)
2026-03-16 21:05:45,063 INFO vex_extract.cursor:   Cursor: 2/7 frames (2 detections)
2026-03-16 21:05:45,079 INFO vex_extract.cursor:   Cursor: 3/7 frames (3 detections)
2026-03-16 21:05:45,094 INFO vex_extract.cursor:   Cursor: 4/7 frames (4 detections)
2026-03-16 21:05:45,110 INFO vex_extract.cursor:   Cursor: 5/7 frames (5 detections)
2026-03-16 21:05:45,126 INFO vex_extract.cursor:   Cursor: 6/7 frames (6 detections)
2026-03-16 21:05:46,190 INFO vex_extract.cursor:   Cursor: pass 2 — 29 frames at 5.0 FPS [228533ms-234733ms]
2026-03-16 21:05:46,301 INFO vex_extract.cursor:   Cursor: 2/29 frames (2 detections)
2026-03-16 21:05:46,333 INFO vex_extract.cursor:   Cursor: 4/29 frames (4 detections)
2026-03-16 21:05:46,365 INFO vex_extract.cursor:   Cursor: 6/29 frames (6 detections)
2026-03-16 21:05:46,396 INFO vex_extract.cursor:   Cursor: 8/29 frames (8 detections)
2026-03-16 21:05:46,428 INFO vex_extract.cursor:   Cursor: 10/29 frames (10 detections)
2026-03-16 21:05:46,462 INFO vex_extract.cursor:   Cursor: 12/29 frames (12 detections)
2026-03-16 21:05:46,494 INFO vex_extract.cursor:   Cursor: 14/29 frames (14 detections)
2026-03-16 21:05:46,528 INFO vex_extract.cursor:   Cursor: 16/29 frames (16 detections)
2026-03-16 21:05:46,560 INFO vex_extract.cursor:   Cursor: 18/29 frames (18 detections)
2026-03-16 21:05:46,592 INFO vex_extract.cursor:   Cursor: 20/29 frames (20 detections)
2026-03-16 21:05:46,624 INFO vex_extract.cursor:   Cursor: 22/29 frames (22 detections)
2026-03-16 21:05:46,655 INFO vex_extract.cursor:   Cursor: 24/29 frames (24 detections)
2026-03-16 21:05:46,687 INFO vex_extract.cursor:   Cursor: 26/29 frames (26 detections)
2026-03-16 21:05:46,719 INFO vex_extract.cursor:   Cursor: 28/29 frames (28 detections)
2026-03-16 21:05:47,727 INFO vex_extract.cursor:   Cursor: pass 2 — 7 frames at 5.0 FPS [234767ms-236100ms]
2026-03-16 21:05:47,821 INFO vex_extract.cursor:   Cursor: 1/7 frames (1 detections)
2026-03-16 21:05:47,837 INFO vex_extract.cursor:   Cursor: 2/7 frames (2 detections)
2026-03-16 21:05:47,853 INFO vex_extract.cursor:   Cursor: 3/7 frames (3 detections)
2026-03-16 21:05:47,869 INFO vex_extract.cursor:   Cursor: 4/7 frames (4 detections)
2026-03-16 21:05:47,884 INFO vex_extract.cursor:   Cursor: 5/7 frames (5 detections)
2026-03-16 21:05:47,900 INFO vex_extract.cursor:   Cursor: 6/7 frames (6 detections)
2026-03-16 21:05:48,929 INFO vex_extract.cursor:   Cursor: pass 2 — 7 frames at 5.0 FPS [241333ms-242700ms]
2026-03-16 21:05:49,024 INFO vex_extract.cursor:   Cursor: 1/7 frames (1 detections)
2026-03-16 21:05:49,039 INFO vex_extract.cursor:   Cursor: 2/7 frames (2 detections)
2026-03-16 21:05:49,055 INFO vex_extract.cursor:   Cursor: 3/7 frames (3 detections)
2026-03-16 21:05:49,071 INFO vex_extract.cursor:   Cursor: 4/7 frames (4 detections)
2026-03-16 21:05:49,087 INFO vex_extract.cursor:   Cursor: 5/7 frames (5 detections)
2026-03-16 21:05:49,102 INFO vex_extract.cursor:   Cursor: 6/7 frames (6 detections)
2026-03-16 21:05:50,221 INFO vex_extract.cursor:   Cursor: pass 2 — 9 frames at 5.0 FPS [262333ms-264000ms]
2026-03-16 21:05:50,316 INFO vex_extract.cursor:   Cursor: 1/9 frames (1 detections)
2026-03-16 21:05:50,332 INFO vex_extract.cursor:   Cursor: 2/9 frames (2 detections)
2026-03-16 21:05:50,348 INFO vex_extract.cursor:   Cursor: 3/9 frames (3 detections)
2026-03-16 21:05:50,363 INFO vex_extract.cursor:   Cursor: 4/9 frames (4 detections)
2026-03-16 21:05:50,379 INFO vex_extract.cursor:   Cursor: 5/9 frames (5 detections)
2026-03-16 21:05:50,395 INFO vex_extract.cursor:   Cursor: 6/9 frames (6 detections)
2026-03-16 21:05:50,411 INFO vex_extract.cursor:   Cursor: 7/9 frames (7 detections)
2026-03-16 21:05:50,427 INFO vex_extract.cursor:   Cursor: 8/9 frames (8 detections)
2026-03-16 21:05:51,556 INFO vex_extract.cursor:   Cursor: pass 2 — 7 frames at 5.0 FPS [266333ms-267667ms]
2026-03-16 21:05:51,650 INFO vex_extract.cursor:   Cursor: 1/7 frames (1 detections)
2026-03-16 21:05:51,667 INFO vex_extract.cursor:   Cursor: 2/7 frames (2 detections)
2026-03-16 21:05:51,683 INFO vex_extract.cursor:   Cursor: 3/7 frames (3 detections)
2026-03-16 21:05:51,699 INFO vex_extract.cursor:   Cursor: 4/7 frames (4 detections)
2026-03-16 21:05:51,715 INFO vex_extract.cursor:   Cursor: 5/7 frames (5 detections)
2026-03-16 21:05:51,731 INFO vex_extract.cursor:   Cursor: 6/7 frames (6 detections)
2026-03-16 21:05:52,935 INFO vex_extract.cursor:   Cursor: pass 2 — 25 frames at 5.0 FPS [268333ms-273333ms]
2026-03-16 21:05:53,046 INFO vex_extract.cursor:   Cursor: 2/25 frames (2 detections)
2026-03-16 21:05:53,077 INFO vex_extract.cursor:   Cursor: 4/25 frames (4 detections)
2026-03-16 21:05:53,109 INFO vex_extract.cursor:   Cursor: 6/25 frames (6 detections)
2026-03-16 21:05:53,141 INFO vex_extract.cursor:   Cursor: 8/25 frames (8 detections)
2026-03-16 21:05:53,173 INFO vex_extract.cursor:   Cursor: 10/25 frames (10 detections)
2026-03-16 21:05:53,205 INFO vex_extract.cursor:   Cursor: 12/25 frames (12 detections)
2026-03-16 21:05:53,236 INFO vex_extract.cursor:   Cursor: 14/25 frames (14 detections)
2026-03-16 21:05:53,268 INFO vex_extract.cursor:   Cursor: 16/25 frames (16 detections)
2026-03-16 21:05:53,300 INFO vex_extract.cursor:   Cursor: 18/25 frames (18 detections)
2026-03-16 21:05:53,332 INFO vex_extract.cursor:   Cursor: 20/25 frames (20 detections)
2026-03-16 21:05:53,363 INFO vex_extract.cursor:   Cursor: 22/25 frames (22 detections)
2026-03-16 21:05:53,395 INFO vex_extract.cursor:   Cursor: 24/25 frames (24 detections)
2026-03-16 21:05:54,702 INFO vex_extract.cursor:   Cursor: pass 2 — 49 frames at 5.0 FPS [274667ms-284333ms]
2026-03-16 21:05:54,845 INFO vex_extract.cursor:   Cursor: 4/49 frames (4 detections)
2026-03-16 21:05:54,908 INFO vex_extract.cursor:   Cursor: 8/49 frames (8 detections)
2026-03-16 21:05:54,972 INFO vex_extract.cursor:   Cursor: 12/49 frames (12 detections)
2026-03-16 21:05:55,036 INFO vex_extract.cursor:   Cursor: 16/49 frames (16 detections)
2026-03-16 21:05:55,100 INFO vex_extract.cursor:   Cursor: 20/49 frames (20 detections)
2026-03-16 21:05:55,164 INFO vex_extract.cursor:   Cursor: 24/49 frames (24 detections)
2026-03-16 21:05:55,228 INFO vex_extract.cursor:   Cursor: 28/49 frames (28 detections)
2026-03-16 21:05:55,293 INFO vex_extract.cursor:   Cursor: 32/49 frames (32 detections)
2026-03-16 21:05:55,357 INFO vex_extract.cursor:   Cursor: 36/49 frames (36 detections)
2026-03-16 21:05:55,422 INFO vex_extract.cursor:   Cursor: 40/49 frames (40 detections)
2026-03-16 21:05:55,487 INFO vex_extract.cursor:   Cursor: 44/49 frames (44 detections)
2026-03-16 21:05:55,551 INFO vex_extract.cursor:   Cursor: 48/49 frames (48 detections)
2026-03-16 21:05:56,762 INFO vex_extract.cursor:   Cursor: pass 2 — 7 frames at 5.0 FPS [285333ms-286667ms]
2026-03-16 21:05:56,857 INFO vex_extract.cursor:   Cursor: 1/7 frames (1 detections)
2026-03-16 21:05:56,872 INFO vex_extract.cursor:   Cursor: 2/7 frames (2 detections)
2026-03-16 21:05:56,888 INFO vex_extract.cursor:   Cursor: 3/7 frames (3 detections)
2026-03-16 21:05:56,904 INFO vex_extract.cursor:   Cursor: 4/7 frames (4 detections)
2026-03-16 21:05:56,920 INFO vex_extract.cursor:   Cursor: 5/7 frames (5 detections)
2026-03-16 21:05:56,937 INFO vex_extract.cursor:   Cursor: 6/7 frames (6 detections)
2026-03-16 21:05:58,158 INFO vex_extract.cursor:   Cursor: pass 2 — 9 frames at 5.0 FPS [287333ms-289000ms]
2026-03-16 21:05:58,255 INFO vex_extract.cursor:   Cursor: 1/9 frames (1 detections)
2026-03-16 21:05:58,270 INFO vex_extract.cursor:   Cursor: 2/9 frames (2 detections)
2026-03-16 21:05:58,287 INFO vex_extract.cursor:   Cursor: 3/9 frames (3 detections)
2026-03-16 21:05:58,302 INFO vex_extract.cursor:   Cursor: 4/9 frames (4 detections)
2026-03-16 21:05:58,318 INFO vex_extract.cursor:   Cursor: 5/9 frames (5 detections)
2026-03-16 21:05:58,334 INFO vex_extract.cursor:   Cursor: 6/9 frames (6 detections)
2026-03-16 21:05:58,350 INFO vex_extract.cursor:   Cursor: 7/9 frames (7 detections)
2026-03-16 21:05:58,366 INFO vex_extract.cursor:   Cursor: 8/9 frames (8 detections)
2026-03-16 21:05:59,598 INFO vex_extract.cursor:   Cursor: pass 2 — 9 frames at 5.0 FPS [291333ms-293000ms]
2026-03-16 21:05:59,692 INFO vex_extract.cursor:   Cursor: 1/9 frames (1 detections)
2026-03-16 21:05:59,708 INFO vex_extract.cursor:   Cursor: 2/9 frames (2 detections)
2026-03-16 21:05:59,724 INFO vex_extract.cursor:   Cursor: 3/9 frames (3 detections)
2026-03-16 21:05:59,741 INFO vex_extract.cursor:   Cursor: 4/9 frames (4 detections)
2026-03-16 21:05:59,757 INFO vex_extract.cursor:   Cursor: 5/9 frames (5 detections)
2026-03-16 21:05:59,773 INFO vex_extract.cursor:   Cursor: 6/9 frames (6 detections)
2026-03-16 21:05:59,789 INFO vex_extract.cursor:   Cursor: 7/9 frames (7 detections)
2026-03-16 21:05:59,805 INFO vex_extract.cursor:   Cursor: 8/9 frames (8 detections)
2026-03-16 21:06:01,200 INFO vex_extract.cursor:   Cursor: pass 2 — 47 frames at 5.0 FPS [299667ms-309000ms]
2026-03-16 21:06:01,343 INFO vex_extract.cursor:   Cursor: 4/47 frames (4 detections)
2026-03-16 21:06:01,406 INFO vex_extract.cursor:   Cursor: 8/47 frames (8 detections)
2026-03-16 21:06:01,469 INFO vex_extract.cursor:   Cursor: 12/47 frames (12 detections)
2026-03-16 21:06:01,533 INFO vex_extract.cursor:   Cursor: 16/47 frames (16 detections)
2026-03-16 21:06:01,596 INFO vex_extract.cursor:   Cursor: 20/47 frames (20 detections)
2026-03-16 21:06:01,660 INFO vex_extract.cursor:   Cursor: 24/47 frames (24 detections)
2026-03-16 21:06:01,724 INFO vex_extract.cursor:   Cursor: 28/47 frames (28 detections)
2026-03-16 21:06:01,788 INFO vex_extract.cursor:   Cursor: 32/47 frames (32 detections)
2026-03-16 21:06:01,852 INFO vex_extract.cursor:   Cursor: 36/47 frames (36 detections)
2026-03-16 21:06:01,916 INFO vex_extract.cursor:   Cursor: 40/47 frames (40 detections)
2026-03-16 21:06:01,979 INFO vex_extract.cursor:   Cursor: 44/47 frames (44 detections)
2026-03-16 21:06:03,341 INFO vex_extract.cursor:   Cursor: pass 2 — 10 frames at 5.0 FPS [316333ms-318333ms]
2026-03-16 21:06:03,436 INFO vex_extract.cursor:   Cursor: 1/10 frames (1 detections)
2026-03-16 21:06:03,451 INFO vex_extract.cursor:   Cursor: 2/10 frames (2 detections)
2026-03-16 21:06:03,467 INFO vex_extract.cursor:   Cursor: 3/10 frames (3 detections)
2026-03-16 21:06:03,483 INFO vex_extract.cursor:   Cursor: 4/10 frames (4 detections)
2026-03-16 21:06:03,499 INFO vex_extract.cursor:   Cursor: 5/10 frames (5 detections)
2026-03-16 21:06:03,515 INFO vex_extract.cursor:   Cursor: 6/10 frames (6 detections)
2026-03-16 21:06:03,531 INFO vex_extract.cursor:   Cursor: 7/10 frames (7 detections)
2026-03-16 21:06:03,547 INFO vex_extract.cursor:   Cursor: 8/10 frames (8 detections)
2026-03-16 21:06:03,564 INFO vex_extract.cursor:   Cursor: 9/10 frames (9 detections)
2026-03-16 21:06:04,910 INFO vex_extract.cursor:   Cursor: pass 2 — 7 frames at 5.0 FPS [319667ms-321000ms]
2026-03-16 21:06:05,004 INFO vex_extract.cursor:   Cursor: 1/7 frames (1 detections)
2026-03-16 21:06:05,020 INFO vex_extract.cursor:   Cursor: 2/7 frames (2 detections)
2026-03-16 21:06:05,037 INFO vex_extract.cursor:   Cursor: 3/7 frames (3 detections)
2026-03-16 21:06:05,052 INFO vex_extract.cursor:   Cursor: 4/7 frames (4 detections)
2026-03-16 21:06:05,068 INFO vex_extract.cursor:   Cursor: 5/7 frames (5 detections)
2026-03-16 21:06:05,084 INFO vex_extract.cursor:   Cursor: 6/7 frames (6 detections)
2026-03-16 21:06:06,425 INFO vex_extract.cursor:   Cursor: pass 2 — 7 frames at 5.0 FPS [321333ms-322667ms]
2026-03-16 21:06:06,519 INFO vex_extract.cursor:   Cursor: 1/7 frames (1 detections)
2026-03-16 21:06:06,535 INFO vex_extract.cursor:   Cursor: 2/7 frames (2 detections)
2026-03-16 21:06:06,551 INFO vex_extract.cursor:   Cursor: 3/7 frames (3 detections)
2026-03-16 21:06:06,566 INFO vex_extract.cursor:   Cursor: 4/7 frames (4 detections)
2026-03-16 21:06:06,582 INFO vex_extract.cursor:   Cursor: 5/7 frames (5 detections)
2026-03-16 21:06:06,598 INFO vex_extract.cursor:   Cursor: 6/7 frames (6 detections)
2026-03-16 21:06:07,962 INFO vex_extract.cursor:   Cursor: pass 2 — 12 frames at 5.0 FPS [324000ms-326333ms]
2026-03-16 21:06:08,058 INFO vex_extract.cursor:   Cursor: 1/12 frames (1 detections)
2026-03-16 21:06:08,074 INFO vex_extract.cursor:   Cursor: 2/12 frames (2 detections)
2026-03-16 21:06:08,090 INFO vex_extract.cursor:   Cursor: 3/12 frames (3 detections)
2026-03-16 21:06:08,106 INFO vex_extract.cursor:   Cursor: 4/12 frames (4 detections)
2026-03-16 21:06:08,121 INFO vex_extract.cursor:   Cursor: 5/12 frames (5 detections)
2026-03-16 21:06:08,137 INFO vex_extract.cursor:   Cursor: 6/12 frames (6 detections)
2026-03-16 21:06:08,154 INFO vex_extract.cursor:   Cursor: 7/12 frames (7 detections)
2026-03-16 21:06:08,170 INFO vex_extract.cursor:   Cursor: 8/12 frames (8 detections)
2026-03-16 21:06:08,185 INFO vex_extract.cursor:   Cursor: 9/12 frames (9 detections)
2026-03-16 21:06:08,201 INFO vex_extract.cursor:   Cursor: 10/12 frames (10 detections)
2026-03-16 21:06:08,216 INFO vex_extract.cursor:   Cursor: 11/12 frames (11 detections)
2026-03-16 21:06:09,597 INFO vex_extract.cursor:   Cursor: pass 2 — 7 frames at 5.0 FPS [333000ms-334333ms]
2026-03-16 21:06:09,692 INFO vex_extract.cursor:   Cursor: 1/7 frames (1 detections)
2026-03-16 21:06:09,708 INFO vex_extract.cursor:   Cursor: 2/7 frames (2 detections)
2026-03-16 21:06:09,723 INFO vex_extract.cursor:   Cursor: 3/7 frames (3 detections)
2026-03-16 21:06:09,739 INFO vex_extract.cursor:   Cursor: 4/7 frames (4 detections)
2026-03-16 21:06:09,755 INFO vex_extract.cursor:   Cursor: 5/7 frames (5 detections)
2026-03-16 21:06:09,771 INFO vex_extract.cursor:   Cursor: 6/7 frames (6 detections)
2026-03-16 21:06:11,204 INFO vex_extract.cursor:   Cursor: pass 2 — 9 frames at 5.0 FPS [339333ms-341000ms]
2026-03-16 21:06:11,299 INFO vex_extract.cursor:   Cursor: 1/9 frames (1 detections)
2026-03-16 21:06:11,314 INFO vex_extract.cursor:   Cursor: 2/9 frames (2 detections)
2026-03-16 21:06:11,330 INFO vex_extract.cursor:   Cursor: 3/9 frames (3 detections)
2026-03-16 21:06:11,345 INFO vex_extract.cursor:   Cursor: 4/9 frames (4 detections)
2026-03-16 21:06:11,361 INFO vex_extract.cursor:   Cursor: 5/9 frames (5 detections)
2026-03-16 21:06:11,377 INFO vex_extract.cursor:   Cursor: 6/9 frames (6 detections)
2026-03-16 21:06:11,393 INFO vex_extract.cursor:   Cursor: 7/9 frames (7 detections)
2026-03-16 21:06:11,408 INFO vex_extract.cursor:   Cursor: 8/9 frames (8 detections)
2026-03-16 21:06:12,889 INFO vex_extract.cursor:   Cursor: pass 2 — 17 frames at 5.0 FPS [347667ms-351000ms]
2026-03-16 21:06:12,983 INFO vex_extract.cursor:   Cursor: 1/17 frames (1 detections)
2026-03-16 21:06:12,999 INFO vex_extract.cursor:   Cursor: 2/17 frames (2 detections)
2026-03-16 21:06:13,015 INFO vex_extract.cursor:   Cursor: 3/17 frames (3 detections)
2026-03-16 21:06:13,031 INFO vex_extract.cursor:   Cursor: 4/17 frames (4 detections)
2026-03-16 21:06:13,047 INFO vex_extract.cursor:   Cursor: 5/17 frames (5 detections)
2026-03-16 21:06:13,063 INFO vex_extract.cursor:   Cursor: 6/17 frames (6 detections)
2026-03-16 21:06:13,078 INFO vex_extract.cursor:   Cursor: 7/17 frames (7 detections)
2026-03-16 21:06:13,094 INFO vex_extract.cursor:   Cursor: 8/17 frames (8 detections)
2026-03-16 21:06:13,109 INFO vex_extract.cursor:   Cursor: 9/17 frames (9 detections)
2026-03-16 21:06:13,125 INFO vex_extract.cursor:   Cursor: 10/17 frames (10 detections)
2026-03-16 21:06:13,141 INFO vex_extract.cursor:   Cursor: 11/17 frames (11 detections)
2026-03-16 21:06:13,156 INFO vex_extract.cursor:   Cursor: 12/17 frames (12 detections)
2026-03-16 21:06:13,172 INFO vex_extract.cursor:   Cursor: 13/17 frames (13 detections)
2026-03-16 21:06:13,188 INFO vex_extract.cursor:   Cursor: 14/17 frames (14 detections)
2026-03-16 21:06:13,204 INFO vex_extract.cursor:   Cursor: 15/17 frames (15 detections)
2026-03-16 21:06:13,220 INFO vex_extract.cursor:   Cursor: 16/17 frames (16 detections)
2026-03-16 21:06:14,793 INFO vex_extract.cursor:   Cursor: pass 2 — 40 frames at 5.0 FPS [351333ms-359333ms]
2026-03-16 21:06:14,936 INFO vex_extract.cursor:   Cursor: 4/40 frames (4 detections)
2026-03-16 21:06:14,998 INFO vex_extract.cursor:   Cursor: 8/40 frames (8 detections)
2026-03-16 21:06:15,062 INFO vex_extract.cursor:   Cursor: 12/40 frames (12 detections)
2026-03-16 21:06:15,124 INFO vex_extract.cursor:   Cursor: 16/40 frames (16 detections)
2026-03-16 21:06:15,187 INFO vex_extract.cursor:   Cursor: 20/40 frames (20 detections)
2026-03-16 21:06:15,251 INFO vex_extract.cursor:   Cursor: 24/40 frames (24 detections)
2026-03-16 21:06:15,314 INFO vex_extract.cursor:   Cursor: 28/40 frames (28 detections)
2026-03-16 21:06:15,380 INFO vex_extract.cursor:   Cursor: 32/40 frames (32 detections)
2026-03-16 21:06:15,443 INFO vex_extract.cursor:   Cursor: 36/40 frames (36 detections)
2026-03-16 21:06:17,013 INFO vex_extract.cursor:   Cursor: pass 2 — 14 frames at 5.0 FPS [361333ms-364000ms]
2026-03-16 21:06:17,108 INFO vex_extract.cursor:   Cursor: 1/14 frames (1 detections)
2026-03-16 21:06:17,124 INFO vex_extract.cursor:   Cursor: 2/14 frames (2 detections)
2026-03-16 21:06:17,140 INFO vex_extract.cursor:   Cursor: 3/14 frames (3 detections)
2026-03-16 21:06:17,155 INFO vex_extract.cursor:   Cursor: 4/14 frames (4 detections)
2026-03-16 21:06:17,171 INFO vex_extract.cursor:   Cursor: 5/14 frames (5 detections)
2026-03-16 21:06:17,187 INFO vex_extract.cursor:   Cursor: 6/14 frames (6 detections)
2026-03-16 21:06:17,204 INFO vex_extract.cursor:   Cursor: 7/14 frames (7 detections)
2026-03-16 21:06:17,219 INFO vex_extract.cursor:   Cursor: 8/14 frames (8 detections)
2026-03-16 21:06:17,235 INFO vex_extract.cursor:   Cursor: 9/14 frames (9 detections)
2026-03-16 21:06:17,251 INFO vex_extract.cursor:   Cursor: 10/14 frames (10 detections)
2026-03-16 21:06:17,267 INFO vex_extract.cursor:   Cursor: 11/14 frames (11 detections)
2026-03-16 21:06:17,283 INFO vex_extract.cursor:   Cursor: 12/14 frames (12 detections)
2026-03-16 21:06:17,299 INFO vex_extract.cursor:   Cursor: 13/14 frames (13 detections)
2026-03-16 21:06:18,823 INFO vex_extract.cursor:   Cursor: pass 2 — 7 frames at 5.0 FPS [366333ms-367667ms]
2026-03-16 21:06:18,918 INFO vex_extract.cursor:   Cursor: 1/7 frames (1 detections)
2026-03-16 21:06:18,934 INFO vex_extract.cursor:   Cursor: 2/7 frames (2 detections)
2026-03-16 21:06:18,950 INFO vex_extract.cursor:   Cursor: 3/7 frames (3 detections)
2026-03-16 21:06:18,966 INFO vex_extract.cursor:   Cursor: 4/7 frames (4 detections)
2026-03-16 21:06:18,981 INFO vex_extract.cursor:   Cursor: 5/7 frames (5 detections)
2026-03-16 21:06:18,997 INFO vex_extract.cursor:   Cursor: 6/7 frames (6 detections)
2026-03-16 21:06:20,559 INFO vex_extract.cursor:   Cursor: pass 2 — 11 frames at 5.0 FPS [372000ms-374000ms]
2026-03-16 21:06:20,655 INFO vex_extract.cursor:   Cursor: 1/11 frames (1 detections)
2026-03-16 21:06:20,671 INFO vex_extract.cursor:   Cursor: 2/11 frames (2 detections)
2026-03-16 21:06:20,687 INFO vex_extract.cursor:   Cursor: 3/11 frames (3 detections)
2026-03-16 21:06:20,703 INFO vex_extract.cursor:   Cursor: 4/11 frames (4 detections)
2026-03-16 21:06:20,719 INFO vex_extract.cursor:   Cursor: 5/11 frames (5 detections)
2026-03-16 21:06:20,735 INFO vex_extract.cursor:   Cursor: 6/11 frames (6 detections)
2026-03-16 21:06:20,751 INFO vex_extract.cursor:   Cursor: 7/11 frames (7 detections)
2026-03-16 21:06:20,767 INFO vex_extract.cursor:   Cursor: 8/11 frames (8 detections)
2026-03-16 21:06:20,782 INFO vex_extract.cursor:   Cursor: 9/11 frames (9 detections)
2026-03-16 21:06:20,798 INFO vex_extract.cursor:   Cursor: 10/11 frames (10 detections)
2026-03-16 21:06:22,355 INFO vex_extract.cursor:   Cursor: pass 2 — 7 frames at 5.0 FPS [374667ms-376000ms]
2026-03-16 21:06:22,451 INFO vex_extract.cursor:   Cursor: 1/7 frames (1 detections)
2026-03-16 21:06:22,466 INFO vex_extract.cursor:   Cursor: 2/7 frames (2 detections)
2026-03-16 21:06:22,482 INFO vex_extract.cursor:   Cursor: 3/7 frames (3 detections)
2026-03-16 21:06:22,498 INFO vex_extract.cursor:   Cursor: 4/7 frames (4 detections)
2026-03-16 21:06:22,515 INFO vex_extract.cursor:   Cursor: 5/7 frames (5 detections)
2026-03-16 21:06:22,531 INFO vex_extract.cursor:   Cursor: 6/7 frames (6 detections)
2026-03-16 21:06:24,134 INFO vex_extract.cursor:   Cursor: pass 2 — 12 frames at 5.0 FPS [380000ms-382333ms]
2026-03-16 21:06:24,229 INFO vex_extract.cursor:   Cursor: 1/12 frames (1 detections)
2026-03-16 21:06:24,245 INFO vex_extract.cursor:   Cursor: 2/12 frames (2 detections)
2026-03-16 21:06:24,261 INFO vex_extract.cursor:   Cursor: 3/12 frames (3 detections)
2026-03-16 21:06:24,277 INFO vex_extract.cursor:   Cursor: 4/12 frames (4 detections)
2026-03-16 21:06:24,293 INFO vex_extract.cursor:   Cursor: 5/12 frames (5 detections)
2026-03-16 21:06:24,310 INFO vex_extract.cursor:   Cursor: 6/12 frames (6 detections)
2026-03-16 21:06:24,325 INFO vex_extract.cursor:   Cursor: 7/12 frames (7 detections)
2026-03-16 21:06:24,341 INFO vex_extract.cursor:   Cursor: 8/12 frames (8 detections)
2026-03-16 21:06:24,357 INFO vex_extract.cursor:   Cursor: 9/12 frames (9 detections)
2026-03-16 21:06:24,373 INFO vex_extract.cursor:   Cursor: 10/12 frames (10 detections)
2026-03-16 21:06:24,389 INFO vex_extract.cursor:   Cursor: 11/12 frames (11 detections)
2026-03-16 21:06:24,408 INFO vex_extract.cursor:   Cursor: merged 1534 detections (1533 detected)
2026-03-16 21:06:24,408 INFO vex_extract.cursor:   Cursor: filtering 26 static detections at (993.0, 588.0) spanning 7600ms
2026-03-16 21:06:24,408 INFO vex_extract.cursor:   Cursor: filtering 14 static detections at (1937.0, 873.0) spanning 3800ms
2026-03-16 21:06:24,408 INFO vex_extract.cursor:   Cursor: filtering 13 static detections at (1939.0, 966.0) spanning 3033ms
2026-03-16 21:06:24,408 INFO vex_extract.cursor:   Cursor: filtering 14 static detections at (1091.0, 555.0) spanning 3867ms
2026-03-16 21:06:24,408 INFO vex_extract.cursor:   Cursor: filtering 10 static detections at (156.0, 945.0) spanning 3000ms
2026-03-16 21:06:24,408 INFO vex_extract.cursor:   Cursor: filtering 28 static detections at (1416.0, 875.0) spanning 8467ms
2026-03-16 21:06:24,408 INFO vex_extract.cursor:   Cursor: filtering 17 static detections at (860.0, 604.0) spanning 4567ms
2026-03-16 21:06:24,408 INFO vex_extract.cursor:   Cursor: filtering 15 static detections at (1238.0, 786.0) spanning 4133ms
2026-03-16 21:06:24,408 INFO vex_extract.cursor:   Cursor: filtering 10 static detections at (156.0, 945.0) spanning 3000ms
2026-03-16 21:06:24,408 INFO vex_extract.cursor:   Cursor: filtering 33 static detections at (1461.0, 303.0) spanning 11067ms
2026-03-16 21:06:24,408 INFO vex_extract.cursor:   Cursor: filtering 21 static detections at (684.0, 592.0) spanning 6933ms
2026-03-16 21:06:24,408 INFO vex_extract.cursor:   Cursor: filtering 17 static detections at (1304.0, 821.0) spanning 5533ms
2026-03-16 21:06:24,408 INFO vex_extract.cursor:   Cursor: filtering 18 static detections at (1461.0, 303.0) spanning 5867ms
2026-03-16 21:06:24,408 INFO vex_extract.cursor:   Cursor: filtering 44 static detections at (607.0, 832.0) spanning 14900ms
2026-03-16 21:06:24,409 INFO vex_extract.cursor:   Cursor: filtering 18 static detections at (908.0, 647.0) spanning 3667ms
2026-03-16 21:06:24,409 INFO vex_extract.cursor:   Cursor: filtering 15 static detections at (1461.0, 303.0) spanning 4833ms
2026-03-16 21:06:24,409 INFO vex_extract.cursor:   Cursor: filtering 56 static detections at (1360.0, 780.0) spanning 19300ms
2026-03-16 21:06:24,409 INFO vex_extract.cursor:   Cursor: filtering 20 static detections at (1108.0, 563.0) spanning 6333ms
2026-03-16 21:06:24,409 INFO vex_extract.cursor:   Cursor: filtering 38 static detections at (77.0, 114.0) spanning 7400ms
2026-03-16 21:06:24,409 INFO vex_extract.cursor:   Cursor: filtering 26 static detections at (481.0, 764.0) spanning 7800ms
2026-03-16 21:06:24,409 INFO vex_extract.cursor:   Cursor: filtering 24 static detections at (1161.0, 948.0) spanning 7100ms
2026-03-16 21:06:24,409 INFO vex_extract.cursor:   Cursor: filtering 18 static detections at (1461.0, 303.0) spanning 5367ms
2026-03-16 21:06:24,409 INFO vex_extract.cursor:   Cursor: filtering 20 static detections at (1461.0, 303.0) spanning 6333ms
2026-03-16 21:06:24,409 INFO vex_extract.cursor:   Cursor: filtering 13 static detections at (1848.0, 329.0) spanning 4000ms
2026-03-16 21:06:24,409 INFO vex_extract.cursor:   Cursor: filtering 12 static detections at (1225.0, 718.0) spanning 3667ms
2026-03-16 21:06:24,409 INFO vex_extract.cursor:   Cursor: filtering 27 static detections at (605.0, 1028.0) spanning 8667ms
2026-03-16 21:06:24,415 INFO vex_extract.pipeline:   Cached cursor trajectory: /Users/nic/Developer/spike-air-315-vision-processing/candidates/2026-03-14/tmp/cv/flight_centre_booking_kay_4c5714dc_cursor/cursor_trajectory.json
2026-03-16 21:06:24,416 INFO vex_extract.pipeline:   1534 cursor detections (966 detected) in 96.7s
2026-03-16 21:06:24,416 INFO vex_extract.pipeline: Step 3: Computing optical flow...
2026-03-16 21:06:26,550 INFO vex_extract.flow:   Flow: computing across 782 frame pairs...
2026-03-16 21:06:29,542 INFO vex_extract.pipeline:   Cached flow windows: /Users/nic/Developer/spike-air-315-vision-processing/candidates/2026-03-14/tmp/cv/flight_centre_booking_kay_bb5a87ef_4c5714dc_flow/flow_windows.json
2026-03-16 21:06:29,542 INFO vex_extract.pipeline:   781 flow windows in 5.1s
2026-03-16 21:06:29,542 INFO vex_extract.pipeline: Step 4: Creating video segments...
2026-03-16 21:06:29,542 INFO vex_extract.pipeline:   6 segments
2026-03-16 21:06:29,543 INFO vex_extract.pipeline:   Segment 0: cached
2026-03-16 21:06:29,543 INFO vex_extract.pipeline:   Segment 1: cached
2026-03-16 21:06:29,543 INFO vex_extract.pipeline:   Segment 2: cached
2026-03-16 21:06:29,543 INFO vex_extract.pipeline:   Segment 3: cached
2026-03-16 21:06:29,543 INFO vex_extract.pipeline:   Segment 4: cached
2026-03-16 21:06:29,543 INFO vex_extract.pipeline:   Segment 5: cached
2026-03-16 21:06:29,543 INFO vex_extract.pipeline: Step 5: Preparing prompts...
2026-03-16 21:06:29,544 INFO vex_extract.analysis: Segment 0: prompt prepared (13006 chars)
2026-03-16 21:06:29,545 INFO vex_extract.analysis: Segment 1: prompt prepared (11689 chars)
2026-03-16 21:06:29,546 INFO vex_extract.analysis: Segment 2: prompt prepared (12001 chars)
2026-03-16 21:06:29,546 INFO vex_extract.analysis: Segment 3: prompt prepared (10736 chars)
2026-03-16 21:06:29,547 INFO vex_extract.analysis: Segment 4: prompt prepared (12225 chars)
2026-03-16 21:06:29,548 INFO vex_extract.analysis: Segment 5: prompt prepared (11182 chars)
2026-03-16 21:06:29,548 INFO vex_extract.pipeline:   6 prompts prepared
2026-03-16 21:06:29,548 INFO vex_extract.pipeline: Stopped after: prompt
