2026-03-14 10:16:41,193 INFO vex_extract.pipeline: === Video Event Extractor ===
2026-03-14 10:16:41,193 INFO vex_extract.pipeline: Video: /Users/nic/Developer/spike-air-315-vision-processing/input_data/screen_tracks/flight_centre_booking_james.mp4
2026-03-14 10:16:41,193 INFO vex_extract.pipeline: Offset: 238982 ms
2026-03-14 10:16:41,193 INFO vex_extract.pipeline: Run ID: 2026-03-14_001641
2026-03-14 10:16:41,193 INFO vex_extract.pipeline: Stop after: segment
2026-03-14 10:16:41,193 INFO vex_extract.pipeline: Step 1: Normalizing video...
2026-03-14 10:16:49,635 INFO vex_extract.pipeline:   Normalized video saved: /Users/nic/Developer/spike-air-315-vision-processing/candidates/2026-03-14/tmp/flight_centre_booking_james_normalized.mp4
2026-03-14 10:16:49,660 INFO vex_extract.pipeline:   Duration: 176.9s, 1954x1060, 30.0 fps
2026-03-14 10:16:49,660 INFO vex_extract.pipeline: Step 2: Tracking cursor...
2026-03-14 10:16:50,703 INFO vex_extract.cursor:   Cursor: pass 1 — matching 354 frames at 2.0 FPS against 6 templates x 4 scales at 360p...
2026-03-14 10:16:51,234 INFO vex_extract.cursor:   Cursor: 35/354 frames (35 detections)
2026-03-14 10:16:51,702 INFO vex_extract.cursor:   Cursor: 70/354 frames (70 detections)
2026-03-14 10:16:52,464 INFO vex_extract.cursor:   Cursor: 105/354 frames (103 detections)
2026-03-14 10:16:53,695 INFO vex_extract.cursor:   Cursor: 140/354 frames (130 detections)
2026-03-14 10:16:54,922 INFO vex_extract.cursor:   Cursor: 175/354 frames (156 detections)
2026-03-14 10:16:57,319 INFO vex_extract.cursor:   Cursor: 210/354 frames (164 detections)
2026-03-14 10:17:00,103 INFO vex_extract.cursor:   Cursor: 245/354 frames (164 detections)
2026-03-14 10:17:02,315 INFO vex_extract.cursor:   Cursor: 280/354 frames (176 detections)
2026-03-14 10:17:03,990 INFO vex_extract.cursor:   Cursor: 315/354 frames (196 detections)
2026-03-14 10:17:05,201 INFO vex_extract.cursor:   Cursor: 350/354 frames (222 detections)
2026-03-14 10:17:05,255 INFO vex_extract.cursor:   Cursor: 15 active regions identified
2026-03-14 10:17:05,456 INFO vex_extract.cursor:   Cursor: pass 2 — 57 frames at 15.0 FPS [39000ms-43000ms]
2026-03-14 10:17:05,589 INFO vex_extract.cursor:   Cursor: 5/57 frames (5 detections)
2026-03-14 10:17:05,655 INFO vex_extract.cursor:   Cursor: 10/57 frames (10 detections)
2026-03-14 10:17:06,066 INFO vex_extract.cursor:   Cursor: 15/57 frames (10 detections)
2026-03-14 10:17:06,462 INFO vex_extract.cursor:   Cursor: 20/57 frames (10 detections)
2026-03-14 10:17:06,861 INFO vex_extract.cursor:   Cursor: 25/57 frames (10 detections)
2026-03-14 10:17:07,123 INFO vex_extract.cursor:   Cursor: 30/57 frames (13 detections)
2026-03-14 10:17:07,190 INFO vex_extract.cursor:   Cursor: 35/57 frames (18 detections)
2026-03-14 10:17:07,256 INFO vex_extract.cursor:   Cursor: 40/57 frames (23 detections)
2026-03-14 10:17:07,323 INFO vex_extract.cursor:   Cursor: 45/57 frames (28 detections)
2026-03-14 10:17:07,389 INFO vex_extract.cursor:   Cursor: 50/57 frames (33 detections)
2026-03-14 10:17:07,456 INFO vex_extract.cursor:   Cursor: 55/57 frames (38 detections)
2026-03-14 10:17:07,706 INFO vex_extract.cursor:   Cursor: pass 2 — 29 frames at 15.0 FPS [47000ms-49000ms]
2026-03-14 10:17:07,798 INFO vex_extract.cursor:   Cursor: 2/29 frames (2 detections)
2026-03-14 10:17:07,824 INFO vex_extract.cursor:   Cursor: 4/29 frames (4 detections)
2026-03-14 10:17:07,850 INFO vex_extract.cursor:   Cursor: 6/29 frames (6 detections)
2026-03-14 10:17:07,876 INFO vex_extract.cursor:   Cursor: 8/29 frames (8 detections)
2026-03-14 10:17:07,902 INFO vex_extract.cursor:   Cursor: 10/29 frames (10 detections)
2026-03-14 10:17:07,929 INFO vex_extract.cursor:   Cursor: 12/29 frames (12 detections)
2026-03-14 10:17:07,955 INFO vex_extract.cursor:   Cursor: 14/29 frames (14 detections)
2026-03-14 10:17:07,982 INFO vex_extract.cursor:   Cursor: 16/29 frames (16 detections)
2026-03-14 10:17:08,008 INFO vex_extract.cursor:   Cursor: 18/29 frames (18 detections)
2026-03-14 10:17:08,034 INFO vex_extract.cursor:   Cursor: 20/29 frames (20 detections)
2026-03-14 10:17:08,061 INFO vex_extract.cursor:   Cursor: 22/29 frames (22 detections)
2026-03-14 10:17:08,087 INFO vex_extract.cursor:   Cursor: 24/29 frames (24 detections)
2026-03-14 10:17:08,114 INFO vex_extract.cursor:   Cursor: 26/29 frames (26 detections)
2026-03-14 10:17:08,140 INFO vex_extract.cursor:   Cursor: 28/29 frames (28 detections)
2026-03-14 10:17:08,409 INFO vex_extract.cursor:   Cursor: pass 2 — 22 frames at 15.0 FPS [55500ms-57000ms]
2026-03-14 10:17:08,500 INFO vex_extract.cursor:   Cursor: 2/22 frames (2 detections)
2026-03-14 10:17:08,527 INFO vex_extract.cursor:   Cursor: 4/22 frames (4 detections)
2026-03-14 10:17:08,554 INFO vex_extract.cursor:   Cursor: 6/22 frames (6 detections)
2026-03-14 10:17:08,580 INFO vex_extract.cursor:   Cursor: 8/22 frames (8 detections)
2026-03-14 10:17:08,606 INFO vex_extract.cursor:   Cursor: 10/22 frames (10 detections)
2026-03-14 10:17:08,632 INFO vex_extract.cursor:   Cursor: 12/22 frames (12 detections)
2026-03-14 10:17:08,659 INFO vex_extract.cursor:   Cursor: 14/22 frames (14 detections)
2026-03-14 10:17:08,685 INFO vex_extract.cursor:   Cursor: 16/22 frames (16 detections)
2026-03-14 10:17:08,712 INFO vex_extract.cursor:   Cursor: 18/22 frames (18 detections)
2026-03-14 10:17:08,738 INFO vex_extract.cursor:   Cursor: 20/22 frames (20 detections)
2026-03-14 10:17:09,050 INFO vex_extract.cursor:   Cursor: pass 2 — 36 frames at 15.0 FPS [60500ms-63000ms]
2026-03-14 10:17:09,156 INFO vex_extract.cursor:   Cursor: 3/36 frames (3 detections)
2026-03-14 10:17:09,196 INFO vex_extract.cursor:   Cursor: 6/36 frames (6 detections)
2026-03-14 10:17:09,235 INFO vex_extract.cursor:   Cursor: 9/36 frames (9 detections)
2026-03-14 10:17:09,275 INFO vex_extract.cursor:   Cursor: 12/36 frames (12 detections)
2026-03-14 10:17:09,458 INFO vex_extract.cursor:   Cursor: 15/36 frames (13 detections)
2026-03-14 10:17:09,708 INFO vex_extract.cursor:   Cursor: 18/36 frames (14 detections)
2026-03-14 10:17:09,945 INFO vex_extract.cursor:   Cursor: 21/36 frames (14 detections)
2026-03-14 10:17:10,181 INFO vex_extract.cursor:   Cursor: 24/36 frames (14 detections)
2026-03-14 10:17:10,431 INFO vex_extract.cursor:   Cursor: 27/36 frames (16 detections)
2026-03-14 10:17:10,696 INFO vex_extract.cursor:   Cursor: 30/36 frames (17 detections)
2026-03-14 10:17:10,951 INFO vex_extract.cursor:   Cursor: 33/36 frames (18 detections)
2026-03-14 10:17:11,489 INFO vex_extract.cursor:   Cursor: pass 2 — 40 frames at 15.0 FPS [64000ms-67000ms]
2026-03-14 10:17:11,802 INFO vex_extract.cursor:   Cursor: 4/40 frames (0 detections)
2026-03-14 10:17:12,118 INFO vex_extract.cursor:   Cursor: 8/40 frames (0 detections)
2026-03-14 10:17:12,446 INFO vex_extract.cursor:   Cursor: 12/40 frames (2 detections)
2026-03-14 10:17:12,786 INFO vex_extract.cursor:   Cursor: 16/40 frames (3 detections)
2026-03-14 10:17:13,103 INFO vex_extract.cursor:   Cursor: 20/40 frames (3 detections)
2026-03-14 10:17:13,431 INFO vex_extract.cursor:   Cursor: 24/40 frames (4 detections)
2026-03-14 10:17:13,772 INFO vex_extract.cursor:   Cursor: 28/40 frames (6 detections)
2026-03-14 10:17:14,086 INFO vex_extract.cursor:   Cursor: 32/40 frames (6 detections)
2026-03-14 10:17:14,270 INFO vex_extract.cursor:   Cursor: 36/40 frames (9 detections)
2026-03-14 10:17:14,644 INFO vex_extract.cursor:   Cursor: pass 2 — 18 frames at 15.0 FPS [70500ms-72000ms]
2026-03-14 10:17:14,723 INFO vex_extract.cursor:   Cursor: 1/18 frames (1 detections)
2026-03-14 10:17:14,736 INFO vex_extract.cursor:   Cursor: 2/18 frames (2 detections)
2026-03-14 10:17:14,750 INFO vex_extract.cursor:   Cursor: 3/18 frames (3 detections)
2026-03-14 10:17:14,763 INFO vex_extract.cursor:   Cursor: 4/18 frames (4 detections)
2026-03-14 10:17:14,776 INFO vex_extract.cursor:   Cursor: 5/18 frames (5 detections)
2026-03-14 10:17:14,789 INFO vex_extract.cursor:   Cursor: 6/18 frames (6 detections)
2026-03-14 10:17:14,802 INFO vex_extract.cursor:   Cursor: 7/18 frames (7 detections)
2026-03-14 10:17:14,816 INFO vex_extract.cursor:   Cursor: 8/18 frames (8 detections)
2026-03-14 10:17:14,829 INFO vex_extract.cursor:   Cursor: 9/18 frames (9 detections)
2026-03-14 10:17:14,842 INFO vex_extract.cursor:   Cursor: 10/18 frames (10 detections)
2026-03-14 10:17:14,856 INFO vex_extract.cursor:   Cursor: 11/18 frames (11 detections)
2026-03-14 10:17:14,869 INFO vex_extract.cursor:   Cursor: 12/18 frames (12 detections)
2026-03-14 10:17:14,883 INFO vex_extract.cursor:   Cursor: 13/18 frames (13 detections)
2026-03-14 10:17:14,896 INFO vex_extract.cursor:   Cursor: 14/18 frames (14 detections)
2026-03-14 10:17:14,910 INFO vex_extract.cursor:   Cursor: 15/18 frames (15 detections)
2026-03-14 10:17:14,923 INFO vex_extract.cursor:   Cursor: 16/18 frames (16 detections)
2026-03-14 10:17:14,937 INFO vex_extract.cursor:   Cursor: 17/18 frames (17 detections)
2026-03-14 10:17:15,333 INFO vex_extract.cursor:   Cursor: pass 2 — 66 frames at 15.0 FPS [74500ms-80000ms]
2026-03-14 10:17:15,477 INFO vex_extract.cursor:   Cursor: 6/66 frames (6 detections)
2026-03-14 10:17:15,555 INFO vex_extract.cursor:   Cursor: 12/66 frames (12 detections)
2026-03-14 10:17:16,046 INFO vex_extract.cursor:   Cursor: 18/66 frames (12 detections)
2026-03-14 10:17:16,521 INFO vex_extract.cursor:   Cursor: 24/66 frames (12 detections)
2026-03-14 10:17:16,995 INFO vex_extract.cursor:   Cursor: 30/66 frames (12 detections)
2026-03-14 10:17:17,469 INFO vex_extract.cursor:   Cursor: 36/66 frames (12 detections)
2026-03-14 10:17:17,943 INFO vex_extract.cursor:   Cursor: 42/66 frames (12 detections)
2026-03-14 10:17:18,416 INFO vex_extract.cursor:   Cursor: 48/66 frames (12 detections)
2026-03-14 10:17:18,760 INFO vex_extract.cursor:   Cursor: 54/66 frames (15 detections)
2026-03-14 10:17:18,839 INFO vex_extract.cursor:   Cursor: 60/66 frames (21 detections)
2026-03-14 10:17:19,432 INFO vex_extract.cursor:   Cursor: pass 2 — 174 frames at 15.0 FPS [82500ms-97000ms]
2026-03-14 10:17:19,720 INFO vex_extract.cursor:   Cursor: 17/174 frames (17 detections)
2026-03-14 10:17:20,680 INFO vex_extract.cursor:   Cursor: 34/174 frames (23 detections)
2026-03-14 10:17:21,036 INFO vex_extract.cursor:   Cursor: 51/174 frames (39 detections)
2026-03-14 10:17:22,174 INFO vex_extract.cursor:   Cursor: 68/174 frames (47 detections)
2026-03-14 10:17:23,560 INFO vex_extract.cursor:   Cursor: 85/174 frames (48 detections)
2026-03-14 10:17:24,909 INFO vex_extract.cursor:   Cursor: 102/174 frames (48 detections)
2026-03-14 10:17:26,262 INFO vex_extract.cursor:   Cursor: 119/174 frames (48 detections)
2026-03-14 10:17:27,609 INFO vex_extract.cursor:   Cursor: 136/174 frames (48 detections)
2026-03-14 10:17:28,960 INFO vex_extract.cursor:   Cursor: 153/174 frames (48 detections)
2026-03-14 10:17:30,183 INFO vex_extract.cursor:   Cursor: 170/174 frames (51 detections)
2026-03-14 10:17:30,986 INFO vex_extract.cursor:   Cursor: pass 2 — 366 frames at 15.0 FPS [99000ms-129500ms]
2026-03-14 10:17:33,305 INFO vex_extract.cursor:   Cursor: 36/366 frames (13 detections)
2026-03-14 10:17:36,176 INFO vex_extract.cursor:   Cursor: 72/366 frames (14 detections)
2026-03-14 10:17:39,041 INFO vex_extract.cursor:   Cursor: 108/366 frames (14 detections)
2026-03-14 10:17:41,920 INFO vex_extract.cursor:   Cursor: 144/366 frames (14 detections)
2026-03-14 10:17:44,797 INFO vex_extract.cursor:   Cursor: 180/366 frames (14 detections)
2026-03-14 10:17:47,605 INFO vex_extract.cursor:   Cursor: 216/366 frames (16 detections)
2026-03-14 10:17:50,470 INFO vex_extract.cursor:   Cursor: 252/366 frames (16 detections)
2026-03-14 10:17:53,339 INFO vex_extract.cursor:   Cursor: 288/366 frames (16 detections)
2026-03-14 10:17:56,187 INFO vex_extract.cursor:   Cursor: 324/366 frames (16 detections)
2026-03-14 10:17:58,789 INFO vex_extract.cursor:   Cursor: 360/366 frames (22 detections)
2026-03-14 10:17:59,540 INFO vex_extract.cursor:   Cursor: pass 2 — 68 frames at 15.0 FPS [131500ms-136000ms]
2026-03-14 10:17:59,686 INFO vex_extract.cursor:   Cursor: 6/68 frames (6 detections)
2026-03-14 10:17:59,845 INFO vex_extract.cursor:   Cursor: 12/68 frames (11 detections)
2026-03-14 10:18:00,322 INFO vex_extract.cursor:   Cursor: 18/68 frames (11 detections)
2026-03-14 10:18:00,468 INFO vex_extract.cursor:   Cursor: 24/68 frames (17 detections)
2026-03-14 10:18:00,829 INFO vex_extract.cursor:   Cursor: 30/68 frames (19 detections)
2026-03-14 10:18:01,304 INFO vex_extract.cursor:   Cursor: 36/68 frames (19 detections)
2026-03-14 10:18:01,779 INFO vex_extract.cursor:   Cursor: 42/68 frames (19 detections)
2026-03-14 10:18:02,255 INFO vex_extract.cursor:   Cursor: 48/68 frames (19 detections)
2026-03-14 10:18:02,732 INFO vex_extract.cursor:   Cursor: 54/68 frames (19 detections)
2026-03-14 10:18:03,076 INFO vex_extract.cursor:   Cursor: 60/68 frames (22 detections)
2026-03-14 10:18:03,155 INFO vex_extract.cursor:   Cursor: 66/68 frames (28 detections)
2026-03-14 10:18:03,901 INFO vex_extract.cursor:   Cursor: pass 2 — 143 frames at 15.0 FPS [136500ms-146000ms]
2026-03-14 10:18:04,574 INFO vex_extract.cursor:   Cursor: 14/143 frames (9 detections)
2026-03-14 10:18:05,683 INFO vex_extract.cursor:   Cursor: 28/143 frames (9 detections)
2026-03-14 10:18:06,792 INFO vex_extract.cursor:   Cursor: 42/143 frames (9 detections)
2026-03-14 10:18:07,901 INFO vex_extract.cursor:   Cursor: 56/143 frames (9 detections)
2026-03-14 10:18:09,011 INFO vex_extract.cursor:   Cursor: 70/143 frames (9 detections)
2026-03-14 10:18:10,118 INFO vex_extract.cursor:   Cursor: 84/143 frames (9 detections)
2026-03-14 10:18:11,225 INFO vex_extract.cursor:   Cursor: 98/143 frames (9 detections)
2026-03-14 10:18:12,329 INFO vex_extract.cursor:   Cursor: 112/143 frames (9 detections)
2026-03-14 10:18:13,438 INFO vex_extract.cursor:   Cursor: 126/143 frames (9 detections)
2026-03-14 10:18:14,219 INFO vex_extract.cursor:   Cursor: 140/143 frames (15 detections)
2026-03-14 10:18:14,963 INFO vex_extract.cursor:   Cursor: pass 2 — 38 frames at 15.0 FPS [149000ms-151500ms]
2026-03-14 10:18:15,068 INFO vex_extract.cursor:   Cursor: 3/38 frames (3 detections)
2026-03-14 10:18:15,253 INFO vex_extract.cursor:   Cursor: 6/38 frames (5 detections)
2026-03-14 10:18:15,294 INFO vex_extract.cursor:   Cursor: 9/38 frames (8 detections)
2026-03-14 10:18:15,545 INFO vex_extract.cursor:   Cursor: 12/38 frames (8 detections)
2026-03-14 10:18:15,716 INFO vex_extract.cursor:   Cursor: 15/38 frames (10 detections)
2026-03-14 10:18:15,756 INFO vex_extract.cursor:   Cursor: 18/38 frames (13 detections)
2026-03-14 10:18:15,796 INFO vex_extract.cursor:   Cursor: 21/38 frames (16 detections)
2026-03-14 10:18:15,837 INFO vex_extract.cursor:   Cursor: 24/38 frames (19 detections)
2026-03-14 10:18:15,877 INFO vex_extract.cursor:   Cursor: 27/38 frames (22 detections)
2026-03-14 10:18:15,917 INFO vex_extract.cursor:   Cursor: 30/38 frames (25 detections)
2026-03-14 10:18:15,958 INFO vex_extract.cursor:   Cursor: 33/38 frames (28 detections)
2026-03-14 10:18:15,998 INFO vex_extract.cursor:   Cursor: 36/38 frames (31 detections)
2026-03-14 10:18:16,762 INFO vex_extract.cursor:   Cursor: pass 2 — 61 frames at 15.0 FPS [152000ms-156000ms]
2026-03-14 10:18:16,908 INFO vex_extract.cursor:   Cursor: 6/61 frames (6 detections)
2026-03-14 10:18:17,132 INFO vex_extract.cursor:   Cursor: 12/61 frames (10 detections)
2026-03-14 10:18:17,609 INFO vex_extract.cursor:   Cursor: 18/61 frames (10 detections)
2026-03-14 10:18:17,980 INFO vex_extract.cursor:   Cursor: 24/61 frames (14 detections)
2026-03-14 10:18:18,459 INFO vex_extract.cursor:   Cursor: 30/61 frames (14 detections)
2026-03-14 10:18:18,939 INFO vex_extract.cursor:   Cursor: 36/61 frames (14 detections)
2026-03-14 10:18:19,415 INFO vex_extract.cursor:   Cursor: 42/61 frames (14 detections)
2026-03-14 10:18:19,892 INFO vex_extract.cursor:   Cursor: 48/61 frames (15 detections)
2026-03-14 10:18:20,118 INFO vex_extract.cursor:   Cursor: 54/61 frames (20 detections)
2026-03-14 10:18:20,198 INFO vex_extract.cursor:   Cursor: 60/61 frames (26 detections)
2026-03-14 10:18:21,021 INFO vex_extract.cursor:   Cursor: pass 2 — 106 frames at 15.0 FPS [156500ms-163500ms]
2026-03-14 10:18:21,220 INFO vex_extract.cursor:   Cursor: 10/106 frames (10 detections)
2026-03-14 10:18:21,762 INFO vex_extract.cursor:   Cursor: 20/106 frames (14 detections)
2026-03-14 10:18:22,158 INFO vex_extract.cursor:   Cursor: 30/106 frames (21 detections)
2026-03-14 10:18:22,895 INFO vex_extract.cursor:   Cursor: 40/106 frames (22 detections)
2026-03-14 10:18:23,687 INFO vex_extract.cursor:   Cursor: 50/106 frames (22 detections)
2026-03-14 10:18:24,480 INFO vex_extract.cursor:   Cursor: 60/106 frames (22 detections)
2026-03-14 10:18:25,273 INFO vex_extract.cursor:   Cursor: 70/106 frames (22 detections)
2026-03-14 10:18:26,063 INFO vex_extract.cursor:   Cursor: 80/106 frames (22 detections)
2026-03-14 10:18:26,853 INFO vex_extract.cursor:   Cursor: 90/106 frames (22 detections)
2026-03-14 10:18:27,182 INFO vex_extract.cursor:   Cursor: 100/106 frames (30 detections)
2026-03-14 10:18:28,050 INFO vex_extract.cursor:   Cursor: pass 2 — 46 frames at 15.0 FPS [169000ms-172000ms]
2026-03-14 10:18:28,169 INFO vex_extract.cursor:   Cursor: 4/46 frames (4 detections)
2026-03-14 10:18:28,223 INFO vex_extract.cursor:   Cursor: 8/46 frames (8 detections)
2026-03-14 10:18:28,276 INFO vex_extract.cursor:   Cursor: 12/46 frames (12 detections)
2026-03-14 10:18:28,329 INFO vex_extract.cursor:   Cursor: 16/46 frames (16 detections)
2026-03-14 10:18:28,382 INFO vex_extract.cursor:   Cursor: 20/46 frames (20 detections)
2026-03-14 10:18:28,436 INFO vex_extract.cursor:   Cursor: 24/46 frames (24 detections)
2026-03-14 10:18:28,490 INFO vex_extract.cursor:   Cursor: 28/46 frames (28 detections)
2026-03-14 10:18:28,544 INFO vex_extract.cursor:   Cursor: 32/46 frames (32 detections)
2026-03-14 10:18:28,599 INFO vex_extract.cursor:   Cursor: 36/46 frames (36 detections)
2026-03-14 10:18:28,653 INFO vex_extract.cursor:   Cursor: 40/46 frames (40 detections)
2026-03-14 10:18:28,706 INFO vex_extract.cursor:   Cursor: 44/46 frames (44 detections)
2026-03-14 10:18:28,733 INFO vex_extract.cursor:   Cursor: merged 1418 detections (587 detected)
2026-03-14 10:18:28,734 INFO vex_extract.pipeline:   1418 cursor detections (587 detected)
2026-03-14 10:18:28,737 INFO vex_extract.pipeline: Step 3: Computing optical flow...
2026-03-14 10:18:29,761 INFO vex_extract.flow:   Flow: computing across 353 frame pairs...
2026-03-14 10:18:31,080 INFO vex_extract.pipeline:   352 flow windows
2026-03-14 10:18:31,081 INFO vex_extract.pipeline: Step 4: Creating video segments...
2026-03-14 10:18:31,081 INFO vex_extract.pipeline:   3 segments
2026-03-14 10:18:31,156 INFO vex_extract.pipeline:   Segment 0: extracted 64.0s [0-63955 ms]
2026-03-14 10:18:31,196 INFO vex_extract.pipeline:   Segment 1: extracted 69.0s [53955-122911 ms]
2026-03-14 10:18:31,235 INFO vex_extract.pipeline:   Segment 2: extracted 64.0s [112911-176866 ms]
2026-03-14 10:18:31,235 INFO vex_extract.pipeline: Stopped after: segment
